Seq Scan on voter_2  (cost=0.00..9980.58 rows=44052 width=4)
Seq Scan on voter_2  (cost=0.00..9980.58 rows=109066 width=4)
Seq Scan on voter_2  (cost=0.00..9980.58 rows=37651 width=4)
Seq Scan on voter_2  (cost=0.00..9980.58 rows=34853 width=4)
Seq Scan on voter_2  (cost=0.00..9980.58 rows=109066 width=4)
Seq Scan on voter_2  (cost=0.00..9980.58 rows=73074 width=4)
Seq Scan on voter_2  (cost=0.00..9980.58 rows=34853 width=4)
Seq Scan on voter_2  (cost=0.00..9980.58 rows=44052 width=4)
Nested Loop  (cost=1000.00..84116.92 rows=58092 width=3)
Nested Loop  (cost=1000.00..80399.47 rows=24297 width=3)
Nested Loop  (cost=1000.00..78990.15 rows=11485 width=3)
Nested Loop  (cost=1000.00..78990.15 rows=11485 width=3)
Nested Loop  (cost=1000.00..80982.58 rows=29598 width=3)
Nested Loop  (cost=1000.00..78990.15 rows=11485 width=3)
Nested Loop  (cost=1000.00..78990.15 rows=11485 width=3)
Seq Scan on voter_2  (cost=0.00..9980.58 rows=37517 width=4)
Seq Scan on voter_2  (cost=0.00..9980.58 rows=32474 width=4)
Seq Scan on voter_2  (cost=0.00..9980.58 rows=109066 width=4)
Nested Loop  (cost=1000.00..81905.92 rows=37992 width=3)
Nested Loop  (cost=1000.00..80691.08 rows=26948 width=3)
Nested Loop  (cost=1000.00..78990.15 rows=11485 width=3)
Nested Loop  (cost=1000.00..78990.15 rows=11485 width=3)
Seq Scan on voter_2  (cost=0.00..9980.58 rows=37517 width=4)
Nested Loop  (cost=1000.00..82318.97 rows=41747 width=3)
Seq Scan on voter_2  (cost=0.00..9980.58 rows=109066 width=4)
Nested Loop  (cost=1000.00..81201.26 rows=31586 width=3)
Seq Scan on voter_2  (cost=0.00..9980.58 rows=37651 width=4)
Nested Loop  (cost=1000.00..82756.33 rows=45723 width=3)
Seq Scan on voter_2  (cost=0.00..9980.58 rows=34853 width=4)
Nested Loop  (cost=1000.00..80836.83 rows=28273 width=3)
Seq Scan on voter_2  (cost=0.00..9980.58 rows=44052 width=4)
Seq Scan on voter_2  (cost=0.00..9980.58 rows=109066 width=4)
Seq Scan on voter_2  (cost=0.00..9980.58 rows=37651 width=4)
Nested Loop  (cost=1000.00..78990.15 rows=11485 width=3)
Nested Loop  (cost=1000.00..78990.15 rows=11485 width=3)
Nested Loop  (cost=1000.00..82756.33 rows=45723 width=3)
Seq Scan on voter_2  (cost=0.00..9980.58 rows=109066 width=4)
Seq Scan on voter_2  (cost=0.00..9980.58 rows=37517 width=4)
Seq Scan on voter_2  (cost=0.00..9980.58 rows=73074 width=4)
Seq Scan on voter_2  (cost=0.00..9980.58 rows=37651 width=4)
Seq Scan on voter_2  (cost=0.00..9980.58 rows=109066 width=4)
Seq Scan on voter_2  (cost=0.00..9980.58 rows=34183 width=4)
Seq Scan on voter_2  (cost=0.00..9980.58 rows=34853 width=4)
Seq Scan on voter_2  (cost=0.00..9980.58 rows=73074 width=4)
Nested Loop  (cost=1000.00..78990.15 rows=11485 width=3)
Nested Loop  (cost=1000.00..82246.04 rows=41084 width=3)
Nested Loop  (cost=1000.00..78990.15 rows=11485 width=3)
Nested Loop  (cost=1000.00..78990.15 rows=11485 width=3)
Nested Loop  (cost=1000.00..78990.15 rows=11485 width=3)
Seq Scan on voter_2  (cost=0.00..9980.58 rows=73074 width=4)
Nested Loop  (cost=1000.00..78990.15 rows=11485 width=3)
Seq Scan on voter_2  (cost=0.00..9980.58 rows=73074 width=4)
Seq Scan on voter_2  (cost=0.00..9980.58 rows=34183 width=4)
Nested Loop  (cost=1000.00..82416.10 rows=42630 width=3)
Seq Scan on voter_2  (cost=0.00..9980.58 rows=73074 width=4)
Nested Loop  (cost=1000.00..78990.15 rows=11485 width=3)
Nested Loop  (cost=1000.00..78990.15 rows=11485 width=3)
Nested Loop  (cost=1000.00..78990.15 rows=11485 width=3)
Seq Scan on voter_2  (cost=0.00..9980.58 rows=37517 width=4)
Nested Loop  (cost=1000.00..78990.15 rows=11485 width=3)
Nested Loop  (cost=1000.00..78990.15 rows=11485 width=3)
Nested Loop  (cost=1000.00..82318.97 rows=41747 width=3)
Seq Scan on voter_2  (cost=0.00..9980.58 rows=73074 width=4)
Nested Loop  (cost=1000.00..78990.15 rows=11485 width=3)
Seq Scan on voter_2  (cost=0.00..9980.58 rows=31351 width=4)
Seq Scan on voter_2  (cost=0.00..9980.58 rows=44052 width=4)
Seq Scan on voter_2  (cost=0.00..9980.58 rows=32658 width=4)
Nested Loop  (cost=1000.00..81104.13 rows=30703 width=3)
Seq Scan on voter_2  (cost=0.00..9980.58 rows=109066 width=4)
Nested Loop  (cost=1000.00..78990.15 rows=11485 width=3)
Seq Scan on voter_2  (cost=0.00..9980.58 rows=35808 width=4)
Seq Scan on voter_2  (cost=0.00..9980.58 rows=37517 width=4)
Nested Loop  (cost=1000.00..84116.92 rows=58092 width=3)
Seq Scan on voter_2  (cost=0.00..9980.58 rows=109066 width=4)
Seq Scan on voter_2  (cost=0.00..9980.58 rows=32474 width=4)
Seq Scan on voter_2  (cost=0.00..9980.58 rows=37651 width=4)
Nested Loop  (cost=1000.00..84529.97 rows=61847 width=3)
Seq Scan on voter_2  (cost=0.00..9980.58 rows=32474 width=4)
Nested Loop  (cost=1000.00..78990.15 rows=11485 width=3)
Seq Scan on voter_2  (cost=0.00..9980.58 rows=37517 width=4)
Nested Loop  (cost=1000.00..78990.15 rows=11485 width=3)
Nested Loop  (cost=1000.00..78990.15 rows=11485 width=3)
Nested Loop  (cost=1000.00..78990.15 rows=11485 width=3)
Nested Loop  (cost=1000.00..80788.21 rows=27831 width=3)
Nested Loop  (cost=1000.00..78990.15 rows=11485 width=3)
Nested Loop  (cost=1000.00..84481.46 rows=61406 width=3)
Seq Scan on voter_2  (cost=0.00..9980.58 rows=109066 width=4)
Seq Scan on voter_2  (cost=0.00..9980.58 rows=37651 width=4)
Seq Scan on voter_2  (cost=0.00..9980.58 rows=37651 width=4)
Nested Loop  (cost=1000.00..78990.15 rows=11485 width=3)
Seq Scan on voter_2  (cost=0.00..9980.58 rows=109066 width=4)
Nested Loop  (cost=1000.00..78990.15 rows=11485 width=3)
Nested Loop  (cost=1000.00..78990.15 rows=11485 width=3)
Seq Scan on voter_2  (cost=0.00..9980.58 rows=109066 width=4)
Nested Loop  (cost=1000.00..82100.29 rows=39759 width=3)
Nested Loop  (cost=1000.00..78990.15 rows=11485 width=3)
Seq Scan on voter_2  (cost=0.00..9980.58 rows=37651 width=4)
Seq Scan on voter_2  (cost=0.00..9980.58 rows=37517 width=4)
Seq Scan on voter_2  (cost=0.00..9980.58 rows=44052 width=4)
Seq Scan on voter_2  (cost=0.00..9980.58 rows=32474 width=4)
Nested Loop  (cost=1000.00..78990.15 rows=11485 width=3)
Seq Scan on voter_2  (cost=0.00..9980.58 rows=109066 width=4)
Nested Loop  (cost=1000.00..78990.15 rows=11485 width=3)
Nested Loop  (cost=1000.00..78990.15 rows=11485 width=3)
Seq Scan on voter_2  (cost=0.00..9980.58 rows=32658 width=4)
Nested Loop  (cost=1000.00..78990.15 rows=11485 width=3)
Nested Loop  (cost=1000.00..82003.05 rows=38875 width=3)
Seq Scan on voter_2  (cost=0.00..9980.58 rows=37651 width=4)
Seq Scan on voter_2  (cost=0.00..9980.58 rows=35808 width=4)
Nested Loop  (cost=1000.00..78990.15 rows=11485 width=3)
Seq Scan on voter_2  (cost=0.00..9980.58 rows=44052 width=4)
Nested Loop  (cost=1000.00..81371.32 rows=33132 width=3)
Seq Scan on voter_2  (cost=0.00..9980.58 rows=109066 width=4)
Seq Scan on voter_2  (cost=0.00..9980.58 rows=32474 width=4)
Nested Loop  (cost=1000.00..84019.79 rows=57209 width=3)
Seq Scan on voter_2  (cost=0.00..9980.58 rows=109066 width=4)
Seq Scan on voter_2  (cost=0.00..9980.58 rows=37651 width=4)
Nested Loop  (cost=1000.00..82756.33 rows=45723 width=3)
Seq Scan on voter_2  (cost=0.00..9980.58 rows=109066 width=4)
Nested Loop  (cost=1000.00..82367.59 rows=42189 width=3)
Nested Loop  (cost=1000.00..78990.15 rows=11485 width=3)
Nested Loop  (cost=1000.00..78990.15 rows=11485 width=3)
Seq Scan on voter_2  (cost=0.00..9980.58 rows=37517 width=4)
Nested Loop  (cost=1000.00..78990.15 rows=11485 width=3)
Seq Scan on voter_2  (cost=0.00..9980.58 rows=34853 width=4)
Nested Loop  (cost=1000.00..78990.15 rows=11485 width=3)
Seq Scan on voter_2  (cost=0.00..9980.58 rows=35808 width=4)
Nested Loop  (cost=1000.00..78990.15 rows=11485 width=3)
Seq Scan on voter_2  (cost=0.00..9980.58 rows=44052 width=4)
Nested Loop  (cost=1000.00..78990.15 rows=11485 width=3)
Nested Loop  (cost=1000.00..82294.66 rows=41526 width=3)
Seq Scan on voter_2  (cost=0.00..9980.58 rows=34183 width=4)
Seq Scan on voter_2  (cost=0.00..9980.58 rows=109066 width=4)
Seq Scan on voter_2  (cost=0.00..9980.58 rows=44052 width=4)
Nested Loop  (cost=1000.00..84262.78 rows=59418 width=3)
Nested Loop  (cost=1000.00..78990.15 rows=11485 width=3)
Seq Scan on voter_2  (cost=0.00..9980.58 rows=31351 width=4)
Seq Scan on voter_2  (cost=0.00..9980.58 rows=73074 width=4)
Seq Scan on voter_2  (cost=0.00..9980.58 rows=35808 width=4)
Seq Scan on voter_2  (cost=0.00..9980.58 rows=44052 width=4)
Nested Loop  (cost=1000.00..80496.71 rows=25181 width=3)
Seq Scan on voter_2  (cost=0.00..9980.58 rows=32474 width=4)
Nested Loop  (cost=1000.00..78990.15 rows=11485 width=3)
Nested Loop  (cost=1000.00..84238.47 rows=59197 width=3)
Nested Loop  (cost=1000.00..80399.47 rows=24297 width=3)
Nested Loop  (cost=1000.00..78990.15 rows=11485 width=3)
Nested Loop  (cost=1000.00..78990.15 rows=11485 width=3)
Seq Scan on voter_2  (cost=0.00..9980.58 rows=109066 width=4)
Nested Loop  (cost=1000.00..80593.84 rows=26064 width=3)
Seq Scan on voter_2  (cost=0.00..9980.58 rows=109066 width=4)
Seq Scan on voter_2  (cost=0.00..9980.58 rows=34183 width=4)
Seq Scan on voter_2  (cost=0.00..9980.58 rows=109066 width=4)
Seq Scan on voter_2  (cost=0.00..9980.58 rows=44052 width=4)
Seq Scan on voter_2  (cost=0.00..9980.58 rows=34853 width=4)
Seq Scan on voter_2  (cost=0.00..9980.58 rows=73074 width=4)
Nested Loop  (cost=1000.00..78990.15 rows=11485 width=3)
Nested Loop  (cost=1000.00..84238.47 rows=59197 width=3)
Seq Scan on voter_2  (cost=0.00..9980.58 rows=73074 width=4)
Nested Loop  (cost=1000.00..78990.15 rows=11485 width=3)
Nested Loop  (cost=1000.00..78990.15 rows=11485 width=3)
Nested Loop  (cost=1000.00..78990.15 rows=11485 width=3)
Seq Scan on voter_2  (cost=0.00..9980.58 rows=31351 width=4)
Seq Scan on voter_2  (cost=0.00..9980.58 rows=32658 width=4)
Nested Loop  (cost=1000.00..78990.15 rows=11485 width=3)
Nested Loop  (cost=1000.00..84092.61 rows=57871 width=3)
Seq Scan on voter_2  (cost=0.00..9980.58 rows=31351 width=4)
Nested Loop  (cost=1000.00..78990.15 rows=11485 width=3)
Seq Scan on voter_2  (cost=0.00..9980.58 rows=37651 width=4)
Nested Loop  (cost=1000.00..78990.15 rows=11485 width=3)
Nested Loop  (cost=1000.00..78990.15 rows=11485 width=3)
Nested Loop  (cost=1000.00..82610.58 rows=44398 width=3)
Nested Loop  (cost=1000.00..78990.15 rows=11485 width=3)
Seq Scan on voter_2  (cost=0.00..9980.58 rows=32658 width=4)
Seq Scan on voter_2  (cost=0.00..9980.58 rows=32474 width=4)
Seq Scan on voter_2  (cost=0.00..9980.58 rows=73074 width=4)
Seq Scan on voter_2  (cost=0.00..9980.58 rows=73074 width=4)
Nested Loop  (cost=1000.00..78990.15 rows=11485 width=3)
Seq Scan on voter_2  (cost=0.00..9980.58 rows=44052 width=4)
Nested Loop  (cost=1000.00..81347.12 rows=32912 width=3)
Seq Scan on voter_2  (cost=0.00..9980.58 rows=109066 width=4)
Nested Loop  (cost=1000.00..78990.15 rows=11485 width=3)
Seq Scan on voter_2  (cost=0.00..9980.58 rows=34183 width=4)
Seq Scan on voter_2  (cost=0.00..9980.58 rows=109066 width=4)
Seq Scan on voter_2  (cost=0.00..9980.58 rows=109066 width=4)
Nested Loop  (cost=1000.00..81055.51 rows=30261 width=3)
Nested Loop  (cost=1000.00..78990.15 rows=11485 width=3)
Seq Scan on voter_2  (cost=0.00..9980.58 rows=34853 width=4)
Nested Loop  (cost=1000.00..78990.15 rows=11485 width=3)
Nested Loop  (cost=1000.00..78990.15 rows=11485 width=3)
Nested Loop  (cost=1000.00..78990.15 rows=11485 width=3)
Nested Loop  (cost=1000.00..78990.15 rows=11485 width=3)
Seq Scan on voter_2  (cost=0.00..9980.58 rows=32474 width=4)
Nested Loop  (cost=1000.00..78990.15 rows=11485 width=3)
Nested Loop  (cost=1000.00..78990.15 rows=11485 width=3)
Seq Scan on voter_2  (cost=0.00..9980.58 rows=32658 width=4)
Nested Loop  (cost=1000.00..78990.15 rows=11485 width=3)
Seq Scan on voter_2  (cost=0.00..9980.58 rows=73074 width=4)
Seq Scan on voter_2  (cost=0.00..9980.58 rows=37651 width=4)
Seq Scan on voter_2  (cost=0.00..9980.58 rows=37517 width=4)
Seq Scan on voter_2  (cost=0.00..9980.58 rows=34183 width=4)
Seq Scan on voter_2  (cost=0.00..9980.58 rows=31351 width=4)
Nested Loop  (cost=1000.00..82756.33 rows=45723 width=3)
Seq Scan on voter_2  (cost=0.00..9980.58 rows=73074 width=4)
Nested Loop  (cost=1000.00..82489.03 rows=43293 width=3)
Nested Loop  (cost=1000.00..78990.15 rows=11485 width=3)
Seq Scan on voter_2  (cost=0.00..9980.58 rows=73074 width=4)
Nested Loop  (cost=1000.00..78990.15 rows=11485 width=3)
Seq Scan on voter_2  (cost=0.00..9980.58 rows=73074 width=4)
Seq Scan on voter_2  (cost=0.00..9980.58 rows=32658 width=4)
Nested Loop  (cost=1000.00..78990.15 rows=11485 width=3)
Seq Scan on voter_2  (cost=0.00..9980.58 rows=109066 width=4)
Nested Loop  (cost=1000.00..78990.15 rows=11485 width=3)
Nested Loop  (cost=1000.00..84457.15 rows=61185 width=3)
Nested Loop  (cost=1000.00..81371.32 rows=33132 width=3)
Nested Loop  (cost=1000.00..78990.15 rows=11485 width=3)
Nested Loop  (cost=1000.00..78990.15 rows=11485 width=3)
Seq Scan on voter_2  (cost=0.00..9980.58 rows=73074 width=4)
Seq Scan on voter_2  (cost=0.00..9980.58 rows=73074 width=4)
Seq Scan on voter_2  (cost=0.00..9980.58 rows=37517 width=4)
Seq Scan on voter_2  (cost=0.00..9980.58 rows=37517 width=4)
Seq Scan on voter_2  (cost=0.00..9980.58 rows=37651 width=4)
Nested Loop  (cost=1000.00..78990.15 rows=11485 width=3)
Seq Scan on voter_2  (cost=0.00..9980.58 rows=37651 width=4)
Nested Loop  (cost=1000.00..82586.27 rows=44177 width=3)
Nested Loop  (cost=1000.00..81905.92 rows=37992 width=3)
Seq Scan on voter_2  (cost=0.00..9980.58 rows=32474 width=4)
Nested Loop  (cost=1000.00..78990.15 rows=11485 width=3)
Nested Loop  (cost=1000.00..84262.78 rows=59418 width=3)
Seq Scan on voter_2  (cost=0.00..9980.58 rows=44052 width=4)
Seq Scan on voter_2  (cost=0.00..9980.58 rows=109066 width=4)
Seq Scan on voter_2  (cost=0.00..9980.58 rows=32658 width=4)
Seq Scan on voter_2  (cost=0.00..9980.58 rows=32658 width=4)
Nested Loop  (cost=1000.00..78990.15 rows=11485 width=3)
Nested Loop  (cost=1000.00..78990.15 rows=11485 width=3)
Nested Loop  (cost=1000.00..78990.15 rows=11485 width=3)
Nested Loop  (cost=1000.00..80448.09 rows=24739 width=3)
Nested Loop  (cost=1000.00..83120.76 rows=49036 width=3)
Seq Scan on voter_2  (cost=0.00..9980.58 rows=44052 width=4)
Nested Loop  (cost=1000.00..84092.61 rows=57871 width=3)
Nested Loop  (cost=1000.00..81614.31 rows=35341 width=3)
Seq Scan on voter_2  (cost=0.00..9980.58 rows=37517 width=4)
Seq Scan on voter_2  (cost=0.00..9980.58 rows=32474 width=4)
Seq Scan on voter_2  (cost=0.00..9980.58 rows=32474 width=4)
Seq Scan on voter_2  (cost=0.00..9980.58 rows=32474 width=4)
Seq Scan on voter_2  (cost=0.00..9980.58 rows=37517 width=4)
Nested Loop  (cost=1000.00..78990.15 rows=11485 width=3)
Seq Scan on voter_2  (cost=0.00..9980.58 rows=109066 width=4)
Nested Loop  (cost=1000.00..78990.15 rows=11485 width=3)
Nested Loop  (cost=1000.00..78990.15 rows=11485 width=3)
Nested Loop  (cost=1000.00..78990.15 rows=11485 width=3)
Seq Scan on voter_2  (cost=0.00..9980.58 rows=109066 width=4)
Seq Scan on voter_2  (cost=0.00..9980.58 rows=44052 width=4)
Nested Loop  (cost=1000.00..78990.15 rows=11485 width=3)
Nested Loop  (cost=1000.00..84116.92 rows=58092 width=3)
Seq Scan on voter_2  (cost=0.00..9980.58 rows=32658 width=4)
Seq Scan on voter_2  (cost=0.00..9980.58 rows=31351 width=4)
Seq Scan on voter_2  (cost=0.00..9980.58 rows=34853 width=4)
Nested Loop  (cost=1000.00..78990.15 rows=11485 width=3)
Nested Loop  (cost=1000.00..78990.15 rows=11485 width=3)
Seq Scan on voter_2  (cost=0.00..9980.58 rows=109066 width=4)
Nested Loop  (cost=1000.00..80861.14 rows=28494 width=3)
Nested Loop  (cost=1000.00..78990.15 rows=11485 width=3)
Seq Scan on voter_2  (cost=0.00..9980.58 rows=109066 width=4)
Nested Loop  (cost=1000.00..80593.84 rows=26064 width=3)
Nested Loop  (cost=1000.00..82829.15 rows=46385 width=3)
Seq Scan on voter_2  (cost=0.00..9980.58 rows=37651 width=4)
Gather  (cost=1000.00..7315.26 rows=1 width=4)
Seq Scan on voter_2  (cost=0.00..9980.58 rows=32658 width=4)
Nested Loop  (cost=1000.00..78990.15 rows=11485 width=3)
Seq Scan on voter_2  (cost=0.00..9980.58 rows=32474 width=4)
Seq Scan on voter_2  (cost=0.00..9980.58 rows=32474 width=4)
Seq Scan on voter_2  (cost=0.00..9980.58 rows=32474 width=4)
Nested Loop  (cost=1000.00..84092.61 rows=57871 width=3)
Seq Scan on voter_2  (cost=0.00..9980.58 rows=31351 width=4)
Nested Loop  (cost=1000.00..78990.15 rows=11485 width=3)
Nested Loop  (cost=1000.00..82367.59 rows=42189 width=3)
Nested Loop  (cost=1000.00..81347.12 rows=32912 width=3)
Nested Loop  (cost=1000.00..78990.15 rows=11485 width=3)
Seq Scan on voter_2  (cost=0.00..9980.58 rows=73074 width=4)
Seq Scan on voter_2  (cost=0.00..9980.58 rows=109066 width=4)
Seq Scan on voter_2  (cost=0.00..9980.58 rows=37651 width=4)
Seq Scan on voter_2  (cost=0.00..9980.58 rows=109066 width=4)
Nested Loop  (cost=1000.00..81347.12 rows=32912 width=3)
Nested Loop  (cost=1000.00..78990.15 rows=11485 width=3)
Seq Scan on voter_2  (cost=0.00..9980.58 rows=44052 width=4)
Seq Scan on voter_2  (cost=0.00..9980.58 rows=37517 width=4)
Nested Loop  (cost=1000.00..78990.15 rows=11485 width=3)
Nested Loop  (cost=1000.00..78990.15 rows=11485 width=3)
Nested Loop  (cost=1000.00..78990.15 rows=11485 width=3)
Nested Loop  (cost=1000.00..80593.84 rows=26064 width=3)
Seq Scan on voter_2  (cost=0.00..9980.58 rows=109066 width=4)
Seq Scan on voter_2  (cost=0.00..9980.58 rows=73074 width=4)
Seq Scan on voter_2  (cost=0.00..9980.58 rows=109066 width=4)
Nested Loop  (cost=1000.00..78990.15 rows=11485 width=3)
Nested Loop  (cost=1000.00..78990.15 rows=11485 width=3)
Seq Scan on voter_2  (cost=0.00..9980.58 rows=32658 width=4)
Nested Loop  (cost=1000.00..78990.15 rows=11485 width=3)
Seq Scan on voter_2  (cost=0.00..9980.58 rows=73074 width=4)
Nested Loop  (cost=1000.00..78990.15 rows=11485 width=3)
Nested Loop  (cost=1000.00..78990.15 rows=11485 width=3)
Seq Scan on voter_2  (cost=0.00..9980.58 rows=109066 width=4)
Seq Scan on voter_2  (cost=0.00..9980.58 rows=37517 width=4)
Nested Loop  (cost=1000.00..82610.58 rows=44398 width=3)
Seq Scan on voter_2  (cost=0.00..9980.58 rows=109066 width=4)
Nested Loop  (cost=1000.00..78990.15 rows=11485 width=3)
Nested Loop  (cost=1000.00..82829.15 rows=46385 width=3)
Seq Scan on voter_2  (cost=0.00..9980.58 rows=35808 width=4)
Seq Scan on voter_2  (cost=0.00..9980.58 rows=34183 width=4)
Seq Scan on voter_2  (cost=0.00..9980.58 rows=73074 width=4)
Seq Scan on voter_2  (cost=0.00..9980.58 rows=32658 width=4)
Seq Scan on voter_2  (cost=0.00..9980.58 rows=37651 width=4)
Nested Loop  (cost=1000.00..78990.15 rows=11485 width=3)
Nested Loop  (cost=1000.00..78990.15 rows=11485 width=3)
Seq Scan on voter_2  (cost=0.00..9980.58 rows=73074 width=4)
Seq Scan on voter_2  (cost=0.00..9980.58 rows=34183 width=4)
Nested Loop  (cost=1000.00..78990.15 rows=11485 width=3)
Nested Loop  (cost=1000.00..78990.15 rows=11485 width=3)
Nested Loop  (cost=1000.00..78990.15 rows=11485 width=3)
Seq Scan on voter_2  (cost=0.00..9980.58 rows=31351 width=4)
Nested Loop  (cost=1000.00..78990.15 rows=11485 width=3)
Nested Loop  (cost=1000.00..78990.15 rows=11485 width=3)
Seq Scan on voter_2  (cost=0.00..9980.58 rows=37651 width=4)
Nested Loop  (cost=1000.00..78990.15 rows=11485 width=3)
Nested Loop  (cost=1000.00..78990.15 rows=11485 width=3)
Seq Scan on voter_2  (cost=0.00..9980.58 rows=109066 width=4)
Nested Loop  (cost=1000.00..78990.15 rows=11485 width=3)
Seq Scan on voter_2  (cost=0.00..9980.58 rows=109066 width=4)
Seq Scan on voter_2  (cost=0.00..9980.58 rows=109066 width=4)
Seq Scan on voter_2  (cost=0.00..9980.58 rows=44052 width=4)
Seq Scan on voter_2  (cost=0.00..9980.58 rows=109066 width=4)
Nested Loop  (cost=1000.00..78990.15 rows=11485 width=3)
Seq Scan on voter_2  (cost=0.00..9980.58 rows=37517 width=4)
Nested Loop  (cost=1000.00..80423.78 rows=24518 width=3)
Seq Scan on voter_2  (cost=0.00..9980.58 rows=73074 width=4)
Nested Loop  (cost=1000.00..83898.24 rows=56104 width=3)
Seq Scan on voter_2  (cost=0.00..9980.58 rows=109066 width=4)
Nested Loop  (cost=1000.00..78990.15 rows=11485 width=3)
Nested Loop  (cost=1000.00..80861.14 rows=28494 width=3)
Seq Scan on voter_2  (cost=0.00..9980.58 rows=109066 width=4)
Nested Loop  (cost=1000.00..84335.60 rows=60080 width=3)
Seq Scan on voter_2  (cost=0.00..9980.58 rows=32658 width=4)
Nested Loop  (cost=1000.00..84457.15 rows=61185 width=3)
Nested Loop  (cost=1000.00..78990.15 rows=11485 width=3)
Seq Scan on voter_2  (cost=0.00..9980.58 rows=109066 width=4)
Nested Loop  (cost=1000.00..78990.15 rows=11485 width=3)
Seq Scan on voter_2  (cost=0.00..9980.58 rows=44052 width=4)
Seq Scan on voter_2  (cost=0.00..9980.58 rows=44052 width=4)
Nested Loop  (cost=1000.00..78990.15 rows=11485 width=3)
Seq Scan on voter_2  (cost=0.00..9980.58 rows=37651 width=4)
Nested Loop  (cost=1000.00..82075.98 rows=39538 width=3)
Seq Scan on voter_2  (cost=0.00..9980.58 rows=37651 width=4)
Nested Loop  (cost=1000.00..78990.15 rows=11485 width=3)
Seq Scan on voter_2  (cost=0.00..9980.58 rows=35808 width=4)
Seq Scan on voter_2  (cost=0.00..9980.58 rows=31351 width=4)
Nested Loop  (cost=1000.00..78990.15 rows=11485 width=3)
Nested Loop  (cost=1000.00..84262.78 rows=59418 width=3)
Seq Scan on voter_2  (cost=0.00..9980.58 rows=32474 width=4)
Nested Loop  (cost=1000.00..83120.76 rows=49036 width=3)
Seq Scan on voter_2  (cost=0.00..9980.58 rows=73074 width=4)
Nested Loop  (cost=1000.00..84141.23 rows=58313 width=3)
Seq Scan on voter_2  (cost=0.00..9980.58 rows=109066 width=4)
Nested Loop  (cost=1000.00..78990.15 rows=11485 width=3)
Seq Scan on voter_2  (cost=0.00..9980.58 rows=109066 width=4)
Nested Loop  (cost=1000.00..78990.15 rows=11485 width=3)
Nested Loop  (cost=1000.00..84262.78 rows=59418 width=3)
Seq Scan on voter_2  (cost=0.00..9980.58 rows=37517 width=4)
Nested Loop  (cost=1000.00..78990.15 rows=11485 width=3)
Nested Loop  (cost=1000.00..82246.04 rows=41084 width=3)
Seq Scan on voter_2  (cost=0.00..9980.58 rows=44052 width=4)
Seq Scan on voter_2  (cost=0.00..9980.58 rows=37651 width=4)
Seq Scan on voter_2  (cost=0.00..9980.58 rows=44052 width=4)
Seq Scan on voter_2  (cost=0.00..9980.58 rows=44052 width=4)
Nested Loop  (cost=1000.00..78990.15 rows=11485 width=3)
Seq Scan on voter_2  (cost=0.00..9980.58 rows=37517 width=4)
Nested Loop  (cost=1000.00..78990.15 rows=11485 width=3)
Nested Loop  (cost=1000.00..80836.83 rows=28273 width=3)
Seq Scan on voter_2  (cost=0.00..9980.58 rows=109066 width=4)
Nested Loop  (cost=1000.00..78990.15 rows=11485 width=3)
Nested Loop  (cost=1000.00..78990.15 rows=11485 width=3)
Seq Scan on voter_2  (cost=0.00..9980.58 rows=37651 width=4)
Seq Scan on voter_2  (cost=0.00..9980.58 rows=32658 width=4)
Seq Scan on voter_2  (cost=0.00..9980.58 rows=44052 width=4)
Seq Scan on voter_2  (cost=0.00..9980.58 rows=34853 width=4)
Nested Loop  (cost=1000.00..78990.15 rows=11485 width=3)
Seq Scan on voter_2  (cost=0.00..9980.58 rows=35808 width=4)
Nested Loop  (cost=1000.00..78990.15 rows=11485 width=3)
Nested Loop  (cost=1000.00..78990.15 rows=11485 width=3)
Nested Loop  (cost=1000.00..84262.78 rows=59418 width=3)
Seq Scan on voter_2  (cost=0.00..9980.58 rows=109066 width=4)
Nested Loop  (cost=1000.00..80982.58 rows=29598 width=3)
Nested Loop  (cost=1000.00..82416.10 rows=42630 width=3)
Nested Loop  (cost=1000.00..84238.47 rows=59197 width=3)
Seq Scan on voter_2  (cost=0.00..9980.58 rows=73074 width=4)
Seq Scan on voter_2  (cost=0.00..9980.58 rows=34183 width=4)
Seq Scan on voter_2  (cost=0.00..9980.58 rows=73074 width=4)
Nested Loop  (cost=1000.00..81614.31 rows=35341 width=3)
Seq Scan on voter_2  (cost=0.00..9980.58 rows=44052 width=4)
Nested Loop  (cost=1000.00..78990.15 rows=11485 width=3)
Seq Scan on voter_2  (cost=0.00..9980.58 rows=32474 width=4)
Seq Scan on voter_2  (cost=0.00..9980.58 rows=109066 width=4)
Seq Scan on voter_2  (cost=0.00..9980.58 rows=35808 width=4)
Nested Loop  (cost=1000.00..78990.15 rows=11485 width=3)
Seq Scan on voter_2  (cost=0.00..9980.58 rows=37651 width=4)
Nested Loop  (cost=1000.00..78990.15 rows=11485 width=3)
Nested Loop  (cost=1000.00..80861.14 rows=28494 width=3)
Nested Loop  (cost=1000.00..78990.15 rows=11485 width=3)
Nested Loop  (cost=1000.00..81614.31 rows=35341 width=3)
Seq Scan on voter_2  (cost=0.00..9980.58 rows=73074 width=4)
Nested Loop  (cost=1000.00..78990.15 rows=11485 width=3)
Seq Scan on voter_2  (cost=0.00..9980.58 rows=73074 width=4)
Nested Loop  (cost=1000.00..78990.15 rows=11485 width=3)
Seq Scan on voter_2  (cost=0.00..9980.58 rows=44052 width=4)
Nested Loop  (cost=1000.00..78990.15 rows=11485 width=3)
Nested Loop  (cost=1000.00..78990.15 rows=11485 width=3)
Seq Scan on voter_2  (cost=0.00..9980.58 rows=31351 width=4)
Seq Scan on voter_2  (cost=0.00..9980.58 rows=34853 width=4)
Nested Loop  (cost=1000.00..78990.15 rows=11485 width=3)
Nested Loop  (cost=1000.00..78990.15 rows=11485 width=3)
Seq Scan on voter_2  (cost=0.00..9980.58 rows=34853 width=4)
Seq Scan on voter_2  (cost=0.00..9980.58 rows=73074 width=4)
Seq Scan on voter_2  (cost=0.00..9980.58 rows=109066 width=4)
Seq Scan on voter_2  (cost=0.00..9980.58 rows=109066 width=4)
Nested Loop  (cost=1000.00..82416.10 rows=42630 width=3)
Seq Scan on voter_2  (cost=0.00..9980.58 rows=37517 width=4)
Seq Scan on voter_2  (cost=0.00..9980.58 rows=34853 width=4)
Seq Scan on voter_2  (cost=0.00..9980.58 rows=32474 width=4)
Nested Loop  (cost=1000.00..78990.15 rows=11485 width=3)
Nested Loop  (cost=1000.00..78990.15 rows=11485 width=3)
Nested Loop  (cost=1000.00..78990.15 rows=11485 width=3)
Nested Loop  (cost=1000.00..78990.15 rows=11485 width=3)
Nested Loop  (cost=1000.00..78990.15 rows=11485 width=3)
Seq Scan on voter_2  (cost=0.00..9980.58 rows=34853 width=4)
Nested Loop  (cost=1000.00..78990.15 rows=11485 width=3)
Seq Scan on voter_2  (cost=0.00..9980.58 rows=44052 width=4)
Nested Loop  (cost=1000.00..78990.15 rows=11485 width=3)
Seq Scan on voter_2  (cost=0.00..9980.58 rows=32658 width=4)
Nested Loop  (cost=1000.00..80423.78 rows=24518 width=3)
Nested Loop  (cost=1000.00..78990.15 rows=11485 width=3)
Seq Scan on voter_2  (cost=0.00..9980.58 rows=44052 width=4)
Nested Loop  (cost=1000.00..78990.15 rows=11485 width=3)
Seq Scan on voter_2  (cost=0.00..9980.58 rows=37651 width=4)
Seq Scan on voter_2  (cost=0.00..9980.58 rows=37517 width=4)
Seq Scan on voter_2  (cost=0.00..9980.58 rows=73074 width=4)
Seq Scan on voter_2  (cost=0.00..9980.58 rows=37651 width=4)
Seq Scan on voter_2  (cost=0.00..9980.58 rows=109066 width=4)
Nested Loop  (cost=1000.00..78990.15 rows=11485 width=3)
Seq Scan on voter_2  (cost=0.00..9980.58 rows=37651 width=4)
Nested Loop  (cost=1000.00..78990.15 rows=11485 width=3)
Nested Loop  (cost=1000.00..80788.21 rows=27831 width=3)
Nested Loop  (cost=1000.00..78990.15 rows=11485 width=3)
Nested Loop  (cost=1000.00..78990.15 rows=11485 width=3)
Nested Loop  (cost=1000.00..78990.15 rows=11485 width=3)
Seq Scan on voter_2  (cost=0.00..9980.58 rows=73074 width=4)
Seq Scan on voter_2  (cost=0.00..9980.58 rows=73074 width=4)
Nested Loop  (cost=1000.00..78990.15 rows=11485 width=3)
Seq Scan on voter_2  (cost=0.00..9980.58 rows=73074 width=4)
Nested Loop  (cost=1000.00..78990.15 rows=11485 width=3)
Nested Loop  (cost=1000.00..81371.32 rows=33132 width=3)
Seq Scan on voter_2  (cost=0.00..9980.58 rows=73074 width=4)
Seq Scan on voter_2  (cost=0.00..9980.58 rows=32474 width=4)
Seq Scan on voter_2  (cost=0.00..9980.58 rows=109066 width=4)
Seq Scan on voter_2  (cost=0.00..9980.58 rows=32658 width=4)
Nested Loop  (cost=1000.00..81371.32 rows=33132 width=3)
Seq Scan on voter_2  (cost=0.00..9980.58 rows=109066 width=4)
Seq Scan on voter_2  (cost=0.00..9980.58 rows=37517 width=4)
Nested Loop  (cost=1000.00..84529.97 rows=61847 width=3)
Nested Loop  (cost=1000.00..78990.15 rows=11485 width=3)
Seq Scan on voter_2  (cost=0.00..9980.58 rows=37517 width=4)
Nested Loop  (cost=1000.00..78990.15 rows=11485 width=3)
Nested Loop  (cost=1000.00..78990.15 rows=11485 width=3)
Nested Loop  (cost=1000.00..78990.15 rows=11485 width=3)
Seq Scan on voter_2  (cost=0.00..9980.58 rows=34853 width=4)
Nested Loop  (cost=1000.00..78990.15 rows=11485 width=3)
Seq Scan on voter_2  (cost=0.00..9980.58 rows=37651 width=4)
Nested Loop  (cost=1000.00..78990.15 rows=11485 width=3)
Nested Loop  (cost=1000.00..78990.15 rows=11485 width=3)
Seq Scan on voter_2  (cost=0.00..9980.58 rows=32658 width=4)
Nested Loop  (cost=1000.00..84311.29 rows=59859 width=3)
Seq Scan on voter_2  (cost=0.00..9980.58 rows=44052 width=4)
Seq Scan on voter_2  (cost=0.00..9980.58 rows=34183 width=4)
Nested Loop  (cost=1000.00..78990.15 rows=11485 width=3)
Seq Scan on voter_2  (cost=0.00..9980.58 rows=31351 width=4)
Seq Scan on voter_2  (cost=0.00..9980.58 rows=34183 width=4)
Nested Loop  (cost=1000.00..80569.53 rows=25843 width=3)
Seq Scan on voter_2  (cost=0.00..9980.58 rows=109066 width=4)
Seq Scan on voter_2  (cost=0.00..9980.58 rows=32474 width=4)
Nested Loop  (cost=1000.00..78990.15 rows=11485 width=3)
Nested Loop  (cost=1000.00..78990.15 rows=11485 width=3)
Seq Scan on voter_2  (cost=0.00..9980.58 rows=34853 width=4)
Nested Loop  (cost=1000.00..80836.83 rows=28273 width=3)
Seq Scan on voter_2  (cost=0.00..9980.58 rows=37517 width=4)
Nested Loop  (cost=1000.00..78990.15 rows=11485 width=3)
Nested Loop  (cost=1000.00..78990.15 rows=11485 width=3)
Seq Scan on voter_2  (cost=0.00..9980.58 rows=32474 width=4)
Seq Scan on voter_2  (cost=0.00..9980.58 rows=34183 width=4)
Nested Loop  (cost=1000.00..78990.15 rows=11485 width=3)
Seq Scan on voter_2  (cost=0.00..9980.58 rows=109066 width=4)
Seq Scan on voter_2  (cost=0.00..9980.58 rows=34183 width=4)
Nested Loop  (cost=1000.00..78990.15 rows=11485 width=3)
Nested Loop  (cost=1000.00..80691.08 rows=26948 width=3)
Seq Scan on voter_2  (cost=0.00..9980.58 rows=35808 width=4)
Seq Scan on voter_2  (cost=0.00..9980.58 rows=109066 width=4)
Nested Loop  (cost=1000.00..78990.15 rows=11485 width=3)
Nested Loop  (cost=1000.00..78990.15 rows=11485 width=3)
Nested Loop  (cost=1000.00..78990.15 rows=11485 width=3)
Seq Scan on voter_2  (cost=0.00..9980.58 rows=44052 width=4)
Nested Loop  (cost=1000.00..80593.84 rows=26064 width=3)
Seq Scan on voter_2  (cost=0.00..9980.58 rows=37517 width=4)
Nested Loop  (cost=1000.00..80399.47 rows=24297 width=3)
Seq Scan on voter_2  (cost=0.00..9980.58 rows=44052 width=4)
Nested Loop  (cost=1000.00..78990.15 rows=11485 width=3)
Nested Loop  (cost=1000.00..78990.15 rows=11485 width=3)
Seq Scan on voter_2  (cost=0.00..9980.58 rows=31351 width=4)
Seq Scan on voter_2  (cost=0.00..9980.58 rows=73074 width=4)
Nested Loop  (cost=1000.00..78990.15 rows=11485 width=3)
Nested Loop  (cost=1000.00..78990.15 rows=11485 width=3)
Seq Scan on voter_2  (cost=0.00..9980.58 rows=34853 width=4)
Seq Scan on voter_2  (cost=0.00..9980.58 rows=37651 width=4)
Seq Scan on voter_2  (cost=0.00..9980.58 rows=34183 width=4)
Nested Loop  (cost=1000.00..82586.27 rows=44177 width=3)
Seq Scan on voter_2  (cost=0.00..9980.58 rows=109066 width=4)
Seq Scan on voter_2  (cost=0.00..9980.58 rows=34853 width=4)
Nested Loop  (cost=1000.00..78990.15 rows=11485 width=3)
Nested Loop  (cost=1000.00..81978.85 rows=38655 width=3)
Seq Scan on voter_2  (cost=0.00..9980.58 rows=34183 width=4)
Nested Loop  (cost=1000.00..78990.15 rows=11485 width=3)
Nested Loop  (cost=1000.00..78990.15 rows=11485 width=3)
Nested Loop  (cost=1000.00..78990.15 rows=11485 width=3)
Seq Scan on voter_2  (cost=0.00..9980.58 rows=37651 width=4)
Seq Scan on voter_2  (cost=0.00..9980.58 rows=109066 width=4)
Nested Loop  (cost=1000.00..78990.15 rows=11485 width=3)
Seq Scan on voter_2  (cost=0.00..9980.58 rows=35808 width=4)
Seq Scan on voter_2  (cost=0.00..9980.58 rows=31351 width=4)
Seq Scan on voter_2  (cost=0.00..9980.58 rows=73074 width=4)
Nested Loop  (cost=1000.00..82294.66 rows=41526 width=3)
Nested Loop  (cost=1000.00..81395.63 rows=33353 width=3)
Seq Scan on voter_2  (cost=0.00..9980.58 rows=109066 width=4)
Nested Loop  (cost=1000.00..78990.15 rows=11485 width=3)
Nested Loop  (cost=1000.00..78990.15 rows=11485 width=3)
Seq Scan on voter_2  (cost=0.00..9980.58 rows=109066 width=4)
Nested Loop  (cost=1000.00..78990.15 rows=11485 width=3)
Seq Scan on voter_2  (cost=0.00..9980.58 rows=31351 width=4)
Seq Scan on voter_2  (cost=0.00..9980.58 rows=35808 width=4)
Nested Loop  (cost=1000.00..78990.15 rows=11485 width=3)
Seq Scan on voter_2  (cost=0.00..9980.58 rows=73074 width=4)
Nested Loop  (cost=1000.00..78990.15 rows=11485 width=3)
Seq Scan on voter_2  (cost=0.00..9980.58 rows=34853 width=4)
Seq Scan on voter_2  (cost=0.00..9980.58 rows=73074 width=4)
Nested Loop  (cost=1000.00..80472.40 rows=24960 width=3)
Nested Loop  (cost=1000.00..80982.58 rows=29598 width=3)
Nested Loop  (cost=1000.00..81371.32 rows=33132 width=3)
Seq Scan on voter_2  (cost=0.00..9980.58 rows=34853 width=4)
Nested Loop  (cost=1000.00..78990.15 rows=11485 width=3)
Seq Scan on voter_2  (cost=0.00..9980.58 rows=73074 width=4)
Seq Scan on voter_2  (cost=0.00..9980.58 rows=35808 width=4)
Seq Scan on voter_2  (cost=0.00..9980.58 rows=73074 width=4)
Nested Loop  (cost=1000.00..78990.15 rows=11485 width=3)
Nested Loop  (cost=1000.00..78990.15 rows=11485 width=3)
Nested Loop  (cost=1000.00..78990.15 rows=11485 width=3)
Seq Scan on voter_2  (cost=0.00..9980.58 rows=109066 width=4)
Nested Loop  (cost=1000.00..78990.15 rows=11485 width=3)
Nested Loop  (cost=1000.00..78990.15 rows=11485 width=3)
Seq Scan on voter_2  (cost=0.00..9980.58 rows=37517 width=4)
Nested Loop  (cost=1000.00..80569.53 rows=25843 width=3)
Seq Scan on voter_2  (cost=0.00..9980.58 rows=44052 width=4)
Seq Scan on voter_2  (cost=0.00..9980.58 rows=34183 width=4)
Seq Scan on voter_2  (cost=0.00..9980.58 rows=109066 width=4)
Seq Scan on voter_2  (cost=0.00..9980.58 rows=109066 width=4)
Nested Loop  (cost=1000.00..78990.15 rows=11485 width=3)
Seq Scan on voter_2  (cost=0.00..9980.58 rows=32474 width=4)
Nested Loop  (cost=1000.00..78990.15 rows=11485 width=3)
Nested Loop  (cost=1000.00..78990.15 rows=11485 width=3)
Seq Scan on voter_2  (cost=0.00..9980.58 rows=37651 width=4)
Nested Loop  (cost=1000.00..78990.15 rows=11485 width=3)
Seq Scan on voter_2  (cost=0.00..9980.58 rows=35808 width=4)
Seq Scan on voter_2  (cost=0.00..9980.58 rows=109066 width=4)
Nested Loop  (cost=1000.00..78990.15 rows=11485 width=3)
Seq Scan on voter_2  (cost=0.00..9980.58 rows=34853 width=4)
Nested Loop  (cost=1000.00..80861.14 rows=28494 width=3)
Seq Scan on voter_2  (cost=0.00..9980.58 rows=32474 width=4)
Nested Loop  (cost=1000.00..78990.15 rows=11485 width=3)
Nested Loop  (cost=1000.00..82221.73 rows=40863 width=3)
Nested Loop  (cost=1000.00..82586.27 rows=44177 width=3)
Nested Loop  (cost=1000.00..78990.15 rows=11485 width=3)
Seq Scan on voter_2  (cost=0.00..9980.58 rows=34183 width=4)
Seq Scan on voter_2  (cost=0.00..9980.58 rows=35808 width=4)
Seq Scan on voter_2  (cost=0.00..9980.58 rows=109066 width=4)
Nested Loop  (cost=1000.00..80569.53 rows=25843 width=3)
Seq Scan on voter_2  (cost=0.00..9980.58 rows=32474 width=4)
Nested Loop  (cost=1000.00..80375.16 rows=24076 width=3)
Nested Loop  (cost=1000.00..78990.15 rows=11485 width=3)
Nested Loop  (cost=1000.00..80909.76 rows=28936 width=3)
Seq Scan on voter_2  (cost=0.00..9980.58 rows=109066 width=4)
Seq Scan on voter_2  (cost=0.00..9980.58 rows=37651 width=4)
Nested Loop  (cost=1000.00..78990.15 rows=11485 width=3)
Seq Scan on voter_2  (cost=0.00..9980.58 rows=109066 width=4)
Seq Scan on voter_2  (cost=0.00..9980.58 rows=73074 width=4)
Seq Scan on voter_2  (cost=0.00..9980.58 rows=32474 width=4)
Seq Scan on voter_2  (cost=0.00..9980.58 rows=37517 width=4)
Seq Scan on voter_2  (cost=0.00..9980.58 rows=109066 width=4)
Nested Loop  (cost=1000.00..78990.15 rows=11485 width=3)
Nested Loop  (cost=1000.00..84238.47 rows=59197 width=3)
Nested Loop  (cost=1000.00..78990.15 rows=11485 width=3)
Nested Loop  (cost=1000.00..78990.15 rows=11485 width=3)
Seq Scan on voter_2  (cost=0.00..9980.58 rows=73074 width=4)
Nested Loop  (cost=1000.00..78990.15 rows=11485 width=3)
Nested Loop  (cost=1000.00..78990.15 rows=11485 width=3)
Nested Loop  (cost=1000.00..78990.15 rows=11485 width=3)
Nested Loop  (cost=1000.00..78990.15 rows=11485 width=3)
Seq Scan on voter_2  (cost=0.00..9980.58 rows=44052 width=4)
Seq Scan on voter_2  (cost=0.00..9980.58 rows=34853 width=4)
Seq Scan on voter_2  (cost=0.00..9980.58 rows=109066 width=4)
Seq Scan on voter_2  (cost=0.00..9980.58 rows=44052 width=4)
Seq Scan on voter_2  (cost=0.00..9980.58 rows=34183 width=4)
Seq Scan on voter_2  (cost=0.00..9980.58 rows=32474 width=4)
Nested Loop  (cost=1000.00..78990.15 rows=11485 width=3)
Nested Loop  (cost=1000.00..78990.15 rows=11485 width=3)
Nested Loop  (cost=1000.00..78990.15 rows=11485 width=3)
Nested Loop  (cost=1000.00..78990.15 rows=11485 width=3)
Seq Scan on voter_2  (cost=0.00..9980.58 rows=35808 width=4)
Seq Scan on voter_2  (cost=0.00..9980.58 rows=37517 width=4)
Seq Scan on voter_2  (cost=0.00..9980.58 rows=73074 width=4)
Nested Loop  (cost=1000.00..80375.16 rows=24076 width=3)
Nested Loop  (cost=1000.00..84481.46 rows=61406 width=3)
Nested Loop  (cost=1000.00..78990.15 rows=11485 width=3)
Seq Scan on voter_2  (cost=0.00..9980.58 rows=32474 width=4)
Nested Loop  (cost=1000.00..78990.15 rows=11485 width=3)
Seq Scan on voter_2  (cost=0.00..9980.58 rows=109066 width=4)
Nested Loop  (cost=1000.00..80836.83 rows=28273 width=3)
Seq Scan on voter_2  (cost=0.00..9980.58 rows=35808 width=4)
Seq Scan on voter_2  (cost=0.00..9980.58 rows=31351 width=4)
Nested Loop  (cost=1000.00..82100.29 rows=39759 width=3)
Seq Scan on voter_2  (cost=0.00..9980.58 rows=73074 width=4)
Seq Scan on voter_2  (cost=0.00..9980.58 rows=35808 width=4)
Nested Loop  (cost=1000.00..78990.15 rows=11485 width=3)
Seq Scan on voter_2  (cost=0.00..9980.58 rows=35808 width=4)
Nested Loop  (cost=1000.00..81274.19 rows=32249 width=3)
Seq Scan on voter_2  (cost=0.00..9980.58 rows=73074 width=4)
Nested Loop  (cost=1000.00..78990.15 rows=11485 width=3)
Seq Scan on voter_2  (cost=0.00..9980.58 rows=32474 width=4)
Nested Loop  (cost=1000.00..78990.15 rows=11485 width=3)
Nested Loop  (cost=1000.00..81905.92 rows=37992 width=3)
Seq Scan on voter_2  (cost=0.00..9980.58 rows=31351 width=4)
Seq Scan on voter_2  (cost=0.00..9980.58 rows=35808 width=4)
Nested Loop  (cost=1000.00..78990.15 rows=11485 width=3)
Nested Loop  (cost=1000.00..82100.29 rows=39759 width=3)
Seq Scan on voter_2  (cost=0.00..9980.58 rows=37651 width=4)
Seq Scan on voter_2  (cost=0.00..9980.58 rows=32474 width=4)
Nested Loop  (cost=1000.00..78990.15 rows=11485 width=3)
Nested Loop  (cost=1000.00..78990.15 rows=11485 width=3)
Seq Scan on voter_2  (cost=0.00..9980.58 rows=73074 width=4)
Seq Scan on voter_2  (cost=0.00..9980.58 rows=35808 width=4)
Nested Loop  (cost=1000.00..78990.15 rows=11485 width=3)
Nested Loop  (cost=1000.00..78990.15 rows=11485 width=3)
Nested Loop  (cost=1000.00..78990.15 rows=11485 width=3)
Seq Scan on voter_2  (cost=0.00..9980.58 rows=37517 width=4)
Nested Loop  (cost=1000.00..78990.15 rows=11485 width=3)
Seq Scan on voter_2  (cost=0.00..9980.58 rows=35808 width=4)
Nested Loop  (cost=1000.00..78990.15 rows=11485 width=3)
Seq Scan on voter_2  (cost=0.00..9980.58 rows=73074 width=4)
Seq Scan on voter_2  (cost=0.00..9980.58 rows=34183 width=4)
Nested Loop  (cost=1000.00..78990.15 rows=11485 width=3)
Seq Scan on voter_2  (cost=0.00..9980.58 rows=32658 width=4)
Nested Loop  (cost=1000.00..78990.15 rows=11485 width=3)
Nested Loop  (cost=1000.00..78990.15 rows=11485 width=3)
Nested Loop  (cost=1000.00..80496.71 rows=25181 width=3)
Nested Loop  (cost=1000.00..78990.15 rows=11485 width=3)
Seq Scan on voter_2  (cost=0.00..9980.58 rows=37517 width=4)
Seq Scan on voter_2  (cost=0.00..9980.58 rows=109066 width=4)
Seq Scan on voter_2  (cost=0.00..9980.58 rows=109066 width=4)
Seq Scan on voter_2  (cost=0.00..9980.58 rows=109066 width=4)
Seq Scan on voter_2  (cost=0.00..9980.58 rows=37517 width=4)
Seq Scan on voter_2  (cost=0.00..9980.58 rows=109066 width=4)
Nested Loop  (cost=1000.00..78990.15 rows=11485 width=3)
Nested Loop  (cost=1000.00..78990.15 rows=11485 width=3)
Seq Scan on voter_2  (cost=0.00..9980.58 rows=109066 width=4)
Nested Loop  (cost=1000.00..78990.15 rows=11485 width=3)
Nested Loop  (cost=1000.00..78990.15 rows=11485 width=3)
Seq Scan on voter_2  (cost=0.00..9980.58 rows=37517 width=4)
Nested Loop  (cost=1000.00..78990.15 rows=11485 width=3)
Nested Loop  (cost=1000.00..84724.34 rows=63614 width=3)
Seq Scan on voter_2  (cost=0.00..9980.58 rows=35808 width=4)
Seq Scan on voter_2  (cost=0.00..9980.58 rows=32658 width=4)
Nested Loop  (cost=1000.00..78990.15 rows=11485 width=3)
Nested Loop  (cost=1000.00..80545.22 rows=25622 width=3)
Nested Loop  (cost=1000.00..78990.15 rows=11485 width=3)
Nested Loop  (cost=1000.00..82586.27 rows=44177 width=3)
Seq Scan on voter_2  (cost=0.00..9980.58 rows=32658 width=4)
Seq Scan on voter_2  (cost=0.00..9980.58 rows=73074 width=4)
Seq Scan on voter_2  (cost=0.00..9980.58 rows=34853 width=4)
Seq Scan on voter_2  (cost=0.00..9980.58 rows=44052 width=4)
Seq Scan on voter_2  (cost=0.00..9980.58 rows=109066 width=4)
Nested Loop  (cost=1000.00..78990.15 rows=11485 width=3)
Seq Scan on voter_2  (cost=0.00..9980.58 rows=73074 width=4)
Nested Loop  (cost=1000.00..80472.40 rows=24960 width=3)
Seq Scan on voter_2  (cost=0.00..9980.58 rows=35808 width=4)
Nested Loop  (cost=1000.00..80982.58 rows=29598 width=3)
Seq Scan on voter_2  (cost=0.00..9980.58 rows=73074 width=4)
Nested Loop  (cost=1000.00..78990.15 rows=11485 width=3)
Nested Loop  (cost=1000.00..78990.15 rows=11485 width=3)
Seq Scan on voter_2  (cost=0.00..9980.58 rows=35808 width=4)
Seq Scan on voter_2  (cost=0.00..9980.58 rows=37651 width=4)
Nested Loop  (cost=1000.00..84481.46 rows=61406 width=3)
Nested Loop  (cost=1000.00..84165.54 rows=58534 width=3)
Nested Loop  (cost=1000.00..78990.15 rows=11485 width=3)
Nested Loop  (cost=1000.00..81395.63 rows=33353 width=3)
Seq Scan on voter_2  (cost=0.00..9980.58 rows=109066 width=4)
Nested Loop  (cost=1000.00..78990.15 rows=11485 width=3)
Seq Scan on voter_2  (cost=0.00..9980.58 rows=31351 width=4)
Seq Scan on voter_2  (cost=0.00..9980.58 rows=37651 width=4)
Seq Scan on voter_2  (cost=0.00..9980.58 rows=73074 width=4)
Nested Loop  (cost=1000.00..78990.15 rows=11485 width=3)
Seq Scan on voter_2  (cost=0.00..9980.58 rows=73074 width=4)
Seq Scan on voter_2  (cost=0.00..9980.58 rows=109066 width=4)
Seq Scan on voter_2  (cost=0.00..9980.58 rows=35808 width=4)
Seq Scan on voter_2  (cost=0.00..9980.58 rows=34183 width=4)
Seq Scan on voter_2  (cost=0.00..9980.58 rows=73074 width=4)
Nested Loop  (cost=1000.00..78990.15 rows=11485 width=3)
Nested Loop  (cost=1000.00..78990.15 rows=11485 width=3)
Nested Loop  (cost=1000.00..80496.71 rows=25181 width=3)
Seq Scan on voter_2  (cost=0.00..9980.58 rows=34853 width=4)
Nested Loop  (cost=1000.00..78990.15 rows=11485 width=3)
Nested Loop  (cost=1000.00..78990.15 rows=11485 width=3)
Nested Loop  (cost=1000.00..78990.15 rows=11485 width=3)
Nested Loop  (cost=1000.00..78990.15 rows=11485 width=3)
Seq Scan on voter_2  (cost=0.00..9980.58 rows=35808 width=4)
Nested Loop  (cost=1000.00..83995.48 rows=56988 width=3)
Nested Loop  (cost=1000.00..78990.15 rows=11485 width=3)
Seq Scan on voter_2  (cost=0.00..9980.58 rows=32658 width=4)
Seq Scan on voter_2  (cost=0.00..9980.58 rows=109066 width=4)
Nested Loop  (cost=1000.00..78990.15 rows=11485 width=3)
Nested Loop  (cost=1000.00..78990.15 rows=11485 width=3)
Seq Scan on voter_2  (cost=0.00..9980.58 rows=37651 width=4)
Seq Scan on voter_2  (cost=0.00..9980.58 rows=37651 width=4)
Seq Scan on voter_2  (cost=0.00..9980.58 rows=37517 width=4)
Seq Scan on voter_2  (cost=0.00..9980.58 rows=35808 width=4)
Seq Scan on voter_2  (cost=0.00..9980.58 rows=32474 width=4)
Seq Scan on voter_2  (cost=0.00..9980.58 rows=35808 width=4)
Nested Loop  (cost=1000.00..84262.78 rows=59418 width=3)
Nested Loop  (cost=1000.00..78990.15 rows=11485 width=3)
Nested Loop  (cost=1000.00..78990.15 rows=11485 width=3)
Seq Scan on voter_2  (cost=0.00..9980.58 rows=37651 width=4)
Seq Scan on voter_2  (cost=0.00..9980.58 rows=73074 width=4)
Nested Loop  (cost=1000.00..78990.15 rows=11485 width=3)
Seq Scan on voter_2  (cost=0.00..9980.58 rows=35808 width=4)
Nested Loop  (cost=1000.00..78990.15 rows=11485 width=3)
Nested Loop  (cost=1000.00..78990.15 rows=11485 width=3)
Nested Loop  (cost=1000.00..80569.53 rows=25843 width=3)
Nested Loop  (cost=1000.00..78990.15 rows=11485 width=3)
Nested Loop  (cost=1000.00..84311.29 rows=59859 width=3)
Seq Scan on voter_2  (cost=0.00..9980.58 rows=35808 width=4)
Seq Scan on voter_2  (cost=0.00..9980.58 rows=37651 width=4)
Nested Loop  (cost=1000.00..78990.15 rows=11485 width=3)
Seq Scan on voter_2  (cost=0.00..9980.58 rows=37651 width=4)
Nested Loop  (cost=1000.00..80861.14 rows=28494 width=3)
Seq Scan on voter_2  (cost=0.00..9980.58 rows=32658 width=4)
Seq Scan on voter_2  (cost=0.00..9980.58 rows=109066 width=4)
Seq Scan on voter_2  (cost=0.00..9980.58 rows=31351 width=4)
Nested Loop  (cost=1000.00..80399.47 rows=24297 width=3)
Nested Loop  (cost=1000.00..78990.15 rows=11485 width=3)
Seq Scan on voter_2  (cost=0.00..9980.58 rows=32658 width=4)
Seq Scan on voter_2  (cost=0.00..9980.58 rows=34183 width=4)
Nested Loop  (cost=1000.00..80423.78 rows=24518 width=3)
Seq Scan on voter_2  (cost=0.00..9980.58 rows=34183 width=4)
Nested Loop  (cost=1000.00..78990.15 rows=11485 width=3)
Nested Loop  (cost=1000.00..78990.15 rows=11485 width=3)
Nested Loop  (cost=1000.00..78990.15 rows=11485 width=3)
Seq Scan on voter_2  (cost=0.00..9980.58 rows=44052 width=4)
Nested Loop  (cost=1000.00..78990.15 rows=11485 width=3)
Seq Scan on voter_2  (cost=0.00..9980.58 rows=109066 width=4)
Seq Scan on voter_2  (cost=0.00..9980.58 rows=32658 width=4)
Nested Loop  (cost=1000.00..78990.15 rows=11485 width=3)
Seq Scan on voter_2  (cost=0.00..9980.58 rows=35808 width=4)
Seq Scan on voter_2  (cost=0.00..9980.58 rows=32658 width=4)
Nested Loop  (cost=1000.00..84092.61 rows=57871 width=3)
Nested Loop  (cost=1000.00..78990.15 rows=11485 width=3)
Nested Loop  (cost=1000.00..80836.83 rows=28273 width=3)
Nested Loop  (cost=1000.00..78990.15 rows=11485 width=3)
Seq Scan on voter_2  (cost=0.00..9980.58 rows=109066 width=4)
Nested Loop  (cost=1000.00..78990.15 rows=11485 width=3)
Seq Scan on voter_2  (cost=0.00..9980.58 rows=37651 width=4)
Seq Scan on voter_2  (cost=0.00..9980.58 rows=73074 width=4)
Seq Scan on voter_2  (cost=0.00..9980.58 rows=73074 width=4)
Seq Scan on voter_2  (cost=0.00..9980.58 rows=37517 width=4)
Seq Scan on voter_2  (cost=0.00..9980.58 rows=35808 width=4)
Nested Loop  (cost=1000.00..78990.15 rows=11485 width=3)
Nested Loop  (cost=1000.00..78990.15 rows=11485 width=3)
Nested Loop  (cost=1000.00..84019.79 rows=57209 width=3)
Nested Loop  (cost=1000.00..78990.15 rows=11485 width=3)
Seq Scan on voter_2  (cost=0.00..9980.58 rows=32658 width=4)
Nested Loop  (cost=1000.00..78990.15 rows=11485 width=3)
Seq Scan on voter_2  (cost=0.00..9980.58 rows=32474 width=4)
Seq Scan on voter_2  (cost=0.00..9980.58 rows=35808 width=4)
Nested Loop  (cost=1000.00..78990.15 rows=11485 width=3)
Seq Scan on voter_2  (cost=0.00..9980.58 rows=34183 width=4)
Seq Scan on voter_2  (cost=0.00..9980.58 rows=34183 width=4)
Nested Loop  (cost=1000.00..82124.60 rows=39980 width=3)
Nested Loop  (cost=1000.00..78990.15 rows=11485 width=3)
Nested Loop  (cost=1000.00..78990.15 rows=11485 width=3)
Nested Loop  (cost=1000.00..78990.15 rows=11485 width=3)
Seq Scan on voter_2  (cost=0.00..9980.58 rows=109066 width=4)
Seq Scan on voter_2  (cost=0.00..9980.58 rows=35808 width=4)
Seq Scan on voter_2  (cost=0.00..9980.58 rows=109066 width=4)
Seq Scan on voter_2  (cost=0.00..9980.58 rows=44052 width=4)
Nested Loop  (cost=1000.00..78990.15 rows=11485 width=3)
Seq Scan on voter_2  (cost=0.00..9980.58 rows=73074 width=4)
Seq Scan on voter_2  (cost=0.00..9980.58 rows=44052 width=4)
Nested Loop  (cost=1000.00..80375.16 rows=24076 width=3)
Nested Loop  (cost=1000.00..82367.59 rows=42189 width=3)
Nested Loop  (cost=1000.00..81905.92 rows=37992 width=3)
Nested Loop  (cost=1000.00..78990.15 rows=11485 width=3)
Nested Loop  (cost=1000.00..78990.15 rows=11485 width=3)
Seq Scan on voter_2  (cost=0.00..9980.58 rows=31351 width=4)
Nested Loop  (cost=1000.00..81249.88 rows=32028 width=3)
Seq Scan on voter_2  (cost=0.00..9980.58 rows=37517 width=4)
Seq Scan on voter_2  (cost=0.00..9980.58 rows=109066 width=4)
Seq Scan on voter_2  (cost=0.00..9980.58 rows=109066 width=4)
Nested Loop  (cost=1000.00..78990.15 rows=11485 width=3)
Nested Loop  (cost=1000.00..78990.15 rows=11485 width=3)
Seq Scan on voter_2  (cost=0.00..9980.58 rows=31351 width=4)
Nested Loop  (cost=1000.00..78990.15 rows=11485 width=3)
Nested Loop  (cost=1000.00..83995.48 rows=56988 width=3)
Seq Scan on voter_2  (cost=0.00..9980.58 rows=73074 width=4)
Seq Scan on voter_2  (cost=0.00..9980.58 rows=109066 width=4)
Seq Scan on voter_2  (cost=0.00..9980.58 rows=37651 width=4)
Seq Scan on voter_2  (cost=0.00..9980.58 rows=35808 width=4)
Seq Scan on voter_2  (cost=0.00..9980.58 rows=109066 width=4)
Seq Scan on voter_2  (cost=0.00..9980.58 rows=109066 width=4)
Nested Loop  (cost=1000.00..78990.15 rows=11485 width=3)
Nested Loop  (cost=1000.00..84724.34 rows=63614 width=3)
Nested Loop  (cost=1000.00..84116.92 rows=58092 width=3)
Nested Loop  (cost=1000.00..78990.15 rows=11485 width=3)
Nested Loop  (cost=1000.00..78990.15 rows=11485 width=3)
Seq Scan on voter_2  (cost=0.00..9980.58 rows=44052 width=4)
Seq Scan on voter_2  (cost=0.00..9980.58 rows=37651 width=4)
Nested Loop  (cost=1000.00..78990.15 rows=11485 width=3)
Nested Loop  (cost=1000.00..81905.92 rows=37992 width=3)
Seq Scan on voter_2  (cost=0.00..9980.58 rows=44052 width=4)
Seq Scan on voter_2  (cost=0.00..9980.58 rows=35808 width=4)
Nested Loop  (cost=1000.00..78990.15 rows=11485 width=3)
Nested Loop  (cost=1000.00..78990.15 rows=11485 width=3)
Seq Scan on voter_2  (cost=0.00..9980.58 rows=73074 width=4)
Seq Scan on voter_2  (cost=0.00..9980.58 rows=35808 width=4)
Nested Loop  (cost=1000.00..78990.15 rows=11485 width=3)
Nested Loop  (cost=1000.00..82902.08 rows=47048 width=3)
Seq Scan on voter_2  (cost=0.00..9980.58 rows=32658 width=4)
Seq Scan on voter_2  (cost=0.00..9980.58 rows=31351 width=4)
Seq Scan on voter_2  (cost=0.00..9980.58 rows=73074 width=4)
Seq Scan on voter_2  (cost=0.00..9980.58 rows=32474 width=4)
Nested Loop  (cost=1000.00..78990.15 rows=11485 width=3)
Nested Loop  (cost=1000.00..80399.47 rows=24297 width=3)
Nested Loop  (cost=1000.00..81905.92 rows=37992 width=3)
Seq Scan on voter_2  (cost=0.00..9980.58 rows=32474 width=4)
Nested Loop  (cost=1000.00..81978.85 rows=38655 width=3)
Seq Scan on voter_2  (cost=0.00..9980.58 rows=73074 width=4)
Nested Loop  (cost=1000.00..78990.15 rows=11485 width=3)
Nested Loop  (cost=1000.00..78990.15 rows=11485 width=3)
Seq Scan on voter_2  (cost=0.00..9980.58 rows=109066 width=4)
Nested Loop  (cost=1000.00..82124.60 rows=39980 width=3)
Seq Scan on voter_2  (cost=0.00..9980.58 rows=31351 width=4)
Nested Loop  (cost=1000.00..78990.15 rows=11485 width=3)
Seq Scan on voter_2  (cost=0.00..9980.58 rows=109066 width=4)
Seq Scan on voter_2  (cost=0.00..9980.58 rows=44052 width=4)
Seq Scan on voter_2  (cost=0.00..9980.58 rows=32474 width=4)
Nested Loop  (cost=1000.00..78990.15 rows=11485 width=3)
Nested Loop  (cost=1000.00..78990.15 rows=11485 width=3)
Seq Scan on voter_2  (cost=0.00..9980.58 rows=34853 width=4)
Seq Scan on voter_2  (cost=0.00..9980.58 rows=109066 width=4)
Nested Loop  (cost=1000.00..82586.27 rows=44177 width=3)
Nested Loop  (cost=1000.00..78990.15 rows=11485 width=3)
Nested Loop  (cost=1000.00..81371.32 rows=33132 width=3)
Nested Loop  (cost=1000.00..78990.15 rows=11485 width=3)
Seq Scan on voter_2  (cost=0.00..9980.58 rows=34183 width=4)
Seq Scan on voter_2  (cost=0.00..9980.58 rows=34853 width=4)
Seq Scan on voter_2  (cost=0.00..9980.58 rows=109066 width=4)
Seq Scan on voter_2  (cost=0.00..9980.58 rows=35808 width=4)
Nested Loop  (cost=1000.00..78990.15 rows=11485 width=3)
Nested Loop  (cost=1000.00..80448.09 rows=24739 width=3)
Seq Scan on voter_2  (cost=0.00..9980.58 rows=34183 width=4)
Seq Scan on voter_2  (cost=0.00..9980.58 rows=35808 width=4)
Nested Loop  (cost=1000.00..82416.10 rows=42630 width=3)
Seq Scan on voter_2  (cost=0.00..9980.58 rows=34183 width=4)
Nested Loop  (cost=1000.00..85210.32 rows=68032 width=3)
Nested Loop  (cost=1000.00..78990.15 rows=11485 width=3)
Seq Scan on voter_2  (cost=0.00..9980.58 rows=44052 width=4)
Nested Loop  (cost=1000.00..78990.15 rows=11485 width=3)
Nested Loop  (cost=1000.00..78990.15 rows=11485 width=3)
Seq Scan on voter_2  (cost=0.00..9980.58 rows=32474 width=4)
Seq Scan on voter_2  (cost=0.00..9980.58 rows=73074 width=4)
Seq Scan on voter_2  (cost=0.00..9980.58 rows=37651 width=4)
Nested Loop  (cost=1000.00..78990.15 rows=11485 width=3)
Nested Loop  (cost=1000.00..78990.15 rows=11485 width=3)
Seq Scan on voter_2  (cost=0.00..9980.58 rows=109066 width=4)
Nested Loop  (cost=1000.00..78990.15 rows=11485 width=3)
Nested Loop  (cost=1000.00..80545.22 rows=25622 width=3)
Seq Scan on voter_2  (cost=0.00..9980.58 rows=32474 width=4)
Seq Scan on voter_2  (cost=0.00..9980.58 rows=34853 width=4)
Nested Loop  (cost=1000.00..80399.47 rows=24297 width=3)
Nested Loop  (cost=1000.00..78990.15 rows=11485 width=3)
Nested Loop  (cost=1000.00..78990.15 rows=11485 width=3)
Seq Scan on voter_2  (cost=0.00..9980.58 rows=37651 width=4)
Nested Loop  (cost=1000.00..78990.15 rows=11485 width=3)
Seq Scan on voter_2  (cost=0.00..9980.58 rows=109066 width=4)
Seq Scan on voter_2  (cost=0.00..9980.58 rows=109066 width=4)
Nested Loop  (cost=1000.00..80788.21 rows=27831 width=3)
Seq Scan on voter_2  (cost=0.00..9980.58 rows=44052 width=4)
Nested Loop  (cost=1000.00..78990.15 rows=11485 width=3)
Seq Scan on voter_2  (cost=0.00..9980.58 rows=109066 width=4)
Seq Scan on voter_2  (cost=0.00..9980.58 rows=44052 width=4)
Seq Scan on voter_2  (cost=0.00..9980.58 rows=73074 width=4)
Nested Loop  (cost=1000.00..78990.15 rows=11485 width=3)
Nested Loop  (cost=1000.00..84529.97 rows=61847 width=3)
Nested Loop  (cost=1000.00..78990.15 rows=11485 width=3)
Nested Loop  (cost=1000.00..82756.33 rows=45723 width=3)
Seq Scan on voter_2  (cost=0.00..9980.58 rows=35808 width=4)
Seq Scan on voter_2  (cost=0.00..9980.58 rows=32474 width=4)
Seq Scan on voter_2  (cost=0.00..9980.58 rows=37517 width=4)
Nested Loop  (cost=1000.00..78990.15 rows=11485 width=3)
Nested Loop  (cost=1000.00..80569.53 rows=25843 width=3)
Seq Scan on voter_2  (cost=0.00..9980.58 rows=37517 width=4)
Seq Scan on voter_2  (cost=0.00..9980.58 rows=37517 width=4)
Nested Loop  (cost=1000.00..78990.15 rows=11485 width=3)
Seq Scan on voter_2  (cost=0.00..9980.58 rows=32658 width=4)
Seq Scan on voter_2  (cost=0.00..9980.58 rows=37517 width=4)
Seq Scan on voter_2  (cost=0.00..9980.58 rows=109066 width=4)
Nested Loop  (cost=1000.00..83388.06 rows=51466 width=3)
Nested Loop  (cost=1000.00..78990.15 rows=11485 width=3)
Seq Scan on voter_2  (cost=0.00..9980.58 rows=32658 width=4)
Seq Scan on voter_2  (cost=0.00..9980.58 rows=37651 width=4)
Nested Loop  (cost=1000.00..82100.29 rows=39759 width=3)
Nested Loop  (cost=1000.00..84481.46 rows=61406 width=3)
Nested Loop  (cost=1000.00..78990.15 rows=11485 width=3)
Seq Scan on voter_2  (cost=0.00..9980.58 rows=32474 width=4)
Seq Scan on voter_2  (cost=0.00..9980.58 rows=109066 width=4)
Nested Loop  (cost=1000.00..78990.15 rows=11485 width=3)
Nested Loop  (cost=1000.00..78990.15 rows=11485 width=3)
Seq Scan on voter_2  (cost=0.00..9980.58 rows=34853 width=4)
Nested Loop  (cost=1000.00..78990.15 rows=11485 width=3)
Seq Scan on voter_2  (cost=0.00..9980.58 rows=31351 width=4)
Seq Scan on voter_2  (cost=0.00..9980.58 rows=73074 width=4)
Nested Loop  (cost=1000.00..78990.15 rows=11485 width=3)
Nested Loop  (cost=1000.00..78990.15 rows=11485 width=3)
Seq Scan on voter_2  (cost=0.00..9980.58 rows=37651 width=4)
Seq Scan on voter_2  (cost=0.00..9980.58 rows=109066 width=4)
Nested Loop  (cost=1000.00..78990.15 rows=11485 width=3)
Nested Loop  (cost=1000.00..78990.15 rows=11485 width=3)
Nested Loop  (cost=1000.00..83752.49 rows=54779 width=3)
Nested Loop  (cost=1000.00..80569.53 rows=25843 width=3)
Nested Loop  (cost=1000.00..78990.15 rows=11485 width=3)
Seq Scan on voter_2  (cost=0.00..9980.58 rows=34183 width=4)
Seq Scan on voter_2  (cost=0.00..9980.58 rows=34853 width=4)
Seq Scan on voter_2  (cost=0.00..9980.58 rows=73074 width=4)
Seq Scan on voter_2  (cost=0.00..9980.58 rows=109066 width=4)
Nested Loop  (cost=1000.00..78990.15 rows=11485 width=3)
Nested Loop  (cost=1000.00..78990.15 rows=11485 width=3)
Seq Scan on voter_2  (cost=0.00..9980.58 rows=34853 width=4)
Seq Scan on voter_2  (cost=0.00..9980.58 rows=34853 width=4)
Seq Scan on voter_2  (cost=0.00..9980.58 rows=32658 width=4)
Seq Scan on voter_2  (cost=0.00..9980.58 rows=109066 width=4)
Nested Loop  (cost=1000.00..78990.15 rows=11485 width=3)
Nested Loop  (cost=1000.00..84019.79 rows=57209 width=3)
Nested Loop  (cost=1000.00..78990.15 rows=11485 width=3)
Seq Scan on voter_2  (cost=0.00..9980.58 rows=32658 width=4)
Nested Loop  (cost=1000.00..78990.15 rows=11485 width=3)
Seq Scan on voter_2  (cost=0.00..9980.58 rows=44052 width=4)
Seq Scan on voter_2  (cost=0.00..9980.58 rows=32474 width=4)
Seq Scan on voter_2  (cost=0.00..9980.58 rows=73074 width=4)
Seq Scan on voter_2  (cost=0.00..9980.58 rows=32474 width=4)
Nested Loop  (cost=1000.00..78990.15 rows=11485 width=3)
Seq Scan on voter_2  (cost=0.00..9980.58 rows=34183 width=4)
Nested Loop  (cost=1000.00..78990.15 rows=11485 width=3)
Nested Loop  (cost=1000.00..78990.15 rows=11485 width=3)
Nested Loop  (cost=1000.00..82124.60 rows=39980 width=3)
Nested Loop  (cost=1000.00..78990.15 rows=11485 width=3)
Seq Scan on voter_2  (cost=0.00..9980.58 rows=73074 width=4)
Nested Loop  (cost=1000.00..84238.47 rows=59197 width=3)
Nested Loop  (cost=1000.00..83120.76 rows=49036 width=3)
Nested Loop  (cost=1000.00..78990.15 rows=11485 width=3)
Seq Scan on voter_2  (cost=0.00..9980.58 rows=37651 width=4)
Nested Loop  (cost=1000.00..81274.19 rows=32249 width=3)
Nested Loop  (cost=1000.00..78990.15 rows=11485 width=3)
Seq Scan on voter_2  (cost=0.00..9980.58 rows=44052 width=4)
Seq Scan on voter_2  (cost=0.00..9980.58 rows=109066 width=4)
Nested Loop  (cost=1000.00..80545.22 rows=25622 width=3)
Seq Scan on voter_2  (cost=0.00..9980.58 rows=32474 width=4)
Seq Scan on voter_2  (cost=0.00..9980.58 rows=109066 width=4)
Nested Loop  (cost=1000.00..78990.15 rows=11485 width=3)
Seq Scan on voter_2  (cost=0.00..9980.58 rows=35808 width=4)
Seq Scan on voter_2  (cost=0.00..9980.58 rows=31351 width=4)
Seq Scan on voter_2  (cost=0.00..9980.58 rows=37651 width=4)
Nested Loop  (cost=1000.00..78990.15 rows=11485 width=3)
Nested Loop  (cost=1000.00..78990.15 rows=11485 width=3)
Seq Scan on voter_2  (cost=0.00..9980.58 rows=73074 width=4)
Seq Scan on voter_2  (cost=0.00..9980.58 rows=32474 width=4)
Seq Scan on voter_2  (cost=0.00..9980.58 rows=31351 width=4)
Seq Scan on voter_2  (cost=0.00..9980.58 rows=109066 width=4)
Nested Loop  (cost=1000.00..84165.54 rows=58534 width=3)
Nested Loop  (cost=1000.00..83460.88 rows=52128 width=3)
Nested Loop  (cost=1000.00..78990.15 rows=11485 width=3)
Nested Loop  (cost=1000.00..78990.15 rows=11485 width=3)
Seq Scan on voter_2  (cost=0.00..9980.58 rows=109066 width=4)
Nested Loop  (cost=1000.00..78990.15 rows=11485 width=3)
Seq Scan on voter_2  (cost=0.00..9980.58 rows=109066 width=4)
Nested Loop  (cost=1000.00..80399.47 rows=24297 width=3)
Seq Scan on voter_2  (cost=0.00..9980.58 rows=31351 width=4)
Seq Scan on voter_2  (cost=0.00..9980.58 rows=37651 width=4)
Nested Loop  (cost=1000.00..78990.15 rows=11485 width=3)
Nested Loop  (cost=1000.00..82829.15 rows=46385 width=3)
Nested Loop  (cost=1000.00..84457.15 rows=61185 width=3)
Nested Loop  (cost=1000.00..81201.26 rows=31586 width=3)
Seq Scan on voter_2  (cost=0.00..9980.58 rows=32658 width=4)
Nested Loop  (cost=1000.00..82367.59 rows=42189 width=3)
Seq Scan on voter_2  (cost=0.00..9980.58 rows=32474 width=4)
Nested Loop  (cost=1000.00..80788.21 rows=27831 width=3)
Seq Scan on voter_2  (cost=0.00..9980.58 rows=32658 width=4)
Nested Loop  (cost=1000.00..78990.15 rows=11485 width=3)
Seq Scan on voter_2  (cost=0.00..9980.58 rows=34853 width=4)
Seq Scan on voter_2  (cost=0.00..9980.58 rows=32474 width=4)
Seq Scan on voter_2  (cost=0.00..9980.58 rows=32658 width=4)
Nested Loop  (cost=1000.00..78990.15 rows=11485 width=3)
Seq Scan on voter_2  (cost=0.00..9980.58 rows=109066 width=4)
Seq Scan on voter_2  (cost=0.00..9980.58 rows=34853 width=4)
Seq Scan on voter_2  (cost=0.00..9980.58 rows=34853 width=4)
Nested Loop  (cost=1000.00..78990.15 rows=11485 width=3)
Seq Scan on voter_2  (cost=0.00..9980.58 rows=31351 width=4)
Nested Loop  (cost=1000.00..78990.15 rows=11485 width=3)
Nested Loop  (cost=1000.00..78990.15 rows=11485 width=3)
Nested Loop  (cost=1000.00..78990.15 rows=11485 width=3)
Seq Scan on voter_2  (cost=0.00..9980.58 rows=31351 width=4)
Seq Scan on voter_2  (cost=0.00..9980.58 rows=32474 width=4)
Nested Loop  (cost=1000.00..78990.15 rows=11485 width=3)
Nested Loop  (cost=1000.00..78990.15 rows=11485 width=3)
Nested Loop  (cost=1000.00..81614.31 rows=35341 width=3)
Seq Scan on voter_2  (cost=0.00..9980.58 rows=37517 width=4)
Nested Loop  (cost=1000.00..83995.48 rows=56988 width=3)
Seq Scan on voter_2  (cost=0.00..9980.58 rows=37651 width=4)
Nested Loop  (cost=1000.00..78990.15 rows=11485 width=3)
Nested Loop  (cost=1000.00..84481.46 rows=61406 width=3)
Nested Loop  (cost=1000.00..78990.15 rows=11485 width=3)
Seq Scan on voter_2  (cost=0.00..9980.58 rows=109066 width=4)
Seq Scan on voter_2  (cost=0.00..9980.58 rows=109066 width=4)
Seq Scan on voter_2  (cost=0.00..9980.58 rows=109066 width=4)
Seq Scan on voter_2  (cost=0.00..9980.58 rows=109066 width=4)
Nested Loop  (cost=1000.00..80448.09 rows=24739 width=3)
Nested Loop  (cost=1000.00..78990.15 rows=11485 width=3)
Seq Scan on voter_2  (cost=0.00..9980.58 rows=32658 width=4)
Seq Scan on voter_2  (cost=0.00..9980.58 rows=37651 width=4)
Seq Scan on voter_2  (cost=0.00..9980.58 rows=73074 width=4)
Seq Scan on voter_2  (cost=0.00..9980.58 rows=31351 width=4)
Nested Loop  (cost=1000.00..78990.15 rows=11485 width=3)
Nested Loop  (cost=1000.00..78990.15 rows=11485 width=3)
Seq Scan on voter_2  (cost=0.00..9980.58 rows=37651 width=4)
Nested Loop  (cost=1000.00..78990.15 rows=11485 width=3)
Nested Loop  (cost=1000.00..78990.15 rows=11485 width=3)
Seq Scan on voter_2  (cost=0.00..9980.58 rows=109066 width=4)
Seq Scan on voter_2  (cost=0.00..9980.58 rows=44052 width=4)
Nested Loop  (cost=1000.00..78990.15 rows=11485 width=3)
Seq Scan on voter_2  (cost=0.00..9980.58 rows=73074 width=4)
Seq Scan on voter_2  (cost=0.00..9980.58 rows=73074 width=4)
Nested Loop  (cost=1000.00..78990.15 rows=11485 width=3)
Nested Loop  (cost=1000.00..78990.15 rows=11485 width=3)
Nested Loop  (cost=1000.00..78990.15 rows=11485 width=3)
Nested Loop  (cost=1000.00..78990.15 rows=11485 width=3)
Seq Scan on voter_2  (cost=0.00..9980.58 rows=109066 width=4)
Nested Loop  (cost=1000.00..81905.92 rows=37992 width=3)
Seq Scan on voter_2  (cost=0.00..9980.58 rows=34853 width=4)
Seq Scan on voter_2  (cost=0.00..9980.58 rows=73074 width=4)
Nested Loop  (cost=1000.00..78990.15 rows=11485 width=3)
Seq Scan on voter_2  (cost=0.00..9980.58 rows=32658 width=4)
Nested Loop  (cost=1000.00..78990.15 rows=11485 width=3)
Nested Loop  (cost=1000.00..78990.15 rows=11485 width=3)
Seq Scan on voter_2  (cost=0.00..9980.58 rows=73074 width=4)
Nested Loop  (cost=1000.00..78990.15 rows=11485 width=3)
Seq Scan on voter_2  (cost=0.00..9980.58 rows=73074 width=4)
Nested Loop  (cost=1000.00..84262.78 rows=59418 width=3)
Seq Scan on voter_2  (cost=0.00..9980.58 rows=34853 width=4)
Seq Scan on voter_2  (cost=0.00..9980.58 rows=44052 width=4)
Nested Loop  (cost=1000.00..78990.15 rows=11485 width=3)
Nested Loop  (cost=1000.00..78990.15 rows=11485 width=3)
Seq Scan on voter_2  (cost=0.00..9980.58 rows=109066 width=4)
Nested Loop  (cost=1000.00..83873.93 rows=55883 width=3)
Seq Scan on voter_2  (cost=0.00..9980.58 rows=37517 width=4)
Nested Loop  (cost=1000.00..80375.16 rows=24076 width=3)
Seq Scan on voter_2  (cost=0.00..9980.58 rows=109066 width=4)
Nested Loop  (cost=1000.00..78990.15 rows=11485 width=3)
Seq Scan on voter_2  (cost=0.00..9980.58 rows=109066 width=4)
Seq Scan on voter_2  (cost=0.00..9980.58 rows=109066 width=4)
Seq Scan on voter_2  (cost=0.00..9980.58 rows=44052 width=4)
Seq Scan on voter_2  (cost=0.00..9980.58 rows=37651 width=4)
Nested Loop  (cost=1000.00..78990.15 rows=11485 width=3)
Nested Loop  (cost=1000.00..78990.15 rows=11485 width=3)
Seq Scan on voter_2  (cost=0.00..9980.58 rows=35808 width=4)
Nested Loop  (cost=1000.00..78990.15 rows=11485 width=3)
Seq Scan on voter_2  (cost=0.00..9980.58 rows=31351 width=4)
Seq Scan on voter_2  (cost=0.00..9980.58 rows=109066 width=4)
Nested Loop  (cost=1000.00..78990.15 rows=11485 width=3)
Nested Loop  (cost=1000.00..78990.15 rows=11485 width=3)
Nested Loop  (cost=1000.00..78990.15 rows=11485 width=3)
Nested Loop  (cost=1000.00..78990.15 rows=11485 width=3)
Seq Scan on voter_2  (cost=0.00..9980.58 rows=73074 width=4)
Nested Loop  (cost=1000.00..78990.15 rows=11485 width=3)
Seq Scan on voter_2  (cost=0.00..9980.58 rows=109066 width=4)
Nested Loop  (cost=1000.00..78990.15 rows=11485 width=3)
Seq Scan on voter_2  (cost=0.00..9980.58 rows=73074 width=4)
Seq Scan on voter_2  (cost=0.00..9980.58 rows=31351 width=4)
Nested Loop  (cost=1000.00..78990.15 rows=11485 width=3)
Seq Scan on voter_2  (cost=0.00..9980.58 rows=32658 width=4)
Seq Scan on voter_2  (cost=0.00..9980.58 rows=44052 width=4)
Nested Loop  (cost=1000.00..78990.15 rows=11485 width=3)
Nested Loop  (cost=1000.00..80545.22 rows=25622 width=3)
Nested Loop  (cost=1000.00..82003.05 rows=38875 width=3)
Seq Scan on voter_2  (cost=0.00..9980.58 rows=32474 width=4)
Seq Scan on voter_2  (cost=0.00..9980.58 rows=44052 width=4)
Seq Scan on voter_2  (cost=0.00..9980.58 rows=109066 width=4)
Seq Scan on voter_2  (cost=0.00..9980.58 rows=37651 width=4)
Seq Scan on voter_2  (cost=0.00..9980.58 rows=44052 width=4)
Nested Loop  (cost=1000.00..80472.40 rows=24960 width=3)
Seq Scan on voter_2  (cost=0.00..9980.58 rows=37651 width=4)
Nested Loop  (cost=1000.00..78990.15 rows=11485 width=3)
Nested Loop  (cost=1000.00..83922.55 rows=56325 width=3)
Nested Loop  (cost=1000.00..84116.92 rows=58092 width=3)
Seq Scan on voter_2  (cost=0.00..9980.58 rows=37651 width=4)
Nested Loop  (cost=1000.00..78990.15 rows=11485 width=3)
Seq Scan on voter_2  (cost=0.00..9980.58 rows=35808 width=4)
Nested Loop  (cost=1000.00..78990.15 rows=11485 width=3)
Nested Loop  (cost=1000.00..80788.21 rows=27831 width=3)
Nested Loop  (cost=1000.00..78990.15 rows=11485 width=3)
Nested Loop  (cost=1000.00..84092.61 rows=57871 width=3)
Seq Scan on voter_2  (cost=0.00..9980.58 rows=35808 width=4)
Nested Loop  (cost=1000.00..78990.15 rows=11485 width=3)
Seq Scan on voter_2  (cost=0.00..9980.58 rows=44052 width=4)
Nested Loop  (cost=1000.00..83873.93 rows=55883 width=3)
Seq Scan on voter_2  (cost=0.00..9980.58 rows=31351 width=4)
Seq Scan on voter_2  (cost=0.00..9980.58 rows=73074 width=4)
Nested Loop  (cost=1000.00..78990.15 rows=11485 width=3)
Nested Loop  (cost=1000.00..78990.15 rows=11485 width=3)
Seq Scan on voter_2  (cost=0.00..9980.58 rows=73074 width=4)
Seq Scan on voter_2  (cost=0.00..9980.58 rows=109066 width=4)
Nested Loop  (cost=1000.00..83388.06 rows=51466 width=3)
Nested Loop  (cost=1000.00..78990.15 rows=11485 width=3)
Seq Scan on voter_2  (cost=0.00..9980.58 rows=109066 width=4)
Seq Scan on voter_2  (cost=0.00..9980.58 rows=32474 width=4)
Seq Scan on voter_2  (cost=0.00..9980.58 rows=37651 width=4)
Seq Scan on voter_2  (cost=0.00..9980.58 rows=37651 width=4)
Nested Loop  (cost=1000.00..82367.59 rows=42189 width=3)
Seq Scan on voter_2  (cost=0.00..9980.58 rows=44052 width=4)
Seq Scan on voter_2  (cost=0.00..9980.58 rows=34853 width=4)
Nested Loop  (cost=1000.00..78990.15 rows=11485 width=3)
Seq Scan on voter_2  (cost=0.00..9980.58 rows=32658 width=4)
Nested Loop  (cost=1000.00..80861.14 rows=28494 width=3)
Seq Scan on voter_2  (cost=0.00..9980.58 rows=44052 width=4)
Nested Loop  (cost=1000.00..81395.63 rows=33353 width=3)
Nested Loop  (cost=1000.00..78990.15 rows=11485 width=3)
Nested Loop  (cost=1000.00..78990.15 rows=11485 width=3)
Seq Scan on voter_2  (cost=0.00..9980.58 rows=44052 width=4)
Nested Loop  (cost=1000.00..78990.15 rows=11485 width=3)
Nested Loop  (cost=1000.00..78990.15 rows=11485 width=3)
Seq Scan on voter_2  (cost=0.00..9980.58 rows=34853 width=4)
Nested Loop  (cost=1000.00..78990.15 rows=11485 width=3)
Nested Loop  (cost=1000.00..78990.15 rows=11485 width=3)
Nested Loop  (cost=1000.00..78990.15 rows=11485 width=3)
Seq Scan on voter_2  (cost=0.00..9980.58 rows=73074 width=4)
Seq Scan on voter_2  (cost=0.00..9980.58 rows=73074 width=4)
Nested Loop  (cost=1000.00..78990.15 rows=11485 width=3)
Seq Scan on voter_2  (cost=0.00..9980.58 rows=109066 width=4)
Seq Scan on voter_2  (cost=0.00..9980.58 rows=37651 width=4)
Seq Scan on voter_2  (cost=0.00..9980.58 rows=109066 width=4)
Nested Loop  (cost=1000.00..82610.58 rows=44398 width=3)
Seq Scan on voter_2  (cost=0.00..9980.58 rows=32658 width=4)
Seq Scan on voter_2  (cost=0.00..9980.58 rows=31351 width=4)
Nested Loop  (cost=1000.00..78990.15 rows=11485 width=3)
Nested Loop  (cost=1000.00..80861.14 rows=28494 width=3)
Seq Scan on voter_2  (cost=0.00..9980.58 rows=34183 width=4)
Seq Scan on voter_2  (cost=0.00..9980.58 rows=73074 width=4)
Nested Loop  (cost=1000.00..78990.15 rows=11485 width=3)
Seq Scan on voter_2  (cost=0.00..9980.58 rows=109066 width=4)
Nested Loop  (cost=1000.00..78990.15 rows=11485 width=3)
Nested Loop  (cost=1000.00..78990.15 rows=11485 width=3)
Seq Scan on voter_2  (cost=0.00..9980.58 rows=73074 width=4)
Seq Scan on voter_2  (cost=0.00..9980.58 rows=73074 width=4)
Nested Loop  (cost=1000.00..80788.21 rows=27831 width=3)
Nested Loop  (cost=1000.00..78990.15 rows=11485 width=3)
Seq Scan on voter_2  (cost=0.00..9980.58 rows=32474 width=4)
Nested Loop  (cost=1000.00..81905.92 rows=37992 width=3)
Seq Scan on voter_2  (cost=0.00..9980.58 rows=109066 width=4)
Seq Scan on voter_2  (cost=0.00..9980.58 rows=32658 width=4)
Nested Loop  (cost=1000.00..78990.15 rows=11485 width=3)
Nested Loop  (cost=1000.00..82318.97 rows=41747 width=3)
Nested Loop  (cost=1000.00..82124.60 rows=39980 width=3)
Nested Loop  (cost=1000.00..78990.15 rows=11485 width=3)
Seq Scan on voter_2  (cost=0.00..9980.58 rows=35808 width=4)
Nested Loop  (cost=1000.00..80861.14 rows=28494 width=3)
Nested Loop  (cost=1000.00..80788.21 rows=27831 width=3)
Seq Scan on voter_2  (cost=0.00..9980.58 rows=73074 width=4)
Seq Scan on voter_2  (cost=0.00..9980.58 rows=109066 width=4)
Seq Scan on voter_2  (cost=0.00..9980.58 rows=32474 width=4)
Seq Scan on voter_2  (cost=0.00..9980.58 rows=109066 width=4)
Seq Scan on voter_2  (cost=0.00..9980.58 rows=73074 width=4)
Nested Loop  (cost=1000.00..78990.15 rows=11485 width=3)
Nested Loop  (cost=1000.00..78990.15 rows=11485 width=3)
Seq Scan on voter_2  (cost=0.00..9980.58 rows=32474 width=4)
Seq Scan on voter_2  (cost=0.00..9980.58 rows=32658 width=4)
Nested Loop  (cost=1000.00..78990.15 rows=11485 width=3)
Nested Loop  (cost=1000.00..78990.15 rows=11485 width=3)
Seq Scan on voter_2  (cost=0.00..9980.58 rows=109066 width=4)
Seq Scan on voter_2  (cost=0.00..9980.58 rows=109066 width=4)
Seq Scan on voter_2  (cost=0.00..9980.58 rows=37517 width=4)
Nested Loop  (cost=1000.00..78990.15 rows=11485 width=3)
Seq Scan on voter_2  (cost=0.00..9980.58 rows=34183 width=4)
Nested Loop  (cost=1000.00..80399.47 rows=24297 width=3)
Nested Loop  (cost=1000.00..80399.47 rows=24297 width=3)
Nested Loop  (cost=1000.00..78990.15 rows=11485 width=3)
Seq Scan on voter_2  (cost=0.00..9980.58 rows=109066 width=4)
Nested Loop  (cost=1000.00..78990.15 rows=11485 width=3)
Nested Loop  (cost=1000.00..78990.15 rows=11485 width=3)
Seq Scan on voter_2  (cost=0.00..9980.58 rows=73074 width=4)
Nested Loop  (cost=1000.00..78990.15 rows=11485 width=3)
Nested Loop  (cost=1000.00..82586.27 rows=44177 width=3)
Seq Scan on voter_2  (cost=0.00..9980.58 rows=109066 width=4)
Seq Scan on voter_2  (cost=0.00..9980.58 rows=73074 width=4)
Nested Loop  (cost=1000.00..78990.15 rows=11485 width=3)
Nested Loop  (cost=1000.00..78990.15 rows=11485 width=3)
Seq Scan on voter_2  (cost=0.00..9980.58 rows=73074 width=4)
Seq Scan on voter_2  (cost=0.00..9980.58 rows=34853 width=4)
Seq Scan on voter_2  (cost=0.00..9980.58 rows=44052 width=4)
Nested Loop  (cost=1000.00..78990.15 rows=11485 width=3)
Nested Loop  (cost=1000.00..82124.60 rows=39980 width=3)
Seq Scan on voter_2  (cost=0.00..9980.58 rows=73074 width=4)
Seq Scan on voter_2  (cost=0.00..9980.58 rows=31351 width=4)
Seq Scan on voter_2  (cost=0.00..9980.58 rows=73074 width=4)
Nested Loop  (cost=1000.00..78990.15 rows=11485 width=3)
Seq Scan on voter_2  (cost=0.00..9980.58 rows=109066 width=4)
Seq Scan on voter_2  (cost=0.00..9980.58 rows=73074 width=4)
Nested Loop  (cost=1000.00..81395.63 rows=33353 width=3)
Seq Scan on voter_2  (cost=0.00..9980.58 rows=109066 width=4)
Nested Loop  (cost=1000.00..78990.15 rows=11485 width=3)
Seq Scan on voter_2  (cost=0.00..9980.58 rows=32474 width=4)
Nested Loop  (cost=1000.00..78990.15 rows=11485 width=3)
Seq Scan on voter_2  (cost=0.00..9980.58 rows=73074 width=4)
Seq Scan on voter_2  (cost=0.00..9980.58 rows=109066 width=4)
Nested Loop  (cost=1000.00..82343.28 rows=41968 width=3)
Nested Loop  (cost=1000.00..80521.02 rows=25402 width=3)
Nested Loop  (cost=1000.00..78990.15 rows=11485 width=3)
Nested Loop  (cost=1000.00..80399.47 rows=24297 width=3)
Nested Loop  (cost=1000.00..78990.15 rows=11485 width=3)
Nested Loop  (cost=1000.00..82003.05 rows=38875 width=3)
Seq Scan on voter_2  (cost=0.00..9980.58 rows=109066 width=4)
Nested Loop  (cost=1000.00..83703.87 rows=54337 width=3)
Nested Loop  (cost=1000.00..78990.15 rows=11485 width=3)
Seq Scan on voter_2  (cost=0.00..9980.58 rows=73074 width=4)
Seq Scan on voter_2  (cost=0.00..9980.58 rows=37517 width=4)
Nested Loop  (cost=1000.00..80399.47 rows=24297 width=3)
Seq Scan on voter_2  (cost=0.00..9980.58 rows=44052 width=4)
Seq Scan on voter_2  (cost=0.00..9980.58 rows=37651 width=4)
Seq Scan on voter_2  (cost=0.00..9980.58 rows=34183 width=4)
Nested Loop  (cost=1000.00..80375.16 rows=24076 width=3)
Seq Scan on voter_2  (cost=0.00..9980.58 rows=31351 width=4)
Nested Loop  (cost=1000.00..78990.15 rows=11485 width=3)
Seq Scan on voter_2  (cost=0.00..9980.58 rows=35808 width=4)
Seq Scan on voter_2  (cost=0.00..9980.58 rows=34183 width=4)
Seq Scan on voter_2  (cost=0.00..9980.58 rows=31351 width=4)
Nested Loop  (cost=1000.00..78990.15 rows=11485 width=3)
Seq Scan on voter_2  (cost=0.00..9980.58 rows=37651 width=4)
Seq Scan on voter_2  (cost=0.00..9980.58 rows=44052 width=4)
Nested Loop  (cost=1000.00..78990.15 rows=11485 width=3)
Nested Loop  (cost=1000.00..78990.15 rows=11485 width=3)
Seq Scan on voter_2  (cost=0.00..9980.58 rows=37517 width=4)
Nested Loop  (cost=1000.00..78990.15 rows=11485 width=3)
Seq Scan on voter_2  (cost=0.00..9980.58 rows=34183 width=4)
Nested Loop  (cost=1000.00..78990.15 rows=11485 width=3)
Nested Loop  (cost=1000.00..78990.15 rows=11485 width=3)
Nested Loop  (cost=1000.00..82489.03 rows=43293 width=3)
Nested Loop  (cost=1000.00..82829.15 rows=46385 width=3)
Nested Loop  (cost=1000.00..80496.71 rows=25181 width=3)
Nested Loop  (cost=1000.00..78990.15 rows=11485 width=3)
Seq Scan on voter_2  (cost=0.00..9980.58 rows=44052 width=4)
Nested Loop  (cost=1000.00..78990.15 rows=11485 width=3)
Seq Scan on voter_2  (cost=0.00..9980.58 rows=37651 width=4)
Seq Scan on voter_2  (cost=0.00..9980.58 rows=109066 width=4)
Seq Scan on voter_2  (cost=0.00..9980.58 rows=37517 width=4)
Nested Loop  (cost=1000.00..84481.46 rows=61406 width=3)
Seq Scan on voter_2  (cost=0.00..9980.58 rows=73074 width=4)
Seq Scan on voter_2  (cost=0.00..9980.58 rows=34853 width=4)
Seq Scan on voter_2  (cost=0.00..9980.58 rows=37517 width=4)
Nested Loop  (cost=1000.00..82756.33 rows=45723 width=3)
Nested Loop  (cost=1000.00..78990.15 rows=11485 width=3)
Seq Scan on voter_2  (cost=0.00..9980.58 rows=37651 width=4)
Nested Loop  (cost=1000.00..78990.15 rows=11485 width=3)
Seq Scan on voter_2  (cost=0.00..9980.58 rows=32658 width=4)
Seq Scan on voter_2  (cost=0.00..9980.58 rows=32658 width=4)
Seq Scan on voter_2  (cost=0.00..9980.58 rows=35808 width=4)
Nested Loop  (cost=1000.00..78990.15 rows=11485 width=3)
Nested Loop  (cost=1000.00..78990.15 rows=11485 width=3)
Nested Loop  (cost=1000.00..81249.88 rows=32028 width=3)
Seq Scan on voter_2  (cost=0.00..9980.58 rows=34183 width=4)
Seq Scan on voter_2  (cost=0.00..9980.58 rows=34853 width=4)
Seq Scan on voter_2  (cost=0.00..9980.58 rows=31351 width=4)
Nested Loop  (cost=1000.00..78990.15 rows=11485 width=3)
Nested Loop  (cost=1000.00..78990.15 rows=11485 width=3)
Nested Loop  (cost=1000.00..81930.23 rows=38213 width=3)
Nested Loop  (cost=1000.00..78990.15 rows=11485 width=3)
Nested Loop  (cost=1000.00..80375.16 rows=24076 width=3)
Nested Loop  (cost=1000.00..78990.15 rows=11485 width=3)
Seq Scan on voter_2  (cost=0.00..9980.58 rows=37517 width=4)
Nested Loop  (cost=1000.00..78990.15 rows=11485 width=3)
Seq Scan on voter_2  (cost=0.00..9980.58 rows=37517 width=4)
Seq Scan on voter_2  (cost=0.00..9980.58 rows=34853 width=4)
Seq Scan on voter_2  (cost=0.00..9980.58 rows=32474 width=4)
Seq Scan on voter_2  (cost=0.00..9980.58 rows=32658 width=4)
Nested Loop  (cost=1000.00..78990.15 rows=11485 width=3)
Seq Scan on voter_2  (cost=0.00..9980.58 rows=44052 width=4)
Nested Loop  (cost=1000.00..78990.15 rows=11485 width=3)
Seq Scan on voter_2  (cost=0.00..9980.58 rows=31351 width=4)
Seq Scan on voter_2  (cost=0.00..9980.58 rows=37651 width=4)
Seq Scan on voter_2  (cost=0.00..9980.58 rows=35808 width=4)
Seq Scan on voter_2  (cost=0.00..9980.58 rows=31351 width=4)
Nested Loop  (cost=1000.00..78990.15 rows=11485 width=3)
Nested Loop  (cost=1000.00..78990.15 rows=11485 width=3)
Seq Scan on voter_2  (cost=0.00..9980.58 rows=35808 width=4)
Nested Loop  (cost=1000.00..84262.78 rows=59418 width=3)
Nested Loop  (cost=1000.00..78990.15 rows=11485 width=3)
Seq Scan on voter_2  (cost=0.00..9980.58 rows=31351 width=4)
Nested Loop  (cost=1000.00..80593.84 rows=26064 width=3)
Seq Scan on voter_2  (cost=0.00..9980.58 rows=73074 width=4)
Seq Scan on voter_2  (cost=0.00..9980.58 rows=35808 width=4)
Nested Loop  (cost=1000.00..78990.15 rows=11485 width=3)
Nested Loop  (cost=1000.00..81104.13 rows=30703 width=3)
Nested Loop  (cost=1000.00..84092.61 rows=57871 width=3)
Nested Loop  (cost=1000.00..78990.15 rows=11485 width=3)
Nested Loop  (cost=1000.00..78990.15 rows=11485 width=3)
Seq Scan on voter_2  (cost=0.00..9980.58 rows=109066 width=4)
Seq Scan on voter_2  (cost=0.00..9980.58 rows=32474 width=4)
Seq Scan on voter_2  (cost=0.00..9980.58 rows=44052 width=4)
Nested Loop  (cost=1000.00..78990.15 rows=11485 width=3)
Nested Loop  (cost=1000.00..81104.13 rows=30703 width=3)
Seq Scan on voter_2  (cost=0.00..9980.58 rows=31351 width=4)
Seq Scan on voter_2  (cost=0.00..9980.58 rows=44052 width=4)
Nested Loop  (cost=1000.00..80836.83 rows=28273 width=3)
Nested Loop  (cost=1000.00..84262.78 rows=59418 width=3)
Seq Scan on voter_2  (cost=0.00..9980.58 rows=31351 width=4)
Seq Scan on voter_2  (cost=0.00..9980.58 rows=109066 width=4)
Nested Loop  (cost=1000.00..78990.15 rows=11485 width=3)
Nested Loop  (cost=1000.00..78990.15 rows=11485 width=3)
Seq Scan on voter_2  (cost=0.00..9980.58 rows=32658 width=4)
Seq Scan on voter_2  (cost=0.00..9980.58 rows=44052 width=4)
Seq Scan on voter_2  (cost=0.00..9980.58 rows=32474 width=4)
Nested Loop  (cost=1000.00..80982.58 rows=29598 width=3)
Nested Loop  (cost=1000.00..78990.15 rows=11485 width=3)
Seq Scan on voter_2  (cost=0.00..9980.58 rows=35808 width=4)
Nested Loop  (cost=1000.00..78990.15 rows=11485 width=3)
Nested Loop  (cost=1000.00..78990.15 rows=11485 width=3)
Nested Loop  (cost=1000.00..83995.48 rows=56988 width=3)
Seq Scan on voter_2  (cost=0.00..9980.58 rows=109066 width=4)
Nested Loop  (cost=1000.00..78990.15 rows=11485 width=3)
Seq Scan on voter_2  (cost=0.00..9980.58 rows=35808 width=4)
Nested Loop  (cost=1000.00..80399.47 rows=24297 width=3)
Nested Loop  (cost=1000.00..81905.92 rows=37992 width=3)
Seq Scan on voter_2  (cost=0.00..9980.58 rows=34853 width=4)
Seq Scan on voter_2  (cost=0.00..9980.58 rows=32474 width=4)
Seq Scan on voter_2  (cost=0.00..9980.58 rows=44052 width=4)
Nested Loop  (cost=1000.00..82075.98 rows=39538 width=3)
Seq Scan on voter_2  (cost=0.00..9980.58 rows=73074 width=4)
Seq Scan on voter_2  (cost=0.00..9980.58 rows=37517 width=4)
Seq Scan on voter_2  (cost=0.00..9980.58 rows=32658 width=4)
Nested Loop  (cost=1000.00..78990.15 rows=11485 width=3)
Nested Loop  (cost=1000.00..78990.15 rows=11485 width=3)
Seq Scan on voter_2  (cost=0.00..9980.58 rows=44052 width=4)
Nested Loop  (cost=1000.00..78990.15 rows=11485 width=3)
Seq Scan on voter_2  (cost=0.00..9980.58 rows=109066 width=4)
Seq Scan on voter_2  (cost=0.00..9980.58 rows=109066 width=4)
Nested Loop  (cost=1000.00..78990.15 rows=11485 width=3)
Nested Loop  (cost=1000.00..78990.15 rows=11485 width=3)
Nested Loop  (cost=1000.00..78990.15 rows=11485 width=3)
Nested Loop  (cost=1000.00..78990.15 rows=11485 width=3)
Seq Scan on voter_2  (cost=0.00..9980.58 rows=109066 width=4)
Seq Scan on voter_2  (cost=0.00..9980.58 rows=31351 width=4)
Seq Scan on voter_2  (cost=0.00..9980.58 rows=32658 width=4)
Seq Scan on voter_2  (cost=0.00..9980.58 rows=73074 width=4)
Nested Loop  (cost=1000.00..78990.15 rows=11485 width=3)
Nested Loop  (cost=1000.00..82829.15 rows=46385 width=3)
Nested Loop  (cost=1000.00..78990.15 rows=11485 width=3)
Nested Loop  (cost=1000.00..84335.60 rows=60080 width=3)
Nested Loop  (cost=1000.00..80399.47 rows=24297 width=3)
Seq Scan on voter_2  (cost=0.00..9980.58 rows=34853 width=4)
Seq Scan on voter_2  (cost=0.00..9980.58 rows=109066 width=4)
Nested Loop  (cost=1000.00..78990.15 rows=11485 width=3)
Seq Scan on voter_2  (cost=0.00..9980.58 rows=109066 width=4)
Seq Scan on voter_2  (cost=0.00..9980.58 rows=109066 width=4)
Nested Loop  (cost=1000.00..78990.15 rows=11485 width=3)
Nested Loop  (cost=1000.00..84092.61 rows=57871 width=3)
Nested Loop  (cost=1000.00..78990.15 rows=11485 width=3)
Seq Scan on voter_2  (cost=0.00..9980.58 rows=109066 width=4)
Seq Scan on voter_2  (cost=0.00..9980.58 rows=109066 width=4)
Seq Scan on voter_2  (cost=0.00..9980.58 rows=44052 width=4)
Seq Scan on voter_2  (cost=0.00..9980.58 rows=73074 width=4)
Nested Loop  (cost=1000.00..78990.15 rows=11485 width=3)
Nested Loop  (cost=1000.00..78990.15 rows=11485 width=3)
Seq Scan on voter_2  (cost=0.00..9980.58 rows=34183 width=4)
Seq Scan on voter_2  (cost=0.00..9980.58 rows=44052 width=4)
Seq Scan on voter_2  (cost=0.00..9980.58 rows=32474 width=4)
Seq Scan on voter_2  (cost=0.00..9980.58 rows=109066 width=4)
Seq Scan on voter_2  (cost=0.00..9980.58 rows=34183 width=4)
Nested Loop  (cost=1000.00..78990.15 rows=11485 width=3)
Nested Loop  (cost=1000.00..78990.15 rows=11485 width=3)
Nested Loop  (cost=1000.00..78990.15 rows=11485 width=3)
Nested Loop  (cost=1000.00..78990.15 rows=11485 width=3)
Seq Scan on voter_2  (cost=0.00..9980.58 rows=73074 width=4)
Gather  (cost=1000.00..7315.26 rows=1 width=4)
Seq Scan on voter_2  (cost=0.00..9980.58 rows=109066 width=4)
Nested Loop  (cost=1000.00..78990.15 rows=11485 width=3)
Seq Scan on voter_2  (cost=0.00..9980.58 rows=34853 width=4)
Seq Scan on voter_2  (cost=0.00..9980.58 rows=31351 width=4)
Nested Loop  (cost=1000.00..78990.15 rows=11485 width=3)
Nested Loop  (cost=1000.00..81274.19 rows=32249 width=3)
Seq Scan on voter_2  (cost=0.00..9980.58 rows=73074 width=4)
Nested Loop  (cost=1000.00..84141.23 rows=58313 width=3)
Nested Loop  (cost=1000.00..78990.15 rows=11485 width=3)
Seq Scan on voter_2  (cost=0.00..9980.58 rows=44052 width=4)
Nested Loop  (cost=1000.00..78990.15 rows=11485 width=3)
Nested Loop  (cost=1000.00..82075.98 rows=39538 width=3)
Nested Loop  (cost=1000.00..78990.15 rows=11485 width=3)
Seq Scan on voter_2  (cost=0.00..9980.58 rows=73074 width=4)
Seq Scan on voter_2  (cost=0.00..9980.58 rows=32658 width=4)
Nested Loop  (cost=1000.00..78990.15 rows=11485 width=3)
Seq Scan on voter_2  (cost=0.00..9980.58 rows=35808 width=4)
Nested Loop  (cost=1000.00..78990.15 rows=11485 width=3)
Seq Scan on voter_2  (cost=0.00..9980.58 rows=109066 width=4)
Nested Loop  (cost=1000.00..81395.63 rows=33353 width=3)
Seq Scan on voter_2  (cost=0.00..9980.58 rows=31351 width=4)
Nested Loop  (cost=1000.00..78990.15 rows=11485 width=3)
Seq Scan on voter_2  (cost=0.00..9980.58 rows=44052 width=4)
Seq Scan on voter_2  (cost=0.00..9980.58 rows=32658 width=4)
Seq Scan on voter_2  (cost=0.00..9980.58 rows=44052 width=4)
Nested Loop  (cost=1000.00..78990.15 rows=11485 width=3)
Nested Loop  (cost=1000.00..78990.15 rows=11485 width=3)
Seq Scan on voter_2  (cost=0.00..9980.58 rows=32658 width=4)
Nested Loop  (cost=1000.00..78990.15 rows=11485 width=3)
Nested Loop  (cost=1000.00..78990.15 rows=11485 width=3)
Seq Scan on voter_2  (cost=0.00..9980.58 rows=73074 width=4)
Seq Scan on voter_2  (cost=0.00..9980.58 rows=109066 width=4)
Nested Loop  (cost=1000.00..81055.51 rows=30261 width=3)
Seq Scan on voter_2  (cost=0.00..9980.58 rows=109066 width=4)
Nested Loop  (cost=1000.00..78990.15 rows=11485 width=3)
Seq Scan on voter_2  (cost=0.00..9980.58 rows=35808 width=4)
Nested Loop  (cost=1000.00..84335.60 rows=60080 width=3)
Nested Loop  (cost=1000.00..78990.15 rows=11485 width=3)
Seq Scan on voter_2  (cost=0.00..9980.58 rows=37517 width=4)
Nested Loop  (cost=1000.00..78990.15 rows=11485 width=3)
Seq Scan on voter_2  (cost=0.00..9980.58 rows=37651 width=4)
Seq Scan on voter_2  (cost=0.00..9980.58 rows=109066 width=4)
Nested Loop  (cost=1000.00..78990.15 rows=11485 width=3)
Nested Loop  (cost=1000.00..78990.15 rows=11485 width=3)
Seq Scan on voter_2  (cost=0.00..9980.58 rows=44052 width=4)
Nested Loop  (cost=1000.00..78990.15 rows=11485 width=3)
Seq Scan on voter_2  (cost=0.00..9980.58 rows=44052 width=4)
Seq Scan on voter_2  (cost=0.00..9980.58 rows=37651 width=4)
Nested Loop  (cost=1000.00..81104.13 rows=30703 width=3)
Nested Loop  (cost=1000.00..78990.15 rows=11485 width=3)
Nested Loop  (cost=1000.00..78990.15 rows=11485 width=3)
Nested Loop  (cost=1000.00..78990.15 rows=11485 width=3)
Seq Scan on voter_2  (cost=0.00..9980.58 rows=109066 width=4)
Seq Scan on voter_2  (cost=0.00..9980.58 rows=109066 width=4)
Seq Scan on voter_2  (cost=0.00..9980.58 rows=34183 width=4)
Nested Loop  (cost=1000.00..78990.15 rows=11485 width=3)
Nested Loop  (cost=1000.00..78990.15 rows=11485 width=3)
Nested Loop  (cost=1000.00..78990.15 rows=11485 width=3)
Seq Scan on voter_2  (cost=0.00..9980.58 rows=31351 width=4)
Nested Loop  (cost=1000.00..78990.15 rows=11485 width=3)
Seq Scan on voter_2  (cost=0.00..9980.58 rows=73074 width=4)
Nested Loop  (cost=1000.00..82829.15 rows=46385 width=3)
Seq Scan on voter_2  (cost=0.00..9980.58 rows=32658 width=4)
Nested Loop  (cost=1000.00..84165.54 rows=58534 width=3)
Seq Scan on voter_2  (cost=0.00..9980.58 rows=73074 width=4)
Seq Scan on voter_2  (cost=0.00..9980.58 rows=109066 width=4)
Nested Loop  (cost=1000.00..78990.15 rows=11485 width=3)
Seq Scan on voter_2  (cost=0.00..9980.58 rows=37651 width=4)
Seq Scan on voter_2  (cost=0.00..9980.58 rows=34853 width=4)
Seq Scan on voter_2  (cost=0.00..9980.58 rows=37517 width=4)
Seq Scan on voter_2  (cost=0.00..9980.58 rows=73074 width=4)
Nested Loop  (cost=1000.00..80569.53 rows=25843 width=3)
Nested Loop  (cost=1000.00..84238.47 rows=59197 width=3)
Nested Loop  (cost=1000.00..80836.83 rows=28273 width=3)
Nested Loop  (cost=1000.00..78990.15 rows=11485 width=3)
Nested Loop  (cost=1000.00..78990.15 rows=11485 width=3)
Seq Scan on voter_2  (cost=0.00..9980.58 rows=37517 width=4)
Nested Loop  (cost=1000.00..84238.47 rows=59197 width=3)
Seq Scan on voter_2  (cost=0.00..9980.58 rows=35808 width=4)
Seq Scan on voter_2  (cost=0.00..9980.58 rows=44052 width=4)
Seq Scan on voter_2  (cost=0.00..9980.58 rows=73074 width=4)
Seq Scan on voter_2  (cost=0.00..9980.58 rows=37651 width=4)
Nested Loop  (cost=1000.00..78990.15 rows=11485 width=3)
Nested Loop  (cost=1000.00..78990.15 rows=11485 width=3)
Seq Scan on voter_2  (cost=0.00..9980.58 rows=37651 width=4)
Seq Scan on voter_2  (cost=0.00..9980.58 rows=34183 width=4)
Seq Scan on voter_2  (cost=0.00..9980.58 rows=32658 width=4)
Seq Scan on voter_2  (cost=0.00..9980.58 rows=32658 width=4)
Nested Loop  (cost=1000.00..78990.15 rows=11485 width=3)
Nested Loop  (cost=1000.00..78990.15 rows=11485 width=3)
Seq Scan on voter_2  (cost=0.00..9980.58 rows=37651 width=4)
Nested Loop  (cost=1000.00..78990.15 rows=11485 width=3)
Nested Loop  (cost=1000.00..78990.15 rows=11485 width=3)
Nested Loop  (cost=1000.00..78990.15 rows=11485 width=3)
Nested Loop  (cost=1000.00..82124.60 rows=39980 width=3)
Nested Loop  (cost=1000.00..78990.15 rows=11485 width=3)
Seq Scan on voter_2  (cost=0.00..9980.58 rows=44052 width=4)
Seq Scan on voter_2  (cost=0.00..9980.58 rows=34183 width=4)
Nested Loop  (cost=1000.00..78990.15 rows=11485 width=3)
Seq Scan on voter_2  (cost=0.00..9980.58 rows=34183 width=4)
Nested Loop  (cost=1000.00..78990.15 rows=11485 width=3)
Seq Scan on voter_2  (cost=0.00..9980.58 rows=44052 width=4)
Seq Scan on voter_2  (cost=0.00..9980.58 rows=109066 width=4)
Seq Scan on voter_2  (cost=0.00..9980.58 rows=35808 width=4)
Seq Scan on voter_2  (cost=0.00..9980.58 rows=109066 width=4)
Nested Loop  (cost=1000.00..82586.27 rows=44177 width=3)
Nested Loop  (cost=1000.00..78990.15 rows=11485 width=3)
Nested Loop  (cost=1000.00..78990.15 rows=11485 width=3)
Seq Scan on voter_2  (cost=0.00..9980.58 rows=37651 width=4)
Seq Scan on voter_2  (cost=0.00..9980.58 rows=109066 width=4)
Seq Scan on voter_2  (cost=0.00..9980.58 rows=32658 width=4)
Nested Loop  (cost=1000.00..78990.15 rows=11485 width=3)
Nested Loop  (cost=1000.00..78990.15 rows=11485 width=3)
Seq Scan on voter_2  (cost=0.00..9980.58 rows=34183 width=4)
Seq Scan on voter_2  (cost=0.00..9980.58 rows=73074 width=4)
Nested Loop  (cost=1000.00..78990.15 rows=11485 width=3)
Nested Loop  (cost=1000.00..78990.15 rows=11485 width=3)
Nested Loop  (cost=1000.00..83922.55 rows=56325 width=3)
Nested Loop  (cost=1000.00..78990.15 rows=11485 width=3)
Seq Scan on voter_2  (cost=0.00..9980.58 rows=34853 width=4)
Nested Loop  (cost=1000.00..78990.15 rows=11485 width=3)
Seq Scan on voter_2  (cost=0.00..9980.58 rows=37651 width=4)
Seq Scan on voter_2  (cost=0.00..9980.58 rows=37651 width=4)
Seq Scan on voter_2  (cost=0.00..9980.58 rows=34853 width=4)
Seq Scan on voter_2  (cost=0.00..9980.58 rows=32658 width=4)
Nested Loop  (cost=1000.00..78990.15 rows=11485 width=3)
Nested Loop  (cost=1000.00..78990.15 rows=11485 width=3)
Seq Scan on voter_2  (cost=0.00..9980.58 rows=32658 width=4)
Seq Scan on voter_2  (cost=0.00..9980.58 rows=35808 width=4)
Seq Scan on voter_2  (cost=0.00..9980.58 rows=73074 width=4)
Nested Loop  (cost=1000.00..78990.15 rows=11485 width=3)
Nested Loop  (cost=1000.00..84092.61 rows=57871 width=3)
Nested Loop  (cost=1000.00..78990.15 rows=11485 width=3)
Nested Loop  (cost=1000.00..80982.58 rows=29598 width=3)
Nested Loop  (cost=1000.00..78990.15 rows=11485 width=3)
Seq Scan on voter_2  (cost=0.00..9980.58 rows=34853 width=4)
Nested Loop  (cost=1000.00..78990.15 rows=11485 width=3)
Seq Scan on voter_2  (cost=0.00..9980.58 rows=109066 width=4)
Nested Loop  (cost=1000.00..78990.15 rows=11485 width=3)
Seq Scan on voter_2  (cost=0.00..9980.58 rows=34183 width=4)
Seq Scan on voter_2  (cost=0.00..9980.58 rows=31351 width=4)
Seq Scan on voter_2  (cost=0.00..9980.58 rows=35808 width=4)
Nested Loop  (cost=1000.00..78990.15 rows=11485 width=3)
Seq Scan on voter_2  (cost=0.00..9980.58 rows=32474 width=4)
Nested Loop  (cost=1000.00..78990.15 rows=11485 width=3)
Nested Loop  (cost=1000.00..82829.15 rows=46385 width=3)
Seq Scan on voter_2  (cost=0.00..9980.58 rows=37517 width=4)
Seq Scan on voter_2  (cost=0.00..9980.58 rows=34183 width=4)
Seq Scan on voter_2  (cost=0.00..9980.58 rows=37517 width=4)
Nested Loop  (cost=1000.00..78990.15 rows=11485 width=3)
Nested Loop  (cost=1000.00..81347.12 rows=32912 width=3)
Nested Loop  (cost=1000.00..78990.15 rows=11485 width=3)
Seq Scan on voter_2  (cost=0.00..9980.58 rows=109066 width=4)
Seq Scan on voter_2  (cost=0.00..9980.58 rows=109066 width=4)
Nested Loop  (cost=1000.00..78990.15 rows=11485 width=3)
Nested Loop  (cost=1000.00..84238.47 rows=59197 width=3)
Nested Loop  (cost=1000.00..78990.15 rows=11485 width=3)
Seq Scan on voter_2  (cost=0.00..9980.58 rows=34183 width=4)
Seq Scan on voter_2  (cost=0.00..9980.58 rows=37651 width=4)
Nested Loop  (cost=1000.00..80982.58 rows=29598 width=3)
Seq Scan on voter_2  (cost=0.00..9980.58 rows=37651 width=4)
Seq Scan on voter_2  (cost=0.00..9980.58 rows=32474 width=4)
Seq Scan on voter_2  (cost=0.00..9980.58 rows=32658 width=4)
Nested Loop  (cost=1000.00..83120.76 rows=49036 width=3)
Nested Loop  (cost=1000.00..78990.15 rows=11485 width=3)
Nested Loop  (cost=1000.00..78990.15 rows=11485 width=3)
Seq Scan on voter_2  (cost=0.00..9980.58 rows=37517 width=4)
Nested Loop  (cost=1000.00..78990.15 rows=11485 width=3)
Nested Loop  (cost=1000.00..81614.31 rows=35341 width=3)
Seq Scan on voter_2  (cost=0.00..9980.58 rows=109066 width=4)
Nested Loop  (cost=1000.00..80836.83 rows=28273 width=3)
Seq Scan on voter_2  (cost=0.00..9980.58 rows=37651 width=4)
Seq Scan on voter_2  (cost=0.00..9980.58 rows=32474 width=4)
Seq Scan on voter_2  (cost=0.00..9980.58 rows=35808 width=4)
Seq Scan on voter_2  (cost=0.00..9980.58 rows=73074 width=4)
Seq Scan on voter_2  (cost=0.00..9980.58 rows=109066 width=4)
Nested Loop  (cost=1000.00..78990.15 rows=11485 width=3)
Nested Loop  (cost=1000.00..82489.03 rows=43293 width=3)
Nested Loop  (cost=1000.00..83460.88 rows=52128 width=3)
Nested Loop  (cost=1000.00..84092.61 rows=57871 width=3)
Seq Scan on voter_2  (cost=0.00..9980.58 rows=73074 width=4)
Nested Loop  (cost=1000.00..78990.15 rows=11485 width=3)
Nested Loop  (cost=1000.00..78990.15 rows=11485 width=3)
Seq Scan on voter_2  (cost=0.00..9980.58 rows=109066 width=4)
Seq Scan on voter_2  (cost=0.00..9980.58 rows=31351 width=4)
Seq Scan on voter_2  (cost=0.00..9980.58 rows=35808 width=4)
Seq Scan on voter_2  (cost=0.00..9980.58 rows=44052 width=4)
Seq Scan on voter_2  (cost=0.00..9980.58 rows=37517 width=4)
Seq Scan on voter_2  (cost=0.00..9980.58 rows=32658 width=4)
Nested Loop  (cost=1000.00..78990.15 rows=11485 width=3)
Nested Loop  (cost=1000.00..78990.15 rows=11485 width=3)
Nested Loop  (cost=1000.00..78990.15 rows=11485 width=3)
Nested Loop  (cost=1000.00..82270.35 rows=41305 width=3)
Nested Loop  (cost=1000.00..78990.15 rows=11485 width=3)
Seq Scan on voter_2  (cost=0.00..9980.58 rows=34853 width=4)
Seq Scan on voter_2  (cost=0.00..9980.58 rows=44052 width=4)
Nested Loop  (cost=1000.00..78990.15 rows=11485 width=3)
Seq Scan on voter_2  (cost=0.00..9980.58 rows=73074 width=4)
Nested Loop  (cost=1000.00..78990.15 rows=11485 width=3)
Nested Loop  (cost=1000.00..78990.15 rows=11485 width=3)
Nested Loop  (cost=1000.00..81274.19 rows=32249 width=3)
Seq Scan on voter_2  (cost=0.00..9980.58 rows=109066 width=4)
Seq Scan on voter_2  (cost=0.00..9980.58 rows=109066 width=4)
Seq Scan on voter_2  (cost=0.00..9980.58 rows=109066 width=4)
Seq Scan on voter_2  (cost=0.00..9980.58 rows=109066 width=4)
Nested Loop  (cost=1000.00..78990.15 rows=11485 width=3)
Nested Loop  (cost=1000.00..80861.14 rows=28494 width=3)
Nested Loop  (cost=1000.00..78990.15 rows=11485 width=3)
Nested Loop  (cost=1000.00..81274.19 rows=32249 width=3)
Nested Loop  (cost=1000.00..78990.15 rows=11485 width=3)
Seq Scan on voter_2  (cost=0.00..9980.58 rows=73074 width=4)
Seq Scan on voter_2  (cost=0.00..9980.58 rows=73074 width=4)
Seq Scan on voter_2  (cost=0.00..9980.58 rows=44052 width=4)
Seq Scan on voter_2  (cost=0.00..9980.58 rows=32474 width=4)
Seq Scan on voter_2  (cost=0.00..9980.58 rows=109066 width=4)
Seq Scan on voter_2  (cost=0.00..9980.58 rows=35808 width=4)
Nested Loop  (cost=1000.00..78990.15 rows=11485 width=3)
Nested Loop  (cost=1000.00..82003.05 rows=38875 width=3)
Nested Loop  (cost=1000.00..81104.13 rows=30703 width=3)
Seq Scan on voter_2  (cost=0.00..9980.58 rows=73074 width=4)
Nested Loop  (cost=1000.00..83120.76 rows=49036 width=3)
Seq Scan on voter_2  (cost=0.00..9980.58 rows=73074 width=4)
Seq Scan on voter_2  (cost=0.00..9980.58 rows=37517 width=4)
Seq Scan on voter_2  (cost=0.00..9980.58 rows=34853 width=4)
Nested Loop  (cost=1000.00..78990.15 rows=11485 width=3)
Nested Loop  (cost=1000.00..84238.47 rows=59197 width=3)
Nested Loop  (cost=1000.00..78990.15 rows=11485 width=3)
Nested Loop  (cost=1000.00..78990.15 rows=11485 width=3)
Nested Loop  (cost=1000.00..78990.15 rows=11485 width=3)
Nested Loop  (cost=1000.00..78990.15 rows=11485 width=3)
Seq Scan on voter_2  (cost=0.00..9980.58 rows=31351 width=4)
Seq Scan on voter_2  (cost=0.00..9980.58 rows=37651 width=4)
Seq Scan on voter_2  (cost=0.00..9980.58 rows=37651 width=4)
Seq Scan on voter_2  (cost=0.00..9980.58 rows=37517 width=4)
Seq Scan on voter_2  (cost=0.00..9980.58 rows=73074 width=4)
Nested Loop  (cost=1000.00..78990.15 rows=11485 width=3)
Nested Loop  (cost=1000.00..78990.15 rows=11485 width=3)
Nested Loop  (cost=1000.00..82586.27 rows=44177 width=3)
Seq Scan on voter_2  (cost=0.00..9980.58 rows=34183 width=4)
Seq Scan on voter_2  (cost=0.00..9980.58 rows=35808 width=4)
Nested Loop  (cost=1000.00..82416.10 rows=42630 width=3)
Nested Loop  (cost=1000.00..78990.15 rows=11485 width=3)
Seq Scan on voter_2  (cost=0.00..9980.58 rows=109066 width=4)
Seq Scan on voter_2  (cost=0.00..9980.58 rows=44052 width=4)
Nested Loop  (cost=1000.00..78990.15 rows=11485 width=3)
Seq Scan on voter_2  (cost=0.00..9980.58 rows=37517 width=4)
Nested Loop  (cost=1000.00..78990.15 rows=11485 width=3)
Seq Scan on voter_2  (cost=0.00..9980.58 rows=37651 width=4)
Seq Scan on voter_2  (cost=0.00..9980.58 rows=109066 width=4)
Nested Loop  (cost=1000.00..84262.78 rows=59418 width=3)
Nested Loop  (cost=1000.00..78990.15 rows=11485 width=3)
Nested Loop  (cost=1000.00..78990.15 rows=11485 width=3)
Nested Loop  (cost=1000.00..78990.15 rows=11485 width=3)
Nested Loop  (cost=1000.00..78990.15 rows=11485 width=3)
Seq Scan on voter_2  (cost=0.00..9980.58 rows=31351 width=4)
Seq Scan on voter_2  (cost=0.00..9980.58 rows=109066 width=4)
Nested Loop  (cost=1000.00..78990.15 rows=11485 width=3)
Seq Scan on voter_2  (cost=0.00..9980.58 rows=109066 width=4)
Seq Scan on voter_2  (cost=0.00..9980.58 rows=73074 width=4)
Nested Loop  (cost=1000.00..82829.15 rows=46385 width=3)
Seq Scan on voter_2  (cost=0.00..9980.58 rows=37651 width=4)
Seq Scan on voter_2  (cost=0.00..9980.58 rows=109066 width=4)
Nested Loop  (cost=1000.00..78990.15 rows=11485 width=3)
Nested Loop  (cost=1000.00..78990.15 rows=11485 width=3)
Seq Scan on voter_2  (cost=0.00..9980.58 rows=34183 width=4)
Seq Scan on voter_2  (cost=0.00..9980.58 rows=37651 width=4)
Seq Scan on voter_2  (cost=0.00..9980.58 rows=34183 width=4)
Seq Scan on voter_2  (cost=0.00..9980.58 rows=44052 width=4)
Seq Scan on voter_2  (cost=0.00..9980.58 rows=37651 width=4)
Nested Loop  (cost=1000.00..83388.06 rows=51466 width=3)
Nested Loop  (cost=1000.00..83995.48 rows=56988 width=3)
Nested Loop  (cost=1000.00..78990.15 rows=11485 width=3)
Seq Scan on voter_2  (cost=0.00..9980.58 rows=37517 width=4)
Nested Loop  (cost=1000.00..82489.03 rows=43293 width=3)
Nested Loop  (cost=1000.00..81905.92 rows=37992 width=3)
Seq Scan on voter_2  (cost=0.00..9980.58 rows=32658 width=4)
Seq Scan on voter_2  (cost=0.00..9980.58 rows=31351 width=4)
Nested Loop  (cost=1000.00..78990.15 rows=11485 width=3)
Nested Loop  (cost=1000.00..82489.03 rows=43293 width=3)
Nested Loop  (cost=1000.00..78990.15 rows=11485 width=3)
Nested Loop  (cost=1000.00..78990.15 rows=11485 width=3)
Nested Loop  (cost=1000.00..82318.97 rows=41747 width=3)
Seq Scan on voter_2  (cost=0.00..9980.58 rows=109066 width=4)
Seq Scan on voter_2  (cost=0.00..9980.58 rows=37651 width=4)
Seq Scan on voter_2  (cost=0.00..9980.58 rows=73074 width=4)
Seq Scan on voter_2  (cost=0.00..9980.58 rows=34853 width=4)
Seq Scan on voter_2  (cost=0.00..9980.58 rows=109066 width=4)
Nested Loop  (cost=1000.00..82489.03 rows=43293 width=3)
Seq Scan on voter_2  (cost=0.00..9980.58 rows=73074 width=4)
Nested Loop  (cost=1000.00..82367.59 rows=42189 width=3)
Seq Scan on voter_2  (cost=0.00..9980.58 rows=73074 width=4)
Nested Loop  (cost=1000.00..80399.47 rows=24297 width=3)
Nested Loop  (cost=1000.00..78990.15 rows=11485 width=3)
Seq Scan on voter_2  (cost=0.00..9980.58 rows=44052 width=4)
Nested Loop  (cost=1000.00..78990.15 rows=11485 width=3)
Seq Scan on voter_2  (cost=0.00..9980.58 rows=32474 width=4)
Nested Loop  (cost=1000.00..81905.92 rows=37992 width=3)
Seq Scan on voter_2  (cost=0.00..9980.58 rows=32658 width=4)
Nested Loop  (cost=1000.00..83460.88 rows=52128 width=3)
Seq Scan on voter_2  (cost=0.00..9980.58 rows=109066 width=4)
Nested Loop  (cost=1000.00..78990.15 rows=11485 width=3)
Nested Loop  (cost=1000.00..78990.15 rows=11485 width=3)
Seq Scan on voter_2  (cost=0.00..9980.58 rows=37517 width=4)
Nested Loop  (cost=1000.00..78990.15 rows=11485 width=3)
Seq Scan on voter_2  (cost=0.00..9980.58 rows=34183 width=4)
Nested Loop  (cost=1000.00..80399.47 rows=24297 width=3)
Nested Loop  (cost=1000.00..80399.47 rows=24297 width=3)
Seq Scan on voter_2  (cost=0.00..9980.58 rows=109066 width=4)
Seq Scan on voter_2  (cost=0.00..9980.58 rows=37651 width=4)
Nested Loop  (cost=1000.00..78990.15 rows=11485 width=3)
Seq Scan on voter_2  (cost=0.00..9980.58 rows=34183 width=4)
Seq Scan on voter_2  (cost=0.00..9980.58 rows=109066 width=4)
Nested Loop  (cost=1000.00..78990.15 rows=11485 width=3)
Seq Scan on voter_2  (cost=0.00..9980.58 rows=109066 width=4)
Seq Scan on voter_2  (cost=0.00..9980.58 rows=35808 width=4)
Seq Scan on voter_2  (cost=0.00..9980.58 rows=35808 width=4)
Nested Loop  (cost=1000.00..78990.15 rows=11485 width=3)
Nested Loop  (cost=1000.00..80763.90 rows=27610 width=3)
Seq Scan on voter_2  (cost=0.00..9980.58 rows=31351 width=4)
Nested Loop  (cost=1000.00..78990.15 rows=11485 width=3)
Nested Loop  (cost=1000.00..78990.15 rows=11485 width=3)
Nested Loop  (cost=1000.00..78990.15 rows=11485 width=3)
Seq Scan on voter_2  (cost=0.00..9980.58 rows=73074 width=4)
Seq Scan on voter_2  (cost=0.00..9980.58 rows=37651 width=4)
Nested Loop  (cost=1000.00..78990.15 rows=11485 width=3)
Nested Loop  (cost=1000.00..78990.15 rows=11485 width=3)
Seq Scan on voter_2  (cost=0.00..9980.58 rows=109066 width=4)
Nested Loop  (cost=1000.00..78990.15 rows=11485 width=3)
Seq Scan on voter_2  (cost=0.00..9980.58 rows=73074 width=4)
Seq Scan on voter_2  (cost=0.00..9980.58 rows=34183 width=4)
Nested Loop  (cost=1000.00..78990.15 rows=11485 width=3)
Nested Loop  (cost=1000.00..80399.47 rows=24297 width=3)
Seq Scan on voter_2  (cost=0.00..9980.58 rows=109066 width=4)
Seq Scan on voter_2  (cost=0.00..9980.58 rows=34853 width=4)
Seq Scan on voter_2  (cost=0.00..9980.58 rows=73074 width=4)
Nested Loop  (cost=1000.00..84092.61 rows=57871 width=3)
Seq Scan on voter_2  (cost=0.00..9980.58 rows=37517 width=4)
Seq Scan on voter_2  (cost=0.00..9980.58 rows=73074 width=4)
Nested Loop  (cost=1000.00..80399.47 rows=24297 width=3)
Nested Loop  (cost=1000.00..84286.98 rows=59638 width=3)
Seq Scan on voter_2  (cost=0.00..9980.58 rows=37517 width=4)
Seq Scan on voter_2  (cost=0.00..9980.58 rows=35808 width=4)
Nested Loop  (cost=1000.00..78990.15 rows=11485 width=3)
Nested Loop  (cost=1000.00..78990.15 rows=11485 width=3)
Nested Loop  (cost=1000.00..78990.15 rows=11485 width=3)
Seq Scan on voter_2  (cost=0.00..9980.58 rows=73074 width=4)
Seq Scan on voter_2  (cost=0.00..9980.58 rows=31351 width=4)
Nested Loop  (cost=1000.00..78990.15 rows=11485 width=3)
Nested Loop  (cost=1000.00..80399.47 rows=24297 width=3)
Nested Loop  (cost=1000.00..80982.58 rows=29598 width=3)
Nested Loop  (cost=1000.00..78990.15 rows=11485 width=3)
Nested Loop  (cost=1000.00..78990.15 rows=11485 width=3)
Seq Scan on voter_2  (cost=0.00..9980.58 rows=73074 width=4)
Seq Scan on voter_2  (cost=0.00..9980.58 rows=109066 width=4)
Seq Scan on voter_2  (cost=0.00..9980.58 rows=34183 width=4)
Seq Scan on voter_2  (cost=0.00..9980.58 rows=109066 width=4)
Seq Scan on voter_2  (cost=0.00..9980.58 rows=34853 width=4)
Nested Loop  (cost=1000.00..78990.15 rows=11485 width=3)
Seq Scan on voter_2  (cost=0.00..9980.58 rows=73074 width=4)
Seq Scan on voter_2  (cost=0.00..9980.58 rows=109066 width=4)
Seq Scan on voter_2  (cost=0.00..9980.58 rows=35808 width=4)
Nested Loop  (cost=1000.00..78990.15 rows=11485 width=3)
Seq Scan on voter_2  (cost=0.00..9980.58 rows=34853 width=4)
Nested Loop  (cost=1000.00..78990.15 rows=11485 width=3)
Seq Scan on voter_2  (cost=0.00..9980.58 rows=37517 width=4)
Seq Scan on voter_2  (cost=0.00..9980.58 rows=32474 width=4)
Nested Loop  (cost=1000.00..78990.15 rows=11485 width=3)
Nested Loop  (cost=1000.00..78990.15 rows=11485 width=3)
Nested Loop  (cost=1000.00..78990.15 rows=11485 width=3)
Nested Loop  (cost=1000.00..78990.15 rows=11485 width=3)
Nested Loop  (cost=1000.00..78990.15 rows=11485 width=3)
Seq Scan on voter_2  (cost=0.00..9980.58 rows=73074 width=4)
Nested Loop  (cost=1000.00..78990.15 rows=11485 width=3)
Nested Loop  (cost=1000.00..78990.15 rows=11485 width=3)
Nested Loop  (cost=1000.00..78990.15 rows=11485 width=3)
Seq Scan on voter_2  (cost=0.00..9980.58 rows=34183 width=4)
Nested Loop  (cost=1000.00..78990.15 rows=11485 width=3)
Nested Loop  (cost=1000.00..78990.15 rows=11485 width=3)
Seq Scan on voter_2  (cost=0.00..9980.58 rows=109066 width=4)
Seq Scan on voter_2  (cost=0.00..9980.58 rows=32474 width=4)
Seq Scan on voter_2  (cost=0.00..9980.58 rows=32658 width=4)
Seq Scan on voter_2  (cost=0.00..9980.58 rows=32658 width=4)
Seq Scan on voter_2  (cost=0.00..9980.58 rows=37517 width=4)
Seq Scan on voter_2  (cost=0.00..9980.58 rows=109066 width=4)
Nested Loop  (cost=1000.00..81930.23 rows=38213 width=3)
Nested Loop  (cost=1000.00..78990.15 rows=11485 width=3)
Nested Loop  (cost=1000.00..80423.78 rows=24518 width=3)
Seq Scan on voter_2  (cost=0.00..9980.58 rows=109066 width=4)
Seq Scan on voter_2  (cost=0.00..9980.58 rows=109066 width=4)
Seq Scan on voter_2  (cost=0.00..9980.58 rows=37651 width=4)
Nested Loop  (cost=1000.00..78990.15 rows=11485 width=3)
Seq Scan on voter_2  (cost=0.00..9980.58 rows=109066 width=4)
Nested Loop  (cost=1000.00..84141.23 rows=58313 width=3)
Nested Loop  (cost=1000.00..78990.15 rows=11485 width=3)
Nested Loop  (cost=1000.00..78990.15 rows=11485 width=3)
Seq Scan on voter_2  (cost=0.00..9980.58 rows=31351 width=4)
Nested Loop  (cost=1000.00..78990.15 rows=11485 width=3)
Nested Loop  (cost=1000.00..80569.53 rows=25843 width=3)
Seq Scan on voter_2  (cost=0.00..9980.58 rows=32658 width=4)
Nested Loop  (cost=1000.00..84262.78 rows=59418 width=3)
Seq Scan on voter_2  (cost=0.00..9980.58 rows=37651 width=4)
Nested Loop  (cost=1000.00..78990.15 rows=11485 width=3)
Seq Scan on voter_2  (cost=0.00..9980.58 rows=44052 width=4)
Nested Loop  (cost=1000.00..78990.15 rows=11485 width=3)
Seq Scan on voter_2  (cost=0.00..9980.58 rows=73074 width=4)
Nested Loop  (cost=1000.00..82756.33 rows=45723 width=3)
Seq Scan on voter_2  (cost=0.00..9980.58 rows=109066 width=4)
Seq Scan on voter_2  (cost=0.00..9980.58 rows=35808 width=4)
Seq Scan on voter_2  (cost=0.00..9980.58 rows=34183 width=4)
Nested Loop  (cost=1000.00..78990.15 rows=11485 width=3)
Nested Loop  (cost=1000.00..81905.92 rows=37992 width=3)
Seq Scan on voter_2  (cost=0.00..9980.58 rows=44052 width=4)
Seq Scan on voter_2  (cost=0.00..9980.58 rows=31351 width=4)
Nested Loop  (cost=1000.00..78990.15 rows=11485 width=3)
Seq Scan on voter_2  (cost=0.00..9980.58 rows=109066 width=4)
Seq Scan on voter_2  (cost=0.00..9980.58 rows=109066 width=4)
Nested Loop  (cost=1000.00..78990.15 rows=11485 width=3)
Nested Loop  (cost=1000.00..78990.15 rows=11485 width=3)
Nested Loop  (cost=1000.00..84481.46 rows=61406 width=3)
Nested Loop  (cost=1000.00..85210.32 rows=68032 width=3)
Nested Loop  (cost=1000.00..78990.15 rows=11485 width=3)
Seq Scan on voter_2  (cost=0.00..9980.58 rows=32474 width=4)
Seq Scan on voter_2  (cost=0.00..9980.58 rows=32658 width=4)
Seq Scan on voter_2  (cost=0.00..9980.58 rows=35808 width=4)
Nested Loop  (cost=1000.00..78990.15 rows=11485 width=3)
Seq Scan on voter_2  (cost=0.00..9980.58 rows=109066 width=4)
Nested Loop  (cost=1000.00..80569.53 rows=25843 width=3)
Seq Scan on voter_2  (cost=0.00..9980.58 rows=34853 width=4)
Nested Loop  (cost=1000.00..78990.15 rows=11485 width=3)
Seq Scan on voter_2  (cost=0.00..9980.58 rows=44052 width=4)
Nested Loop  (cost=1000.00..78990.15 rows=11485 width=3)
Seq Scan on voter_2  (cost=0.00..9980.58 rows=44052 width=4)
Nested Loop  (cost=1000.00..78990.15 rows=11485 width=3)
Nested Loop  (cost=1000.00..85210.32 rows=68032 width=3)
Seq Scan on voter_2  (cost=0.00..9980.58 rows=34853 width=4)
Nested Loop  (cost=1000.00..80375.16 rows=24076 width=3)
Seq Scan on voter_2  (cost=0.00..9980.58 rows=34183 width=4)
Seq Scan on voter_2  (cost=0.00..9980.58 rows=44052 width=4)
Nested Loop  (cost=1000.00..81395.63 rows=33353 width=3)
Seq Scan on voter_2  (cost=0.00..9980.58 rows=32474 width=4)
Nested Loop  (cost=1000.00..84262.78 rows=59418 width=3)
Nested Loop  (cost=1000.00..80982.58 rows=29598 width=3)
Seq Scan on voter_2  (cost=0.00..9980.58 rows=34183 width=4)
Nested Loop  (cost=1000.00..78990.15 rows=11485 width=3)
Seq Scan on voter_2  (cost=0.00..9980.58 rows=32474 width=4)
Nested Loop  (cost=1000.00..78990.15 rows=11485 width=3)
Nested Loop  (cost=1000.00..82416.10 rows=42630 width=3)
Seq Scan on voter_2  (cost=0.00..9980.58 rows=35808 width=4)
Seq Scan on voter_2  (cost=0.00..9980.58 rows=109066 width=4)
Seq Scan on voter_2  (cost=0.00..9980.58 rows=31351 width=4)
Seq Scan on voter_2  (cost=0.00..9980.58 rows=44052 width=4)
Nested Loop  (cost=1000.00..84092.61 rows=57871 width=3)
Seq Scan on voter_2  (cost=0.00..9980.58 rows=37517 width=4)
Seq Scan on voter_2  (cost=0.00..9980.58 rows=37517 width=4)
Nested Loop  (cost=1000.00..78990.15 rows=11485 width=3)
Seq Scan on voter_2  (cost=0.00..9980.58 rows=44052 width=4)
Nested Loop  (cost=1000.00..78990.15 rows=11485 width=3)
Nested Loop  (cost=1000.00..80399.47 rows=24297 width=3)
Nested Loop  (cost=1000.00..83120.76 rows=49036 width=3)
Nested Loop  (cost=1000.00..78990.15 rows=11485 width=3)
Nested Loop  (cost=1000.00..78990.15 rows=11485 width=3)
Seq Scan on voter_2  (cost=0.00..9980.58 rows=44052 width=4)
Seq Scan on voter_2  (cost=0.00..9980.58 rows=73074 width=4)
Seq Scan on voter_2  (cost=0.00..9980.58 rows=32474 width=4)
Nested Loop  (cost=1000.00..80691.08 rows=26948 width=3)
Seq Scan on voter_2  (cost=0.00..9980.58 rows=34853 width=4)
Nested Loop  (cost=1000.00..78990.15 rows=11485 width=3)
Seq Scan on voter_2  (cost=0.00..9980.58 rows=109066 width=4)
Nested Loop  (cost=1000.00..80375.16 rows=24076 width=3)
Seq Scan on voter_2  (cost=0.00..9980.58 rows=44052 width=4)
Nested Loop  (cost=1000.00..78990.15 rows=11485 width=3)
Seq Scan on voter_2  (cost=0.00..9980.58 rows=44052 width=4)
Nested Loop  (cost=1000.00..78990.15 rows=11485 width=3)
Seq Scan on voter_2  (cost=0.00..9980.58 rows=109066 width=4)
Seq Scan on voter_2  (cost=0.00..9980.58 rows=73074 width=4)
Nested Loop  (cost=1000.00..84262.78 rows=59418 width=3)
Nested Loop  (cost=1000.00..78990.15 rows=11485 width=3)
Seq Scan on voter_2  (cost=0.00..9980.58 rows=109066 width=4)
Seq Scan on voter_2  (cost=0.00..9980.58 rows=37517 width=4)
Nested Loop  (cost=1000.00..78990.15 rows=11485 width=3)
Seq Scan on voter_2  (cost=0.00..9980.58 rows=34183 width=4)
Nested Loop  (cost=1000.00..78990.15 rows=11485 width=3)
Nested Loop  (cost=1000.00..78990.15 rows=11485 width=3)
Nested Loop  (cost=1000.00..78990.15 rows=11485 width=3)
Nested Loop  (cost=1000.00..78990.15 rows=11485 width=3)
Seq Scan on voter_2  (cost=0.00..9980.58 rows=35808 width=4)
Nested Loop  (cost=1000.00..78990.15 rows=11485 width=3)
Seq Scan on voter_2  (cost=0.00..9980.58 rows=73074 width=4)
Nested Loop  (cost=1000.00..84481.46 rows=61406 width=3)
Seq Scan on voter_2  (cost=0.00..9980.58 rows=73074 width=4)
Seq Scan on voter_2  (cost=0.00..9980.58 rows=44052 width=4)
Seq Scan on voter_2  (cost=0.00..9980.58 rows=34853 width=4)
Nested Loop  (cost=1000.00..78990.15 rows=11485 width=3)
Seq Scan on voter_2  (cost=0.00..9980.58 rows=73074 width=4)
Seq Scan on voter_2  (cost=0.00..9980.58 rows=37651 width=4)
Nested Loop  (cost=1000.00..78990.15 rows=11485 width=3)
Nested Loop  (cost=1000.00..81371.32 rows=33132 width=3)
Nested Loop  (cost=1000.00..78990.15 rows=11485 width=3)
Seq Scan on voter_2  (cost=0.00..9980.58 rows=37651 width=4)
Seq Scan on voter_2  (cost=0.00..9980.58 rows=109066 width=4)
Seq Scan on voter_2  (cost=0.00..9980.58 rows=73074 width=4)
Seq Scan on voter_2  (cost=0.00..9980.58 rows=32658 width=4)
Nested Loop  (cost=1000.00..78990.15 rows=11485 width=3)
Seq Scan on voter_2  (cost=0.00..9980.58 rows=31351 width=4)
Nested Loop  (cost=1000.00..82270.35 rows=41305 width=3)
Nested Loop  (cost=1000.00..78990.15 rows=11485 width=3)
Nested Loop  (cost=1000.00..80982.58 rows=29598 width=3)
Nested Loop  (cost=1000.00..82586.27 rows=44177 width=3)
Nested Loop  (cost=1000.00..78990.15 rows=11485 width=3)
Seq Scan on voter_2  (cost=0.00..9980.58 rows=35808 width=4)
Nested Loop  (cost=1000.00..78990.15 rows=11485 width=3)
Seq Scan on voter_2  (cost=0.00..9980.58 rows=32658 width=4)
Seq Scan on voter_2  (cost=0.00..9980.58 rows=109066 width=4)
Seq Scan on voter_2  (cost=0.00..9980.58 rows=35808 width=4)
Nested Loop  (cost=1000.00..78990.15 rows=11485 width=3)
Seq Scan on voter_2  (cost=0.00..9980.58 rows=109066 width=4)
Seq Scan on voter_2  (cost=0.00..9980.58 rows=73074 width=4)
Nested Loop  (cost=1000.00..78990.15 rows=11485 width=3)
Nested Loop  (cost=1000.00..78990.15 rows=11485 width=3)
Seq Scan on voter_2  (cost=0.00..9980.58 rows=34183 width=4)
Seq Scan on voter_2  (cost=0.00..9980.58 rows=37517 width=4)
Nested Loop  (cost=1000.00..78990.15 rows=11485 width=3)
Seq Scan on voter_2  (cost=0.00..9980.58 rows=73074 width=4)
Nested Loop  (cost=1000.00..80399.47 rows=24297 width=3)
Nested Loop  (cost=1000.00..78990.15 rows=11485 width=3)
Seq Scan on voter_2  (cost=0.00..9980.58 rows=109066 width=4)
Nested Loop  (cost=1000.00..78990.15 rows=11485 width=3)
Nested Loop  (cost=1000.00..80569.53 rows=25843 width=3)
Seq Scan on voter_2  (cost=0.00..9980.58 rows=73074 width=4)
Seq Scan on voter_2  (cost=0.00..9980.58 rows=35808 width=4)
Nested Loop  (cost=1000.00..78990.15 rows=11485 width=3)
Nested Loop  (cost=1000.00..78990.15 rows=11485 width=3)
Nested Loop  (cost=1000.00..82100.29 rows=39759 width=3)
Seq Scan on voter_2  (cost=0.00..9980.58 rows=35808 width=4)
Seq Scan on voter_2  (cost=0.00..9980.58 rows=37651 width=4)
Seq Scan on voter_2  (cost=0.00..9980.58 rows=109066 width=4)
Nested Loop  (cost=1000.00..78990.15 rows=11485 width=3)
Nested Loop  (cost=1000.00..78990.15 rows=11485 width=3)
Seq Scan on voter_2  (cost=0.00..9980.58 rows=109066 width=4)
Seq Scan on voter_2  (cost=0.00..9980.58 rows=37517 width=4)
Seq Scan on voter_2  (cost=0.00..9980.58 rows=37517 width=4)
Nested Loop  (cost=1000.00..78990.15 rows=11485 width=3)
Seq Scan on voter_2  (cost=0.00..9980.58 rows=109066 width=4)
Nested Loop  (cost=1000.00..84262.78 rows=59418 width=3)
Nested Loop  (cost=1000.00..80836.83 rows=28273 width=3)
Seq Scan on voter_2  (cost=0.00..9980.58 rows=32474 width=4)
Seq Scan on voter_2  (cost=0.00..9980.58 rows=37517 width=4)
Seq Scan on voter_2  (cost=0.00..9980.58 rows=35808 width=4)
Nested Loop  (cost=1000.00..78990.15 rows=11485 width=3)
Nested Loop  (cost=1000.00..78990.15 rows=11485 width=3)
Seq Scan on voter_2  (cost=0.00..9980.58 rows=37651 width=4)
Nested Loop  (cost=1000.00..82318.97 rows=41747 width=3)
Nested Loop  (cost=1000.00..82610.58 rows=44398 width=3)
Nested Loop  (cost=1000.00..78990.15 rows=11485 width=3)
Nested Loop  (cost=1000.00..78990.15 rows=11485 width=3)
Nested Loop  (cost=1000.00..78990.15 rows=11485 width=3)
Seq Scan on voter_2  (cost=0.00..9980.58 rows=34183 width=4)
Nested Loop  (cost=1000.00..78990.15 rows=11485 width=3)
Seq Scan on voter_2  (cost=0.00..9980.58 rows=44052 width=4)
Seq Scan on voter_2  (cost=0.00..9980.58 rows=32658 width=4)
Seq Scan on voter_2  (cost=0.00..9980.58 rows=109066 width=4)
Seq Scan on voter_2  (cost=0.00..9980.58 rows=37651 width=4)
Nested Loop  (cost=1000.00..80472.40 rows=24960 width=3)
Seq Scan on voter_2  (cost=0.00..9980.58 rows=109066 width=4)
Nested Loop  (cost=1000.00..78990.15 rows=11485 width=3)
Seq Scan on voter_2  (cost=0.00..9980.58 rows=32474 width=4)
Seq Scan on voter_2  (cost=0.00..9980.58 rows=32658 width=4)
Seq Scan on voter_2  (cost=0.00..9980.58 rows=35808 width=4)
Nested Loop  (cost=1000.00..80788.21 rows=27831 width=3)
Nested Loop  (cost=1000.00..78990.15 rows=11485 width=3)
Seq Scan on voter_2  (cost=0.00..9980.58 rows=32474 width=4)
Nested Loop  (cost=1000.00..78990.15 rows=11485 width=3)
Seq Scan on voter_2  (cost=0.00..9980.58 rows=31351 width=4)
Seq Scan on voter_2  (cost=0.00..9980.58 rows=44052 width=4)
Nested Loop  (cost=1000.00..80691.08 rows=26948 width=3)
Nested Loop  (cost=1000.00..78990.15 rows=11485 width=3)
Nested Loop  (cost=1000.00..78990.15 rows=11485 width=3)
Seq Scan on voter_2  (cost=0.00..9980.58 rows=37517 width=4)
Nested Loop  (cost=1000.00..78990.15 rows=11485 width=3)
Nested Loop  (cost=1000.00..84529.97 rows=61847 width=3)
Nested Loop  (cost=1000.00..78990.15 rows=11485 width=3)
Seq Scan on voter_2  (cost=0.00..9980.58 rows=109066 width=4)
Nested Loop  (cost=1000.00..78990.15 rows=11485 width=3)
Seq Scan on voter_2  (cost=0.00..9980.58 rows=31351 width=4)
Nested Loop  (cost=1000.00..78990.15 rows=11485 width=3)
Seq Scan on voter_2  (cost=0.00..9980.58 rows=32474 width=4)
Seq Scan on voter_2  (cost=0.00..9980.58 rows=35808 width=4)
Seq Scan on voter_2  (cost=0.00..9980.58 rows=34853 width=4)
Nested Loop  (cost=1000.00..84238.47 rows=59197 width=3)
Nested Loop  (cost=1000.00..78990.15 rows=11485 width=3)
Seq Scan on voter_2  (cost=0.00..9980.58 rows=73074 width=4)
Seq Scan on voter_2  (cost=0.00..9980.58 rows=73074 width=4)
Seq Scan on voter_2  (cost=0.00..9980.58 rows=37517 width=4)
Nested Loop  (cost=1000.00..78990.15 rows=11485 width=3)
Nested Loop  (cost=1000.00..78990.15 rows=11485 width=3)
Nested Loop  (cost=1000.00..78990.15 rows=11485 width=3)
Seq Scan on voter_2  (cost=0.00..9980.58 rows=31351 width=4)
Nested Loop  (cost=1000.00..78990.15 rows=11485 width=3)
Seq Scan on voter_2  (cost=0.00..9980.58 rows=73074 width=4)
Seq Scan on voter_2  (cost=0.00..9980.58 rows=109066 width=4)
Seq Scan on voter_2  (cost=0.00..9980.58 rows=35808 width=4)
Nested Loop  (cost=1000.00..78990.15 rows=11485 width=3)
Nested Loop  (cost=1000.00..78990.15 rows=11485 width=3)
Nested Loop  (cost=1000.00..81930.23 rows=38213 width=3)
Seq Scan on voter_2  (cost=0.00..9980.58 rows=109066 width=4)
Nested Loop  (cost=1000.00..78990.15 rows=11485 width=3)
Nested Loop  (cost=1000.00..78990.15 rows=11485 width=3)
Seq Scan on voter_2  (cost=0.00..9980.58 rows=37517 width=4)
Nested Loop  (cost=1000.00..78990.15 rows=11485 width=3)
Seq Scan on voter_2  (cost=0.00..9980.58 rows=73074 width=4)
Seq Scan on voter_2  (cost=0.00..9980.58 rows=109066 width=4)
Seq Scan on voter_2  (cost=0.00..9980.58 rows=73074 width=4)
Seq Scan on voter_2  (cost=0.00..9980.58 rows=44052 width=4)
Nested Loop  (cost=1000.00..81395.63 rows=33353 width=3)
Nested Loop  (cost=1000.00..78990.15 rows=11485 width=3)
Nested Loop  (cost=1000.00..82124.60 rows=39980 width=3)
Seq Scan on voter_2  (cost=0.00..9980.58 rows=37651 width=4)
Seq Scan on voter_2  (cost=0.00..9980.58 rows=35808 width=4)
Nested Loop  (cost=1000.00..78990.15 rows=11485 width=3)
Seq Scan on voter_2  (cost=0.00..9980.58 rows=109066 width=4)
Seq Scan on voter_2  (cost=0.00..9980.58 rows=32658 width=4)
Nested Loop  (cost=1000.00..82270.35 rows=41305 width=3)
Nested Loop  (cost=1000.00..81614.31 rows=35341 width=3)
Seq Scan on voter_2  (cost=0.00..9980.58 rows=37517 width=4)
Nested Loop  (cost=1000.00..84238.47 rows=59197 width=3)
Seq Scan on voter_2  (cost=0.00..9980.58 rows=44052 width=4)
Nested Loop  (cost=1000.00..84286.98 rows=59638 width=3)
Nested Loop  (cost=1000.00..78990.15 rows=11485 width=3)
Seq Scan on voter_2  (cost=0.00..9980.58 rows=37517 width=4)
Seq Scan on voter_2  (cost=0.00..9980.58 rows=35808 width=4)
Seq Scan on voter_2  (cost=0.00..9980.58 rows=73074 width=4)
Nested Loop  (cost=1000.00..78990.15 rows=11485 width=3)
Nested Loop  (cost=1000.00..78990.15 rows=11485 width=3)
Nested Loop  (cost=1000.00..78990.15 rows=11485 width=3)
Nested Loop  (cost=1000.00..78990.15 rows=11485 width=3)
Seq Scan on voter_2  (cost=0.00..9980.58 rows=109066 width=4)
Seq Scan on voter_2  (cost=0.00..9980.58 rows=73074 width=4)
Nested Loop  (cost=1000.00..78990.15 rows=11485 width=3)
Seq Scan on voter_2  (cost=0.00..9980.58 rows=35808 width=4)
Seq Scan on voter_2  (cost=0.00..9980.58 rows=109066 width=4)
Seq Scan on voter_2  (cost=0.00..9980.58 rows=31351 width=4)
Nested Loop  (cost=1000.00..78990.15 rows=11485 width=3)
Nested Loop  (cost=1000.00..78990.15 rows=11485 width=3)
Nested Loop  (cost=1000.00..78990.15 rows=11485 width=3)
Seq Scan on voter_2  (cost=0.00..9980.58 rows=109066 width=4)
Nested Loop  (cost=1000.00..82246.04 rows=41084 width=3)
Seq Scan on voter_2  (cost=0.00..9980.58 rows=32658 width=4)
Nested Loop  (cost=1000.00..78990.15 rows=11485 width=3)
Seq Scan on voter_2  (cost=0.00..9980.58 rows=109066 width=4)
Nested Loop  (cost=1000.00..78990.15 rows=11485 width=3)
Seq Scan on voter_2  (cost=0.00..9980.58 rows=109066 width=4)
Nested Loop  (cost=1000.00..78990.15 rows=11485 width=3)
Seq Scan on voter_2  (cost=0.00..9980.58 rows=73074 width=4)
Seq Scan on voter_2  (cost=0.00..9980.58 rows=32474 width=4)
Nested Loop  (cost=1000.00..78990.15 rows=11485 width=3)
Seq Scan on voter_2  (cost=0.00..9980.58 rows=32658 width=4)
Nested Loop  (cost=1000.00..81614.31 rows=35341 width=3)
Seq Scan on voter_2  (cost=0.00..9980.58 rows=37651 width=4)
Nested Loop  (cost=1000.00..82343.28 rows=41968 width=3)
Nested Loop  (cost=1000.00..78990.15 rows=11485 width=3)
Seq Scan on voter_2  (cost=0.00..9980.58 rows=35808 width=4)
Nested Loop  (cost=1000.00..78990.15 rows=11485 width=3)
Nested Loop  (cost=1000.00..78990.15 rows=11485 width=3)
Seq Scan on voter_2  (cost=0.00..9980.58 rows=32658 width=4)
Seq Scan on voter_2  (cost=0.00..9980.58 rows=34853 width=4)
Seq Scan on voter_2  (cost=0.00..9980.58 rows=109066 width=4)
Seq Scan on voter_2  (cost=0.00..9980.58 rows=34853 width=4)
Nested Loop  (cost=1000.00..80593.84 rows=26064 width=3)
Seq Scan on voter_2  (cost=0.00..9980.58 rows=32658 width=4)
Nested Loop  (cost=1000.00..78990.15 rows=11485 width=3)
Nested Loop  (cost=1000.00..78990.15 rows=11485 width=3)
Nested Loop  (cost=1000.00..78990.15 rows=11485 width=3)
Seq Scan on voter_2  (cost=0.00..9980.58 rows=73074 width=4)
Seq Scan on voter_2  (cost=0.00..9980.58 rows=32474 width=4)
Nested Loop  (cost=1000.00..80691.08 rows=26948 width=3)
Seq Scan on voter_2  (cost=0.00..9980.58 rows=109066 width=4)
Seq Scan on voter_2  (cost=0.00..9980.58 rows=32658 width=4)
Seq Scan on voter_2  (cost=0.00..9980.58 rows=34853 width=4)
Nested Loop  (cost=1000.00..78990.15 rows=11485 width=3)
Nested Loop  (cost=1000.00..78990.15 rows=11485 width=3)
Nested Loop  (cost=1000.00..78990.15 rows=11485 width=3)
Seq Scan on voter_2  (cost=0.00..9980.58 rows=31351 width=4)
Nested Loop  (cost=1000.00..78990.15 rows=11485 width=3)
Seq Scan on voter_2  (cost=0.00..9980.58 rows=37517 width=4)
Seq Scan on voter_2  (cost=0.00..9980.58 rows=37517 width=4)
Nested Loop  (cost=1000.00..78990.15 rows=11485 width=3)
Nested Loop  (cost=1000.00..82318.97 rows=41747 width=3)
Seq Scan on voter_2  (cost=0.00..9980.58 rows=34183 width=4)
Nested Loop  (cost=1000.00..80569.53 rows=25843 width=3)
Nested Loop  (cost=1000.00..82756.33 rows=45723 width=3)
Seq Scan on voter_2  (cost=0.00..9980.58 rows=44052 width=4)
Nested Loop  (cost=1000.00..78990.15 rows=11485 width=3)
Seq Scan on voter_2  (cost=0.00..9980.58 rows=109066 width=4)
Nested Loop  (cost=1000.00..78990.15 rows=11485 width=3)
Seq Scan on voter_2  (cost=0.00..9980.58 rows=44052 width=4)
Seq Scan on voter_2  (cost=0.00..9980.58 rows=35808 width=4)
Nested Loop  (cost=1000.00..78990.15 rows=11485 width=3)
Nested Loop  (cost=1000.00..78990.15 rows=11485 width=3)
Nested Loop  (cost=1000.00..81104.13 rows=30703 width=3)
Seq Scan on voter_2  (cost=0.00..9980.58 rows=34853 width=4)
Seq Scan on voter_2  (cost=0.00..9980.58 rows=34853 width=4)
Nested Loop  (cost=1000.00..78990.15 rows=11485 width=3)
Seq Scan on voter_2  (cost=0.00..9980.58 rows=73074 width=4)
Seq Scan on voter_2  (cost=0.00..9980.58 rows=35808 width=4)
Seq Scan on voter_2  (cost=0.00..9980.58 rows=34853 width=4)
Seq Scan on voter_2  (cost=0.00..9980.58 rows=37651 width=4)
Seq Scan on voter_2  (cost=0.00..9980.58 rows=32474 width=4)
Nested Loop  (cost=1000.00..78990.15 rows=11485 width=3)
Nested Loop  (cost=1000.00..80836.83 rows=28273 width=3)
Seq Scan on voter_2  (cost=0.00..9980.58 rows=73074 width=4)
Nested Loop  (cost=1000.00..83703.87 rows=54337 width=3)
Nested Loop  (cost=1000.00..78990.15 rows=11485 width=3)
Nested Loop  (cost=1000.00..80496.71 rows=25181 width=3)
Nested Loop  (cost=1000.00..78990.15 rows=11485 width=3)
Nested Loop  (cost=1000.00..78990.15 rows=11485 width=3)
Seq Scan on voter_2  (cost=0.00..9980.58 rows=73074 width=4)
Seq Scan on voter_2  (cost=0.00..9980.58 rows=109066 width=4)
Seq Scan on voter_2  (cost=0.00..9980.58 rows=32474 width=4)
Nested Loop  (cost=1000.00..78990.15 rows=11485 width=3)
Nested Loop  (cost=1000.00..78990.15 rows=11485 width=3)
Gather  (cost=1000.00..7315.26 rows=1 width=4)
Nested Loop  (cost=1000.00..80375.16 rows=24076 width=3)
Nested Loop  (cost=1000.00..81395.63 rows=33353 width=3)
Seq Scan on voter_2  (cost=0.00..9980.58 rows=32658 width=4)
Seq Scan on voter_2  (cost=0.00..9980.58 rows=31351 width=4)
Seq Scan on voter_2  (cost=0.00..9980.58 rows=109066 width=4)
Seq Scan on voter_2  (cost=0.00..9980.58 rows=109066 width=4)
Nested Loop  (cost=1000.00..78990.15 rows=11485 width=3)
Seq Scan on voter_2  (cost=0.00..9980.58 rows=32474 width=4)
Seq Scan on voter_2  (cost=0.00..9980.58 rows=73074 width=4)
Seq Scan on voter_2  (cost=0.00..9980.58 rows=109066 width=4)
Seq Scan on voter_2  (cost=0.00..9980.58 rows=73074 width=4)
Nested Loop  (cost=1000.00..78990.15 rows=11485 width=3)
Seq Scan on voter_2  (cost=0.00..9980.58 rows=109066 width=4)
Nested Loop  (cost=1000.00..78990.15 rows=11485 width=3)
Nested Loop  (cost=1000.00..78990.15 rows=11485 width=3)
Seq Scan on voter_2  (cost=0.00..9980.58 rows=37651 width=4)
Nested Loop  (cost=1000.00..78990.15 rows=11485 width=3)
Seq Scan on voter_2  (cost=0.00..9980.58 rows=73074 width=4)
Nested Loop  (cost=1000.00..78990.15 rows=11485 width=3)
Nested Loop  (cost=1000.00..81249.88 rows=32028 width=3)
Nested Loop  (cost=1000.00..81371.32 rows=33132 width=3)
Nested Loop  (cost=1000.00..78990.15 rows=11485 width=3)
Seq Scan on voter_2  (cost=0.00..9980.58 rows=44052 width=4)
Seq Scan on voter_2  (cost=0.00..9980.58 rows=32474 width=4)
Nested Loop  (cost=1000.00..78990.15 rows=11485 width=3)
Nested Loop  (cost=1000.00..78990.15 rows=11485 width=3)
Seq Scan on voter_2  (cost=0.00..9980.58 rows=73074 width=4)
Nested Loop  (cost=1000.00..78990.15 rows=11485 width=3)
Nested Loop  (cost=1000.00..78990.15 rows=11485 width=3)
Nested Loop  (cost=1000.00..80423.78 rows=24518 width=3)
Seq Scan on voter_2  (cost=0.00..9980.58 rows=109066 width=4)
Nested Loop  (cost=1000.00..78990.15 rows=11485 width=3)
Seq Scan on voter_2  (cost=0.00..9980.58 rows=34853 width=4)
Seq Scan on voter_2  (cost=0.00..9980.58 rows=73074 width=4)
Seq Scan on voter_2  (cost=0.00..9980.58 rows=109066 width=4)
Seq Scan on voter_2  (cost=0.00..9980.58 rows=109066 width=4)
Seq Scan on voter_2  (cost=0.00..9980.58 rows=35808 width=4)
Nested Loop  (cost=1000.00..83388.06 rows=51466 width=3)
Seq Scan on voter_2  (cost=0.00..9980.58 rows=31351 width=4)
Seq Scan on voter_2  (cost=0.00..9980.58 rows=32474 width=4)
Seq Scan on voter_2  (cost=0.00..9980.58 rows=109066 width=4)
Nested Loop  (cost=1000.00..78990.15 rows=11485 width=3)
Nested Loop  (cost=1000.00..78990.15 rows=11485 width=3)
Seq Scan on voter_2  (cost=0.00..9980.58 rows=34853 width=4)
Seq Scan on voter_2  (cost=0.00..9980.58 rows=73074 width=4)
Nested Loop  (cost=1000.00..80399.47 rows=24297 width=3)
Nested Loop  (cost=1000.00..78990.15 rows=11485 width=3)
Nested Loop  (cost=1000.00..83898.24 rows=56104 width=3)
Nested Loop  (cost=1000.00..78990.15 rows=11485 width=3)
Seq Scan on voter_2  (cost=0.00..9980.58 rows=35808 width=4)
Nested Loop  (cost=1000.00..78990.15 rows=11485 width=3)
Nested Loop  (cost=1000.00..78990.15 rows=11485 width=3)
Nested Loop  (cost=1000.00..78990.15 rows=11485 width=3)
Nested Loop  (cost=1000.00..81978.85 rows=38655 width=3)
Seq Scan on voter_2  (cost=0.00..9980.58 rows=109066 width=4)
Seq Scan on voter_2  (cost=0.00..9980.58 rows=35808 width=4)
Nested Loop  (cost=1000.00..84311.29 rows=59859 width=3)
Seq Scan on voter_2  (cost=0.00..9980.58 rows=34853 width=4)
Seq Scan on voter_2  (cost=0.00..9980.58 rows=32474 width=4)
Nested Loop  (cost=1000.00..84092.61 rows=57871 width=3)
Seq Scan on voter_2  (cost=0.00..9980.58 rows=37651 width=4)
Seq Scan on voter_2  (cost=0.00..9980.58 rows=73074 width=4)
Seq Scan on voter_2  (cost=0.00..9980.58 rows=37517 width=4)
Nested Loop  (cost=1000.00..84092.61 rows=57871 width=3)
Nested Loop  (cost=1000.00..78990.15 rows=11485 width=3)
Seq Scan on voter_2  (cost=0.00..9980.58 rows=109066 width=4)
Seq Scan on voter_2  (cost=0.00..9980.58 rows=73074 width=4)
Seq Scan on voter_2  (cost=0.00..9980.58 rows=32474 width=4)
Seq Scan on voter_2  (cost=0.00..9980.58 rows=109066 width=4)
Nested Loop  (cost=1000.00..78990.15 rows=11485 width=3)
Nested Loop  (cost=1000.00..78990.15 rows=11485 width=3)
Seq Scan on voter_2  (cost=0.00..9980.58 rows=44052 width=4)
Nested Loop  (cost=1000.00..78990.15 rows=11485 width=3)
Nested Loop  (cost=1000.00..82586.27 rows=44177 width=3)
Nested Loop  (cost=1000.00..82075.98 rows=39538 width=3)
Nested Loop  (cost=1000.00..78990.15 rows=11485 width=3)
Seq Scan on voter_2  (cost=0.00..9980.58 rows=34183 width=4)
Nested Loop  (cost=1000.00..82367.59 rows=42189 width=3)
Nested Loop  (cost=1000.00..78990.15 rows=11485 width=3)
Seq Scan on voter_2  (cost=0.00..9980.58 rows=73074 width=4)
Nested Loop  (cost=1000.00..80982.58 rows=29598 width=3)
Seq Scan on voter_2  (cost=0.00..9980.58 rows=34183 width=4)
Nested Loop  (cost=1000.00..78990.15 rows=11485 width=3)
Nested Loop  (cost=1000.00..81978.85 rows=38655 width=3)
Seq Scan on voter_2  (cost=0.00..9980.58 rows=37517 width=4)
Seq Scan on voter_2  (cost=0.00..9980.58 rows=109066 width=4)
Seq Scan on voter_2  (cost=0.00..9980.58 rows=37651 width=4)
Nested Loop  (cost=1000.00..78990.15 rows=11485 width=3)
Seq Scan on voter_2  (cost=0.00..9980.58 rows=32474 width=4)
Seq Scan on voter_2  (cost=0.00..9980.58 rows=32474 width=4)
Seq Scan on voter_2  (cost=0.00..9980.58 rows=34853 width=4)
Nested Loop  (cost=1000.00..78990.15 rows=11485 width=3)
Seq Scan on voter_2  (cost=0.00..9980.58 rows=73074 width=4)
Seq Scan on voter_2  (cost=0.00..9980.58 rows=73074 width=4)
Nested Loop  (cost=1000.00..78990.15 rows=11485 width=3)
Nested Loop  (cost=1000.00..78990.15 rows=11485 width=3)
Seq Scan on voter_2  (cost=0.00..9980.58 rows=37517 width=4)
Nested Loop  (cost=1000.00..78990.15 rows=11485 width=3)
Nested Loop  (cost=1000.00..78990.15 rows=11485 width=3)
Nested Loop  (cost=1000.00..78990.15 rows=11485 width=3)
Seq Scan on voter_2  (cost=0.00..9980.58 rows=44052 width=4)
Seq Scan on voter_2  (cost=0.00..9980.58 rows=109066 width=4)
Nested Loop  (cost=1000.00..78990.15 rows=11485 width=3)
Nested Loop  (cost=1000.00..78990.15 rows=11485 width=3)
Gather  (cost=1000.00..7315.26 rows=1 width=4)
Nested Loop  (cost=1000.00..83873.93 rows=55883 width=3)
Seq Scan on voter_2  (cost=0.00..9980.58 rows=35808 width=4)
Seq Scan on voter_2  (cost=0.00..9980.58 rows=34853 width=4)
Seq Scan on voter_2  (cost=0.00..9980.58 rows=35808 width=4)
Nested Loop  (cost=1000.00..78990.15 rows=11485 width=3)
Seq Scan on voter_2  (cost=0.00..9980.58 rows=37651 width=4)
Seq Scan on voter_2  (cost=0.00..9980.58 rows=31351 width=4)
Nested Loop  (cost=1000.00..78990.15 rows=11485 width=3)
Seq Scan on voter_2  (cost=0.00..9980.58 rows=34853 width=4)
Nested Loop  (cost=1000.00..78990.15 rows=11485 width=3)
Nested Loop  (cost=1000.00..78990.15 rows=11485 width=3)
Nested Loop  (cost=1000.00..78990.15 rows=11485 width=3)
Seq Scan on voter_2  (cost=0.00..9980.58 rows=73074 width=4)
Nested Loop  (cost=1000.00..78990.15 rows=11485 width=3)
Seq Scan on voter_2  (cost=0.00..9980.58 rows=37517 width=4)
Nested Loop  (cost=1000.00..80375.16 rows=24076 width=3)
Seq Scan on voter_2  (cost=0.00..9980.58 rows=73074 width=4)
Seq Scan on voter_2  (cost=0.00..9980.58 rows=37517 width=4)
Seq Scan on voter_2  (cost=0.00..9980.58 rows=32474 width=4)
Nested Loop  (cost=1000.00..84286.98 rows=59638 width=3)
Nested Loop  (cost=1000.00..78990.15 rows=11485 width=3)
Nested Loop  (cost=1000.00..78990.15 rows=11485 width=3)
Nested Loop  (cost=1000.00..80836.83 rows=28273 width=3)
Nested Loop  (cost=1000.00..78990.15 rows=11485 width=3)
Seq Scan on voter_2  (cost=0.00..9980.58 rows=73074 width=4)
Seq Scan on voter_2  (cost=0.00..9980.58 rows=44052 width=4)
Seq Scan on voter_2  (cost=0.00..9980.58 rows=34183 width=4)
Seq Scan on voter_2  (cost=0.00..9980.58 rows=34853 width=4)
Seq Scan on voter_2  (cost=0.00..9980.58 rows=37651 width=4)
Gather  (cost=1000.00..7315.26 rows=1 width=4)
Nested Loop  (cost=1000.00..78990.15 rows=11485 width=3)
Seq Scan on voter_2  (cost=0.00..9980.58 rows=109066 width=4)
Nested Loop  (cost=1000.00..78990.15 rows=11485 width=3)
Seq Scan on voter_2  (cost=0.00..9980.58 rows=44052 width=4)
Nested Loop  (cost=1000.00..78990.15 rows=11485 width=3)
Nested Loop  (cost=1000.00..78990.15 rows=11485 width=3)
Nested Loop  (cost=1000.00..78990.15 rows=11485 width=3)
Seq Scan on voter_2  (cost=0.00..9980.58 rows=44052 width=4)
Seq Scan on voter_2  (cost=0.00..9980.58 rows=34853 width=4)
Nested Loop  (cost=1000.00..80982.58 rows=29598 width=3)
Seq Scan on voter_2  (cost=0.00..9980.58 rows=73074 width=4)
Nested Loop  (cost=1000.00..80982.58 rows=29598 width=3)
Nested Loop  (cost=1000.00..78990.15 rows=11485 width=3)
Nested Loop  (cost=1000.00..80423.78 rows=24518 width=3)
Seq Scan on voter_2  (cost=0.00..9980.58 rows=44052 width=4)
Seq Scan on voter_2  (cost=0.00..9980.58 rows=73074 width=4)
Nested Loop  (cost=1000.00..78990.15 rows=11485 width=3)
Seq Scan on voter_2  (cost=0.00..9980.58 rows=73074 width=4)
Seq Scan on voter_2  (cost=0.00..9980.58 rows=73074 width=4)
Seq Scan on voter_2  (cost=0.00..9980.58 rows=73074 width=4)
Seq Scan on voter_2  (cost=0.00..9980.58 rows=34853 width=4)
Nested Loop  (cost=1000.00..78990.15 rows=11485 width=3)
Nested Loop  (cost=1000.00..78990.15 rows=11485 width=3)
Nested Loop  (cost=1000.00..84262.78 rows=59418 width=3)
Nested Loop  (cost=1000.00..80399.47 rows=24297 width=3)
Nested Loop  (cost=1000.00..83995.48 rows=56988 width=3)
Seq Scan on voter_2  (cost=0.00..9980.58 rows=35808 width=4)
Seq Scan on voter_2  (cost=0.00..9980.58 rows=109066 width=4)
Nested Loop  (cost=1000.00..78990.15 rows=11485 width=3)
Nested Loop  (cost=1000.00..82367.59 rows=42189 width=3)
Seq Scan on voter_2  (cost=0.00..9980.58 rows=109066 width=4)
Seq Scan on voter_2  (cost=0.00..9980.58 rows=109066 width=4)
Nested Loop  (cost=1000.00..78990.15 rows=11485 width=3)
Seq Scan on voter_2  (cost=0.00..9980.58 rows=37517 width=4)
Seq Scan on voter_2  (cost=0.00..9980.58 rows=34853 width=4)
Seq Scan on voter_2  (cost=0.00..9980.58 rows=34183 width=4)
Nested Loop  (cost=1000.00..78990.15 rows=11485 width=3)
Nested Loop  (cost=1000.00..78990.15 rows=11485 width=3)
Seq Scan on voter_2  (cost=0.00..9980.58 rows=73074 width=4)
Nested Loop  (cost=1000.00..78990.15 rows=11485 width=3)
Seq Scan on voter_2  (cost=0.00..9980.58 rows=32658 width=4)
Nested Loop  (cost=1000.00..78990.15 rows=11485 width=3)
Seq Scan on voter_2  (cost=0.00..9980.58 rows=31351 width=4)
Seq Scan on voter_2  (cost=0.00..9980.58 rows=32474 width=4)
Nested Loop  (cost=1000.00..78990.15 rows=11485 width=3)
Seq Scan on voter_2  (cost=0.00..9980.58 rows=34853 width=4)
Nested Loop  (cost=1000.00..78990.15 rows=11485 width=3)
Nested Loop  (cost=1000.00..80472.40 rows=24960 width=3)
Nested Loop  (cost=1000.00..78990.15 rows=11485 width=3)
Seq Scan on voter_2  (cost=0.00..9980.58 rows=31351 width=4)
Nested Loop  (cost=1000.00..81930.23 rows=38213 width=3)
Seq Scan on voter_2  (cost=0.00..9980.58 rows=73074 width=4)
Nested Loop  (cost=1000.00..80375.16 rows=24076 width=3)
Nested Loop  (cost=1000.00..78990.15 rows=11485 width=3)
Seq Scan on voter_2  (cost=0.00..9980.58 rows=109066 width=4)
Nested Loop  (cost=1000.00..84481.46 rows=61406 width=3)
Seq Scan on voter_2  (cost=0.00..9980.58 rows=35808 width=4)
Seq Scan on voter_2  (cost=0.00..9980.58 rows=37517 width=4)
Nested Loop  (cost=1000.00..78990.15 rows=11485 width=3)
Seq Scan on voter_2  (cost=0.00..9980.58 rows=109066 width=4)
Seq Scan on voter_2  (cost=0.00..9980.58 rows=73074 width=4)
Nested Loop  (cost=1000.00..78990.15 rows=11485 width=3)
Seq Scan on voter_2  (cost=0.00..9980.58 rows=109066 width=4)
Seq Scan on voter_2  (cost=0.00..9980.58 rows=35808 width=4)
Seq Scan on voter_2  (cost=0.00..9980.58 rows=37651 width=4)
Nested Loop  (cost=1000.00..84092.61 rows=57871 width=3)
Nested Loop  (cost=1000.00..78990.15 rows=11485 width=3)
Nested Loop  (cost=1000.00..78990.15 rows=11485 width=3)
Seq Scan on voter_2  (cost=0.00..9980.58 rows=73074 width=4)
Seq Scan on voter_2  (cost=0.00..9980.58 rows=37517 width=4)
Nested Loop  (cost=1000.00..78990.15 rows=11485 width=3)
Seq Scan on voter_2  (cost=0.00..9980.58 rows=34853 width=4)
Nested Loop  (cost=1000.00..78990.15 rows=11485 width=3)
Seq Scan on voter_2  (cost=0.00..9980.58 rows=37651 width=4)
Nested Loop  (cost=1000.00..78990.15 rows=11485 width=3)
Nested Loop  (cost=1000.00..78990.15 rows=11485 width=3)
Nested Loop  (cost=1000.00..80788.21 rows=27831 width=3)
Nested Loop  (cost=1000.00..78990.15 rows=11485 width=3)
Nested Loop  (cost=1000.00..84019.79 rows=57209 width=3)
Seq Scan on voter_2  (cost=0.00..9980.58 rows=73074 width=4)
Seq Scan on voter_2  (cost=0.00..9980.58 rows=109066 width=4)
Seq Scan on voter_2  (cost=0.00..9980.58 rows=37651 width=4)
Seq Scan on voter_2  (cost=0.00..9980.58 rows=32658 width=4)
Seq Scan on voter_2  (cost=0.00..9980.58 rows=37517 width=4)
Nested Loop  (cost=1000.00..78990.15 rows=11485 width=3)
Nested Loop  (cost=1000.00..78990.15 rows=11485 width=3)
Nested Loop  (cost=1000.00..78990.15 rows=11485 width=3)
Nested Loop  (cost=1000.00..83873.93 rows=55883 width=3)
Nested Loop  (cost=1000.00..78990.15 rows=11485 width=3)
Seq Scan on voter_2  (cost=0.00..9980.58 rows=35808 width=4)
Seq Scan on voter_2  (cost=0.00..9980.58 rows=109066 width=4)
Seq Scan on voter_2  (cost=0.00..9980.58 rows=37651 width=4)
Seq Scan on voter_2  (cost=0.00..9980.58 rows=44052 width=4)
Nested Loop  (cost=1000.00..78990.15 rows=11485 width=3)
Seq Scan on voter_2  (cost=0.00..9980.58 rows=35808 width=4)
Nested Loop  (cost=1000.00..78990.15 rows=11485 width=3)
Seq Scan on voter_2  (cost=0.00..9980.58 rows=31351 width=4)
Nested Loop  (cost=1000.00..78990.15 rows=11485 width=3)
Nested Loop  (cost=1000.00..84238.47 rows=59197 width=3)
Nested Loop  (cost=1000.00..78990.15 rows=11485 width=3)
Nested Loop  (cost=1000.00..82075.98 rows=39538 width=3)
Seq Scan on voter_2  (cost=0.00..9980.58 rows=32474 width=4)
Seq Scan on voter_2  (cost=0.00..9980.58 rows=44052 width=4)
Seq Scan on voter_2  (cost=0.00..9980.58 rows=109066 width=4)
Seq Scan on voter_2  (cost=0.00..9980.58 rows=73074 width=4)
Seq Scan on voter_2  (cost=0.00..9980.58 rows=37651 width=4)
Seq Scan on voter_2  (cost=0.00..9980.58 rows=44052 width=4)
Seq Scan on voter_2  (cost=0.00..9980.58 rows=44052 width=4)
Seq Scan on voter_2  (cost=0.00..9980.58 rows=32658 width=4)
Seq Scan on voter_2  (cost=0.00..9980.58 rows=109066 width=4)
Nested Loop  (cost=1000.00..78990.15 rows=11485 width=3)
Nested Loop  (cost=1000.00..78990.15 rows=11485 width=3)
Nested Loop  (cost=1000.00..78990.15 rows=11485 width=3)
Nested Loop  (cost=1000.00..78990.15 rows=11485 width=3)
Nested Loop  (cost=1000.00..78990.15 rows=11485 width=3)
Nested Loop  (cost=1000.00..78990.15 rows=11485 width=3)
Nested Loop  (cost=1000.00..78990.15 rows=11485 width=3)
Seq Scan on voter_2  (cost=0.00..9980.58 rows=44052 width=4)
Nested Loop  (cost=1000.00..78990.15 rows=11485 width=3)
Nested Loop  (cost=1000.00..82610.58 rows=44398 width=3)
Seq Scan on voter_2  (cost=0.00..9980.58 rows=109066 width=4)
Nested Loop  (cost=1000.00..78990.15 rows=11485 width=3)
Nested Loop  (cost=1000.00..78990.15 rows=11485 width=3)
Seq Scan on voter_2  (cost=0.00..9980.58 rows=35808 width=4)
Seq Scan on voter_2  (cost=0.00..9980.58 rows=35808 width=4)
Seq Scan on voter_2  (cost=0.00..9980.58 rows=35808 width=4)
Seq Scan on voter_2  (cost=0.00..9980.58 rows=73074 width=4)
Seq Scan on voter_2  (cost=0.00..9980.58 rows=31351 width=4)
Seq Scan on voter_2  (cost=0.00..9980.58 rows=109066 width=4)
Nested Loop  (cost=1000.00..78990.15 rows=11485 width=3)
Seq Scan on voter_2  (cost=0.00..9980.58 rows=73074 width=4)
Seq Scan on voter_2  (cost=0.00..9980.58 rows=31351 width=4)
Nested Loop  (cost=1000.00..78990.15 rows=11485 width=3)
Nested Loop  (cost=1000.00..78990.15 rows=11485 width=3)
Seq Scan on voter_2  (cost=0.00..9980.58 rows=73074 width=4)
Nested Loop  (cost=1000.00..78990.15 rows=11485 width=3)
Nested Loop  (cost=1000.00..78990.15 rows=11485 width=3)
Nested Loop  (cost=1000.00..85088.88 rows=66928 width=3)
Seq Scan on voter_2  (cost=0.00..9980.58 rows=73074 width=4)
Nested Loop  (cost=1000.00..84238.47 rows=59197 width=3)
Nested Loop  (cost=1000.00..78990.15 rows=11485 width=3)
Nested Loop  (cost=1000.00..78990.15 rows=11485 width=3)
Nested Loop  (cost=1000.00..78990.15 rows=11485 width=3)
Seq Scan on voter_2  (cost=0.00..9980.58 rows=37651 width=4)
Nested Loop  (cost=1000.00..78990.15 rows=11485 width=3)
Seq Scan on voter_2  (cost=0.00..9980.58 rows=32474 width=4)
Seq Scan on voter_2  (cost=0.00..9980.58 rows=37517 width=4)
Seq Scan on voter_2  (cost=0.00..9980.58 rows=73074 width=4)
Seq Scan on voter_2  (cost=0.00..9980.58 rows=73074 width=4)
Seq Scan on voter_2  (cost=0.00..9980.58 rows=109066 width=4)
Nested Loop  (cost=1000.00..82829.15 rows=46385 width=3)
Seq Scan on voter_2  (cost=0.00..9980.58 rows=109066 width=4)
Seq Scan on voter_2  (cost=0.00..9980.58 rows=44052 width=4)
Nested Loop  (cost=1000.00..82343.28 rows=41968 width=3)
Nested Loop  (cost=1000.00..84238.47 rows=59197 width=3)
Nested Loop  (cost=1000.00..78990.15 rows=11485 width=3)
Seq Scan on voter_2  (cost=0.00..9980.58 rows=37517 width=4)
Seq Scan on voter_2  (cost=0.00..9980.58 rows=109066 width=4)
Seq Scan on voter_2  (cost=0.00..9980.58 rows=109066 width=4)
Nested Loop  (cost=1000.00..78990.15 rows=11485 width=3)
Nested Loop  (cost=1000.00..78990.15 rows=11485 width=3)
Nested Loop  (cost=1000.00..84092.61 rows=57871 width=3)
Nested Loop  (cost=1000.00..78990.15 rows=11485 width=3)
Seq Scan on voter_2  (cost=0.00..9980.58 rows=32474 width=4)
Seq Scan on voter_2  (cost=0.00..9980.58 rows=37517 width=4)
Nested Loop  (cost=1000.00..82416.10 rows=42630 width=3)
Seq Scan on voter_2  (cost=0.00..9980.58 rows=31351 width=4)
Nested Loop  (cost=1000.00..78990.15 rows=11485 width=3)
Seq Scan on voter_2  (cost=0.00..9980.58 rows=34853 width=4)
Seq Scan on voter_2  (cost=0.00..9980.58 rows=35808 width=4)
Seq Scan on voter_2  (cost=0.00..9980.58 rows=73074 width=4)
Nested Loop  (cost=1000.00..78990.15 rows=11485 width=3)
Nested Loop  (cost=1000.00..78990.15 rows=11485 width=3)
Nested Loop  (cost=1000.00..78990.15 rows=11485 width=3)
Nested Loop  (cost=1000.00..78990.15 rows=11485 width=3)
Nested Loop  (cost=1000.00..78990.15 rows=11485 width=3)
Seq Scan on voter_2  (cost=0.00..9980.58 rows=37651 width=4)
Nested Loop  (cost=1000.00..78990.15 rows=11485 width=3)
Seq Scan on voter_2  (cost=0.00..9980.58 rows=44052 width=4)
Seq Scan on voter_2  (cost=0.00..9980.58 rows=73074 width=4)
Seq Scan on voter_2  (cost=0.00..9980.58 rows=73074 width=4)
Seq Scan on voter_2  (cost=0.00..9980.58 rows=31351 width=4)
Seq Scan on voter_2  (cost=0.00..9980.58 rows=34853 width=4)
Nested Loop  (cost=1000.00..83995.48 rows=56988 width=3)
Nested Loop  (cost=1000.00..80569.53 rows=25843 width=3)
Seq Scan on voter_2  (cost=0.00..9980.58 rows=32474 width=4)
Nested Loop  (cost=1000.00..78990.15 rows=11485 width=3)
Nested Loop  (cost=1000.00..82756.33 rows=45723 width=3)
Seq Scan on voter_2  (cost=0.00..9980.58 rows=109066 width=4)
Nested Loop  (cost=1000.00..78990.15 rows=11485 width=3)
Seq Scan on voter_2  (cost=0.00..9980.58 rows=44052 width=4)
Nested Loop  (cost=1000.00..78990.15 rows=11485 width=3)
Seq Scan on voter_2  (cost=0.00..9980.58 rows=73074 width=4)
Nested Loop  (cost=1000.00..78990.15 rows=11485 width=3)
Seq Scan on voter_2  (cost=0.00..9980.58 rows=37651 width=4)
Nested Loop  (cost=1000.00..78990.15 rows=11485 width=3)
Seq Scan on voter_2  (cost=0.00..9980.58 rows=37517 width=4)
Nested Loop  (cost=1000.00..81274.19 rows=32249 width=3)
Nested Loop  (cost=1000.00..78990.15 rows=11485 width=3)
Seq Scan on voter_2  (cost=0.00..9980.58 rows=37651 width=4)
Nested Loop  (cost=1000.00..78990.15 rows=11485 width=3)
Seq Scan on voter_2  (cost=0.00..9980.58 rows=32474 width=4)
Seq Scan on voter_2  (cost=0.00..9980.58 rows=73074 width=4)
Nested Loop  (cost=1000.00..84262.78 rows=59418 width=3)
Nested Loop  (cost=1000.00..82489.03 rows=43293 width=3)
Seq Scan on voter_2  (cost=0.00..9980.58 rows=32474 width=4)
Seq Scan on voter_2  (cost=0.00..9980.58 rows=31351 width=4)
Seq Scan on voter_2  (cost=0.00..9980.58 rows=73074 width=4)
Nested Loop  (cost=1000.00..78990.15 rows=11485 width=3)
Seq Scan on voter_2  (cost=0.00..9980.58 rows=109066 width=4)
Nested Loop  (cost=1000.00..78990.15 rows=11485 width=3)
Nested Loop  (cost=1000.00..78990.15 rows=11485 width=3)
Seq Scan on voter_2  (cost=0.00..9980.58 rows=109066 width=4)
Nested Loop  (cost=1000.00..81614.31 rows=35341 width=3)
Nested Loop  (cost=1000.00..80788.21 rows=27831 width=3)
Seq Scan on voter_2  (cost=0.00..9980.58 rows=109066 width=4)
Seq Scan on voter_2  (cost=0.00..9980.58 rows=37651 width=4)
Nested Loop  (cost=1000.00..78990.15 rows=11485 width=3)
Nested Loop  (cost=1000.00..78990.15 rows=11485 width=3)
Nested Loop  (cost=1000.00..78990.15 rows=11485 width=3)
Seq Scan on voter_2  (cost=0.00..9980.58 rows=73074 width=4)
Seq Scan on voter_2  (cost=0.00..9980.58 rows=34183 width=4)
Seq Scan on voter_2  (cost=0.00..9980.58 rows=109066 width=4)
Seq Scan on voter_2  (cost=0.00..9980.58 rows=37651 width=4)
Nested Loop  (cost=1000.00..78990.15 rows=11485 width=3)
Nested Loop  (cost=1000.00..78990.15 rows=11485 width=3)
Seq Scan on voter_2  (cost=0.00..9980.58 rows=73074 width=4)
Nested Loop  (cost=1000.00..82100.29 rows=39759 width=3)
Seq Scan on voter_2  (cost=0.00..9980.58 rows=37517 width=4)
Seq Scan on voter_2  (cost=0.00..9980.58 rows=35808 width=4)
Seq Scan on voter_2  (cost=0.00..9980.58 rows=73074 width=4)
Nested Loop  (cost=1000.00..78990.15 rows=11485 width=3)
Nested Loop  (cost=1000.00..78990.15 rows=11485 width=3)
Nested Loop  (cost=1000.00..83995.48 rows=56988 width=3)
Nested Loop  (cost=1000.00..78990.15 rows=11485 width=3)
Nested Loop  (cost=1000.00..84262.78 rows=59418 width=3)
Seq Scan on voter_2  (cost=0.00..9980.58 rows=37651 width=4)
Seq Scan on voter_2  (cost=0.00..9980.58 rows=73074 width=4)
Nested Loop  (cost=1000.00..78990.15 rows=11485 width=3)
Nested Loop  (cost=1000.00..78990.15 rows=11485 width=3)
Seq Scan on voter_2  (cost=0.00..9980.58 rows=32658 width=4)
Seq Scan on voter_2  (cost=0.00..9980.58 rows=32658 width=4)
Seq Scan on voter_2  (cost=0.00..9980.58 rows=109066 width=4)
Nested Loop  (cost=1000.00..84262.78 rows=59418 width=3)
Seq Scan on voter_2  (cost=0.00..9980.58 rows=37651 width=4)
Nested Loop  (cost=1000.00..78990.15 rows=11485 width=3)
Seq Scan on voter_2  (cost=0.00..9980.58 rows=73074 width=4)
Nested Loop  (cost=1000.00..78990.15 rows=11485 width=3)
Nested Loop  (cost=1000.00..78990.15 rows=11485 width=3)
Seq Scan on voter_2  (cost=0.00..9980.58 rows=109066 width=4)
Nested Loop  (cost=1000.00..78990.15 rows=11485 width=3)
Seq Scan on voter_2  (cost=0.00..9980.58 rows=109066 width=4)
Seq Scan on voter_2  (cost=0.00..9980.58 rows=34183 width=4)
Seq Scan on voter_2  (cost=0.00..9980.58 rows=44052 width=4)
Nested Loop  (cost=1000.00..78990.15 rows=11485 width=3)
Nested Loop  (cost=1000.00..82051.67 rows=39317 width=3)
Nested Loop  (cost=1000.00..78990.15 rows=11485 width=3)
Nested Loop  (cost=1000.00..78990.15 rows=11485 width=3)
Nested Loop  (cost=1000.00..78990.15 rows=11485 width=3)
Seq Scan on voter_2  (cost=0.00..9980.58 rows=109066 width=4)
Seq Scan on voter_2  (cost=0.00..9980.58 rows=34853 width=4)
Seq Scan on voter_2  (cost=0.00..9980.58 rows=73074 width=4)
Nested Loop  (cost=1000.00..78990.15 rows=11485 width=3)
Seq Scan on voter_2  (cost=0.00..9980.58 rows=44052 width=4)
Seq Scan on voter_2  (cost=0.00..9980.58 rows=37517 width=4)
Seq Scan on voter_2  (cost=0.00..9980.58 rows=35808 width=4)
Nested Loop  (cost=1000.00..78990.15 rows=11485 width=3)
Nested Loop  (cost=1000.00..78990.15 rows=11485 width=3)
Nested Loop  (cost=1000.00..78990.15 rows=11485 width=3)
Nested Loop  (cost=1000.00..78990.15 rows=11485 width=3)
Nested Loop  (cost=1000.00..82902.08 rows=47048 width=3)
Seq Scan on voter_2  (cost=0.00..9980.58 rows=34853 width=4)
Seq Scan on voter_2  (cost=0.00..9980.58 rows=34183 width=4)
Seq Scan on voter_2  (cost=0.00..9980.58 rows=37517 width=4)
Seq Scan on voter_2  (cost=0.00..9980.58 rows=34853 width=4)
Seq Scan on voter_2  (cost=0.00..9980.58 rows=73074 width=4)
Nested Loop  (cost=1000.00..78990.15 rows=11485 width=3)
Nested Loop  (cost=1000.00..78990.15 rows=11485 width=3)
Nested Loop  (cost=1000.00..78990.15 rows=11485 width=3)
Seq Scan on voter_2  (cost=0.00..9980.58 rows=37651 width=4)
Nested Loop  (cost=1000.00..83873.93 rows=55883 width=3)
Nested Loop  (cost=1000.00..78990.15 rows=11485 width=3)
Nested Loop  (cost=1000.00..78990.15 rows=11485 width=3)
Seq Scan on voter_2  (cost=0.00..9980.58 rows=37651 width=4)
Seq Scan on voter_2  (cost=0.00..9980.58 rows=37517 width=4)
Seq Scan on voter_2  (cost=0.00..9980.58 rows=73074 width=4)
Seq Scan on voter_2  (cost=0.00..9980.58 rows=44052 width=4)
Seq Scan on voter_2  (cost=0.00..9980.58 rows=109066 width=4)
Seq Scan on voter_2  (cost=0.00..9980.58 rows=34853 width=4)
Seq Scan on voter_2  (cost=0.00..9980.58 rows=32658 width=4)
Seq Scan on voter_2  (cost=0.00..9980.58 rows=44052 width=4)
Nested Loop  (cost=1000.00..82756.33 rows=45723 width=3)
Nested Loop  (cost=1000.00..78990.15 rows=11485 width=3)
Nested Loop  (cost=1000.00..84311.29 rows=59859 width=3)
Seq Scan on voter_2  (cost=0.00..9980.58 rows=37517 width=4)
Nested Loop  (cost=1000.00..81104.13 rows=30703 width=3)
Nested Loop  (cost=1000.00..78990.15 rows=11485 width=3)
Nested Loop  (cost=1000.00..78990.15 rows=11485 width=3)
Nested Loop  (cost=1000.00..78990.15 rows=11485 width=3)
Nested Loop  (cost=1000.00..80982.58 rows=29598 width=3)
Nested Loop  (cost=1000.00..84286.98 rows=59638 width=3)
Seq Scan on voter_2  (cost=0.00..9980.58 rows=73074 width=4)
Seq Scan on voter_2  (cost=0.00..9980.58 rows=35808 width=4)
Seq Scan on voter_2  (cost=0.00..9980.58 rows=44052 width=4)
Seq Scan on voter_2  (cost=0.00..9980.58 rows=109066 width=4)
Nested Loop  (cost=1000.00..78990.15 rows=11485 width=3)
Seq Scan on voter_2  (cost=0.00..9980.58 rows=109066 width=4)
Nested Loop  (cost=1000.00..84092.61 rows=57871 width=3)
Seq Scan on voter_2  (cost=0.00..9980.58 rows=34853 width=4)
Nested Loop  (cost=1000.00..78990.15 rows=11485 width=3)
Nested Loop  (cost=1000.00..78990.15 rows=11485 width=3)
Seq Scan on voter_2  (cost=0.00..9980.58 rows=44052 width=4)
Seq Scan on voter_2  (cost=0.00..9980.58 rows=73074 width=4)
Seq Scan on voter_2  (cost=0.00..9980.58 rows=109066 width=4)
Nested Loop  (cost=1000.00..78990.15 rows=11485 width=3)
Nested Loop  (cost=1000.00..78990.15 rows=11485 width=3)
Seq Scan on voter_2  (cost=0.00..9980.58 rows=73074 width=4)
Nested Loop  (cost=1000.00..84238.47 rows=59197 width=3)
Seq Scan on voter_2  (cost=0.00..9980.58 rows=73074 width=4)
Nested Loop  (cost=1000.00..80399.47 rows=24297 width=3)
Nested Loop  (cost=1000.00..78990.15 rows=11485 width=3)
Nested Loop  (cost=1000.00..78990.15 rows=11485 width=3)
Seq Scan on voter_2  (cost=0.00..9980.58 rows=109066 width=4)
Seq Scan on voter_2  (cost=0.00..9980.58 rows=73074 width=4)
Nested Loop  (cost=1000.00..78990.15 rows=11485 width=3)
Seq Scan on voter_2  (cost=0.00..9980.58 rows=35808 width=4)
Nested Loop  (cost=1000.00..78990.15 rows=11485 width=3)
Seq Scan on voter_2  (cost=0.00..9980.58 rows=34183 width=4)
Seq Scan on voter_2  (cost=0.00..9980.58 rows=37517 width=4)
Nested Loop  (cost=1000.00..78990.15 rows=11485 width=3)
Nested Loop  (cost=1000.00..78990.15 rows=11485 width=3)
Seq Scan on voter_2  (cost=0.00..9980.58 rows=32658 width=4)
Seq Scan on voter_2  (cost=0.00..9980.58 rows=34183 width=4)
Seq Scan on voter_2  (cost=0.00..9980.58 rows=73074 width=4)
Nested Loop  (cost=1000.00..78990.15 rows=11485 width=3)
Seq Scan on voter_2  (cost=0.00..9980.58 rows=32474 width=4)
Nested Loop  (cost=1000.00..84481.46 rows=61406 width=3)
Seq Scan on voter_2  (cost=0.00..9980.58 rows=73074 width=4)
Nested Loop  (cost=1000.00..78990.15 rows=11485 width=3)
Nested Loop  (cost=1000.00..78990.15 rows=11485 width=3)
Nested Loop  (cost=1000.00..83703.87 rows=54337 width=3)
Seq Scan on voter_2  (cost=0.00..9980.58 rows=34853 width=4)
Nested Loop  (cost=1000.00..78990.15 rows=11485 width=3)
Seq Scan on voter_2  (cost=0.00..9980.58 rows=34183 width=4)
Nested Loop  (cost=1000.00..78990.15 rows=11485 width=3)
Nested Loop  (cost=1000.00..83752.49 rows=54779 width=3)
Seq Scan on voter_2  (cost=0.00..9980.58 rows=109066 width=4)
Nested Loop  (cost=1000.00..78990.15 rows=11485 width=3)
Seq Scan on voter_2  (cost=0.00..9980.58 rows=31351 width=4)
Seq Scan on voter_2  (cost=0.00..9980.58 rows=37651 width=4)
Seq Scan on voter_2  (cost=0.00..9980.58 rows=32658 width=4)
Seq Scan on voter_2  (cost=0.00..9980.58 rows=73074 width=4)
Seq Scan on voter_2  (cost=0.00..9980.58 rows=109066 width=4)
Seq Scan on voter_2  (cost=0.00..9980.58 rows=35808 width=4)
Nested Loop  (cost=1000.00..78990.15 rows=11485 width=3)
Nested Loop  (cost=1000.00..82610.58 rows=44398 width=3)
Nested Loop  (cost=1000.00..80788.21 rows=27831 width=3)
Seq Scan on voter_2  (cost=0.00..9980.58 rows=109066 width=4)
Nested Loop  (cost=1000.00..78990.15 rows=11485 width=3)
Nested Loop  (cost=1000.00..81201.26 rows=31586 width=3)
Nested Loop  (cost=1000.00..78990.15 rows=11485 width=3)
Seq Scan on voter_2  (cost=0.00..9980.58 rows=35808 width=4)
Nested Loop  (cost=1000.00..82343.28 rows=41968 width=3)
Seq Scan on voter_2  (cost=0.00..9980.58 rows=44052 width=4)
Nested Loop  (cost=1000.00..78990.15 rows=11485 width=3)
Nested Loop  (cost=1000.00..78990.15 rows=11485 width=3)
Nested Loop  (cost=1000.00..78990.15 rows=11485 width=3)
Seq Scan on voter_2  (cost=0.00..9980.58 rows=32658 width=4)
Seq Scan on voter_2  (cost=0.00..9980.58 rows=109066 width=4)
Seq Scan on voter_2  (cost=0.00..9980.58 rows=34853 width=4)
Seq Scan on voter_2  (cost=0.00..9980.58 rows=109066 width=4)
Seq Scan on voter_2  (cost=0.00..9980.58 rows=34183 width=4)
Nested Loop  (cost=1000.00..83873.93 rows=55883 width=3)
Seq Scan on voter_2  (cost=0.00..9980.58 rows=109066 width=4)
Seq Scan on voter_2  (cost=0.00..9980.58 rows=35808 width=4)
Seq Scan on voter_2  (cost=0.00..9980.58 rows=37517 width=4)
Nested Loop  (cost=1000.00..84481.46 rows=61406 width=3)
Nested Loop  (cost=1000.00..78990.15 rows=11485 width=3)
Seq Scan on voter_2  (cost=0.00..9980.58 rows=31351 width=4)
Nested Loop  (cost=1000.00..84141.23 rows=58313 width=3)
Nested Loop  (cost=1000.00..78990.15 rows=11485 width=3)
Seq Scan on voter_2  (cost=0.00..9980.58 rows=109066 width=4)
Nested Loop  (cost=1000.00..78990.15 rows=11485 width=3)
Nested Loop  (cost=1000.00..78990.15 rows=11485 width=3)
Nested Loop  (cost=1000.00..78990.15 rows=11485 width=3)
Seq Scan on voter_2  (cost=0.00..9980.58 rows=73074 width=4)
Nested Loop  (cost=1000.00..78990.15 rows=11485 width=3)
Nested Loop  (cost=1000.00..78990.15 rows=11485 width=3)
Seq Scan on voter_2  (cost=0.00..9980.58 rows=32658 width=4)
Seq Scan on voter_2  (cost=0.00..9980.58 rows=37651 width=4)
Nested Loop  (cost=1000.00..84019.79 rows=57209 width=3)
Seq Scan on voter_2  (cost=0.00..9980.58 rows=44052 width=4)
Seq Scan on voter_2  (cost=0.00..9980.58 rows=37651 width=4)
Nested Loop  (cost=1000.00..78990.15 rows=11485 width=3)
Seq Scan on voter_2  (cost=0.00..9980.58 rows=37517 width=4)
Nested Loop  (cost=1000.00..78990.15 rows=11485 width=3)
Seq Scan on voter_2  (cost=0.00..9980.58 rows=37517 width=4)
Nested Loop  (cost=1000.00..83120.76 rows=49036 width=3)
Seq Scan on voter_2  (cost=0.00..9980.58 rows=32658 width=4)
Seq Scan on voter_2  (cost=0.00..9980.58 rows=73074 width=4)
Nested Loop  (cost=1000.00..78990.15 rows=11485 width=3)
Nested Loop  (cost=1000.00..78990.15 rows=11485 width=3)
Nested Loop  (cost=1000.00..82124.60 rows=39980 width=3)
Seq Scan on voter_2  (cost=0.00..9980.58 rows=37651 width=4)
Nested Loop  (cost=1000.00..78990.15 rows=11485 width=3)
Nested Loop  (cost=1000.00..78990.15 rows=11485 width=3)
Nested Loop  (cost=1000.00..84116.92 rows=58092 width=3)
Seq Scan on voter_2  (cost=0.00..9980.58 rows=34183 width=4)
Seq Scan on voter_2  (cost=0.00..9980.58 rows=34183 width=4)
Seq Scan on voter_2  (cost=0.00..9980.58 rows=37517 width=4)
Nested Loop  (cost=1000.00..78990.15 rows=11485 width=3)
Seq Scan on voter_2  (cost=0.00..9980.58 rows=73074 width=4)
Seq Scan on voter_2  (cost=0.00..9980.58 rows=73074 width=4)
Nested Loop  (cost=1000.00..80496.71 rows=25181 width=3)
Seq Scan on voter_2  (cost=0.00..9980.58 rows=73074 width=4)
Seq Scan on voter_2  (cost=0.00..9980.58 rows=109066 width=4)
Nested Loop  (cost=1000.00..83873.93 rows=55883 width=3)
Nested Loop  (cost=1000.00..78990.15 rows=11485 width=3)
Seq Scan on voter_2  (cost=0.00..9980.58 rows=37517 width=4)
Nested Loop  (cost=1000.00..84238.47 rows=59197 width=3)
Nested Loop  (cost=1000.00..84481.46 rows=61406 width=3)
Seq Scan on voter_2  (cost=0.00..9980.58 rows=73074 width=4)
Seq Scan on voter_2  (cost=0.00..9980.58 rows=32474 width=4)
Nested Loop  (cost=1000.00..78990.15 rows=11485 width=3)
Seq Scan on voter_2  (cost=0.00..9980.58 rows=73074 width=4)
Nested Loop  (cost=1000.00..78990.15 rows=11485 width=3)
Nested Loop  (cost=1000.00..78990.15 rows=11485 width=3)
Nested Loop  (cost=1000.00..84092.61 rows=57871 width=3)
Seq Scan on voter_2  (cost=0.00..9980.58 rows=109066 width=4)
Seq Scan on voter_2  (cost=0.00..9980.58 rows=109066 width=4)
Nested Loop  (cost=1000.00..84262.78 rows=59418 width=3)
Nested Loop  (cost=1000.00..78990.15 rows=11485 width=3)
Nested Loop  (cost=1000.00..80423.78 rows=24518 width=3)
Seq Scan on voter_2  (cost=0.00..9980.58 rows=73074 width=4)
Seq Scan on voter_2  (cost=0.00..9980.58 rows=37651 width=4)
Nested Loop  (cost=1000.00..78990.15 rows=11485 width=3)
Seq Scan on voter_2  (cost=0.00..9980.58 rows=37517 width=4)
Seq Scan on voter_2  (cost=0.00..9980.58 rows=34183 width=4)
Seq Scan on voter_2  (cost=0.00..9980.58 rows=109066 width=4)
Seq Scan on voter_2  (cost=0.00..9980.58 rows=109066 width=4)
Nested Loop  (cost=1000.00..78990.15 rows=11485 width=3)
Seq Scan on voter_2  (cost=0.00..9980.58 rows=109066 width=4)
Nested Loop  (cost=1000.00..78990.15 rows=11485 width=3)
Seq Scan on voter_2  (cost=0.00..9980.58 rows=73074 width=4)
Nested Loop  (cost=1000.00..84286.98 rows=59638 width=3)
Nested Loop  (cost=1000.00..84238.47 rows=59197 width=3)
Nested Loop  (cost=1000.00..83388.06 rows=51466 width=3)
Nested Loop  (cost=1000.00..78990.15 rows=11485 width=3)
Seq Scan on voter_2  (cost=0.00..9980.58 rows=32658 width=4)
Nested Loop  (cost=1000.00..84457.15 rows=61185 width=3)
Nested Loop  (cost=1000.00..84238.47 rows=59197 width=3)
Seq Scan on voter_2  (cost=0.00..9980.58 rows=73074 width=4)
Seq Scan on voter_2  (cost=0.00..9980.58 rows=34853 width=4)
Seq Scan on voter_2  (cost=0.00..9980.58 rows=73074 width=4)
Nested Loop  (cost=1000.00..78990.15 rows=11485 width=3)
Seq Scan on voter_2  (cost=0.00..9980.58 rows=109066 width=4)
Nested Loop  (cost=1000.00..78990.15 rows=11485 width=3)
Seq Scan on voter_2  (cost=0.00..9980.58 rows=37651 width=4)
Seq Scan on voter_2  (cost=0.00..9980.58 rows=44052 width=4)
Nested Loop  (cost=1000.00..78990.15 rows=11485 width=3)
Seq Scan on voter_2  (cost=0.00..9980.58 rows=109066 width=4)
Nested Loop  (cost=1000.00..82221.73 rows=40863 width=3)
Nested Loop  (cost=1000.00..78990.15 rows=11485 width=3)
Nested Loop  (cost=1000.00..78990.15 rows=11485 width=3)
Seq Scan on voter_2  (cost=0.00..9980.58 rows=73074 width=4)
Seq Scan on voter_2  (cost=0.00..9980.58 rows=32658 width=4)
Seq Scan on voter_2  (cost=0.00..9980.58 rows=34853 width=4)
Seq Scan on voter_2  (cost=0.00..9980.58 rows=109066 width=4)
Nested Loop  (cost=1000.00..78990.15 rows=11485 width=3)
Nested Loop  (cost=1000.00..78990.15 rows=11485 width=3)
Seq Scan on voter_2  (cost=0.00..9980.58 rows=34183 width=4)
Nested Loop  (cost=1000.00..78990.15 rows=11485 width=3)
Nested Loop  (cost=1000.00..78990.15 rows=11485 width=3)
Nested Loop  (cost=1000.00..78990.15 rows=11485 width=3)
Seq Scan on voter_2  (cost=0.00..9980.58 rows=37651 width=4)
Nested Loop  (cost=1000.00..84116.92 rows=58092 width=3)
Seq Scan on voter_2  (cost=0.00..9980.58 rows=73074 width=4)
Nested Loop  (cost=1000.00..78990.15 rows=11485 width=3)
Seq Scan on voter_2  (cost=0.00..9980.58 rows=31351 width=4)
Seq Scan on voter_2  (cost=0.00..9980.58 rows=35808 width=4)
Seq Scan on voter_2  (cost=0.00..9980.58 rows=31351 width=4)
Seq Scan on voter_2  (cost=0.00..9980.58 rows=37517 width=4)
Nested Loop  (cost=1000.00..78990.15 rows=11485 width=3)
Seq Scan on voter_2  (cost=0.00..9980.58 rows=34853 width=4)
Nested Loop  (cost=1000.00..78990.15 rows=11485 width=3)
Nested Loop  (cost=1000.00..78990.15 rows=11485 width=3)
Nested Loop  (cost=1000.00..78990.15 rows=11485 width=3)
Seq Scan on voter_2  (cost=0.00..9980.58 rows=109066 width=4)
Nested Loop  (cost=1000.00..78990.15 rows=11485 width=3)
Seq Scan on voter_2  (cost=0.00..9980.58 rows=34183 width=4)
Nested Loop  (cost=1000.00..80545.22 rows=25622 width=3)
Seq Scan on voter_2  (cost=0.00..9980.58 rows=73074 width=4)
Seq Scan on voter_2  (cost=0.00..9980.58 rows=37651 width=4)
Nested Loop  (cost=1000.00..84457.15 rows=61185 width=3)
Nested Loop  (cost=1000.00..82367.59 rows=42189 width=3)
Nested Loop  (cost=1000.00..78990.15 rows=11485 width=3)
Nested Loop  (cost=1000.00..80569.53 rows=25843 width=3)
Seq Scan on voter_2  (cost=0.00..9980.58 rows=32474 width=4)
Seq Scan on voter_2  (cost=0.00..9980.58 rows=34853 width=4)
Seq Scan on voter_2  (cost=0.00..9980.58 rows=109066 width=4)
Seq Scan on voter_2  (cost=0.00..9980.58 rows=31351 width=4)
Seq Scan on voter_2  (cost=0.00..9980.58 rows=34853 width=4)
Seq Scan on voter_2  (cost=0.00..9980.58 rows=73074 width=4)
Nested Loop  (cost=1000.00..82221.73 rows=40863 width=3)
Nested Loop  (cost=1000.00..78990.15 rows=11485 width=3)
Seq Scan on voter_2  (cost=0.00..9980.58 rows=32474 width=4)
Nested Loop  (cost=1000.00..84529.97 rows=61847 width=3)
Nested Loop  (cost=1000.00..78990.15 rows=11485 width=3)
Nested Loop  (cost=1000.00..80593.84 rows=26064 width=3)
Seq Scan on voter_2  (cost=0.00..9980.58 rows=35808 width=4)
Seq Scan on voter_2  (cost=0.00..9980.58 rows=44052 width=4)
Nested Loop  (cost=1000.00..78990.15 rows=11485 width=3)
Seq Scan on voter_2  (cost=0.00..9980.58 rows=44052 width=4)
Nested Loop  (cost=1000.00..78990.15 rows=11485 width=3)
Seq Scan on voter_2  (cost=0.00..9980.58 rows=32474 width=4)
Nested Loop  (cost=1000.00..80472.40 rows=24960 width=3)
Nested Loop  (cost=1000.00..78990.15 rows=11485 width=3)
Nested Loop  (cost=1000.00..78990.15 rows=11485 width=3)
Seq Scan on voter_2  (cost=0.00..9980.58 rows=109066 width=4)
Nested Loop  (cost=1000.00..78990.15 rows=11485 width=3)
Nested Loop  (cost=1000.00..78990.15 rows=11485 width=3)
Seq Scan on voter_2  (cost=0.00..9980.58 rows=37651 width=4)
Seq Scan on voter_2  (cost=0.00..9980.58 rows=109066 width=4)
Seq Scan on voter_2  (cost=0.00..9980.58 rows=31351 width=4)
Seq Scan on voter_2  (cost=0.00..9980.58 rows=34183 width=4)
Seq Scan on voter_2  (cost=0.00..9980.58 rows=37651 width=4)
Seq Scan on voter_2  (cost=0.00..9980.58 rows=34853 width=4)
Seq Scan on voter_2  (cost=0.00..9980.58 rows=37517 width=4)
Nested Loop  (cost=1000.00..78990.15 rows=11485 width=3)
Nested Loop  (cost=1000.00..81104.13 rows=30703 width=3)
Seq Scan on voter_2  (cost=0.00..9980.58 rows=73074 width=4)
Seq Scan on voter_2  (cost=0.00..9980.58 rows=73074 width=4)
Nested Loop  (cost=1000.00..78990.15 rows=11485 width=3)
Nested Loop  (cost=1000.00..84262.78 rows=59418 width=3)
Nested Loop  (cost=1000.00..78990.15 rows=11485 width=3)
Nested Loop  (cost=1000.00..84019.79 rows=57209 width=3)
Seq Scan on voter_2  (cost=0.00..9980.58 rows=109066 width=4)
Nested Loop  (cost=1000.00..78990.15 rows=11485 width=3)
Seq Scan on voter_2  (cost=0.00..9980.58 rows=37517 width=4)
Nested Loop  (cost=1000.00..78990.15 rows=11485 width=3)
Seq Scan on voter_2  (cost=0.00..9980.58 rows=109066 width=4)
Nested Loop  (cost=1000.00..78990.15 rows=11485 width=3)
Nested Loop  (cost=1000.00..78990.15 rows=11485 width=3)
Nested Loop  (cost=1000.00..78990.15 rows=11485 width=3)
Seq Scan on voter_2  (cost=0.00..9980.58 rows=109066 width=4)
Seq Scan on voter_2  (cost=0.00..9980.58 rows=31351 width=4)
Nested Loop  (cost=1000.00..78990.15 rows=11485 width=3)
Nested Loop  (cost=1000.00..78990.15 rows=11485 width=3)
Nested Loop  (cost=1000.00..84238.47 rows=59197 width=3)
Seq Scan on voter_2  (cost=0.00..9980.58 rows=31351 width=4)
Seq Scan on voter_2  (cost=0.00..9980.58 rows=32658 width=4)
Seq Scan on voter_2  (cost=0.00..9980.58 rows=37651 width=4)
Seq Scan on voter_2  (cost=0.00..9980.58 rows=32474 width=4)
Seq Scan on voter_2  (cost=0.00..9980.58 rows=35808 width=4)
Seq Scan on voter_2  (cost=0.00..9980.58 rows=34853 width=4)
Nested Loop  (cost=1000.00..78990.15 rows=11485 width=3)
Nested Loop  (cost=1000.00..84262.78 rows=59418 width=3)
Seq Scan on voter_2  (cost=0.00..9980.58 rows=35808 width=4)
Nested Loop  (cost=1000.00..78990.15 rows=11485 width=3)
Seq Scan on voter_2  (cost=0.00..9980.58 rows=37517 width=4)
Nested Loop  (cost=1000.00..84238.47 rows=59197 width=3)
Nested Loop  (cost=1000.00..80788.21 rows=27831 width=3)
Nested Loop  (cost=1000.00..78990.15 rows=11485 width=3)
Seq Scan on voter_2  (cost=0.00..9980.58 rows=35808 width=4)
Nested Loop  (cost=1000.00..80836.83 rows=28273 width=3)
Nested Loop  (cost=1000.00..78990.15 rows=11485 width=3)
Nested Loop  (cost=1000.00..78990.15 rows=11485 width=3)
Seq Scan on voter_2  (cost=0.00..9980.58 rows=31351 width=4)
Nested Loop  (cost=1000.00..78990.15 rows=11485 width=3)
Seq Scan on voter_2  (cost=0.00..9980.58 rows=32474 width=4)
Seq Scan on voter_2  (cost=0.00..9980.58 rows=35808 width=4)
Seq Scan on voter_2  (cost=0.00..9980.58 rows=109066 width=4)
Seq Scan on voter_2  (cost=0.00..9980.58 rows=31351 width=4)
Seq Scan on voter_2  (cost=0.00..9980.58 rows=32658 width=4)
Seq Scan on voter_2  (cost=0.00..9980.58 rows=35808 width=4)
Nested Loop  (cost=1000.00..78990.15 rows=11485 width=3)
Nested Loop  (cost=1000.00..78990.15 rows=11485 width=3)
Seq Scan on voter_2  (cost=0.00..9980.58 rows=44052 width=4)
Nested Loop  (cost=1000.00..78990.15 rows=11485 width=3)
Nested Loop  (cost=1000.00..78990.15 rows=11485 width=3)
Nested Loop  (cost=1000.00..78990.15 rows=11485 width=3)
Seq Scan on voter_2  (cost=0.00..9980.58 rows=34183 width=4)
Seq Scan on voter_2  (cost=0.00..9980.58 rows=37651 width=4)
Nested Loop  (cost=1000.00..78990.15 rows=11485 width=3)
Nested Loop  (cost=1000.00..78990.15 rows=11485 width=3)
Gather  (cost=1000.00..7315.26 rows=1 width=4)
Nested Loop  (cost=1000.00..81905.92 rows=37992 width=3)
Nested Loop  (cost=1000.00..78990.15 rows=11485 width=3)
Seq Scan on voter_2  (cost=0.00..9980.58 rows=34183 width=4)
Seq Scan on voter_2  (cost=0.00..9980.58 rows=32658 width=4)
Seq Scan on voter_2  (cost=0.00..9980.58 rows=34183 width=4)
Seq Scan on voter_2  (cost=0.00..9980.58 rows=73074 width=4)
Nested Loop  (cost=1000.00..80763.90 rows=27610 width=3)
Seq Scan on voter_2  (cost=0.00..9980.58 rows=73074 width=4)
Seq Scan on voter_2  (cost=0.00..9980.58 rows=109066 width=4)
Nested Loop  (cost=1000.00..78990.15 rows=11485 width=3)
Nested Loop  (cost=1000.00..80448.09 rows=24739 width=3)
Nested Loop  (cost=1000.00..78990.15 rows=11485 width=3)
Nested Loop  (cost=1000.00..78990.15 rows=11485 width=3)
Nested Loop  (cost=1000.00..78990.15 rows=11485 width=3)
Seq Scan on voter_2  (cost=0.00..9980.58 rows=109066 width=4)
Seq Scan on voter_2  (cost=0.00..9980.58 rows=73074 width=4)
Seq Scan on voter_2  (cost=0.00..9980.58 rows=32658 width=4)
Nested Loop  (cost=1000.00..80472.40 rows=24960 width=3)
Nested Loop  (cost=1000.00..78990.15 rows=11485 width=3)
Seq Scan on voter_2  (cost=0.00..9980.58 rows=37517 width=4)
Nested Loop  (cost=1000.00..78990.15 rows=11485 width=3)
Seq Scan on voter_2  (cost=0.00..9980.58 rows=32658 width=4)
Nested Loop  (cost=1000.00..78990.15 rows=11485 width=3)
Seq Scan on voter_2  (cost=0.00..9980.58 rows=37651 width=4)
Seq Scan on voter_2  (cost=0.00..9980.58 rows=37651 width=4)
Nested Loop  (cost=1000.00..78990.15 rows=11485 width=3)
Seq Scan on voter_2  (cost=0.00..9980.58 rows=109066 width=4)
Seq Scan on voter_2  (cost=0.00..9980.58 rows=34183 width=4)
Seq Scan on voter_2  (cost=0.00..9980.58 rows=32474 width=4)
Seq Scan on voter_2  (cost=0.00..9980.58 rows=37651 width=4)
Seq Scan on voter_2  (cost=0.00..9980.58 rows=35808 width=4)
Nested Loop  (cost=1000.00..78990.15 rows=11485 width=3)
Nested Loop  (cost=1000.00..80861.14 rows=28494 width=3)
Nested Loop  (cost=1000.00..78990.15 rows=11485 width=3)
Seq Scan on voter_2  (cost=0.00..9980.58 rows=32474 width=4)
Nested Loop  (cost=1000.00..78990.15 rows=11485 width=3)
Seq Scan on voter_2  (cost=0.00..9980.58 rows=44052 width=4)
Nested Loop  (cost=1000.00..83995.48 rows=56988 width=3)
Seq Scan on voter_2  (cost=0.00..9980.58 rows=35808 width=4)
Nested Loop  (cost=1000.00..78990.15 rows=11485 width=3)
Nested Loop  (cost=1000.00..78990.15 rows=11485 width=3)
Nested Loop  (cost=1000.00..78990.15 rows=11485 width=3)
Nested Loop  (cost=1000.00..78990.15 rows=11485 width=3)
Nested Loop  (cost=1000.00..78990.15 rows=11485 width=3)
Seq Scan on voter_2  (cost=0.00..9980.58 rows=73074 width=4)
Seq Scan on voter_2  (cost=0.00..9980.58 rows=35808 width=4)
Nested Loop  (cost=1000.00..78990.15 rows=11485 width=3)
Nested Loop  (cost=1000.00..78990.15 rows=11485 width=3)
Seq Scan on voter_2  (cost=0.00..9980.58 rows=44052 width=4)
Seq Scan on voter_2  (cost=0.00..9980.58 rows=37651 width=4)
Seq Scan on voter_2  (cost=0.00..9980.58 rows=34183 width=4)
Seq Scan on voter_2  (cost=0.00..9980.58 rows=109066 width=4)
Seq Scan on voter_2  (cost=0.00..9980.58 rows=37517 width=4)
Seq Scan on voter_2  (cost=0.00..9980.58 rows=44052 width=4)
Nested Loop  (cost=1000.00..78990.15 rows=11485 width=3)
Nested Loop  (cost=1000.00..80788.21 rows=27831 width=3)
Nested Loop  (cost=1000.00..80861.14 rows=28494 width=3)
Nested Loop  (cost=1000.00..78990.15 rows=11485 width=3)
Nested Loop  (cost=1000.00..78990.15 rows=11485 width=3)
Nested Loop  (cost=1000.00..80375.16 rows=24076 width=3)
Seq Scan on voter_2  (cost=0.00..9980.58 rows=37651 width=4)
Seq Scan on voter_2  (cost=0.00..9980.58 rows=109066 width=4)
Seq Scan on voter_2  (cost=0.00..9980.58 rows=109066 width=4)
Seq Scan on voter_2  (cost=0.00..9980.58 rows=73074 width=4)
Seq Scan on voter_2  (cost=0.00..9980.58 rows=109066 width=4)
Seq Scan on voter_2  (cost=0.00..9980.58 rows=32658 width=4)
Seq Scan on voter_2  (cost=0.00..9980.58 rows=31351 width=4)
Nested Loop  (cost=1000.00..83898.24 rows=56104 width=3)
Seq Scan on voter_2  (cost=0.00..9980.58 rows=32658 width=4)
Nested Loop  (cost=1000.00..78990.15 rows=11485 width=3)
Nested Loop  (cost=1000.00..82367.59 rows=42189 width=3)
Nested Loop  (cost=1000.00..78990.15 rows=11485 width=3)
Seq Scan on voter_2  (cost=0.00..9980.58 rows=32474 width=4)
Seq Scan on voter_2  (cost=0.00..9980.58 rows=34853 width=4)
Nested Loop  (cost=1000.00..78990.15 rows=11485 width=3)
Nested Loop  (cost=1000.00..78990.15 rows=11485 width=3)
Seq Scan on voter_2  (cost=0.00..9980.58 rows=34853 width=4)
Nested Loop  (cost=1000.00..83995.48 rows=56988 width=3)
Nested Loop  (cost=1000.00..78990.15 rows=11485 width=3)
Nested Loop  (cost=1000.00..83752.49 rows=54779 width=3)
Nested Loop  (cost=1000.00..78990.15 rows=11485 width=3)
Nested Loop  (cost=1000.00..81395.63 rows=33353 width=3)
Seq Scan on voter_2  (cost=0.00..9980.58 rows=37651 width=4)
Seq Scan on voter_2  (cost=0.00..9980.58 rows=31351 width=4)
Seq Scan on voter_2  (cost=0.00..9980.58 rows=37651 width=4)
Seq Scan on voter_2  (cost=0.00..9980.58 rows=32658 width=4)
Nested Loop  (cost=1000.00..78990.15 rows=11485 width=3)
Seq Scan on voter_2  (cost=0.00..9980.58 rows=34853 width=4)
Nested Loop  (cost=1000.00..82829.15 rows=46385 width=3)
Seq Scan on voter_2  (cost=0.00..9980.58 rows=32474 width=4)
Nested Loop  (cost=1000.00..78990.15 rows=11485 width=3)
Nested Loop  (cost=1000.00..78990.15 rows=11485 width=3)
Nested Loop  (cost=1000.00..78990.15 rows=11485 width=3)
Seq Scan on voter_2  (cost=0.00..9980.58 rows=109066 width=4)
Seq Scan on voter_2  (cost=0.00..9980.58 rows=34853 width=4)
Seq Scan on voter_2  (cost=0.00..9980.58 rows=32658 width=4)
Seq Scan on voter_2  (cost=0.00..9980.58 rows=34183 width=4)
Nested Loop  (cost=1000.00..80375.16 rows=24076 width=3)
Nested Loop  (cost=1000.00..78990.15 rows=11485 width=3)
Nested Loop  (cost=1000.00..82756.33 rows=45723 width=3)
Nested Loop  (cost=1000.00..78990.15 rows=11485 width=3)
Nested Loop  (cost=1000.00..78990.15 rows=11485 width=3)
Seq Scan on voter_2  (cost=0.00..9980.58 rows=34853 width=4)
Seq Scan on voter_2  (cost=0.00..9980.58 rows=32658 width=4)
Nested Loop  (cost=1000.00..78990.15 rows=11485 width=3)
Seq Scan on voter_2  (cost=0.00..9980.58 rows=34183 width=4)
Seq Scan on voter_2  (cost=0.00..9980.58 rows=109066 width=4)
Seq Scan on voter_2  (cost=0.00..9980.58 rows=109066 width=4)
Nested Loop  (cost=1000.00..83703.87 rows=54337 width=3)
Nested Loop  (cost=1000.00..78990.15 rows=11485 width=3)
Seq Scan on voter_2  (cost=0.00..9980.58 rows=37651 width=4)
Nested Loop  (cost=1000.00..78990.15 rows=11485 width=3)
Seq Scan on voter_2  (cost=0.00..9980.58 rows=37651 width=4)
Nested Loop  (cost=1000.00..78990.15 rows=11485 width=3)
Seq Scan on voter_2  (cost=0.00..9980.58 rows=37517 width=4)
Seq Scan on voter_2  (cost=0.00..9980.58 rows=37517 width=4)
Nested Loop  (cost=1000.00..78990.15 rows=11485 width=3)
Nested Loop  (cost=1000.00..78990.15 rows=11485 width=3)
Nested Loop  (cost=1000.00..78990.15 rows=11485 width=3)
Seq Scan on voter_2  (cost=0.00..9980.58 rows=44052 width=4)
Nested Loop  (cost=1000.00..78990.15 rows=11485 width=3)
Seq Scan on voter_2  (cost=0.00..9980.58 rows=34183 width=4)
Nested Loop  (cost=1000.00..78990.15 rows=11485 width=3)
Seq Scan on voter_2  (cost=0.00..9980.58 rows=73074 width=4)
Nested Loop  (cost=1000.00..78990.15 rows=11485 width=3)
Seq Scan on voter_2  (cost=0.00..9980.58 rows=109066 width=4)
Seq Scan on voter_2  (cost=0.00..9980.58 rows=44052 width=4)
Seq Scan on voter_2  (cost=0.00..9980.58 rows=73074 width=4)
Seq Scan on voter_2  (cost=0.00..9980.58 rows=109066 width=4)
Nested Loop  (cost=1000.00..78990.15 rows=11485 width=3)
Nested Loop  (cost=1000.00..78990.15 rows=11485 width=3)
Nested Loop  (cost=1000.00..78990.15 rows=11485 width=3)
Seq Scan on voter_2  (cost=0.00..9980.58 rows=31351 width=4)
Seq Scan on voter_2  (cost=0.00..9980.58 rows=34183 width=4)
Seq Scan on voter_2  (cost=0.00..9980.58 rows=44052 width=4)
Nested Loop  (cost=1000.00..83460.88 rows=52128 width=3)
Seq Scan on voter_2  (cost=0.00..9980.58 rows=32474 width=4)
Seq Scan on voter_2  (cost=0.00..9980.58 rows=34183 width=4)
Nested Loop  (cost=1000.00..78990.15 rows=11485 width=3)
Nested Loop  (cost=1000.00..84724.34 rows=63614 width=3)
Nested Loop  (cost=1000.00..81104.13 rows=30703 width=3)
Nested Loop  (cost=1000.00..83873.93 rows=55883 width=3)
Nested Loop  (cost=1000.00..78990.15 rows=11485 width=3)
Nested Loop  (cost=1000.00..78990.15 rows=11485 width=3)
Seq Scan on voter_2  (cost=0.00..9980.58 rows=109066 width=4)
Seq Scan on voter_2  (cost=0.00..9980.58 rows=32658 width=4)
Nested Loop  (cost=1000.00..78990.15 rows=11485 width=3)
Seq Scan on voter_2  (cost=0.00..9980.58 rows=34183 width=4)
Nested Loop  (cost=1000.00..78990.15 rows=11485 width=3)
Seq Scan on voter_2  (cost=0.00..9980.58 rows=109066 width=4)
Seq Scan on voter_2  (cost=0.00..9980.58 rows=35808 width=4)
Seq Scan on voter_2  (cost=0.00..9980.58 rows=109066 width=4)
Nested Loop  (cost=1000.00..84335.60 rows=60080 width=3)
Nested Loop  (cost=1000.00..78990.15 rows=11485 width=3)
Seq Scan on voter_2  (cost=0.00..9980.58 rows=34183 width=4)
Seq Scan on voter_2  (cost=0.00..9980.58 rows=31351 width=4)
Seq Scan on voter_2  (cost=0.00..9980.58 rows=109066 width=4)
Nested Loop  (cost=1000.00..78990.15 rows=11485 width=3)
Gather  (cost=1000.00..7315.26 rows=1 width=4)
Nested Loop  (cost=1000.00..78990.15 rows=11485 width=3)
Seq Scan on voter_2  (cost=0.00..9980.58 rows=37517 width=4)
Nested Loop  (cost=1000.00..78990.15 rows=11485 width=3)
Nested Loop  (cost=1000.00..78990.15 rows=11485 width=3)
Nested Loop  (cost=1000.00..78990.15 rows=11485 width=3)
Seq Scan on voter_2  (cost=0.00..9980.58 rows=37651 width=4)
Nested Loop  (cost=1000.00..78990.15 rows=11485 width=3)
Seq Scan on voter_2  (cost=0.00..9980.58 rows=34853 width=4)
Nested Loop  (cost=1000.00..78990.15 rows=11485 width=3)
Seq Scan on voter_2  (cost=0.00..9980.58 rows=37517 width=4)
Seq Scan on voter_2  (cost=0.00..9980.58 rows=37651 width=4)
Seq Scan on voter_2  (cost=0.00..9980.58 rows=31351 width=4)
Seq Scan on voter_2  (cost=0.00..9980.58 rows=37517 width=4)
Nested Loop  (cost=1000.00..78990.15 rows=11485 width=3)
Nested Loop  (cost=1000.00..80861.14 rows=28494 width=3)
Nested Loop  (cost=1000.00..78990.15 rows=11485 width=3)
Seq Scan on voter_2  (cost=0.00..9980.58 rows=109066 width=4)
Seq Scan on voter_2  (cost=0.00..9980.58 rows=109066 width=4)
Nested Loop  (cost=1000.00..78990.15 rows=11485 width=3)
Nested Loop  (cost=1000.00..81104.13 rows=30703 width=3)
Nested Loop  (cost=1000.00..78990.15 rows=11485 width=3)
Nested Loop  (cost=1000.00..78990.15 rows=11485 width=3)
Seq Scan on voter_2  (cost=0.00..9980.58 rows=109066 width=4)
Seq Scan on voter_2  (cost=0.00..9980.58 rows=109066 width=4)
Seq Scan on voter_2  (cost=0.00..9980.58 rows=109066 width=4)
Nested Loop  (cost=1000.00..78990.15 rows=11485 width=3)
Nested Loop  (cost=1000.00..78990.15 rows=11485 width=3)
Seq Scan on voter_2  (cost=0.00..9980.58 rows=73074 width=4)
Seq Scan on voter_2  (cost=0.00..9980.58 rows=37517 width=4)
Seq Scan on voter_2  (cost=0.00..9980.58 rows=32658 width=4)
Seq Scan on voter_2  (cost=0.00..9980.58 rows=35808 width=4)
Nested Loop  (cost=1000.00..78990.15 rows=11485 width=3)
Nested Loop  (cost=1000.00..78990.15 rows=11485 width=3)
Seq Scan on voter_2  (cost=0.00..9980.58 rows=109066 width=4)
Nested Loop  (cost=1000.00..78990.15 rows=11485 width=3)
Seq Scan on voter_2  (cost=0.00..9980.58 rows=109066 width=4)
Nested Loop  (cost=1000.00..78990.15 rows=11485 width=3)
Seq Scan on voter_2  (cost=0.00..9980.58 rows=37651 width=4)
Nested Loop  (cost=1000.00..80472.40 rows=24960 width=3)
Nested Loop  (cost=1000.00..81395.63 rows=33353 width=3)
Nested Loop  (cost=1000.00..78990.15 rows=11485 width=3)
Seq Scan on voter_2  (cost=0.00..9980.58 rows=37517 width=4)
Seq Scan on voter_2  (cost=0.00..9980.58 rows=44052 width=4)
Seq Scan on voter_2  (cost=0.00..9980.58 rows=73074 width=4)
Nested Loop  (cost=1000.00..78990.15 rows=11485 width=3)
Seq Scan on voter_2  (cost=0.00..9980.58 rows=109066 width=4)
Nested Loop  (cost=1000.00..78990.15 rows=11485 width=3)
Nested Loop  (cost=1000.00..78990.15 rows=11485 width=3)
Nested Loop  (cost=1000.00..78990.15 rows=11485 width=3)
Nested Loop  (cost=1000.00..78990.15 rows=11485 width=3)
Seq Scan on voter_2  (cost=0.00..9980.58 rows=35808 width=4)
Seq Scan on voter_2  (cost=0.00..9980.58 rows=109066 width=4)
Seq Scan on voter_2  (cost=0.00..9980.58 rows=109066 width=4)
Seq Scan on voter_2  (cost=0.00..9980.58 rows=31351 width=4)
Seq Scan on voter_2  (cost=0.00..9980.58 rows=32474 width=4)
Seq Scan on voter_2  (cost=0.00..9980.58 rows=32474 width=4)
Nested Loop  (cost=1000.00..78990.15 rows=11485 width=3)
Nested Loop  (cost=1000.00..81395.63 rows=33353 width=3)
Nested Loop  (cost=1000.00..78990.15 rows=11485 width=3)
Nested Loop  (cost=1000.00..81104.13 rows=30703 width=3)
Nested Loop  (cost=1000.00..80861.14 rows=28494 width=3)
Seq Scan on voter_2  (cost=0.00..9980.58 rows=34853 width=4)
Seq Scan on voter_2  (cost=0.00..9980.58 rows=31351 width=4)
Nested Loop  (cost=1000.00..81905.92 rows=37992 width=3)
Seq Scan on voter_2  (cost=0.00..9980.58 rows=37517 width=4)
Seq Scan on voter_2  (cost=0.00..9980.58 rows=37651 width=4)
Nested Loop  (cost=1000.00..78990.15 rows=11485 width=3)
Nested Loop  (cost=1000.00..78990.15 rows=11485 width=3)
Nested Loop  (cost=1000.00..78990.15 rows=11485 width=3)
Nested Loop  (cost=1000.00..78990.15 rows=11485 width=3)
Seq Scan on voter_2  (cost=0.00..9980.58 rows=32474 width=4)
Seq Scan on voter_2  (cost=0.00..9980.58 rows=34183 width=4)
Nested Loop  (cost=1000.00..78990.15 rows=11485 width=3)
Seq Scan on voter_2  (cost=0.00..9980.58 rows=32658 width=4)
Seq Scan on voter_2  (cost=0.00..9980.58 rows=34853 width=4)
Nested Loop  (cost=1000.00..80569.53 rows=25843 width=3)
Seq Scan on voter_2  (cost=0.00..9980.58 rows=37651 width=4)
Seq Scan on voter_2  (cost=0.00..9980.58 rows=37651 width=4)
Seq Scan on voter_2  (cost=0.00..9980.58 rows=32658 width=4)
Nested Loop  (cost=1000.00..78990.15 rows=11485 width=3)
Nested Loop  (cost=1000.00..78990.15 rows=11485 width=3)
Nested Loop  (cost=1000.00..78990.15 rows=11485 width=3)
Nested Loop  (cost=1000.00..78990.15 rows=11485 width=3)
Seq Scan on voter_2  (cost=0.00..9980.58 rows=73074 width=4)
Seq Scan on voter_2  (cost=0.00..9980.58 rows=109066 width=4)
Seq Scan on voter_2  (cost=0.00..9980.58 rows=34853 width=4)
Nested Loop  (cost=1000.00..78990.15 rows=11485 width=3)
Seq Scan on voter_2  (cost=0.00..9980.58 rows=109066 width=4)
Nested Loop  (cost=1000.00..78990.15 rows=11485 width=3)
Nested Loop  (cost=1000.00..78990.15 rows=11485 width=3)
Nested Loop  (cost=1000.00..78990.15 rows=11485 width=3)
Nested Loop  (cost=1000.00..84481.46 rows=61406 width=3)
Seq Scan on voter_2  (cost=0.00..9980.58 rows=34183 width=4)
Seq Scan on voter_2  (cost=0.00..9980.58 rows=109066 width=4)
Seq Scan on voter_2  (cost=0.00..9980.58 rows=34183 width=4)
Seq Scan on voter_2  (cost=0.00..9980.58 rows=73074 width=4)
Seq Scan on voter_2  (cost=0.00..9980.58 rows=37651 width=4)
Seq Scan on voter_2  (cost=0.00..9980.58 rows=109066 width=4)
Seq Scan on voter_2  (cost=0.00..9980.58 rows=34183 width=4)
Nested Loop  (cost=1000.00..81905.92 rows=37992 width=3)
Nested Loop  (cost=1000.00..80399.47 rows=24297 width=3)
Nested Loop  (cost=1000.00..78990.15 rows=11485 width=3)
Nested Loop  (cost=1000.00..78990.15 rows=11485 width=3)
Nested Loop  (cost=1000.00..78990.15 rows=11485 width=3)
Nested Loop  (cost=1000.00..78990.15 rows=11485 width=3)
Nested Loop  (cost=1000.00..78990.15 rows=11485 width=3)
Seq Scan on voter_2  (cost=0.00..9980.58 rows=31351 width=4)
Seq Scan on voter_2  (cost=0.00..9980.58 rows=32474 width=4)
Seq Scan on voter_2  (cost=0.00..9980.58 rows=32474 width=4)
Seq Scan on voter_2  (cost=0.00..9980.58 rows=109066 width=4)
Nested Loop  (cost=1000.00..78990.15 rows=11485 width=3)
Nested Loop  (cost=1000.00..78990.15 rows=11485 width=3)
Nested Loop  (cost=1000.00..84724.34 rows=63614 width=3)
Nested Loop  (cost=1000.00..78990.15 rows=11485 width=3)
Seq Scan on voter_2  (cost=0.00..9980.58 rows=35808 width=4)
Seq Scan on voter_2  (cost=0.00..9980.58 rows=34183 width=4)
Seq Scan on voter_2  (cost=0.00..9980.58 rows=34183 width=4)
Nested Loop  (cost=1000.00..78990.15 rows=11485 width=3)
Seq Scan on voter_2  (cost=0.00..9980.58 rows=35808 width=4)
Seq Scan on voter_2  (cost=0.00..9980.58 rows=37651 width=4)
Seq Scan on voter_2  (cost=0.00..9980.58 rows=32474 width=4)
Seq Scan on voter_2  (cost=0.00..9980.58 rows=73074 width=4)
Nested Loop  (cost=1000.00..81274.19 rows=32249 width=3)
Nested Loop  (cost=1000.00..81249.88 rows=32028 width=3)
Nested Loop  (cost=1000.00..78990.15 rows=11485 width=3)
Nested Loop  (cost=1000.00..78990.15 rows=11485 width=3)
Nested Loop  (cost=1000.00..78990.15 rows=11485 width=3)
Nested Loop  (cost=1000.00..78990.15 rows=11485 width=3)
Seq Scan on voter_2  (cost=0.00..9980.58 rows=109066 width=4)
Seq Scan on voter_2  (cost=0.00..9980.58 rows=37651 width=4)
Nested Loop  (cost=1000.00..78990.15 rows=11485 width=3)
Seq Scan on voter_2  (cost=0.00..9980.58 rows=37517 width=4)
Seq Scan on voter_2  (cost=0.00..9980.58 rows=34183 width=4)
Seq Scan on voter_2  (cost=0.00..9980.58 rows=34183 width=4)
Seq Scan on voter_2  (cost=0.00..9980.58 rows=37517 width=4)
Seq Scan on voter_2  (cost=0.00..9980.58 rows=37651 width=4)
Seq Scan on voter_2  (cost=0.00..9980.58 rows=35808 width=4)
Seq Scan on voter_2  (cost=0.00..9980.58 rows=37517 width=4)
Nested Loop  (cost=1000.00..78990.15 rows=11485 width=3)
Nested Loop  (cost=1000.00..84286.98 rows=59638 width=3)
Nested Loop  (cost=1000.00..78990.15 rows=11485 width=3)
Seq Scan on voter_2  (cost=0.00..9980.58 rows=73074 width=4)
Nested Loop  (cost=1000.00..81614.31 rows=35341 width=3)
Nested Loop  (cost=1000.00..80763.90 rows=27610 width=3)
Nested Loop  (cost=1000.00..81395.63 rows=33353 width=3)
Nested Loop  (cost=1000.00..81905.92 rows=37992 width=3)
Nested Loop  (cost=1000.00..78990.15 rows=11485 width=3)
Nested Loop  (cost=1000.00..81395.63 rows=33353 width=3)
Seq Scan on voter_2  (cost=0.00..9980.58 rows=34183 width=4)
Seq Scan on voter_2  (cost=0.00..9980.58 rows=73074 width=4)
Nested Loop  (cost=1000.00..84092.61 rows=57871 width=3)
Nested Loop  (cost=1000.00..78990.15 rows=11485 width=3)
Seq Scan on voter_2  (cost=0.00..9980.58 rows=32658 width=4)
Seq Scan on voter_2  (cost=0.00..9980.58 rows=73074 width=4)
Seq Scan on voter_2  (cost=0.00..9980.58 rows=35808 width=4)
Seq Scan on voter_2  (cost=0.00..9980.58 rows=37517 width=4)
Seq Scan on voter_2  (cost=0.00..9980.58 rows=73074 width=4)
Seq Scan on voter_2  (cost=0.00..9980.58 rows=32474 width=4)
Seq Scan on voter_2  (cost=0.00..9980.58 rows=73074 width=4)
Nested Loop  (cost=1000.00..82003.05 rows=38875 width=3)
Nested Loop  (cost=1000.00..84262.78 rows=59418 width=3)
Nested Loop  (cost=1000.00..78990.15 rows=11485 width=3)
Nested Loop  (cost=1000.00..78990.15 rows=11485 width=3)
Nested Loop  (cost=1000.00..84092.61 rows=57871 width=3)
Seq Scan on voter_2  (cost=0.00..9980.58 rows=34183 width=4)
Nested Loop  (cost=1000.00..82343.28 rows=41968 width=3)
Nested Loop  (cost=1000.00..84092.61 rows=57871 width=3)
Seq Scan on voter_2  (cost=0.00..9980.58 rows=109066 width=4)
Seq Scan on voter_2  (cost=0.00..9980.58 rows=73074 width=4)
Seq Scan on voter_2  (cost=0.00..9980.58 rows=34853 width=4)
Seq Scan on voter_2  (cost=0.00..9980.58 rows=34183 width=4)
Nested Loop  (cost=1000.00..78990.15 rows=11485 width=3)
Seq Scan on voter_2  (cost=0.00..9980.58 rows=37651 width=4)
Nested Loop  (cost=1000.00..81978.85 rows=38655 width=3)
Nested Loop  (cost=1000.00..78990.15 rows=11485 width=3)
Nested Loop  (cost=1000.00..78990.15 rows=11485 width=3)
Nested Loop  (cost=1000.00..84116.92 rows=58092 width=3)
Nested Loop  (cost=1000.00..78990.15 rows=11485 width=3)
Seq Scan on voter_2  (cost=0.00..9980.58 rows=109066 width=4)
Seq Scan on voter_2  (cost=0.00..9980.58 rows=34853 width=4)
Seq Scan on voter_2  (cost=0.00..9980.58 rows=34853 width=4)
Seq Scan on voter_2  (cost=0.00..9980.58 rows=32474 width=4)
Nested Loop  (cost=1000.00..78990.15 rows=11485 width=3)
Seq Scan on voter_2  (cost=0.00..9980.58 rows=32658 width=4)
Nested Loop  (cost=1000.00..78990.15 rows=11485 width=3)
Nested Loop  (cost=1000.00..78990.15 rows=11485 width=3)
Nested Loop  (cost=1000.00..78990.15 rows=11485 width=3)
Nested Loop  (cost=1000.00..85088.88 rows=66928 width=3)
Seq Scan on voter_2  (cost=0.00..9980.58 rows=73074 width=4)
Seq Scan on voter_2  (cost=0.00..9980.58 rows=44052 width=4)
Seq Scan on voter_2  (cost=0.00..9980.58 rows=34183 width=4)
Seq Scan on voter_2  (cost=0.00..9980.58 rows=37651 width=4)
Seq Scan on voter_2  (cost=0.00..9980.58 rows=44052 width=4)
Seq Scan on voter_2  (cost=0.00..9980.58 rows=109066 width=4)
Nested Loop  (cost=1000.00..78990.15 rows=11485 width=3)
Seq Scan on voter_2  (cost=0.00..9980.58 rows=109066 width=4)
Nested Loop  (cost=1000.00..78990.15 rows=11485 width=3)
Nested Loop  (cost=1000.00..78990.15 rows=11485 width=3)
Nested Loop  (cost=1000.00..78990.15 rows=11485 width=3)
Nested Loop  (cost=1000.00..78990.15 rows=11485 width=3)
Nested Loop  (cost=1000.00..78990.15 rows=11485 width=3)
Seq Scan on voter_2  (cost=0.00..9980.58 rows=73074 width=4)
Seq Scan on voter_2  (cost=0.00..9980.58 rows=109066 width=4)
Nested Loop  (cost=1000.00..81930.23 rows=38213 width=3)
Seq Scan on voter_2  (cost=0.00..9980.58 rows=44052 width=4)
Nested Loop  (cost=1000.00..82246.04 rows=41084 width=3)
Seq Scan on voter_2  (cost=0.00..9980.58 rows=73074 width=4)
Nested Loop  (cost=1000.00..78990.15 rows=11485 width=3)
Nested Loop  (cost=1000.00..78990.15 rows=11485 width=3)
Seq Scan on voter_2  (cost=0.00..9980.58 rows=32474 width=4)
Seq Scan on voter_2  (cost=0.00..9980.58 rows=35808 width=4)
Seq Scan on voter_2  (cost=0.00..9980.58 rows=44052 width=4)
Seq Scan on voter_2  (cost=0.00..9980.58 rows=109066 width=4)
Nested Loop  (cost=1000.00..83388.06 rows=51466 width=3)
Seq Scan on voter_2  (cost=0.00..9980.58 rows=34183 width=4)
Nested Loop  (cost=1000.00..78990.15 rows=11485 width=3)
Nested Loop  (cost=1000.00..78990.15 rows=11485 width=3)
Nested Loop  (cost=1000.00..78990.15 rows=11485 width=3)
Nested Loop  (cost=1000.00..78990.15 rows=11485 width=3)
Nested Loop  (cost=1000.00..84262.78 rows=59418 width=3)
Seq Scan on voter_2  (cost=0.00..9980.58 rows=73074 width=4)
Nested Loop  (cost=1000.00..82586.27 rows=44177 width=3)
Seq Scan on voter_2  (cost=0.00..9980.58 rows=73074 width=4)
Seq Scan on voter_2  (cost=0.00..9980.58 rows=32658 width=4)
Seq Scan on voter_2  (cost=0.00..9980.58 rows=32474 width=4)
Seq Scan on voter_2  (cost=0.00..9980.58 rows=31351 width=4)
Nested Loop  (cost=1000.00..78990.15 rows=11485 width=3)
Seq Scan on voter_2  (cost=0.00..9980.58 rows=73074 width=4)
Nested Loop  (cost=1000.00..78990.15 rows=11485 width=3)
Nested Loop  (cost=1000.00..78990.15 rows=11485 width=3)
Nested Loop  (cost=1000.00..78990.15 rows=11485 width=3)
Seq Scan on voter_2  (cost=0.00..9980.58 rows=37651 width=4)
Seq Scan on voter_2  (cost=0.00..9980.58 rows=37517 width=4)
Seq Scan on voter_2  (cost=0.00..9980.58 rows=37517 width=4)
Seq Scan on voter_2  (cost=0.00..9980.58 rows=44052 width=4)
Nested Loop  (cost=1000.00..78990.15 rows=11485 width=3)
Nested Loop  (cost=1000.00..78990.15 rows=11485 width=3)
Nested Loop  (cost=1000.00..80569.53 rows=25843 width=3)
Nested Loop  (cost=1000.00..78990.15 rows=11485 width=3)
Nested Loop  (cost=1000.00..78990.15 rows=11485 width=3)
Seq Scan on voter_2  (cost=0.00..9980.58 rows=34853 width=4)
Seq Scan on voter_2  (cost=0.00..9980.58 rows=37517 width=4)
Seq Scan on voter_2  (cost=0.00..9980.58 rows=34183 width=4)
Seq Scan on voter_2  (cost=0.00..9980.58 rows=37517 width=4)
Seq Scan on voter_2  (cost=0.00..9980.58 rows=44052 width=4)
Seq Scan on voter_2  (cost=0.00..9980.58 rows=32658 width=4)
Seq Scan on voter_2  (cost=0.00..9980.58 rows=44052 width=4)
Seq Scan on voter_2  (cost=0.00..9980.58 rows=109066 width=4)
Seq Scan on voter_2  (cost=0.00..9980.58 rows=109066 width=4)
Nested Loop  (cost=1000.00..78990.15 rows=11485 width=3)
Nested Loop  (cost=1000.00..78990.15 rows=11485 width=3)
Nested Loop  (cost=1000.00..78990.15 rows=11485 width=3)
Nested Loop  (cost=1000.00..78990.15 rows=11485 width=3)
Nested Loop  (cost=1000.00..81905.92 rows=37992 width=3)
Nested Loop  (cost=1000.00..78990.15 rows=11485 width=3)
Nested Loop  (cost=1000.00..78990.15 rows=11485 width=3)
Nested Loop  (cost=1000.00..85210.32 rows=68032 width=3)
Nested Loop  (cost=1000.00..78990.15 rows=11485 width=3)
Seq Scan on voter_2  (cost=0.00..9980.58 rows=109066 width=4)
Nested Loop  (cost=1000.00..83873.93 rows=55883 width=3)
Seq Scan on voter_2  (cost=0.00..9980.58 rows=73074 width=4)
Seq Scan on voter_2  (cost=0.00..9980.58 rows=31351 width=4)
Seq Scan on voter_2  (cost=0.00..9980.58 rows=32658 width=4)
Seq Scan on voter_2  (cost=0.00..9980.58 rows=44052 width=4)
Nested Loop  (cost=1000.00..78990.15 rows=11485 width=3)
Seq Scan on voter_2  (cost=0.00..9980.58 rows=109066 width=4)
Nested Loop  (cost=1000.00..83873.93 rows=55883 width=3)
Seq Scan on voter_2  (cost=0.00..9980.58 rows=109066 width=4)
Nested Loop  (cost=1000.00..78990.15 rows=11485 width=3)
Seq Scan on voter_2  (cost=0.00..9980.58 rows=73074 width=4)
Nested Loop  (cost=1000.00..78990.15 rows=11485 width=3)
Nested Loop  (cost=1000.00..78990.15 rows=11485 width=3)
Nested Loop  (cost=1000.00..78990.15 rows=11485 width=3)
Nested Loop  (cost=1000.00..78990.15 rows=11485 width=3)
Seq Scan on voter_2  (cost=0.00..9980.58 rows=35808 width=4)
Seq Scan on voter_2  (cost=0.00..9980.58 rows=34183 width=4)
Nested Loop  (cost=1000.00..78990.15 rows=11485 width=3)
Seq Scan on voter_2  (cost=0.00..9980.58 rows=73074 width=4)
Gather  (cost=1000.00..7315.26 rows=1 width=4)
Seq Scan on voter_2  (cost=0.00..9980.58 rows=37651 width=4)
Seq Scan on voter_2  (cost=0.00..9980.58 rows=109066 width=4)
Seq Scan on voter_2  (cost=0.00..9980.58 rows=109066 width=4)
Seq Scan on voter_2  (cost=0.00..9980.58 rows=109066 width=4)
Nested Loop  (cost=1000.00..82586.27 rows=44177 width=3)
Nested Loop  (cost=1000.00..78990.15 rows=11485 width=3)
Nested Loop  (cost=1000.00..82221.73 rows=40863 width=3)
Seq Scan on voter_2  (cost=0.00..9980.58 rows=73074 width=4)
Seq Scan on voter_2  (cost=0.00..9980.58 rows=37517 width=4)
Seq Scan on voter_2  (cost=0.00..9980.58 rows=73074 width=4)
Nested Loop  (cost=1000.00..80691.08 rows=26948 width=3)
Nested Loop  (cost=1000.00..78990.15 rows=11485 width=3)
Nested Loop  (cost=1000.00..78990.15 rows=11485 width=3)
Seq Scan on voter_2  (cost=0.00..9980.58 rows=31351 width=4)
Nested Loop  (cost=1000.00..78990.15 rows=11485 width=3)
Nested Loop  (cost=1000.00..78990.15 rows=11485 width=3)
Nested Loop  (cost=1000.00..78990.15 rows=11485 width=3)
Nested Loop  (cost=1000.00..82610.58 rows=44398 width=3)
Seq Scan on voter_2  (cost=0.00..9980.58 rows=34853 width=4)
Seq Scan on voter_2  (cost=0.00..9980.58 rows=35808 width=4)
Seq Scan on voter_2  (cost=0.00..9980.58 rows=37517 width=4)
Seq Scan on voter_2  (cost=0.00..9980.58 rows=34853 width=4)
Seq Scan on voter_2  (cost=0.00..9980.58 rows=73074 width=4)
Seq Scan on voter_2  (cost=0.00..9980.58 rows=73074 width=4)
Seq Scan on voter_2  (cost=0.00..9980.58 rows=109066 width=4)
Nested Loop  (cost=1000.00..78990.15 rows=11485 width=3)
Nested Loop  (cost=1000.00..78990.15 rows=11485 width=3)
Nested Loop  (cost=1000.00..78990.15 rows=11485 width=3)
Nested Loop  (cost=1000.00..78990.15 rows=11485 width=3)
Seq Scan on voter_2  (cost=0.00..9980.58 rows=109066 width=4)
Nested Loop  (cost=1000.00..83460.88 rows=52128 width=3)
Seq Scan on voter_2  (cost=0.00..9980.58 rows=73074 width=4)
Seq Scan on voter_2  (cost=0.00..9980.58 rows=35808 width=4)
Nested Loop  (cost=1000.00..78990.15 rows=11485 width=3)
Nested Loop  (cost=1000.00..84529.97 rows=61847 width=3)
Nested Loop  (cost=1000.00..85088.88 rows=66928 width=3)
Nested Loop  (cost=1000.00..82294.66 rows=41526 width=3)
Nested Loop  (cost=1000.00..78990.15 rows=11485 width=3)
Seq Scan on voter_2  (cost=0.00..9980.58 rows=44052 width=4)
Seq Scan on voter_2  (cost=0.00..9980.58 rows=34183 width=4)
Seq Scan on voter_2  (cost=0.00..9980.58 rows=109066 width=4)
Nested Loop  (cost=1000.00..82075.98 rows=39538 width=3)
Seq Scan on voter_2  (cost=0.00..9980.58 rows=31351 width=4)
Seq Scan on voter_2  (cost=0.00..9980.58 rows=32474 width=4)
Nested Loop  (cost=1000.00..78990.15 rows=11485 width=3)
Nested Loop  (cost=1000.00..78990.15 rows=11485 width=3)
Seq Scan on voter_2  (cost=0.00..9980.58 rows=109066 width=4)
Seq Scan on voter_2  (cost=0.00..9980.58 rows=34853 width=4)
Nested Loop  (cost=1000.00..78990.15 rows=11485 width=3)
Seq Scan on voter_2  (cost=0.00..9980.58 rows=32474 width=4)
Nested Loop  (cost=1000.00..81905.92 rows=37992 width=3)
Nested Loop  (cost=1000.00..80861.14 rows=28494 width=3)
Seq Scan on voter_2  (cost=0.00..9980.58 rows=32474 width=4)
Nested Loop  (cost=1000.00..78990.15 rows=11485 width=3)
Nested Loop  (cost=1000.00..78990.15 rows=11485 width=3)
Seq Scan on voter_2  (cost=0.00..9980.58 rows=109066 width=4)
Seq Scan on voter_2  (cost=0.00..9980.58 rows=109066 width=4)
Seq Scan on voter_2  (cost=0.00..9980.58 rows=109066 width=4)
Nested Loop  (cost=1000.00..78990.15 rows=11485 width=3)
Nested Loop  (cost=1000.00..78990.15 rows=11485 width=3)
Seq Scan on voter_2  (cost=0.00..9980.58 rows=44052 width=4)
Seq Scan on voter_2  (cost=0.00..9980.58 rows=44052 width=4)
Nested Loop  (cost=1000.00..78990.15 rows=11485 width=3)
Nested Loop  (cost=1000.00..78990.15 rows=11485 width=3)
Seq Scan on voter_2  (cost=0.00..9980.58 rows=34183 width=4)
Nested Loop  (cost=1000.00..78990.15 rows=11485 width=3)
Nested Loop  (cost=1000.00..81274.19 rows=32249 width=3)
Seq Scan on voter_2  (cost=0.00..9980.58 rows=31351 width=4)
Seq Scan on voter_2  (cost=0.00..9980.58 rows=109066 width=4)
Seq Scan on voter_2  (cost=0.00..9980.58 rows=44052 width=4)
Nested Loop  (cost=1000.00..84116.92 rows=58092 width=3)
Nested Loop  (cost=1000.00..83460.88 rows=52128 width=3)
Nested Loop  (cost=1000.00..80763.90 rows=27610 width=3)
Nested Loop  (cost=1000.00..78990.15 rows=11485 width=3)
Seq Scan on voter_2  (cost=0.00..9980.58 rows=109066 width=4)
Seq Scan on voter_2  (cost=0.00..9980.58 rows=35808 width=4)
Seq Scan on voter_2  (cost=0.00..9980.58 rows=73074 width=4)
Seq Scan on voter_2  (cost=0.00..9980.58 rows=37651 width=4)
Nested Loop  (cost=1000.00..78990.15 rows=11485 width=3)
Nested Loop  (cost=1000.00..82246.04 rows=41084 width=3)
Seq Scan on voter_2  (cost=0.00..9980.58 rows=37517 width=4)
Seq Scan on voter_2  (cost=0.00..9980.58 rows=109066 width=4)
Nested Loop  (cost=1000.00..78990.15 rows=11485 width=3)
Seq Scan on voter_2  (cost=0.00..9980.58 rows=35808 width=4)
Seq Scan on voter_2  (cost=0.00..9980.58 rows=73074 width=4)
Seq Scan on voter_2  (cost=0.00..9980.58 rows=109066 width=4)
Nested Loop  (cost=1000.00..78990.15 rows=11485 width=3)
Seq Scan on voter_2  (cost=0.00..9980.58 rows=32474 width=4)
Nested Loop  (cost=1000.00..78990.15 rows=11485 width=3)
Nested Loop  (cost=1000.00..78990.15 rows=11485 width=3)
Nested Loop  (cost=1000.00..78990.15 rows=11485 width=3)
Nested Loop  (cost=1000.00..78990.15 rows=11485 width=3)
Nested Loop  (cost=1000.00..78990.15 rows=11485 width=3)
Nested Loop  (cost=1000.00..80399.47 rows=24297 width=3)
Seq Scan on voter_2  (cost=0.00..9980.58 rows=73074 width=4)
Seq Scan on voter_2  (cost=0.00..9980.58 rows=35808 width=4)
Seq Scan on voter_2  (cost=0.00..9980.58 rows=37517 width=4)
Seq Scan on voter_2  (cost=0.00..9980.58 rows=109066 width=4)
Seq Scan on voter_2  (cost=0.00..9980.58 rows=44052 width=4)
Nested Loop  (cost=1000.00..81905.92 rows=37992 width=3)
Seq Scan on voter_2  (cost=0.00..9980.58 rows=37651 width=4)
Nested Loop  (cost=1000.00..84481.46 rows=61406 width=3)
Nested Loop  (cost=1000.00..78990.15 rows=11485 width=3)
Nested Loop  (cost=1000.00..78990.15 rows=11485 width=3)
Seq Scan on voter_2  (cost=0.00..9980.58 rows=31351 width=4)
Nested Loop  (cost=1000.00..83898.24 rows=56104 width=3)
Nested Loop  (cost=1000.00..78990.15 rows=11485 width=3)
Nested Loop  (cost=1000.00..82003.05 rows=38875 width=3)
Seq Scan on voter_2  (cost=0.00..9980.58 rows=73074 width=4)
Seq Scan on voter_2  (cost=0.00..9980.58 rows=73074 width=4)
Seq Scan on voter_2  (cost=0.00..9980.58 rows=32474 width=4)
Seq Scan on voter_2  (cost=0.00..9980.58 rows=34853 width=4)
Seq Scan on voter_2  (cost=0.00..9980.58 rows=109066 width=4)
Seq Scan on voter_2  (cost=0.00..9980.58 rows=37651 width=4)
Nested Loop  (cost=1000.00..78990.15 rows=11485 width=3)
Nested Loop  (cost=1000.00..82756.33 rows=45723 width=3)
Nested Loop  (cost=1000.00..83995.48 rows=56988 width=3)
Nested Loop  (cost=1000.00..78990.15 rows=11485 width=3)
Nested Loop  (cost=1000.00..78990.15 rows=11485 width=3)
Nested Loop  (cost=1000.00..78990.15 rows=11485 width=3)
Seq Scan on voter_2  (cost=0.00..9980.58 rows=73074 width=4)
Seq Scan on voter_2  (cost=0.00..9980.58 rows=44052 width=4)
Seq Scan on voter_2  (cost=0.00..9980.58 rows=109066 width=4)
Seq Scan on voter_2  (cost=0.00..9980.58 rows=31351 width=4)
Nested Loop  (cost=1000.00..78990.15 rows=11485 width=3)
Nested Loop  (cost=1000.00..80472.40 rows=24960 width=3)
Nested Loop  (cost=1000.00..78990.15 rows=11485 width=3)
Nested Loop  (cost=1000.00..78990.15 rows=11485 width=3)
Seq Scan on voter_2  (cost=0.00..9980.58 rows=73074 width=4)
Seq Scan on voter_2  (cost=0.00..9980.58 rows=31351 width=4)
Nested Loop  (cost=1000.00..80836.83 rows=28273 width=3)
Seq Scan on voter_2  (cost=0.00..9980.58 rows=109066 width=4)
Nested Loop  (cost=1000.00..78990.15 rows=11485 width=3)
Nested Loop  (cost=1000.00..78990.15 rows=11485 width=3)
Seq Scan on voter_2  (cost=0.00..9980.58 rows=109066 width=4)
Seq Scan on voter_2  (cost=0.00..9980.58 rows=32658 width=4)
Seq Scan on voter_2  (cost=0.00..9980.58 rows=32658 width=4)
Seq Scan on voter_2  (cost=0.00..9980.58 rows=109066 width=4)
Seq Scan on voter_2  (cost=0.00..9980.58 rows=109066 width=4)
Seq Scan on voter_2  (cost=0.00..9980.58 rows=109066 width=4)
Seq Scan on voter_2  (cost=0.00..9980.58 rows=109066 width=4)
Nested Loop  (cost=1000.00..78990.15 rows=11485 width=3)
Seq Scan on voter_2  (cost=0.00..9980.58 rows=37651 width=4)
Seq Scan on voter_2  (cost=0.00..9980.58 rows=34183 width=4)
Nested Loop  (cost=1000.00..78990.15 rows=11485 width=3)
Nested Loop  (cost=1000.00..78990.15 rows=11485 width=3)
Nested Loop  (cost=1000.00..78990.15 rows=11485 width=3)
Nested Loop  (cost=1000.00..78990.15 rows=11485 width=3)
Nested Loop  (cost=1000.00..80399.47 rows=24297 width=3)
Nested Loop  (cost=1000.00..78990.15 rows=11485 width=3)
Nested Loop  (cost=1000.00..78990.15 rows=11485 width=3)
Nested Loop  (cost=1000.00..82586.27 rows=44177 width=3)
Seq Scan on voter_2  (cost=0.00..9980.58 rows=37517 width=4)
Nested Loop  (cost=1000.00..78990.15 rows=11485 width=3)
Seq Scan on voter_2  (cost=0.00..9980.58 rows=109066 width=4)
Seq Scan on voter_2  (cost=0.00..9980.58 rows=34183 width=4)
Seq Scan on voter_2  (cost=0.00..9980.58 rows=32658 width=4)
Nested Loop  (cost=1000.00..78990.15 rows=11485 width=3)
Seq Scan on voter_2  (cost=0.00..9980.58 rows=32658 width=4)
Nested Loop  (cost=1000.00..78990.15 rows=11485 width=3)
Seq Scan on voter_2  (cost=0.00..9980.58 rows=109066 width=4)
Nested Loop  (cost=1000.00..82902.08 rows=47048 width=3)
Nested Loop  (cost=1000.00..78990.15 rows=11485 width=3)
Nested Loop  (cost=1000.00..84457.15 rows=61185 width=3)
Seq Scan on voter_2  (cost=0.00..9980.58 rows=109066 width=4)
Seq Scan on voter_2  (cost=0.00..9980.58 rows=32658 width=4)
Seq Scan on voter_2  (cost=0.00..9980.58 rows=32658 width=4)
Seq Scan on voter_2  (cost=0.00..9980.58 rows=32474 width=4)
Seq Scan on voter_2  (cost=0.00..9980.58 rows=37651 width=4)
Seq Scan on voter_2  (cost=0.00..9980.58 rows=32658 width=4)
Nested Loop  (cost=1000.00..78990.15 rows=11485 width=3)
Nested Loop  (cost=1000.00..84238.47 rows=59197 width=3)
Nested Loop  (cost=1000.00..78990.15 rows=11485 width=3)
Seq Scan on voter_2  (cost=0.00..9980.58 rows=35808 width=4)
Nested Loop  (cost=1000.00..78990.15 rows=11485 width=3)
Nested Loop  (cost=1000.00..84238.47 rows=59197 width=3)
Seq Scan on voter_2  (cost=0.00..9980.58 rows=32658 width=4)
Nested Loop  (cost=1000.00..78990.15 rows=11485 width=3)
Seq Scan on voter_2  (cost=0.00..9980.58 rows=109066 width=4)
Nested Loop  (cost=1000.00..78990.15 rows=11485 width=3)
Seq Scan on voter_2  (cost=0.00..9980.58 rows=31351 width=4)
Nested Loop  (cost=1000.00..80448.09 rows=24739 width=3)
Nested Loop  (cost=1000.00..80593.84 rows=26064 width=3)
Seq Scan on voter_2  (cost=0.00..9980.58 rows=32658 width=4)
Nested Loop  (cost=1000.00..78990.15 rows=11485 width=3)
Nested Loop  (cost=1000.00..78990.15 rows=11485 width=3)
Seq Scan on voter_2  (cost=0.00..9980.58 rows=109066 width=4)
Seq Scan on voter_2  (cost=0.00..9980.58 rows=109066 width=4)
Seq Scan on voter_2  (cost=0.00..9980.58 rows=37517 width=4)
Seq Scan on voter_2  (cost=0.00..9980.58 rows=44052 width=4)
Seq Scan on voter_2  (cost=0.00..9980.58 rows=73074 width=4)
Nested Loop  (cost=1000.00..81614.31 rows=35341 width=3)
Seq Scan on voter_2  (cost=0.00..9980.58 rows=37517 width=4)
Nested Loop  (cost=1000.00..78990.15 rows=11485 width=3)
Nested Loop  (cost=1000.00..81249.88 rows=32028 width=3)
Nested Loop  (cost=1000.00..78990.15 rows=11485 width=3)
Nested Loop  (cost=1000.00..80423.78 rows=24518 width=3)
Seq Scan on voter_2  (cost=0.00..9980.58 rows=37651 width=4)
Nested Loop  (cost=1000.00..78990.15 rows=11485 width=3)
Seq Scan on voter_2  (cost=0.00..9980.58 rows=35808 width=4)
Nested Loop  (cost=1000.00..78990.15 rows=11485 width=3)
Nested Loop  (cost=1000.00..78990.15 rows=11485 width=3)
Seq Scan on voter_2  (cost=0.00..9980.58 rows=37517 width=4)
Seq Scan on voter_2  (cost=0.00..9980.58 rows=109066 width=4)
Seq Scan on voter_2  (cost=0.00..9980.58 rows=34853 width=4)
Nested Loop  (cost=1000.00..78990.15 rows=11485 width=3)
Seq Scan on voter_2  (cost=0.00..9980.58 rows=73074 width=4)
Seq Scan on voter_2  (cost=0.00..9980.58 rows=73074 width=4)
Nested Loop  (cost=1000.00..78990.15 rows=11485 width=3)
Nested Loop  (cost=1000.00..82586.27 rows=44177 width=3)
Seq Scan on voter_2  (cost=0.00..9980.58 rows=31351 width=4)
Seq Scan on voter_2  (cost=0.00..9980.58 rows=37517 width=4)
Nested Loop  (cost=1000.00..78990.15 rows=11485 width=3)
Nested Loop  (cost=1000.00..78990.15 rows=11485 width=3)
Seq Scan on voter_2  (cost=0.00..9980.58 rows=109066 width=4)
Nested Loop  (cost=1000.00..82246.04 rows=41084 width=3)
Nested Loop  (cost=1000.00..83752.49 rows=54779 width=3)
Seq Scan on voter_2  (cost=0.00..9980.58 rows=35808 width=4)
Seq Scan on voter_2  (cost=0.00..9980.58 rows=34853 width=4)
Seq Scan on voter_2  (cost=0.00..9980.58 rows=109066 width=4)
Nested Loop  (cost=1000.00..78990.15 rows=11485 width=3)
Nested Loop  (cost=1000.00..78990.15 rows=11485 width=3)
Seq Scan on voter_2  (cost=0.00..9980.58 rows=37517 width=4)
Nested Loop  (cost=1000.00..78990.15 rows=11485 width=3)
Nested Loop  (cost=1000.00..78990.15 rows=11485 width=3)
Seq Scan on voter_2  (cost=0.00..9980.58 rows=109066 width=4)
Seq Scan on voter_2  (cost=0.00..9980.58 rows=37651 width=4)
Nested Loop  (cost=1000.00..78990.15 rows=11485 width=3)
Nested Loop  (cost=1000.00..78990.15 rows=11485 width=3)
Nested Loop  (cost=1000.00..78990.15 rows=11485 width=3)
Seq Scan on voter_2  (cost=0.00..9980.58 rows=34183 width=4)
Seq Scan on voter_2  (cost=0.00..9980.58 rows=34853 width=4)
Seq Scan on voter_2  (cost=0.00..9980.58 rows=73074 width=4)
Seq Scan on voter_2  (cost=0.00..9980.58 rows=73074 width=4)
Seq Scan on voter_2  (cost=0.00..9980.58 rows=35808 width=4)
Nested Loop  (cost=1000.00..78990.15 rows=11485 width=3)
Nested Loop  (cost=1000.00..80909.76 rows=28936 width=3)
Nested Loop  (cost=1000.00..78990.15 rows=11485 width=3)
Seq Scan on voter_2  (cost=0.00..9980.58 rows=32474 width=4)
Nested Loop  (cost=1000.00..85088.88 rows=66928 width=3)
Nested Loop  (cost=1000.00..78990.15 rows=11485 width=3)
Seq Scan on voter_2  (cost=0.00..9980.58 rows=44052 width=4)
Seq Scan on voter_2  (cost=0.00..9980.58 rows=44052 width=4)
Seq Scan on voter_2  (cost=0.00..9980.58 rows=37651 width=4)
Nested Loop  (cost=1000.00..78990.15 rows=11485 width=3)
Nested Loop  (cost=1000.00..78990.15 rows=11485 width=3)
Nested Loop  (cost=1000.00..78990.15 rows=11485 width=3)
Nested Loop  (cost=1000.00..83922.55 rows=56325 width=3)
Seq Scan on voter_2  (cost=0.00..9980.58 rows=37517 width=4)
Nested Loop  (cost=1000.00..78990.15 rows=11485 width=3)
Seq Scan on voter_2  (cost=0.00..9980.58 rows=37517 width=4)
Nested Loop  (cost=1000.00..78990.15 rows=11485 width=3)
Seq Scan on voter_2  (cost=0.00..9980.58 rows=34183 width=4)
Seq Scan on voter_2  (cost=0.00..9980.58 rows=32658 width=4)
Seq Scan on voter_2  (cost=0.00..9980.58 rows=34853 width=4)
Seq Scan on voter_2  (cost=0.00..9980.58 rows=34853 width=4)
Seq Scan on voter_2  (cost=0.00..9980.58 rows=44052 width=4)
Seq Scan on voter_2  (cost=0.00..9980.58 rows=73074 width=4)
Seq Scan on voter_2  (cost=0.00..9980.58 rows=32474 width=4)
Seq Scan on voter_2  (cost=0.00..9980.58 rows=109066 width=4)
Nested Loop  (cost=1000.00..78990.15 rows=11485 width=3)
Seq Scan on voter_2  (cost=0.00..9980.58 rows=32658 width=4)
Nested Loop  (cost=1000.00..84457.15 rows=61185 width=3)
Nested Loop  (cost=1000.00..78990.15 rows=11485 width=3)
Nested Loop  (cost=1000.00..78990.15 rows=11485 width=3)
Nested Loop  (cost=1000.00..78990.15 rows=11485 width=3)
Nested Loop  (cost=1000.00..78990.15 rows=11485 width=3)
Nested Loop  (cost=1000.00..84238.47 rows=59197 width=3)
Nested Loop  (cost=1000.00..78990.15 rows=11485 width=3)
Nested Loop  (cost=1000.00..78990.15 rows=11485 width=3)
Seq Scan on voter_2  (cost=0.00..9980.58 rows=37517 width=4)
Seq Scan on voter_2  (cost=0.00..9980.58 rows=32474 width=4)
Seq Scan on voter_2  (cost=0.00..9980.58 rows=37517 width=4)
Seq Scan on voter_2  (cost=0.00..9980.58 rows=37517 width=4)
Seq Scan on voter_2  (cost=0.00..9980.58 rows=34853 width=4)
Seq Scan on voter_2  (cost=0.00..9980.58 rows=73074 width=4)
Seq Scan on voter_2  (cost=0.00..9980.58 rows=35808 width=4)
Nested Loop  (cost=1000.00..82318.97 rows=41747 width=3)
Nested Loop  (cost=1000.00..78990.15 rows=11485 width=3)
Nested Loop  (cost=1000.00..78990.15 rows=11485 width=3)
Nested Loop  (cost=1000.00..82124.60 rows=39980 width=3)
Seq Scan on voter_2  (cost=0.00..9980.58 rows=109066 width=4)
Seq Scan on voter_2  (cost=0.00..9980.58 rows=109066 width=4)
Nested Loop  (cost=1000.00..82124.60 rows=39980 width=3)
Seq Scan on voter_2  (cost=0.00..9980.58 rows=44052 width=4)
Nested Loop  (cost=1000.00..78990.15 rows=11485 width=3)
Nested Loop  (cost=1000.00..84019.79 rows=57209 width=3)
Nested Loop  (cost=1000.00..80399.47 rows=24297 width=3)
Nested Loop  (cost=1000.00..81395.63 rows=33353 width=3)
Nested Loop  (cost=1000.00..84141.23 rows=58313 width=3)
Seq Scan on voter_2  (cost=0.00..9980.58 rows=37517 width=4)
Seq Scan on voter_2  (cost=0.00..9980.58 rows=109066 width=4)
Seq Scan on voter_2  (cost=0.00..9980.58 rows=109066 width=4)
Nested Loop  (cost=1000.00..78990.15 rows=11485 width=3)
Seq Scan on voter_2  (cost=0.00..9980.58 rows=109066 width=4)
Nested Loop  (cost=1000.00..81347.12 rows=32912 width=3)
Nested Loop  (cost=1000.00..78990.15 rows=11485 width=3)
Nested Loop  (cost=1000.00..80545.22 rows=25622 width=3)
Seq Scan on voter_2  (cost=0.00..9980.58 rows=35808 width=4)
Seq Scan on voter_2  (cost=0.00..9980.58 rows=37651 width=4)
Seq Scan on voter_2  (cost=0.00..9980.58 rows=73074 width=4)
Seq Scan on voter_2  (cost=0.00..9980.58 rows=109066 width=4)
Nested Loop  (cost=1000.00..78990.15 rows=11485 width=3)
Nested Loop  (cost=1000.00..78990.15 rows=11485 width=3)
Nested Loop  (cost=1000.00..78990.15 rows=11485 width=3)
Nested Loop  (cost=1000.00..78990.15 rows=11485 width=3)
Seq Scan on voter_2  (cost=0.00..9980.58 rows=32658 width=4)
Nested Loop  (cost=1000.00..80472.40 rows=24960 width=3)
Seq Scan on voter_2  (cost=0.00..9980.58 rows=37517 width=4)
Seq Scan on voter_2  (cost=0.00..9980.58 rows=34183 width=4)
Nested Loop  (cost=1000.00..78990.15 rows=11485 width=3)
Nested Loop  (cost=1000.00..78990.15 rows=11485 width=3)
Seq Scan on voter_2  (cost=0.00..9980.58 rows=73074 width=4)
Seq Scan on voter_2  (cost=0.00..9980.58 rows=34183 width=4)
Nested Loop  (cost=1000.00..78990.15 rows=11485 width=3)
Seq Scan on voter_2  (cost=0.00..9980.58 rows=34183 width=4)
Seq Scan on voter_2  (cost=0.00..9980.58 rows=109066 width=4)
Seq Scan on voter_2  (cost=0.00..9980.58 rows=109066 width=4)
Nested Loop  (cost=1000.00..78990.15 rows=11485 width=3)
Seq Scan on voter_2  (cost=0.00..9980.58 rows=37651 width=4)
Seq Scan on voter_2  (cost=0.00..9980.58 rows=73074 width=4)
Seq Scan on voter_2  (cost=0.00..9980.58 rows=73074 width=4)
Nested Loop  (cost=1000.00..78990.15 rows=11485 width=3)
Nested Loop  (cost=1000.00..78990.15 rows=11485 width=3)
Nested Loop  (cost=1000.00..81395.63 rows=33353 width=3)
Seq Scan on voter_2  (cost=0.00..9980.58 rows=109066 width=4)
Nested Loop  (cost=1000.00..78990.15 rows=11485 width=3)
Seq Scan on voter_2  (cost=0.00..9980.58 rows=73074 width=4)
Nested Loop  (cost=1000.00..78990.15 rows=11485 width=3)
Seq Scan on voter_2  (cost=0.00..9980.58 rows=37517 width=4)
Nested Loop  (cost=1000.00..78990.15 rows=11485 width=3)
Seq Scan on voter_2  (cost=0.00..9980.58 rows=109066 width=4)
Seq Scan on voter_2  (cost=0.00..9980.58 rows=34853 width=4)
Nested Loop  (cost=1000.00..81395.63 rows=33353 width=3)
Nested Loop  (cost=1000.00..80861.14 rows=28494 width=3)
Nested Loop  (cost=1000.00..78990.15 rows=11485 width=3)
Nested Loop  (cost=1000.00..78990.15 rows=11485 width=3)
Nested Loop  (cost=1000.00..78990.15 rows=11485 width=3)
Seq Scan on voter_2  (cost=0.00..9980.58 rows=32658 width=4)
Seq Scan on voter_2  (cost=0.00..9980.58 rows=109066 width=4)
Seq Scan on voter_2  (cost=0.00..9980.58 rows=37517 width=4)
Seq Scan on voter_2  (cost=0.00..9980.58 rows=34183 width=4)
Seq Scan on voter_2  (cost=0.00..9980.58 rows=34183 width=4)
Nested Loop  (cost=1000.00..84286.98 rows=59638 width=3)
Nested Loop  (cost=1000.00..80788.21 rows=27831 width=3)
Nested Loop  (cost=1000.00..78990.15 rows=11485 width=3)
Nested Loop  (cost=1000.00..78990.15 rows=11485 width=3)
Seq Scan on voter_2  (cost=0.00..9980.58 rows=109066 width=4)
Nested Loop  (cost=1000.00..78990.15 rows=11485 width=3)
Nested Loop  (cost=1000.00..82416.10 rows=42630 width=3)
Seq Scan on voter_2  (cost=0.00..9980.58 rows=32474 width=4)
Nested Loop  (cost=1000.00..78990.15 rows=11485 width=3)
Seq Scan on voter_2  (cost=0.00..9980.58 rows=37517 width=4)
Seq Scan on voter_2  (cost=0.00..9980.58 rows=32658 width=4)
Nested Loop  (cost=1000.00..78990.15 rows=11485 width=3)
Seq Scan on voter_2  (cost=0.00..9980.58 rows=73074 width=4)
Nested Loop  (cost=1000.00..80521.02 rows=25402 width=3)
Seq Scan on voter_2  (cost=0.00..9980.58 rows=37517 width=4)
Seq Scan on voter_2  (cost=0.00..9980.58 rows=37517 width=4)
Seq Scan on voter_2  (cost=0.00..9980.58 rows=34183 width=4)
Nested Loop  (cost=1000.00..78990.15 rows=11485 width=3)
Seq Scan on voter_2  (cost=0.00..9980.58 rows=37517 width=4)
Nested Loop  (cost=1000.00..78990.15 rows=11485 width=3)
Seq Scan on voter_2  (cost=0.00..9980.58 rows=73074 width=4)
Nested Loop  (cost=1000.00..82489.03 rows=43293 width=3)
Nested Loop  (cost=1000.00..84457.15 rows=61185 width=3)
Seq Scan on voter_2  (cost=0.00..9980.58 rows=31351 width=4)
Seq Scan on voter_2  (cost=0.00..9980.58 rows=32474 width=4)
Nested Loop  (cost=1000.00..80788.21 rows=27831 width=3)
Nested Loop  (cost=1000.00..82221.73 rows=40863 width=3)
Nested Loop  (cost=1000.00..81249.88 rows=32028 width=3)
Seq Scan on voter_2  (cost=0.00..9980.58 rows=37517 width=4)
Seq Scan on voter_2  (cost=0.00..9980.58 rows=34853 width=4)
Seq Scan on voter_2  (cost=0.00..9980.58 rows=109066 width=4)
Nested Loop  (cost=1000.00..78990.15 rows=11485 width=3)
Seq Scan on voter_2  (cost=0.00..9980.58 rows=44052 width=4)
Nested Loop  (cost=1000.00..78990.15 rows=11485 width=3)
Seq Scan on voter_2  (cost=0.00..9980.58 rows=32658 width=4)
Seq Scan on voter_2  (cost=0.00..9980.58 rows=109066 width=4)
Nested Loop  (cost=1000.00..78990.15 rows=11485 width=3)
Nested Loop  (cost=1000.00..84262.78 rows=59418 width=3)
Nested Loop  (cost=1000.00..78990.15 rows=11485 width=3)
Nested Loop  (cost=1000.00..78990.15 rows=11485 width=3)
Nested Loop  (cost=1000.00..78990.15 rows=11485 width=3)
Seq Scan on voter_2  (cost=0.00..9980.58 rows=32474 width=4)
Seq Scan on voter_2  (cost=0.00..9980.58 rows=109066 width=4)
Nested Loop  (cost=1000.00..78990.15 rows=11485 width=3)
Nested Loop  (cost=1000.00..84529.97 rows=61847 width=3)
Seq Scan on voter_2  (cost=0.00..9980.58 rows=34853 width=4)
Seq Scan on voter_2  (cost=0.00..9980.58 rows=34183 width=4)
Seq Scan on voter_2  (cost=0.00..9980.58 rows=109066 width=4)
Nested Loop  (cost=1000.00..83703.87 rows=54337 width=3)
Seq Scan on voter_2  (cost=0.00..9980.58 rows=37517 width=4)
Seq Scan on voter_2  (cost=0.00..9980.58 rows=37517 width=4)
Seq Scan on voter_2  (cost=0.00..9980.58 rows=109066 width=4)
Nested Loop  (cost=1000.00..78990.15 rows=11485 width=3)
Seq Scan on voter_2  (cost=0.00..9980.58 rows=109066 width=4)
Nested Loop  (cost=1000.00..78990.15 rows=11485 width=3)
Nested Loop  (cost=1000.00..78990.15 rows=11485 width=3)
Nested Loop  (cost=1000.00..80448.09 rows=24739 width=3)
Nested Loop  (cost=1000.00..78990.15 rows=11485 width=3)
Seq Scan on voter_2  (cost=0.00..9980.58 rows=73074 width=4)
Nested Loop  (cost=1000.00..78990.15 rows=11485 width=3)
Nested Loop  (cost=1000.00..82610.58 rows=44398 width=3)
Seq Scan on voter_2  (cost=0.00..9980.58 rows=32474 width=4)
Seq Scan on voter_2  (cost=0.00..9980.58 rows=73074 width=4)
Gather  (cost=1000.00..7315.26 rows=1 width=4)
Nested Loop  (cost=1000.00..78990.15 rows=11485 width=3)
Seq Scan on voter_2  (cost=0.00..9980.58 rows=109066 width=4)
Nested Loop  (cost=1000.00..78990.15 rows=11485 width=3)
Seq Scan on voter_2  (cost=0.00..9980.58 rows=73074 width=4)
Seq Scan on voter_2  (cost=0.00..9980.58 rows=34853 width=4)
Nested Loop  (cost=1000.00..78990.15 rows=11485 width=3)
Nested Loop  (cost=1000.00..78990.15 rows=11485 width=3)
Seq Scan on voter_2  (cost=0.00..9980.58 rows=109066 width=4)
Seq Scan on voter_2  (cost=0.00..9980.58 rows=109066 width=4)
Seq Scan on voter_2  (cost=0.00..9980.58 rows=37651 width=4)
Seq Scan on voter_2  (cost=0.00..9980.58 rows=34183 width=4)
Seq Scan on voter_2  (cost=0.00..9980.58 rows=31351 width=4)
Nested Loop  (cost=1000.00..78990.15 rows=11485 width=3)
Nested Loop  (cost=1000.00..78990.15 rows=11485 width=3)
Nested Loop  (cost=1000.00..81104.13 rows=30703 width=3)
Nested Loop  (cost=1000.00..78990.15 rows=11485 width=3)
Nested Loop  (cost=1000.00..78990.15 rows=11485 width=3)
Seq Scan on voter_2  (cost=0.00..9980.58 rows=34853 width=4)
Seq Scan on voter_2  (cost=0.00..9980.58 rows=31351 width=4)
Seq Scan on voter_2  (cost=0.00..9980.58 rows=109066 width=4)
Seq Scan on voter_2  (cost=0.00..9980.58 rows=37651 width=4)
Nested Loop  (cost=1000.00..80569.53 rows=25843 width=3)
Nested Loop  (cost=1000.00..78990.15 rows=11485 width=3)
Seq Scan on voter_2  (cost=0.00..9980.58 rows=109066 width=4)
Nested Loop  (cost=1000.00..84019.79 rows=57209 width=3)
Nested Loop  (cost=1000.00..78990.15 rows=11485 width=3)
Seq Scan on voter_2  (cost=0.00..9980.58 rows=109066 width=4)
Seq Scan on voter_2  (cost=0.00..9980.58 rows=31351 width=4)
Seq Scan on voter_2  (cost=0.00..9980.58 rows=109066 width=4)
Seq Scan on voter_2  (cost=0.00..9980.58 rows=109066 width=4)
Nested Loop  (cost=1000.00..78990.15 rows=11485 width=3)
Seq Scan on voter_2  (cost=0.00..9980.58 rows=73074 width=4)
Nested Loop  (cost=1000.00..84481.46 rows=61406 width=3)
Nested Loop  (cost=1000.00..78990.15 rows=11485 width=3)
Seq Scan on voter_2  (cost=0.00..9980.58 rows=37651 width=4)
Nested Loop  (cost=1000.00..80448.09 rows=24739 width=3)
Nested Loop  (cost=1000.00..80375.16 rows=24076 width=3)
Seq Scan on voter_2  (cost=0.00..9980.58 rows=34853 width=4)
Nested Loop  (cost=1000.00..78990.15 rows=11485 width=3)
Nested Loop  (cost=1000.00..78990.15 rows=11485 width=3)
Nested Loop  (cost=1000.00..78990.15 rows=11485 width=3)
Nested Loop  (cost=1000.00..78990.15 rows=11485 width=3)
Seq Scan on voter_2  (cost=0.00..9980.58 rows=37517 width=4)
Seq Scan on voter_2  (cost=0.00..9980.58 rows=109066 width=4)
Seq Scan on voter_2  (cost=0.00..9980.58 rows=37517 width=4)
Seq Scan on voter_2  (cost=0.00..9980.58 rows=109066 width=4)
Seq Scan on voter_2  (cost=0.00..9980.58 rows=109066 width=4)
Seq Scan on voter_2  (cost=0.00..9980.58 rows=109066 width=4)
Nested Loop  (cost=1000.00..84092.61 rows=57871 width=3)
Seq Scan on voter_2  (cost=0.00..9980.58 rows=109066 width=4)
Nested Loop  (cost=1000.00..78990.15 rows=11485 width=3)
Nested Loop  (cost=1000.00..78990.15 rows=11485 width=3)
Seq Scan on voter_2  (cost=0.00..9980.58 rows=31351 width=4)
Nested Loop  (cost=1000.00..80448.09 rows=24739 width=3)
Nested Loop  (cost=1000.00..78990.15 rows=11485 width=3)
Nested Loop  (cost=1000.00..78990.15 rows=11485 width=3)
Seq Scan on voter_2  (cost=0.00..9980.58 rows=44052 width=4)
Nested Loop  (cost=1000.00..80545.22 rows=25622 width=3)
Seq Scan on voter_2  (cost=0.00..9980.58 rows=37517 width=4)
Nested Loop  (cost=1000.00..78990.15 rows=11485 width=3)
Seq Scan on voter_2  (cost=0.00..9980.58 rows=34183 width=4)
Nested Loop  (cost=1000.00..78990.15 rows=11485 width=3)
Nested Loop  (cost=1000.00..78990.15 rows=11485 width=3)
Nested Loop  (cost=1000.00..78990.15 rows=11485 width=3)
Seq Scan on voter_2  (cost=0.00..9980.58 rows=37651 width=4)
Seq Scan on voter_2  (cost=0.00..9980.58 rows=109066 width=4)
Seq Scan on voter_2  (cost=0.00..9980.58 rows=109066 width=4)
Seq Scan on voter_2  (cost=0.00..9980.58 rows=109066 width=4)
Seq Scan on voter_2  (cost=0.00..9980.58 rows=44052 width=4)
Seq Scan on voter_2  (cost=0.00..9980.58 rows=44052 width=4)
Nested Loop  (cost=1000.00..81395.63 rows=33353 width=3)
Nested Loop  (cost=1000.00..82003.05 rows=38875 width=3)
Nested Loop  (cost=1000.00..78990.15 rows=11485 width=3)
Nested Loop  (cost=1000.00..78990.15 rows=11485 width=3)
Seq Scan on voter_2  (cost=0.00..9980.58 rows=35808 width=4)
Seq Scan on voter_2  (cost=0.00..9980.58 rows=34183 width=4)
Nested Loop  (cost=1000.00..78990.15 rows=11485 width=3)
Nested Loop  (cost=1000.00..80593.84 rows=26064 width=3)
Seq Scan on voter_2  (cost=0.00..9980.58 rows=73074 width=4)
Seq Scan on voter_2  (cost=0.00..9980.58 rows=32658 width=4)
Nested Loop  (cost=1000.00..78990.15 rows=11485 width=3)
Nested Loop  (cost=1000.00..78990.15 rows=11485 width=3)
Seq Scan on voter_2  (cost=0.00..9980.58 rows=37517 width=4)
Seq Scan on voter_2  (cost=0.00..9980.58 rows=109066 width=4)
Seq Scan on voter_2  (cost=0.00..9980.58 rows=37517 width=4)
Nested Loop  (cost=1000.00..78990.15 rows=11485 width=3)
Nested Loop  (cost=1000.00..78990.15 rows=11485 width=3)
Seq Scan on voter_2  (cost=0.00..9980.58 rows=31351 width=4)
Nested Loop  (cost=1000.00..78990.15 rows=11485 width=3)
Nested Loop  (cost=1000.00..80399.47 rows=24297 width=3)
Nested Loop  (cost=1000.00..78990.15 rows=11485 width=3)
Seq Scan on voter_2  (cost=0.00..9980.58 rows=109066 width=4)
Seq Scan on voter_2  (cost=0.00..9980.58 rows=37517 width=4)
Seq Scan on voter_2  (cost=0.00..9980.58 rows=109066 width=4)
Seq Scan on voter_2  (cost=0.00..9980.58 rows=35808 width=4)
Nested Loop  (cost=1000.00..78990.15 rows=11485 width=3)
Nested Loop  (cost=1000.00..78990.15 rows=11485 width=3)
Seq Scan on voter_2  (cost=0.00..9980.58 rows=32658 width=4)
Seq Scan on voter_2  (cost=0.00..9980.58 rows=44052 width=4)
Nested Loop  (cost=1000.00..80836.83 rows=28273 width=3)
Nested Loop  (cost=1000.00..78990.15 rows=11485 width=3)
Nested Loop  (cost=1000.00..78990.15 rows=11485 width=3)
Nested Loop  (cost=1000.00..82003.05 rows=38875 width=3)
Seq Scan on voter_2  (cost=0.00..9980.58 rows=109066 width=4)
Seq Scan on voter_2  (cost=0.00..9980.58 rows=32658 width=4)
Nested Loop  (cost=1000.00..78990.15 rows=11485 width=3)
Seq Scan on voter_2  (cost=0.00..9980.58 rows=34853 width=4)
Seq Scan on voter_2  (cost=0.00..9980.58 rows=32474 width=4)
Seq Scan on voter_2  (cost=0.00..9980.58 rows=73074 width=4)
Nested Loop  (cost=1000.00..78990.15 rows=11485 width=3)
Nested Loop  (cost=1000.00..78990.15 rows=11485 width=3)
Nested Loop  (cost=1000.00..78990.15 rows=11485 width=3)
Seq Scan on voter_2  (cost=0.00..9980.58 rows=73074 width=4)
Nested Loop  (cost=1000.00..78990.15 rows=11485 width=3)
Nested Loop  (cost=1000.00..78990.15 rows=11485 width=3)
Nested Loop  (cost=1000.00..82318.97 rows=41747 width=3)
Seq Scan on voter_2  (cost=0.00..9980.58 rows=109066 width=4)
Nested Loop  (cost=1000.00..81614.31 rows=35341 width=3)
Seq Scan on voter_2  (cost=0.00..9980.58 rows=35808 width=4)
Seq Scan on voter_2  (cost=0.00..9980.58 rows=44052 width=4)
Seq Scan on voter_2  (cost=0.00..9980.58 rows=32658 width=4)
Seq Scan on voter_2  (cost=0.00..9980.58 rows=109066 width=4)
Nested Loop  (cost=1000.00..84092.61 rows=57871 width=3)
Seq Scan on voter_2  (cost=0.00..9980.58 rows=109066 width=4)
Seq Scan on voter_2  (cost=0.00..9980.58 rows=109066 width=4)
Seq Scan on voter_2  (cost=0.00..9980.58 rows=109066 width=4)
Nested Loop  (cost=1000.00..85210.32 rows=68032 width=3)
Nested Loop  (cost=1000.00..78990.15 rows=11485 width=3)
Nested Loop  (cost=1000.00..82489.03 rows=43293 width=3)
Seq Scan on voter_2  (cost=0.00..9980.58 rows=34183 width=4)
Seq Scan on voter_2  (cost=0.00..9980.58 rows=35808 width=4)
Seq Scan on voter_2  (cost=0.00..9980.58 rows=109066 width=4)
Nested Loop  (cost=1000.00..78990.15 rows=11485 width=3)
Nested Loop  (cost=1000.00..78990.15 rows=11485 width=3)
Nested Loop  (cost=1000.00..82051.67 rows=39317 width=3)
Nested Loop  (cost=1000.00..78990.15 rows=11485 width=3)
Seq Scan on voter_2  (cost=0.00..9980.58 rows=109066 width=4)
Seq Scan on voter_2  (cost=0.00..9980.58 rows=31351 width=4)
Nested Loop  (cost=1000.00..78990.15 rows=11485 width=3)
Nested Loop  (cost=1000.00..80763.90 rows=27610 width=3)
Seq Scan on voter_2  (cost=0.00..9980.58 rows=31351 width=4)
Nested Loop  (cost=1000.00..84262.78 rows=59418 width=3)
Nested Loop  (cost=1000.00..81055.51 rows=30261 width=3)
Nested Loop  (cost=1000.00..81930.23 rows=38213 width=3)
Seq Scan on voter_2  (cost=0.00..9980.58 rows=73074 width=4)
Seq Scan on voter_2  (cost=0.00..9980.58 rows=32658 width=4)
Seq Scan on voter_2  (cost=0.00..9980.58 rows=31351 width=4)
Seq Scan on voter_2  (cost=0.00..9980.58 rows=109066 width=4)
Seq Scan on voter_2  (cost=0.00..9980.58 rows=73074 width=4)
Nested Loop  (cost=1000.00..82270.35 rows=41305 width=3)
Seq Scan on voter_2  (cost=0.00..9980.58 rows=37517 width=4)
Nested Loop  (cost=1000.00..83703.87 rows=54337 width=3)
Nested Loop  (cost=1000.00..78990.15 rows=11485 width=3)
Seq Scan on voter_2  (cost=0.00..9980.58 rows=73074 width=4)
Seq Scan on voter_2  (cost=0.00..9980.58 rows=32474 width=4)
Nested Loop  (cost=1000.00..78990.15 rows=11485 width=3)
Nested Loop  (cost=1000.00..78990.15 rows=11485 width=3)
Seq Scan on voter_2  (cost=0.00..9980.58 rows=32474 width=4)
Nested Loop  (cost=1000.00..78990.15 rows=11485 width=3)
Nested Loop  (cost=1000.00..83703.87 rows=54337 width=3)
Nested Loop  (cost=1000.00..81395.63 rows=33353 width=3)
Nested Loop  (cost=1000.00..78990.15 rows=11485 width=3)
Seq Scan on voter_2  (cost=0.00..9980.58 rows=73074 width=4)
Seq Scan on voter_2  (cost=0.00..9980.58 rows=32658 width=4)
Nested Loop  (cost=1000.00..78990.15 rows=11485 width=3)
Seq Scan on voter_2  (cost=0.00..9980.58 rows=109066 width=4)
Seq Scan on voter_2  (cost=0.00..9980.58 rows=37517 width=4)
Nested Loop  (cost=1000.00..80861.14 rows=28494 width=3)
Seq Scan on voter_2  (cost=0.00..9980.58 rows=73074 width=4)
Nested Loop  (cost=1000.00..78990.15 rows=11485 width=3)
Nested Loop  (cost=1000.00..78990.15 rows=11485 width=3)
Seq Scan on voter_2  (cost=0.00..9980.58 rows=31351 width=4)
Seq Scan on voter_2  (cost=0.00..9980.58 rows=44052 width=4)
Seq Scan on voter_2  (cost=0.00..9980.58 rows=73074 width=4)
Seq Scan on voter_2  (cost=0.00..9980.58 rows=37651 width=4)
Nested Loop  (cost=1000.00..78990.15 rows=11485 width=3)
Seq Scan on voter_2  (cost=0.00..9980.58 rows=34183 width=4)
Nested Loop  (cost=1000.00..78990.15 rows=11485 width=3)
Nested Loop  (cost=1000.00..78990.15 rows=11485 width=3)
Nested Loop  (cost=1000.00..78990.15 rows=11485 width=3)
Nested Loop  (cost=1000.00..84311.29 rows=59859 width=3)
Seq Scan on voter_2  (cost=0.00..9980.58 rows=44052 width=4)
Seq Scan on voter_2  (cost=0.00..9980.58 rows=32474 width=4)
Nested Loop  (cost=1000.00..78990.15 rows=11485 width=3)
Seq Scan on voter_2  (cost=0.00..9980.58 rows=109066 width=4)
Nested Loop  (cost=1000.00..82586.27 rows=44177 width=3)
Nested Loop  (cost=1000.00..81905.92 rows=37992 width=3)
Seq Scan on voter_2  (cost=0.00..9980.58 rows=109066 width=4)
Seq Scan on voter_2  (cost=0.00..9980.58 rows=35808 width=4)
Seq Scan on voter_2  (cost=0.00..9980.58 rows=109066 width=4)
Seq Scan on voter_2  (cost=0.00..9980.58 rows=109066 width=4)
Nested Loop  (cost=1000.00..82343.28 rows=41968 width=3)
Nested Loop  (cost=1000.00..78990.15 rows=11485 width=3)
Nested Loop  (cost=1000.00..80399.47 rows=24297 width=3)
Seq Scan on voter_2  (cost=0.00..9980.58 rows=73074 width=4)
Seq Scan on voter_2  (cost=0.00..9980.58 rows=73074 width=4)
Nested Loop  (cost=1000.00..78990.15 rows=11485 width=3)
Seq Scan on voter_2  (cost=0.00..9980.58 rows=109066 width=4)
Nested Loop  (cost=1000.00..84481.46 rows=61406 width=3)
Seq Scan on voter_2  (cost=0.00..9980.58 rows=32474 width=4)
Nested Loop  (cost=1000.00..78990.15 rows=11485 width=3)
Seq Scan on voter_2  (cost=0.00..9980.58 rows=34183 width=4)
Nested Loop  (cost=1000.00..82610.58 rows=44398 width=3)
Nested Loop  (cost=1000.00..82100.29 rows=39759 width=3)
Nested Loop  (cost=1000.00..78990.15 rows=11485 width=3)
Seq Scan on voter_2  (cost=0.00..9980.58 rows=109066 width=4)
Seq Scan on voter_2  (cost=0.00..9980.58 rows=44052 width=4)
Nested Loop  (cost=1000.00..81104.13 rows=30703 width=3)
Nested Loop  (cost=1000.00..78990.15 rows=11485 width=3)
Nested Loop  (cost=1000.00..83922.55 rows=56325 width=3)
Seq Scan on voter_2  (cost=0.00..9980.58 rows=73074 width=4)
Nested Loop  (cost=1000.00..78990.15 rows=11485 width=3)
Seq Scan on voter_2  (cost=0.00..9980.58 rows=32658 width=4)
Seq Scan on voter_2  (cost=0.00..9980.58 rows=109066 width=4)
Nested Loop  (cost=1000.00..78990.15 rows=11485 width=3)
Seq Scan on voter_2  (cost=0.00..9980.58 rows=35808 width=4)
Seq Scan on voter_2  (cost=0.00..9980.58 rows=44052 width=4)
Seq Scan on voter_2  (cost=0.00..9980.58 rows=109066 width=4)
Nested Loop  (cost=1000.00..78990.15 rows=11485 width=3)
Seq Scan on voter_2  (cost=0.00..9980.58 rows=44052 width=4)
Seq Scan on voter_2  (cost=0.00..9980.58 rows=32658 width=4)
Nested Loop  (cost=1000.00..78990.15 rows=11485 width=3)
Nested Loop  (cost=1000.00..78990.15 rows=11485 width=3)
Seq Scan on voter_2  (cost=0.00..9980.58 rows=44052 width=4)
Seq Scan on voter_2  (cost=0.00..9980.58 rows=109066 width=4)
Seq Scan on voter_2  (cost=0.00..9980.58 rows=109066 width=4)
Nested Loop  (cost=1000.00..80982.58 rows=29598 width=3)
Seq Scan on voter_2  (cost=0.00..9980.58 rows=44052 width=4)
Seq Scan on voter_2  (cost=0.00..9980.58 rows=73074 width=4)
Seq Scan on voter_2  (cost=0.00..9980.58 rows=73074 width=4)
Nested Loop  (cost=1000.00..78990.15 rows=11485 width=3)
Nested Loop  (cost=1000.00..78990.15 rows=11485 width=3)
Nested Loop  (cost=1000.00..78990.15 rows=11485 width=3)
Seq Scan on voter_2  (cost=0.00..9980.58 rows=44052 width=4)
Nested Loop  (cost=1000.00..78990.15 rows=11485 width=3)
Nested Loop  (cost=1000.00..80982.58 rows=29598 width=3)
Nested Loop  (cost=1000.00..84529.97 rows=61847 width=3)
Nested Loop  (cost=1000.00..78990.15 rows=11485 width=3)
Nested Loop  (cost=1000.00..78990.15 rows=11485 width=3)
Seq Scan on voter_2  (cost=0.00..9980.58 rows=37517 width=4)
Nested Loop  (cost=1000.00..81978.85 rows=38655 width=3)
Nested Loop  (cost=1000.00..78990.15 rows=11485 width=3)
Seq Scan on voter_2  (cost=0.00..9980.58 rows=109066 width=4)
Gather  (cost=1000.00..7315.26 rows=1 width=4)
Seq Scan on voter_2  (cost=0.00..9980.58 rows=109066 width=4)
Seq Scan on voter_2  (cost=0.00..9980.58 rows=37651 width=4)
Nested Loop  (cost=1000.00..78990.15 rows=11485 width=3)
Seq Scan on voter_2  (cost=0.00..9980.58 rows=34853 width=4)
Seq Scan on voter_2  (cost=0.00..9980.58 rows=109066 width=4)
Seq Scan on voter_2  (cost=0.00..9980.58 rows=35808 width=4)
Seq Scan on voter_2  (cost=0.00..9980.58 rows=109066 width=4)
Nested Loop  (cost=1000.00..84262.78 rows=59418 width=3)
Seq Scan on voter_2  (cost=0.00..9980.58 rows=34853 width=4)
Seq Scan on voter_2  (cost=0.00..9980.58 rows=34853 width=4)
Nested Loop  (cost=1000.00..82343.28 rows=41968 width=3)
Nested Loop  (cost=1000.00..78990.15 rows=11485 width=3)
Nested Loop  (cost=1000.00..78990.15 rows=11485 width=3)
Nested Loop  (cost=1000.00..78990.15 rows=11485 width=3)
Nested Loop  (cost=1000.00..80691.08 rows=26948 width=3)
Nested Loop  (cost=1000.00..78990.15 rows=11485 width=3)
Seq Scan on voter_2  (cost=0.00..9980.58 rows=37517 width=4)
Seq Scan on voter_2  (cost=0.00..9980.58 rows=73074 width=4)
Seq Scan on voter_2  (cost=0.00..9980.58 rows=109066 width=4)
Nested Loop  (cost=1000.00..80861.14 rows=28494 width=3)
Seq Scan on voter_2  (cost=0.00..9980.58 rows=37651 width=4)
Nested Loop  (cost=1000.00..78990.15 rows=11485 width=3)
Nested Loop  (cost=1000.00..78990.15 rows=11485 width=3)
Seq Scan on voter_2  (cost=0.00..9980.58 rows=109066 width=4)
Nested Loop  (cost=1000.00..78990.15 rows=11485 width=3)
Nested Loop  (cost=1000.00..78990.15 rows=11485 width=3)
Seq Scan on voter_2  (cost=0.00..9980.58 rows=44052 width=4)
Seq Scan on voter_2  (cost=0.00..9980.58 rows=37517 width=4)
Nested Loop  (cost=1000.00..78990.15 rows=11485 width=3)
Nested Loop  (cost=1000.00..78990.15 rows=11485 width=3)
Seq Scan on voter_2  (cost=0.00..9980.58 rows=34853 width=4)
Seq Scan on voter_2  (cost=0.00..9980.58 rows=73074 width=4)
Nested Loop  (cost=1000.00..78990.15 rows=11485 width=3)
Nested Loop  (cost=1000.00..78990.15 rows=11485 width=3)
Nested Loop  (cost=1000.00..82221.73 rows=40863 width=3)
Seq Scan on voter_2  (cost=0.00..9980.58 rows=32474 width=4)
Seq Scan on voter_2  (cost=0.00..9980.58 rows=34853 width=4)
Nested Loop  (cost=1000.00..78990.15 rows=11485 width=3)
Nested Loop  (cost=1000.00..78990.15 rows=11485 width=3)
Seq Scan on voter_2  (cost=0.00..9980.58 rows=32474 width=4)
Seq Scan on voter_2  (cost=0.00..9980.58 rows=34183 width=4)
Nested Loop  (cost=1000.00..84529.97 rows=61847 width=3)
Nested Loop  (cost=1000.00..78990.15 rows=11485 width=3)
Seq Scan on voter_2  (cost=0.00..9980.58 rows=32658 width=4)
Nested Loop  (cost=1000.00..82610.58 rows=44398 width=3)
Seq Scan on voter_2  (cost=0.00..9980.58 rows=35808 width=4)
Seq Scan on voter_2  (cost=0.00..9980.58 rows=109066 width=4)
Seq Scan on voter_2  (cost=0.00..9980.58 rows=73074 width=4)
Seq Scan on voter_2  (cost=0.00..9980.58 rows=32658 width=4)
Nested Loop  (cost=1000.00..78990.15 rows=11485 width=3)
Nested Loop  (cost=1000.00..78990.15 rows=11485 width=3)
Seq Scan on voter_2  (cost=0.00..9980.58 rows=37651 width=4)
Seq Scan on voter_2  (cost=0.00..9980.58 rows=109066 width=4)
Nested Loop  (cost=1000.00..78990.15 rows=11485 width=3)
Seq Scan on voter_2  (cost=0.00..9980.58 rows=34853 width=4)
Nested Loop  (cost=1000.00..78990.15 rows=11485 width=3)
Nested Loop  (cost=1000.00..78990.15 rows=11485 width=3)
Nested Loop  (cost=1000.00..78990.15 rows=11485 width=3)
Seq Scan on voter_2  (cost=0.00..9980.58 rows=73074 width=4)
Seq Scan on voter_2  (cost=0.00..9980.58 rows=37517 width=4)
Seq Scan on voter_2  (cost=0.00..9980.58 rows=109066 width=4)
Seq Scan on voter_2  (cost=0.00..9980.58 rows=109066 width=4)
Seq Scan on voter_2  (cost=0.00..9980.58 rows=73074 width=4)
Nested Loop  (cost=1000.00..78990.15 rows=11485 width=3)
Seq Scan on voter_2  (cost=0.00..9980.58 rows=37517 width=4)
Nested Loop  (cost=1000.00..82318.97 rows=41747 width=3)
Seq Scan on voter_2  (cost=0.00..9980.58 rows=109066 width=4)
Seq Scan on voter_2  (cost=0.00..9980.58 rows=35808 width=4)
Nested Loop  (cost=1000.00..78990.15 rows=11485 width=3)
Nested Loop  (cost=1000.00..78990.15 rows=11485 width=3)
Seq Scan on voter_2  (cost=0.00..9980.58 rows=109066 width=4)
Nested Loop  (cost=1000.00..84092.61 rows=57871 width=3)
Nested Loop  (cost=1000.00..78990.15 rows=11485 width=3)
Nested Loop  (cost=1000.00..78990.15 rows=11485 width=3)
Nested Loop  (cost=1000.00..78990.15 rows=11485 width=3)
Nested Loop  (cost=1000.00..80399.47 rows=24297 width=3)
Nested Loop  (cost=1000.00..78990.15 rows=11485 width=3)
Seq Scan on voter_2  (cost=0.00..9980.58 rows=31351 width=4)
Seq Scan on voter_2  (cost=0.00..9980.58 rows=37517 width=4)
Seq Scan on voter_2  (cost=0.00..9980.58 rows=31351 width=4)
Seq Scan on voter_2  (cost=0.00..9980.58 rows=34853 width=4)
Nested Loop  (cost=1000.00..78990.15 rows=11485 width=3)
Nested Loop  (cost=1000.00..78990.15 rows=11485 width=3)
Nested Loop  (cost=1000.00..78990.15 rows=11485 width=3)
Nested Loop  (cost=1000.00..78990.15 rows=11485 width=3)
Seq Scan on voter_2  (cost=0.00..9980.58 rows=35808 width=4)
Nested Loop  (cost=1000.00..78990.15 rows=11485 width=3)
Seq Scan on voter_2  (cost=0.00..9980.58 rows=34183 width=4)
Seq Scan on voter_2  (cost=0.00..9980.58 rows=109066 width=4)
Seq Scan on voter_2  (cost=0.00..9980.58 rows=37517 width=4)
Seq Scan on voter_2  (cost=0.00..9980.58 rows=73074 width=4)
Seq Scan on voter_2  (cost=0.00..9980.58 rows=34853 width=4)
Nested Loop  (cost=1000.00..78990.15 rows=11485 width=3)
Nested Loop  (cost=1000.00..78990.15 rows=11485 width=3)
Nested Loop  (cost=1000.00..78990.15 rows=11485 width=3)
Seq Scan on voter_2  (cost=0.00..9980.58 rows=34183 width=4)
Seq Scan on voter_2  (cost=0.00..9980.58 rows=35808 width=4)
Nested Loop  (cost=1000.00..78990.15 rows=11485 width=3)
Seq Scan on voter_2  (cost=0.00..9980.58 rows=32474 width=4)
Nested Loop  (cost=1000.00..80836.83 rows=28273 width=3)
Nested Loop  (cost=1000.00..78990.15 rows=11485 width=3)
Seq Scan on voter_2  (cost=0.00..9980.58 rows=44052 width=4)
Seq Scan on voter_2  (cost=0.00..9980.58 rows=34183 width=4)
Seq Scan on voter_2  (cost=0.00..9980.58 rows=73074 width=4)
Nested Loop  (cost=1000.00..78990.15 rows=11485 width=3)
Seq Scan on voter_2  (cost=0.00..9980.58 rows=109066 width=4)
Nested Loop  (cost=1000.00..78990.15 rows=11485 width=3)
Seq Scan on voter_2  (cost=0.00..9980.58 rows=31351 width=4)
Nested Loop  (cost=1000.00..78990.15 rows=11485 width=3)
Nested Loop  (cost=1000.00..84481.46 rows=61406 width=3)
Seq Scan on voter_2  (cost=0.00..9980.58 rows=109066 width=4)
Nested Loop  (cost=1000.00..78990.15 rows=11485 width=3)
Seq Scan on voter_2  (cost=0.00..9980.58 rows=73074 width=4)
Nested Loop  (cost=1000.00..84238.47 rows=59197 width=3)
Seq Scan on voter_2  (cost=0.00..9980.58 rows=31351 width=4)
Seq Scan on voter_2  (cost=0.00..9980.58 rows=109066 width=4)
Nested Loop  (cost=1000.00..78990.15 rows=11485 width=3)
Nested Loop  (cost=1000.00..81055.51 rows=30261 width=3)
Nested Loop  (cost=1000.00..78990.15 rows=11485 width=3)
Nested Loop  (cost=1000.00..78990.15 rows=11485 width=3)
Nested Loop  (cost=1000.00..84116.92 rows=58092 width=3)
Seq Scan on voter_2  (cost=0.00..9980.58 rows=37517 width=4)
Seq Scan on voter_2  (cost=0.00..9980.58 rows=37651 width=4)
Seq Scan on voter_2  (cost=0.00..9980.58 rows=109066 width=4)
Seq Scan on voter_2  (cost=0.00..9980.58 rows=109066 width=4)
Nested Loop  (cost=1000.00..82489.03 rows=43293 width=3)
Nested Loop  (cost=1000.00..78990.15 rows=11485 width=3)
Nested Loop  (cost=1000.00..81905.92 rows=37992 width=3)
Nested Loop  (cost=1000.00..78990.15 rows=11485 width=3)
Seq Scan on voter_2  (cost=0.00..9980.58 rows=44052 width=4)
Seq Scan on voter_2  (cost=0.00..9980.58 rows=109066 width=4)
Seq Scan on voter_2  (cost=0.00..9980.58 rows=73074 width=4)
Nested Loop  (cost=1000.00..78990.15 rows=11485 width=3)
Seq Scan on voter_2  (cost=0.00..9980.58 rows=32658 width=4)
Nested Loop  (cost=1000.00..82124.60 rows=39980 width=3)
Nested Loop  (cost=1000.00..80448.09 rows=24739 width=3)
Nested Loop  (cost=1000.00..78990.15 rows=11485 width=3)
Seq Scan on voter_2  (cost=0.00..9980.58 rows=73074 width=4)
Seq Scan on voter_2  (cost=0.00..9980.58 rows=34853 width=4)
Seq Scan on voter_2  (cost=0.00..9980.58 rows=73074 width=4)
Seq Scan on voter_2  (cost=0.00..9980.58 rows=35808 width=4)
Seq Scan on voter_2  (cost=0.00..9980.58 rows=109066 width=4)
Nested Loop  (cost=1000.00..78990.15 rows=11485 width=3)
Nested Loop  (cost=1000.00..78990.15 rows=11485 width=3)
Nested Loop  (cost=1000.00..78990.15 rows=11485 width=3)
Seq Scan on voter_2  (cost=0.00..9980.58 rows=32474 width=4)
Nested Loop  (cost=1000.00..78990.15 rows=11485 width=3)
Gather  (cost=1000.00..7315.26 rows=1 width=4)
Seq Scan on voter_2  (cost=0.00..9980.58 rows=34853 width=4)
Seq Scan on voter_2  (cost=0.00..9980.58 rows=37651 width=4)
Nested Loop  (cost=1000.00..84529.97 rows=61847 width=3)
Nested Loop  (cost=1000.00..78990.15 rows=11485 width=3)
Seq Scan on voter_2  (cost=0.00..9980.58 rows=44052 width=4)
Seq Scan on voter_2  (cost=0.00..9980.58 rows=109066 width=4)
Nested Loop  (cost=1000.00..80691.08 rows=26948 width=3)
Nested Loop  (cost=1000.00..84262.78 rows=59418 width=3)
Seq Scan on voter_2  (cost=0.00..9980.58 rows=44052 width=4)
Seq Scan on voter_2  (cost=0.00..9980.58 rows=37517 width=4)
Nested Loop  (cost=1000.00..78990.15 rows=11485 width=3)
Seq Scan on voter_2  (cost=0.00..9980.58 rows=32658 width=4)
Seq Scan on voter_2  (cost=0.00..9980.58 rows=31351 width=4)
Nested Loop  (cost=1000.00..84238.47 rows=59197 width=3)
Nested Loop  (cost=1000.00..78990.15 rows=11485 width=3)
Seq Scan on voter_2  (cost=0.00..9980.58 rows=44052 width=4)
Seq Scan on voter_2  (cost=0.00..9980.58 rows=37651 width=4)
Nested Loop  (cost=1000.00..78990.15 rows=11485 width=3)
Nested Loop  (cost=1000.00..78990.15 rows=11485 width=3)
Nested Loop  (cost=1000.00..85210.32 rows=68032 width=3)
Seq Scan on voter_2  (cost=0.00..9980.58 rows=34183 width=4)
Seq Scan on voter_2  (cost=0.00..9980.58 rows=44052 width=4)
Nested Loop  (cost=1000.00..78990.15 rows=11485 width=3)
Nested Loop  (cost=1000.00..83120.76 rows=49036 width=3)
Seq Scan on voter_2  (cost=0.00..9980.58 rows=73074 width=4)
Seq Scan on voter_2  (cost=0.00..9980.58 rows=109066 width=4)
Nested Loop  (cost=1000.00..78990.15 rows=11485 width=3)
Seq Scan on voter_2  (cost=0.00..9980.58 rows=32474 width=4)
Nested Loop  (cost=1000.00..78990.15 rows=11485 width=3)
Nested Loop  (cost=1000.00..81371.32 rows=33132 width=3)
Nested Loop  (cost=1000.00..78990.15 rows=11485 width=3)
Seq Scan on voter_2  (cost=0.00..9980.58 rows=109066 width=4)
Seq Scan on voter_2  (cost=0.00..9980.58 rows=34183 width=4)
Seq Scan on voter_2  (cost=0.00..9980.58 rows=44052 width=4)
Seq Scan on voter_2  (cost=0.00..9980.58 rows=34183 width=4)
Seq Scan on voter_2  (cost=0.00..9980.58 rows=37517 width=4)
Seq Scan on voter_2  (cost=0.00..9980.58 rows=32658 width=4)
Nested Loop  (cost=1000.00..78990.15 rows=11485 width=3)
Nested Loop  (cost=1000.00..78990.15 rows=11485 width=3)
Nested Loop  (cost=1000.00..78990.15 rows=11485 width=3)
Nested Loop  (cost=1000.00..80472.40 rows=24960 width=3)
Seq Scan on voter_2  (cost=0.00..9980.58 rows=35808 width=4)
Nested Loop  (cost=1000.00..82416.10 rows=42630 width=3)
Nested Loop  (cost=1000.00..84019.79 rows=57209 width=3)
Seq Scan on voter_2  (cost=0.00..9980.58 rows=109066 width=4)
Seq Scan on voter_2  (cost=0.00..9980.58 rows=109066 width=4)
Nested Loop  (cost=1000.00..78990.15 rows=11485 width=3)
Seq Scan on voter_2  (cost=0.00..9980.58 rows=109066 width=4)
Nested Loop  (cost=1000.00..78990.15 rows=11485 width=3)
Seq Scan on voter_2  (cost=0.00..9980.58 rows=32474 width=4)
Seq Scan on voter_2  (cost=0.00..9980.58 rows=37517 width=4)
Nested Loop  (cost=1000.00..78990.15 rows=11485 width=3)
Seq Scan on voter_2  (cost=0.00..9980.58 rows=109066 width=4)
Nested Loop  (cost=1000.00..78990.15 rows=11485 width=3)
Nested Loop  (cost=1000.00..78990.15 rows=11485 width=3)
Nested Loop  (cost=1000.00..78990.15 rows=11485 width=3)
Nested Loop  (cost=1000.00..81614.31 rows=35341 width=3)
Seq Scan on voter_2  (cost=0.00..9980.58 rows=31351 width=4)
Seq Scan on voter_2  (cost=0.00..9980.58 rows=37517 width=4)
Nested Loop  (cost=1000.00..80569.53 rows=25843 width=3)
Seq Scan on voter_2  (cost=0.00..9980.58 rows=31351 width=4)
Seq Scan on voter_2  (cost=0.00..9980.58 rows=32474 width=4)
Seq Scan on voter_2  (cost=0.00..9980.58 rows=73074 width=4)
Nested Loop  (cost=1000.00..81249.88 rows=32028 width=3)
Nested Loop  (cost=1000.00..78990.15 rows=11485 width=3)
Seq Scan on voter_2  (cost=0.00..9980.58 rows=34853 width=4)
Nested Loop  (cost=1000.00..78990.15 rows=11485 width=3)
Seq Scan on voter_2  (cost=0.00..9980.58 rows=34183 width=4)
Nested Loop  (cost=1000.00..78990.15 rows=11485 width=3)
Seq Scan on voter_2  (cost=0.00..9980.58 rows=73074 width=4)
Nested Loop  (cost=1000.00..78990.15 rows=11485 width=3)
Seq Scan on voter_2  (cost=0.00..9980.58 rows=109066 width=4)
Nested Loop  (cost=1000.00..80982.58 rows=29598 width=3)
Nested Loop  (cost=1000.00..78990.15 rows=11485 width=3)
Nested Loop  (cost=1000.00..78990.15 rows=11485 width=3)
Seq Scan on voter_2  (cost=0.00..9980.58 rows=31351 width=4)
Seq Scan on voter_2  (cost=0.00..9980.58 rows=34183 width=4)
Nested Loop  (cost=1000.00..78990.15 rows=11485 width=3)
Seq Scan on voter_2  (cost=0.00..9980.58 rows=73074 width=4)
Seq Scan on voter_2  (cost=0.00..9980.58 rows=73074 width=4)
Nested Loop  (cost=1000.00..78990.15 rows=11485 width=3)
Seq Scan on voter_2  (cost=0.00..9980.58 rows=31351 width=4)
Nested Loop  (cost=1000.00..78990.15 rows=11485 width=3)
Nested Loop  (cost=1000.00..82416.10 rows=42630 width=3)
Seq Scan on voter_2  (cost=0.00..9980.58 rows=37651 width=4)
Nested Loop  (cost=1000.00..80861.14 rows=28494 width=3)
Seq Scan on voter_2  (cost=0.00..9980.58 rows=109066 width=4)
Seq Scan on voter_2  (cost=0.00..9980.58 rows=37517 width=4)
Seq Scan on voter_2  (cost=0.00..9980.58 rows=31351 width=4)
Seq Scan on voter_2  (cost=0.00..9980.58 rows=34853 width=4)
Seq Scan on voter_2  (cost=0.00..9980.58 rows=109066 width=4)
Nested Loop  (cost=1000.00..84165.54 rows=58534 width=3)
Nested Loop  (cost=1000.00..78990.15 rows=11485 width=3)
Seq Scan on voter_2  (cost=0.00..9980.58 rows=34183 width=4)
Nested Loop  (cost=1000.00..78990.15 rows=11485 width=3)
Nested Loop  (cost=1000.00..78990.15 rows=11485 width=3)
Nested Loop  (cost=1000.00..78990.15 rows=11485 width=3)
Nested Loop  (cost=1000.00..78990.15 rows=11485 width=3)
Nested Loop  (cost=1000.00..78990.15 rows=11485 width=3)
Nested Loop  (cost=1000.00..84238.47 rows=59197 width=3)
Seq Scan on voter_2  (cost=0.00..9980.58 rows=109066 width=4)
Seq Scan on voter_2  (cost=0.00..9980.58 rows=35808 width=4)
Seq Scan on voter_2  (cost=0.00..9980.58 rows=73074 width=4)
Seq Scan on voter_2  (cost=0.00..9980.58 rows=37517 width=4)
Nested Loop  (cost=1000.00..83995.48 rows=56988 width=3)
Nested Loop  (cost=1000.00..78990.15 rows=11485 width=3)
Nested Loop  (cost=1000.00..80399.47 rows=24297 width=3)
Nested Loop  (cost=1000.00..78990.15 rows=11485 width=3)
Seq Scan on voter_2  (cost=0.00..9980.58 rows=44052 width=4)
Seq Scan on voter_2  (cost=0.00..9980.58 rows=109066 width=4)
Seq Scan on voter_2  (cost=0.00..9980.58 rows=109066 width=4)
Seq Scan on voter_2  (cost=0.00..9980.58 rows=32474 width=4)
Nested Loop  (cost=1000.00..78990.15 rows=11485 width=3)
Nested Loop  (cost=1000.00..85210.32 rows=68032 width=3)
Nested Loop  (cost=1000.00..78990.15 rows=11485 width=3)
Nested Loop  (cost=1000.00..78990.15 rows=11485 width=3)
Seq Scan on voter_2  (cost=0.00..9980.58 rows=32658 width=4)
Seq Scan on voter_2  (cost=0.00..9980.58 rows=34183 width=4)
Seq Scan on voter_2  (cost=0.00..9980.58 rows=109066 width=4)
Seq Scan on voter_2  (cost=0.00..9980.58 rows=109066 width=4)
Seq Scan on voter_2  (cost=0.00..9980.58 rows=109066 width=4)
Seq Scan on voter_2  (cost=0.00..9980.58 rows=35808 width=4)
Nested Loop  (cost=1000.00..78990.15 rows=11485 width=3)
Nested Loop  (cost=1000.00..78990.15 rows=11485 width=3)
Nested Loop  (cost=1000.00..80909.76 rows=28936 width=3)
Nested Loop  (cost=1000.00..82075.98 rows=39538 width=3)
Nested Loop  (cost=1000.00..85210.32 rows=68032 width=3)
Nested Loop  (cost=1000.00..78990.15 rows=11485 width=3)
Seq Scan on voter_2  (cost=0.00..9980.58 rows=35808 width=4)
Seq Scan on voter_2  (cost=0.00..9980.58 rows=34853 width=4)
Seq Scan on voter_2  (cost=0.00..9980.58 rows=44052 width=4)
Seq Scan on voter_2  (cost=0.00..9980.58 rows=73074 width=4)
Seq Scan on voter_2  (cost=0.00..9980.58 rows=32474 width=4)
Seq Scan on voter_2  (cost=0.00..9980.58 rows=109066 width=4)
Seq Scan on voter_2  (cost=0.00..9980.58 rows=35808 width=4)
Nested Loop  (cost=1000.00..80521.02 rows=25402 width=3)
Nested Loop  (cost=1000.00..80399.47 rows=24297 width=3)
Nested Loop  (cost=1000.00..82100.29 rows=39759 width=3)
Nested Loop  (cost=1000.00..78990.15 rows=11485 width=3)
Nested Loop  (cost=1000.00..78990.15 rows=11485 width=3)
Nested Loop  (cost=1000.00..78990.15 rows=11485 width=3)
Nested Loop  (cost=1000.00..78990.15 rows=11485 width=3)
Seq Scan on voter_2  (cost=0.00..9980.58 rows=34183 width=4)
Seq Scan on voter_2  (cost=0.00..9980.58 rows=32474 width=4)
Seq Scan on voter_2  (cost=0.00..9980.58 rows=109066 width=4)
Seq Scan on voter_2  (cost=0.00..9980.58 rows=44052 width=4)
Seq Scan on voter_2  (cost=0.00..9980.58 rows=32658 width=4)
Nested Loop  (cost=1000.00..78990.15 rows=11485 width=3)
Nested Loop  (cost=1000.00..83752.49 rows=54779 width=3)
Nested Loop  (cost=1000.00..82829.15 rows=46385 width=3)
Nested Loop  (cost=1000.00..78990.15 rows=11485 width=3)
Nested Loop  (cost=1000.00..78990.15 rows=11485 width=3)
Seq Scan on voter_2  (cost=0.00..9980.58 rows=37651 width=4)
Seq Scan on voter_2  (cost=0.00..9980.58 rows=44052 width=4)
Seq Scan on voter_2  (cost=0.00..9980.58 rows=73074 width=4)
Seq Scan on voter_2  (cost=0.00..9980.58 rows=34853 width=4)
Seq Scan on voter_2  (cost=0.00..9980.58 rows=35808 width=4)
Nested Loop  (cost=1000.00..78990.15 rows=11485 width=3)
Nested Loop  (cost=1000.00..78990.15 rows=11485 width=3)
Nested Loop  (cost=1000.00..82318.97 rows=41747 width=3)
Nested Loop  (cost=1000.00..82294.66 rows=41526 width=3)
Nested Loop  (cost=1000.00..78990.15 rows=11485 width=3)
Seq Scan on voter_2  (cost=0.00..9980.58 rows=35808 width=4)
Seq Scan on voter_2  (cost=0.00..9980.58 rows=37517 width=4)
Seq Scan on voter_2  (cost=0.00..9980.58 rows=44052 width=4)
Seq Scan on voter_2  (cost=0.00..9980.58 rows=31351 width=4)
Seq Scan on voter_2  (cost=0.00..9980.58 rows=73074 width=4)
Seq Scan on voter_2  (cost=0.00..9980.58 rows=44052 width=4)
Seq Scan on voter_2  (cost=0.00..9980.58 rows=73074 width=4)
Seq Scan on voter_2  (cost=0.00..9980.58 rows=109066 width=4)
Seq Scan on voter_2  (cost=0.00..9980.58 rows=109066 width=4)
Nested Loop  (cost=1000.00..78990.15 rows=11485 width=3)
Nested Loop  (cost=1000.00..78990.15 rows=11485 width=3)
Nested Loop  (cost=1000.00..78990.15 rows=11485 width=3)
Nested Loop  (cost=1000.00..84092.61 rows=57871 width=3)
Nested Loop  (cost=1000.00..81201.26 rows=31586 width=3)
Nested Loop  (cost=1000.00..78990.15 rows=11485 width=3)
Nested Loop  (cost=1000.00..78990.15 rows=11485 width=3)
Seq Scan on voter_2  (cost=0.00..9980.58 rows=32474 width=4)
Nested Loop  (cost=1000.00..82610.58 rows=44398 width=3)
Nested Loop  (cost=1000.00..78990.15 rows=11485 width=3)
Nested Loop  (cost=1000.00..84724.34 rows=63614 width=3)
Seq Scan on voter_2  (cost=0.00..9980.58 rows=35808 width=4)
Seq Scan on voter_2  (cost=0.00..9980.58 rows=44052 width=4)
Seq Scan on voter_2  (cost=0.00..9980.58 rows=109066 width=4)
Seq Scan on voter_2  (cost=0.00..9980.58 rows=37517 width=4)
Seq Scan on voter_2  (cost=0.00..9980.58 rows=73074 width=4)
Nested Loop  (cost=1000.00..78990.15 rows=11485 width=3)
Seq Scan on voter_2  (cost=0.00..9980.58 rows=109066 width=4)
Nested Loop  (cost=1000.00..78990.15 rows=11485 width=3)
Nested Loop  (cost=1000.00..78990.15 rows=11485 width=3)
Seq Scan on voter_2  (cost=0.00..9980.58 rows=37651 width=4)
Seq Scan on voter_2  (cost=0.00..9980.58 rows=35808 width=4)
Nested Loop  (cost=1000.00..81395.63 rows=33353 width=3)
Nested Loop  (cost=1000.00..78990.15 rows=11485 width=3)
Nested Loop  (cost=1000.00..78990.15 rows=11485 width=3)
Gather  (cost=1000.00..7315.26 rows=1 width=4)
Nested Loop  (cost=1000.00..78990.15 rows=11485 width=3)
Seq Scan on voter_2  (cost=0.00..9980.58 rows=31351 width=4)
Nested Loop  (cost=1000.00..80788.21 rows=27831 width=3)
Seq Scan on voter_2  (cost=0.00..9980.58 rows=32658 width=4)
Nested Loop  (cost=1000.00..78990.15 rows=11485 width=3)
Seq Scan on voter_2  (cost=0.00..9980.58 rows=32474 width=4)
Seq Scan on voter_2  (cost=0.00..9980.58 rows=44052 width=4)
Seq Scan on voter_2  (cost=0.00..9980.58 rows=34853 width=4)
Seq Scan on voter_2  (cost=0.00..9980.58 rows=109066 width=4)
Seq Scan on voter_2  (cost=0.00..9980.58 rows=34853 width=4)
Nested Loop  (cost=1000.00..78990.15 rows=11485 width=3)
Nested Loop  (cost=1000.00..80593.84 rows=26064 width=3)
Nested Loop  (cost=1000.00..78990.15 rows=11485 width=3)
Seq Scan on voter_2  (cost=0.00..9980.58 rows=35808 width=4)
Nested Loop  (cost=1000.00..78990.15 rows=11485 width=3)
Nested Loop  (cost=1000.00..80472.40 rows=24960 width=3)
Seq Scan on voter_2  (cost=0.00..9980.58 rows=32474 width=4)
Seq Scan on voter_2  (cost=0.00..9980.58 rows=31351 width=4)
Nested Loop  (cost=1000.00..78990.15 rows=11485 width=3)
Nested Loop  (cost=1000.00..78990.15 rows=11485 width=3)
Nested Loop  (cost=1000.00..81978.85 rows=38655 width=3)
Seq Scan on voter_2  (cost=0.00..9980.58 rows=73074 width=4)
Seq Scan on voter_2  (cost=0.00..9980.58 rows=109066 width=4)
Nested Loop  (cost=1000.00..80763.90 rows=27610 width=3)
Seq Scan on voter_2  (cost=0.00..9980.58 rows=37651 width=4)
Seq Scan on voter_2  (cost=0.00..9980.58 rows=73074 width=4)
Seq Scan on voter_2  (cost=0.00..9980.58 rows=35808 width=4)
Nested Loop  (cost=1000.00..78990.15 rows=11485 width=3)
Seq Scan on voter_2  (cost=0.00..9980.58 rows=32474 width=4)
Nested Loop  (cost=1000.00..78990.15 rows=11485 width=3)
Nested Loop  (cost=1000.00..82489.03 rows=43293 width=3)
Nested Loop  (cost=1000.00..78990.15 rows=11485 width=3)
Nested Loop  (cost=1000.00..78990.15 rows=11485 width=3)
Seq Scan on voter_2  (cost=0.00..9980.58 rows=32474 width=4)
Seq Scan on voter_2  (cost=0.00..9980.58 rows=73074 width=4)
Seq Scan on voter_2  (cost=0.00..9980.58 rows=35808 width=4)
Nested Loop  (cost=1000.00..78990.15 rows=11485 width=3)
Seq Scan on voter_2  (cost=0.00..9980.58 rows=73074 width=4)
Nested Loop  (cost=1000.00..78990.15 rows=11485 width=3)
Nested Loop  (cost=1000.00..82124.60 rows=39980 width=3)
Nested Loop  (cost=1000.00..80496.71 rows=25181 width=3)
Seq Scan on voter_2  (cost=0.00..9980.58 rows=34183 width=4)
Nested Loop  (cost=1000.00..78990.15 rows=11485 width=3)
Seq Scan on voter_2  (cost=0.00..9980.58 rows=109066 width=4)
Seq Scan on voter_2  (cost=0.00..9980.58 rows=37651 width=4)
Seq Scan on voter_2  (cost=0.00..9980.58 rows=35808 width=4)
Seq Scan on voter_2  (cost=0.00..9980.58 rows=34183 width=4)
Nested Loop  (cost=1000.00..82756.33 rows=45723 width=3)
Nested Loop  (cost=1000.00..78990.15 rows=11485 width=3)
Nested Loop  (cost=1000.00..78990.15 rows=11485 width=3)
Nested Loop  (cost=1000.00..81249.88 rows=32028 width=3)
Nested Loop  (cost=1000.00..78990.15 rows=11485 width=3)
Seq Scan on voter_2  (cost=0.00..9980.58 rows=73074 width=4)
Nested Loop  (cost=1000.00..78990.15 rows=11485 width=3)
Seq Scan on voter_2  (cost=0.00..9980.58 rows=44052 width=4)
Seq Scan on voter_2  (cost=0.00..9980.58 rows=73074 width=4)
Nested Loop  (cost=1000.00..78990.15 rows=11485 width=3)
Seq Scan on voter_2  (cost=0.00..9980.58 rows=35808 width=4)
Seq Scan on voter_2  (cost=0.00..9980.58 rows=73074 width=4)
Seq Scan on voter_2  (cost=0.00..9980.58 rows=32474 width=4)
Nested Loop  (cost=1000.00..78990.15 rows=11485 width=3)
Seq Scan on voter_2  (cost=0.00..9980.58 rows=109066 width=4)
Seq Scan on voter_2  (cost=0.00..9980.58 rows=35808 width=4)
Seq Scan on voter_2  (cost=0.00..9980.58 rows=34853 width=4)
Seq Scan on voter_2  (cost=0.00..9980.58 rows=35808 width=4)
Nested Loop  (cost=1000.00..80691.08 rows=26948 width=3)
Nested Loop  (cost=1000.00..78990.15 rows=11485 width=3)
Nested Loop  (cost=1000.00..84092.61 rows=57871 width=3)
Nested Loop  (cost=1000.00..80836.83 rows=28273 width=3)
Nested Loop  (cost=1000.00..78990.15 rows=11485 width=3)
Seq Scan on voter_2  (cost=0.00..9980.58 rows=32474 width=4)
Nested Loop  (cost=1000.00..78990.15 rows=11485 width=3)
Seq Scan on voter_2  (cost=0.00..9980.58 rows=34183 width=4)
Nested Loop  (cost=1000.00..78990.15 rows=11485 width=3)
Nested Loop  (cost=1000.00..78990.15 rows=11485 width=3)
Seq Scan on voter_2  (cost=0.00..9980.58 rows=37651 width=4)
Nested Loop  (cost=1000.00..84724.34 rows=63614 width=3)
Seq Scan on voter_2  (cost=0.00..9980.58 rows=73074 width=4)
Seq Scan on voter_2  (cost=0.00..9980.58 rows=109066 width=4)
Seq Scan on voter_2  (cost=0.00..9980.58 rows=73074 width=4)
Nested Loop  (cost=1000.00..82367.59 rows=42189 width=3)
Nested Loop  (cost=1000.00..78990.15 rows=11485 width=3)
Seq Scan on voter_2  (cost=0.00..9980.58 rows=37517 width=4)
Nested Loop  (cost=1000.00..78990.15 rows=11485 width=3)
Nested Loop  (cost=1000.00..78990.15 rows=11485 width=3)
Seq Scan on voter_2  (cost=0.00..9980.58 rows=44052 width=4)
Seq Scan on voter_2  (cost=0.00..9980.58 rows=35808 width=4)
Nested Loop  (cost=1000.00..78990.15 rows=11485 width=3)
Nested Loop  (cost=1000.00..84262.78 rows=59418 width=3)
Seq Scan on voter_2  (cost=0.00..9980.58 rows=34183 width=4)
Seq Scan on voter_2  (cost=0.00..9980.58 rows=34853 width=4)
Seq Scan on voter_2  (cost=0.00..9980.58 rows=73074 width=4)
Nested Loop  (cost=1000.00..78990.15 rows=11485 width=3)
Seq Scan on voter_2  (cost=0.00..9980.58 rows=73074 width=4)
Seq Scan on voter_2  (cost=0.00..9980.58 rows=109066 width=4)
Seq Scan on voter_2  (cost=0.00..9980.58 rows=37651 width=4)
Seq Scan on voter_2  (cost=0.00..9980.58 rows=35808 width=4)
Seq Scan on voter_2  (cost=0.00..9980.58 rows=31351 width=4)
Nested Loop  (cost=1000.00..78990.15 rows=11485 width=3)
Nested Loop  (cost=1000.00..83752.49 rows=54779 width=3)
Nested Loop  (cost=1000.00..83995.48 rows=56988 width=3)
Nested Loop  (cost=1000.00..78990.15 rows=11485 width=3)
Nested Loop  (cost=1000.00..78990.15 rows=11485 width=3)
Nested Loop  (cost=1000.00..78990.15 rows=11485 width=3)
Seq Scan on voter_2  (cost=0.00..9980.58 rows=34183 width=4)
Nested Loop  (cost=1000.00..78990.15 rows=11485 width=3)
Seq Scan on voter_2  (cost=0.00..9980.58 rows=32474 width=4)
Gather  (cost=1000.00..7315.26 rows=1 width=4)
Nested Loop  (cost=1000.00..78990.15 rows=11485 width=3)
Nested Loop  (cost=1000.00..84262.78 rows=59418 width=3)
Seq Scan on voter_2  (cost=0.00..9980.58 rows=109066 width=4)
Nested Loop  (cost=1000.00..78990.15 rows=11485 width=3)
Seq Scan on voter_2  (cost=0.00..9980.58 rows=109066 width=4)
Seq Scan on voter_2  (cost=0.00..9980.58 rows=44052 width=4)
Nested Loop  (cost=1000.00..78990.15 rows=11485 width=3)
Seq Scan on voter_2  (cost=0.00..9980.58 rows=44052 width=4)
Seq Scan on voter_2  (cost=0.00..9980.58 rows=35808 width=4)
Nested Loop  (cost=1000.00..84311.29 rows=59859 width=3)
Seq Scan on voter_2  (cost=0.00..9980.58 rows=32474 width=4)
Nested Loop  (cost=1000.00..80836.83 rows=28273 width=3)
Nested Loop  (cost=1000.00..78990.15 rows=11485 width=3)
Seq Scan on voter_2  (cost=0.00..9980.58 rows=44052 width=4)
Nested Loop  (cost=1000.00..80982.58 rows=29598 width=3)
Nested Loop  (cost=1000.00..78990.15 rows=11485 width=3)
Nested Loop  (cost=1000.00..80423.78 rows=24518 width=3)
Seq Scan on voter_2  (cost=0.00..9980.58 rows=34853 width=4)
Nested Loop  (cost=1000.00..78990.15 rows=11485 width=3)
Seq Scan on voter_2  (cost=0.00..9980.58 rows=35808 width=4)
Seq Scan on voter_2  (cost=0.00..9980.58 rows=109066 width=4)
Seq Scan on voter_2  (cost=0.00..9980.58 rows=73074 width=4)
Nested Loop  (cost=1000.00..78990.15 rows=11485 width=3)
Seq Scan on voter_2  (cost=0.00..9980.58 rows=73074 width=4)
Seq Scan on voter_2  (cost=0.00..9980.58 rows=109066 width=4)
Nested Loop  (cost=1000.00..83703.87 rows=54337 width=3)
Nested Loop  (cost=1000.00..78990.15 rows=11485 width=3)
Seq Scan on voter_2  (cost=0.00..9980.58 rows=32658 width=4)
Nested Loop  (cost=1000.00..78990.15 rows=11485 width=3)
Nested Loop  (cost=1000.00..78990.15 rows=11485 width=3)
Seq Scan on voter_2  (cost=0.00..9980.58 rows=73074 width=4)
Nested Loop  (cost=1000.00..78990.15 rows=11485 width=3)
Nested Loop  (cost=1000.00..83898.24 rows=56104 width=3)
Seq Scan on voter_2  (cost=0.00..9980.58 rows=37651 width=4)
Seq Scan on voter_2  (cost=0.00..9980.58 rows=32658 width=4)
Seq Scan on voter_2  (cost=0.00..9980.58 rows=32474 width=4)
Seq Scan on voter_2  (cost=0.00..9980.58 rows=32474 width=4)
Nested Loop  (cost=1000.00..78990.15 rows=11485 width=3)
Seq Scan on voter_2  (cost=0.00..9980.58 rows=37517 width=4)
Seq Scan on voter_2  (cost=0.00..9980.58 rows=44052 width=4)
Nested Loop  (cost=1000.00..82221.73 rows=40863 width=3)
Nested Loop  (cost=1000.00..82051.67 rows=39317 width=3)
Seq Scan on voter_2  (cost=0.00..9980.58 rows=37517 width=4)
Nested Loop  (cost=1000.00..78990.15 rows=11485 width=3)
Nested Loop  (cost=1000.00..78990.15 rows=11485 width=3)
Nested Loop  (cost=1000.00..78990.15 rows=11485 width=3)
Seq Scan on voter_2  (cost=0.00..9980.58 rows=44052 width=4)
Seq Scan on voter_2  (cost=0.00..9980.58 rows=109066 width=4)
Seq Scan on voter_2  (cost=0.00..9980.58 rows=34853 width=4)
Nested Loop  (cost=1000.00..78990.15 rows=11485 width=3)
Nested Loop  (cost=1000.00..78990.15 rows=11485 width=3)
Nested Loop  (cost=1000.00..78990.15 rows=11485 width=3)
Seq Scan on voter_2  (cost=0.00..9980.58 rows=35808 width=4)
Seq Scan on voter_2  (cost=0.00..9980.58 rows=37651 width=4)
Seq Scan on voter_2  (cost=0.00..9980.58 rows=32658 width=4)
Seq Scan on voter_2  (cost=0.00..9980.58 rows=35808 width=4)
Nested Loop  (cost=1000.00..84238.47 rows=59197 width=3)
Nested Loop  (cost=1000.00..80521.02 rows=25402 width=3)
Seq Scan on voter_2  (cost=0.00..9980.58 rows=109066 width=4)
Nested Loop  (cost=1000.00..80448.09 rows=24739 width=3)
Seq Scan on voter_2  (cost=0.00..9980.58 rows=31351 width=4)
Seq Scan on voter_2  (cost=0.00..9980.58 rows=34853 width=4)
Nested Loop  (cost=1000.00..78990.15 rows=11485 width=3)
Nested Loop  (cost=1000.00..80861.14 rows=28494 width=3)
Seq Scan on voter_2  (cost=0.00..9980.58 rows=73074 width=4)
Nested Loop  (cost=1000.00..78990.15 rows=11485 width=3)
Seq Scan on voter_2  (cost=0.00..9980.58 rows=32658 width=4)
Nested Loop  (cost=1000.00..81347.12 rows=32912 width=3)
Seq Scan on voter_2  (cost=0.00..9980.58 rows=109066 width=4)
Seq Scan on voter_2  (cost=0.00..9980.58 rows=73074 width=4)
Nested Loop  (cost=1000.00..80399.47 rows=24297 width=3)
Seq Scan on voter_2  (cost=0.00..9980.58 rows=44052 width=4)
Nested Loop  (cost=1000.00..80545.22 rows=25622 width=3)
Seq Scan on voter_2  (cost=0.00..9980.58 rows=31351 width=4)
Nested Loop  (cost=1000.00..82610.58 rows=44398 width=3)
Nested Loop  (cost=1000.00..78990.15 rows=11485 width=3)
Seq Scan on voter_2  (cost=0.00..9980.58 rows=109066 width=4)
Nested Loop  (cost=1000.00..78990.15 rows=11485 width=3)
Nested Loop  (cost=1000.00..78990.15 rows=11485 width=3)
Nested Loop  (cost=1000.00..78990.15 rows=11485 width=3)
Nested Loop  (cost=1000.00..78990.15 rows=11485 width=3)
Seq Scan on voter_2  (cost=0.00..9980.58 rows=32658 width=4)
Seq Scan on voter_2  (cost=0.00..9980.58 rows=37651 width=4)
Seq Scan on voter_2  (cost=0.00..9980.58 rows=34183 width=4)
Seq Scan on voter_2  (cost=0.00..9980.58 rows=32658 width=4)
Nested Loop  (cost=1000.00..78990.15 rows=11485 width=3)
Seq Scan on voter_2  (cost=0.00..9980.58 rows=73074 width=4)
Seq Scan on voter_2  (cost=0.00..9980.58 rows=32474 width=4)
Nested Loop  (cost=1000.00..78990.15 rows=11485 width=3)
Seq Scan on voter_2  (cost=0.00..9980.58 rows=44052 width=4)
Nested Loop  (cost=1000.00..82343.28 rows=41968 width=3)
Nested Loop  (cost=1000.00..78990.15 rows=11485 width=3)
Seq Scan on voter_2  (cost=0.00..9980.58 rows=31351 width=4)
Nested Loop  (cost=1000.00..78990.15 rows=11485 width=3)
Nested Loop  (cost=1000.00..81905.92 rows=37992 width=3)
Nested Loop  (cost=1000.00..78990.15 rows=11485 width=3)
Seq Scan on voter_2  (cost=0.00..9980.58 rows=35808 width=4)
Seq Scan on voter_2  (cost=0.00..9980.58 rows=32474 width=4)
Nested Loop  (cost=1000.00..78990.15 rows=11485 width=3)
Seq Scan on voter_2  (cost=0.00..9980.58 rows=35808 width=4)
Nested Loop  (cost=1000.00..78990.15 rows=11485 width=3)
Seq Scan on voter_2  (cost=0.00..9980.58 rows=73074 width=4)
Seq Scan on voter_2  (cost=0.00..9980.58 rows=73074 width=4)
Seq Scan on voter_2  (cost=0.00..9980.58 rows=34853 width=4)
Seq Scan on voter_2  (cost=0.00..9980.58 rows=109066 width=4)
Nested Loop  (cost=1000.00..78990.15 rows=11485 width=3)
Nested Loop  (cost=1000.00..80788.21 rows=27831 width=3)
Nested Loop  (cost=1000.00..78990.15 rows=11485 width=3)
Seq Scan on voter_2  (cost=0.00..9980.58 rows=37651 width=4)
Seq Scan on voter_2  (cost=0.00..9980.58 rows=34853 width=4)
Nested Loop  (cost=1000.00..78990.15 rows=11485 width=3)
Nested Loop  (cost=1000.00..78990.15 rows=11485 width=3)
Seq Scan on voter_2  (cost=0.00..9980.58 rows=73074 width=4)
Nested Loop  (cost=1000.00..78990.15 rows=11485 width=3)
Nested Loop  (cost=1000.00..78990.15 rows=11485 width=3)
Nested Loop  (cost=1000.00..83873.93 rows=55883 width=3)
Nested Loop  (cost=1000.00..78990.15 rows=11485 width=3)
Seq Scan on voter_2  (cost=0.00..9980.58 rows=109066 width=4)
Seq Scan on voter_2  (cost=0.00..9980.58 rows=44052 width=4)
Nested Loop  (cost=1000.00..78990.15 rows=11485 width=3)
Nested Loop  (cost=1000.00..80423.78 rows=24518 width=3)
Seq Scan on voter_2  (cost=0.00..9980.58 rows=34183 width=4)
Seq Scan on voter_2  (cost=0.00..9980.58 rows=109066 width=4)
Seq Scan on voter_2  (cost=0.00..9980.58 rows=34183 width=4)
Seq Scan on voter_2  (cost=0.00..9980.58 rows=31351 width=4)
Seq Scan on voter_2  (cost=0.00..9980.58 rows=31351 width=4)
Seq Scan on voter_2  (cost=0.00..9980.58 rows=32474 width=4)
Seq Scan on voter_2  (cost=0.00..9980.58 rows=37651 width=4)
Nested Loop  (cost=1000.00..80545.22 rows=25622 width=3)
Nested Loop  (cost=1000.00..78990.15 rows=11485 width=3)
Seq Scan on voter_2  (cost=0.00..9980.58 rows=32658 width=4)
Nested Loop  (cost=1000.00..80982.58 rows=29598 width=3)
Nested Loop  (cost=1000.00..78990.15 rows=11485 width=3)
Nested Loop  (cost=1000.00..82902.08 rows=47048 width=3)
Nested Loop  (cost=1000.00..78990.15 rows=11485 width=3)
Nested Loop  (cost=1000.00..78990.15 rows=11485 width=3)
Seq Scan on voter_2  (cost=0.00..9980.58 rows=44052 width=4)
Seq Scan on voter_2  (cost=0.00..9980.58 rows=44052 width=4)
Nested Loop  (cost=1000.00..78990.15 rows=11485 width=3)
Nested Loop  (cost=1000.00..78990.15 rows=11485 width=3)
Nested Loop  (cost=1000.00..80521.02 rows=25402 width=3)
Seq Scan on voter_2  (cost=0.00..9980.58 rows=109066 width=4)
Seq Scan on voter_2  (cost=0.00..9980.58 rows=73074 width=4)
Seq Scan on voter_2  (cost=0.00..9980.58 rows=34183 width=4)
Nested Loop  (cost=1000.00..78990.15 rows=11485 width=3)
Nested Loop  (cost=1000.00..78990.15 rows=11485 width=3)
Nested Loop  (cost=1000.00..78990.15 rows=11485 width=3)
Seq Scan on voter_2  (cost=0.00..9980.58 rows=35808 width=4)
Seq Scan on voter_2  (cost=0.00..9980.58 rows=73074 width=4)
Nested Loop  (cost=1000.00..80788.21 rows=27831 width=3)
Nested Loop  (cost=1000.00..80788.21 rows=27831 width=3)
Seq Scan on voter_2  (cost=0.00..9980.58 rows=35808 width=4)
Nested Loop  (cost=1000.00..78990.15 rows=11485 width=3)
Seq Scan on voter_2  (cost=0.00..9980.58 rows=32658 width=4)
Seq Scan on voter_2  (cost=0.00..9980.58 rows=73074 width=4)
Seq Scan on voter_2  (cost=0.00..9980.58 rows=32474 width=4)
Seq Scan on voter_2  (cost=0.00..9980.58 rows=32474 width=4)
Seq Scan on voter_2  (cost=0.00..9980.58 rows=109066 width=4)
Seq Scan on voter_2  (cost=0.00..9980.58 rows=35808 width=4)
Seq Scan on voter_2  (cost=0.00..9980.58 rows=73074 width=4)
Seq Scan on voter_2  (cost=0.00..9980.58 rows=109066 width=4)
Nested Loop  (cost=1000.00..85088.88 rows=66928 width=3)
Nested Loop  (cost=1000.00..78990.15 rows=11485 width=3)
Nested Loop  (cost=1000.00..78990.15 rows=11485 width=3)
Seq Scan on voter_2  (cost=0.00..9980.58 rows=109066 width=4)
Nested Loop  (cost=1000.00..84092.61 rows=57871 width=3)
Nested Loop  (cost=1000.00..78990.15 rows=11485 width=3)
Nested Loop  (cost=1000.00..78990.15 rows=11485 width=3)
Seq Scan on voter_2  (cost=0.00..9980.58 rows=32474 width=4)
Seq Scan on voter_2  (cost=0.00..9980.58 rows=73074 width=4)
Seq Scan on voter_2  (cost=0.00..9980.58 rows=35808 width=4)
Nested Loop  (cost=1000.00..78990.15 rows=11485 width=3)
Nested Loop  (cost=1000.00..78990.15 rows=11485 width=3)
Seq Scan on voter_2  (cost=0.00..9980.58 rows=37651 width=4)
Nested Loop  (cost=1000.00..82100.29 rows=39759 width=3)
Nested Loop  (cost=1000.00..78990.15 rows=11485 width=3)
Nested Loop  (cost=1000.00..78990.15 rows=11485 width=3)
Seq Scan on voter_2  (cost=0.00..9980.58 rows=34853 width=4)
Nested Loop  (cost=1000.00..78990.15 rows=11485 width=3)
Nested Loop  (cost=1000.00..78990.15 rows=11485 width=3)
Seq Scan on voter_2  (cost=0.00..9980.58 rows=109066 width=4)
Seq Scan on voter_2  (cost=0.00..9980.58 rows=35808 width=4)
Seq Scan on voter_2  (cost=0.00..9980.58 rows=109066 width=4)
Seq Scan on voter_2  (cost=0.00..9980.58 rows=34183 width=4)
Nested Loop  (cost=1000.00..78990.15 rows=11485 width=3)
Seq Scan on voter_2  (cost=0.00..9980.58 rows=34183 width=4)
Nested Loop  (cost=1000.00..78990.15 rows=11485 width=3)
Nested Loop  (cost=1000.00..78990.15 rows=11485 width=3)
Nested Loop  (cost=1000.00..78990.15 rows=11485 width=3)
Nested Loop  (cost=1000.00..78990.15 rows=11485 width=3)
Seq Scan on voter_2  (cost=0.00..9980.58 rows=44052 width=4)
Nested Loop  (cost=1000.00..78990.15 rows=11485 width=3)
Seq Scan on voter_2  (cost=0.00..9980.58 rows=35808 width=4)
Nested Loop  (cost=1000.00..81614.31 rows=35341 width=3)
Nested Loop  (cost=1000.00..78990.15 rows=11485 width=3)
Seq Scan on voter_2  (cost=0.00..9980.58 rows=109066 width=4)
Nested Loop  (cost=1000.00..78990.15 rows=11485 width=3)
Seq Scan on voter_2  (cost=0.00..9980.58 rows=109066 width=4)
Nested Loop  (cost=1000.00..80472.40 rows=24960 width=3)
Seq Scan on voter_2  (cost=0.00..9980.58 rows=109066 width=4)
Seq Scan on voter_2  (cost=0.00..9980.58 rows=34853 width=4)
Seq Scan on voter_2  (cost=0.00..9980.58 rows=44052 width=4)
Seq Scan on voter_2  (cost=0.00..9980.58 rows=32658 width=4)
Seq Scan on voter_2  (cost=0.00..9980.58 rows=31351 width=4)
Nested Loop  (cost=1000.00..78990.15 rows=11485 width=3)
Nested Loop  (cost=1000.00..78990.15 rows=11485 width=3)
Nested Loop  (cost=1000.00..78990.15 rows=11485 width=3)
Nested Loop  (cost=1000.00..81104.13 rows=30703 width=3)
Seq Scan on voter_2  (cost=0.00..9980.58 rows=35808 width=4)
Seq Scan on voter_2  (cost=0.00..9980.58 rows=73074 width=4)
Seq Scan on voter_2  (cost=0.00..9980.58 rows=44052 width=4)
Seq Scan on voter_2  (cost=0.00..9980.58 rows=44052 width=4)
Seq Scan on voter_2  (cost=0.00..9980.58 rows=109066 width=4)
Nested Loop  (cost=1000.00..78990.15 rows=11485 width=3)
Nested Loop  (cost=1000.00..78990.15 rows=11485 width=3)
Seq Scan on voter_2  (cost=0.00..9980.58 rows=44052 width=4)
Nested Loop  (cost=1000.00..78990.15 rows=11485 width=3)
Seq Scan on voter_2  (cost=0.00..9980.58 rows=109066 width=4)
Seq Scan on voter_2  (cost=0.00..9980.58 rows=109066 width=4)
Seq Scan on voter_2  (cost=0.00..9980.58 rows=35808 width=4)
Nested Loop  (cost=1000.00..84335.60 rows=60080 width=3)
Nested Loop  (cost=1000.00..84286.98 rows=59638 width=3)
Nested Loop  (cost=1000.00..78990.15 rows=11485 width=3)
Nested Loop  (cost=1000.00..82586.27 rows=44177 width=3)
Nested Loop  (cost=1000.00..78990.15 rows=11485 width=3)
Nested Loop  (cost=1000.00..78990.15 rows=11485 width=3)
Nested Loop  (cost=1000.00..82100.29 rows=39759 width=3)
Seq Scan on voter_2  (cost=0.00..9980.58 rows=31351 width=4)
Seq Scan on voter_2  (cost=0.00..9980.58 rows=44052 width=4)
Seq Scan on voter_2  (cost=0.00..9980.58 rows=37651 width=4)
Seq Scan on voter_2  (cost=0.00..9980.58 rows=37517 width=4)
Nested Loop  (cost=1000.00..78990.15 rows=11485 width=3)
Seq Scan on voter_2  (cost=0.00..9980.58 rows=44052 width=4)
Nested Loop  (cost=1000.00..78990.15 rows=11485 width=3)
Seq Scan on voter_2  (cost=0.00..9980.58 rows=109066 width=4)
Nested Loop  (cost=1000.00..83388.06 rows=51466 width=3)
Seq Scan on voter_2  (cost=0.00..9980.58 rows=35808 width=4)
Seq Scan on voter_2  (cost=0.00..9980.58 rows=31351 width=4)
Seq Scan on voter_2  (cost=0.00..9980.58 rows=73074 width=4)
Nested Loop  (cost=1000.00..78990.15 rows=11485 width=3)
Nested Loop  (cost=1000.00..78990.15 rows=11485 width=3)
Seq Scan on voter_2  (cost=0.00..9980.58 rows=109066 width=4)
Nested Loop  (cost=1000.00..78990.15 rows=11485 width=3)
Nested Loop  (cost=1000.00..82416.10 rows=42630 width=3)
Nested Loop  (cost=1000.00..84262.78 rows=59418 width=3)
Nested Loop  (cost=1000.00..78990.15 rows=11485 width=3)
Nested Loop  (cost=1000.00..78990.15 rows=11485 width=3)
Seq Scan on voter_2  (cost=0.00..9980.58 rows=37517 width=4)
Seq Scan on voter_2  (cost=0.00..9980.58 rows=34853 width=4)
Seq Scan on voter_2  (cost=0.00..9980.58 rows=73074 width=4)
Seq Scan on voter_2  (cost=0.00..9980.58 rows=31351 width=4)
Seq Scan on voter_2  (cost=0.00..9980.58 rows=44052 width=4)
Seq Scan on voter_2  (cost=0.00..9980.58 rows=109066 width=4)
Seq Scan on voter_2  (cost=0.00..9980.58 rows=109066 width=4)
Nested Loop  (cost=1000.00..82489.03 rows=43293 width=3)
Nested Loop  (cost=1000.00..78990.15 rows=11485 width=3)
Seq Scan on voter_2  (cost=0.00..9980.58 rows=73074 width=4)
Nested Loop  (cost=1000.00..78990.15 rows=11485 width=3)
Nested Loop  (cost=1000.00..83873.93 rows=55883 width=3)
Nested Loop  (cost=1000.00..78990.15 rows=11485 width=3)
Nested Loop  (cost=1000.00..78990.15 rows=11485 width=3)
Nested Loop  (cost=1000.00..78990.15 rows=11485 width=3)
Seq Scan on voter_2  (cost=0.00..9980.58 rows=37517 width=4)
Nested Loop  (cost=1000.00..81978.85 rows=38655 width=3)
Nested Loop  (cost=1000.00..83460.88 rows=52128 width=3)
Seq Scan on voter_2  (cost=0.00..9980.58 rows=31351 width=4)
Seq Scan on voter_2  (cost=0.00..9980.58 rows=37651 width=4)
Seq Scan on voter_2  (cost=0.00..9980.58 rows=35808 width=4)
Seq Scan on voter_2  (cost=0.00..9980.58 rows=73074 width=4)
Seq Scan on voter_2  (cost=0.00..9980.58 rows=109066 width=4)
Seq Scan on voter_2  (cost=0.00..9980.58 rows=34853 width=4)
Nested Loop  (cost=1000.00..78990.15 rows=11485 width=3)
Seq Scan on voter_2  (cost=0.00..9980.58 rows=44052 width=4)
Seq Scan on voter_2  (cost=0.00..9980.58 rows=32474 width=4)
Nested Loop  (cost=1000.00..78990.15 rows=11485 width=3)
Nested Loop  (cost=1000.00..84116.92 rows=58092 width=3)
Nested Loop  (cost=1000.00..80399.47 rows=24297 width=3)
Nested Loop  (cost=1000.00..78990.15 rows=11485 width=3)
Nested Loop  (cost=1000.00..78990.15 rows=11485 width=3)
Seq Scan on voter_2  (cost=0.00..9980.58 rows=35808 width=4)
Nested Loop  (cost=1000.00..83922.55 rows=56325 width=3)
Nested Loop  (cost=1000.00..78990.15 rows=11485 width=3)
Seq Scan on voter_2  (cost=0.00..9980.58 rows=31351 width=4)
Seq Scan on voter_2  (cost=0.00..9980.58 rows=73074 width=4)
Seq Scan on voter_2  (cost=0.00..9980.58 rows=73074 width=4)
Seq Scan on voter_2  (cost=0.00..9980.58 rows=109066 width=4)
Seq Scan on voter_2  (cost=0.00..9980.58 rows=31351 width=4)
Seq Scan on voter_2  (cost=0.00..9980.58 rows=44052 width=4)
Nested Loop  (cost=1000.00..78990.15 rows=11485 width=3)
Seq Scan on voter_2  (cost=0.00..9980.58 rows=34183 width=4)
Seq Scan on voter_2  (cost=0.00..9980.58 rows=73074 width=4)
Nested Loop  (cost=1000.00..83703.87 rows=54337 width=3)
Nested Loop  (cost=1000.00..78990.15 rows=11485 width=3)
Nested Loop  (cost=1000.00..78990.15 rows=11485 width=3)
Nested Loop  (cost=1000.00..82829.15 rows=46385 width=3)
Nested Loop  (cost=1000.00..78990.15 rows=11485 width=3)
Nested Loop  (cost=1000.00..78990.15 rows=11485 width=3)
Nested Loop  (cost=1000.00..84311.29 rows=59859 width=3)
Nested Loop  (cost=1000.00..80472.40 rows=24960 width=3)
Seq Scan on voter_2  (cost=0.00..9980.58 rows=73074 width=4)
Nested Loop  (cost=1000.00..78990.15 rows=11485 width=3)
Seq Scan on voter_2  (cost=0.00..9980.58 rows=35808 width=4)
Nested Loop  (cost=1000.00..82416.10 rows=42630 width=3)
Seq Scan on voter_2  (cost=0.00..9980.58 rows=37517 width=4)
Seq Scan on voter_2  (cost=0.00..9980.58 rows=37651 width=4)
Seq Scan on voter_2  (cost=0.00..9980.58 rows=35808 width=4)
Seq Scan on voter_2  (cost=0.00..9980.58 rows=73074 width=4)
Nested Loop  (cost=1000.00..78990.15 rows=11485 width=3)
Seq Scan on voter_2  (cost=0.00..9980.58 rows=37651 width=4)
Seq Scan on voter_2  (cost=0.00..9980.58 rows=109066 width=4)
Nested Loop  (cost=1000.00..78990.15 rows=11485 width=3)
Seq Scan on voter_2  (cost=0.00..9980.58 rows=109066 width=4)
Nested Loop  (cost=1000.00..78990.15 rows=11485 width=3)
Nested Loop  (cost=1000.00..78990.15 rows=11485 width=3)
Nested Loop  (cost=1000.00..78990.15 rows=11485 width=3)
Nested Loop  (cost=1000.00..83898.24 rows=56104 width=3)
Seq Scan on voter_2  (cost=0.00..9980.58 rows=34853 width=4)
Seq Scan on voter_2  (cost=0.00..9980.58 rows=37517 width=4)
Seq Scan on voter_2  (cost=0.00..9980.58 rows=32474 width=4)
Nested Loop  (cost=1000.00..78990.15 rows=11485 width=3)
Nested Loop  (cost=1000.00..84481.46 rows=61406 width=3)
Seq Scan on voter_2  (cost=0.00..9980.58 rows=34853 width=4)
Nested Loop  (cost=1000.00..78990.15 rows=11485 width=3)
Nested Loop  (cost=1000.00..82051.67 rows=39317 width=3)
Seq Scan on voter_2  (cost=0.00..9980.58 rows=109066 width=4)
Seq Scan on voter_2  (cost=0.00..9980.58 rows=31351 width=4)
Seq Scan on voter_2  (cost=0.00..9980.58 rows=32474 width=4)
Seq Scan on voter_2  (cost=0.00..9980.58 rows=37517 width=4)
Seq Scan on voter_2  (cost=0.00..9980.58 rows=34183 width=4)
Nested Loop  (cost=1000.00..78990.15 rows=11485 width=3)
Nested Loop  (cost=1000.00..81201.26 rows=31586 width=3)
Nested Loop  (cost=1000.00..83995.48 rows=56988 width=3)
Nested Loop  (cost=1000.00..78990.15 rows=11485 width=3)
Seq Scan on voter_2  (cost=0.00..9980.58 rows=109066 width=4)
Nested Loop  (cost=1000.00..78990.15 rows=11485 width=3)
Nested Loop  (cost=1000.00..78990.15 rows=11485 width=3)
Seq Scan on voter_2  (cost=0.00..9980.58 rows=37651 width=4)
Seq Scan on voter_2  (cost=0.00..9980.58 rows=32658 width=4)
Seq Scan on voter_2  (cost=0.00..9980.58 rows=73074 width=4)
Nested Loop  (cost=1000.00..78990.15 rows=11485 width=3)
Nested Loop  (cost=1000.00..78990.15 rows=11485 width=3)
Nested Loop  (cost=1000.00..78990.15 rows=11485 width=3)
Seq Scan on voter_2  (cost=0.00..9980.58 rows=35808 width=4)
Nested Loop  (cost=1000.00..83873.93 rows=55883 width=3)
Seq Scan on voter_2  (cost=0.00..9980.58 rows=32474 width=4)
Seq Scan on voter_2  (cost=0.00..9980.58 rows=32474 width=4)
Seq Scan on voter_2  (cost=0.00..9980.58 rows=73074 width=4)
Seq Scan on voter_2  (cost=0.00..9980.58 rows=31351 width=4)
Seq Scan on voter_2  (cost=0.00..9980.58 rows=34183 width=4)
Nested Loop  (cost=1000.00..78990.15 rows=11485 width=3)
Nested Loop  (cost=1000.00..78990.15 rows=11485 width=3)
Seq Scan on voter_2  (cost=0.00..9980.58 rows=73074 width=4)
Nested Loop  (cost=1000.00..78990.15 rows=11485 width=3)
Nested Loop  (cost=1000.00..78990.15 rows=11485 width=3)
Nested Loop  (cost=1000.00..80399.47 rows=24297 width=3)
Seq Scan on voter_2  (cost=0.00..9980.58 rows=37651 width=4)
Nested Loop  (cost=1000.00..78990.15 rows=11485 width=3)
Seq Scan on voter_2  (cost=0.00..9980.58 rows=109066 width=4)
Nested Loop  (cost=1000.00..78990.15 rows=11485 width=3)
Seq Scan on voter_2  (cost=0.00..9980.58 rows=109066 width=4)
Nested Loop  (cost=1000.00..78990.15 rows=11485 width=3)
Nested Loop  (cost=1000.00..78990.15 rows=11485 width=3)
Seq Scan on voter_2  (cost=0.00..9980.58 rows=73074 width=4)
Nested Loop  (cost=1000.00..78990.15 rows=11485 width=3)
Seq Scan on voter_2  (cost=0.00..9980.58 rows=32474 width=4)
Seq Scan on voter_2  (cost=0.00..9980.58 rows=73074 width=4)
Seq Scan on voter_2  (cost=0.00..9980.58 rows=37517 width=4)
Seq Scan on voter_2  (cost=0.00..9980.58 rows=44052 width=4)
Seq Scan on voter_2  (cost=0.00..9980.58 rows=37651 width=4)
Nested Loop  (cost=1000.00..78990.15 rows=11485 width=3)
Seq Scan on voter_2  (cost=0.00..9980.58 rows=109066 width=4)
Nested Loop  (cost=1000.00..78990.15 rows=11485 width=3)
Nested Loop  (cost=1000.00..78990.15 rows=11485 width=3)
Nested Loop  (cost=1000.00..78990.15 rows=11485 width=3)
Nested Loop  (cost=1000.00..78990.15 rows=11485 width=3)
Nested Loop  (cost=1000.00..78990.15 rows=11485 width=3)
Nested Loop  (cost=1000.00..82902.08 rows=47048 width=3)
Seq Scan on voter_2  (cost=0.00..9980.58 rows=109066 width=4)
Seq Scan on voter_2  (cost=0.00..9980.58 rows=44052 width=4)
Seq Scan on voter_2  (cost=0.00..9980.58 rows=37651 width=4)
Nested Loop  (cost=1000.00..78990.15 rows=11485 width=3)
Nested Loop  (cost=1000.00..84092.61 rows=57871 width=3)
Nested Loop  (cost=1000.00..82416.10 rows=42630 width=3)
Seq Scan on voter_2  (cost=0.00..9980.58 rows=35808 width=4)
Seq Scan on voter_2  (cost=0.00..9980.58 rows=32658 width=4)
Seq Scan on voter_2  (cost=0.00..9980.58 rows=37651 width=4)
Seq Scan on voter_2  (cost=0.00..9980.58 rows=109066 width=4)
Seq Scan on voter_2  (cost=0.00..9980.58 rows=37517 width=4)
Seq Scan on voter_2  (cost=0.00..9980.58 rows=32658 width=4)
Seq Scan on voter_2  (cost=0.00..9980.58 rows=37517 width=4)
Nested Loop  (cost=1000.00..78990.15 rows=11485 width=3)
Nested Loop  (cost=1000.00..78990.15 rows=11485 width=3)
Nested Loop  (cost=1000.00..80521.02 rows=25402 width=3)
Nested Loop  (cost=1000.00..78990.15 rows=11485 width=3)
Nested Loop  (cost=1000.00..82075.98 rows=39538 width=3)
Nested Loop  (cost=1000.00..85210.32 rows=68032 width=3)
Nested Loop  (cost=1000.00..81347.12 rows=32912 width=3)
Seq Scan on voter_2  (cost=0.00..9980.58 rows=32658 width=4)
Seq Scan on voter_2  (cost=0.00..9980.58 rows=37651 width=4)
Seq Scan on voter_2  (cost=0.00..9980.58 rows=34183 width=4)
Seq Scan on voter_2  (cost=0.00..9980.58 rows=32658 width=4)
Seq Scan on voter_2  (cost=0.00..9980.58 rows=34183 width=4)
Seq Scan on voter_2  (cost=0.00..9980.58 rows=37651 width=4)
Nested Loop  (cost=1000.00..84262.78 rows=59418 width=3)
Seq Scan on voter_2  (cost=0.00..9980.58 rows=109066 width=4)
Seq Scan on voter_2  (cost=0.00..9980.58 rows=44052 width=4)
Nested Loop  (cost=1000.00..78990.15 rows=11485 width=3)
Seq Scan on voter_2  (cost=0.00..9980.58 rows=37651 width=4)
Nested Loop  (cost=1000.00..78990.15 rows=11485 width=3)
Nested Loop  (cost=1000.00..78990.15 rows=11485 width=3)
Nested Loop  (cost=1000.00..78990.15 rows=11485 width=3)
Seq Scan on voter_2  (cost=0.00..9980.58 rows=35808 width=4)
Nested Loop  (cost=1000.00..78990.15 rows=11485 width=3)
Nested Loop  (cost=1000.00..81614.31 rows=35341 width=3)
Nested Loop  (cost=1000.00..84165.54 rows=58534 width=3)
Nested Loop  (cost=1000.00..78990.15 rows=11485 width=3)
Nested Loop  (cost=1000.00..78990.15 rows=11485 width=3)
Seq Scan on voter_2  (cost=0.00..9980.58 rows=35808 width=4)
Seq Scan on voter_2  (cost=0.00..9980.58 rows=32474 width=4)
Seq Scan on voter_2  (cost=0.00..9980.58 rows=37651 width=4)
Seq Scan on voter_2  (cost=0.00..9980.58 rows=37651 width=4)
Seq Scan on voter_2  (cost=0.00..9980.58 rows=109066 width=4)
Seq Scan on voter_2  (cost=0.00..9980.58 rows=31351 width=4)
Nested Loop  (cost=1000.00..78990.15 rows=11485 width=3)
Nested Loop  (cost=1000.00..80788.21 rows=27831 width=3)
Nested Loop  (cost=1000.00..80909.76 rows=28936 width=3)
Nested Loop  (cost=1000.00..78990.15 rows=11485 width=3)
Nested Loop  (cost=1000.00..78990.15 rows=11485 width=3)
Seq Scan on voter_2  (cost=0.00..9980.58 rows=73074 width=4)
Seq Scan on voter_2  (cost=0.00..9980.58 rows=109066 width=4)
Nested Loop  (cost=1000.00..84092.61 rows=57871 width=3)
Nested Loop  (cost=1000.00..78990.15 rows=11485 width=3)
Seq Scan on voter_2  (cost=0.00..9980.58 rows=73074 width=4)
Seq Scan on voter_2  (cost=0.00..9980.58 rows=32658 width=4)
Nested Loop  (cost=1000.00..78990.15 rows=11485 width=3)
Nested Loop  (cost=1000.00..78990.15 rows=11485 width=3)
Seq Scan on voter_2  (cost=0.00..9980.58 rows=109066 width=4)
Nested Loop  (cost=1000.00..78990.15 rows=11485 width=3)
Seq Scan on voter_2  (cost=0.00..9980.58 rows=44052 width=4)
Nested Loop  (cost=1000.00..78990.15 rows=11485 width=3)
Seq Scan on voter_2  (cost=0.00..9980.58 rows=32474 width=4)
Seq Scan on voter_2  (cost=0.00..9980.58 rows=73074 width=4)
Seq Scan on voter_2  (cost=0.00..9980.58 rows=37651 width=4)
Seq Scan on voter_2  (cost=0.00..9980.58 rows=44052 width=4)
Seq Scan on voter_2  (cost=0.00..9980.58 rows=32474 width=4)
Nested Loop  (cost=1000.00..83873.93 rows=55883 width=3)
Seq Scan on voter_2  (cost=0.00..9980.58 rows=109066 width=4)
Nested Loop  (cost=1000.00..80399.47 rows=24297 width=3)
Nested Loop  (cost=1000.00..78990.15 rows=11485 width=3)
Nested Loop  (cost=1000.00..78990.15 rows=11485 width=3)
Nested Loop  (cost=1000.00..78990.15 rows=11485 width=3)
Seq Scan on voter_2  (cost=0.00..9980.58 rows=73074 width=4)
Nested Loop  (cost=1000.00..78990.15 rows=11485 width=3)
Nested Loop  (cost=1000.00..84335.60 rows=60080 width=3)
Nested Loop  (cost=1000.00..78990.15 rows=11485 width=3)
Seq Scan on voter_2  (cost=0.00..9980.58 rows=34853 width=4)
Seq Scan on voter_2  (cost=0.00..9980.58 rows=44052 width=4)
Seq Scan on voter_2  (cost=0.00..9980.58 rows=32658 width=4)
Seq Scan on voter_2  (cost=0.00..9980.58 rows=34183 width=4)
Nested Loop  (cost=1000.00..78990.15 rows=11485 width=3)
Seq Scan on voter_2  (cost=0.00..9980.58 rows=73074 width=4)
Seq Scan on voter_2  (cost=0.00..9980.58 rows=73074 width=4)
Seq Scan on voter_2  (cost=0.00..9980.58 rows=37517 width=4)
Nested Loop  (cost=1000.00..78990.15 rows=11485 width=3)
Nested Loop  (cost=1000.00..82586.27 rows=44177 width=3)
Seq Scan on voter_2  (cost=0.00..9980.58 rows=35808 width=4)
Seq Scan on voter_2  (cost=0.00..9980.58 rows=44052 width=4)
Nested Loop  (cost=1000.00..78990.15 rows=11485 width=3)
Nested Loop  (cost=1000.00..78990.15 rows=11485 width=3)
Seq Scan on voter_2  (cost=0.00..9980.58 rows=32474 width=4)
Nested Loop  (cost=1000.00..78990.15 rows=11485 width=3)
Nested Loop  (cost=1000.00..78990.15 rows=11485 width=3)
Nested Loop  (cost=1000.00..78990.15 rows=11485 width=3)
Nested Loop  (cost=1000.00..78990.15 rows=11485 width=3)
Seq Scan on voter_2  (cost=0.00..9980.58 rows=109066 width=4)
Seq Scan on voter_2  (cost=0.00..9980.58 rows=37651 width=4)
Nested Loop  (cost=1000.00..81395.63 rows=33353 width=3)
Nested Loop  (cost=1000.00..82343.28 rows=41968 width=3)
Seq Scan on voter_2  (cost=0.00..9980.58 rows=109066 width=4)
Seq Scan on voter_2  (cost=0.00..9980.58 rows=32658 width=4)
Nested Loop  (cost=1000.00..78990.15 rows=11485 width=3)
Nested Loop  (cost=1000.00..78990.15 rows=11485 width=3)
Seq Scan on voter_2  (cost=0.00..9980.58 rows=73074 width=4)
Nested Loop  (cost=1000.00..78990.15 rows=11485 width=3)
Nested Loop  (cost=1000.00..78990.15 rows=11485 width=3)
Gather  (cost=1000.00..7315.26 rows=1 width=4)
Seq Scan on voter_2  (cost=0.00..9980.58 rows=109066 width=4)
Seq Scan on voter_2  (cost=0.00..9980.58 rows=109066 width=4)
Seq Scan on voter_2  (cost=0.00..9980.58 rows=109066 width=4)
Seq Scan on voter_2  (cost=0.00..9980.58 rows=35808 width=4)
Nested Loop  (cost=1000.00..78990.15 rows=11485 width=3)
Nested Loop  (cost=1000.00..78990.15 rows=11485 width=3)
Seq Scan on voter_2  (cost=0.00..9980.58 rows=32474 width=4)
Seq Scan on voter_2  (cost=0.00..9980.58 rows=109066 width=4)
Seq Scan on voter_2  (cost=0.00..9980.58 rows=73074 width=4)
Nested Loop  (cost=1000.00..78990.15 rows=11485 width=3)
Nested Loop  (cost=1000.00..78990.15 rows=11485 width=3)
Seq Scan on voter_2  (cost=0.00..9980.58 rows=34183 width=4)
Seq Scan on voter_2  (cost=0.00..9980.58 rows=109066 width=4)
Seq Scan on voter_2  (cost=0.00..9980.58 rows=31351 width=4)
Nested Loop  (cost=1000.00..78990.15 rows=11485 width=3)
Nested Loop  (cost=1000.00..78990.15 rows=11485 width=3)
Nested Loop  (cost=1000.00..78990.15 rows=11485 width=3)
Nested Loop  (cost=1000.00..80763.90 rows=27610 width=3)
Nested Loop  (cost=1000.00..78990.15 rows=11485 width=3)
Nested Loop  (cost=1000.00..78990.15 rows=11485 width=3)
Seq Scan on voter_2  (cost=0.00..9980.58 rows=109066 width=4)
Seq Scan on voter_2  (cost=0.00..9980.58 rows=34183 width=4)
Seq Scan on voter_2  (cost=0.00..9980.58 rows=34853 width=4)
Seq Scan on voter_2  (cost=0.00..9980.58 rows=37651 width=4)
Seq Scan on voter_2  (cost=0.00..9980.58 rows=73074 width=4)
Nested Loop  (cost=1000.00..78990.15 rows=11485 width=3)
Nested Loop  (cost=1000.00..78990.15 rows=11485 width=3)
Seq Scan on voter_2  (cost=0.00..9980.58 rows=73074 width=4)
Seq Scan on voter_2  (cost=0.00..9980.58 rows=37651 width=4)
Nested Loop  (cost=1000.00..78990.15 rows=11485 width=3)
Nested Loop  (cost=1000.00..78990.15 rows=11485 width=3)
Nested Loop  (cost=1000.00..78990.15 rows=11485 width=3)
Nested Loop  (cost=1000.00..80569.53 rows=25843 width=3)
Seq Scan on voter_2  (cost=0.00..9980.58 rows=109066 width=4)
Nested Loop  (cost=1000.00..78990.15 rows=11485 width=3)
Seq Scan on voter_2  (cost=0.00..9980.58 rows=37517 width=4)
Seq Scan on voter_2  (cost=0.00..9980.58 rows=34853 width=4)
Gather  (cost=1000.00..7315.26 rows=1 width=4)
Nested Loop  (cost=1000.00..78990.15 rows=11485 width=3)
Seq Scan on voter_2  (cost=0.00..9980.58 rows=31351 width=4)
Nested Loop  (cost=1000.00..78990.15 rows=11485 width=3)
Seq Scan on voter_2  (cost=0.00..9980.58 rows=44052 width=4)
Nested Loop  (cost=1000.00..83388.06 rows=51466 width=3)
Seq Scan on voter_2  (cost=0.00..9980.58 rows=34853 width=4)
Seq Scan on voter_2  (cost=0.00..9980.58 rows=44052 width=4)
Seq Scan on voter_2  (cost=0.00..9980.58 rows=109066 width=4)
Seq Scan on voter_2  (cost=0.00..9980.58 rows=34183 width=4)
Nested Loop  (cost=1000.00..78990.15 rows=11485 width=3)
Nested Loop  (cost=1000.00..78990.15 rows=11485 width=3)
Nested Loop  (cost=1000.00..83898.24 rows=56104 width=3)
Seq Scan on voter_2  (cost=0.00..9980.58 rows=109066 width=4)
Nested Loop  (cost=1000.00..78990.15 rows=11485 width=3)
Seq Scan on voter_2  (cost=0.00..9980.58 rows=109066 width=4)
Nested Loop  (cost=1000.00..82586.27 rows=44177 width=3)
Nested Loop  (cost=1000.00..78990.15 rows=11485 width=3)
Nested Loop  (cost=1000.00..80375.16 rows=24076 width=3)
Nested Loop  (cost=1000.00..78990.15 rows=11485 width=3)
Seq Scan on voter_2  (cost=0.00..9980.58 rows=73074 width=4)
Nested Loop  (cost=1000.00..80399.47 rows=24297 width=3)
Seq Scan on voter_2  (cost=0.00..9980.58 rows=109066 width=4)
Seq Scan on voter_2  (cost=0.00..9980.58 rows=109066 width=4)
Seq Scan on voter_2  (cost=0.00..9980.58 rows=73074 width=4)
Seq Scan on voter_2  (cost=0.00..9980.58 rows=37517 width=4)
Seq Scan on voter_2  (cost=0.00..9980.58 rows=109066 width=4)
Seq Scan on voter_2  (cost=0.00..9980.58 rows=37517 width=4)
Seq Scan on voter_2  (cost=0.00..9980.58 rows=44052 width=4)
Nested Loop  (cost=1000.00..78990.15 rows=11485 width=3)
Nested Loop  (cost=1000.00..82489.03 rows=43293 width=3)
Nested Loop  (cost=1000.00..82610.58 rows=44398 width=3)
Seq Scan on voter_2  (cost=0.00..9980.58 rows=32474 width=4)
Nested Loop  (cost=1000.00..78990.15 rows=11485 width=3)
Nested Loop  (cost=1000.00..82756.33 rows=45723 width=3)
Nested Loop  (cost=1000.00..78990.15 rows=11485 width=3)
Nested Loop  (cost=1000.00..78990.15 rows=11485 width=3)
Nested Loop  (cost=1000.00..85088.88 rows=66928 width=3)
Seq Scan on voter_2  (cost=0.00..9980.58 rows=31351 width=4)
Seq Scan on voter_2  (cost=0.00..9980.58 rows=35808 width=4)
Seq Scan on voter_2  (cost=0.00..9980.58 rows=34183 width=4)
Nested Loop  (cost=1000.00..84165.54 rows=58534 width=3)
Seq Scan on voter_2  (cost=0.00..9980.58 rows=32474 width=4)
Gather  (cost=1000.00..7315.26 rows=1 width=4)
Seq Scan on voter_2  (cost=0.00..9980.58 rows=32658 width=4)
Nested Loop  (cost=1000.00..83460.88 rows=52128 width=3)
Seq Scan on voter_2  (cost=0.00..9980.58 rows=37517 width=4)
Seq Scan on voter_2  (cost=0.00..9980.58 rows=31351 width=4)
Seq Scan on voter_2  (cost=0.00..9980.58 rows=44052 width=4)
Nested Loop  (cost=1000.00..78990.15 rows=11485 width=3)
Nested Loop  (cost=1000.00..84724.34 rows=63614 width=3)
Seq Scan on voter_2  (cost=0.00..9980.58 rows=32658 width=4)
Nested Loop  (cost=1000.00..80861.14 rows=28494 width=3)
Nested Loop  (cost=1000.00..78990.15 rows=11485 width=3)
Seq Scan on voter_2  (cost=0.00..9980.58 rows=73074 width=4)
Nested Loop  (cost=1000.00..84238.47 rows=59197 width=3)
Seq Scan on voter_2  (cost=0.00..9980.58 rows=32658 width=4)
Nested Loop  (cost=1000.00..78990.15 rows=11485 width=3)
Nested Loop  (cost=1000.00..78990.15 rows=11485 width=3)
Nested Loop  (cost=1000.00..78990.15 rows=11485 width=3)
Nested Loop  (cost=1000.00..80521.02 rows=25402 width=3)
Seq Scan on voter_2  (cost=0.00..9980.58 rows=73074 width=4)
Seq Scan on voter_2  (cost=0.00..9980.58 rows=44052 width=4)
Seq Scan on voter_2  (cost=0.00..9980.58 rows=32658 width=4)
Seq Scan on voter_2  (cost=0.00..9980.58 rows=34853 width=4)
Seq Scan on voter_2  (cost=0.00..9980.58 rows=34183 width=4)
Seq Scan on voter_2  (cost=0.00..9980.58 rows=73074 width=4)
Nested Loop  (cost=1000.00..81104.13 rows=30703 width=3)
Seq Scan on voter_2  (cost=0.00..9980.58 rows=73074 width=4)
Nested Loop  (cost=1000.00..80982.58 rows=29598 width=3)
Nested Loop  (cost=1000.00..78990.15 rows=11485 width=3)
Seq Scan on voter_2  (cost=0.00..9980.58 rows=34183 width=4)
Nested Loop  (cost=1000.00..81347.12 rows=32912 width=3)
Nested Loop  (cost=1000.00..78990.15 rows=11485 width=3)
Nested Loop  (cost=1000.00..78990.15 rows=11485 width=3)
Nested Loop  (cost=1000.00..78990.15 rows=11485 width=3)
Seq Scan on voter_2  (cost=0.00..9980.58 rows=35808 width=4)
Nested Loop  (cost=1000.00..83873.93 rows=55883 width=3)
Seq Scan on voter_2  (cost=0.00..9980.58 rows=35808 width=4)
Seq Scan on voter_2  (cost=0.00..9980.58 rows=35808 width=4)
Nested Loop  (cost=1000.00..78990.15 rows=11485 width=3)
Nested Loop  (cost=1000.00..82756.33 rows=45723 width=3)
Seq Scan on voter_2  (cost=0.00..9980.58 rows=109066 width=4)
Seq Scan on voter_2  (cost=0.00..9980.58 rows=109066 width=4)
Seq Scan on voter_2  (cost=0.00..9980.58 rows=44052 width=4)
Seq Scan on voter_2  (cost=0.00..9980.58 rows=31351 width=4)
Seq Scan on voter_2  (cost=0.00..9980.58 rows=109066 width=4)
Seq Scan on voter_2  (cost=0.00..9980.58 rows=109066 width=4)
Nested Loop  (cost=1000.00..78990.15 rows=11485 width=3)
Nested Loop  (cost=1000.00..78990.15 rows=11485 width=3)
Nested Loop  (cost=1000.00..78990.15 rows=11485 width=3)
Nested Loop  (cost=1000.00..78990.15 rows=11485 width=3)
Seq Scan on voter_2  (cost=0.00..9980.58 rows=73074 width=4)
Seq Scan on voter_2  (cost=0.00..9980.58 rows=37651 width=4)
Seq Scan on voter_2  (cost=0.00..9980.58 rows=37517 width=4)
Nested Loop  (cost=1000.00..84262.78 rows=59418 width=3)
Nested Loop  (cost=1000.00..78990.15 rows=11485 width=3)
Nested Loop  (cost=1000.00..80982.58 rows=29598 width=3)
Seq Scan on voter_2  (cost=0.00..9980.58 rows=32658 width=4)
Nested Loop  (cost=1000.00..78990.15 rows=11485 width=3)
Nested Loop  (cost=1000.00..78990.15 rows=11485 width=3)
Nested Loop  (cost=1000.00..78990.15 rows=11485 width=3)
Nested Loop  (cost=1000.00..78990.15 rows=11485 width=3)
Seq Scan on voter_2  (cost=0.00..9980.58 rows=73074 width=4)
Seq Scan on voter_2  (cost=0.00..9980.58 rows=109066 width=4)
Seq Scan on voter_2  (cost=0.00..9980.58 rows=37651 width=4)
Seq Scan on voter_2  (cost=0.00..9980.58 rows=44052 width=4)
Seq Scan on voter_2  (cost=0.00..9980.58 rows=109066 width=4)
Seq Scan on voter_2  (cost=0.00..9980.58 rows=37651 width=4)
Nested Loop  (cost=1000.00..78990.15 rows=11485 width=3)
Nested Loop  (cost=1000.00..80399.47 rows=24297 width=3)
Nested Loop  (cost=1000.00..81055.51 rows=30261 width=3)
Nested Loop  (cost=1000.00..84311.29 rows=59859 width=3)
Nested Loop  (cost=1000.00..78990.15 rows=11485 width=3)
Nested Loop  (cost=1000.00..78990.15 rows=11485 width=3)
Seq Scan on voter_2  (cost=0.00..9980.58 rows=37651 width=4)
Seq Scan on voter_2  (cost=0.00..9980.58 rows=73074 width=4)
Seq Scan on voter_2  (cost=0.00..9980.58 rows=109066 width=4)
Seq Scan on voter_2  (cost=0.00..9980.58 rows=34853 width=4)
Nested Loop  (cost=1000.00..78990.15 rows=11485 width=3)
Nested Loop  (cost=1000.00..84481.46 rows=61406 width=3)
Seq Scan on voter_2  (cost=0.00..9980.58 rows=73074 width=4)
Seq Scan on voter_2  (cost=0.00..9980.58 rows=109066 width=4)
Seq Scan on voter_2  (cost=0.00..9980.58 rows=73074 width=4)
Seq Scan on voter_2  (cost=0.00..9980.58 rows=44052 width=4)
Nested Loop  (cost=1000.00..78990.15 rows=11485 width=3)
Nested Loop  (cost=1000.00..78990.15 rows=11485 width=3)
Nested Loop  (cost=1000.00..78990.15 rows=11485 width=3)
Nested Loop  (cost=1000.00..78990.15 rows=11485 width=3)
Nested Loop  (cost=1000.00..78990.15 rows=11485 width=3)
Nested Loop  (cost=1000.00..78990.15 rows=11485 width=3)
Seq Scan on voter_2  (cost=0.00..9980.58 rows=73074 width=4)
Seq Scan on voter_2  (cost=0.00..9980.58 rows=109066 width=4)
Seq Scan on voter_2  (cost=0.00..9980.58 rows=37651 width=4)
Nested Loop  (cost=1000.00..78990.15 rows=11485 width=3)
Nested Loop  (cost=1000.00..84262.78 rows=59418 width=3)
Nested Loop  (cost=1000.00..80691.08 rows=26948 width=3)
Seq Scan on voter_2  (cost=0.00..9980.58 rows=32474 width=4)
Seq Scan on voter_2  (cost=0.00..9980.58 rows=37651 width=4)
Gather  (cost=1000.00..7315.26 rows=1 width=4)
Nested Loop  (cost=1000.00..78990.15 rows=11485 width=3)
Nested Loop  (cost=1000.00..78990.15 rows=11485 width=3)
Seq Scan on voter_2  (cost=0.00..9980.58 rows=44052 width=4)
Nested Loop  (cost=1000.00..78990.15 rows=11485 width=3)
Seq Scan on voter_2  (cost=0.00..9980.58 rows=32658 width=4)
Nested Loop  (cost=1000.00..80472.40 rows=24960 width=3)
Seq Scan on voter_2  (cost=0.00..9980.58 rows=73074 width=4)
Seq Scan on voter_2  (cost=0.00..9980.58 rows=37517 width=4)
Seq Scan on voter_2  (cost=0.00..9980.58 rows=31351 width=4)
Seq Scan on voter_2  (cost=0.00..9980.58 rows=73074 width=4)
Nested Loop  (cost=1000.00..78990.15 rows=11485 width=3)
Seq Scan on voter_2  (cost=0.00..9980.58 rows=44052 width=4)
Nested Loop  (cost=1000.00..84165.54 rows=58534 width=3)
Seq Scan on voter_2  (cost=0.00..9980.58 rows=109066 width=4)
Nested Loop  (cost=1000.00..85088.88 rows=66928 width=3)
Nested Loop  (cost=1000.00..78990.15 rows=11485 width=3)
Nested Loop  (cost=1000.00..80399.47 rows=24297 width=3)
Nested Loop  (cost=1000.00..82586.27 rows=44177 width=3)
Seq Scan on voter_2  (cost=0.00..9980.58 rows=109066 width=4)
Seq Scan on voter_2  (cost=0.00..9980.58 rows=73074 width=4)
Nested Loop  (cost=1000.00..84481.46 rows=61406 width=3)
Nested Loop  (cost=1000.00..78990.15 rows=11485 width=3)
Seq Scan on voter_2  (cost=0.00..9980.58 rows=31351 width=4)
Seq Scan on voter_2  (cost=0.00..9980.58 rows=34183 width=4)
Nested Loop  (cost=1000.00..78990.15 rows=11485 width=3)
Seq Scan on voter_2  (cost=0.00..9980.58 rows=73074 width=4)
Seq Scan on voter_2  (cost=0.00..9980.58 rows=37517 width=4)
Seq Scan on voter_2  (cost=0.00..9980.58 rows=34183 width=4)
Seq Scan on voter_2  (cost=0.00..9980.58 rows=109066 width=4)
Seq Scan on voter_2  (cost=0.00..9980.58 rows=35808 width=4)
Nested Loop  (cost=1000.00..78990.15 rows=11485 width=3)
Nested Loop  (cost=1000.00..78990.15 rows=11485 width=3)
Seq Scan on voter_2  (cost=0.00..9980.58 rows=34853 width=4)
Seq Scan on voter_2  (cost=0.00..9980.58 rows=35808 width=4)
Nested Loop  (cost=1000.00..78990.15 rows=11485 width=3)
Seq Scan on voter_2  (cost=0.00..9980.58 rows=73074 width=4)
Seq Scan on voter_2  (cost=0.00..9980.58 rows=31351 width=4)
Nested Loop  (cost=1000.00..78990.15 rows=11485 width=3)
Nested Loop  (cost=1000.00..78990.15 rows=11485 width=3)
Nested Loop  (cost=1000.00..81249.88 rows=32028 width=3)
Nested Loop  (cost=1000.00..82367.59 rows=42189 width=3)
Seq Scan on voter_2  (cost=0.00..9980.58 rows=109066 width=4)
Nested Loop  (cost=1000.00..78990.15 rows=11485 width=3)
Seq Scan on voter_2  (cost=0.00..9980.58 rows=37517 width=4)
Nested Loop  (cost=1000.00..78990.15 rows=11485 width=3)
Nested Loop  (cost=1000.00..82318.97 rows=41747 width=3)
Seq Scan on voter_2  (cost=0.00..9980.58 rows=34183 width=4)
Nested Loop  (cost=1000.00..78990.15 rows=11485 width=3)
Nested Loop  (cost=1000.00..78990.15 rows=11485 width=3)
Nested Loop  (cost=1000.00..78990.15 rows=11485 width=3)
Seq Scan on voter_2  (cost=0.00..9980.58 rows=34853 width=4)
Seq Scan on voter_2  (cost=0.00..9980.58 rows=34853 width=4)
Nested Loop  (cost=1000.00..78990.15 rows=11485 width=3)
Seq Scan on voter_2  (cost=0.00..9980.58 rows=31351 width=4)
Seq Scan on voter_2  (cost=0.00..9980.58 rows=109066 width=4)
Nested Loop  (cost=1000.00..78990.15 rows=11485 width=3)
Seq Scan on voter_2  (cost=0.00..9980.58 rows=109066 width=4)
Seq Scan on voter_2  (cost=0.00..9980.58 rows=73074 width=4)
Seq Scan on voter_2  (cost=0.00..9980.58 rows=109066 width=4)
Nested Loop  (cost=1000.00..78990.15 rows=11485 width=3)
Seq Scan on voter_2  (cost=0.00..9980.58 rows=31351 width=4)
Nested Loop  (cost=1000.00..78990.15 rows=11485 width=3)
Nested Loop  (cost=1000.00..78990.15 rows=11485 width=3)
Nested Loop  (cost=1000.00..78990.15 rows=11485 width=3)
Nested Loop  (cost=1000.00..78990.15 rows=11485 width=3)
Seq Scan on voter_2  (cost=0.00..9980.58 rows=44052 width=4)
Seq Scan on voter_2  (cost=0.00..9980.58 rows=32658 width=4)
Seq Scan on voter_2  (cost=0.00..9980.58 rows=73074 width=4)
Seq Scan on voter_2  (cost=0.00..9980.58 rows=32658 width=4)
Nested Loop  (cost=1000.00..78990.15 rows=11485 width=3)
Seq Scan on voter_2  (cost=0.00..9980.58 rows=35808 width=4)
Nested Loop  (cost=1000.00..83922.55 rows=56325 width=3)
Seq Scan on voter_2  (cost=0.00..9980.58 rows=34183 width=4)
Seq Scan on voter_2  (cost=0.00..9980.58 rows=44052 width=4)
Nested Loop  (cost=1000.00..83995.48 rows=56988 width=3)
Nested Loop  (cost=1000.00..78990.15 rows=11485 width=3)
Nested Loop  (cost=1000.00..78990.15 rows=11485 width=3)
Nested Loop  (cost=1000.00..82051.67 rows=39317 width=3)
Nested Loop  (cost=1000.00..78990.15 rows=11485 width=3)
Seq Scan on voter_2  (cost=0.00..9980.58 rows=44052 width=4)
Seq Scan on voter_2  (cost=0.00..9980.58 rows=44052 width=4)
Seq Scan on voter_2  (cost=0.00..9980.58 rows=32658 width=4)
Nested Loop  (cost=1000.00..81371.32 rows=33132 width=3)
Seq Scan on voter_2  (cost=0.00..9980.58 rows=109066 width=4)
Gather  (cost=1000.00..7315.26 rows=1 width=4)
Nested Loop  (cost=1000.00..78990.15 rows=11485 width=3)
Nested Loop  (cost=1000.00..78990.15 rows=11485 width=3)
Seq Scan on voter_2  (cost=0.00..9980.58 rows=35808 width=4)
Nested Loop  (cost=1000.00..78990.15 rows=11485 width=3)
Seq Scan on voter_2  (cost=0.00..9980.58 rows=35808 width=4)
Seq Scan on voter_2  (cost=0.00..9980.58 rows=32474 width=4)
Nested Loop  (cost=1000.00..78990.15 rows=11485 width=3)
Nested Loop  (cost=1000.00..81614.31 rows=35341 width=3)
Nested Loop  (cost=1000.00..78990.15 rows=11485 width=3)
Seq Scan on voter_2  (cost=0.00..9980.58 rows=31351 width=4)
Seq Scan on voter_2  (cost=0.00..9980.58 rows=109066 width=4)
Seq Scan on voter_2  (cost=0.00..9980.58 rows=37517 width=4)
Nested Loop  (cost=1000.00..82051.67 rows=39317 width=3)
Nested Loop  (cost=1000.00..84238.47 rows=59197 width=3)
Seq Scan on voter_2  (cost=0.00..9980.58 rows=37517 width=4)
Nested Loop  (cost=1000.00..82416.10 rows=42630 width=3)
Nested Loop  (cost=1000.00..80836.83 rows=28273 width=3)
Nested Loop  (cost=1000.00..78990.15 rows=11485 width=3)
Seq Scan on voter_2  (cost=0.00..9980.58 rows=73074 width=4)
Nested Loop  (cost=1000.00..78990.15 rows=11485 width=3)
Seq Scan on voter_2  (cost=0.00..9980.58 rows=37651 width=4)
Nested Loop  (cost=1000.00..78990.15 rows=11485 width=3)
Seq Scan on voter_2  (cost=0.00..9980.58 rows=44052 width=4)
Seq Scan on voter_2  (cost=0.00..9980.58 rows=44052 width=4)
Seq Scan on voter_2  (cost=0.00..9980.58 rows=37517 width=4)
Seq Scan on voter_2  (cost=0.00..9980.58 rows=109066 width=4)
Seq Scan on voter_2  (cost=0.00..9980.58 rows=31351 width=4)
Nested Loop  (cost=1000.00..80836.83 rows=28273 width=3)
Seq Scan on voter_2  (cost=0.00..9980.58 rows=109066 width=4)
Nested Loop  (cost=1000.00..78990.15 rows=11485 width=3)
Seq Scan on voter_2  (cost=0.00..9980.58 rows=109066 width=4)
Seq Scan on voter_2  (cost=0.00..9980.58 rows=31351 width=4)
Nested Loop  (cost=1000.00..80545.22 rows=25622 width=3)
Nested Loop  (cost=1000.00..78990.15 rows=11485 width=3)
Seq Scan on voter_2  (cost=0.00..9980.58 rows=37517 width=4)
Nested Loop  (cost=1000.00..80909.76 rows=28936 width=3)
Nested Loop  (cost=1000.00..78990.15 rows=11485 width=3)
Nested Loop  (cost=1000.00..78990.15 rows=11485 width=3)
Nested Loop  (cost=1000.00..78990.15 rows=11485 width=3)
Nested Loop  (cost=1000.00..78990.15 rows=11485 width=3)
Seq Scan on voter_2  (cost=0.00..9980.58 rows=109066 width=4)
Seq Scan on voter_2  (cost=0.00..9980.58 rows=44052 width=4)
Seq Scan on voter_2  (cost=0.00..9980.58 rows=37651 width=4)
Seq Scan on voter_2  (cost=0.00..9980.58 rows=44052 width=4)
Seq Scan on voter_2  (cost=0.00..9980.58 rows=32658 width=4)
Nested Loop  (cost=1000.00..78990.15 rows=11485 width=3)
Nested Loop  (cost=1000.00..78990.15 rows=11485 width=3)
Nested Loop  (cost=1000.00..80448.09 rows=24739 width=3)
Seq Scan on voter_2  (cost=0.00..9980.58 rows=32474 width=4)
Nested Loop  (cost=1000.00..78990.15 rows=11485 width=3)
Seq Scan on voter_2  (cost=0.00..9980.58 rows=73074 width=4)
Nested Loop  (cost=1000.00..83460.88 rows=52128 width=3)
Nested Loop  (cost=1000.00..80399.47 rows=24297 width=3)
Nested Loop  (cost=1000.00..78990.15 rows=11485 width=3)
Seq Scan on voter_2  (cost=0.00..9980.58 rows=73074 width=4)
Seq Scan on voter_2  (cost=0.00..9980.58 rows=35808 width=4)
Nested Loop  (cost=1000.00..78990.15 rows=11485 width=3)
Seq Scan on voter_2  (cost=0.00..9980.58 rows=37517 width=4)
Nested Loop  (cost=1000.00..80448.09 rows=24739 width=3)
Seq Scan on voter_2  (cost=0.00..9980.58 rows=32474 width=4)
Seq Scan on voter_2  (cost=0.00..9980.58 rows=109066 width=4)
Nested Loop  (cost=1000.00..84238.47 rows=59197 width=3)
Nested Loop  (cost=1000.00..81905.92 rows=37992 width=3)
Seq Scan on voter_2  (cost=0.00..9980.58 rows=109066 width=4)
Seq Scan on voter_2  (cost=0.00..9980.58 rows=109066 width=4)
Seq Scan on voter_2  (cost=0.00..9980.58 rows=44052 width=4)
Seq Scan on voter_2  (cost=0.00..9980.58 rows=34183 width=4)
Nested Loop  (cost=1000.00..78990.15 rows=11485 width=3)
Seq Scan on voter_2  (cost=0.00..9980.58 rows=44052 width=4)
Seq Scan on voter_2  (cost=0.00..9980.58 rows=32658 width=4)
Nested Loop  (cost=1000.00..84311.29 rows=59859 width=3)
Nested Loop  (cost=1000.00..78990.15 rows=11485 width=3)
Nested Loop  (cost=1000.00..78990.15 rows=11485 width=3)
Nested Loop  (cost=1000.00..78990.15 rows=11485 width=3)
Seq Scan on voter_2  (cost=0.00..9980.58 rows=44052 width=4)
Seq Scan on voter_2  (cost=0.00..9980.58 rows=44052 width=4)
Nested Loop  (cost=1000.00..78990.15 rows=11485 width=3)
Seq Scan on voter_2  (cost=0.00..9980.58 rows=37517 width=4)
Nested Loop  (cost=1000.00..78990.15 rows=11485 width=3)
Nested Loop  (cost=1000.00..78990.15 rows=11485 width=3)
Nested Loop  (cost=1000.00..78990.15 rows=11485 width=3)
Seq Scan on voter_2  (cost=0.00..9980.58 rows=73074 width=4)
Seq Scan on voter_2  (cost=0.00..9980.58 rows=32658 width=4)
Nested Loop  (cost=1000.00..78990.15 rows=11485 width=3)
Seq Scan on voter_2  (cost=0.00..9980.58 rows=109066 width=4)
Seq Scan on voter_2  (cost=0.00..9980.58 rows=73074 width=4)
Nested Loop  (cost=1000.00..78990.15 rows=11485 width=3)
Nested Loop  (cost=1000.00..78990.15 rows=11485 width=3)
Seq Scan on voter_2  (cost=0.00..9980.58 rows=35808 width=4)
Seq Scan on voter_2  (cost=0.00..9980.58 rows=34853 width=4)
Nested Loop  (cost=1000.00..78990.15 rows=11485 width=3)
Nested Loop  (cost=1000.00..83460.88 rows=52128 width=3)
Seq Scan on voter_2  (cost=0.00..9980.58 rows=34183 width=4)
Seq Scan on voter_2  (cost=0.00..9980.58 rows=109066 width=4)
Seq Scan on voter_2  (cost=0.00..9980.58 rows=31351 width=4)
Nested Loop  (cost=1000.00..78990.15 rows=11485 width=3)
Nested Loop  (cost=1000.00..84092.61 rows=57871 width=3)
Seq Scan on voter_2  (cost=0.00..9980.58 rows=34853 width=4)
Nested Loop  (cost=1000.00..78990.15 rows=11485 width=3)
Nested Loop  (cost=1000.00..78990.15 rows=11485 width=3)
Nested Loop  (cost=1000.00..78990.15 rows=11485 width=3)
Seq Scan on voter_2  (cost=0.00..9980.58 rows=32658 width=4)
Seq Scan on voter_2  (cost=0.00..9980.58 rows=109066 width=4)
Nested Loop  (cost=1000.00..78990.15 rows=11485 width=3)
Nested Loop  (cost=1000.00..78990.15 rows=11485 width=3)
Seq Scan on voter_2  (cost=0.00..9980.58 rows=31351 width=4)
Seq Scan on voter_2  (cost=0.00..9980.58 rows=44052 width=4)
Nested Loop  (cost=1000.00..78990.15 rows=11485 width=3)
Seq Scan on voter_2  (cost=0.00..9980.58 rows=35808 width=4)
Seq Scan on voter_2  (cost=0.00..9980.58 rows=35808 width=4)
Nested Loop  (cost=1000.00..78990.15 rows=11485 width=3)
Nested Loop  (cost=1000.00..78990.15 rows=11485 width=3)
Nested Loop  (cost=1000.00..84141.23 rows=58313 width=3)
Seq Scan on voter_2  (cost=0.00..9980.58 rows=73074 width=4)
Seq Scan on voter_2  (cost=0.00..9980.58 rows=44052 width=4)
Nested Loop  (cost=1000.00..78990.15 rows=11485 width=3)
Nested Loop  (cost=1000.00..78990.15 rows=11485 width=3)
Seq Scan on voter_2  (cost=0.00..9980.58 rows=31351 width=4)
Seq Scan on voter_2  (cost=0.00..9980.58 rows=73074 width=4)
Seq Scan on voter_2  (cost=0.00..9980.58 rows=37651 width=4)
Seq Scan on voter_2  (cost=0.00..9980.58 rows=32474 width=4)
Seq Scan on voter_2  (cost=0.00..9980.58 rows=37651 width=4)
Seq Scan on voter_2  (cost=0.00..9980.58 rows=32474 width=4)
Nested Loop  (cost=1000.00..80448.09 rows=24739 width=3)
Nested Loop  (cost=1000.00..80521.02 rows=25402 width=3)
Nested Loop  (cost=1000.00..78990.15 rows=11485 width=3)
Seq Scan on voter_2  (cost=0.00..9980.58 rows=35808 width=4)
Nested Loop  (cost=1000.00..78990.15 rows=11485 width=3)
Nested Loop  (cost=1000.00..83703.87 rows=54337 width=3)
Nested Loop  (cost=1000.00..78990.15 rows=11485 width=3)
Seq Scan on voter_2  (cost=0.00..9980.58 rows=109066 width=4)
Nested Loop  (cost=1000.00..78990.15 rows=11485 width=3)
Nested Loop  (cost=1000.00..78990.15 rows=11485 width=3)
Seq Scan on voter_2  (cost=0.00..9980.58 rows=44052 width=4)
Nested Loop  (cost=1000.00..78990.15 rows=11485 width=3)
Seq Scan on voter_2  (cost=0.00..9980.58 rows=32474 width=4)
Nested Loop  (cost=1000.00..84092.61 rows=57871 width=3)
Seq Scan on voter_2  (cost=0.00..9980.58 rows=35808 width=4)
Seq Scan on voter_2  (cost=0.00..9980.58 rows=34853 width=4)
Seq Scan on voter_2  (cost=0.00..9980.58 rows=37651 width=4)
Seq Scan on voter_2  (cost=0.00..9980.58 rows=109066 width=4)
Nested Loop  (cost=1000.00..78990.15 rows=11485 width=3)
Seq Scan on voter_2  (cost=0.00..9980.58 rows=34183 width=4)
Seq Scan on voter_2  (cost=0.00..9980.58 rows=34853 width=4)
Nested Loop  (cost=1000.00..78990.15 rows=11485 width=3)
Seq Scan on voter_2  (cost=0.00..9980.58 rows=37651 width=4)
Nested Loop  (cost=1000.00..78990.15 rows=11485 width=3)
Nested Loop  (cost=1000.00..78990.15 rows=11485 width=3)
Nested Loop  (cost=1000.00..78990.15 rows=11485 width=3)
Seq Scan on voter_2  (cost=0.00..9980.58 rows=34183 width=4)
Nested Loop  (cost=1000.00..78990.15 rows=11485 width=3)
Nested Loop  (cost=1000.00..83752.49 rows=54779 width=3)
Seq Scan on voter_2  (cost=0.00..9980.58 rows=34183 width=4)
Nested Loop  (cost=1000.00..78990.15 rows=11485 width=3)
Nested Loop  (cost=1000.00..78990.15 rows=11485 width=3)
Nested Loop  (cost=1000.00..78990.15 rows=11485 width=3)
Seq Scan on voter_2  (cost=0.00..9980.58 rows=44052 width=4)
Seq Scan on voter_2  (cost=0.00..9980.58 rows=109066 width=4)
Seq Scan on voter_2  (cost=0.00..9980.58 rows=34853 width=4)
Nested Loop  (cost=1000.00..78990.15 rows=11485 width=3)
Seq Scan on voter_2  (cost=0.00..9980.58 rows=73074 width=4)
Seq Scan on voter_2  (cost=0.00..9980.58 rows=32658 width=4)
Seq Scan on voter_2  (cost=0.00..9980.58 rows=73074 width=4)
Seq Scan on voter_2  (cost=0.00..9980.58 rows=32658 width=4)
Seq Scan on voter_2  (cost=0.00..9980.58 rows=73074 width=4)
Seq Scan on voter_2  (cost=0.00..9980.58 rows=35808 width=4)
Nested Loop  (cost=1000.00..78990.15 rows=11485 width=3)
Nested Loop  (cost=1000.00..78990.15 rows=11485 width=3)
Nested Loop  (cost=1000.00..78990.15 rows=11485 width=3)
Seq Scan on voter_2  (cost=0.00..9980.58 rows=35808 width=4)
Nested Loop  (cost=1000.00..81249.88 rows=32028 width=3)
Nested Loop  (cost=1000.00..78990.15 rows=11485 width=3)
Nested Loop  (cost=1000.00..80545.22 rows=25622 width=3)
Seq Scan on voter_2  (cost=0.00..9980.58 rows=34853 width=4)
Seq Scan on voter_2  (cost=0.00..9980.58 rows=44052 width=4)
Seq Scan on voter_2  (cost=0.00..9980.58 rows=34853 width=4)
Nested Loop  (cost=1000.00..78990.15 rows=11485 width=3)
Nested Loop  (cost=1000.00..78990.15 rows=11485 width=3)
Nested Loop  (cost=1000.00..78990.15 rows=11485 width=3)
Nested Loop  (cost=1000.00..78990.15 rows=11485 width=3)
Nested Loop  (cost=1000.00..78990.15 rows=11485 width=3)
Nested Loop  (cost=1000.00..84141.23 rows=58313 width=3)
Seq Scan on voter_2  (cost=0.00..9980.58 rows=44052 width=4)
Nested Loop  (cost=1000.00..84262.78 rows=59418 width=3)
Seq Scan on voter_2  (cost=0.00..9980.58 rows=73074 width=4)
Seq Scan on voter_2  (cost=0.00..9980.58 rows=109066 width=4)
Seq Scan on voter_2  (cost=0.00..9980.58 rows=109066 width=4)
Seq Scan on voter_2  (cost=0.00..9980.58 rows=34183 width=4)
Seq Scan on voter_2  (cost=0.00..9980.58 rows=73074 width=4)
Seq Scan on voter_2  (cost=0.00..9980.58 rows=35808 width=4)
Nested Loop  (cost=1000.00..78990.15 rows=11485 width=3)
Nested Loop  (cost=1000.00..78990.15 rows=11485 width=3)
Nested Loop  (cost=1000.00..78990.15 rows=11485 width=3)
Seq Scan on voter_2  (cost=0.00..9980.58 rows=32474 width=4)
Nested Loop  (cost=1000.00..78990.15 rows=11485 width=3)
Seq Scan on voter_2  (cost=0.00..9980.58 rows=32474 width=4)
Seq Scan on voter_2  (cost=0.00..9980.58 rows=31351 width=4)
Nested Loop  (cost=1000.00..82075.98 rows=39538 width=3)
Nested Loop  (cost=1000.00..78990.15 rows=11485 width=3)
Nested Loop  (cost=1000.00..81371.32 rows=33132 width=3)
Seq Scan on voter_2  (cost=0.00..9980.58 rows=37651 width=4)
Nested Loop  (cost=1000.00..82051.67 rows=39317 width=3)
Nested Loop  (cost=1000.00..82318.97 rows=41747 width=3)
Nested Loop  (cost=1000.00..84238.47 rows=59197 width=3)
Seq Scan on voter_2  (cost=0.00..9980.58 rows=34183 width=4)
Nested Loop  (cost=1000.00..78990.15 rows=11485 width=3)
Seq Scan on voter_2  (cost=0.00..9980.58 rows=32658 width=4)
Seq Scan on voter_2  (cost=0.00..9980.58 rows=44052 width=4)
Seq Scan on voter_2  (cost=0.00..9980.58 rows=109066 width=4)
Seq Scan on voter_2  (cost=0.00..9980.58 rows=32658 width=4)
Seq Scan on voter_2  (cost=0.00..9980.58 rows=37517 width=4)
Seq Scan on voter_2  (cost=0.00..9980.58 rows=34853 width=4)
Seq Scan on voter_2  (cost=0.00..9980.58 rows=73074 width=4)
Seq Scan on voter_2  (cost=0.00..9980.58 rows=44052 width=4)
Nested Loop  (cost=1000.00..78990.15 rows=11485 width=3)
Nested Loop  (cost=1000.00..78990.15 rows=11485 width=3)
Nested Loop  (cost=1000.00..78990.15 rows=11485 width=3)
Nested Loop  (cost=1000.00..78990.15 rows=11485 width=3)
Nested Loop  (cost=1000.00..78990.15 rows=11485 width=3)
Nested Loop  (cost=1000.00..78990.15 rows=11485 width=3)
Nested Loop  (cost=1000.00..78990.15 rows=11485 width=3)
Nested Loop  (cost=1000.00..78990.15 rows=11485 width=3)
Seq Scan on voter_2  (cost=0.00..9980.58 rows=44052 width=4)
Nested Loop  (cost=1000.00..78990.15 rows=11485 width=3)
Seq Scan on voter_2  (cost=0.00..9980.58 rows=109066 width=4)
Seq Scan on voter_2  (cost=0.00..9980.58 rows=37517 width=4)
Seq Scan on voter_2  (cost=0.00..9980.58 rows=73074 width=4)
Seq Scan on voter_2  (cost=0.00..9980.58 rows=31351 width=4)
Seq Scan on voter_2  (cost=0.00..9980.58 rows=73074 width=4)
Nested Loop  (cost=1000.00..78990.15 rows=11485 width=3)
Seq Scan on voter_2  (cost=0.00..9980.58 rows=44052 width=4)
Seq Scan on voter_2  (cost=0.00..9980.58 rows=109066 width=4)
Seq Scan on voter_2  (cost=0.00..9980.58 rows=109066 width=4)
Nested Loop  (cost=1000.00..84335.60 rows=60080 width=3)
Nested Loop  (cost=1000.00..78990.15 rows=11485 width=3)
Nested Loop  (cost=1000.00..78990.15 rows=11485 width=3)
Seq Scan on voter_2  (cost=0.00..9980.58 rows=109066 width=4)
Nested Loop  (cost=1000.00..78990.15 rows=11485 width=3)
Seq Scan on voter_2  (cost=0.00..9980.58 rows=35808 width=4)
Nested Loop  (cost=1000.00..80496.71 rows=25181 width=3)
Nested Loop  (cost=1000.00..78990.15 rows=11485 width=3)
Seq Scan on voter_2  (cost=0.00..9980.58 rows=35808 width=4)
Nested Loop  (cost=1000.00..78990.15 rows=11485 width=3)
Seq Scan on voter_2  (cost=0.00..9980.58 rows=109066 width=4)
Nested Loop  (cost=1000.00..78990.15 rows=11485 width=3)
Nested Loop  (cost=1000.00..78990.15 rows=11485 width=3)
Nested Loop  (cost=1000.00..78990.15 rows=11485 width=3)
Seq Scan on voter_2  (cost=0.00..9980.58 rows=35808 width=4)
Nested Loop  (cost=1000.00..78990.15 rows=11485 width=3)
Seq Scan on voter_2  (cost=0.00..9980.58 rows=73074 width=4)
Nested Loop  (cost=1000.00..78990.15 rows=11485 width=3)
Seq Scan on voter_2  (cost=0.00..9980.58 rows=31351 width=4)
Seq Scan on voter_2  (cost=0.00..9980.58 rows=73074 width=4)
Seq Scan on voter_2  (cost=0.00..9980.58 rows=37651 width=4)
Seq Scan on voter_2  (cost=0.00..9980.58 rows=35808 width=4)
Nested Loop  (cost=1000.00..78990.15 rows=11485 width=3)
Nested Loop  (cost=1000.00..78990.15 rows=11485 width=3)
Nested Loop  (cost=1000.00..81104.13 rows=30703 width=3)
Seq Scan on voter_2  (cost=0.00..9980.58 rows=109066 width=4)
Nested Loop  (cost=1000.00..78990.15 rows=11485 width=3)
Nested Loop  (cost=1000.00..78990.15 rows=11485 width=3)
Seq Scan on voter_2  (cost=0.00..9980.58 rows=34853 width=4)
Seq Scan on voter_2  (cost=0.00..9980.58 rows=109066 width=4)
Seq Scan on voter_2  (cost=0.00..9980.58 rows=73074 width=4)
Nested Loop  (cost=1000.00..78990.15 rows=11485 width=3)
Nested Loop  (cost=1000.00..81905.92 rows=37992 width=3)
Seq Scan on voter_2  (cost=0.00..9980.58 rows=37651 width=4)
Seq Scan on voter_2  (cost=0.00..9980.58 rows=34853 width=4)
Nested Loop  (cost=1000.00..78990.15 rows=11485 width=3)
Seq Scan on voter_2  (cost=0.00..9980.58 rows=109066 width=4)
Nested Loop  (cost=1000.00..84116.92 rows=58092 width=3)
Nested Loop  (cost=1000.00..78990.15 rows=11485 width=3)
Seq Scan on voter_2  (cost=0.00..9980.58 rows=32474 width=4)
Nested Loop  (cost=1000.00..78990.15 rows=11485 width=3)
Nested Loop  (cost=1000.00..82051.67 rows=39317 width=3)
Nested Loop  (cost=1000.00..81395.63 rows=33353 width=3)
Seq Scan on voter_2  (cost=0.00..9980.58 rows=44052 width=4)
Seq Scan on voter_2  (cost=0.00..9980.58 rows=31351 width=4)
Seq Scan on voter_2  (cost=0.00..9980.58 rows=109066 width=4)
Seq Scan on voter_2  (cost=0.00..9980.58 rows=73074 width=4)
Nested Loop  (cost=1000.00..81055.51 rows=30261 width=3)
Nested Loop  (cost=1000.00..82902.08 rows=47048 width=3)
Nested Loop  (cost=1000.00..84165.54 rows=58534 width=3)
Nested Loop  (cost=1000.00..78990.15 rows=11485 width=3)
Seq Scan on voter_2  (cost=0.00..9980.58 rows=35808 width=4)
Seq Scan on voter_2  (cost=0.00..9980.58 rows=37517 width=4)
Seq Scan on voter_2  (cost=0.00..9980.58 rows=109066 width=4)
Seq Scan on voter_2  (cost=0.00..9980.58 rows=44052 width=4)
Seq Scan on voter_2  (cost=0.00..9980.58 rows=109066 width=4)
Seq Scan on voter_2  (cost=0.00..9980.58 rows=37651 width=4)
Nested Loop  (cost=1000.00..78990.15 rows=11485 width=3)
Nested Loop  (cost=1000.00..78990.15 rows=11485 width=3)
Nested Loop  (cost=1000.00..81104.13 rows=30703 width=3)
Seq Scan on voter_2  (cost=0.00..9980.58 rows=37651 width=4)
Nested Loop  (cost=1000.00..78990.15 rows=11485 width=3)
Seq Scan on voter_2  (cost=0.00..9980.58 rows=109066 width=4)
Nested Loop  (cost=1000.00..78990.15 rows=11485 width=3)
Nested Loop  (cost=1000.00..80496.71 rows=25181 width=3)
Seq Scan on voter_2  (cost=0.00..9980.58 rows=109066 width=4)
Seq Scan on voter_2  (cost=0.00..9980.58 rows=44052 width=4)
Nested Loop  (cost=1000.00..78990.15 rows=11485 width=3)
Nested Loop  (cost=1000.00..80423.78 rows=24518 width=3)
Nested Loop  (cost=1000.00..78990.15 rows=11485 width=3)
Seq Scan on voter_2  (cost=0.00..9980.58 rows=37651 width=4)
Seq Scan on voter_2  (cost=0.00..9980.58 rows=37517 width=4)
Nested Loop  (cost=1000.00..78990.15 rows=11485 width=3)
Nested Loop  (cost=1000.00..78990.15 rows=11485 width=3)
Seq Scan on voter_2  (cost=0.00..9980.58 rows=35808 width=4)
Seq Scan on voter_2  (cost=0.00..9980.58 rows=31351 width=4)
Seq Scan on voter_2  (cost=0.00..9980.58 rows=31351 width=4)
Nested Loop  (cost=1000.00..80399.47 rows=24297 width=3)
Nested Loop  (cost=1000.00..84165.54 rows=58534 width=3)
Nested Loop  (cost=1000.00..83995.48 rows=56988 width=3)
Seq Scan on voter_2  (cost=0.00..9980.58 rows=44052 width=4)
Seq Scan on voter_2  (cost=0.00..9980.58 rows=109066 width=4)
Seq Scan on voter_2  (cost=0.00..9980.58 rows=34853 width=4)
Seq Scan on voter_2  (cost=0.00..9980.58 rows=37651 width=4)
Seq Scan on voter_2  (cost=0.00..9980.58 rows=37517 width=4)
Nested Loop  (cost=1000.00..82902.08 rows=47048 width=3)
Seq Scan on voter_2  (cost=0.00..9980.58 rows=32658 width=4)
Seq Scan on voter_2  (cost=0.00..9980.58 rows=109066 width=4)
Nested Loop  (cost=1000.00..78990.15 rows=11485 width=3)
Nested Loop  (cost=1000.00..84457.15 rows=61185 width=3)
Seq Scan on voter_2  (cost=0.00..9980.58 rows=34853 width=4)
Nested Loop  (cost=1000.00..78990.15 rows=11485 width=3)
Seq Scan on voter_2  (cost=0.00..9980.58 rows=32474 width=4)
Nested Loop  (cost=1000.00..82586.27 rows=44177 width=3)
Seq Scan on voter_2  (cost=0.00..9980.58 rows=109066 width=4)
Nested Loop  (cost=1000.00..80496.71 rows=25181 width=3)
Nested Loop  (cost=1000.00..78990.15 rows=11485 width=3)
Nested Loop  (cost=1000.00..78990.15 rows=11485 width=3)
Nested Loop  (cost=1000.00..78990.15 rows=11485 width=3)
Nested Loop  (cost=1000.00..78990.15 rows=11485 width=3)
Seq Scan on voter_2  (cost=0.00..9980.58 rows=32474 width=4)
Seq Scan on voter_2  (cost=0.00..9980.58 rows=32658 width=4)
Seq Scan on voter_2  (cost=0.00..9980.58 rows=109066 width=4)
Nested Loop  (cost=1000.00..78990.15 rows=11485 width=3)
Seq Scan on voter_2  (cost=0.00..9980.58 rows=37517 width=4)
Seq Scan on voter_2  (cost=0.00..9980.58 rows=37517 width=4)
Seq Scan on voter_2  (cost=0.00..9980.58 rows=73074 width=4)
Seq Scan on voter_2  (cost=0.00..9980.58 rows=37651 width=4)
Nested Loop  (cost=1000.00..78990.15 rows=11485 width=3)
Nested Loop  (cost=1000.00..78990.15 rows=11485 width=3)
Nested Loop  (cost=1000.00..84116.92 rows=58092 width=3)
Seq Scan on voter_2  (cost=0.00..9980.58 rows=44052 width=4)
Nested Loop  (cost=1000.00..78990.15 rows=11485 width=3)
Seq Scan on voter_2  (cost=0.00..9980.58 rows=32658 width=4)
Nested Loop  (cost=1000.00..78990.15 rows=11485 width=3)
Seq Scan on voter_2  (cost=0.00..9980.58 rows=109066 width=4)
Nested Loop  (cost=1000.00..83995.48 rows=56988 width=3)
Nested Loop  (cost=1000.00..80472.40 rows=24960 width=3)
Nested Loop  (cost=1000.00..78990.15 rows=11485 width=3)
Seq Scan on voter_2  (cost=0.00..9980.58 rows=73074 width=4)
Nested Loop  (cost=1000.00..78990.15 rows=11485 width=3)
Nested Loop  (cost=1000.00..78990.15 rows=11485 width=3)
Seq Scan on voter_2  (cost=0.00..9980.58 rows=37517 width=4)
Seq Scan on voter_2  (cost=0.00..9980.58 rows=34183 width=4)
Seq Scan on voter_2  (cost=0.00..9980.58 rows=34853 width=4)
Seq Scan on voter_2  (cost=0.00..9980.58 rows=34183 width=4)
Seq Scan on voter_2  (cost=0.00..9980.58 rows=44052 width=4)
Seq Scan on voter_2  (cost=0.00..9980.58 rows=34183 width=4)
Seq Scan on voter_2  (cost=0.00..9980.58 rows=32658 width=4)
Nested Loop  (cost=1000.00..78990.15 rows=11485 width=3)
Nested Loop  (cost=1000.00..84092.61 rows=57871 width=3)
Nested Loop  (cost=1000.00..80982.58 rows=29598 width=3)
Seq Scan on voter_2  (cost=0.00..9980.58 rows=109066 width=4)
Seq Scan on voter_2  (cost=0.00..9980.58 rows=32474 width=4)
Nested Loop  (cost=1000.00..80861.14 rows=28494 width=3)
Nested Loop  (cost=1000.00..78990.15 rows=11485 width=3)
Nested Loop  (cost=1000.00..78990.15 rows=11485 width=3)
Nested Loop  (cost=1000.00..80472.40 rows=24960 width=3)
Nested Loop  (cost=1000.00..82489.03 rows=43293 width=3)
Nested Loop  (cost=1000.00..78990.15 rows=11485 width=3)
Nested Loop  (cost=1000.00..83120.76 rows=49036 width=3)
Seq Scan on voter_2  (cost=0.00..9980.58 rows=109066 width=4)
Seq Scan on voter_2  (cost=0.00..9980.58 rows=32658 width=4)
Seq Scan on voter_2  (cost=0.00..9980.58 rows=34183 width=4)
Seq Scan on voter_2  (cost=0.00..9980.58 rows=73074 width=4)
Seq Scan on voter_2  (cost=0.00..9980.58 rows=109066 width=4)
Seq Scan on voter_2  (cost=0.00..9980.58 rows=109066 width=4)
Nested Loop  (cost=1000.00..84141.23 rows=58313 width=3)
Seq Scan on voter_2  (cost=0.00..9980.58 rows=34853 width=4)
Nested Loop  (cost=1000.00..78990.15 rows=11485 width=3)
Nested Loop  (cost=1000.00..78990.15 rows=11485 width=3)
Seq Scan on voter_2  (cost=0.00..9980.58 rows=44052 width=4)
Nested Loop  (cost=1000.00..78990.15 rows=11485 width=3)
Nested Loop  (cost=1000.00..78990.15 rows=11485 width=3)
Nested Loop  (cost=1000.00..78990.15 rows=11485 width=3)
Seq Scan on voter_2  (cost=0.00..9980.58 rows=31351 width=4)
Nested Loop  (cost=1000.00..82367.59 rows=42189 width=3)
Nested Loop  (cost=1000.00..78990.15 rows=11485 width=3)
Nested Loop  (cost=1000.00..78990.15 rows=11485 width=3)
Seq Scan on voter_2  (cost=0.00..9980.58 rows=109066 width=4)
Seq Scan on voter_2  (cost=0.00..9980.58 rows=109066 width=4)
Seq Scan on voter_2  (cost=0.00..9980.58 rows=34183 width=4)
Seq Scan on voter_2  (cost=0.00..9980.58 rows=109066 width=4)
Nested Loop  (cost=1000.00..78990.15 rows=11485 width=3)
Seq Scan on voter_2  (cost=0.00..9980.58 rows=37651 width=4)
Seq Scan on voter_2  (cost=0.00..9980.58 rows=44052 width=4)
Seq Scan on voter_2  (cost=0.00..9980.58 rows=109066 width=4)
Seq Scan on voter_2  (cost=0.00..9980.58 rows=109066 width=4)
Seq Scan on voter_2  (cost=0.00..9980.58 rows=37651 width=4)
Seq Scan on voter_2  (cost=0.00..9980.58 rows=32658 width=4)
Nested Loop  (cost=1000.00..78990.15 rows=11485 width=3)
Nested Loop  (cost=1000.00..81055.51 rows=30261 width=3)
Nested Loop  (cost=1000.00..78990.15 rows=11485 width=3)
Nested Loop  (cost=1000.00..82075.98 rows=39538 width=3)
Nested Loop  (cost=1000.00..78990.15 rows=11485 width=3)
Nested Loop  (cost=1000.00..78990.15 rows=11485 width=3)
Nested Loop  (cost=1000.00..84262.78 rows=59418 width=3)
Nested Loop  (cost=1000.00..78990.15 rows=11485 width=3)
Nested Loop  (cost=1000.00..78990.15 rows=11485 width=3)
Seq Scan on voter_2  (cost=0.00..9980.58 rows=109066 width=4)
Seq Scan on voter_2  (cost=0.00..9980.58 rows=31351 width=4)
Seq Scan on voter_2  (cost=0.00..9980.58 rows=32474 width=4)
Seq Scan on voter_2  (cost=0.00..9980.58 rows=34183 width=4)
Seq Scan on voter_2  (cost=0.00..9980.58 rows=44052 width=4)
Nested Loop  (cost=1000.00..78990.15 rows=11485 width=3)
Seq Scan on voter_2  (cost=0.00..9980.58 rows=32658 width=4)
Nested Loop  (cost=1000.00..78990.15 rows=11485 width=3)
Nested Loop  (cost=1000.00..78990.15 rows=11485 width=3)
Seq Scan on voter_2  (cost=0.00..9980.58 rows=34183 width=4)
Nested Loop  (cost=1000.00..80763.90 rows=27610 width=3)
Nested Loop  (cost=1000.00..78990.15 rows=11485 width=3)
Nested Loop  (cost=1000.00..82416.10 rows=42630 width=3)
Nested Loop  (cost=1000.00..78990.15 rows=11485 width=3)
Seq Scan on voter_2  (cost=0.00..9980.58 rows=73074 width=4)
Seq Scan on voter_2  (cost=0.00..9980.58 rows=37517 width=4)
Nested Loop  (cost=1000.00..84092.61 rows=57871 width=3)
Seq Scan on voter_2  (cost=0.00..9980.58 rows=73074 width=4)
Gather  (cost=1000.00..7315.26 rows=1 width=4)
Seq Scan on voter_2  (cost=0.00..9980.58 rows=73074 width=4)
Seq Scan on voter_2  (cost=0.00..9980.58 rows=37517 width=4)
Seq Scan on voter_2  (cost=0.00..9980.58 rows=32474 width=4)
Nested Loop  (cost=1000.00..78990.15 rows=11485 width=3)
Seq Scan on voter_2  (cost=0.00..9980.58 rows=32474 width=4)
Nested Loop  (cost=1000.00..78990.15 rows=11485 width=3)
Nested Loop  (cost=1000.00..80521.02 rows=25402 width=3)
Nested Loop  (cost=1000.00..78990.15 rows=11485 width=3)
Seq Scan on voter_2  (cost=0.00..9980.58 rows=37651 width=4)
Seq Scan on voter_2  (cost=0.00..9980.58 rows=44052 width=4)
Seq Scan on voter_2  (cost=0.00..9980.58 rows=34853 width=4)
Seq Scan on voter_2  (cost=0.00..9980.58 rows=44052 width=4)
Nested Loop  (cost=1000.00..78990.15 rows=11485 width=3)
Nested Loop  (cost=1000.00..78990.15 rows=11485 width=3)
Seq Scan on voter_2  (cost=0.00..9980.58 rows=31351 width=4)
Nested Loop  (cost=1000.00..78990.15 rows=11485 width=3)
Nested Loop  (cost=1000.00..78990.15 rows=11485 width=3)
Nested Loop  (cost=1000.00..82051.67 rows=39317 width=3)
Nested Loop  (cost=1000.00..78990.15 rows=11485 width=3)
Seq Scan on voter_2  (cost=0.00..9980.58 rows=73074 width=4)
Nested Loop  (cost=1000.00..78990.15 rows=11485 width=3)
Seq Scan on voter_2  (cost=0.00..9980.58 rows=35808 width=4)
Seq Scan on voter_2  (cost=0.00..9980.58 rows=73074 width=4)
Nested Loop  (cost=1000.00..78990.15 rows=11485 width=3)
Seq Scan on voter_2  (cost=0.00..9980.58 rows=73074 width=4)
Seq Scan on voter_2  (cost=0.00..9980.58 rows=37651 width=4)
Seq Scan on voter_2  (cost=0.00..9980.58 rows=44052 width=4)
Seq Scan on voter_2  (cost=0.00..9980.58 rows=32658 width=4)
Seq Scan on voter_2  (cost=0.00..9980.58 rows=34853 width=4)
Nested Loop  (cost=1000.00..78990.15 rows=11485 width=3)
Nested Loop  (cost=1000.00..84262.78 rows=59418 width=3)
Seq Scan on voter_2  (cost=0.00..9980.58 rows=35808 width=4)
Seq Scan on voter_2  (cost=0.00..9980.58 rows=35808 width=4)
Nested Loop  (cost=1000.00..78990.15 rows=11485 width=3)
Nested Loop  (cost=1000.00..78990.15 rows=11485 width=3)
Nested Loop  (cost=1000.00..78990.15 rows=11485 width=3)
Nested Loop  (cost=1000.00..82586.27 rows=44177 width=3)
Nested Loop  (cost=1000.00..78990.15 rows=11485 width=3)
Seq Scan on voter_2  (cost=0.00..9980.58 rows=37651 width=4)
Nested Loop  (cost=1000.00..80448.09 rows=24739 width=3)
Nested Loop  (cost=1000.00..78990.15 rows=11485 width=3)
Nested Loop  (cost=1000.00..78990.15 rows=11485 width=3)
Seq Scan on voter_2  (cost=0.00..9980.58 rows=109066 width=4)
Seq Scan on voter_2  (cost=0.00..9980.58 rows=109066 width=4)
Seq Scan on voter_2  (cost=0.00..9980.58 rows=73074 width=4)
Nested Loop  (cost=1000.00..78990.15 rows=11485 width=3)
Nested Loop  (cost=1000.00..78990.15 rows=11485 width=3)
Seq Scan on voter_2  (cost=0.00..9980.58 rows=32658 width=4)
Nested Loop  (cost=1000.00..78990.15 rows=11485 width=3)
Seq Scan on voter_2  (cost=0.00..9980.58 rows=37517 width=4)
Nested Loop  (cost=1000.00..78990.15 rows=11485 width=3)
Seq Scan on voter_2  (cost=0.00..9980.58 rows=34183 width=4)
Nested Loop  (cost=1000.00..78990.15 rows=11485 width=3)
Seq Scan on voter_2  (cost=0.00..9980.58 rows=37651 width=4)
Nested Loop  (cost=1000.00..78990.15 rows=11485 width=3)
Nested Loop  (cost=1000.00..78990.15 rows=11485 width=3)
Seq Scan on voter_2  (cost=0.00..9980.58 rows=109066 width=4)
Seq Scan on voter_2  (cost=0.00..9980.58 rows=44052 width=4)
Seq Scan on voter_2  (cost=0.00..9980.58 rows=44052 width=4)
Seq Scan on voter_2  (cost=0.00..9980.58 rows=73074 width=4)
Seq Scan on voter_2  (cost=0.00..9980.58 rows=73074 width=4)
Nested Loop  (cost=1000.00..78990.15 rows=11485 width=3)
Nested Loop  (cost=1000.00..78990.15 rows=11485 width=3)
Nested Loop  (cost=1000.00..78990.15 rows=11485 width=3)
Nested Loop  (cost=1000.00..78990.15 rows=11485 width=3)
Nested Loop  (cost=1000.00..80399.47 rows=24297 width=3)
Seq Scan on voter_2  (cost=0.00..9980.58 rows=37517 width=4)
Nested Loop  (cost=1000.00..78990.15 rows=11485 width=3)
Seq Scan on voter_2  (cost=0.00..9980.58 rows=73074 width=4)
Seq Scan on voter_2  (cost=0.00..9980.58 rows=34183 width=4)
Seq Scan on voter_2  (cost=0.00..9980.58 rows=73074 width=4)
Nested Loop  (cost=1000.00..78990.15 rows=11485 width=3)
Seq Scan on voter_2  (cost=0.00..9980.58 rows=109066 width=4)
Seq Scan on voter_2  (cost=0.00..9980.58 rows=31351 width=4)
Seq Scan on voter_2  (cost=0.00..9980.58 rows=37517 width=4)
Seq Scan on voter_2  (cost=0.00..9980.58 rows=35808 width=4)
Nested Loop  (cost=1000.00..81274.19 rows=32249 width=3)
Nested Loop  (cost=1000.00..81249.88 rows=32028 width=3)
Nested Loop  (cost=1000.00..78990.15 rows=11485 width=3)
Nested Loop  (cost=1000.00..78990.15 rows=11485 width=3)
Nested Loop  (cost=1000.00..78990.15 rows=11485 width=3)
Seq Scan on voter_2  (cost=0.00..9980.58 rows=44052 width=4)
Seq Scan on voter_2  (cost=0.00..9980.58 rows=32658 width=4)
Nested Loop  (cost=1000.00..78990.15 rows=11485 width=3)
Nested Loop  (cost=1000.00..80982.58 rows=29598 width=3)
Seq Scan on voter_2  (cost=0.00..9980.58 rows=34183 width=4)
Seq Scan on voter_2  (cost=0.00..9980.58 rows=37517 width=4)
Nested Loop  (cost=1000.00..78990.15 rows=11485 width=3)
Seq Scan on voter_2  (cost=0.00..9980.58 rows=37651 width=4)
Seq Scan on voter_2  (cost=0.00..9980.58 rows=109066 width=4)
Seq Scan on voter_2  (cost=0.00..9980.58 rows=109066 width=4)
Seq Scan on voter_2  (cost=0.00..9980.58 rows=37517 width=4)
Nested Loop  (cost=1000.00..78990.15 rows=11485 width=3)
Seq Scan on voter_2  (cost=0.00..9980.58 rows=44052 width=4)
Nested Loop  (cost=1000.00..78990.15 rows=11485 width=3)
Seq Scan on voter_2  (cost=0.00..9980.58 rows=109066 width=4)
Seq Scan on voter_2  (cost=0.00..9980.58 rows=34853 width=4)
Nested Loop  (cost=1000.00..83703.87 rows=54337 width=3)
Nested Loop  (cost=1000.00..84311.29 rows=59859 width=3)
Nested Loop  (cost=1000.00..82270.35 rows=41305 width=3)
Seq Scan on voter_2  (cost=0.00..9980.58 rows=73074 width=4)
Nested Loop  (cost=1000.00..81347.12 rows=32912 width=3)
Nested Loop  (cost=1000.00..80448.09 rows=24739 width=3)
Seq Scan on voter_2  (cost=0.00..9980.58 rows=37651 width=4)
Nested Loop  (cost=1000.00..78990.15 rows=11485 width=3)
Nested Loop  (cost=1000.00..80982.58 rows=29598 width=3)
Nested Loop  (cost=1000.00..78990.15 rows=11485 width=3)
Seq Scan on voter_2  (cost=0.00..9980.58 rows=37517 width=4)
Nested Loop  (cost=1000.00..81905.92 rows=37992 width=3)
Seq Scan on voter_2  (cost=0.00..9980.58 rows=32658 width=4)
Nested Loop  (cost=1000.00..78990.15 rows=11485 width=3)
Seq Scan on voter_2  (cost=0.00..9980.58 rows=109066 width=4)
Nested Loop  (cost=1000.00..84238.47 rows=59197 width=3)
Nested Loop  (cost=1000.00..78990.15 rows=11485 width=3)
Seq Scan on voter_2  (cost=0.00..9980.58 rows=109066 width=4)
Seq Scan on voter_2  (cost=0.00..9980.58 rows=37651 width=4)
Seq Scan on voter_2  (cost=0.00..9980.58 rows=109066 width=4)
Nested Loop  (cost=1000.00..78990.15 rows=11485 width=3)
Seq Scan on voter_2  (cost=0.00..9980.58 rows=109066 width=4)
Nested Loop  (cost=1000.00..84262.78 rows=59418 width=3)
Nested Loop  (cost=1000.00..78990.15 rows=11485 width=3)
Nested Loop  (cost=1000.00..84238.47 rows=59197 width=3)
Seq Scan on voter_2  (cost=0.00..9980.58 rows=109066 width=4)
Seq Scan on voter_2  (cost=0.00..9980.58 rows=44052 width=4)
Seq Scan on voter_2  (cost=0.00..9980.58 rows=73074 width=4)
Seq Scan on voter_2  (cost=0.00..9980.58 rows=32658 width=4)
Seq Scan on voter_2  (cost=0.00..9980.58 rows=109066 width=4)
Seq Scan on voter_2  (cost=0.00..9980.58 rows=109066 width=4)
Nested Loop  (cost=1000.00..78990.15 rows=11485 width=3)
Nested Loop  (cost=1000.00..78990.15 rows=11485 width=3)
Seq Scan on voter_2  (cost=0.00..9980.58 rows=34183 width=4)
Nested Loop  (cost=1000.00..84116.92 rows=58092 width=3)
Nested Loop  (cost=1000.00..78990.15 rows=11485 width=3)
Nested Loop  (cost=1000.00..81978.85 rows=38655 width=3)
Nested Loop  (cost=1000.00..78990.15 rows=11485 width=3)
Nested Loop  (cost=1000.00..78990.15 rows=11485 width=3)
Seq Scan on voter_2  (cost=0.00..9980.58 rows=37651 width=4)
Seq Scan on voter_2  (cost=0.00..9980.58 rows=32658 width=4)
Seq Scan on voter_2  (cost=0.00..9980.58 rows=37651 width=4)
Seq Scan on voter_2  (cost=0.00..9980.58 rows=109066 width=4)
Nested Loop  (cost=1000.00..78990.15 rows=11485 width=3)
Nested Loop  (cost=1000.00..78990.15 rows=11485 width=3)
Seq Scan on voter_2  (cost=0.00..9980.58 rows=31351 width=4)
Nested Loop  (cost=1000.00..78990.15 rows=11485 width=3)
Seq Scan on voter_2  (cost=0.00..9980.58 rows=37651 width=4)
Seq Scan on voter_2  (cost=0.00..9980.58 rows=37517 width=4)
Seq Scan on voter_2  (cost=0.00..9980.58 rows=32474 width=4)
Seq Scan on voter_2  (cost=0.00..9980.58 rows=44052 width=4)
Seq Scan on voter_2  (cost=0.00..9980.58 rows=37517 width=4)
Nested Loop  (cost=1000.00..78990.15 rows=11485 width=3)
Nested Loop  (cost=1000.00..78990.15 rows=11485 width=3)
Nested Loop  (cost=1000.00..78990.15 rows=11485 width=3)
Nested Loop  (cost=1000.00..78990.15 rows=11485 width=3)
Nested Loop  (cost=1000.00..78990.15 rows=11485 width=3)
Nested Loop  (cost=1000.00..78990.15 rows=11485 width=3)
Nested Loop  (cost=1000.00..78990.15 rows=11485 width=3)
Seq Scan on voter_2  (cost=0.00..9980.58 rows=34183 width=4)
Seq Scan on voter_2  (cost=0.00..9980.58 rows=73074 width=4)
Nested Loop  (cost=1000.00..80763.90 rows=27610 width=3)
Seq Scan on voter_2  (cost=0.00..9980.58 rows=73074 width=4)
Nested Loop  (cost=1000.00..78990.15 rows=11485 width=3)
Seq Scan on voter_2  (cost=0.00..9980.58 rows=32474 width=4)
Seq Scan on voter_2  (cost=0.00..9980.58 rows=35808 width=4)
Seq Scan on voter_2  (cost=0.00..9980.58 rows=73074 width=4)
Seq Scan on voter_2  (cost=0.00..9980.58 rows=109066 width=4)
Nested Loop  (cost=1000.00..84724.34 rows=63614 width=3)
Nested Loop  (cost=1000.00..78990.15 rows=11485 width=3)
Nested Loop  (cost=1000.00..78990.15 rows=11485 width=3)
Seq Scan on voter_2  (cost=0.00..9980.58 rows=31351 width=4)
Nested Loop  (cost=1000.00..80399.47 rows=24297 width=3)
Nested Loop  (cost=1000.00..78990.15 rows=11485 width=3)
Seq Scan on voter_2  (cost=0.00..9980.58 rows=35808 width=4)
Seq Scan on voter_2  (cost=0.00..9980.58 rows=37517 width=4)
Nested Loop  (cost=1000.00..78990.15 rows=11485 width=3)
Seq Scan on voter_2  (cost=0.00..9980.58 rows=37517 width=4)
Nested Loop  (cost=1000.00..78990.15 rows=11485 width=3)
Seq Scan on voter_2  (cost=0.00..9980.58 rows=73074 width=4)
Nested Loop  (cost=1000.00..78990.15 rows=11485 width=3)
Seq Scan on voter_2  (cost=0.00..9980.58 rows=44052 width=4)
Seq Scan on voter_2  (cost=0.00..9980.58 rows=109066 width=4)
Nested Loop  (cost=1000.00..78990.15 rows=11485 width=3)
Nested Loop  (cost=1000.00..78990.15 rows=11485 width=3)
Nested Loop  (cost=1000.00..78990.15 rows=11485 width=3)
Nested Loop  (cost=1000.00..78990.15 rows=11485 width=3)
Seq Scan on voter_2  (cost=0.00..9980.58 rows=37651 width=4)
Seq Scan on voter_2  (cost=0.00..9980.58 rows=37651 width=4)
Nested Loop  (cost=1000.00..78990.15 rows=11485 width=3)
Seq Scan on voter_2  (cost=0.00..9980.58 rows=34853 width=4)
Seq Scan on voter_2  (cost=0.00..9980.58 rows=109066 width=4)
Nested Loop  (cost=1000.00..80399.47 rows=24297 width=3)
Seq Scan on voter_2  (cost=0.00..9980.58 rows=109066 width=4)
Seq Scan on voter_2  (cost=0.00..9980.58 rows=109066 width=4)
Nested Loop  (cost=1000.00..83873.93 rows=55883 width=3)
Nested Loop  (cost=1000.00..84141.23 rows=58313 width=3)
Nested Loop  (cost=1000.00..78990.15 rows=11485 width=3)
Nested Loop  (cost=1000.00..78990.15 rows=11485 width=3)
Seq Scan on voter_2  (cost=0.00..9980.58 rows=37517 width=4)
Seq Scan on voter_2  (cost=0.00..9980.58 rows=109066 width=4)
Seq Scan on voter_2  (cost=0.00..9980.58 rows=44052 width=4)
Nested Loop  (cost=1000.00..78990.15 rows=11485 width=3)
Seq Scan on voter_2  (cost=0.00..9980.58 rows=34853 width=4)
Seq Scan on voter_2  (cost=0.00..9980.58 rows=32658 width=4)
Seq Scan on voter_2  (cost=0.00..9980.58 rows=109066 width=4)
Nested Loop  (cost=1000.00..81274.19 rows=32249 width=3)
Nested Loop  (cost=1000.00..78990.15 rows=11485 width=3)
Nested Loop  (cost=1000.00..78990.15 rows=11485 width=3)
Seq Scan on voter_2  (cost=0.00..9980.58 rows=44052 width=4)
Nested Loop  (cost=1000.00..78990.15 rows=11485 width=3)
Seq Scan on voter_2  (cost=0.00..9980.58 rows=35808 width=4)
Nested Loop  (cost=1000.00..78990.15 rows=11485 width=3)
Nested Loop  (cost=1000.00..78990.15 rows=11485 width=3)
Seq Scan on voter_2  (cost=0.00..9980.58 rows=109066 width=4)
Nested Loop  (cost=1000.00..78990.15 rows=11485 width=3)
Seq Scan on voter_2  (cost=0.00..9980.58 rows=31351 width=4)
Seq Scan on voter_2  (cost=0.00..9980.58 rows=73074 width=4)
Seq Scan on voter_2  (cost=0.00..9980.58 rows=73074 width=4)
Nested Loop  (cost=1000.00..78990.15 rows=11485 width=3)
Seq Scan on voter_2  (cost=0.00..9980.58 rows=109066 width=4)
Seq Scan on voter_2  (cost=0.00..9980.58 rows=37517 width=4)
Nested Loop  (cost=1000.00..78990.15 rows=11485 width=3)
Nested Loop  (cost=1000.00..78990.15 rows=11485 width=3)
Seq Scan on voter_2  (cost=0.00..9980.58 rows=31351 width=4)
Nested Loop  (cost=1000.00..78990.15 rows=11485 width=3)
Nested Loop  (cost=1000.00..80909.76 rows=28936 width=3)
Nested Loop  (cost=1000.00..81930.23 rows=38213 width=3)
Seq Scan on voter_2  (cost=0.00..9980.58 rows=31351 width=4)
Nested Loop  (cost=1000.00..78990.15 rows=11485 width=3)
Seq Scan on voter_2  (cost=0.00..9980.58 rows=37517 width=4)
Seq Scan on voter_2  (cost=0.00..9980.58 rows=109066 width=4)
Seq Scan on voter_2  (cost=0.00..9980.58 rows=31351 width=4)
Seq Scan on voter_2  (cost=0.00..9980.58 rows=109066 width=4)
Seq Scan on voter_2  (cost=0.00..9980.58 rows=109066 width=4)
Nested Loop  (cost=1000.00..78990.15 rows=11485 width=3)
Nested Loop  (cost=1000.00..83995.48 rows=56988 width=3)
Nested Loop  (cost=1000.00..78990.15 rows=11485 width=3)
Nested Loop  (cost=1000.00..78990.15 rows=11485 width=3)
Nested Loop  (cost=1000.00..78990.15 rows=11485 width=3)
Nested Loop  (cost=1000.00..80836.83 rows=28273 width=3)
Seq Scan on voter_2  (cost=0.00..9980.58 rows=31351 width=4)
Seq Scan on voter_2  (cost=0.00..9980.58 rows=109066 width=4)
Seq Scan on voter_2  (cost=0.00..9980.58 rows=109066 width=4)
Seq Scan on voter_2  (cost=0.00..9980.58 rows=109066 width=4)
Nested Loop  (cost=1000.00..80788.21 rows=27831 width=3)
Seq Scan on voter_2  (cost=0.00..9980.58 rows=109066 width=4)
Nested Loop  (cost=1000.00..81614.31 rows=35341 width=3)
Seq Scan on voter_2  (cost=0.00..9980.58 rows=37651 width=4)
Seq Scan on voter_2  (cost=0.00..9980.58 rows=109066 width=4)
Seq Scan on voter_2  (cost=0.00..9980.58 rows=109066 width=4)
Seq Scan on voter_2  (cost=0.00..9980.58 rows=109066 width=4)
Seq Scan on voter_2  (cost=0.00..9980.58 rows=34183 width=4)
Nested Loop  (cost=1000.00..78990.15 rows=11485 width=3)
Nested Loop  (cost=1000.00..78990.15 rows=11485 width=3)
Nested Loop  (cost=1000.00..78990.15 rows=11485 width=3)
Nested Loop  (cost=1000.00..78990.15 rows=11485 width=3)
Nested Loop  (cost=1000.00..78990.15 rows=11485 width=3)
Nested Loop  (cost=1000.00..80399.47 rows=24297 width=3)
Nested Loop  (cost=1000.00..78990.15 rows=11485 width=3)
Nested Loop  (cost=1000.00..82221.73 rows=40863 width=3)
Seq Scan on voter_2  (cost=0.00..9980.58 rows=109066 width=4)
Seq Scan on voter_2  (cost=0.00..9980.58 rows=73074 width=4)
Nested Loop  (cost=1000.00..78990.15 rows=11485 width=3)
Seq Scan on voter_2  (cost=0.00..9980.58 rows=109066 width=4)
Seq Scan on voter_2  (cost=0.00..9980.58 rows=37651 width=4)
Nested Loop  (cost=1000.00..78990.15 rows=11485 width=3)
Seq Scan on voter_2  (cost=0.00..9980.58 rows=34183 width=4)
Seq Scan on voter_2  (cost=0.00..9980.58 rows=73074 width=4)
Seq Scan on voter_2  (cost=0.00..9980.58 rows=32474 width=4)
Nested Loop  (cost=1000.00..83703.87 rows=54337 width=3)
Nested Loop  (cost=1000.00..78990.15 rows=11485 width=3)
Seq Scan on voter_2  (cost=0.00..9980.58 rows=109066 width=4)
Seq Scan on voter_2  (cost=0.00..9980.58 rows=35808 width=4)
Nested Loop  (cost=1000.00..78990.15 rows=11485 width=3)
Nested Loop  (cost=1000.00..78990.15 rows=11485 width=3)
Seq Scan on voter_2  (cost=0.00..9980.58 rows=109066 width=4)
Nested Loop  (cost=1000.00..78990.15 rows=11485 width=3)
Nested Loop  (cost=1000.00..78990.15 rows=11485 width=3)
Nested Loop  (cost=1000.00..78990.15 rows=11485 width=3)
Seq Scan on voter_2  (cost=0.00..9980.58 rows=34853 width=4)
Seq Scan on voter_2  (cost=0.00..9980.58 rows=31351 width=4)
Nested Loop  (cost=1000.00..78990.15 rows=11485 width=3)
Seq Scan on voter_2  (cost=0.00..9980.58 rows=109066 width=4)
Seq Scan on voter_2  (cost=0.00..9980.58 rows=37517 width=4)
Seq Scan on voter_2  (cost=0.00..9980.58 rows=44052 width=4)
Nested Loop  (cost=1000.00..80521.02 rows=25402 width=3)
Seq Scan on voter_2  (cost=0.00..9980.58 rows=109066 width=4)
Nested Loop  (cost=1000.00..78990.15 rows=11485 width=3)
Seq Scan on voter_2  (cost=0.00..9980.58 rows=73074 width=4)
Nested Loop  (cost=1000.00..84238.47 rows=59197 width=3)
Nested Loop  (cost=1000.00..84165.54 rows=58534 width=3)
Seq Scan on voter_2  (cost=0.00..9980.58 rows=109066 width=4)
Nested Loop  (cost=1000.00..80861.14 rows=28494 width=3)
Seq Scan on voter_2  (cost=0.00..9980.58 rows=32474 width=4)
Nested Loop  (cost=1000.00..84311.29 rows=59859 width=3)
Seq Scan on voter_2  (cost=0.00..9980.58 rows=34853 width=4)
Nested Loop  (cost=1000.00..80375.16 rows=24076 width=3)
Nested Loop  (cost=1000.00..81371.32 rows=33132 width=3)
Seq Scan on voter_2  (cost=0.00..9980.58 rows=31351 width=4)
Nested Loop  (cost=1000.00..78990.15 rows=11485 width=3)
Seq Scan on voter_2  (cost=0.00..9980.58 rows=109066 width=4)
Nested Loop  (cost=1000.00..78990.15 rows=11485 width=3)
Seq Scan on voter_2  (cost=0.00..9980.58 rows=37517 width=4)
Nested Loop  (cost=1000.00..78990.15 rows=11485 width=3)
Seq Scan on voter_2  (cost=0.00..9980.58 rows=37651 width=4)
Nested Loop  (cost=1000.00..78990.15 rows=11485 width=3)
Nested Loop  (cost=1000.00..78990.15 rows=11485 width=3)
Seq Scan on voter_2  (cost=0.00..9980.58 rows=32658 width=4)
Nested Loop  (cost=1000.00..78990.15 rows=11485 width=3)
Seq Scan on voter_2  (cost=0.00..9980.58 rows=109066 width=4)
Nested Loop  (cost=1000.00..78990.15 rows=11485 width=3)
Seq Scan on voter_2  (cost=0.00..9980.58 rows=109066 width=4)
Seq Scan on voter_2  (cost=0.00..9980.58 rows=37651 width=4)
Seq Scan on voter_2  (cost=0.00..9980.58 rows=32658 width=4)
Seq Scan on voter_2  (cost=0.00..9980.58 rows=109066 width=4)
Nested Loop  (cost=1000.00..78990.15 rows=11485 width=3)
Nested Loop  (cost=1000.00..80399.47 rows=24297 width=3)
Seq Scan on voter_2  (cost=0.00..9980.58 rows=37651 width=4)
Nested Loop  (cost=1000.00..78990.15 rows=11485 width=3)
Nested Loop  (cost=1000.00..78990.15 rows=11485 width=3)
Seq Scan on voter_2  (cost=0.00..9980.58 rows=37517 width=4)
Seq Scan on voter_2  (cost=0.00..9980.58 rows=32474 width=4)
Seq Scan on voter_2  (cost=0.00..9980.58 rows=35808 width=4)
Seq Scan on voter_2  (cost=0.00..9980.58 rows=37517 width=4)
Nested Loop  (cost=1000.00..78990.15 rows=11485 width=3)
Nested Loop  (cost=1000.00..78990.15 rows=11485 width=3)
Nested Loop  (cost=1000.00..81614.31 rows=35341 width=3)
Seq Scan on voter_2  (cost=0.00..9980.58 rows=37517 width=4)
Nested Loop  (cost=1000.00..78990.15 rows=11485 width=3)
Nested Loop  (cost=1000.00..80521.02 rows=25402 width=3)
Seq Scan on voter_2  (cost=0.00..9980.58 rows=34853 width=4)
Nested Loop  (cost=1000.00..78990.15 rows=11485 width=3)
Nested Loop  (cost=1000.00..78990.15 rows=11485 width=3)
Seq Scan on voter_2  (cost=0.00..9980.58 rows=32474 width=4)
Seq Scan on voter_2  (cost=0.00..9980.58 rows=109066 width=4)
Nested Loop  (cost=1000.00..78990.15 rows=11485 width=3)
Seq Scan on voter_2  (cost=0.00..9980.58 rows=73074 width=4)
Seq Scan on voter_2  (cost=0.00..9980.58 rows=34853 width=4)
Seq Scan on voter_2  (cost=0.00..9980.58 rows=73074 width=4)
Nested Loop  (cost=1000.00..78990.15 rows=11485 width=3)
Nested Loop  (cost=1000.00..78990.15 rows=11485 width=3)
Nested Loop  (cost=1000.00..80593.84 rows=26064 width=3)
Nested Loop  (cost=1000.00..78990.15 rows=11485 width=3)
Seq Scan on voter_2  (cost=0.00..9980.58 rows=31351 width=4)
Seq Scan on voter_2  (cost=0.00..9980.58 rows=32658 width=4)
Seq Scan on voter_2  (cost=0.00..9980.58 rows=34183 width=4)
Nested Loop  (cost=1000.00..78990.15 rows=11485 width=3)
Nested Loop  (cost=1000.00..78990.15 rows=11485 width=3)
Seq Scan on voter_2  (cost=0.00..9980.58 rows=73074 width=4)
Seq Scan on voter_2  (cost=0.00..9980.58 rows=44052 width=4)
Nested Loop  (cost=1000.00..78990.15 rows=11485 width=3)
Seq Scan on voter_2  (cost=0.00..9980.58 rows=37517 width=4)
Nested Loop  (cost=1000.00..82051.67 rows=39317 width=3)
Seq Scan on voter_2  (cost=0.00..9980.58 rows=109066 width=4)
Nested Loop  (cost=1000.00..78990.15 rows=11485 width=3)
Seq Scan on voter_2  (cost=0.00..9980.58 rows=37651 width=4)
Seq Scan on voter_2  (cost=0.00..9980.58 rows=34183 width=4)
Nested Loop  (cost=1000.00..78990.15 rows=11485 width=3)
Seq Scan on voter_2  (cost=0.00..9980.58 rows=37651 width=4)
Seq Scan on voter_2  (cost=0.00..9980.58 rows=44052 width=4)
Nested Loop  (cost=1000.00..80836.83 rows=28273 width=3)
Nested Loop  (cost=1000.00..80521.02 rows=25402 width=3)
Nested Loop  (cost=1000.00..80982.58 rows=29598 width=3)
Seq Scan on voter_2  (cost=0.00..9980.58 rows=109066 width=4)
Nested Loop  (cost=1000.00..78990.15 rows=11485 width=3)
Nested Loop  (cost=1000.00..81614.31 rows=35341 width=3)
Nested Loop  (cost=1000.00..78990.15 rows=11485 width=3)
Seq Scan on voter_2  (cost=0.00..9980.58 rows=44052 width=4)
Seq Scan on voter_2  (cost=0.00..9980.58 rows=109066 width=4)
Nested Loop  (cost=1000.00..80861.14 rows=28494 width=3)
Seq Scan on voter_2  (cost=0.00..9980.58 rows=34183 width=4)
Seq Scan on voter_2  (cost=0.00..9980.58 rows=34853 width=4)
Nested Loop  (cost=1000.00..78990.15 rows=11485 width=3)
Nested Loop  (cost=1000.00..78990.15 rows=11485 width=3)
Seq Scan on voter_2  (cost=0.00..9980.58 rows=32658 width=4)
Nested Loop  (cost=1000.00..78990.15 rows=11485 width=3)
Nested Loop  (cost=1000.00..78990.15 rows=11485 width=3)
Seq Scan on voter_2  (cost=0.00..9980.58 rows=35808 width=4)
Seq Scan on voter_2  (cost=0.00..9980.58 rows=73074 width=4)
Seq Scan on voter_2  (cost=0.00..9980.58 rows=44052 width=4)
Nested Loop  (cost=1000.00..78990.15 rows=11485 width=3)
Seq Scan on voter_2  (cost=0.00..9980.58 rows=109066 width=4)
Seq Scan on voter_2  (cost=0.00..9980.58 rows=35808 width=4)
Seq Scan on voter_2  (cost=0.00..9980.58 rows=37517 width=4)
Nested Loop  (cost=1000.00..78990.15 rows=11485 width=3)
Nested Loop  (cost=1000.00..78990.15 rows=11485 width=3)
Nested Loop  (cost=1000.00..80861.14 rows=28494 width=3)
Nested Loop  (cost=1000.00..84311.29 rows=59859 width=3)
Nested Loop  (cost=1000.00..81274.19 rows=32249 width=3)
Nested Loop  (cost=1000.00..78990.15 rows=11485 width=3)
Seq Scan on voter_2  (cost=0.00..9980.58 rows=34853 width=4)
Nested Loop  (cost=1000.00..78990.15 rows=11485 width=3)
Seq Scan on voter_2  (cost=0.00..9980.58 rows=34853 width=4)
Nested Loop  (cost=1000.00..78990.15 rows=11485 width=3)
Seq Scan on voter_2  (cost=0.00..9980.58 rows=37651 width=4)
Seq Scan on voter_2  (cost=0.00..9980.58 rows=109066 width=4)
Seq Scan on voter_2  (cost=0.00..9980.58 rows=44052 width=4)
Seq Scan on voter_2  (cost=0.00..9980.58 rows=35808 width=4)
Seq Scan on voter_2  (cost=0.00..9980.58 rows=37517 width=4)
Seq Scan on voter_2  (cost=0.00..9980.58 rows=44052 width=4)
Seq Scan on voter_2  (cost=0.00..9980.58 rows=44052 width=4)
Nested Loop  (cost=1000.00..78990.15 rows=11485 width=3)
Nested Loop  (cost=1000.00..78990.15 rows=11485 width=3)
Seq Scan on voter_2  (cost=0.00..9980.58 rows=35808 width=4)
Seq Scan on voter_2  (cost=0.00..9980.58 rows=32658 width=4)
Seq Scan on voter_2  (cost=0.00..9980.58 rows=32474 width=4)
Nested Loop  (cost=1000.00..84262.78 rows=59418 width=3)
Nested Loop  (cost=1000.00..78990.15 rows=11485 width=3)
Seq Scan on voter_2  (cost=0.00..9980.58 rows=37651 width=4)
Nested Loop  (cost=1000.00..84092.61 rows=57871 width=3)
Nested Loop  (cost=1000.00..85088.88 rows=66928 width=3)
Nested Loop  (cost=1000.00..82318.97 rows=41747 width=3)
Nested Loop  (cost=1000.00..78990.15 rows=11485 width=3)
Nested Loop  (cost=1000.00..80496.71 rows=25181 width=3)
Nested Loop  (cost=1000.00..82489.03 rows=43293 width=3)
Seq Scan on voter_2  (cost=0.00..9980.58 rows=34183 width=4)
Nested Loop  (cost=1000.00..78990.15 rows=11485 width=3)
Seq Scan on voter_2  (cost=0.00..9980.58 rows=73074 width=4)
Nested Loop  (cost=1000.00..84165.54 rows=58534 width=3)
Nested Loop  (cost=1000.00..78990.15 rows=11485 width=3)
Seq Scan on voter_2  (cost=0.00..9980.58 rows=35808 width=4)
Seq Scan on voter_2  (cost=0.00..9980.58 rows=32474 width=4)
Seq Scan on voter_2  (cost=0.00..9980.58 rows=31351 width=4)
Seq Scan on voter_2  (cost=0.00..9980.58 rows=34183 width=4)
Nested Loop  (cost=1000.00..78990.15 rows=11485 width=3)
Seq Scan on voter_2  (cost=0.00..9980.58 rows=73074 width=4)
Seq Scan on voter_2  (cost=0.00..9980.58 rows=109066 width=4)
Seq Scan on voter_2  (cost=0.00..9980.58 rows=32658 width=4)
Seq Scan on voter_2  (cost=0.00..9980.58 rows=109066 width=4)
Nested Loop  (cost=1000.00..78990.15 rows=11485 width=3)
Nested Loop  (cost=1000.00..78990.15 rows=11485 width=3)
Nested Loop  (cost=1000.00..78990.15 rows=11485 width=3)
Seq Scan on voter_2  (cost=0.00..9980.58 rows=109066 width=4)
Nested Loop  (cost=1000.00..81347.12 rows=32912 width=3)
Nested Loop  (cost=1000.00..78990.15 rows=11485 width=3)
Nested Loop  (cost=1000.00..78990.15 rows=11485 width=3)
Seq Scan on voter_2  (cost=0.00..9980.58 rows=37517 width=4)
Seq Scan on voter_2  (cost=0.00..9980.58 rows=37517 width=4)
Seq Scan on voter_2  (cost=0.00..9980.58 rows=35808 width=4)
Nested Loop  (cost=1000.00..78990.15 rows=11485 width=3)
Seq Scan on voter_2  (cost=0.00..9980.58 rows=109066 width=4)
Nested Loop  (cost=1000.00..80836.83 rows=28273 width=3)
Nested Loop  (cost=1000.00..81201.26 rows=31586 width=3)
Nested Loop  (cost=1000.00..78990.15 rows=11485 width=3)
Nested Loop  (cost=1000.00..78990.15 rows=11485 width=3)
Nested Loop  (cost=1000.00..80691.08 rows=26948 width=3)
Seq Scan on voter_2  (cost=0.00..9980.58 rows=31351 width=4)
Seq Scan on voter_2  (cost=0.00..9980.58 rows=37651 width=4)
Seq Scan on voter_2  (cost=0.00..9980.58 rows=31351 width=4)
Seq Scan on voter_2  (cost=0.00..9980.58 rows=37517 width=4)
Gather  (cost=1000.00..7315.26 rows=1 width=4)
Seq Scan on voter_2  (cost=0.00..9980.58 rows=37517 width=4)
Seq Scan on voter_2  (cost=0.00..9980.58 rows=44052 width=4)
Nested Loop  (cost=1000.00..78990.15 rows=11485 width=3)
Nested Loop  (cost=1000.00..78990.15 rows=11485 width=3)
Nested Loop  (cost=1000.00..84019.79 rows=57209 width=3)
Seq Scan on voter_2  (cost=0.00..9980.58 rows=32474 width=4)
Seq Scan on voter_2  (cost=0.00..9980.58 rows=109066 width=4)
Seq Scan on voter_2  (cost=0.00..9980.58 rows=37517 width=4)
Nested Loop  (cost=1000.00..78990.15 rows=11485 width=3)
Nested Loop  (cost=1000.00..83873.93 rows=55883 width=3)
Nested Loop  (cost=1000.00..78990.15 rows=11485 width=3)
Seq Scan on voter_2  (cost=0.00..9980.58 rows=37517 width=4)
Nested Loop  (cost=1000.00..84262.78 rows=59418 width=3)
Nested Loop  (cost=1000.00..84481.46 rows=61406 width=3)
Nested Loop  (cost=1000.00..78990.15 rows=11485 width=3)
Seq Scan on voter_2  (cost=0.00..9980.58 rows=109066 width=4)
Seq Scan on voter_2  (cost=0.00..9980.58 rows=31351 width=4)
Seq Scan on voter_2  (cost=0.00..9980.58 rows=34183 width=4)
Nested Loop  (cost=1000.00..82343.28 rows=41968 width=3)
Seq Scan on voter_2  (cost=0.00..9980.58 rows=32658 width=4)
Nested Loop  (cost=1000.00..81930.23 rows=38213 width=3)
Seq Scan on voter_2  (cost=0.00..9980.58 rows=73074 width=4)
Nested Loop  (cost=1000.00..78990.15 rows=11485 width=3)
Nested Loop  (cost=1000.00..78990.15 rows=11485 width=3)
Seq Scan on voter_2  (cost=0.00..9980.58 rows=44052 width=4)
Seq Scan on voter_2  (cost=0.00..9980.58 rows=34853 width=4)
Seq Scan on voter_2  (cost=0.00..9980.58 rows=37651 width=4)
Nested Loop  (cost=1000.00..78990.15 rows=11485 width=3)
Nested Loop  (cost=1000.00..78990.15 rows=11485 width=3)
Nested Loop  (cost=1000.00..78990.15 rows=11485 width=3)
Seq Scan on voter_2  (cost=0.00..9980.58 rows=34183 width=4)
Seq Scan on voter_2  (cost=0.00..9980.58 rows=34853 width=4)
Seq Scan on voter_2  (cost=0.00..9980.58 rows=34183 width=4)
Nested Loop  (cost=1000.00..78990.15 rows=11485 width=3)
Seq Scan on voter_2  (cost=0.00..9980.58 rows=32474 width=4)
Nested Loop  (cost=1000.00..78990.15 rows=11485 width=3)
Seq Scan on voter_2  (cost=0.00..9980.58 rows=73074 width=4)
Nested Loop  (cost=1000.00..78990.15 rows=11485 width=3)
Nested Loop  (cost=1000.00..78990.15 rows=11485 width=3)
Nested Loop  (cost=1000.00..78990.15 rows=11485 width=3)
Nested Loop  (cost=1000.00..78990.15 rows=11485 width=3)
Nested Loop  (cost=1000.00..78990.15 rows=11485 width=3)
Seq Scan on voter_2  (cost=0.00..9980.58 rows=109066 width=4)
Nested Loop  (cost=1000.00..83460.88 rows=52128 width=3)
Seq Scan on voter_2  (cost=0.00..9980.58 rows=109066 width=4)
Seq Scan on voter_2  (cost=0.00..9980.58 rows=109066 width=4)
Seq Scan on voter_2  (cost=0.00..9980.58 rows=73074 width=4)
Seq Scan on voter_2  (cost=0.00..9980.58 rows=32658 width=4)
Seq Scan on voter_2  (cost=0.00..9980.58 rows=32474 width=4)
Seq Scan on voter_2  (cost=0.00..9980.58 rows=37651 width=4)
Nested Loop  (cost=1000.00..78990.15 rows=11485 width=3)
Seq Scan on voter_2  (cost=0.00..9980.58 rows=34853 width=4)
Nested Loop  (cost=1000.00..80982.58 rows=29598 width=3)
Seq Scan on voter_2  (cost=0.00..9980.58 rows=37651 width=4)
Nested Loop  (cost=1000.00..84238.47 rows=59197 width=3)
Nested Loop  (cost=1000.00..78990.15 rows=11485 width=3)
Nested Loop  (cost=1000.00..82051.67 rows=39317 width=3)
Nested Loop  (cost=1000.00..78990.15 rows=11485 width=3)
Nested Loop  (cost=1000.00..80521.02 rows=25402 width=3)
Seq Scan on voter_2  (cost=0.00..9980.58 rows=34183 width=4)
Nested Loop  (cost=1000.00..81395.63 rows=33353 width=3)
Seq Scan on voter_2  (cost=0.00..9980.58 rows=109066 width=4)
Seq Scan on voter_2  (cost=0.00..9980.58 rows=44052 width=4)
Nested Loop  (cost=1000.00..78990.15 rows=11485 width=3)
Seq Scan on voter_2  (cost=0.00..9980.58 rows=35808 width=4)
Nested Loop  (cost=1000.00..83922.55 rows=56325 width=3)
Nested Loop  (cost=1000.00..80763.90 rows=27610 width=3)
Seq Scan on voter_2  (cost=0.00..9980.58 rows=109066 width=4)
Gather  (cost=1000.00..7315.26 rows=1 width=4)
Nested Loop  (cost=1000.00..78990.15 rows=11485 width=3)
Seq Scan on voter_2  (cost=0.00..9980.58 rows=109066 width=4)
Seq Scan on voter_2  (cost=0.00..9980.58 rows=34853 width=4)
Seq Scan on voter_2  (cost=0.00..9980.58 rows=34853 width=4)
Seq Scan on voter_2  (cost=0.00..9980.58 rows=44052 width=4)
Seq Scan on voter_2  (cost=0.00..9980.58 rows=44052 width=4)
Seq Scan on voter_2  (cost=0.00..9980.58 rows=31351 width=4)
Seq Scan on voter_2  (cost=0.00..9980.58 rows=32474 width=4)
Seq Scan on voter_2  (cost=0.00..9980.58 rows=31351 width=4)
Nested Loop  (cost=1000.00..78990.15 rows=11485 width=3)
Nested Loop  (cost=1000.00..84262.78 rows=59418 width=3)
Nested Loop  (cost=1000.00..81395.63 rows=33353 width=3)
Seq Scan on voter_2  (cost=0.00..9980.58 rows=34183 width=4)
Nested Loop  (cost=1000.00..84529.97 rows=61847 width=3)
Nested Loop  (cost=1000.00..80423.78 rows=24518 width=3)
Nested Loop  (cost=1000.00..78990.15 rows=11485 width=3)
Nested Loop  (cost=1000.00..78990.15 rows=11485 width=3)
Nested Loop  (cost=1000.00..80399.47 rows=24297 width=3)
Nested Loop  (cost=1000.00..78990.15 rows=11485 width=3)
Nested Loop  (cost=1000.00..78990.15 rows=11485 width=3)
Seq Scan on voter_2  (cost=0.00..9980.58 rows=109066 width=4)
Seq Scan on voter_2  (cost=0.00..9980.58 rows=37651 width=4)
Seq Scan on voter_2  (cost=0.00..9980.58 rows=44052 width=4)
Seq Scan on voter_2  (cost=0.00..9980.58 rows=109066 width=4)
Nested Loop  (cost=1000.00..78990.15 rows=11485 width=3)
Seq Scan on voter_2  (cost=0.00..9980.58 rows=31351 width=4)
Nested Loop  (cost=1000.00..82100.29 rows=39759 width=3)
Seq Scan on voter_2  (cost=0.00..9980.58 rows=73074 width=4)
Seq Scan on voter_2  (cost=0.00..9980.58 rows=37651 width=4)
Nested Loop  (cost=1000.00..78990.15 rows=11485 width=3)
Nested Loop  (cost=1000.00..78990.15 rows=11485 width=3)
Nested Loop  (cost=1000.00..78990.15 rows=11485 width=3)
Seq Scan on voter_2  (cost=0.00..9980.58 rows=34183 width=4)
Nested Loop  (cost=1000.00..78990.15 rows=11485 width=3)
Seq Scan on voter_2  (cost=0.00..9980.58 rows=32474 width=4)
Nested Loop  (cost=1000.00..84481.46 rows=61406 width=3)
Seq Scan on voter_2  (cost=0.00..9980.58 rows=109066 width=4)
Seq Scan on voter_2  (cost=0.00..9980.58 rows=32474 width=4)
Seq Scan on voter_2  (cost=0.00..9980.58 rows=109066 width=4)
Nested Loop  (cost=1000.00..80763.90 rows=27610 width=3)
Nested Loop  (cost=1000.00..78990.15 rows=11485 width=3)
Nested Loop  (cost=1000.00..78990.15 rows=11485 width=3)
Nested Loop  (cost=1000.00..83460.88 rows=52128 width=3)
Seq Scan on voter_2  (cost=0.00..9980.58 rows=109066 width=4)
Seq Scan on voter_2  (cost=0.00..9980.58 rows=34183 width=4)
Seq Scan on voter_2  (cost=0.00..9980.58 rows=73074 width=4)
Nested Loop  (cost=1000.00..78990.15 rows=11485 width=3)
Seq Scan on voter_2  (cost=0.00..9980.58 rows=35808 width=4)
Nested Loop  (cost=1000.00..78990.15 rows=11485 width=3)
Nested Loop  (cost=1000.00..78990.15 rows=11485 width=3)
Seq Scan on voter_2  (cost=0.00..9980.58 rows=32658 width=4)
Seq Scan on voter_2  (cost=0.00..9980.58 rows=109066 width=4)
Nested Loop  (cost=1000.00..78990.15 rows=11485 width=3)
Seq Scan on voter_2  (cost=0.00..9980.58 rows=109066 width=4)
Nested Loop  (cost=1000.00..78990.15 rows=11485 width=3)
Nested Loop  (cost=1000.00..78990.15 rows=11485 width=3)
Seq Scan on voter_2  (cost=0.00..9980.58 rows=109066 width=4)
Seq Scan on voter_2  (cost=0.00..9980.58 rows=73074 width=4)
Nested Loop  (cost=1000.00..78990.15 rows=11485 width=3)
Seq Scan on voter_2  (cost=0.00..9980.58 rows=32474 width=4)
Nested Loop  (cost=1000.00..84141.23 rows=58313 width=3)
Seq Scan on voter_2  (cost=0.00..9980.58 rows=32474 width=4)
Seq Scan on voter_2  (cost=0.00..9980.58 rows=109066 width=4)
Nested Loop  (cost=1000.00..78990.15 rows=11485 width=3)
Nested Loop  (cost=1000.00..84724.34 rows=63614 width=3)
Seq Scan on voter_2  (cost=0.00..9980.58 rows=34183 width=4)
Nested Loop  (cost=1000.00..78990.15 rows=11485 width=3)
Nested Loop  (cost=1000.00..78990.15 rows=11485 width=3)
Nested Loop  (cost=1000.00..78990.15 rows=11485 width=3)
Seq Scan on voter_2  (cost=0.00..9980.58 rows=44052 width=4)
Seq Scan on voter_2  (cost=0.00..9980.58 rows=35808 width=4)
Nested Loop  (cost=1000.00..78990.15 rows=11485 width=3)
Nested Loop  (cost=1000.00..78990.15 rows=11485 width=3)
Seq Scan on voter_2  (cost=0.00..9980.58 rows=32474 width=4)
Seq Scan on voter_2  (cost=0.00..9980.58 rows=109066 width=4)
Nested Loop  (cost=1000.00..83922.55 rows=56325 width=3)
Seq Scan on voter_2  (cost=0.00..9980.58 rows=35808 width=4)
Nested Loop  (cost=1000.00..78990.15 rows=11485 width=3)
Seq Scan on voter_2  (cost=0.00..9980.58 rows=37651 width=4)
Nested Loop  (cost=1000.00..78990.15 rows=11485 width=3)
Nested Loop  (cost=1000.00..78990.15 rows=11485 width=3)
Nested Loop  (cost=1000.00..80861.14 rows=28494 width=3)
Seq Scan on voter_2  (cost=0.00..9980.58 rows=44052 width=4)
Seq Scan on voter_2  (cost=0.00..9980.58 rows=31351 width=4)
Seq Scan on voter_2  (cost=0.00..9980.58 rows=73074 width=4)
Seq Scan on voter_2  (cost=0.00..9980.58 rows=32474 width=4)
Gather  (cost=1000.00..7315.26 rows=1 width=4)
Seq Scan on voter_2  (cost=0.00..9980.58 rows=37651 width=4)
Nested Loop  (cost=1000.00..78990.15 rows=11485 width=3)
Seq Scan on voter_2  (cost=0.00..9980.58 rows=109066 width=4)
Nested Loop  (cost=1000.00..83120.76 rows=49036 width=3)
Nested Loop  (cost=1000.00..78990.15 rows=11485 width=3)
Seq Scan on voter_2  (cost=0.00..9980.58 rows=34853 width=4)
Seq Scan on voter_2  (cost=0.00..9980.58 rows=73074 width=4)
Nested Loop  (cost=1000.00..78990.15 rows=11485 width=3)
Seq Scan on voter_2  (cost=0.00..9980.58 rows=37517 width=4)
Seq Scan on voter_2  (cost=0.00..9980.58 rows=109066 width=4)
Seq Scan on voter_2  (cost=0.00..9980.58 rows=31351 width=4)
Nested Loop  (cost=1000.00..81249.88 rows=32028 width=3)
Nested Loop  (cost=1000.00..78990.15 rows=11485 width=3)
Seq Scan on voter_2  (cost=0.00..9980.58 rows=73074 width=4)
Nested Loop  (cost=1000.00..78990.15 rows=11485 width=3)
Nested Loop  (cost=1000.00..80691.08 rows=26948 width=3)
Nested Loop  (cost=1000.00..80836.83 rows=28273 width=3)
Nested Loop  (cost=1000.00..78990.15 rows=11485 width=3)
Seq Scan on voter_2  (cost=0.00..9980.58 rows=109066 width=4)
Nested Loop  (cost=1000.00..78990.15 rows=11485 width=3)
Seq Scan on voter_2  (cost=0.00..9980.58 rows=34853 width=4)
Nested Loop  (cost=1000.00..82610.58 rows=44398 width=3)
Seq Scan on voter_2  (cost=0.00..9980.58 rows=109066 width=4)
Seq Scan on voter_2  (cost=0.00..9980.58 rows=37517 width=4)
Nested Loop  (cost=1000.00..78990.15 rows=11485 width=3)
Nested Loop  (cost=1000.00..80788.21 rows=27831 width=3)
Nested Loop  (cost=1000.00..78990.15 rows=11485 width=3)
Seq Scan on voter_2  (cost=0.00..9980.58 rows=73074 width=4)
Nested Loop  (cost=1000.00..78990.15 rows=11485 width=3)
Seq Scan on voter_2  (cost=0.00..9980.58 rows=109066 width=4)
Seq Scan on voter_2  (cost=0.00..9980.58 rows=34183 width=4)
Seq Scan on voter_2  (cost=0.00..9980.58 rows=34853 width=4)
Nested Loop  (cost=1000.00..78990.15 rows=11485 width=3)
Seq Scan on voter_2  (cost=0.00..9980.58 rows=109066 width=4)
Seq Scan on voter_2  (cost=0.00..9980.58 rows=32474 width=4)
Seq Scan on voter_2  (cost=0.00..9980.58 rows=37517 width=4)
Nested Loop  (cost=1000.00..81905.92 rows=37992 width=3)
Nested Loop  (cost=1000.00..81274.19 rows=32249 width=3)
Seq Scan on voter_2  (cost=0.00..9980.58 rows=34853 width=4)
Seq Scan on voter_2  (cost=0.00..9980.58 rows=73074 width=4)
Nested Loop  (cost=1000.00..78990.15 rows=11485 width=3)
Nested Loop  (cost=1000.00..80496.71 rows=25181 width=3)
Nested Loop  (cost=1000.00..78990.15 rows=11485 width=3)
Nested Loop  (cost=1000.00..78990.15 rows=11485 width=3)
Seq Scan on voter_2  (cost=0.00..9980.58 rows=73074 width=4)
Nested Loop  (cost=1000.00..81104.13 rows=30703 width=3)
Nested Loop  (cost=1000.00..78990.15 rows=11485 width=3)
Seq Scan on voter_2  (cost=0.00..9980.58 rows=109066 width=4)
Seq Scan on voter_2  (cost=0.00..9980.58 rows=35808 width=4)
Seq Scan on voter_2  (cost=0.00..9980.58 rows=109066 width=4)
Seq Scan on voter_2  (cost=0.00..9980.58 rows=109066 width=4)
Seq Scan on voter_2  (cost=0.00..9980.58 rows=109066 width=4)
Nested Loop  (cost=1000.00..78990.15 rows=11485 width=3)
Nested Loop  (cost=1000.00..80399.47 rows=24297 width=3)
Seq Scan on voter_2  (cost=0.00..9980.58 rows=31351 width=4)
Nested Loop  (cost=1000.00..78990.15 rows=11485 width=3)
Nested Loop  (cost=1000.00..82367.59 rows=42189 width=3)
Nested Loop  (cost=1000.00..78990.15 rows=11485 width=3)
Nested Loop  (cost=1000.00..78990.15 rows=11485 width=3)
Nested Loop  (cost=1000.00..78990.15 rows=11485 width=3)
Seq Scan on voter_2  (cost=0.00..9980.58 rows=73074 width=4)
Seq Scan on voter_2  (cost=0.00..9980.58 rows=37651 width=4)
Seq Scan on voter_2  (cost=0.00..9980.58 rows=37651 width=4)
Nested Loop  (cost=1000.00..85088.88 rows=66928 width=3)
Nested Loop  (cost=1000.00..78990.15 rows=11485 width=3)
Seq Scan on voter_2  (cost=0.00..9980.58 rows=32474 width=4)
Seq Scan on voter_2  (cost=0.00..9980.58 rows=109066 width=4)
Seq Scan on voter_2  (cost=0.00..9980.58 rows=34853 width=4)
Seq Scan on voter_2  (cost=0.00..9980.58 rows=109066 width=4)
Seq Scan on voter_2  (cost=0.00..9980.58 rows=34183 width=4)
Nested Loop  (cost=1000.00..82489.03 rows=43293 width=3)
Seq Scan on voter_2  (cost=0.00..9980.58 rows=109066 width=4)
Seq Scan on voter_2  (cost=0.00..9980.58 rows=32658 width=4)
Seq Scan on voter_2  (cost=0.00..9980.58 rows=37651 width=4)
Seq Scan on voter_2  (cost=0.00..9980.58 rows=37517 width=4)
Nested Loop  (cost=1000.00..78990.15 rows=11485 width=3)
Nested Loop  (cost=1000.00..82003.05 rows=38875 width=3)
Nested Loop  (cost=1000.00..78990.15 rows=11485 width=3)
Nested Loop  (cost=1000.00..78990.15 rows=11485 width=3)
Nested Loop  (cost=1000.00..78990.15 rows=11485 width=3)
Nested Loop  (cost=1000.00..78990.15 rows=11485 width=3)
Seq Scan on voter_2  (cost=0.00..9980.58 rows=32658 width=4)
Nested Loop  (cost=1000.00..78990.15 rows=11485 width=3)
Seq Scan on voter_2  (cost=0.00..9980.58 rows=32474 width=4)
Nested Loop  (cost=1000.00..80569.53 rows=25843 width=3)
Nested Loop  (cost=1000.00..78990.15 rows=11485 width=3)
Nested Loop  (cost=1000.00..78990.15 rows=11485 width=3)
Nested Loop  (cost=1000.00..78990.15 rows=11485 width=3)
Seq Scan on voter_2  (cost=0.00..9980.58 rows=73074 width=4)
Seq Scan on voter_2  (cost=0.00..9980.58 rows=31351 width=4)
Seq Scan on voter_2  (cost=0.00..9980.58 rows=109066 width=4)
Seq Scan on voter_2  (cost=0.00..9980.58 rows=34853 width=4)
Nested Loop  (cost=1000.00..80448.09 rows=24739 width=3)
Seq Scan on voter_2  (cost=0.00..9980.58 rows=44052 width=4)
Seq Scan on voter_2  (cost=0.00..9980.58 rows=32474 width=4)
Nested Loop  (cost=1000.00..78990.15 rows=11485 width=3)
Nested Loop  (cost=1000.00..78990.15 rows=11485 width=3)
Nested Loop  (cost=1000.00..78990.15 rows=11485 width=3)
Gather  (cost=1000.00..7315.26 rows=1 width=4)
Seq Scan on voter_2  (cost=0.00..9980.58 rows=44052 width=4)
Seq Scan on voter_2  (cost=0.00..9980.58 rows=109066 width=4)
Nested Loop  (cost=1000.00..78990.15 rows=11485 width=3)
Seq Scan on voter_2  (cost=0.00..9980.58 rows=32474 width=4)
Nested Loop  (cost=1000.00..78990.15 rows=11485 width=3)
Seq Scan on voter_2  (cost=0.00..9980.58 rows=109066 width=4)
Nested Loop  (cost=1000.00..78990.15 rows=11485 width=3)
Nested Loop  (cost=1000.00..78990.15 rows=11485 width=3)
Seq Scan on voter_2  (cost=0.00..9980.58 rows=109066 width=4)
Seq Scan on voter_2  (cost=0.00..9980.58 rows=73074 width=4)
Seq Scan on voter_2  (cost=0.00..9980.58 rows=73074 width=4)
Seq Scan on voter_2  (cost=0.00..9980.58 rows=31351 width=4)
Nested Loop  (cost=1000.00..84262.78 rows=59418 width=3)
Nested Loop  (cost=1000.00..78990.15 rows=11485 width=3)
Nested Loop  (cost=1000.00..83388.06 rows=51466 width=3)
Nested Loop  (cost=1000.00..78990.15 rows=11485 width=3)
Nested Loop  (cost=1000.00..78990.15 rows=11485 width=3)
Nested Loop  (cost=1000.00..84019.79 rows=57209 width=3)
Seq Scan on voter_2  (cost=0.00..9980.58 rows=44052 width=4)
Seq Scan on voter_2  (cost=0.00..9980.58 rows=37651 width=4)
Seq Scan on voter_2  (cost=0.00..9980.58 rows=73074 width=4)
Seq Scan on voter_2  (cost=0.00..9980.58 rows=32658 width=4)
Seq Scan on voter_2  (cost=0.00..9980.58 rows=31351 width=4)
Nested Loop  (cost=1000.00..83703.87 rows=54337 width=3)
Seq Scan on voter_2  (cost=0.00..9980.58 rows=34183 width=4)
Nested Loop  (cost=1000.00..78990.15 rows=11485 width=3)
Nested Loop  (cost=1000.00..78990.15 rows=11485 width=3)
Nested Loop  (cost=1000.00..78990.15 rows=11485 width=3)
Seq Scan on voter_2  (cost=0.00..9980.58 rows=37517 width=4)
Seq Scan on voter_2  (cost=0.00..9980.58 rows=109066 width=4)
Seq Scan on voter_2  (cost=0.00..9980.58 rows=109066 width=4)
Seq Scan on voter_2  (cost=0.00..9980.58 rows=32658 width=4)
Nested Loop  (cost=1000.00..84116.92 rows=58092 width=3)
Nested Loop  (cost=1000.00..78990.15 rows=11485 width=3)
Nested Loop  (cost=1000.00..83922.55 rows=56325 width=3)
Seq Scan on voter_2  (cost=0.00..9980.58 rows=109066 width=4)
Nested Loop  (cost=1000.00..78990.15 rows=11485 width=3)
Nested Loop  (cost=1000.00..78990.15 rows=11485 width=3)
Nested Loop  (cost=1000.00..78990.15 rows=11485 width=3)
Nested Loop  (cost=1000.00..78990.15 rows=11485 width=3)
Seq Scan on voter_2  (cost=0.00..9980.58 rows=35808 width=4)
Seq Scan on voter_2  (cost=0.00..9980.58 rows=35808 width=4)
Seq Scan on voter_2  (cost=0.00..9980.58 rows=37517 width=4)
Nested Loop  (cost=1000.00..78990.15 rows=11485 width=3)
Nested Loop  (cost=1000.00..82489.03 rows=43293 width=3)
Nested Loop  (cost=1000.00..78990.15 rows=11485 width=3)
Seq Scan on voter_2  (cost=0.00..9980.58 rows=109066 width=4)
Seq Scan on voter_2  (cost=0.00..9980.58 rows=35808 width=4)
Seq Scan on voter_2  (cost=0.00..9980.58 rows=37651 width=4)
Seq Scan on voter_2  (cost=0.00..9980.58 rows=73074 width=4)
Seq Scan on voter_2  (cost=0.00..9980.58 rows=34183 width=4)
Seq Scan on voter_2  (cost=0.00..9980.58 rows=44052 width=4)
Seq Scan on voter_2  (cost=0.00..9980.58 rows=32658 width=4)
Nested Loop  (cost=1000.00..78990.15 rows=11485 width=3)
Nested Loop  (cost=1000.00..84092.61 rows=57871 width=3)
Nested Loop  (cost=1000.00..83873.93 rows=55883 width=3)
Seq Scan on voter_2  (cost=0.00..9980.58 rows=32474 width=4)
Nested Loop  (cost=1000.00..82003.05 rows=38875 width=3)
Nested Loop  (cost=1000.00..82270.35 rows=41305 width=3)
Nested Loop  (cost=1000.00..78990.15 rows=11485 width=3)
Seq Scan on voter_2  (cost=0.00..9980.58 rows=109066 width=4)
Seq Scan on voter_2  (cost=0.00..9980.58 rows=109066 width=4)
Nested Loop  (cost=1000.00..78990.15 rows=11485 width=3)
Nested Loop  (cost=1000.00..83898.24 rows=56104 width=3)
Nested Loop  (cost=1000.00..78990.15 rows=11485 width=3)
Nested Loop  (cost=1000.00..78990.15 rows=11485 width=3)
Seq Scan on voter_2  (cost=0.00..9980.58 rows=73074 width=4)
Seq Scan on voter_2  (cost=0.00..9980.58 rows=32474 width=4)
Seq Scan on voter_2  (cost=0.00..9980.58 rows=44052 width=4)
Nested Loop  (cost=1000.00..82051.67 rows=39317 width=3)
Nested Loop  (cost=1000.00..81249.88 rows=32028 width=3)
Seq Scan on voter_2  (cost=0.00..9980.58 rows=34183 width=4)
Seq Scan on voter_2  (cost=0.00..9980.58 rows=37651 width=4)
Nested Loop  (cost=1000.00..78990.15 rows=11485 width=3)
Seq Scan on voter_2  (cost=0.00..9980.58 rows=73074 width=4)
Nested Loop  (cost=1000.00..78990.15 rows=11485 width=3)
Seq Scan on voter_2  (cost=0.00..9980.58 rows=37517 width=4)
Seq Scan on voter_2  (cost=0.00..9980.58 rows=32658 width=4)
Nested Loop  (cost=1000.00..78990.15 rows=11485 width=3)
Seq Scan on voter_2  (cost=0.00..9980.58 rows=73074 width=4)
Nested Loop  (cost=1000.00..78990.15 rows=11485 width=3)
Nested Loop  (cost=1000.00..81978.85 rows=38655 width=3)
Nested Loop  (cost=1000.00..78990.15 rows=11485 width=3)
Seq Scan on voter_2  (cost=0.00..9980.58 rows=37651 width=4)
Seq Scan on voter_2  (cost=0.00..9980.58 rows=109066 width=4)
Nested Loop  (cost=1000.00..78990.15 rows=11485 width=3)
Seq Scan on voter_2  (cost=0.00..9980.58 rows=73074 width=4)
Seq Scan on voter_2  (cost=0.00..9980.58 rows=73074 width=4)
Nested Loop  (cost=1000.00..78990.15 rows=11485 width=3)
Nested Loop  (cost=1000.00..78990.15 rows=11485 width=3)
Seq Scan on voter_2  (cost=0.00..9980.58 rows=109066 width=4)
Seq Scan on voter_2  (cost=0.00..9980.58 rows=44052 width=4)
Nested Loop  (cost=1000.00..80545.22 rows=25622 width=3)
Nested Loop  (cost=1000.00..82221.73 rows=40863 width=3)
Nested Loop  (cost=1000.00..78990.15 rows=11485 width=3)
Seq Scan on voter_2  (cost=0.00..9980.58 rows=73074 width=4)
Seq Scan on voter_2  (cost=0.00..9980.58 rows=34183 width=4)
Nested Loop  (cost=1000.00..78990.15 rows=11485 width=3)
Seq Scan on voter_2  (cost=0.00..9980.58 rows=32474 width=4)
Seq Scan on voter_2  (cost=0.00..9980.58 rows=109066 width=4)
Seq Scan on voter_2  (cost=0.00..9980.58 rows=37517 width=4)
Nested Loop  (cost=1000.00..78990.15 rows=11485 width=3)
Seq Scan on voter_2  (cost=0.00..9980.58 rows=37517 width=4)
Nested Loop  (cost=1000.00..78990.15 rows=11485 width=3)
Nested Loop  (cost=1000.00..78990.15 rows=11485 width=3)
Seq Scan on voter_2  (cost=0.00..9980.58 rows=109066 width=4)
Nested Loop  (cost=1000.00..78990.15 rows=11485 width=3)
Seq Scan on voter_2  (cost=0.00..9980.58 rows=35808 width=4)
Nested Loop  (cost=1000.00..84165.54 rows=58534 width=3)
Seq Scan on voter_2  (cost=0.00..9980.58 rows=35808 width=4)
Nested Loop  (cost=1000.00..78990.15 rows=11485 width=3)
Seq Scan on voter_2  (cost=0.00..9980.58 rows=73074 width=4)
Nested Loop  (cost=1000.00..83873.93 rows=55883 width=3)
Nested Loop  (cost=1000.00..78990.15 rows=11485 width=3)
Seq Scan on voter_2  (cost=0.00..9980.58 rows=37517 width=4)
Seq Scan on voter_2  (cost=0.00..9980.58 rows=34183 width=4)
Nested Loop  (cost=1000.00..78990.15 rows=11485 width=3)
Nested Loop  (cost=1000.00..78990.15 rows=11485 width=3)
Nested Loop  (cost=1000.00..78990.15 rows=11485 width=3)
Seq Scan on voter_2  (cost=0.00..9980.58 rows=31351 width=4)
Seq Scan on voter_2  (cost=0.00..9980.58 rows=73074 width=4)
Seq Scan on voter_2  (cost=0.00..9980.58 rows=37651 width=4)
Seq Scan on voter_2  (cost=0.00..9980.58 rows=109066 width=4)
Nested Loop  (cost=1000.00..78990.15 rows=11485 width=3)
Nested Loop  (cost=1000.00..78990.15 rows=11485 width=3)
Nested Loop  (cost=1000.00..78990.15 rows=11485 width=3)
Nested Loop  (cost=1000.00..78990.15 rows=11485 width=3)
Seq Scan on voter_2  (cost=0.00..9980.58 rows=32474 width=4)
Seq Scan on voter_2  (cost=0.00..9980.58 rows=32474 width=4)
Seq Scan on voter_2  (cost=0.00..9980.58 rows=34853 width=4)
Nested Loop  (cost=1000.00..78990.15 rows=11485 width=3)
Nested Loop  (cost=1000.00..78990.15 rows=11485 width=3)
Seq Scan on voter_2  (cost=0.00..9980.58 rows=73074 width=4)
Nested Loop  (cost=1000.00..84262.78 rows=59418 width=3)
Seq Scan on voter_2  (cost=0.00..9980.58 rows=34853 width=4)
Nested Loop  (cost=1000.00..78990.15 rows=11485 width=3)
Seq Scan on voter_2  (cost=0.00..9980.58 rows=109066 width=4)
Nested Loop  (cost=1000.00..83460.88 rows=52128 width=3)
Seq Scan on voter_2  (cost=0.00..9980.58 rows=37517 width=4)
Nested Loop  (cost=1000.00..78990.15 rows=11485 width=3)
Nested Loop  (cost=1000.00..78990.15 rows=11485 width=3)
Nested Loop  (cost=1000.00..80399.47 rows=24297 width=3)
Seq Scan on voter_2  (cost=0.00..9980.58 rows=109066 width=4)
Seq Scan on voter_2  (cost=0.00..9980.58 rows=109066 width=4)
Seq Scan on voter_2  (cost=0.00..9980.58 rows=34183 width=4)
Nested Loop  (cost=1000.00..78990.15 rows=11485 width=3)
Nested Loop  (cost=1000.00..78990.15 rows=11485 width=3)
Seq Scan on voter_2  (cost=0.00..9980.58 rows=37651 width=4)
Seq Scan on voter_2  (cost=0.00..9980.58 rows=109066 width=4)
Seq Scan on voter_2  (cost=0.00..9980.58 rows=73074 width=4)
Seq Scan on voter_2  (cost=0.00..9980.58 rows=109066 width=4)
Nested Loop  (cost=1000.00..85088.88 rows=66928 width=3)
Nested Loop  (cost=1000.00..78990.15 rows=11485 width=3)
Nested Loop  (cost=1000.00..78990.15 rows=11485 width=3)
Seq Scan on voter_2  (cost=0.00..9980.58 rows=109066 width=4)
Nested Loop  (cost=1000.00..78990.15 rows=11485 width=3)
Nested Loop  (cost=1000.00..78990.15 rows=11485 width=3)
Seq Scan on voter_2  (cost=0.00..9980.58 rows=34183 width=4)
Nested Loop  (cost=1000.00..78990.15 rows=11485 width=3)
Seq Scan on voter_2  (cost=0.00..9980.58 rows=32658 width=4)
Nested Loop  (cost=1000.00..82270.35 rows=41305 width=3)
Nested Loop  (cost=1000.00..78990.15 rows=11485 width=3)
Seq Scan on voter_2  (cost=0.00..9980.58 rows=109066 width=4)
Seq Scan on voter_2  (cost=0.00..9980.58 rows=44052 width=4)
Seq Scan on voter_2  (cost=0.00..9980.58 rows=32658 width=4)
Seq Scan on voter_2  (cost=0.00..9980.58 rows=37651 width=4)
Nested Loop  (cost=1000.00..84116.92 rows=58092 width=3)
Nested Loop  (cost=1000.00..81201.26 rows=31586 width=3)
Seq Scan on voter_2  (cost=0.00..9980.58 rows=37651 width=4)
Nested Loop  (cost=1000.00..80545.22 rows=25622 width=3)
Nested Loop  (cost=1000.00..78990.15 rows=11485 width=3)
Seq Scan on voter_2  (cost=0.00..9980.58 rows=37651 width=4)
Nested Loop  (cost=1000.00..80788.21 rows=27831 width=3)
Seq Scan on voter_2  (cost=0.00..9980.58 rows=34183 width=4)
Seq Scan on voter_2  (cost=0.00..9980.58 rows=37651 width=4)
Seq Scan on voter_2  (cost=0.00..9980.58 rows=32658 width=4)
Seq Scan on voter_2  (cost=0.00..9980.58 rows=109066 width=4)
Nested Loop  (cost=1000.00..78990.15 rows=11485 width=3)
Nested Loop  (cost=1000.00..84262.78 rows=59418 width=3)
Nested Loop  (cost=1000.00..78990.15 rows=11485 width=3)
Seq Scan on voter_2  (cost=0.00..9980.58 rows=73074 width=4)
Seq Scan on voter_2  (cost=0.00..9980.58 rows=73074 width=4)
Nested Loop  (cost=1000.00..78990.15 rows=11485 width=3)
Nested Loop  (cost=1000.00..78990.15 rows=11485 width=3)
Nested Loop  (cost=1000.00..82221.73 rows=40863 width=3)
Seq Scan on voter_2  (cost=0.00..9980.58 rows=109066 width=4)
Seq Scan on voter_2  (cost=0.00..9980.58 rows=34853 width=4)
Nested Loop  (cost=1000.00..78990.15 rows=11485 width=3)
Seq Scan on voter_2  (cost=0.00..9980.58 rows=37517 width=4)
Nested Loop  (cost=1000.00..78990.15 rows=11485 width=3)
Nested Loop  (cost=1000.00..82270.35 rows=41305 width=3)
Seq Scan on voter_2  (cost=0.00..9980.58 rows=44052 width=4)
Nested Loop  (cost=1000.00..78990.15 rows=11485 width=3)
Seq Scan on voter_2  (cost=0.00..9980.58 rows=37651 width=4)
Nested Loop  (cost=1000.00..78990.15 rows=11485 width=3)
Seq Scan on voter_2  (cost=0.00..9980.58 rows=32474 width=4)
Seq Scan on voter_2  (cost=0.00..9980.58 rows=44052 width=4)
Seq Scan on voter_2  (cost=0.00..9980.58 rows=35808 width=4)
Nested Loop  (cost=1000.00..78990.15 rows=11485 width=3)
Nested Loop  (cost=1000.00..78990.15 rows=11485 width=3)
Nested Loop  (cost=1000.00..78990.15 rows=11485 width=3)
Seq Scan on voter_2  (cost=0.00..9980.58 rows=34853 width=4)
Seq Scan on voter_2  (cost=0.00..9980.58 rows=109066 width=4)
Seq Scan on voter_2  (cost=0.00..9980.58 rows=109066 width=4)
Nested Loop  (cost=1000.00..78990.15 rows=11485 width=3)
Nested Loop  (cost=1000.00..78990.15 rows=11485 width=3)
Seq Scan on voter_2  (cost=0.00..9980.58 rows=44052 width=4)
Seq Scan on voter_2  (cost=0.00..9980.58 rows=109066 width=4)
Nested Loop  (cost=1000.00..78990.15 rows=11485 width=3)
Seq Scan on voter_2  (cost=0.00..9980.58 rows=37651 width=4)
Seq Scan on voter_2  (cost=0.00..9980.58 rows=44052 width=4)
Nested Loop  (cost=1000.00..78990.15 rows=11485 width=3)
Nested Loop  (cost=1000.00..78990.15 rows=11485 width=3)
Seq Scan on voter_2  (cost=0.00..9980.58 rows=44052 width=4)
Nested Loop  (cost=1000.00..78990.15 rows=11485 width=3)
Nested Loop  (cost=1000.00..81395.63 rows=33353 width=3)
Nested Loop  (cost=1000.00..78990.15 rows=11485 width=3)
Nested Loop  (cost=1000.00..78990.15 rows=11485 width=3)
Seq Scan on voter_2  (cost=0.00..9980.58 rows=109066 width=4)
Seq Scan on voter_2  (cost=0.00..9980.58 rows=73074 width=4)
Seq Scan on voter_2  (cost=0.00..9980.58 rows=32658 width=4)
Seq Scan on voter_2  (cost=0.00..9980.58 rows=44052 width=4)
Seq Scan on voter_2  (cost=0.00..9980.58 rows=44052 width=4)
Seq Scan on voter_2  (cost=0.00..9980.58 rows=73074 width=4)
Seq Scan on voter_2  (cost=0.00..9980.58 rows=34183 width=4)
Seq Scan on voter_2  (cost=0.00..9980.58 rows=34183 width=4)
Nested Loop  (cost=1000.00..84092.61 rows=57871 width=3)
Nested Loop  (cost=1000.00..81274.19 rows=32249 width=3)
Seq Scan on voter_2  (cost=0.00..9980.58 rows=109066 width=4)
Nested Loop  (cost=1000.00..85210.32 rows=68032 width=3)
Nested Loop  (cost=1000.00..78990.15 rows=11485 width=3)
Nested Loop  (cost=1000.00..78990.15 rows=11485 width=3)
Nested Loop  (cost=1000.00..82416.10 rows=42630 width=3)
Nested Loop  (cost=1000.00..78990.15 rows=11485 width=3)
Nested Loop  (cost=1000.00..81905.92 rows=37992 width=3)
Nested Loop  (cost=1000.00..83873.93 rows=55883 width=3)
Seq Scan on voter_2  (cost=0.00..9980.58 rows=32658 width=4)
Seq Scan on voter_2  (cost=0.00..9980.58 rows=44052 width=4)
Seq Scan on voter_2  (cost=0.00..9980.58 rows=34183 width=4)
Seq Scan on voter_2  (cost=0.00..9980.58 rows=34853 width=4)
Seq Scan on voter_2  (cost=0.00..9980.58 rows=35808 width=4)
Nested Loop  (cost=1000.00..80399.47 rows=24297 width=3)
Nested Loop  (cost=1000.00..78990.15 rows=11485 width=3)
Nested Loop  (cost=1000.00..78990.15 rows=11485 width=3)
Seq Scan on voter_2  (cost=0.00..9980.58 rows=35808 width=4)
Nested Loop  (cost=1000.00..78990.15 rows=11485 width=3)
Seq Scan on voter_2  (cost=0.00..9980.58 rows=73074 width=4)
Seq Scan on voter_2  (cost=0.00..9980.58 rows=32474 width=4)
Seq Scan on voter_2  (cost=0.00..9980.58 rows=37517 width=4)
Nested Loop  (cost=1000.00..78990.15 rows=11485 width=3)
Nested Loop  (cost=1000.00..78990.15 rows=11485 width=3)
Nested Loop  (cost=1000.00..82051.67 rows=39317 width=3)
Nested Loop  (cost=1000.00..78990.15 rows=11485 width=3)
Nested Loop  (cost=1000.00..78990.15 rows=11485 width=3)
Seq Scan on voter_2  (cost=0.00..9980.58 rows=34853 width=4)
Seq Scan on voter_2  (cost=0.00..9980.58 rows=32658 width=4)
Seq Scan on voter_2  (cost=0.00..9980.58 rows=109066 width=4)
Seq Scan on voter_2  (cost=0.00..9980.58 rows=37651 width=4)
Seq Scan on voter_2  (cost=0.00..9980.58 rows=37517 width=4)
Seq Scan on voter_2  (cost=0.00..9980.58 rows=109066 width=4)
Seq Scan on voter_2  (cost=0.00..9980.58 rows=32658 width=4)
Nested Loop  (cost=1000.00..78990.15 rows=11485 width=3)
Nested Loop  (cost=1000.00..78990.15 rows=11485 width=3)
Seq Scan on voter_2  (cost=0.00..9980.58 rows=32474 width=4)
Seq Scan on voter_2  (cost=0.00..9980.58 rows=37651 width=4)
Nested Loop  (cost=1000.00..78990.15 rows=11485 width=3)
Nested Loop  (cost=1000.00..78990.15 rows=11485 width=3)
Nested Loop  (cost=1000.00..78990.15 rows=11485 width=3)
Nested Loop  (cost=1000.00..78990.15 rows=11485 width=3)
Nested Loop  (cost=1000.00..83995.48 rows=56988 width=3)
Seq Scan on voter_2  (cost=0.00..9980.58 rows=34853 width=4)
Nested Loop  (cost=1000.00..78990.15 rows=11485 width=3)
Nested Loop  (cost=1000.00..78990.15 rows=11485 width=3)
Seq Scan on voter_2  (cost=0.00..9980.58 rows=73074 width=4)
Seq Scan on voter_2  (cost=0.00..9980.58 rows=109066 width=4)
Seq Scan on voter_2  (cost=0.00..9980.58 rows=73074 width=4)
Seq Scan on voter_2  (cost=0.00..9980.58 rows=109066 width=4)
Nested Loop  (cost=1000.00..78990.15 rows=11485 width=3)
Seq Scan on voter_2  (cost=0.00..9980.58 rows=32474 width=4)
Nested Loop  (cost=1000.00..78990.15 rows=11485 width=3)
Nested Loop  (cost=1000.00..78990.15 rows=11485 width=3)
Seq Scan on voter_2  (cost=0.00..9980.58 rows=35808 width=4)
Seq Scan on voter_2  (cost=0.00..9980.58 rows=109066 width=4)
Nested Loop  (cost=1000.00..78990.15 rows=11485 width=3)
Nested Loop  (cost=1000.00..78990.15 rows=11485 width=3)
Nested Loop  (cost=1000.00..84092.61 rows=57871 width=3)
Seq Scan on voter_2  (cost=0.00..9980.58 rows=73074 width=4)
Seq Scan on voter_2  (cost=0.00..9980.58 rows=32474 width=4)
Nested Loop  (cost=1000.00..78990.15 rows=11485 width=3)
Seq Scan on voter_2  (cost=0.00..9980.58 rows=32474 width=4)
Seq Scan on voter_2  (cost=0.00..9980.58 rows=73074 width=4)
Nested Loop  (cost=1000.00..78990.15 rows=11485 width=3)
Nested Loop  (cost=1000.00..78990.15 rows=11485 width=3)
Seq Scan on voter_2  (cost=0.00..9980.58 rows=73074 width=4)
Nested Loop  (cost=1000.00..78990.15 rows=11485 width=3)
Nested Loop  (cost=1000.00..78990.15 rows=11485 width=3)
Seq Scan on voter_2  (cost=0.00..9980.58 rows=32474 width=4)
Seq Scan on voter_2  (cost=0.00..9980.58 rows=73074 width=4)
Seq Scan on voter_2  (cost=0.00..9980.58 rows=73074 width=4)
Nested Loop  (cost=1000.00..84019.79 rows=57209 width=3)
Nested Loop  (cost=1000.00..78990.15 rows=11485 width=3)
Nested Loop  (cost=1000.00..78990.15 rows=11485 width=3)
Seq Scan on voter_2  (cost=0.00..9980.58 rows=44052 width=4)
Seq Scan on voter_2  (cost=0.00..9980.58 rows=31351 width=4)
Seq Scan on voter_2  (cost=0.00..9980.58 rows=44052 width=4)
Nested Loop  (cost=1000.00..84286.98 rows=59638 width=3)
Nested Loop  (cost=1000.00..78990.15 rows=11485 width=3)
Nested Loop  (cost=1000.00..78990.15 rows=11485 width=3)
Nested Loop  (cost=1000.00..83388.06 rows=51466 width=3)
Seq Scan on voter_2  (cost=0.00..9980.58 rows=34853 width=4)
Nested Loop  (cost=1000.00..84262.78 rows=59418 width=3)
Seq Scan on voter_2  (cost=0.00..9980.58 rows=73074 width=4)
Seq Scan on voter_2  (cost=0.00..9980.58 rows=32658 width=4)
Seq Scan on voter_2  (cost=0.00..9980.58 rows=31351 width=4)
Seq Scan on voter_2  (cost=0.00..9980.58 rows=37651 width=4)
Nested Loop  (cost=1000.00..81104.13 rows=30703 width=3)
Nested Loop  (cost=1000.00..78990.15 rows=11485 width=3)
Seq Scan on voter_2  (cost=0.00..9980.58 rows=73074 width=4)
Nested Loop  (cost=1000.00..78990.15 rows=11485 width=3)
Nested Loop  (cost=1000.00..78990.15 rows=11485 width=3)
Seq Scan on voter_2  (cost=0.00..9980.58 rows=32658 width=4)
Seq Scan on voter_2  (cost=0.00..9980.58 rows=37651 width=4)
Nested Loop  (cost=1000.00..83120.76 rows=49036 width=3)
Seq Scan on voter_2  (cost=0.00..9980.58 rows=34183 width=4)
Seq Scan on voter_2  (cost=0.00..9980.58 rows=44052 width=4)
Nested Loop  (cost=1000.00..80423.78 rows=24518 width=3)
Seq Scan on voter_2  (cost=0.00..9980.58 rows=109066 width=4)
Seq Scan on voter_2  (cost=0.00..9980.58 rows=37651 width=4)
Seq Scan on voter_2  (cost=0.00..9980.58 rows=37517 width=4)
Nested Loop  (cost=1000.00..78990.15 rows=11485 width=3)
Nested Loop  (cost=1000.00..78990.15 rows=11485 width=3)
Nested Loop  (cost=1000.00..78990.15 rows=11485 width=3)
Nested Loop  (cost=1000.00..78990.15 rows=11485 width=3)
Nested Loop  (cost=1000.00..80569.53 rows=25843 width=3)
Nested Loop  (cost=1000.00..78990.15 rows=11485 width=3)
Nested Loop  (cost=1000.00..78990.15 rows=11485 width=3)
Seq Scan on voter_2  (cost=0.00..9980.58 rows=73074 width=4)
Seq Scan on voter_2  (cost=0.00..9980.58 rows=34853 width=4)
Seq Scan on voter_2  (cost=0.00..9980.58 rows=73074 width=4)
Seq Scan on voter_2  (cost=0.00..9980.58 rows=34183 width=4)
Nested Loop  (cost=1000.00..85088.88 rows=66928 width=3)
Seq Scan on voter_2  (cost=0.00..9980.58 rows=32658 width=4)
Nested Loop  (cost=1000.00..81614.31 rows=35341 width=3)
Nested Loop  (cost=1000.00..78990.15 rows=11485 width=3)
Nested Loop  (cost=1000.00..78990.15 rows=11485 width=3)
Nested Loop  (cost=1000.00..78990.15 rows=11485 width=3)
Seq Scan on voter_2  (cost=0.00..9980.58 rows=34183 width=4)
Seq Scan on voter_2  (cost=0.00..9980.58 rows=109066 width=4)
Nested Loop  (cost=1000.00..78990.15 rows=11485 width=3)
Nested Loop  (cost=1000.00..78990.15 rows=11485 width=3)
Seq Scan on voter_2  (cost=0.00..9980.58 rows=37651 width=4)
Seq Scan on voter_2  (cost=0.00..9980.58 rows=109066 width=4)
Seq Scan on voter_2  (cost=0.00..9980.58 rows=44052 width=4)
Seq Scan on voter_2  (cost=0.00..9980.58 rows=73074 width=4)
Nested Loop  (cost=1000.00..78990.15 rows=11485 width=3)
Seq Scan on voter_2  (cost=0.00..9980.58 rows=109066 width=4)
Nested Loop  (cost=1000.00..78990.15 rows=11485 width=3)
Nested Loop  (cost=1000.00..78990.15 rows=11485 width=3)
Nested Loop  (cost=1000.00..81249.88 rows=32028 width=3)
Seq Scan on voter_2  (cost=0.00..9980.58 rows=34183 width=4)
Seq Scan on voter_2  (cost=0.00..9980.58 rows=35808 width=4)
Nested Loop  (cost=1000.00..82610.58 rows=44398 width=3)
Seq Scan on voter_2  (cost=0.00..9980.58 rows=109066 width=4)
Nested Loop  (cost=1000.00..82003.05 rows=38875 width=3)
Seq Scan on voter_2  (cost=0.00..9980.58 rows=109066 width=4)
Nested Loop  (cost=1000.00..78990.15 rows=11485 width=3)
Nested Loop  (cost=1000.00..82051.67 rows=39317 width=3)
Seq Scan on voter_2  (cost=0.00..9980.58 rows=31351 width=4)
Nested Loop  (cost=1000.00..78990.15 rows=11485 width=3)
Seq Scan on voter_2  (cost=0.00..9980.58 rows=73074 width=4)
Seq Scan on voter_2  (cost=0.00..9980.58 rows=109066 width=4)
Seq Scan on voter_2  (cost=0.00..9980.58 rows=34853 width=4)
Nested Loop  (cost=1000.00..81249.88 rows=32028 width=3)
Nested Loop  (cost=1000.00..78990.15 rows=11485 width=3)
Nested Loop  (cost=1000.00..84286.98 rows=59638 width=3)
Seq Scan on voter_2  (cost=0.00..9980.58 rows=73074 width=4)
Seq Scan on voter_2  (cost=0.00..9980.58 rows=44052 width=4)
Nested Loop  (cost=1000.00..78990.15 rows=11485 width=3)
Nested Loop  (cost=1000.00..78990.15 rows=11485 width=3)
Nested Loop  (cost=1000.00..78990.15 rows=11485 width=3)
Seq Scan on voter_2  (cost=0.00..9980.58 rows=73074 width=4)
Seq Scan on voter_2  (cost=0.00..9980.58 rows=34853 width=4)
Seq Scan on voter_2  (cost=0.00..9980.58 rows=44052 width=4)
Nested Loop  (cost=1000.00..78990.15 rows=11485 width=3)
Seq Scan on voter_2  (cost=0.00..9980.58 rows=34183 width=4)
Seq Scan on voter_2  (cost=0.00..9980.58 rows=109066 width=4)
Nested Loop  (cost=1000.00..84092.61 rows=57871 width=3)
Nested Loop  (cost=1000.00..78990.15 rows=11485 width=3)
Nested Loop  (cost=1000.00..84019.79 rows=57209 width=3)
Seq Scan on voter_2  (cost=0.00..9980.58 rows=37517 width=4)
Seq Scan on voter_2  (cost=0.00..9980.58 rows=32658 width=4)
Seq Scan on voter_2  (cost=0.00..9980.58 rows=37651 width=4)
Nested Loop  (cost=1000.00..84481.46 rows=61406 width=3)
Nested Loop  (cost=1000.00..78990.15 rows=11485 width=3)
Nested Loop  (cost=1000.00..78990.15 rows=11485 width=3)
Seq Scan on voter_2  (cost=0.00..9980.58 rows=44052 width=4)
Seq Scan on voter_2  (cost=0.00..9980.58 rows=109066 width=4)
Seq Scan on voter_2  (cost=0.00..9980.58 rows=109066 width=4)
Seq Scan on voter_2  (cost=0.00..9980.58 rows=35808 width=4)
