Seq Scan on area_v_con  (cost=0.00..152138.54 rows=602344 width=4) (actual time=0.037..1160.243 rows=595837 loops=1)
Seq Scan on area_v_con  (cost=0.00..152138.54 rows=1422256 width=4) (actual time=0.369..1191.385 rows=1419652 loops=1)
Seq Scan on area_v_con  (cost=0.00..152138.54 rows=504714 width=4) (actual time=0.580..1159.910 rows=516862 loops=1)
Gather  (cost=1000.00..147009.12 rows=421884 width=4) (actual time=0.695..480.529 rows=434439 loops=1)
Seq Scan on area_v_con  (cost=0.00..152138.54 rows=1422256 width=4) (actual time=0.413..1174.694 rows=1419652 loops=1)
Seq Scan on area_v_con  (cost=0.00..152138.54 rows=923505 width=4) (actual time=0.374..1147.920 rows=926646 loops=1)
Gather  (cost=1000.00..147009.12 rows=421884 width=4) (actual time=0.650..479.805 rows=434439 loops=1)
Seq Scan on area_v_con  (cost=0.00..152138.54 rows=602344 width=4) (actual time=0.436..1131.461 rows=595837 loops=1)
Gather  (cost=1000.00..110872.92 rows=60522 width=3) (actual time=0.290..349.577 rows=59423 loops=1)
Gather  (cost=1000.00..105967.92 rows=11472 width=3) (actual time=0.561..352.419 rows=23173 loops=1)
Gather  (cost=1000.00..105967.92 rows=11472 width=3) (actual time=0.561..341.201 rows=1652 loops=1)
Gather  (cost=1000.00..105967.92 rows=11472 width=3) (actual time=0.565..338.514 rows=8059 loops=1)
Gather  (cost=1000.00..107935.12 rows=31144 width=3) (actual time=0.577..358.899 rows=31459 loops=1)
Gather  (cost=1000.00..105967.92 rows=11472 width=3) (actual time=0.620..340.114 rows=4942 loops=1)
Gather  (cost=1000.00..105967.92 rows=11472 width=3) (actual time=0.560..340.501 rows=14699 loops=1)
Seq Scan on area_v_con  (cost=0.00..152138.54 rows=490357 width=4) (actual time=0.387..1122.836 rows=495041 loops=1)
Gather  (cost=1000.00..149262.02 rows=444413 width=4) (actual time=0.623..488.190 rows=443206 loops=1)
Seq Scan on area_v_con  (cost=0.00..152138.54 rows=1422256 width=4) (actual time=0.368..1171.766 rows=1419652 loops=1)
Gather  (cost=1000.00..107957.22 rows=31365 width=3) (actual time=0.681..350.513 rows=31459 loops=1)
Gather  (cost=1000.00..107537.52 rows=27168 width=3) (actual time=0.567..353.530 rows=23173 loops=1)
Gather  (cost=1000.00..105967.92 rows=11472 width=3) (actual time=0.581..339.505 rows=6613 loops=1)
Gather  (cost=1000.00..105967.92 rows=11472 width=3) (actual time=0.586..349.028 rows=19619 loops=1)
Seq Scan on area_v_con  (cost=0.00..152138.54 rows=490357 width=4) (actual time=0.389..1120.263 rows=495041 loops=1)
Gather  (cost=1000.00..108509.42 rows=36887 width=3) (actual time=0.688..349.940 rows=41350 loops=1)
Seq Scan on area_v_con  (cost=0.00..152138.54 rows=1422256 width=4) (actual time=0.379..1177.316 rows=1419652 loops=1)
Gather  (cost=1000.00..108156.02 rows=33353 width=3) (actual time=0.688..348.407 rows=31459 loops=1)
Seq Scan on area_v_con  (cost=0.00..152138.54 rows=504714 width=4) (actual time=0.373..1118.427 rows=516862 loops=1)
Gather  (cost=1000.00..108995.42 rows=41747 width=3) (actual time=0.677..358.444 rows=41350 loops=1)
Gather  (cost=1000.00..147009.12 rows=421884 width=4) (actual time=0.577..484.112 rows=434439 loops=1)
Gather  (cost=1000.00..107935.12 rows=31144 width=3) (actual time=0.607..343.462 rows=31459 loops=1)
Seq Scan on area_v_con  (cost=0.00..152138.54 rows=602344 width=4) (actual time=0.378..1131.535 rows=595837 loops=1)
Seq Scan on area_v_con  (cost=0.00..152138.54 rows=1422256 width=4) (actual time=0.385..1172.398 rows=1419652 loops=1)
Seq Scan on area_v_con  (cost=0.00..152138.54 rows=504714 width=4) (actual time=0.384..1127.892 rows=516862 loops=1)
Gather  (cost=1000.00..105967.92 rows=11472 width=3) (actual time=0.680..341.769 rows=8243 loops=1)
Gather  (cost=1000.00..105967.92 rows=11472 width=3) (actual time=0.582..347.597 rows=14709 loops=1)
Gather  (cost=1000.00..108995.42 rows=41747 width=3) (actual time=0.618..350.099 rows=41350 loops=1)
Seq Scan on area_v_con  (cost=0.00..152138.54 rows=1422256 width=4) (actual time=0.378..1173.334 rows=1419652 loops=1)
Seq Scan on area_v_con  (cost=0.00..152138.54 rows=490357 width=4) (actual time=0.458..1118.862 rows=495041 loops=1)
Seq Scan on area_v_con  (cost=0.00..152138.54 rows=923505 width=4) (actual time=0.409..1146.108 rows=926646 loops=1)
Seq Scan on area_v_con  (cost=0.00..152138.54 rows=504714 width=4) (actual time=0.398..1120.615 rows=516862 loops=1)
Seq Scan on area_v_con  (cost=0.00..152138.54 rows=1422256 width=4) (actual time=0.368..1173.702 rows=1419652 loops=1)
Gather  (cost=1000.00..146147.62 rows=413269 width=4) (actual time=0.533..485.075 rows=424881 loops=1)
Gather  (cost=1000.00..147009.12 rows=421884 width=4) (actual time=0.574..481.320 rows=434439 loops=1)
Seq Scan on area_v_con  (cost=0.00..152138.54 rows=923505 width=4) (actual time=0.440..1151.331 rows=926646 loops=1)
Gather  (cost=1000.00..105967.92 rows=11472 width=3) (actual time=0.783..341.886 rows=9970 loops=1)
Gather  (cost=1000.00..108884.92 rows=40642 width=3) (actual time=0.592..349.675 rows=41350 loops=1)
Gather  (cost=1000.00..105967.92 rows=11472 width=3) (actual time=0.591..346.570 rows=14709 loops=1)
Gather  (cost=1000.00..105967.92 rows=11472 width=3) (actual time=0.577..343.587 rows=19619 loops=1)
Gather  (cost=1000.00..105967.92 rows=11472 width=3) (actual time=0.622..343.875 rows=9970 loops=1)
Seq Scan on area_v_con  (cost=0.00..152138.54 rows=923505 width=4) (actual time=0.372..1147.171 rows=926646 loops=1)
Gather  (cost=1000.00..105967.92 rows=11472 width=3) (actual time=0.785..340.245 rows=11597 loops=1)
Seq Scan on area_v_con  (cost=0.00..152138.54 rows=923505 width=4) (actual time=0.381..1145.125 rows=926646 loops=1)
Gather  (cost=1000.00..146147.62 rows=413269 width=4) (actual time=0.633..481.765 rows=424881 loops=1)
Gather  (cost=1000.00..108730.32 rows=39096 width=3) (actual time=0.718..350.344 rows=41350 loops=1)
Seq Scan on area_v_con  (cost=0.00..152138.54 rows=923505 width=4) (actual time=0.373..1148.805 rows=926646 loops=1)
Gather  (cost=1000.00..105967.92 rows=11472 width=3) (actual time=0.650..347.315 rows=1647 loops=1)
Gather  (cost=1000.00..105967.92 rows=11472 width=3) (actual time=0.571..345.172 rows=23173 loops=1)
Gather  (cost=1000.00..105967.92 rows=11472 width=3) (actual time=0.547..343.216 rows=14699 loops=1)
Seq Scan on area_v_con  (cost=0.00..152138.54 rows=490357 width=4) (actual time=0.396..1127.556 rows=495041 loops=1)
Gather  (cost=1000.00..105967.92 rows=11472 width=3) (actual time=0.689..337.381 rows=6538 loops=1)
Gather  (cost=1000.00..105967.92 rows=11472 width=3) (actual time=0.641..343.507 rows=1656 loops=1)
Gather  (cost=1000.00..108509.42 rows=36887 width=3) (actual time=0.654..346.611 rows=41350 loops=1)
Seq Scan on area_v_con  (cost=0.00..152138.54 rows=923505 width=4) (actual time=0.042..1142.968 rows=926646 loops=1)
Gather  (cost=1000.00..105967.92 rows=11472 width=3) (actual time=0.643..344.500 rows=18152 loops=1)
Seq Scan on area_v_con  (cost=0.00..152138.54 rows=477987 width=4) (actual time=0.451..1117.995 rows=470990 loops=1)
Seq Scan on area_v_con  (cost=0.00..152138.54 rows=602344 width=4) (actual time=0.364..1124.597 rows=595837 loops=1)
Gather  (cost=1000.00..148489.02 rows=436683 width=4) (actual time=0.784..478.791 rows=425955 loops=1)
Gather  (cost=1000.00..107935.12 rows=31144 width=3) (actual time=0.587..346.279 rows=31459 loops=1)
Seq Scan on area_v_con  (cost=0.00..152138.54 rows=1422256 width=4) (actual time=0.375..1174.809 rows=1419652 loops=1)
Gather  (cost=1000.00..105967.92 rows=11472 width=3) (actual time=0.729..345.595 rows=8192 loops=1)
Seq Scan on area_v_con  (cost=0.00..152138.54 rows=489031 width=4) (actual time=0.470..1120.065 rows=473031 loops=1)
Seq Scan on area_v_con  (cost=0.00..152138.54 rows=490357 width=4) (actual time=0.384..1124.089 rows=495041 loops=1)
Gather  (cost=1000.00..110872.92 rows=60522 width=3) (actual time=0.584..355.744 rows=59423 loops=1)
Seq Scan on area_v_con  (cost=0.00..152138.54 rows=1422256 width=4) (actual time=0.409..1169.858 rows=1419652 loops=1)
Gather  (cost=1000.00..149262.02 rows=444413 width=4) (actual time=0.586..482.993 rows=443206 loops=1)
Seq Scan on area_v_con  (cost=0.00..152138.54 rows=504714 width=4) (actual time=0.371..1120.109 rows=516862 loops=1)
Gather  (cost=1000.00..110696.12 rows=58754 width=3) (actual time=0.485..364.392 rows=59423 loops=1)
Gather  (cost=1000.00..149262.02 rows=444413 width=4) (actual time=0.593..486.712 rows=443206 loops=1)
Gather  (cost=1000.00..105967.92 rows=11472 width=3) (actual time=0.378..348.662 rows=14875 loops=1)
Seq Scan on area_v_con  (cost=0.00..152138.54 rows=490357 width=4) (actual time=0.070..1131.108 rows=495041 loops=1)
Gather  (cost=1000.00..105967.92 rows=11472 width=3) (actual time=0.652..339.757 rows=8242 loops=1)
Gather  (cost=1000.00..105967.92 rows=11472 width=3) (actual time=0.358..341.753 rows=6538 loops=1)
Gather  (cost=1000.00..105967.92 rows=11472 width=3) (actual time=0.639..341.160 rows=4775 loops=1)
Gather  (cost=1000.00..107780.52 rows=29598 width=3) (actual time=0.564..354.839 rows=31459 loops=1)
Gather  (cost=1000.00..105967.92 rows=11472 width=3) (actual time=1.296..340.067 rows=6618 loops=1)
Gather  (cost=1000.00..111093.72 rows=62730 width=3) (actual time=0.562..354.819 rows=59423 loops=1)
Seq Scan on area_v_con  (cost=0.00..152138.54 rows=1422256 width=4) (actual time=0.381..1174.689 rows=1419652 loops=1)
Seq Scan on area_v_con  (cost=0.00..152138.54 rows=504714 width=4) (actual time=0.356..1123.936 rows=516862 loops=1)
Seq Scan on area_v_con  (cost=0.00..152138.54 rows=504714 width=4) (actual time=0.364..1124.646 rows=516862 loops=1)
Gather  (cost=1000.00..105967.92 rows=11472 width=3) (actual time=0.663..341.218 rows=4920 loops=1)
Seq Scan on area_v_con  (cost=0.00..152138.54 rows=1422256 width=4) (actual time=0.375..1174.274 rows=1419652 loops=1)
Gather  (cost=1000.00..105967.92 rows=11472 width=3) (actual time=0.715..345.834 rows=23240 loops=1)
Gather  (cost=1000.00..105967.92 rows=11472 width=3) (actual time=0.658..341.114 rows=3444 loops=1)
Seq Scan on area_v_con  (cost=0.00..152138.54 rows=1422256 width=4) (actual time=0.471..1172.725 rows=1419652 loops=1)
Gather  (cost=1000.00..108951.22 rows=41305 width=3) (actual time=0.700..346.148 rows=41350 loops=1)
Gather  (cost=1000.00..105967.92 rows=11472 width=3) (actual time=0.641..341.216 rows=23240 loops=1)
Seq Scan on area_v_con  (cost=0.00..152138.54 rows=504714 width=4) (actual time=0.371..1129.498 rows=516862 loops=1)
Seq Scan on area_v_con  (cost=0.00..152138.54 rows=490357 width=4) (actual time=0.394..1122.294 rows=495041 loops=1)
Seq Scan on area_v_con  (cost=0.00..152138.54 rows=602344 width=4) (actual time=0.416..1127.427 rows=595837 loops=1)
Gather  (cost=1000.00..149262.02 rows=444413 width=4) (actual time=0.599..485.170 rows=443206 loops=1)
Gather  (cost=1000.00..105967.92 rows=11472 width=3) (actual time=0.592..337.798 rows=11597 loops=1)
Seq Scan on area_v_con  (cost=0.00..152138.54 rows=1422256 width=4) (actual time=0.383..1174.933 rows=1419652 loops=1)
Gather  (cost=1000.00..105967.92 rows=11472 width=3) (actual time=0.580..343.795 rows=14699 loops=1)
Gather  (cost=1000.00..105967.92 rows=11472 width=3) (actual time=0.614..338.187 rows=8242 loops=1)
Gather  (cost=1000.00..148489.02 rows=436683 width=4) (actual time=0.634..487.287 rows=425955 loops=1)
Gather  (cost=1000.00..105967.92 rows=11472 width=3) (actual time=0.673..344.414 rows=13151 loops=1)
Gather  (cost=1000.00..109370.92 rows=45502 width=3) (actual time=0.583..351.928 rows=41350 loops=1)
Seq Scan on area_v_con  (cost=0.00..152138.54 rows=504714 width=4) (actual time=0.380..1125.153 rows=516862 loops=1)
Seq Scan on area_v_con  (cost=0.00..152138.54 rows=489031 width=4) (actual time=0.463..1120.462 rows=473031 loops=1)
Gather  (cost=1000.00..105967.92 rows=11472 width=3) (actual time=0.685..346.614 rows=6626 loops=1)
Seq Scan on area_v_con  (cost=0.00..152138.54 rows=602344 width=4) (actual time=0.377..1126.444 rows=595837 loops=1)
Gather  (cost=1000.00..107802.62 rows=29819 width=3) (actual time=0.646..343.404 rows=31459 loops=1)
Seq Scan on area_v_con  (cost=0.00..152138.54 rows=1422256 width=4) (actual time=0.377..1170.090 rows=1419652 loops=1)
Gather  (cost=1000.00..149262.02 rows=444413 width=4) (actual time=0.636..495.554 rows=443206 loops=1)
Gather  (cost=1000.00..110740.32 rows=59196 width=3) (actual time=0.558..358.967 rows=59423 loops=1)
Seq Scan on area_v_con  (cost=0.00..152138.54 rows=1422256 width=4) (actual time=0.382..1171.733 rows=1419652 loops=1)
Seq Scan on area_v_con  (cost=0.00..152138.54 rows=504714 width=4) (actual time=0.362..1123.919 rows=516862 loops=1)
Gather  (cost=1000.00..108995.42 rows=41747 width=3) (actual time=0.631..351.367 rows=41350 loops=1)
Seq Scan on area_v_con  (cost=0.00..152138.54 rows=1422256 width=4) (actual time=0.384..1171.344 rows=1419652 loops=1)
Gather  (cost=1000.00..109260.42 rows=44397 width=3) (actual time=0.521..353.509 rows=41350 loops=1)
Gather  (cost=1000.00..105967.92 rows=11472 width=3) (actual time=0.635..341.578 rows=4775 loops=1)
Gather  (cost=1000.00..105967.92 rows=11472 width=3) (actual time=0.382..338.964 rows=9703 loops=1)
Seq Scan on area_v_con  (cost=0.00..152138.54 rows=490357 width=4) (actual time=0.082..1125.822 rows=495041 loops=1)
Gather  (cost=1000.00..105967.92 rows=11472 width=3) (actual time=0.710..342.052 rows=6527 loops=1)
Gather  (cost=1000.00..147009.12 rows=421884 width=4) (actual time=0.266..482.674 rows=434439 loops=1)
Gather  (cost=1000.00..105967.92 rows=11472 width=3) (actual time=0.707..350.356 rows=4958 loops=1)
Seq Scan on area_v_con  (cost=0.00..152138.54 rows=489031 width=4) (actual time=0.570..1121.929 rows=473031 loops=1)
Gather  (cost=1000.00..105967.92 rows=11472 width=3) (actual time=0.770..350.136 rows=13307 loops=1)
Seq Scan on area_v_con  (cost=0.00..152138.54 rows=602344 width=4) (actual time=0.381..1129.363 rows=595837 loops=1)
Gather  (cost=1000.00..105967.92 rows=11472 width=3) (actual time=0.697..341.089 rows=23047 loops=1)
Gather  (cost=1000.00..109105.82 rows=42851 width=3) (actual time=0.575..349.516 rows=41350 loops=1)
Gather  (cost=1000.00..146147.62 rows=413269 width=4) (actual time=0.612..490.726 rows=424881 loops=1)
Seq Scan on area_v_con  (cost=0.00..152138.54 rows=1422256 width=4) (actual time=0.385..1176.039 rows=1419652 loops=1)
Seq Scan on area_v_con  (cost=0.00..152138.54 rows=602344 width=4) (actual time=0.364..1128.080 rows=595837 loops=1)
Gather  (cost=1000.00..110806.62 rows=59859 width=3) (actual time=0.593..355.551 rows=59423 loops=1)
Gather  (cost=1000.00..105967.92 rows=11472 width=3) (actual time=0.711..338.184 rows=6527 loops=1)
Seq Scan on area_v_con  (cost=0.00..152138.54 rows=477987 width=4) (actual time=0.452..1127.300 rows=470990 loops=1)
Seq Scan on area_v_con  (cost=0.00..152138.54 rows=923505 width=4) (actual time=0.377..1143.094 rows=926646 loops=1)
Seq Scan on area_v_con  (cost=0.00..152138.54 rows=489031 width=4) (actual time=0.457..1124.915 rows=473031 loops=1)
Seq Scan on area_v_con  (cost=0.00..152138.54 rows=602344 width=4) (actual time=0.367..1130.009 rows=595837 loops=1)
Gather  (cost=1000.00..105967.92 rows=11472 width=3) (actual time=0.710..346.174 rows=23047 loops=1)
Gather  (cost=1000.00..149262.02 rows=444413 width=4) (actual time=0.573..492.113 rows=443206 loops=1)
Gather  (cost=1000.00..105967.92 rows=11472 width=3) (actual time=0.601..340.140 rows=8243 loops=1)
Gather  (cost=1000.00..110917.02 rows=60963 width=3) (actual time=0.577..358.279 rows=59423 loops=1)
Gather  (cost=1000.00..105967.92 rows=11472 width=3) (actual time=0.680..352.243 rows=23047 loops=1)
Gather  (cost=1000.00..105967.92 rows=11472 width=3) (actual time=0.656..338.805 rows=4920 loops=1)
Gather  (cost=1000.00..105967.92 rows=11472 width=3) (actual time=0.659..345.875 rows=6626 loops=1)
Seq Scan on area_v_con  (cost=0.00..152138.54 rows=1422256 width=4) (actual time=0.407..1176.933 rows=1419652 loops=1)
Gather  (cost=1000.00..105967.92 rows=11472 width=3) (actual time=0.715..355.559 rows=23173 loops=1)
Seq Scan on area_v_con  (cost=0.00..152138.54 rows=1422256 width=4) (actual time=0.376..1169.835 rows=1419652 loops=1)
Gather  (cost=1000.00..146147.62 rows=413269 width=4) (actual time=0.618..478.642 rows=424881 loops=1)
Seq Scan on area_v_con  (cost=0.00..152138.54 rows=1422256 width=4) (actual time=0.378..1168.079 rows=1419652 loops=1)
Seq Scan on area_v_con  (cost=0.00..152138.54 rows=602344 width=4) (actual time=0.368..1130.194 rows=595837 loops=1)
Gather  (cost=1000.00..147009.12 rows=421884 width=4) (actual time=0.630..495.691 rows=434439 loops=1)
Seq Scan on area_v_con  (cost=0.00..152138.54 rows=923505 width=4) (actual time=0.370..1148.393 rows=926646 loops=1)
Gather  (cost=1000.00..107228.32 rows=24076 width=3) (actual time=0.699..350.102 rows=23047 loops=1)
Gather  (cost=1000.00..110453.22 rows=56325 width=3) (actual time=0.550..349.452 rows=59423 loops=1)
Seq Scan on area_v_con  (cost=0.00..152138.54 rows=923505 width=4) (actual time=0.377..1142.526 rows=926646 loops=1)
Gather  (cost=1000.00..105967.92 rows=11472 width=3) (actual time=0.794..340.863 rows=13307 loops=1)
Gather  (cost=1000.00..105967.92 rows=11472 width=3) (actual time=0.561..337.791 rows=1652 loops=1)
Gather  (cost=1000.00..105967.92 rows=11472 width=3) (actual time=0.651..342.294 rows=23240 loops=1)
Seq Scan on area_v_con  (cost=0.00..152138.54 rows=477987 width=4) (actual time=0.474..1125.998 rows=470990 loops=1)
Gather  (cost=1000.00..148489.02 rows=436683 width=4) (actual time=0.652..497.466 rows=425955 loops=1)
Gather  (cost=1000.00..105967.92 rows=11472 width=3) (actual time=0.646..338.827 rows=8242 loops=1)
Gather  (cost=1000.00..110740.32 rows=59196 width=3) (actual time=0.562..359.317 rows=59423 loops=1)
Seq Scan on area_v_con  (cost=0.00..152138.54 rows=477987 width=4) (actual time=0.458..1123.670 rows=470990 loops=1)
Gather  (cost=1000.00..105967.92 rows=11472 width=3) (actual time=0.744..348.606 rows=6637 loops=1)
Seq Scan on area_v_con  (cost=0.00..152138.54 rows=504714 width=4) (actual time=0.366..1130.022 rows=516862 loops=1)
Gather  (cost=1000.00..105967.92 rows=11472 width=3) (actual time=0.704..359.413 rows=8192 loops=1)
Gather  (cost=1000.00..105967.92 rows=11472 width=3) (actual time=0.605..342.068 rows=18152 loops=1)
Gather  (cost=1000.00..109282.52 rows=44618 width=3) (actual time=0.584..349.731 rows=41350 loops=1)
Gather  (cost=1000.00..105967.92 rows=11472 width=3) (actual time=0.665..342.308 rows=23173 loops=1)
Gather  (cost=1000.00..148489.02 rows=436683 width=4) (actual time=0.644..485.930 rows=425955 loops=1)
Gather  (cost=1000.00..149262.02 rows=444413 width=4) (actual time=0.742..483.019 rows=443206 loops=1)
Seq Scan on area_v_con  (cost=0.00..152138.54 rows=923505 width=4) (actual time=0.379..1148.315 rows=926646 loops=1)
Seq Scan on area_v_con  (cost=0.00..152138.54 rows=923505 width=4) (actual time=0.365..1147.726 rows=926646 loops=1)
Gather  (cost=1000.00..105967.92 rows=11472 width=3) (actual time=0.650..341.674 rows=14875 loops=1)
Seq Scan on area_v_con  (cost=0.00..152138.54 rows=602344 width=4) (actual time=0.381..1137.216 rows=595837 loops=1)
Gather  (cost=1000.00..107736.32 rows=29156 width=3) (actual time=0.685..345.266 rows=31459 loops=1)
Seq Scan on area_v_con  (cost=0.00..152138.54 rows=1422256 width=4) (actual time=0.374..1170.757 rows=1419652 loops=1)
Gather  (cost=1000.00..105967.92 rows=11472 width=3) (actual time=0.766..339.468 rows=9703 loops=1)
Gather  (cost=1000.00..146147.62 rows=413269 width=4) (actual time=0.610..501.456 rows=424881 loops=1)
Seq Scan on area_v_con  (cost=0.00..152138.54 rows=1422256 width=4) (actual time=0.410..1176.141 rows=1419652 loops=1)
Seq Scan on area_v_con  (cost=0.00..152138.54 rows=1422256 width=4) (actual time=0.369..1184.259 rows=1419652 loops=1)
Gather  (cost=1000.00..108332.72 rows=35120 width=3) (actual time=0.579..351.597 rows=31459 loops=1)
Gather  (cost=1000.00..105967.92 rows=11472 width=3) (actual time=0.871..344.215 rows=13300 loops=1)
Gather  (cost=1000.00..147009.12 rows=421884 width=4) (actual time=0.643..490.703 rows=434439 loops=1)
Gather  (cost=1000.00..107250.42 rows=24297 width=3) (actual time=0.552..344.690 rows=23173 loops=1)
Gather  (cost=1000.00..105967.92 rows=11472 width=3) (actual time=0.876..351.766 rows=1617 loops=1)
Gather  (cost=1000.00..105967.92 rows=11472 width=3) (actual time=0.847..343.478 rows=1681 loops=1)
Gather  (cost=1000.00..105967.92 rows=11472 width=3) (actual time=0.660..350.650 rows=19619 loops=1)
Gather  (cost=1000.00..149262.02 rows=444413 width=4) (actual time=0.594..487.495 rows=443206 loops=1)
Gather  (cost=1000.00..105967.92 rows=11472 width=3) (actual time=0.726..336.862 rows=1656 loops=1)
Gather  (cost=1000.00..105967.92 rows=11472 width=3) (actual time=0.789..349.002 rows=13151 loops=1)
Gather  (cost=1000.00..148489.02 rows=436683 width=4) (actual time=0.657..506.814 rows=425955 loops=1)
Gather  (cost=1000.00..105967.92 rows=11472 width=3) (actual time=0.740..339.979 rows=3444 loops=1)
Seq Scan on area_v_con  (cost=0.00..152138.54 rows=923505 width=4) (actual time=0.382..1151.997 rows=926646 loops=1)
Seq Scan on area_v_con  (cost=0.00..152138.54 rows=504714 width=4) (actual time=0.366..1127.690 rows=516862 loops=1)
Seq Scan on area_v_con  (cost=0.00..152138.54 rows=490357 width=4) (actual time=0.386..1122.949 rows=495041 loops=1)
Gather  (cost=1000.00..146147.62 rows=413269 width=4) (actual time=0.620..480.547 rows=424881 loops=1)
Seq Scan on area_v_con  (cost=0.00..152138.54 rows=477987 width=4) (actual time=0.454..1125.753 rows=470990 loops=1)
Gather  (cost=1000.00..108995.42 rows=41747 width=3) (actual time=0.652..350.420 rows=41350 loops=1)
Seq Scan on area_v_con  (cost=0.00..152138.54 rows=923505 width=4) (actual time=0.378..1149.954 rows=926646 loops=1)
Gather  (cost=1000.00..109216.22 rows=43955 width=3) (actual time=0.660..359.308 rows=41350 loops=1)
Gather  (cost=1000.00..105967.92 rows=11472 width=3) (actual time=0.735..349.579 rows=13300 loops=1)
Seq Scan on area_v_con  (cost=0.00..152138.54 rows=923505 width=4) (actual time=0.374..1149.558 rows=926646 loops=1)
Gather  (cost=1000.00..105967.92 rows=11472 width=3) (actual time=0.709..341.211 rows=6618 loops=1)
Seq Scan on area_v_con  (cost=0.00..152138.54 rows=923505 width=4) (actual time=0.378..1147.969 rows=926646 loops=1)
Gather  (cost=1000.00..148489.02 rows=436683 width=4) (actual time=0.720..481.138 rows=425955 loops=1)
Gather  (cost=1000.00..105967.92 rows=11472 width=3) (actual time=0.579..344.652 rows=19619 loops=1)
Seq Scan on area_v_con  (cost=0.00..152138.54 rows=1422256 width=4) (actual time=0.405..1171.869 rows=1419652 loops=1)
Gather  (cost=1000.00..105967.92 rows=11472 width=3) (actual time=0.774..348.986 rows=1570 loops=1)
Gather  (cost=1000.00..111491.32 rows=66706 width=3) (actual time=0.554..349.251 rows=59423 loops=1)
Gather  (cost=1000.00..107802.62 rows=29819 width=3) (actual time=0.556..346.187 rows=31459 loops=1)
Gather  (cost=1000.00..105967.92 rows=11472 width=3) (actual time=0.642..342.130 rows=3444 loops=1)
Gather  (cost=1000.00..105967.92 rows=11472 width=3) (actual time=0.732..345.766 rows=6637 loops=1)
Seq Scan on area_v_con  (cost=0.00..152138.54 rows=923505 width=4) (actual time=0.363..1150.309 rows=926646 loops=1)
Seq Scan on area_v_con  (cost=0.00..152138.54 rows=923505 width=4) (actual time=0.365..1147.112 rows=926646 loops=1)
Seq Scan on area_v_con  (cost=0.00..152138.54 rows=490357 width=4) (actual time=0.382..1123.090 rows=495041 loops=1)
Seq Scan on area_v_con  (cost=0.00..152138.54 rows=490357 width=4) (actual time=0.423..1122.183 rows=495041 loops=1)
Seq Scan on area_v_con  (cost=0.00..152138.54 rows=504714 width=4) (actual time=0.464..1123.092 rows=516862 loops=1)
Gather  (cost=1000.00..105967.92 rows=11472 width=3) (actual time=0.444..340.304 rows=4920 loops=1)
Seq Scan on area_v_con  (cost=0.00..152138.54 rows=504714 width=4) (actual time=0.401..1126.238 rows=516862 loops=1)
Gather  (cost=1000.00..109304.62 rows=44839 width=3) (actual time=0.531..355.339 rows=41350 loops=1)
Gather  (cost=1000.00..107957.22 rows=31365 width=3) (actual time=0.574..362.292 rows=31459 loops=1)
Gather  (cost=1000.00..149262.02 rows=444413 width=4) (actual time=0.600..498.973 rows=443206 loops=1)
Gather  (cost=1000.00..105967.92 rows=11472 width=3) (actual time=0.594..344.731 rows=14709 loops=1)
Gather  (cost=1000.00..110806.62 rows=59859 width=3) (actual time=0.560..361.007 rows=59423 loops=1)
Seq Scan on area_v_con  (cost=0.00..152138.54 rows=602344 width=4) (actual time=0.378..1125.217 rows=595837 loops=1)
Seq Scan on area_v_con  (cost=0.00..152138.54 rows=1422256 width=4) (actual time=0.366..1172.281 rows=1419652 loops=1)
Gather  (cost=1000.00..148489.02 rows=436683 width=4) (actual time=0.649..487.673 rows=425955 loops=1)
Gather  (cost=1000.00..148489.02 rows=436683 width=4) (actual time=0.621..493.068 rows=425955 loops=1)
Gather  (cost=1000.00..105967.92 rows=11472 width=3) (actual time=0.594..342.861 rows=11597 loops=1)
Gather  (cost=1000.00..107228.32 rows=24076 width=3) (actual time=0.675..357.408 rows=23240 loops=1)
Gather  (cost=1000.00..105967.92 rows=11472 width=3) (actual time=0.664..345.981 rows=6618 loops=1)
Gather  (cost=1000.00..105967.92 rows=11472 width=3) (actual time=0.558..355.358 rows=23173 loops=1)
Gather  (cost=1000.00..109591.72 rows=47710 width=3) (actual time=0.677..371.640 rows=41350 loops=1)
Seq Scan on area_v_con  (cost=0.00..152138.54 rows=602344 width=4) (actual time=0.379..1134.436 rows=595837 loops=1)
Gather  (cost=1000.00..110740.32 rows=59196 width=3) (actual time=0.656..358.088 rows=59423 loops=1)
Gather  (cost=1000.00..108178.12 rows=33574 width=3) (actual time=0.558..360.718 rows=31459 loops=1)
Seq Scan on area_v_con  (cost=0.00..152138.54 rows=490357 width=4) (actual time=0.418..1125.202 rows=495041 loops=1)
Gather  (cost=1000.00..149262.02 rows=444413 width=4) (actual time=0.690..495.959 rows=443206 loops=1)
Gather  (cost=1000.00..149262.02 rows=444413 width=4) (actual time=0.592..482.037 rows=443206 loops=1)
Gather  (cost=1000.00..149262.02 rows=444413 width=4) (actual time=0.584..489.104 rows=443206 loops=1)
Seq Scan on area_v_con  (cost=0.00..152138.54 rows=490357 width=4) (actual time=0.424..1120.013 rows=495041 loops=1)
Gather  (cost=1000.00..105967.92 rows=11472 width=3) (actual time=0.813..349.540 rows=9703 loops=1)
Seq Scan on area_v_con  (cost=0.00..152138.54 rows=1422256 width=4) (actual time=0.438..1175.261 rows=1419652 loops=1)
Gather  (cost=1000.00..107272.52 rows=24518 width=3) (actual time=0.656..343.791 rows=23240 loops=1)
Gather  (cost=1000.00..105967.92 rows=11472 width=3) (actual time=0.614..345.369 rows=14709 loops=1)
Gather  (cost=1000.00..105967.92 rows=11472 width=3) (actual time=0.638..338.558 rows=8242 loops=1)
Seq Scan on area_v_con  (cost=0.00..152138.54 rows=1422256 width=4) (actual time=0.376..1177.507 rows=1419652 loops=1)
Seq Scan on area_v_con  (cost=0.00..152138.54 rows=602344 width=4) (actual time=0.384..1128.645 rows=595837 loops=1)
Gather  (cost=1000.00..105967.92 rows=11472 width=3) (actual time=0.943..344.265 rows=1617 loops=1)
Gather  (cost=1000.00..110872.92 rows=60522 width=3) (actual time=0.567..356.719 rows=59423 loops=1)
Gather  (cost=1000.00..148489.02 rows=436683 width=4) (actual time=0.774..482.120 rows=425955 loops=1)
Seq Scan on area_v_con  (cost=0.00..152138.54 rows=477987 width=4) (actual time=0.510..1120.060 rows=470990 loops=1)
Gather  (cost=1000.00..147009.12 rows=421884 width=4) (actual time=0.707..487.457 rows=434439 loops=1)
Gather  (cost=1000.00..105967.92 rows=11472 width=3) (actual time=0.673..339.172 rows=13307 loops=1)
Gather  (cost=1000.00..105967.92 rows=11472 width=3) (actual time=0.663..341.686 rows=14709 loops=1)
Seq Scan on area_v_con  (cost=0.00..152138.54 rows=1422256 width=4) (actual time=0.367..1173.251 rows=1419652 loops=1)
Gather  (cost=1000.00..107692.22 rows=28715 width=3) (actual time=0.637..350.480 rows=31459 loops=1)
Gather  (cost=1000.00..105967.92 rows=11472 width=3) (actual time=0.574..350.266 rows=19619 loops=1)
Seq Scan on area_v_con  (cost=0.00..152138.54 rows=1422256 width=4) (actual time=0.368..1172.181 rows=1419652 loops=1)
Gather  (cost=1000.00..105967.92 rows=11472 width=3) (actual time=0.687..343.090 rows=23173 loops=1)
Gather  (cost=1000.00..108973.32 rows=41526 width=3) (actual time=0.578..356.272 rows=41350 loops=1)
Seq Scan on area_v_con  (cost=0.00..152138.54 rows=504714 width=4) (actual time=0.375..1130.341 rows=516862 loops=1)
Gather  (cost=1000.00..104820.82 rows=1 width=4) (actual time=421.005..425.671 rows=0 loops=1)
Gather  (cost=1000.00..148489.02 rows=436683 width=4) (actual time=0.635..494.335 rows=425955 loops=1)
Gather  (cost=1000.00..105967.92 rows=11472 width=3) (actual time=0.563..349.348 rows=14699 loops=1)
Gather  (cost=1000.00..149262.02 rows=444413 width=4) (actual time=0.593..492.776 rows=443206 loops=1)
Gather  (cost=1000.00..149262.02 rows=444413 width=4) (actual time=0.598..494.318 rows=443206 loops=1)
Gather  (cost=1000.00..149262.02 rows=444413 width=4) (actual time=0.582..494.424 rows=443206 loops=1)
Gather  (cost=1000.00..110409.02 rows=55883 width=3) (actual time=0.548..359.783 rows=59423 loops=1)
Seq Scan on area_v_con  (cost=0.00..152138.54 rows=477987 width=4) (actual time=0.443..1122.652 rows=470990 loops=1)
Gather  (cost=1000.00..105967.92 rows=11472 width=3) (actual time=0.768..341.053 rows=4920 loops=1)
Gather  (cost=1000.00..109260.42 rows=44397 width=3) (actual time=0.572..349.980 rows=41350 loops=1)
Gather  (cost=1000.00..107736.32 rows=29156 width=3) (actual time=0.590..348.881 rows=31459 loops=1)
Gather  (cost=1000.00..105967.92 rows=11472 width=3) (actual time=0.579..344.517 rows=14709 loops=1)
Seq Scan on area_v_con  (cost=0.00..152138.54 rows=923505 width=4) (actual time=0.440..1143.818 rows=926646 loops=1)
Seq Scan on area_v_con  (cost=0.00..152138.54 rows=1422256 width=4) (actual time=0.362..1172.829 rows=1419652 loops=1)
Seq Scan on area_v_con  (cost=0.00..152138.54 rows=504714 width=4) (actual time=0.363..1133.243 rows=516862 loops=1)
Seq Scan on area_v_con  (cost=0.00..152138.54 rows=1422256 width=4) (actual time=0.359..1169.438 rows=1419652 loops=1)
Gather  (cost=1000.00..107736.32 rows=29156 width=3) (actual time=0.708..350.298 rows=31459 loops=1)
Gather  (cost=1000.00..105967.92 rows=11472 width=3) (actual time=0.872..340.793 rows=9962 loops=1)
Seq Scan on area_v_con  (cost=0.00..152138.54 rows=602344 width=4) (actual time=0.367..1125.649 rows=595837 loops=1)
Seq Scan on area_v_con  (cost=0.00..152138.54 rows=490357 width=4) (actual time=0.377..1121.725 rows=495041 loops=1)
Gather  (cost=1000.00..105967.92 rows=11472 width=3) (actual time=0.590..341.120 rows=8059 loops=1)
Gather  (cost=1000.00..105967.92 rows=11472 width=3) (actual time=0.688..376.190 rows=13307 loops=1)
Gather  (cost=1000.00..105967.92 rows=11472 width=3) (actual time=0.804..339.102 rows=4920 loops=1)
Gather  (cost=1000.00..105967.92 rows=11472 width=3) (actual time=0.577..342.128 rows=23173 loops=1)
Seq Scan on area_v_con  (cost=0.00..152138.54 rows=1422256 width=4) (actual time=0.373..1169.471 rows=1419652 loops=1)
Seq Scan on area_v_con  (cost=0.00..152138.54 rows=923505 width=4) (actual time=0.372..1145.943 rows=926646 loops=1)
Seq Scan on area_v_con  (cost=0.00..152138.54 rows=1422256 width=4) (actual time=0.368..1171.292 rows=1419652 loops=1)
Gather  (cost=1000.00..105967.92 rows=11472 width=3) (actual time=0.882..340.856 rows=1676 loops=1)
Gather  (cost=1000.00..105967.92 rows=11472 width=3) (actual time=0.683..340.621 rows=13307 loops=1)
Gather  (cost=1000.00..148489.02 rows=436683 width=4) (actual time=0.644..485.013 rows=425955 loops=1)
Gather  (cost=1000.00..105967.92 rows=11472 width=3) (actual time=0.766..347.119 rows=13300 loops=1)
Seq Scan on area_v_con  (cost=0.00..152138.54 rows=923505 width=4) (actual time=0.385..1148.190 rows=926646 loops=1)
Gather  (cost=1000.00..105967.92 rows=11472 width=3) (actual time=0.893..349.411 rows=9962 loops=1)
Gather  (cost=1000.00..105967.92 rows=11472 width=3) (actual time=0.652..341.205 rows=23240 loops=1)
Seq Scan on area_v_con  (cost=0.00..152138.54 rows=1422256 width=4) (actual time=0.370..1179.657 rows=1419652 loops=1)
Seq Scan on area_v_con  (cost=0.00..152138.54 rows=490357 width=4) (actual time=0.496..1120.332 rows=495041 loops=1)
Gather  (cost=1000.00..109282.52 rows=44618 width=3) (actual time=0.738..354.782 rows=41350 loops=1)
Seq Scan on area_v_con  (cost=0.00..152138.54 rows=1422256 width=4) (actual time=0.441..1171.672 rows=1419652 loops=1)
Gather  (cost=1000.00..107228.32 rows=24076 width=3) (actual time=0.701..342.875 rows=23047 loops=1)
Gather  (cost=1000.00..108973.32 rows=41526 width=3) (actual time=0.579..345.823 rows=41350 loops=1)
Seq Scan on area_v_con  (cost=0.00..152138.54 rows=489031 width=4) (actual time=0.455..1123.501 rows=473031 loops=1)
Gather  (cost=1000.00..146147.62 rows=413269 width=4) (actual time=0.659..483.468 rows=424881 loops=1)
Seq Scan on area_v_con  (cost=0.00..152138.54 rows=923505 width=4) (actual time=0.418..1143.584 rows=926646 loops=1)
Gather  (cost=1000.00..148489.02 rows=436683 width=4) (actual time=0.754..498.383 rows=425955 loops=1)
Seq Scan on area_v_con  (cost=0.00..152138.54 rows=504714 width=4) (actual time=0.367..1128.452 rows=516862 loops=1)
Gather  (cost=1000.00..105967.92 rows=11472 width=3) (actual time=0.636..340.784 rows=11597 loops=1)
Gather  (cost=1000.00..105967.92 rows=11472 width=3) (actual time=0.574..383.892 rows=8059 loops=1)
Seq Scan on area_v_con  (cost=0.00..152138.54 rows=923505 width=4) (actual time=0.454..1152.373 rows=926646 loops=1)
Gather  (cost=1000.00..146147.62 rows=413269 width=4) (actual time=0.623..478.980 rows=424881 loops=1)
Gather  (cost=1000.00..105967.92 rows=11472 width=3) (actual time=0.651..341.448 rows=4920 loops=1)
Gather  (cost=1000.00..105967.92 rows=11472 width=3) (actual time=0.560..344.277 rows=14699 loops=1)
Gather  (cost=1000.00..105967.92 rows=11472 width=3) (actual time=0.612..343.670 rows=18152 loops=1)
Seq Scan on area_v_con  (cost=0.00..152138.54 rows=477987 width=4) (actual time=0.448..1127.232 rows=470990 loops=1)
Gather  (cost=1000.00..105967.92 rows=11472 width=3) (actual time=0.697..343.833 rows=14875 loops=1)
Gather  (cost=1000.00..105967.92 rows=11472 width=3) (actual time=0.581..343.813 rows=8243 loops=1)
Seq Scan on area_v_con  (cost=0.00..152138.54 rows=504714 width=4) (actual time=0.366..1131.584 rows=516862 loops=1)
Gather  (cost=1000.00..105967.92 rows=11472 width=3) (actual time=1.052..343.186 rows=1561 loops=1)
Gather  (cost=1000.00..105967.92 rows=11472 width=3) (actual time=0.846..349.030 rows=9962 loops=1)
Seq Scan on area_v_con  (cost=0.00..152138.54 rows=1422256 width=4) (actual time=0.377..1175.559 rows=1419652 loops=1)
Gather  (cost=1000.00..105967.92 rows=11472 width=3) (actual time=0.739..349.090 rows=11597 loops=1)
Seq Scan on area_v_con  (cost=0.00..152138.54 rows=1422256 width=4) (actual time=0.381..1171.172 rows=1419652 loops=1)
Seq Scan on area_v_con  (cost=0.00..152138.54 rows=1422256 width=4) (actual time=0.374..1176.168 rows=1419652 loops=1)
Seq Scan on area_v_con  (cost=0.00..152138.54 rows=602344 width=4) (actual time=0.459..1124.062 rows=595837 loops=1)
Seq Scan on area_v_con  (cost=0.00..152138.54 rows=1422256 width=4) (actual time=0.363..1166.771 rows=1419652 loops=1)
Gather  (cost=1000.00..105967.92 rows=11472 width=3) (actual time=0.686..347.084 rows=19619 loops=1)
Seq Scan on area_v_con  (cost=0.00..152138.54 rows=490357 width=4) (actual time=0.433..1122.622 rows=495041 loops=1)
Gather  (cost=1000.00..105967.92 rows=11472 width=3) (actual time=0.634..344.334 rows=23173 loops=1)
Seq Scan on area_v_con  (cost=0.00..152138.54 rows=923505 width=4) (actual time=0.366..1153.132 rows=926646 loops=1)
Gather  (cost=1000.00..110762.42 rows=59417 width=3) (actual time=0.636..350.539 rows=59423 loops=1)
Seq Scan on area_v_con  (cost=0.00..152138.54 rows=1422256 width=4) (actual time=0.375..1173.349 rows=1419652 loops=1)
Gather  (cost=1000.00..107250.42 rows=24297 width=3) (actual time=0.591..350.205 rows=23173 loops=1)
Gather  (cost=1000.00..107802.62 rows=29819 width=3) (actual time=0.556..350.922 rows=31459 loops=1)
Seq Scan on area_v_con  (cost=0.00..152138.54 rows=1422256 width=4) (actual time=0.457..1172.380 rows=1419652 loops=1)
Gather  (cost=1000.00..110276.52 rows=54558 width=3) (actual time=0.571..368.155 rows=59423 loops=1)
Gather  (cost=1000.00..148489.02 rows=436683 width=4) (actual time=0.645..491.881 rows=425955 loops=1)
Gather  (cost=1000.00..111491.32 rows=66706 width=3) (actual time=0.556..350.689 rows=59423 loops=1)
Gather  (cost=1000.00..105967.92 rows=11472 width=3) (actual time=0.571..352.102 rows=19619 loops=1)
Seq Scan on area_v_con  (cost=0.00..152138.54 rows=1422256 width=4) (actual time=0.376..1169.478 rows=1419652 loops=1)
Gather  (cost=1000.00..105967.92 rows=11472 width=3) (actual time=0.693..341.972 rows=6527 loops=1)
Seq Scan on area_v_con  (cost=0.00..152138.54 rows=602344 width=4) (actual time=0.376..1128.789 rows=595837 loops=1)
Seq Scan on area_v_con  (cost=0.00..152138.54 rows=602344 width=4) (actual time=0.367..1125.414 rows=595837 loops=1)
Gather  (cost=1000.00..105967.92 rows=11472 width=3) (actual time=0.653..342.641 rows=23240 loops=1)
Seq Scan on area_v_con  (cost=0.00..152138.54 rows=504714 width=4) (actual time=0.407..1123.649 rows=516862 loops=1)
Gather  (cost=1000.00..108951.22 rows=41305 width=3) (actual time=0.586..348.134 rows=41350 loops=1)
Seq Scan on area_v_con  (cost=0.00..152138.54 rows=504714 width=4) (actual time=0.373..1124.091 rows=516862 loops=1)
Gather  (cost=1000.00..105967.92 rows=11472 width=3) (actual time=0.658..338.147 rows=8242 loops=1)
Seq Scan on area_v_con  (cost=0.00..152138.54 rows=489031 width=4) (actual time=0.494..1123.382 rows=473031 loops=1)
Seq Scan on area_v_con  (cost=0.00..152138.54 rows=477987 width=4) (actual time=0.434..1130.974 rows=470990 loops=1)
Gather  (cost=1000.00..105967.92 rows=11472 width=3) (actual time=0.752..367.956 rows=14709 loops=1)
Gather  (cost=1000.00..110696.12 rows=58754 width=3) (actual time=0.563..376.574 rows=59423 loops=1)
Gather  (cost=1000.00..149262.02 rows=444413 width=4) (actual time=0.592..485.320 rows=443206 loops=1)
Gather  (cost=1000.00..109591.72 rows=47710 width=3) (actual time=0.599..355.901 rows=41350 loops=1)
Seq Scan on area_v_con  (cost=0.00..152138.54 rows=923505 width=4) (actual time=0.374..1148.443 rows=926646 loops=1)
Gather  (cost=1000.00..111071.62 rows=62509 width=3) (actual time=0.567..350.541 rows=59423 loops=1)
Seq Scan on area_v_con  (cost=0.00..152138.54 rows=1422256 width=4) (actual time=0.392..1171.838 rows=1419652 loops=1)
Gather  (cost=1000.00..105967.92 rows=11472 width=3) (actual time=0.579..351.117 rows=19619 loops=1)
Seq Scan on area_v_con  (cost=0.00..152138.54 rows=1422256 width=4) (actual time=0.370..1171.980 rows=1419652 loops=1)
Gather  (cost=1000.00..105967.92 rows=11472 width=3) (actual time=0.583..346.304 rows=8059 loops=1)
Gather  (cost=1000.00..110850.82 rows=60301 width=3) (actual time=0.559..362.012 rows=59423 loops=1)
Seq Scan on area_v_con  (cost=0.00..152138.54 rows=490357 width=4) (actual time=0.463..1121.579 rows=495041 loops=1)
Gather  (cost=1000.00..105967.92 rows=11472 width=3) (actual time=0.617..337.281 rows=4942 loops=1)
Gather  (cost=1000.00..108884.92 rows=40642 width=3) (actual time=0.567..356.890 rows=41350 loops=1)
Seq Scan on area_v_con  (cost=0.00..152138.54 rows=602344 width=4) (actual time=0.367..1129.912 rows=595837 loops=1)
Seq Scan on area_v_con  (cost=0.00..152138.54 rows=504714 width=4) (actual time=0.353..1118.716 rows=516862 loops=1)
Seq Scan on area_v_con  (cost=0.00..152138.54 rows=602344 width=4) (actual time=0.371..1130.686 rows=595837 loops=1)
Seq Scan on area_v_con  (cost=0.00..152138.54 rows=602344 width=4) (actual time=0.369..1124.619 rows=595837 loops=1)
Gather  (cost=1000.00..105967.92 rows=11472 width=3) (actual time=0.853..345.246 rows=6527 loops=1)
Seq Scan on area_v_con  (cost=0.00..152138.54 rows=490357 width=4) (actual time=0.390..1119.314 rows=495041 loops=1)
Gather  (cost=1000.00..105967.92 rows=11472 width=3) (actual time=0.656..338.214 rows=8243 loops=1)
Gather  (cost=1000.00..107692.22 rows=28715 width=3) (actual time=0.567..347.392 rows=31459 loops=1)
Seq Scan on area_v_con  (cost=0.00..152138.54 rows=1422256 width=4) (actual time=0.372..1171.677 rows=1419652 loops=1)
Gather  (cost=1000.00..105967.92 rows=11472 width=3) (actual time=0.944..337.740 rows=9962 loops=1)
Gather  (cost=1000.00..105967.92 rows=11472 width=3) (actual time=0.626..358.538 rows=14875 loops=1)
Seq Scan on area_v_con  (cost=0.00..152138.54 rows=504714 width=4) (actual time=0.358..1123.146 rows=516862 loops=1)
Gather  (cost=1000.00..148489.02 rows=436683 width=4) (actual time=0.712..475.963 rows=425955 loops=1)
Seq Scan on area_v_con  (cost=0.00..152138.54 rows=602344 width=4) (actual time=0.404..1132.831 rows=595837 loops=1)
Gather  (cost=1000.00..147009.12 rows=421884 width=4) (actual time=0.577..481.537 rows=434439 loops=1)
Gather  (cost=1000.00..105967.92 rows=11472 width=3) (actual time=0.605..350.626 rows=11597 loops=1)
Seq Scan on area_v_con  (cost=0.00..152138.54 rows=489031 width=4) (actual time=0.539..1122.605 rows=473031 loops=1)
Gather  (cost=1000.00..105967.92 rows=11472 width=3) (actual time=0.787..344.079 rows=13151 loops=1)
Gather  (cost=1000.00..105967.92 rows=11472 width=3) (actual time=0.618..345.393 rows=6538 loops=1)
Gather  (cost=1000.00..110806.62 rows=59859 width=3) (actual time=0.564..355.270 rows=59423 loops=1)
Seq Scan on area_v_con  (cost=0.00..152138.54 rows=1422256 width=4) (actual time=0.366..1189.463 rows=1419652 loops=1)
Gather  (cost=1000.00..107935.12 rows=31144 width=3) (actual time=0.560..347.423 rows=31459 loops=1)
Gather  (cost=1000.00..108730.32 rows=39096 width=3) (actual time=0.567..350.382 rows=41350 loops=1)
Gather  (cost=1000.00..111182.12 rows=63614 width=3) (actual time=0.561..366.434 rows=59423 loops=1)
Seq Scan on area_v_con  (cost=0.00..152138.54 rows=923505 width=4) (actual time=0.380..1151.544 rows=926646 loops=1)
Gather  (cost=1000.00..146147.62 rows=413269 width=4) (actual time=0.657..484.631 rows=424881 loops=1)
Seq Scan on area_v_con  (cost=0.00..152138.54 rows=923505 width=4) (actual time=0.421..1146.621 rows=926646 loops=1)
Gather  (cost=1000.00..108178.12 rows=33574 width=3) (actual time=0.777..351.044 rows=31459 loops=1)
Seq Scan on area_v_con  (cost=0.00..152138.54 rows=602344 width=4) (actual time=0.381..1125.812 rows=595837 loops=1)
Gather  (cost=1000.00..105967.92 rows=11472 width=3) (actual time=0.744..346.616 rows=13300 loops=1)
Gather  (cost=1000.00..149262.02 rows=444413 width=4) (actual time=0.576..487.443 rows=443206 loops=1)
Seq Scan on area_v_con  (cost=0.00..152138.54 rows=1422256 width=4) (actual time=0.370..1177.453 rows=1419652 loops=1)
Seq Scan on area_v_con  (cost=0.00..152138.54 rows=489031 width=4) (actual time=0.447..1122.321 rows=473031 loops=1)
Gather  (cost=1000.00..105967.92 rows=11472 width=3) (actual time=0.693..344.302 rows=4775 loops=1)
Seq Scan on area_v_con  (cost=0.00..152138.54 rows=504714 width=4) (actual time=0.373..1126.523 rows=516862 loops=1)
Gather  (cost=1000.00..105967.92 rows=11472 width=3) (actual time=0.662..360.084 rows=11597 loops=1)
Gather  (cost=1000.00..107802.62 rows=29819 width=3) (actual time=0.552..355.730 rows=31459 loops=1)
Gather  (cost=1000.00..105967.92 rows=11472 width=3) (actual time=0.593..342.833 rows=9970 loops=1)
Gather  (cost=1000.00..108178.12 rows=33574 width=3) (actual time=0.568..346.926 rows=31459 loops=1)
Seq Scan on area_v_con  (cost=0.00..152138.54 rows=923505 width=4) (actual time=0.377..1179.852 rows=926646 loops=1)
Gather  (cost=1000.00..105967.92 rows=11472 width=3) (actual time=0.909..344.209 rows=6637 loops=1)
Seq Scan on area_v_con  (cost=0.00..152138.54 rows=923505 width=4) (actual time=0.420..1219.274 rows=926646 loops=1)
Gather  (cost=1000.00..105967.92 rows=11472 width=3) (actual time=0.720..343.061 rows=9970 loops=1)
Seq Scan on area_v_con  (cost=0.00..152138.54 rows=602344 width=4) (actual time=0.380..1138.960 rows=595837 loops=1)
Gather  (cost=1000.00..105967.92 rows=11472 width=3) (actual time=0.691..339.299 rows=9703 loops=1)
Gather  (cost=1000.00..105967.92 rows=11472 width=3) (actual time=0.649..344.405 rows=13151 loops=1)
Seq Scan on area_v_con  (cost=0.00..152138.54 rows=477987 width=4) (actual time=0.465..1122.602 rows=470990 loops=1)
Gather  (cost=1000.00..147009.12 rows=421884 width=4) (actual time=0.696..488.297 rows=434439 loops=1)
Gather  (cost=1000.00..105967.92 rows=11472 width=3) (actual time=0.678..339.967 rows=13307 loops=1)
Gather  (cost=1000.00..105967.92 rows=11472 width=3) (actual time=0.554..339.764 rows=14699 loops=1)
Gather  (cost=1000.00..147009.12 rows=421884 width=4) (actual time=0.554..489.772 rows=434439 loops=1)
Seq Scan on area_v_con  (cost=0.00..152138.54 rows=923505 width=4) (actual time=0.373..1149.487 rows=926646 loops=1)
Seq Scan on area_v_con  (cost=0.00..152138.54 rows=1422256 width=4) (actual time=0.373..1175.346 rows=1419652 loops=1)
Seq Scan on area_v_con  (cost=0.00..152138.54 rows=1422256 width=4) (actual time=0.363..1169.384 rows=1419652 loops=1)
Gather  (cost=1000.00..108730.32 rows=39096 width=3) (actual time=0.578..346.264 rows=41350 loops=1)
Seq Scan on area_v_con  (cost=0.00..152138.54 rows=490357 width=4) (actual time=0.387..1124.722 rows=495041 loops=1)
Gather  (cost=1000.00..147009.12 rows=421884 width=4) (actual time=0.593..482.801 rows=434439 loops=1)
Gather  (cost=1000.00..149262.02 rows=444413 width=4) (actual time=0.575..484.075 rows=443206 loops=1)
Gather  (cost=1000.00..105967.92 rows=11472 width=3) (actual time=0.990..350.170 rows=6518 loops=1)
Gather  (cost=1000.00..105967.92 rows=11472 width=3) (actual time=0.691..349.467 rows=6626 loops=1)
Gather  (cost=1000.00..105967.92 rows=11472 width=3) (actual time=0.729..342.545 rows=6637 loops=1)
Gather  (cost=1000.00..105967.92 rows=11472 width=3) (actual time=0.625..343.827 rows=23240 loops=1)
Gather  (cost=1000.00..105967.92 rows=11472 width=3) (actual time=0.576..339.587 rows=8059 loops=1)
Gather  (cost=1000.00..147009.12 rows=421884 width=4) (actual time=0.546..488.799 rows=434439 loops=1)
Gather  (cost=1000.00..105967.92 rows=11472 width=3) (actual time=0.748..342.616 rows=6637 loops=1)
Seq Scan on area_v_con  (cost=0.00..152138.54 rows=602344 width=4) (actual time=0.367..1132.925 rows=595837 loops=1)
Gather  (cost=1000.00..105967.92 rows=11472 width=3) (actual time=0.736..342.654 rows=8192 loops=1)
Gather  (cost=1000.00..148489.02 rows=436683 width=4) (actual time=0.645..486.316 rows=425955 loops=1)
Gather  (cost=1000.00..105967.92 rows=11472 width=3) (actual time=0.578..343.972 rows=23173 loops=1)
Gather  (cost=1000.00..105967.92 rows=11472 width=3) (actual time=1.177..1850.323 rows=3312 loops=1)
Seq Scan on area_v_con  (cost=0.00..152138.54 rows=602344 width=4) (actual time=0.373..1130.315 rows=595837 loops=1)
Gather  (cost=1000.00..105967.92 rows=11472 width=3) (actual time=0.758..346.173 rows=13307 loops=1)
Seq Scan on area_v_con  (cost=0.00..152138.54 rows=504714 width=4) (actual time=0.367..1125.349 rows=516862 loops=1)
Seq Scan on area_v_con  (cost=0.00..152138.54 rows=490357 width=4) (actual time=0.382..1120.893 rows=495041 loops=1)
Seq Scan on area_v_con  (cost=0.00..152138.54 rows=923505 width=4) (actual time=0.360..1162.794 rows=926646 loops=1)
Seq Scan on area_v_con  (cost=0.00..152138.54 rows=504714 width=4) (actual time=0.369..1135.140 rows=516862 loops=1)
Seq Scan on area_v_con  (cost=0.00..152138.54 rows=1422256 width=4) (actual time=0.365..1170.105 rows=1419652 loops=1)
Gather  (cost=1000.00..105967.92 rows=11472 width=3) (actual time=0.274..347.454 rows=23173 loops=1)
Seq Scan on area_v_con  (cost=0.00..152138.54 rows=504714 width=4) (actual time=0.370..1123.453 rows=516862 loops=1)
Gather  (cost=1000.00..105967.92 rows=11472 width=3) (actual time=0.416..344.417 rows=14875 loops=1)
Gather  (cost=1000.00..107780.52 rows=29598 width=3) (actual time=0.557..353.284 rows=31459 loops=1)
Gather  (cost=1000.00..105967.92 rows=11472 width=3) (actual time=0.569..342.039 rows=19619 loops=1)
Gather  (cost=1000.00..105967.92 rows=11472 width=3) (actual time=0.705..343.048 rows=6527 loops=1)
Gather  (cost=1000.00..105967.92 rows=11472 width=3) (actual time=0.584..339.973 rows=8243 loops=1)
Seq Scan on area_v_con  (cost=0.00..152138.54 rows=923505 width=4) (actual time=0.368..1148.640 rows=926646 loops=1)
Seq Scan on area_v_con  (cost=0.00..152138.54 rows=923505 width=4) (actual time=0.409..1145.743 rows=926646 loops=1)
Gather  (cost=1000.00..105967.92 rows=11472 width=3) (actual time=0.703..338.579 rows=6637 loops=1)
Seq Scan on area_v_con  (cost=0.00..152138.54 rows=923505 width=4) (actual time=0.401..1146.347 rows=926646 loops=1)
Gather  (cost=1000.00..105967.92 rows=11472 width=3) (actual time=1.019..347.124 rows=6518 loops=1)
Gather  (cost=1000.00..107802.62 rows=29819 width=3) (actual time=0.551..350.455 rows=31459 loops=1)
Seq Scan on area_v_con  (cost=0.00..152138.54 rows=923505 width=4) (actual time=0.365..1142.734 rows=926646 loops=1)
Gather  (cost=1000.00..149262.02 rows=444413 width=4) (actual time=0.643..479.943 rows=443206 loops=1)
Seq Scan on area_v_con  (cost=0.00..152138.54 rows=1422256 width=4) (actual time=0.373..1176.420 rows=1419652 loops=1)
Gather  (cost=1000.00..148489.02 rows=436683 width=4) (actual time=0.674..488.380 rows=425955 loops=1)
Gather  (cost=1000.00..107802.62 rows=29819 width=3) (actual time=0.554..351.512 rows=31459 loops=1)
Seq Scan on area_v_con  (cost=0.00..152138.54 rows=1422256 width=4) (actual time=0.395..1168.886 rows=1419652 loops=1)
Seq Scan on area_v_con  (cost=0.00..152138.54 rows=490357 width=4) (actual time=0.383..1123.236 rows=495041 loops=1)
Gather  (cost=1000.00..110696.12 rows=58754 width=3) (actual time=0.653..352.130 rows=59423 loops=1)
Gather  (cost=1000.00..105967.92 rows=11472 width=3) (actual time=0.641..346.139 rows=14875 loops=1)
Seq Scan on area_v_con  (cost=0.00..152138.54 rows=490357 width=4) (actual time=0.396..1127.729 rows=495041 loops=1)
Gather  (cost=1000.00..105967.92 rows=11472 width=3) (actual time=0.731..346.402 rows=18152 loops=1)
Gather  (cost=1000.00..105967.92 rows=11472 width=3) (actual time=0.574..340.410 rows=14709 loops=1)
Gather  (cost=1000.00..105967.92 rows=11472 width=3) (actual time=0.614..349.283 rows=18152 loops=1)
Gather  (cost=1000.00..147009.12 rows=421884 width=4) (actual time=0.484..488.241 rows=434439 loops=1)
Gather  (cost=1000.00..105967.92 rows=11472 width=3) (actual time=0.671..339.721 rows=13151 loops=1)
Seq Scan on area_v_con  (cost=0.00..152138.54 rows=504714 width=4) (actual time=0.054..1121.766 rows=516862 loops=1)
Gather  (cost=1000.00..105967.92 rows=11472 width=3) (actual time=0.291..349.285 rows=19619 loops=1)
Gather  (cost=1000.00..105967.92 rows=11472 width=3) (actual time=0.577..340.664 rows=19619 loops=1)
Gather  (cost=1000.00..148489.02 rows=436683 width=4) (actual time=0.348..497.542 rows=425955 loops=1)
Gather  (cost=1000.00..110674.12 rows=58534 width=3) (actual time=0.242..354.842 rows=59423 loops=1)
Seq Scan on area_v_con  (cost=0.00..152138.54 rows=602344 width=4) (actual time=0.377..1128.606 rows=595837 loops=1)
Gather  (cost=1000.00..146147.62 rows=413269 width=4) (actual time=0.767..478.004 rows=424881 loops=1)
Gather  (cost=1000.00..105967.92 rows=11472 width=3) (actual time=0.562..340.498 rows=4942 loops=1)
Seq Scan on area_v_con  (cost=0.00..152138.54 rows=477987 width=4) (actual time=0.500..1127.755 rows=470990 loops=1)
Gather  (cost=1000.00..146147.62 rows=413269 width=4) (actual time=0.700..479.377 rows=424881 loops=1)
Gather  (cost=1000.00..105967.92 rows=11472 width=3) (actual time=0.640..347.453 rows=23240 loops=1)
Seq Scan on area_v_con  (cost=0.00..152138.54 rows=1422256 width=4) (actual time=0.389..1178.835 rows=1419652 loops=1)
Gather  (cost=1000.00..149262.02 rows=444413 width=4) (actual time=0.596..498.346 rows=443206 loops=1)
Gather  (cost=1000.00..105967.92 rows=11472 width=3) (actual time=0.660..349.746 rows=13151 loops=1)
Gather  (cost=1000.00..105967.92 rows=11472 width=3) (actual time=0.688..342.848 rows=13307 loops=1)
Gather  (cost=1000.00..147009.12 rows=421884 width=4) (actual time=0.564..489.257 rows=434439 loops=1)
Gather  (cost=1000.00..107206.22 rows=23855 width=3) (actual time=0.655..350.237 rows=23240 loops=1)
Seq Scan on area_v_con  (cost=0.00..152138.54 rows=490357 width=4) (actual time=0.388..1125.516 rows=495041 loops=1)
Gather  (cost=1000.00..105967.92 rows=11472 width=3) (actual time=0.635..350.510 rows=6618 loops=1)
Gather  (cost=1000.00..105967.92 rows=11472 width=3) (actual time=1.037..345.690 rows=4864 loops=1)
Gather  (cost=1000.00..149262.02 rows=444413 width=4) (actual time=0.580..485.649 rows=443206 loops=1)
Gather  (cost=1000.00..146147.62 rows=413269 width=4) (actual time=0.607..484.937 rows=424881 loops=1)
Gather  (cost=1000.00..105967.92 rows=11472 width=3) (actual time=0.682..348.810 rows=13307 loops=1)
Seq Scan on area_v_con  (cost=0.00..152138.54 rows=1422256 width=4) (actual time=0.383..1170.666 rows=1419652 loops=1)
Gather  (cost=1000.00..146147.62 rows=413269 width=4) (actual time=0.668..478.668 rows=424881 loops=1)
Gather  (cost=1000.00..105967.92 rows=11472 width=3) (actual time=0.634..347.498 rows=14875 loops=1)
Gather  (cost=1000.00..107537.52 rows=27168 width=3) (actual time=0.697..347.822 rows=23173 loops=1)
Seq Scan on area_v_con  (cost=0.00..152138.54 rows=489031 width=4) (actual time=0.477..1121.762 rows=473031 loops=1)
Seq Scan on area_v_con  (cost=0.00..152138.54 rows=1422256 width=4) (actual time=0.448..1174.488 rows=1419652 loops=1)
Gather  (cost=1000.00..107206.22 rows=23855 width=3) (actual time=0.760..353.085 rows=23240 loops=1)
Gather  (cost=1000.00..105967.92 rows=11472 width=3) (actual time=1.061..349.124 rows=4864 loops=1)
Gather  (cost=1000.00..105967.92 rows=11472 width=3) (actual time=0.560..340.227 rows=14699 loops=1)
Seq Scan on area_v_con  (cost=0.00..152138.54 rows=602344 width=4) (actual time=0.435..1134.295 rows=595837 loops=1)
Gather  (cost=1000.00..105967.92 rows=11472 width=3) (actual time=0.585..346.341 rows=23173 loops=1)
Seq Scan on area_v_con  (cost=0.00..152138.54 rows=490357 width=4) (actual time=0.436..1121.744 rows=495041 loops=1)
Gather  (cost=1000.00..105967.92 rows=11472 width=3) (actual time=0.710..345.440 rows=23047 loops=1)
Seq Scan on area_v_con  (cost=0.00..152138.54 rows=602344 width=4) (actual time=0.426..1127.866 rows=595837 loops=1)
Gather  (cost=1000.00..105967.92 rows=11472 width=3) (actual time=0.737..338.591 rows=8242 loops=1)
Gather  (cost=1000.00..105967.92 rows=11472 width=3) (actual time=0.568..341.430 rows=4942 loops=1)
Seq Scan on area_v_con  (cost=0.00..152138.54 rows=477987 width=4) (actual time=0.449..1121.265 rows=470990 loops=1)
Seq Scan on area_v_con  (cost=0.00..152138.54 rows=923505 width=4) (actual time=0.366..1148.081 rows=926646 loops=1)
Gather  (cost=1000.00..105967.92 rows=11472 width=3) (actual time=0.639..346.019 rows=19619 loops=1)
Gather  (cost=1000.00..105967.92 rows=11472 width=3) (actual time=0.632..359.240 rows=14875 loops=1)
Gather  (cost=1000.00..147009.12 rows=421884 width=4) (actual time=0.597..483.916 rows=434439 loops=1)
Seq Scan on area_v_con  (cost=0.00..152138.54 rows=504714 width=4) (actual time=0.424..1132.027 rows=516862 loops=1)
Gather  (cost=1000.00..146147.62 rows=413269 width=4) (actual time=0.607..485.557 rows=424881 loops=1)
Gather  (cost=1000.00..109304.62 rows=44839 width=3) (actual time=0.224..355.341 rows=41350 loops=1)
Seq Scan on area_v_con  (cost=0.00..152138.54 rows=1422256 width=4) (actual time=0.378..1172.845 rows=1419652 loops=1)
Gather  (cost=1000.00..147009.12 rows=421884 width=4) (actual time=0.365..485.192 rows=434439 loops=1)
Gather  (cost=1000.00..105967.92 rows=11472 width=3) (actual time=0.729..345.547 rows=6637 loops=1)
Gather  (cost=1000.00..109083.72 rows=42630 width=3) (actual time=0.585..349.973 rows=41350 loops=1)
Gather  (cost=1000.00..146147.62 rows=413269 width=4) (actual time=0.611..477.923 rows=424881 loops=1)
Gather  (cost=1000.00..105967.92 rows=11472 width=3) (actual time=0.626..342.956 rows=8242 loops=1)
Gather  (cost=1000.00..105967.92 rows=11472 width=3) (actual time=0.719..339.956 rows=13300 loops=1)
Gather  (cost=1000.00..105967.92 rows=11472 width=3) (actual time=0.628..341.503 rows=19619 loops=1)
Seq Scan on area_v_con  (cost=0.00..152138.54 rows=504714 width=4) (actual time=0.363..1125.295 rows=516862 loops=1)
Seq Scan on area_v_con  (cost=0.00..152138.54 rows=1422256 width=4) (actual time=0.364..1170.708 rows=1419652 loops=1)
Gather  (cost=1000.00..105967.92 rows=11472 width=3) (actual time=0.733..351.716 rows=6613 loops=1)
Seq Scan on area_v_con  (cost=0.00..152138.54 rows=489031 width=4) (actual time=0.494..1123.208 rows=473031 loops=1)
Seq Scan on area_v_con  (cost=0.00..152138.54 rows=477987 width=4) (actual time=0.461..1122.179 rows=470990 loops=1)
Seq Scan on area_v_con  (cost=0.00..152138.54 rows=923505 width=4) (actual time=0.372..1149.414 rows=926646 loops=1)
Gather  (cost=1000.00..109105.82 rows=42851 width=3) (actual time=0.658..1231.975 rows=41350 loops=1)
Gather  (cost=1000.00..108001.42 rows=31807 width=3) (actual time=0.540..358.068 rows=31459 loops=1)
Seq Scan on area_v_con  (cost=0.00..152138.54 rows=1422256 width=4) (actual time=0.375..1182.086 rows=1419652 loops=1)
Gather  (cost=1000.00..105967.92 rows=11472 width=3) (actual time=0.662..350.641 rows=4920 loops=1)
Gather  (cost=1000.00..105967.92 rows=11472 width=3) (actual time=0.576..343.753 rows=14699 loops=1)
Seq Scan on area_v_con  (cost=0.00..152138.54 rows=1422256 width=4) (actual time=0.384..1187.200 rows=1419652 loops=1)
Gather  (cost=1000.00..105967.92 rows=11472 width=3) (actual time=0.541..348.608 rows=8242 loops=1)
Seq Scan on area_v_con  (cost=0.00..152138.54 rows=477987 width=4) (actual time=0.444..1124.705 rows=470990 loops=1)
Seq Scan on area_v_con  (cost=0.00..152138.54 rows=489031 width=4) (actual time=0.197..1122.319 rows=473031 loops=1)
Gather  (cost=1000.00..105967.92 rows=11472 width=3) (actual time=0.754..340.244 rows=8242 loops=1)
Seq Scan on area_v_con  (cost=0.00..152138.54 rows=923505 width=4) (actual time=0.110..1156.621 rows=926646 loops=1)
Gather  (cost=1000.00..105967.92 rows=11472 width=3) (actual time=0.467..348.582 rows=13307 loops=1)
Gather  (cost=1000.00..147009.12 rows=421884 width=4) (actual time=0.311..492.405 rows=434439 loops=1)
Seq Scan on area_v_con  (cost=0.00..152138.54 rows=923505 width=4) (actual time=0.400..1153.643 rows=926646 loops=1)
Gather  (cost=1000.00..105967.92 rows=11472 width=3) (actual time=0.685..350.408 rows=23047 loops=1)
Gather  (cost=1000.00..107625.92 rows=28052 width=3) (actual time=0.555..351.853 rows=31459 loops=1)
Gather  (cost=1000.00..107802.62 rows=29819 width=3) (actual time=0.564..350.340 rows=31459 loops=1)
Gather  (cost=1000.00..147009.12 rows=421884 width=4) (actual time=0.555..494.531 rows=434439 loops=1)
Gather  (cost=1000.00..105967.92 rows=11472 width=3) (actual time=0.565..354.236 rows=19619 loops=1)
Seq Scan on area_v_con  (cost=0.00..152138.54 rows=923505 width=4) (actual time=0.382..1150.426 rows=926646 loops=1)
Seq Scan on area_v_con  (cost=0.00..152138.54 rows=489031 width=4) (actual time=0.445..1121.306 rows=473031 loops=1)
Seq Scan on area_v_con  (cost=0.00..152138.54 rows=923505 width=4) (actual time=0.371..1149.262 rows=926646 loops=1)
Gather  (cost=1000.00..105967.92 rows=11472 width=3) (actual time=0.821..343.152 rows=13151 loops=1)
Gather  (cost=1000.00..107228.32 rows=24076 width=3) (actual time=0.679..350.484 rows=23047 loops=1)
Gather  (cost=1000.00..105967.92 rows=11472 width=3) (actual time=0.853..346.512 rows=6637 loops=1)
Seq Scan on area_v_con  (cost=0.00..152138.54 rows=1422256 width=4) (actual time=0.378..1180.568 rows=1419652 loops=1)
Gather  (cost=1000.00..105967.92 rows=11472 width=3) (actual time=0.584..364.254 rows=19619 loops=1)
Gather  (cost=1000.00..105967.92 rows=11472 width=3) (actual time=0.593..341.912 rows=8243 loops=1)
Seq Scan on area_v_con  (cost=0.00..152138.54 rows=490357 width=4) (actual time=0.344..1122.238 rows=495041 loops=1)
Gather  (cost=1000.00..105967.92 rows=11472 width=3) (actual time=0.666..347.779 rows=23240 loops=1)
Seq Scan on area_v_con  (cost=0.00..152138.54 rows=602344 width=4) (actual time=0.056..1127.645 rows=595837 loops=1)
Gather  (cost=1000.00..146147.62 rows=413269 width=4) (actual time=0.710..476.508 rows=424881 loops=1)
Seq Scan on area_v_con  (cost=0.00..152138.54 rows=1422256 width=4) (actual time=0.055..1175.410 rows=1419652 loops=1)
Seq Scan on area_v_con  (cost=0.00..152138.54 rows=1422256 width=4) (actual time=0.052..1170.496 rows=1419652 loops=1)
Gather  (cost=1000.00..105967.92 rows=11472 width=3) (actual time=0.722..353.462 rows=6637 loops=1)
Gather  (cost=1000.00..149262.02 rows=444413 width=4) (actual time=0.578..486.979 rows=443206 loops=1)
Gather  (cost=1000.00..105967.92 rows=11472 width=3) (actual time=0.659..350.206 rows=13151 loops=1)
Gather  (cost=1000.00..105967.92 rows=11472 width=3) (actual time=0.631..348.387 rows=18152 loops=1)
Seq Scan on area_v_con  (cost=0.00..152138.54 rows=504714 width=4) (actual time=0.373..1124.872 rows=516862 loops=1)
Gather  (cost=1000.00..105967.92 rows=11472 width=3) (actual time=0.744..351.507 rows=6637 loops=1)
Seq Scan on area_v_con  (cost=0.00..152138.54 rows=489031 width=4) (actual time=0.529..1121.167 rows=473031 loops=1)
Seq Scan on area_v_con  (cost=0.00..152138.54 rows=1422256 width=4) (actual time=0.368..1172.640 rows=1419652 loops=1)
Gather  (cost=1000.00..105967.92 rows=11472 width=3) (actual time=0.698..346.983 rows=13151 loops=1)
Gather  (cost=1000.00..147009.12 rows=421884 width=4) (actual time=0.568..483.061 rows=434439 loops=1)
Gather  (cost=1000.00..107802.62 rows=29819 width=3) (actual time=0.575..344.204 rows=31459 loops=1)
Gather  (cost=1000.00..149262.02 rows=444413 width=4) (actual time=0.587..486.902 rows=443206 loops=1)
Gather  (cost=1000.00..105967.92 rows=11472 width=3) (actual time=0.621..338.041 rows=1647 loops=1)
Gather  (cost=1000.00..108597.82 rows=37771 width=3) (actual time=0.566..350.158 rows=41350 loops=1)
Gather  (cost=1000.00..109304.62 rows=44839 width=3) (actual time=0.589..346.191 rows=41350 loops=1)
Gather  (cost=1000.00..105967.92 rows=11472 width=3) (actual time=0.617..349.800 rows=8242 loops=1)
Gather  (cost=1000.00..146147.62 rows=413269 width=4) (actual time=0.598..497.559 rows=424881 loops=1)
Seq Scan on area_v_con  (cost=0.00..152138.54 rows=489031 width=4) (actual time=0.507..1125.719 rows=473031 loops=1)
Seq Scan on area_v_con  (cost=0.00..152138.54 rows=1422256 width=4) (actual time=0.373..1178.141 rows=1419652 loops=1)
Gather  (cost=1000.00..105967.92 rows=11472 width=3) (actual time=0.685..346.151 rows=23240 loops=1)
Gather  (cost=1000.00..149262.02 rows=444413 width=4) (actual time=0.564..481.436 rows=443206 loops=1)
Gather  (cost=1000.00..105967.92 rows=11472 width=3) (actual time=0.671..349.340 rows=23047 loops=1)
Gather  (cost=1000.00..105967.92 rows=11472 width=3) (actual time=0.587..349.829 rows=8243 loops=1)
Gather  (cost=1000.00..107272.52 rows=24518 width=3) (actual time=0.652..349.843 rows=23240 loops=1)
Seq Scan on area_v_con  (cost=0.00..152138.54 rows=1422256 width=4) (actual time=0.380..1174.452 rows=1419652 loops=1)
Seq Scan on area_v_con  (cost=0.00..152138.54 rows=504714 width=4) (actual time=0.356..1124.804 rows=516862 loops=1)
Gather  (cost=1000.00..105967.92 rows=11472 width=3) (actual time=0.689..352.670 rows=13307 loops=1)
Seq Scan on area_v_con  (cost=0.00..152138.54 rows=1422256 width=4) (actual time=0.381..1175.708 rows=1419652 loops=1)
Seq Scan on area_v_con  (cost=0.00..152138.54 rows=923505 width=4) (actual time=0.369..1147.347 rows=926646 loops=1)
Gather  (cost=1000.00..149262.02 rows=444413 width=4) (actual time=0.580..483.973 rows=443206 loops=1)
Seq Scan on area_v_con  (cost=0.00..152138.54 rows=490357 width=4) (actual time=0.394..1123.458 rows=495041 loops=1)
Seq Scan on area_v_con  (cost=0.00..152138.54 rows=1422256 width=4) (actual time=0.388..1175.492 rows=1419652 loops=1)
Gather  (cost=1000.00..105967.92 rows=11472 width=3) (actual time=1.136..347.467 rows=1545 loops=1)
Gather  (cost=1000.00..110917.02 rows=60963 width=3) (actual time=0.556..350.413 rows=59423 loops=1)
Gather  (cost=1000.00..105967.92 rows=11472 width=3) (actual time=0.647..343.349 rows=23240 loops=1)
Gather  (cost=1000.00..105967.92 rows=11472 width=3) (actual time=0.640..350.651 rows=8192 loops=1)
Seq Scan on area_v_con  (cost=0.00..152138.54 rows=923505 width=4) (actual time=0.393..1144.893 rows=926646 loops=1)
Gather  (cost=1000.00..105967.92 rows=11472 width=3) (actual time=0.727..339.186 rows=18152 loops=1)
Gather  (cost=1000.00..105967.92 rows=11472 width=3) (actual time=0.731..352.474 rows=8242 loops=1)
Gather  (cost=1000.00..105967.92 rows=11472 width=3) (actual time=1.125..344.855 rows=1677 loops=1)
Gather  (cost=1000.00..105967.92 rows=11472 width=3) (actual time=1.121..337.502 rows=3312 loops=1)
Seq Scan on area_v_con  (cost=0.00..152138.54 rows=602344 width=4) (actual time=0.366..1131.680 rows=595837 loops=1)
Gather  (cost=1000.00..147009.12 rows=421884 width=4) (actual time=0.560..487.098 rows=434439 loops=1)
Seq Scan on area_v_con  (cost=0.00..152138.54 rows=1422256 width=4) (actual time=0.371..1176.505 rows=1419652 loops=1)
Seq Scan on area_v_con  (cost=0.00..152138.54 rows=602344 width=4) (actual time=0.391..1126.269 rows=595837 loops=1)
Gather  (cost=1000.00..146147.62 rows=413269 width=4) (actual time=0.614..493.914 rows=424881 loops=1)
Gather  (cost=1000.00..149262.02 rows=444413 width=4) (actual time=0.582..485.296 rows=443206 loops=1)
Gather  (cost=1000.00..107272.52 rows=24518 width=3) (actual time=0.682..361.549 rows=23240 loops=1)
Gather  (cost=1000.00..105967.92 rows=11472 width=3) (actual time=0.648..345.570 rows=4775 loops=1)
Gather  (cost=1000.00..105967.92 rows=11472 width=3) (actual time=0.669..349.599 rows=23240 loops=1)
Gather  (cost=1000.00..105967.92 rows=11472 width=3) (actual time=0.603..350.782 rows=14709 loops=1)
Seq Scan on area_v_con  (cost=0.00..152138.54 rows=489031 width=4) (actual time=0.531..1118.666 rows=473031 loops=1)
Seq Scan on area_v_con  (cost=0.00..152138.54 rows=490357 width=4) (actual time=0.382..1128.423 rows=495041 loops=1)
Seq Scan on area_v_con  (cost=0.00..152138.54 rows=923505 width=4) (actual time=0.459..1140.909 rows=926646 loops=1)
Gather  (cost=1000.00..105967.92 rows=11472 width=3) (actual time=0.672..343.589 rows=23047 loops=1)
Gather  (cost=1000.00..111093.72 rows=62730 width=3) (actual time=0.565..351.138 rows=59423 loops=1)
Gather  (cost=1000.00..105967.92 rows=11472 width=3) (actual time=0.691..347.351 rows=23047 loops=1)
Gather  (cost=1000.00..149262.02 rows=444413 width=4) (actual time=0.578..487.060 rows=443206 loops=1)
Gather  (cost=1000.00..105967.92 rows=11472 width=3) (actual time=0.686..350.646 rows=6527 loops=1)
Seq Scan on area_v_con  (cost=0.00..152138.54 rows=1422256 width=4) (actual time=0.375..1171.137 rows=1419652 loops=1)
Gather  (cost=1000.00..107692.22 rows=28715 width=3) (actual time=0.571..345.426 rows=31459 loops=1)
Seq Scan on area_v_con  (cost=0.00..152138.54 rows=489031 width=4) (actual time=0.463..1125.384 rows=473031 loops=1)
Seq Scan on area_v_con  (cost=0.00..152138.54 rows=477987 width=4) (actual time=0.435..1124.535 rows=470990 loops=1)
Gather  (cost=1000.00..108951.22 rows=41305 width=3) (actual time=0.589..349.390 rows=41350 loops=1)
Seq Scan on area_v_con  (cost=0.00..152138.54 rows=923505 width=4) (actual time=0.374..1150.667 rows=926646 loops=1)
Seq Scan on area_v_con  (cost=0.00..152138.54 rows=489031 width=4) (actual time=0.455..1123.732 rows=473031 loops=1)
Gather  (cost=1000.00..105967.92 rows=11472 width=3) (actual time=0.746..344.211 rows=18152 loops=1)
Seq Scan on area_v_con  (cost=0.00..152138.54 rows=489031 width=4) (actual time=0.507..1117.044 rows=473031 loops=1)
Gather  (cost=1000.00..107758.42 rows=29377 width=3) (actual time=0.758..348.022 rows=31459 loops=1)
Seq Scan on area_v_con  (cost=0.00..152138.54 rows=923505 width=4) (actual time=0.372..1143.399 rows=926646 loops=1)
Gather  (cost=1000.00..105967.92 rows=11472 width=3) (actual time=0.892..353.635 rows=1570 loops=1)
Gather  (cost=1000.00..149262.02 rows=444413 width=4) (actual time=0.611..486.786 rows=443206 loops=1)
Gather  (cost=1000.00..105967.92 rows=11472 width=3) (actual time=0.560..342.968 rows=14699 loops=1)
Gather  (cost=1000.00..109392.92 rows=45722 width=3) (actual time=0.573..346.648 rows=41350 loops=1)
Seq Scan on area_v_con  (cost=0.00..152138.54 rows=477987 width=4) (actual time=0.452..1116.033 rows=470990 loops=1)
Seq Scan on area_v_con  (cost=0.00..152138.54 rows=489031 width=4) (actual time=0.449..1119.817 rows=473031 loops=1)
Gather  (cost=1000.00..105967.92 rows=11472 width=3) (actual time=0.679..343.085 rows=19619 loops=1)
Gather  (cost=1000.00..108951.22 rows=41305 width=3) (actual time=0.568..349.347 rows=41350 loops=1)
Seq Scan on area_v_con  (cost=0.00..152138.54 rows=504714 width=4) (actual time=0.407..1122.481 rows=516862 loops=1)
Gather  (cost=1000.00..149262.02 rows=444413 width=4) (actual time=0.591..483.047 rows=443206 loops=1)
Gather  (cost=1000.00..105967.92 rows=11472 width=3) (actual time=0.566..343.081 rows=8059 loops=1)
Gather  (cost=1000.00..105967.92 rows=11472 width=3) (actual time=0.622..343.261 rows=8242 loops=1)
Seq Scan on area_v_con  (cost=0.00..152138.54 rows=923505 width=4) (actual time=0.372..1149.517 rows=926646 loops=1)
Seq Scan on area_v_con  (cost=0.00..152138.54 rows=489031 width=4) (actual time=0.556..1123.091 rows=473031 loops=1)
Gather  (cost=1000.00..105967.92 rows=11472 width=3) (actual time=0.651..337.790 rows=4775 loops=1)
Gather  (cost=1000.00..105967.92 rows=11472 width=3) (actual time=0.615..343.036 rows=11597 loops=1)
Gather  (cost=1000.00..107360.82 rows=25401 width=3) (actual time=0.587..351.121 rows=19619 loops=1)
Seq Scan on area_v_con  (cost=0.00..152138.54 rows=490357 width=4) (actual time=0.381..1127.940 rows=495041 loops=1)
Gather  (cost=1000.00..105967.92 rows=11472 width=3) (actual time=0.750..348.812 rows=13300 loops=1)
Seq Scan on area_v_con  (cost=0.00..152138.54 rows=489031 width=4) (actual time=0.472..1118.271 rows=473031 loops=1)
Gather  (cost=1000.00..105967.92 rows=11472 width=3) (actual time=0.629..339.269 rows=18152 loops=1)
Seq Scan on area_v_con  (cost=0.00..152138.54 rows=923505 width=4) (actual time=0.377..1148.978 rows=926646 loops=1)
Gather  (cost=1000.00..146147.62 rows=413269 width=4) (actual time=0.717..477.296 rows=424881 loops=1)
Gather  (cost=1000.00..105967.92 rows=11472 width=3) (actual time=0.694..353.259 rows=23047 loops=1)
Gather  (cost=1000.00..148489.02 rows=436683 width=4) (actual time=0.640..476.517 rows=425955 loops=1)
Gather  (cost=1000.00..105967.92 rows=11472 width=3) (actual time=0.620..347.645 rows=6538 loops=1)
Gather  (cost=1000.00..105967.92 rows=11472 width=3) (actual time=0.574..341.146 rows=8059 loops=1)
Gather  (cost=1000.00..105967.92 rows=11472 width=3) (actual time=0.798..347.865 rows=23047 loops=1)
Gather  (cost=1000.00..105967.92 rows=11472 width=3) (actual time=0.670..350.113 rows=8243 loops=1)
Seq Scan on area_v_con  (cost=0.00..152138.54 rows=490357 width=4) (actual time=0.391..1125.712 rows=495041 loops=1)
Seq Scan on area_v_con  (cost=0.00..152138.54 rows=1422256 width=4) (actual time=0.371..1175.909 rows=1419652 loops=1)
Seq Scan on area_v_con  (cost=0.00..152138.54 rows=1422256 width=4) (actual time=0.429..1170.050 rows=1419652 loops=1)
Seq Scan on area_v_con  (cost=0.00..152138.54 rows=1422256 width=4) (actual time=0.370..1176.190 rows=1419652 loops=1)
Seq Scan on area_v_con  (cost=0.00..152138.54 rows=490357 width=4) (actual time=0.392..1130.961 rows=495041 loops=1)
Seq Scan on area_v_con  (cost=0.00..152138.54 rows=1422256 width=4) (actual time=0.033..1179.321 rows=1419652 loops=1)
Gather  (cost=1000.00..105967.92 rows=11472 width=3) (actual time=0.779..339.124 rows=1570 loops=1)
Gather  (cost=1000.00..105967.92 rows=11472 width=3) (actual time=0.669..344.517 rows=9703 loops=1)
Seq Scan on area_v_con  (cost=0.00..152138.54 rows=1422256 width=4) (actual time=0.396..1173.916 rows=1419652 loops=1)
Gather  (cost=1000.00..105967.92 rows=11472 width=3) (actual time=0.728..355.230 rows=8242 loops=1)
Gather  (cost=1000.00..105967.92 rows=11472 width=3) (actual time=1.062..354.092 rows=4864 loops=1)
Seq Scan on area_v_con  (cost=0.00..152138.54 rows=490357 width=4) (actual time=0.394..1123.414 rows=495041 loops=1)
Gather  (cost=1000.00..105967.92 rows=11472 width=3) (actual time=0.752..341.722 rows=9970 loops=1)
Gather  (cost=1000.00..110519.42 rows=56987 width=3) (actual time=0.549..355.918 rows=59423 loops=1)
Seq Scan on area_v_con  (cost=0.00..152138.54 rows=489031 width=4) (actual time=0.474..1122.135 rows=473031 loops=1)
Gather  (cost=1000.00..148489.02 rows=436683 width=4) (actual time=0.716..481.091 rows=425955 loops=1)
Gather  (cost=1000.00..105967.92 rows=11472 width=3) (actual time=1.107..335.222 rows=1677 loops=1)
Gather  (cost=1000.00..107537.52 rows=27168 width=3) (actual time=0.662..355.768 rows=23240 loops=1)
Gather  (cost=1000.00..105967.92 rows=11472 width=3) (actual time=0.657..356.340 rows=14709 loops=1)
Gather  (cost=1000.00..109304.62 rows=44839 width=3) (actual time=0.565..354.506 rows=41350 loops=1)
Gather  (cost=1000.00..148489.02 rows=436683 width=4) (actual time=0.640..484.142 rows=425955 loops=1)
Seq Scan on area_v_con  (cost=0.00..152138.54 rows=923505 width=4) (actual time=0.372..1144.381 rows=926646 loops=1)
Gather  (cost=1000.00..147009.12 rows=421884 width=4) (actual time=0.735..483.146 rows=434439 loops=1)
Seq Scan on area_v_con  (cost=0.00..152138.54 rows=602344 width=4) (actual time=0.436..1127.644 rows=595837 loops=1)
Seq Scan on area_v_con  (cost=0.00..152138.54 rows=1422256 width=4) (actual time=0.370..1176.724 rows=1419652 loops=1)
Gather  (cost=1000.00..105967.92 rows=11472 width=3) (actual time=0.617..348.531 rows=14709 loops=1)
Seq Scan on area_v_con  (cost=0.00..152138.54 rows=923505 width=4) (actual time=0.379..1143.721 rows=926646 loops=1)
Gather  (cost=1000.00..105967.92 rows=11472 width=3) (actual time=0.704..349.470 rows=23047 loops=1)
Seq Scan on area_v_con  (cost=0.00..152138.54 rows=489031 width=4) (actual time=0.478..1122.902 rows=473031 loops=1)
Gather  (cost=1000.00..107935.12 rows=31144 width=3) (actual time=0.638..353.920 rows=31459 loops=1)
Seq Scan on area_v_con  (cost=0.00..152138.54 rows=923505 width=4) (actual time=0.363..1147.875 rows=926646 loops=1)
Gather  (cost=1000.00..105967.92 rows=11472 width=3) (actual time=0.685..351.071 rows=8192 loops=1)
Gather  (cost=1000.00..105967.92 rows=11472 width=3) (actual time=0.619..345.007 rows=6538 loops=1)
Seq Scan on area_v_con  (cost=0.00..152138.54 rows=489031 width=4) (actual time=0.460..1122.703 rows=473031 loops=1)
Seq Scan on area_v_con  (cost=0.00..152138.54 rows=504714 width=4) (actual time=0.361..1130.967 rows=516862 loops=1)
Gather  (cost=1000.00..111093.72 rows=62730 width=3) (actual time=0.655..349.362 rows=59423 loops=1)
Gather  (cost=1000.00..110409.02 rows=55883 width=3) (actual time=0.550..349.497 rows=59423 loops=1)
Gather  (cost=1000.00..105967.92 rows=11472 width=3) (actual time=0.556..343.785 rows=1652 loops=1)
Gather  (cost=1000.00..108001.42 rows=31807 width=3) (actual time=0.593..356.222 rows=31459 loops=1)
Seq Scan on area_v_con  (cost=0.00..152138.54 rows=1422256 width=4) (actual time=0.371..1174.775 rows=1419652 loops=1)
Gather  (cost=1000.00..105967.92 rows=11472 width=3) (actual time=0.751..339.783 rows=6626 loops=1)
Seq Scan on area_v_con  (cost=0.00..152138.54 rows=477987 width=4) (actual time=0.480..1129.919 rows=470990 loops=1)
Seq Scan on area_v_con  (cost=0.00..152138.54 rows=504714 width=4) (actual time=0.365..1128.709 rows=516862 loops=1)
Seq Scan on area_v_con  (cost=0.00..152138.54 rows=923505 width=4) (actual time=0.367..1153.696 rows=926646 loops=1)
Gather  (cost=1000.00..105967.92 rows=11472 width=3) (actual time=0.745..346.556 rows=6637 loops=1)
Seq Scan on area_v_con  (cost=0.00..152138.54 rows=923505 width=4) (actual time=0.452..1147.264 rows=926646 loops=1)
Seq Scan on area_v_con  (cost=0.00..152138.54 rows=1422256 width=4) (actual time=0.369..1176.367 rows=1419652 loops=1)
Seq Scan on area_v_con  (cost=0.00..152138.54 rows=489031 width=4) (actual time=0.457..1122.807 rows=473031 loops=1)
Gather  (cost=1000.00..146147.62 rows=413269 width=4) (actual time=0.544..496.900 rows=424881 loops=1)
Seq Scan on area_v_con  (cost=0.00..152138.54 rows=923505 width=4) (actual time=0.362..1154.528 rows=926646 loops=1)
Gather  (cost=1000.00..107228.32 rows=24076 width=3) (actual time=0.746..351.951 rows=23047 loops=1)
Gather  (cost=1000.00..105967.92 rows=11472 width=3) (actual time=0.563..347.046 rows=19619 loops=1)
Gather  (cost=1000.00..105967.92 rows=11472 width=3) (actual time=0.666..349.223 rows=23047 loops=1)
Gather  (cost=1000.00..147009.12 rows=421884 width=4) (actual time=0.693..504.174 rows=434439 loops=1)
Gather  (cost=1000.00..105967.92 rows=11472 width=3) (actual time=0.548..344.961 rows=1652 loops=1)
Gather  (cost=1000.00..105967.92 rows=11472 width=3) (actual time=0.592..343.872 rows=8243 loops=1)
Gather  (cost=1000.00..105967.92 rows=11472 width=3) (actual time=0.667..350.259 rows=13151 loops=1)
Gather  (cost=1000.00..105967.92 rows=11472 width=3) (actual time=0.694..340.370 rows=6527 loops=1)
Seq Scan on area_v_con  (cost=0.00..152138.54 rows=489031 width=4) (actual time=0.470..1129.302 rows=473031 loops=1)
Gather  (cost=1000.00..110961.22 rows=61405 width=3) (actual time=0.666..357.320 rows=59423 loops=1)
Gather  (cost=1000.00..105967.92 rows=11472 width=3) (actual time=0.776..345.305 rows=8242 loops=1)
Gather  (cost=1000.00..148489.02 rows=436683 width=4) (actual time=0.620..486.316 rows=425955 loops=1)
Seq Scan on area_v_con  (cost=0.00..152138.54 rows=1422256 width=4) (actual time=0.377..1173.908 rows=1419652 loops=1)
Gather  (cost=1000.00..105967.92 rows=11472 width=3) (actual time=0.681..354.621 rows=14699 loops=1)
Gather  (cost=1000.00..105967.92 rows=11472 width=3) (actual time=0.707..338.836 rows=9703 loops=1)
Seq Scan on area_v_con  (cost=0.00..152138.54 rows=504714 width=4) (actual time=0.368..1124.640 rows=516862 loops=1)
Seq Scan on area_v_con  (cost=0.00..152138.54 rows=504714 width=4) (actual time=0.358..1126.044 rows=516862 loops=1)
Seq Scan on area_v_con  (cost=0.00..152138.54 rows=490357 width=4) (actual time=0.383..1130.569 rows=495041 loops=1)
Seq Scan on area_v_con  (cost=0.00..152138.54 rows=489031 width=4) (actual time=0.497..1121.801 rows=473031 loops=1)
Gather  (cost=1000.00..149262.02 rows=444413 width=4) (actual time=0.610..503.585 rows=443206 loops=1)
Seq Scan on area_v_con  (cost=0.00..152138.54 rows=489031 width=4) (actual time=0.466..1118.874 rows=473031 loops=1)
Gather  (cost=1000.00..110806.62 rows=59859 width=3) (actual time=0.566..361.736 rows=59423 loops=1)
Gather  (cost=1000.00..105967.92 rows=11472 width=3) (actual time=0.612..344.891 rows=6538 loops=1)
Gather  (cost=1000.00..105967.92 rows=11472 width=3) (actual time=0.722..342.681 rows=13300 loops=1)
Seq Scan on area_v_con  (cost=0.00..152138.54 rows=504714 width=4) (actual time=0.392..1124.916 rows=516862 loops=1)
Seq Scan on area_v_con  (cost=0.00..152138.54 rows=923505 width=4) (actual time=0.362..1149.211 rows=926646 loops=1)
Gather  (cost=1000.00..105967.92 rows=11472 width=3) (actual time=0.634..343.074 rows=23173 loops=1)
Seq Scan on area_v_con  (cost=0.00..152138.54 rows=489031 width=4) (actual time=0.487..1120.301 rows=473031 loops=1)
Gather  (cost=1000.00..105967.92 rows=11472 width=3) (actual time=0.744..342.330 rows=4775 loops=1)
Gather  (cost=1000.00..107228.32 rows=24076 width=3) (actual time=0.653..352.599 rows=23240 loops=1)
Gather  (cost=1000.00..105967.92 rows=11472 width=3) (actual time=0.660..349.845 rows=23240 loops=1)
Gather  (cost=1000.00..105967.92 rows=11472 width=3) (actual time=0.599..344.733 rows=9970 loops=1)
Gather  (cost=1000.00..110674.12 rows=58534 width=3) (actual time=0.557..358.745 rows=59423 loops=1)
Seq Scan on area_v_con  (cost=0.00..152138.54 rows=489031 width=4) (actual time=0.462..1123.947 rows=473031 loops=1)
Seq Scan on area_v_con  (cost=0.00..152138.54 rows=504714 width=4) (actual time=0.365..1128.417 rows=516862 loops=1)
Gather  (cost=1000.00..105967.92 rows=11472 width=3) (actual time=0.575..347.763 rows=8059 loops=1)
Seq Scan on area_v_con  (cost=0.00..152138.54 rows=504714 width=4) (actual time=0.366..1133.340 rows=516862 loops=1)
Gather  (cost=1000.00..107802.62 rows=29819 width=3) (actual time=0.729..356.214 rows=31459 loops=1)
Gather  (cost=1000.00..148489.02 rows=436683 width=4) (actual time=0.648..478.988 rows=425955 loops=1)
Seq Scan on area_v_con  (cost=0.00..152138.54 rows=1422256 width=4) (actual time=0.378..1172.169 rows=1419652 loops=1)
Seq Scan on area_v_con  (cost=0.00..152138.54 rows=477987 width=4) (actual time=0.440..1124.293 rows=470990 loops=1)
Gather  (cost=1000.00..107471.32 rows=26506 width=3) (actual time=0.803..341.334 rows=23047 loops=1)
Gather  (cost=1000.00..105967.92 rows=11472 width=3) (actual time=0.571..354.355 rows=19619 loops=1)
Gather  (cost=1000.00..148489.02 rows=436683 width=4) (actual time=0.654..486.745 rows=425955 loops=1)
Gather  (cost=1000.00..146147.62 rows=413269 width=4) (actual time=0.612..496.833 rows=424881 loops=1)
Gather  (cost=1000.00..105967.92 rows=11472 width=3) (actual time=0.722..341.704 rows=23173 loops=1)
Gather  (cost=1000.00..146147.62 rows=413269 width=4) (actual time=0.591..480.877 rows=424881 loops=1)
Gather  (cost=1000.00..105967.92 rows=11472 width=3) (actual time=0.577..343.972 rows=14699 loops=1)
Gather  (cost=1000.00..107250.42 rows=24297 width=3) (actual time=0.559..348.228 rows=23173 loops=1)
Gather  (cost=1000.00..105967.92 rows=11472 width=3) (actual time=0.598..351.188 rows=9970 loops=1)
Seq Scan on area_v_con  (cost=0.00..152138.54 rows=602344 width=4) (actual time=0.422..1129.020 rows=595837 loops=1)
Gather  (cost=1000.00..105967.92 rows=11472 width=3) (actual time=0.589..349.105 rows=19619 loops=1)
Seq Scan on area_v_con  (cost=0.00..152138.54 rows=1422256 width=4) (actual time=0.369..1169.537 rows=1419652 loops=1)
Gather  (cost=1000.00..148489.02 rows=436683 width=4) (actual time=0.633..476.901 rows=425955 loops=1)
Gather  (cost=1000.00..105967.92 rows=11472 width=3) (actual time=0.625..342.105 rows=1656 loops=1)
Seq Scan on area_v_con  (cost=0.00..152138.54 rows=489031 width=4) (actual time=0.460..1124.940 rows=473031 loops=1)
Gather  (cost=1000.00..148489.02 rows=436683 width=4) (actual time=0.708..478.175 rows=425955 loops=1)
Gather  (cost=1000.00..110740.32 rows=59196 width=3) (actual time=0.593..358.397 rows=59423 loops=1)
Gather  (cost=1000.00..105967.92 rows=11472 width=3) (actual time=0.832..339.679 rows=9703 loops=1)
Gather  (cost=1000.00..107935.12 rows=31144 width=3) (actual time=0.557..348.228 rows=31459 loops=1)
Gather  (cost=1000.00..105967.92 rows=11472 width=3) (actual time=0.571..351.602 rows=19619 loops=1)
Seq Scan on area_v_con  (cost=0.00..152138.54 rows=1422256 width=4) (actual time=0.373..1175.173 rows=1419652 loops=1)
Gather  (cost=1000.00..105967.92 rows=11472 width=3) (actual time=0.775..360.010 rows=18152 loops=1)
Seq Scan on area_v_con  (cost=0.00..152138.54 rows=504714 width=4) (actual time=0.370..1127.352 rows=516862 loops=1)
Seq Scan on area_v_con  (cost=0.00..152138.54 rows=923505 width=4) (actual time=0.371..1146.278 rows=926646 loops=1)
Seq Scan on area_v_con  (cost=0.00..152138.54 rows=923505 width=4) (actual time=0.348..1145.682 rows=926646 loops=1)
Seq Scan on area_v_con  (cost=0.00..152138.54 rows=490357 width=4) (actual time=0.378..1116.649 rows=495041 loops=1)
Seq Scan on area_v_con  (cost=0.00..152138.54 rows=489031 width=4) (actual time=0.125..1122.474 rows=473031 loops=1)
Gather  (cost=1000.00..105967.92 rows=11472 width=3) (actual time=0.492..341.575 rows=18152 loops=1)
Gather  (cost=1000.00..105967.92 rows=11472 width=3) (actual time=0.702..338.747 rows=9970 loops=1)
Gather  (cost=1000.00..110740.32 rows=59196 width=3) (actual time=0.218..366.501 rows=59423 loops=1)
Gather  (cost=1000.00..105967.92 rows=11472 width=3) (actual time=1.295..345.614 rows=4951 loops=1)
Gather  (cost=1000.00..148489.02 rows=436683 width=4) (actual time=0.632..488.669 rows=425955 loops=1)
Gather  (cost=1000.00..105967.92 rows=11472 width=3) (actual time=1.040..338.338 rows=4864 loops=1)
Gather  (cost=1000.00..149262.02 rows=444413 width=4) (actual time=0.580..518.588 rows=443206 loops=1)
Seq Scan on area_v_con  (cost=0.00..152138.54 rows=489031 width=4) (actual time=0.536..1121.739 rows=473031 loops=1)
Gather  (cost=1000.00..105967.92 rows=11472 width=3) (actual time=0.695..346.842 rows=13307 loops=1)
Gather  (cost=1000.00..146147.62 rows=413269 width=4) (actual time=0.646..487.345 rows=424881 loops=1)
Gather  (cost=1000.00..146147.62 rows=413269 width=4) (actual time=0.594..480.825 rows=424881 loops=1)
Gather  (cost=1000.00..109216.22 rows=43955 width=3) (actual time=0.576..359.066 rows=41350 loops=1)
Gather  (cost=1000.00..105967.92 rows=11472 width=3) (actual time=0.568..346.007 rows=14699 loops=1)
Gather  (cost=1000.00..107206.22 rows=23855 width=3) (actual time=0.639..352.579 rows=23240 loops=1)
Gather  (cost=1000.00..105967.92 rows=11472 width=3) (actual time=0.576..346.963 rows=19619 loops=1)
Seq Scan on area_v_con  (cost=0.00..152138.54 rows=1422256 width=4) (actual time=0.377..1172.961 rows=1419652 loops=1)
Seq Scan on area_v_con  (cost=0.00..152138.54 rows=489031 width=4) (actual time=0.551..1124.046 rows=473031 loops=1)
Seq Scan on area_v_con  (cost=0.00..152138.54 rows=1422256 width=4) (actual time=0.371..1173.468 rows=1419652 loops=1)
Seq Scan on area_v_con  (cost=0.00..152138.54 rows=602344 width=4) (actual time=0.426..1127.716 rows=595837 loops=1)
Gather  (cost=1000.00..105967.92 rows=11472 width=3) (actual time=0.658..345.347 rows=14875 loops=1)
Seq Scan on area_v_con  (cost=0.00..152138.54 rows=923505 width=4) (actual time=0.453..1156.340 rows=926646 loops=1)
Seq Scan on area_v_con  (cost=0.00..152138.54 rows=602344 width=4) (actual time=0.365..1125.118 rows=595837 loops=1)
Gather  (cost=1000.00..105967.92 rows=11472 width=3) (actual time=0.765..347.245 rows=23047 loops=1)
Gather  (cost=1000.00..109260.42 rows=44397 width=3) (actual time=0.585..365.845 rows=41350 loops=1)
Gather  (cost=1000.00..109392.92 rows=45722 width=3) (actual time=0.579..357.532 rows=41350 loops=1)
Gather  (cost=1000.00..105967.92 rows=11472 width=3) (actual time=0.703..348.344 rows=11597 loops=1)
Gather  (cost=1000.00..105967.92 rows=11472 width=3) (actual time=0.665..344.615 rows=14709 loops=1)
Seq Scan on area_v_con  (cost=0.00..152138.54 rows=477987 width=4) (actual time=0.494..1125.810 rows=470990 loops=1)
Gather  (cost=1000.00..107891.02 rows=30703 width=3) (actual time=0.583..343.968 rows=31459 loops=1)
Seq Scan on area_v_con  (cost=0.00..152138.54 rows=490357 width=4) (actual time=0.408..1122.855 rows=495041 loops=1)
Seq Scan on area_v_con  (cost=0.00..152138.54 rows=1422256 width=4) (actual time=0.366..1164.763 rows=1419652 loops=1)
Seq Scan on area_v_con  (cost=0.00..152138.54 rows=1422256 width=4) (actual time=0.401..1167.425 rows=1419652 loops=1)
Gather  (cost=1000.00..105967.92 rows=11472 width=3) (actual time=0.669..340.838 rows=6618 loops=1)
Gather  (cost=1000.00..105967.92 rows=11472 width=3) (actual time=0.597..343.205 rows=9970 loops=1)
Seq Scan on area_v_con  (cost=0.00..152138.54 rows=477987 width=4) (actual time=0.444..1118.043 rows=470990 loops=1)
Gather  (cost=1000.00..105967.92 rows=11472 width=3) (actual time=0.687..343.690 rows=19619 loops=1)
Gather  (cost=1000.00..110961.22 rows=61405 width=3) (actual time=0.547..357.069 rows=59423 loops=1)
Seq Scan on area_v_con  (cost=0.00..152138.54 rows=923505 width=4) (actual time=0.370..1140.462 rows=926646 loops=1)
Seq Scan on area_v_con  (cost=0.00..152138.54 rows=1422256 width=4) (actual time=0.525..1172.020 rows=1419652 loops=1)
Seq Scan on area_v_con  (cost=0.00..152138.54 rows=504714 width=4) (actual time=0.362..1121.954 rows=516862 loops=1)
Seq Scan on area_v_con  (cost=0.00..152138.54 rows=489031 width=4) (actual time=0.454..1118.420 rows=473031 loops=1)
Seq Scan on area_v_con  (cost=0.00..152138.54 rows=1422256 width=4) (actual time=0.386..1189.293 rows=1419652 loops=1)
Seq Scan on area_v_con  (cost=0.00..152138.54 rows=1422256 width=4) (actual time=0.204..1183.855 rows=1419652 loops=1)
Gather  (cost=1000.00..105967.92 rows=11472 width=3) (actual time=0.303..347.329 rows=8059 loops=1)
Gather  (cost=1000.00..110519.42 rows=56987 width=3) (actual time=0.257..363.918 rows=59423 loops=1)
Gather  (cost=1000.00..110872.92 rows=60522 width=3) (actual time=0.225..363.077 rows=59423 loops=1)
Gather  (cost=1000.00..107228.32 rows=24076 width=3) (actual time=0.779..344.531 rows=23047 loops=1)
Gather  (cost=1000.00..105967.92 rows=11472 width=3) (actual time=0.681..344.773 rows=14709 loops=1)
Seq Scan on area_v_con  (cost=0.00..152138.54 rows=602344 width=4) (actual time=0.376..1136.102 rows=595837 loops=1)
Seq Scan on area_v_con  (cost=0.00..152138.54 rows=504714 width=4) (actual time=0.356..1133.454 rows=516862 loops=1)
Gather  (cost=1000.00..105967.92 rows=11472 width=3) (actual time=0.650..343.491 rows=14875 loops=1)
Gather  (cost=1000.00..109392.92 rows=45722 width=3) (actual time=0.575..356.177 rows=41350 loops=1)
Seq Scan on area_v_con  (cost=0.00..152138.54 rows=602344 width=4) (actual time=0.374..1127.649 rows=595837 loops=1)
Seq Scan on area_v_con  (cost=0.00..152138.54 rows=489031 width=4) (actual time=0.451..1125.738 rows=473031 loops=1)
Gather  (cost=1000.00..105967.92 rows=11472 width=3) (actual time=0.734..354.730 rows=6626 loops=1)
Gather  (cost=1000.00..105967.92 rows=11472 width=3) (actual time=0.821..344.395 rows=9962 loops=1)
Seq Scan on area_v_con  (cost=0.00..152138.54 rows=923505 width=4) (actual time=0.371..1149.085 rows=926646 loops=1)
Seq Scan on area_v_con  (cost=0.00..152138.54 rows=489031 width=4) (actual time=0.515..1122.736 rows=473031 loops=1)
Gather  (cost=1000.00..105967.92 rows=11472 width=3) (actual time=0.884..341.493 rows=1676 loops=1)
Gather  (cost=1000.00..108487.32 rows=36666 width=3) (actual time=0.648..344.855 rows=41350 loops=1)
Gather  (cost=1000.00..148489.02 rows=436683 width=4) (actual time=0.711..490.708 rows=425955 loops=1)
Seq Scan on area_v_con  (cost=0.00..152138.54 rows=477987 width=4) (actual time=0.459..1122.771 rows=470990 loops=1)
Seq Scan on area_v_con  (cost=0.00..152138.54 rows=923505 width=4) (actual time=0.363..1140.936 rows=926646 loops=1)
Gather  (cost=1000.00..149262.02 rows=444413 width=4) (actual time=0.646..481.206 rows=443206 loops=1)
Gather  (cost=1000.00..105967.92 rows=11472 width=3) (actual time=0.552..347.381 rows=14699 loops=1)
Gather  (cost=1000.00..105967.92 rows=11472 width=3) (actual time=0.554..345.187 rows=23173 loops=1)
Gather  (cost=1000.00..107957.22 rows=31365 width=3) (actual time=0.565..343.944 rows=31459 loops=1)
Gather  (cost=1000.00..149262.02 rows=444413 width=4) (actual time=0.701..487.879 rows=443206 loops=1)
Gather  (cost=1000.00..109083.72 rows=42630 width=3) (actual time=0.584..361.923 rows=41350 loops=1)
Seq Scan on area_v_con  (cost=0.00..152138.54 rows=923505 width=4) (actual time=0.366..1144.198 rows=926646 loops=1)
Gather  (cost=1000.00..105967.92 rows=11472 width=3) (actual time=0.634..349.027 rows=19619 loops=1)
Gather  (cost=1000.00..105967.92 rows=11472 width=3) (actual time=0.620..358.907 rows=18152 loops=1)
Seq Scan on area_v_con  (cost=0.00..152138.54 rows=1422256 width=4) (actual time=0.375..1171.398 rows=1419652 loops=1)
Gather  (cost=1000.00..109216.22 rows=43955 width=3) (actual time=0.601..353.210 rows=41350 loops=1)
Seq Scan on area_v_con  (cost=0.00..152138.54 rows=477987 width=4) (actual time=0.442..1121.464 rows=470990 loops=1)
Gather  (cost=1000.00..105967.92 rows=11472 width=3) (actual time=0.618..341.545 rows=6538 loops=1)
Seq Scan on area_v_con  (cost=0.00..152138.54 rows=1422256 width=4) (actual time=0.372..1172.936 rows=1419652 loops=1)
Seq Scan on area_v_con  (cost=0.00..152138.54 rows=602344 width=4) (actual time=0.367..1128.912 rows=595837 loops=1)
Gather  (cost=1000.00..149262.02 rows=444413 width=4) (actual time=0.594..484.691 rows=443206 loops=1)
Gather  (cost=1000.00..105967.92 rows=11472 width=3) (actual time=0.638..348.844 rows=14875 loops=1)
Gather  (cost=1000.00..105967.92 rows=11472 width=3) (actual time=0.612..345.525 rows=6538 loops=1)
Gather  (cost=1000.00..147009.12 rows=421884 width=4) (actual time=0.542..478.949 rows=434439 loops=1)
Seq Scan on area_v_con  (cost=0.00..152138.54 rows=1422256 width=4) (actual time=0.377..1170.634 rows=1419652 loops=1)
Gather  (cost=1000.00..108796.62 rows=39759 width=3) (actual time=0.604..359.351 rows=41350 loops=1)
Gather  (cost=1000.00..105967.92 rows=11472 width=3) (actual time=0.554..343.764 rows=14699 loops=1)
Gather  (cost=1000.00..107802.62 rows=29819 width=3) (actual time=0.553..352.805 rows=31459 loops=1)
Gather  (cost=1000.00..105967.92 rows=11472 width=3) (actual time=0.604..337.813 rows=6538 loops=1)
Gather  (cost=1000.00..146147.62 rows=413269 width=4) (actual time=0.598..483.593 rows=424881 loops=1)
Gather  (cost=1000.00..147009.12 rows=421884 width=4) (actual time=0.562..479.040 rows=434439 loops=1)
Seq Scan on area_v_con  (cost=0.00..152138.54 rows=1422256 width=4) (actual time=0.373..1172.639 rows=1419652 loops=1)
Seq Scan on area_v_con  (cost=0.00..152138.54 rows=489031 width=4) (actual time=0.544..1121.079 rows=473031 loops=1)
Gather  (cost=1000.00..105967.92 rows=11472 width=3) (actual time=0.723..343.606 rows=13307 loops=1)
Gather  (cost=1000.00..105967.92 rows=11472 width=3) (actual time=0.553..341.401 rows=23173 loops=1)
Gather  (cost=1000.00..146147.62 rows=413269 width=4) (actual time=0.596..490.501 rows=424881 loops=1)
Seq Scan on area_v_con  (cost=0.00..152138.54 rows=489031 width=4) (actual time=0.467..1117.574 rows=473031 loops=1)
Gather  (cost=1000.00..108730.32 rows=39096 width=3) (actual time=0.711..348.234 rows=41350 loops=1)
Gather  (cost=1000.00..146147.62 rows=413269 width=4) (actual time=0.595..477.642 rows=424881 loops=1)
Gather  (cost=1000.00..110718.22 rows=58975 width=3) (actual time=0.569..351.289 rows=59423 loops=1)
Gather  (cost=1000.00..107228.32 rows=24076 width=3) (actual time=0.668..346.476 rows=23047 loops=1)
Seq Scan on area_v_con  (cost=0.00..152138.54 rows=602344 width=4) (actual time=0.378..1123.891 rows=595837 loops=1)
Gather  (cost=1000.00..105967.92 rows=11472 width=3) (actual time=0.705..350.317 rows=6613 loops=1)
Gather  (cost=1000.00..105967.92 rows=11472 width=3) (actual time=0.571..341.917 rows=6613 loops=1)
Gather  (cost=1000.00..149262.02 rows=444413 width=4) (actual time=0.574..503.131 rows=443206 loops=1)
Seq Scan on area_v_con  (cost=0.00..152138.54 rows=923505 width=4) (actual time=0.380..1160.251 rows=926646 loops=1)
Seq Scan on area_v_con  (cost=0.00..152138.54 rows=504714 width=4) (actual time=0.368..1140.632 rows=516862 loops=1)
Gather  (cost=1000.00..105967.92 rows=11472 width=3) (actual time=0.884..337.893 rows=9962 loops=1)
Gather  (cost=1000.00..107382.92 rows=25622 width=3) (actual time=0.546..343.562 rows=23173 loops=1)
Seq Scan on area_v_con  (cost=0.00..152138.54 rows=1422256 width=4) (actual time=0.375..1178.358 rows=1419652 loops=1)
Gather  (cost=1000.00..105967.92 rows=11472 width=3) (actual time=1.030..344.540 rows=3312 loops=1)
Gather  (cost=1000.00..107537.52 rows=27168 width=3) (actual time=0.639..348.922 rows=23240 loops=1)
Gather  (cost=1000.00..149262.02 rows=444413 width=4) (actual time=0.563..489.267 rows=443206 loops=1)
Gather  (cost=1000.00..147009.12 rows=421884 width=4) (actual time=0.549..482.069 rows=434439 loops=1)
Gather  (cost=1000.00..107272.52 rows=24518 width=3) (actual time=0.623..346.994 rows=23240 loops=1)
Gather  (cost=1000.00..105967.92 rows=11472 width=3) (actual time=0.542..340.810 rows=8059 loops=1)
Gather  (cost=1000.00..105967.92 rows=11472 width=3) (actual time=0.603..344.774 rows=11597 loops=1)
Seq Scan on area_v_con  (cost=0.00..152138.54 rows=504714 width=4) (actual time=0.364..1120.097 rows=516862 loops=1)
Gather  (cost=1000.00..105967.92 rows=11472 width=3) (actual time=0.686..346.640 rows=6527 loops=1)
Seq Scan on area_v_con  (cost=0.00..152138.54 rows=1422256 width=4) (actual time=0.453..1182.732 rows=1419652 loops=1)
Seq Scan on area_v_con  (cost=0.00..152138.54 rows=1422256 width=4) (actual time=0.363..1167.681 rows=1419652 loops=1)
Gather  (cost=1000.00..107272.52 rows=24518 width=3) (actual time=0.704..341.738 rows=23047 loops=1)
Seq Scan on area_v_con  (cost=0.00..152138.54 rows=602344 width=4) (actual time=0.375..1129.506 rows=595837 loops=1)
Gather  (cost=1000.00..105967.92 rows=11472 width=3) (actual time=0.755..341.655 rows=13300 loops=1)
Seq Scan on area_v_con  (cost=0.00..152138.54 rows=1422256 width=4) (actual time=0.373..1173.049 rows=1419652 loops=1)
Seq Scan on area_v_con  (cost=0.00..152138.54 rows=602344 width=4) (actual time=0.370..1128.304 rows=595837 loops=1)
Seq Scan on area_v_con  (cost=0.00..152138.54 rows=923505 width=4) (actual time=0.369..1143.998 rows=926646 loops=1)
Gather  (cost=1000.00..105967.92 rows=11472 width=3) (actual time=0.589..351.526 rows=14699 loops=1)
Gather  (cost=1000.00..110696.12 rows=58754 width=3) (actual time=0.565..355.359 rows=59423 loops=1)
Gather  (cost=1000.00..105967.92 rows=11472 width=3) (actual time=0.636..339.294 rows=8192 loops=1)
Gather  (cost=1000.00..108995.42 rows=41747 width=3) (actual time=0.573..346.835 rows=41350 loops=1)
Seq Scan on area_v_con  (cost=0.00..152138.54 rows=489031 width=4) (actual time=0.573..1125.958 rows=473031 loops=1)
Gather  (cost=1000.00..149262.02 rows=444413 width=4) (actual time=0.691..478.893 rows=443206 loops=1)
Seq Scan on area_v_con  (cost=0.00..152138.54 rows=490357 width=4) (actual time=0.390..1124.963 rows=495041 loops=1)
Gather  (cost=1000.00..105967.92 rows=11472 width=3) (actual time=0.716..340.490 rows=4958 loops=1)
Gather  (cost=1000.00..105967.92 rows=11472 width=3) (actual time=0.772..341.366 rows=23240 loops=1)
Seq Scan on area_v_con  (cost=0.00..152138.54 rows=490357 width=4) (actual time=0.382..1123.338 rows=495041 loops=1)
Seq Scan on area_v_con  (cost=0.00..152138.54 rows=490357 width=4) (actual time=0.372..1125.055 rows=495041 loops=1)
Gather  (cost=1000.00..105967.92 rows=11472 width=3) (actual time=0.708..342.466 rows=14709 loops=1)
Gather  (cost=1000.00..148489.02 rows=436683 width=4) (actual time=0.621..487.626 rows=425955 loops=1)
Seq Scan on area_v_con  (cost=0.00..152138.54 rows=490357 width=4) (actual time=0.393..1118.457 rows=495041 loops=1)
Seq Scan on area_v_con  (cost=0.00..152138.54 rows=1422256 width=4) (actual time=0.464..1169.192 rows=1419652 loops=1)
Gather  (cost=1000.00..110917.02 rows=60963 width=3) (actual time=0.599..360.182 rows=59423 loops=1)
Gather  (cost=1000.00..105967.92 rows=11472 width=3) (actual time=0.661..350.033 rows=23047 loops=1)
Gather  (cost=1000.00..148489.02 rows=436683 width=4) (actual time=0.645..477.596 rows=425955 loops=1)
Seq Scan on area_v_con  (cost=0.00..152138.54 rows=504714 width=4) (actual time=0.367..1119.656 rows=516862 loops=1)
Gather  (cost=1000.00..108951.22 rows=41305 width=3) (actual time=0.588..345.159 rows=41350 loops=1)
Gather  (cost=1000.00..111093.72 rows=62730 width=3) (actual time=0.559..350.171 rows=59423 loops=1)
Gather  (cost=1000.00..105967.92 rows=11472 width=3) (actual time=0.636..342.671 rows=8242 loops=1)
Gather  (cost=1000.00..149262.02 rows=444413 width=4) (actual time=0.579..491.152 rows=443206 loops=1)
Seq Scan on area_v_con  (cost=0.00..152138.54 rows=1422256 width=4) (actual time=0.379..1173.412 rows=1419652 loops=1)
Gather  (cost=1000.00..105967.92 rows=11472 width=3) (actual time=0.734..345.113 rows=13151 loops=1)
Gather  (cost=1000.00..105967.92 rows=11472 width=3) (actual time=0.624..345.264 rows=6538 loops=1)
Gather  (cost=1000.00..147009.12 rows=421884 width=4) (actual time=0.568..485.944 rows=434439 loops=1)
Gather  (cost=1000.00..105967.92 rows=11472 width=3) (actual time=0.714..345.127 rows=6637 loops=1)
Seq Scan on area_v_con  (cost=0.00..152138.54 rows=477987 width=4) (actual time=0.444..1124.675 rows=470990 loops=1)
Seq Scan on area_v_con  (cost=0.00..152138.54 rows=923505 width=4) (actual time=0.365..1146.742 rows=926646 loops=1)
Gather  (cost=1000.00..105967.92 rows=11472 width=3) (actual time=0.745..346.130 rows=13300 loops=1)
Gather  (cost=1000.00..107272.52 rows=24518 width=3) (actual time=0.746..345.347 rows=23240 loops=1)
Seq Scan on area_v_con  (cost=0.00..152138.54 rows=504714 width=4) (actual time=0.365..1123.840 rows=516862 loops=1)
Seq Scan on area_v_con  (cost=0.00..152138.54 rows=1422256 width=4) (actual time=0.365..1168.798 rows=1419652 loops=1)
Gather  (cost=1000.00..107272.52 rows=24518 width=3) (actual time=0.736..341.928 rows=23047 loops=1)
Gather  (cost=1000.00..105967.92 rows=11472 width=3) (actual time=0.641..344.606 rows=18152 loops=1)
Gather  (cost=1000.00..110939.12 rows=61184 width=3) (actual time=0.551..349.338 rows=59423 loops=1)
Gather  (cost=1000.00..105967.92 rows=11472 width=3) (actual time=0.550..351.948 rows=23173 loops=1)
Gather  (cost=1000.00..105967.92 rows=11472 width=3) (actual time=0.880..336.602 rows=1561 loops=1)
Gather  (cost=1000.00..146147.62 rows=413269 width=4) (actual time=0.608..480.860 rows=424881 loops=1)
Gather  (cost=1000.00..147009.12 rows=421884 width=4) (actual time=0.560..488.290 rows=434439 loops=1)
Seq Scan on area_v_con  (cost=0.00..152138.54 rows=923505 width=4) (actual time=0.397..1155.025 rows=926646 loops=1)
Seq Scan on area_v_con  (cost=0.00..152138.54 rows=1422256 width=4) (actual time=0.370..1171.398 rows=1419652 loops=1)
Gather  (cost=1000.00..107228.32 rows=24076 width=3) (actual time=0.762..350.040 rows=23047 loops=1)
Gather  (cost=1000.00..105967.92 rows=11472 width=3) (actual time=0.681..342.773 rows=23047 loops=1)
Gather  (cost=1000.00..147009.12 rows=421884 width=4) (actual time=0.563..479.647 rows=434439 loops=1)
Gather  (cost=1000.00..147009.12 rows=421884 width=4) (actual time=0.568..491.769 rows=434439 loops=1)
Gather  (cost=1000.00..148489.02 rows=436683 width=4) (actual time=0.621..494.571 rows=425955 loops=1)
Seq Scan on area_v_con  (cost=0.00..152138.54 rows=1422256 width=4) (actual time=0.379..1176.818 rows=1419652 loops=1)
Gather  (cost=1000.00..105967.92 rows=11472 width=3) (actual time=1.002..343.215 rows=6518 loops=1)
Gather  (cost=1000.00..110740.32 rows=59196 width=3) (actual time=0.558..350.917 rows=59423 loops=1)
Gather  (cost=1000.00..105967.92 rows=11472 width=3) (actual time=0.655..339.514 rows=13151 loops=1)
Gather  (cost=1000.00..148489.02 rows=436683 width=4) (actual time=0.633..480.185 rows=425955 loops=1)
Gather  (cost=1000.00..105967.92 rows=11472 width=3) (actual time=0.629..343.388 rows=14875 loops=1)
Seq Scan on area_v_con  (cost=0.00..152138.54 rows=602344 width=4) (actual time=0.363..1127.204 rows=595837 loops=1)
Gather  (cost=1000.00..149262.02 rows=444413 width=4) (actual time=0.587..484.178 rows=443206 loops=1)
Seq Scan on area_v_con  (cost=0.00..152138.54 rows=923505 width=4) (actual time=0.367..1149.828 rows=926646 loops=1)
Gather  (cost=1000.00..149262.02 rows=444413 width=4) (actual time=0.650..488.195 rows=443206 loops=1)
Gather  (cost=1000.00..105967.92 rows=11472 width=3) (actual time=0.571..344.457 rows=14699 loops=1)
Gather  (cost=1000.00..146147.62 rows=413269 width=4) (actual time=0.609..477.369 rows=424881 loops=1)
Gather  (cost=1000.00..105967.92 rows=11472 width=3) (actual time=0.589..345.109 rows=19619 loops=1)
Gather  (cost=1000.00..105967.92 rows=11472 width=3) (actual time=0.598..353.918 rows=6613 loops=1)
Gather  (cost=1000.00..109216.22 rows=43955 width=3) (actual time=0.596..348.519 rows=41350 loops=1)
Gather  (cost=1000.00..105967.92 rows=11472 width=3) (actual time=0.612..350.574 rows=6538 loops=1)
Seq Scan on area_v_con  (cost=0.00..152138.54 rows=923505 width=4) (actual time=0.377..1149.245 rows=926646 loops=1)
Gather  (cost=1000.00..110939.12 rows=61184 width=3) (actual time=0.677..354.807 rows=59423 loops=1)
Gather  (cost=1000.00..109591.72 rows=47710 width=3) (actual time=0.562..349.559 rows=41350 loops=1)
Gather  (cost=1000.00..105967.92 rows=11472 width=3) (actual time=0.629..341.487 rows=14875 loops=1)
Seq Scan on area_v_con  (cost=0.00..152138.54 rows=504714 width=4) (actual time=0.371..1123.863 rows=516862 loops=1)
Gather  (cost=1000.00..107758.42 rows=29377 width=3) (actual time=0.580..345.113 rows=31459 loops=1)
Gather  (cost=1000.00..105967.92 rows=11472 width=3) (actual time=0.673..359.611 rows=13307 loops=1)
Seq Scan on area_v_con  (cost=0.00..152138.54 rows=602344 width=4) (actual time=0.386..1130.282 rows=595837 loops=1)
Seq Scan on area_v_con  (cost=0.00..152138.54 rows=1422256 width=4) (actual time=0.384..1172.590 rows=1419652 loops=1)
Gather  (cost=1000.00..107537.52 rows=27168 width=3) (actual time=0.674..346.671 rows=23240 loops=1)
Gather  (cost=1000.00..149262.02 rows=444413 width=4) (actual time=0.566..486.444 rows=443206 loops=1)
Seq Scan on area_v_con  (cost=0.00..152138.54 rows=1422256 width=4) (actual time=0.374..1175.514 rows=1419652 loops=1)
Gather  (cost=1000.00..105967.92 rows=11472 width=3) (actual time=0.625..351.815 rows=14875 loops=1)
Seq Scan on area_v_con  (cost=0.00..152138.54 rows=489031 width=4) (actual time=0.472..1122.689 rows=473031 loops=1)
Seq Scan on area_v_con  (cost=0.00..152138.54 rows=477987 width=4) (actual time=0.099..1117.190 rows=470990 loops=1)
Seq Scan on area_v_con  (cost=0.00..152138.54 rows=504714 width=4) (actual time=0.023..1123.148 rows=516862 loops=1)
Gather  (cost=1000.00..105967.92 rows=11472 width=3) (actual time=0.713..343.546 rows=13307 loops=1)
Gather  (cost=1000.00..105967.92 rows=11472 width=3) (actual time=0.287..341.719 rows=8242 loops=1)
Seq Scan on area_v_con  (cost=0.00..152138.54 rows=923505 width=4) (actual time=0.374..1144.355 rows=926646 loops=1)
Gather  (cost=1000.00..149262.02 rows=444413 width=4) (actual time=0.661..487.282 rows=443206 loops=1)
Seq Scan on area_v_con  (cost=0.00..152138.54 rows=477987 width=4) (actual time=0.448..1120.426 rows=470990 loops=1)
Seq Scan on area_v_con  (cost=0.00..152138.54 rows=1422256 width=4) (actual time=0.375..1173.672 rows=1419652 loops=1)
Gather  (cost=1000.00..110409.02 rows=55883 width=3) (actual time=0.582..349.934 rows=59423 loops=1)
Gather  (cost=1000.00..110386.92 rows=55662 width=3) (actual time=0.547..351.845 rows=59423 loops=1)
Gather  (cost=1000.00..105967.92 rows=11472 width=3) (actual time=0.830..354.307 rows=9962 loops=1)
Gather  (cost=1000.00..105967.92 rows=11472 width=3) (actual time=0.573..356.303 rows=19619 loops=1)
Seq Scan on area_v_con  (cost=0.00..152138.54 rows=1422256 width=4) (actual time=0.367..1168.501 rows=1419652 loops=1)
Gather  (cost=1000.00..105967.92 rows=11472 width=3) (actual time=0.798..349.538 rows=6613 loops=1)
Seq Scan on area_v_con  (cost=0.00..152138.54 rows=1422256 width=4) (actual time=0.378..1168.634 rows=1419652 loops=1)
Gather  (cost=1000.00..105967.92 rows=11472 width=3) (actual time=0.637..760.466 rows=23173 loops=1)
Seq Scan on area_v_con  (cost=0.00..152138.54 rows=477987 width=4) (actual time=0.464..1127.507 rows=470990 loops=1)
Seq Scan on area_v_con  (cost=0.00..152138.54 rows=504714 width=4) (actual time=0.349..1121.495 rows=516862 loops=1)
Gather  (cost=1000.00..105967.92 rows=11472 width=3) (actual time=0.656..340.289 rows=18152 loops=1)
Gather  (cost=1000.00..108973.32 rows=41526 width=3) (actual time=0.237..346.757 rows=41350 loops=1)
Gather  (cost=1000.00..111491.32 rows=66706 width=3) (actual time=0.234..353.538 rows=59423 loops=1)
Gather  (cost=1000.00..108156.02 rows=33353 width=3) (actual time=0.247..350.587 rows=31459 loops=1)
Gather  (cost=1000.00..148489.02 rows=436683 width=4) (actual time=0.298..476.873 rows=425955 loops=1)
Gather  (cost=1000.00..109260.42 rows=44397 width=3) (actual time=0.570..351.872 rows=41350 loops=1)
Gather  (cost=1000.00..149262.02 rows=444413 width=4) (actual time=0.575..480.942 rows=443206 loops=1)
Gather  (cost=1000.00..107272.52 rows=24518 width=3) (actual time=0.691..346.035 rows=23047 loops=1)
Gather  (cost=1000.00..148489.02 rows=436683 width=4) (actual time=0.625..481.948 rows=425955 loops=1)
Gather  (cost=1000.00..105967.92 rows=11472 width=3) (actual time=0.578..345.560 rows=19619 loops=1)
Gather  (cost=1000.00..147009.12 rows=421884 width=4) (actual time=0.561..482.618 rows=434439 loops=1)
Gather  (cost=1000.00..149262.02 rows=444413 width=4) (actual time=0.574..487.355 rows=443206 loops=1)
Gather  (cost=1000.00..148489.02 rows=436683 width=4) (actual time=0.618..492.105 rows=425955 loops=1)
Gather  (cost=1000.00..105967.92 rows=11472 width=3) (actual time=0.603..342.864 rows=18152 loops=1)
Seq Scan on area_v_con  (cost=0.00..152138.54 rows=1422256 width=4) (actual time=0.370..1169.737 rows=1419652 loops=1)
Gather  (cost=1000.00..147009.12 rows=421884 width=4) (actual time=0.568..489.149 rows=434439 loops=1)
Gather  (cost=1000.00..147009.12 rows=421884 width=4) (actual time=0.551..486.168 rows=434439 loops=1)
Gather  (cost=1000.00..105967.92 rows=11472 width=3) (actual time=0.604..346.073 rows=18152 loops=1)
Seq Scan on area_v_con  (cost=0.00..152138.54 rows=477987 width=4) (actual time=0.516..1117.763 rows=470990 loops=1)
Gather  (cost=1000.00..105967.92 rows=11472 width=3) (actual time=0.629..341.560 rows=8192 loops=1)
Gather  (cost=1000.00..105967.92 rows=11472 width=3) (actual time=0.557..341.367 rows=14699 loops=1)
Gather  (cost=1000.00..105967.92 rows=11472 width=3) (actual time=1.022..343.147 rows=4864 loops=1)
Seq Scan on area_v_con  (cost=0.00..152138.54 rows=477987 width=4) (actual time=0.443..1127.691 rows=470990 loops=1)
Gather  (cost=1000.00..149262.02 rows=444413 width=4) (actual time=0.640..481.083 rows=443206 loops=1)
Gather  (cost=1000.00..105967.92 rows=11472 width=3) (actual time=0.728..352.945 rows=13300 loops=1)
Gather  (cost=1000.00..105967.92 rows=11472 width=3) (actual time=1.307..341.294 rows=4951 loops=1)
Gather  (cost=1000.00..108178.12 rows=33574 width=3) (actual time=0.557..344.903 rows=31459 loops=1)
Seq Scan on area_v_con  (cost=0.00..152138.54 rows=490357 width=4) (actual time=0.391..1128.653 rows=495041 loops=1)
Gather  (cost=1000.00..110431.12 rows=56104 width=3) (actual time=0.577..355.175 rows=59423 loops=1)
Seq Scan on area_v_con  (cost=0.00..152138.54 rows=504714 width=4) (actual time=0.369..1122.827 rows=516862 loops=1)
Gather  (cost=1000.00..105967.92 rows=11472 width=3) (actual time=0.815..339.413 rows=13300 loops=1)
Gather  (cost=1000.00..111093.72 rows=62730 width=3) (actual time=0.558..352.384 rows=59423 loops=1)
Gather  (cost=1000.00..105967.92 rows=11472 width=3) (actual time=0.615..339.118 rows=6538 loops=1)
Seq Scan on area_v_con  (cost=0.00..152138.54 rows=1422256 width=4) (actual time=0.390..1175.525 rows=1419652 loops=1)
Seq Scan on area_v_con  (cost=0.00..152138.54 rows=1422256 width=4) (actual time=0.365..1168.687 rows=1419652 loops=1)
Seq Scan on area_v_con  (cost=0.00..152138.54 rows=1422256 width=4) (actual time=0.373..1172.029 rows=1419652 loops=1)
Seq Scan on area_v_con  (cost=0.00..152138.54 rows=1422256 width=4) (actual time=0.362..1165.427 rows=1419652 loops=1)
Gather  (cost=1000.00..105967.92 rows=11472 width=3) (actual time=0.563..353.466 rows=23173 loops=1)
Gather  (cost=1000.00..105967.92 rows=11472 width=3) (actual time=0.595..344.351 rows=14709 loops=1)
Gather  (cost=1000.00..148489.02 rows=436683 width=4) (actual time=0.624..478.567 rows=425955 loops=1)
Seq Scan on area_v_con  (cost=0.00..152138.54 rows=504714 width=4) (actual time=0.392..1120.257 rows=516862 loops=1)
Seq Scan on area_v_con  (cost=0.00..152138.54 rows=923505 width=4) (actual time=0.413..1144.931 rows=926646 loops=1)
Seq Scan on area_v_con  (cost=0.00..152138.54 rows=477987 width=4) (actual time=0.431..1119.070 rows=470990 loops=1)
Gather  (cost=1000.00..105967.92 rows=11472 width=3) (actual time=0.740..356.910 rows=14875 loops=1)
Gather  (cost=1000.00..105967.92 rows=11472 width=3) (actual time=0.586..359.025 rows=9970 loops=1)
Seq Scan on area_v_con  (cost=0.00..152138.54 rows=504714 width=4) (actual time=0.366..1126.750 rows=516862 loops=1)
Gather  (cost=1000.00..105967.92 rows=11472 width=3) (actual time=0.807..342.516 rows=9703 loops=1)
Gather  (cost=1000.00..105967.92 rows=11472 width=3) (actual time=0.801..345.027 rows=4958 loops=1)
Seq Scan on area_v_con  (cost=0.00..152138.54 rows=1422256 width=4) (actual time=0.389..1173.833 rows=1419652 loops=1)
Seq Scan on area_v_con  (cost=0.00..152138.54 rows=602344 width=4) (actual time=0.366..1123.047 rows=595837 loops=1)
Gather  (cost=1000.00..105967.92 rows=11472 width=3) (actual time=0.775..345.788 rows=13151 loops=1)
Seq Scan on area_v_con  (cost=0.00..152138.54 rows=923505 width=4) (actual time=0.375..1149.436 rows=926646 loops=1)
Seq Scan on area_v_con  (cost=0.00..152138.54 rows=923505 width=4) (actual time=0.363..1155.103 rows=926646 loops=1)
Gather  (cost=1000.00..105967.92 rows=11472 width=3) (actual time=0.761..349.443 rows=13151 loops=1)
Gather  (cost=1000.00..105967.92 rows=11472 width=3) (actual time=0.607..341.002 rows=18152 loops=1)
Gather  (cost=1000.00..105967.92 rows=11472 width=3) (actual time=0.839..348.037 rows=9962 loops=1)
Gather  (cost=1000.00..105967.92 rows=11472 width=3) (actual time=0.690..346.729 rows=13307 loops=1)
Seq Scan on area_v_con  (cost=0.00..152138.54 rows=1422256 width=4) (actual time=0.375..1170.114 rows=1419652 loops=1)
Gather  (cost=1000.00..109392.92 rows=45722 width=3) (actual time=0.649..347.234 rows=41350 loops=1)
Gather  (cost=1000.00..147009.12 rows=421884 width=4) (actual time=0.555..478.918 rows=434439 loops=1)
Seq Scan on area_v_con  (cost=0.00..152138.54 rows=923505 width=4) (actual time=0.363..1144.709 rows=926646 loops=1)
Gather  (cost=1000.00..107272.52 rows=24518 width=3) (actual time=0.686..345.602 rows=23047 loops=1)
Gather  (cost=1000.00..148489.02 rows=436683 width=4) (actual time=0.644..484.718 rows=425955 loops=1)
Gather  (cost=1000.00..105967.92 rows=11472 width=3) (actual time=0.576..344.854 rows=14699 loops=1)
Gather  (cost=1000.00..105967.92 rows=11472 width=3) (actual time=0.716..343.819 rows=11597 loops=1)
Seq Scan on area_v_con  (cost=0.00..152138.54 rows=923505 width=4) (actual time=0.370..1145.675 rows=926646 loops=1)
Gather  (cost=1000.00..105967.92 rows=11472 width=3) (actual time=1.753..358.966 rows=4942 loops=1)
Seq Scan on area_v_con  (cost=0.00..152138.54 rows=923505 width=4) (actual time=0.363..1156.908 rows=926646 loops=1)
Gather  (cost=1000.00..110850.82 rows=60301 width=3) (actual time=0.576..351.679 rows=59423 loops=1)
Gather  (cost=1000.00..147009.12 rows=421884 width=4) (actual time=0.704..487.031 rows=434439 loops=1)
Seq Scan on area_v_con  (cost=0.00..152138.54 rows=602344 width=4) (actual time=0.406..1126.653 rows=595837 loops=1)
Gather  (cost=1000.00..105967.92 rows=11472 width=3) (actual time=1.111..341.140 rows=1545 loops=1)
Gather  (cost=1000.00..105967.92 rows=11472 width=3) (actual time=1.024..352.189 rows=4864 loops=1)
Seq Scan on area_v_con  (cost=0.00..152138.54 rows=1422256 width=4) (actual time=0.366..1172.449 rows=1419652 loops=1)
Gather  (cost=1000.00..110607.82 rows=57871 width=3) (actual time=0.576..356.639 rows=59423 loops=1)
Seq Scan on area_v_con  (cost=0.00..152138.54 rows=490357 width=4) (actual time=0.382..1124.964 rows=495041 loops=1)
Gather  (cost=1000.00..105967.92 rows=11472 width=3) (actual time=0.665..344.567 rows=23047 loops=1)
Seq Scan on area_v_con  (cost=0.00..152138.54 rows=1422256 width=4) (actual time=0.373..1171.426 rows=1419652 loops=1)
Gather  (cost=1000.00..105967.92 rows=11472 width=3) (actual time=0.686..341.967 rows=6618 loops=1)
Seq Scan on area_v_con  (cost=0.00..152138.54 rows=1422256 width=4) (actual time=0.370..1170.465 rows=1419652 loops=1)
Seq Scan on area_v_con  (cost=0.00..152138.54 rows=1422256 width=4) (actual time=0.369..1170.557 rows=1419652 loops=1)
Seq Scan on area_v_con  (cost=0.00..152138.54 rows=602344 width=4) (actual time=0.365..1126.734 rows=595837 loops=1)
Seq Scan on area_v_con  (cost=0.00..152138.54 rows=504714 width=4) (actual time=0.382..1125.039 rows=516862 loops=1)
Gather  (cost=1000.00..105967.92 rows=11472 width=3) (actual time=0.671..344.171 rows=9703 loops=1)
Gather  (cost=1000.00..105967.92 rows=11472 width=3) (actual time=0.589..362.764 rows=14709 loops=1)
Seq Scan on area_v_con  (cost=0.00..152138.54 rows=489031 width=4) (actual time=0.469..1121.580 rows=473031 loops=1)
Gather  (cost=1000.00..105967.92 rows=11472 width=3) (actual time=0.672..342.776 rows=13151 loops=1)
Seq Scan on area_v_con  (cost=0.00..152138.54 rows=477987 width=4) (actual time=0.446..1125.171 rows=470990 loops=1)
Seq Scan on area_v_con  (cost=0.00..152138.54 rows=1422256 width=4) (actual time=0.143..1174.051 rows=1419652 loops=1)
Gather  (cost=1000.00..105967.92 rows=11472 width=3) (actual time=0.753..351.346 rows=11597 loops=1)
Gather  (cost=1000.00..105967.92 rows=11472 width=3) (actual time=0.552..340.107 rows=14699 loops=1)
Gather  (cost=1000.00..105967.92 rows=11472 width=3) (actual time=0.622..340.946 rows=4775 loops=1)
Gather  (cost=1000.00..105967.92 rows=11472 width=3) (actual time=0.633..339.395 rows=14875 loops=1)
Seq Scan on area_v_con  (cost=0.00..152138.54 rows=923505 width=4) (actual time=0.357..1149.293 rows=926646 loops=1)
Gather  (cost=1000.00..105967.92 rows=11472 width=3) (actual time=1.152..344.210 rows=3312 loops=1)
Seq Scan on area_v_con  (cost=0.00..152138.54 rows=1422256 width=4) (actual time=0.374..1169.834 rows=1419652 loops=1)
Gather  (cost=1000.00..105967.92 rows=11472 width=3) (actual time=0.813..347.173 rows=14875 loops=1)
Seq Scan on area_v_con  (cost=0.00..152138.54 rows=923505 width=4) (actual time=0.369..1152.244 rows=926646 loops=1)
Seq Scan on area_v_con  (cost=0.00..152138.54 rows=477987 width=4) (actual time=0.431..1116.611 rows=470990 loops=1)
Gather  (cost=1000.00..105967.92 rows=11472 width=3) (actual time=0.987..355.851 rows=3312 loops=1)
Gather  (cost=1000.00..148489.02 rows=436683 width=4) (actual time=0.635..487.498 rows=425955 loops=1)
Seq Scan on area_v_con  (cost=0.00..152138.54 rows=602344 width=4) (actual time=0.372..1124.518 rows=595837 loops=1)
Gather  (cost=1000.00..105967.92 rows=11472 width=3) (actual time=0.653..351.061 rows=1656 loops=1)
Gather  (cost=1000.00..107537.52 rows=27168 width=3) (actual time=0.684..352.498 rows=23240 loops=1)
Gather  (cost=1000.00..109370.92 rows=45502 width=3) (actual time=0.658..345.836 rows=41350 loops=1)
Gather  (cost=1000.00..149262.02 rows=444413 width=4) (actual time=0.670..479.342 rows=443206 loops=1)
Seq Scan on area_v_con  (cost=0.00..152138.54 rows=602344 width=4) (actual time=0.402..1129.843 rows=595837 loops=1)
Seq Scan on area_v_con  (cost=0.00..152138.54 rows=1422256 width=4) (actual time=0.369..1172.349 rows=1419652 loops=1)
Seq Scan on area_v_con  (cost=0.00..152138.54 rows=504714 width=4) (actual time=0.356..1126.947 rows=516862 loops=1)
Seq Scan on area_v_con  (cost=0.00..152138.54 rows=602344 width=4) (actual time=0.370..1133.944 rows=595837 loops=1)
Gather  (cost=1000.00..105967.92 rows=11472 width=3) (actual time=0.684..340.957 rows=23047 loops=1)
Seq Scan on area_v_con  (cost=0.00..152138.54 rows=504714 width=4) (actual time=0.365..1119.740 rows=516862 loops=1)
Gather  (cost=1000.00..105967.92 rows=11472 width=3) (actual time=0.669..348.251 rows=8192 loops=1)
Gather  (cost=1000.00..110497.42 rows=56767 width=3) (actual time=0.564..357.434 rows=59423 loops=1)
Gather  (cost=1000.00..110872.92 rows=60522 width=3) (actual time=0.551..356.252 rows=59423 loops=1)
Seq Scan on area_v_con  (cost=0.00..152138.54 rows=504714 width=4) (actual time=0.365..1122.070 rows=516862 loops=1)
Gather  (cost=1000.00..105967.92 rows=11472 width=3) (actual time=0.605..346.238 rows=8059 loops=1)
Seq Scan on area_v_con  (cost=0.00..152138.54 rows=489031 width=4) (actual time=0.497..1118.296 rows=473031 loops=1)
Gather  (cost=1000.00..105967.92 rows=11472 width=3) (actual time=0.571..341.949 rows=23173 loops=1)
Gather  (cost=1000.00..107780.52 rows=29598 width=3) (actual time=0.586..343.184 rows=31459 loops=1)
Gather  (cost=1000.00..105967.92 rows=11472 width=3) (actual time=0.624..341.007 rows=14875 loops=1)
Gather  (cost=1000.00..110740.32 rows=59196 width=3) (actual time=0.553..352.736 rows=59423 loops=1)
Seq Scan on area_v_con  (cost=0.00..152138.54 rows=489031 width=4) (actual time=0.457..1120.404 rows=473031 loops=1)
Gather  (cost=1000.00..105967.92 rows=11472 width=3) (actual time=0.651..345.296 rows=23173 loops=1)
Seq Scan on area_v_con  (cost=0.00..152138.54 rows=602344 width=4) (actual time=0.371..1128.183 rows=595837 loops=1)
Gather  (cost=1000.00..110718.22 rows=58975 width=3) (actual time=0.574..355.936 rows=59423 loops=1)
Seq Scan on area_v_con  (cost=0.00..152138.54 rows=477987 width=4) (actual time=0.443..1117.287 rows=470990 loops=1)
Seq Scan on area_v_con  (cost=0.00..152138.54 rows=923505 width=4) (actual time=0.362..1146.953 rows=926646 loops=1)
Gather  (cost=1000.00..105967.92 rows=11472 width=3) (actual time=0.611..342.268 rows=19619 loops=1)
Gather  (cost=1000.00..105967.92 rows=11472 width=3) (actual time=0.741..340.599 rows=1570 loops=1)
Seq Scan on area_v_con  (cost=0.00..152138.54 rows=923505 width=4) (actual time=0.433..1146.000 rows=926646 loops=1)
Seq Scan on area_v_con  (cost=0.00..152138.54 rows=1422256 width=4) (actual time=0.372..1171.970 rows=1419652 loops=1)
Gather  (cost=1000.00..110917.02 rows=60963 width=3) (actual time=0.580..350.805 rows=59423 loops=1)
Gather  (cost=1000.00..105967.92 rows=11472 width=3) (actual time=0.558..351.092 rows=4942 loops=1)
Seq Scan on area_v_con  (cost=0.00..152138.54 rows=1422256 width=4) (actual time=0.371..1170.629 rows=1419652 loops=1)
Gather  (cost=1000.00..149262.02 rows=444413 width=4) (actual time=0.665..490.458 rows=443206 loops=1)
Seq Scan on area_v_con  (cost=0.00..152138.54 rows=504714 width=4) (actual time=0.361..1133.098 rows=516862 loops=1)
Seq Scan on area_v_con  (cost=0.00..152138.54 rows=504714 width=4) (actual time=0.362..1123.834 rows=516862 loops=1)
Gather  (cost=1000.00..109260.42 rows=44397 width=3) (actual time=0.607..344.853 rows=41350 loops=1)
Seq Scan on area_v_con  (cost=0.00..152138.54 rows=602344 width=4) (actual time=0.375..1126.195 rows=595837 loops=1)
Gather  (cost=1000.00..147009.12 rows=421884 width=4) (actual time=0.583..480.797 rows=434439 loops=1)
Gather  (cost=1000.00..105967.92 rows=11472 width=3) (actual time=0.674..343.652 rows=14875 loops=1)
Gather  (cost=1000.00..148489.02 rows=436683 width=4) (actual time=0.753..485.434 rows=425955 loops=1)
Gather  (cost=1000.00..107802.62 rows=29819 width=3) (actual time=0.642..352.058 rows=31459 loops=1)
Seq Scan on area_v_con  (cost=0.00..152138.54 rows=602344 width=4) (actual time=0.372..1132.790 rows=595837 loops=1)
Gather  (cost=1000.00..107824.72 rows=30040 width=3) (actual time=0.624..345.234 rows=31459 loops=1)
Gather  (cost=1000.00..105967.92 rows=11472 width=3) (actual time=0.838..338.738 rows=9962 loops=1)
Gather  (cost=1000.00..107228.32 rows=24076 width=3) (actual time=0.686..349.902 rows=23047 loops=1)
Seq Scan on area_v_con  (cost=0.00..152138.54 rows=602344 width=4) (actual time=0.375..1133.601 rows=595837 loops=1)
Gather  (cost=1000.00..105967.92 rows=11472 width=3) (actual time=0.676..346.407 rows=6626 loops=1)
Gather  (cost=1000.00..105967.92 rows=11472 width=3) (actual time=0.672..348.501 rows=13307 loops=1)
Gather  (cost=1000.00..147009.12 rows=421884 width=4) (actual time=0.579..502.137 rows=434439 loops=1)
Gather  (cost=1000.00..105967.92 rows=11472 width=3) (actual time=0.595..355.339 rows=8243 loops=1)
Gather  (cost=1000.00..105967.92 rows=11472 width=3) (actual time=0.719..356.633 rows=13300 loops=1)
Gather  (cost=1000.00..105967.92 rows=11472 width=3) (actual time=0.994..339.557 rows=6518 loops=1)
Seq Scan on area_v_con  (cost=0.00..152138.54 rows=923505 width=4) (actual time=0.369..1159.950 rows=926646 loops=1)
Seq Scan on area_v_con  (cost=0.00..152138.54 rows=923505 width=4) (actual time=0.395..1169.428 rows=926646 loops=1)
Gather  (cost=1000.00..105967.92 rows=11472 width=3) (actual time=0.884..340.686 rows=14875 loops=1)
Seq Scan on area_v_con  (cost=0.00..152138.54 rows=1422256 width=4) (actual time=0.370..1189.779 rows=1419652 loops=1)
Seq Scan on area_v_con  (cost=0.00..152138.54 rows=504714 width=4) (actual time=0.354..1144.088 rows=516862 loops=1)
Seq Scan on area_v_con  (cost=0.00..152138.54 rows=1422256 width=4) (actual time=0.367..1195.050 rows=1419652 loops=1)
Gather  (cost=1000.00..109282.52 rows=44618 width=3) (actual time=0.665..353.022 rows=41350 loops=1)
Gather  (cost=1000.00..148489.02 rows=436683 width=4) (actual time=0.644..487.529 rows=425955 loops=1)
Seq Scan on area_v_con  (cost=0.00..152138.54 rows=477987 width=4) (actual time=0.512..1135.681 rows=470990 loops=1)
Gather  (cost=1000.00..105967.92 rows=11472 width=3) (actual time=1.026..340.840 rows=6518 loops=1)
Gather  (cost=1000.00..107802.62 rows=29819 width=3) (actual time=0.551..345.366 rows=31459 loops=1)
Gather  (cost=1000.00..146147.62 rows=413269 width=4) (actual time=0.607..484.735 rows=424881 loops=1)
Seq Scan on area_v_con  (cost=0.00..152138.54 rows=923505 width=4) (actual time=0.387..1159.211 rows=926646 loops=1)
Gather  (cost=1000.00..107382.92 rows=25622 width=3) (actual time=0.609..350.964 rows=23173 loops=1)
Seq Scan on area_v_con  (cost=0.00..152138.54 rows=1422256 width=4) (actual time=0.382..1206.318 rows=1419652 loops=1)
Gather  (cost=1000.00..105967.92 rows=11472 width=3) (actual time=0.717..340.598 rows=6618 loops=1)
Gather  (cost=1000.00..105967.92 rows=11472 width=3) (actual time=0.842..349.641 rows=9962 loops=1)
Seq Scan on area_v_con  (cost=0.00..152138.54 rows=923505 width=4) (actual time=0.415..1177.107 rows=926646 loops=1)
Seq Scan on area_v_con  (cost=0.00..152138.54 rows=923505 width=4) (actual time=0.437..1162.666 rows=926646 loops=1)
Gather  (cost=1000.00..107780.52 rows=29598 width=3) (actual time=0.627..347.695 rows=31459 loops=1)
Gather  (cost=1000.00..105967.92 rows=11472 width=3) (actual time=0.672..354.333 rows=9703 loops=1)
Gather  (cost=1000.00..149262.02 rows=444413 width=4) (actual time=0.572..485.632 rows=443206 loops=1)
Gather  (cost=1000.00..109392.92 rows=45722 width=3) (actual time=0.568..354.555 rows=41350 loops=1)
Seq Scan on area_v_con  (cost=0.00..152138.54 rows=1422256 width=4) (actual time=0.370..1191.498 rows=1419652 loops=1)
Gather  (cost=1000.00..148489.02 rows=436683 width=4) (actual time=0.735..482.873 rows=425955 loops=1)
Gather  (cost=1000.00..105967.92 rows=11472 width=3) (actual time=0.560..342.969 rows=23173 loops=1)
Gather  (cost=1000.00..108509.42 rows=36887 width=3) (actual time=0.744..349.931 rows=41350 loops=1)
Gather  (cost=1000.00..109216.22 rows=43955 width=3) (actual time=0.563..357.477 rows=41350 loops=1)
Gather  (cost=1000.00..105967.92 rows=11472 width=3) (actual time=0.643..338.887 rows=4920 loops=1)
Seq Scan on area_v_con  (cost=0.00..152138.54 rows=489031 width=4) (actual time=0.458..1133.317 rows=473031 loops=1)
Gather  (cost=1000.00..107802.62 rows=29819 width=3) (actual time=0.617..347.070 rows=31459 loops=1)
Gather  (cost=1000.00..107780.52 rows=29598 width=3) (actual time=0.571..346.376 rows=31459 loops=1)
Seq Scan on area_v_con  (cost=0.00..152138.54 rows=923505 width=4) (actual time=0.374..1155.892 rows=926646 loops=1)
Seq Scan on area_v_con  (cost=0.00..152138.54 rows=1422256 width=4) (actual time=0.373..1177.459 rows=1419652 loops=1)
Gather  (cost=1000.00..149262.02 rows=444413 width=4) (actual time=0.589..482.617 rows=443206 loops=1)
Seq Scan on area_v_con  (cost=0.00..152138.54 rows=1422256 width=4) (actual time=0.379..1191.559 rows=1419652 loops=1)
Seq Scan on area_v_con  (cost=0.00..152138.54 rows=923505 width=4) (actual time=0.362..1162.108 rows=926646 loops=1)
Gather  (cost=1000.00..105967.92 rows=11472 width=3) (actual time=0.687..339.180 rows=6626 loops=1)
Gather  (cost=1000.00..105967.92 rows=11472 width=3) (actual time=0.588..347.846 rows=11597 loops=1)
Gather  (cost=1000.00..149262.02 rows=444413 width=4) (actual time=0.579..494.827 rows=443206 loops=1)
Gather  (cost=1000.00..148489.02 rows=436683 width=4) (actual time=0.628..490.810 rows=425955 loops=1)
Gather  (cost=1000.00..105967.92 rows=11472 width=3) (actual time=0.740..339.120 rows=6637 loops=1)
Gather  (cost=1000.00..105967.92 rows=11472 width=3) (actual time=0.629..347.869 rows=6618 loops=1)
Seq Scan on area_v_con  (cost=0.00..152138.54 rows=1422256 width=4) (actual time=0.368..1198.584 rows=1419652 loops=1)
Seq Scan on area_v_con  (cost=0.00..152138.54 rows=1422256 width=4) (actual time=0.371..1188.962 rows=1419652 loops=1)
Seq Scan on area_v_con  (cost=0.00..152138.54 rows=490357 width=4) (actual time=0.388..1138.394 rows=495041 loops=1)
Gather  (cost=1000.00..105967.92 rows=11472 width=3) (actual time=0.899..339.814 rows=9962 loops=1)
Gather  (cost=1000.00..146147.62 rows=413269 width=4) (actual time=0.636..485.880 rows=424881 loops=1)
Gather  (cost=1000.00..105967.92 rows=11472 width=3) (actual time=0.552..348.277 rows=23173 loops=1)
Gather  (cost=1000.00..105967.92 rows=11472 width=3) (actual time=0.681..342.319 rows=23047 loops=1)
Gather  (cost=1000.00..105967.92 rows=11472 width=3) (actual time=0.680..341.302 rows=13307 loops=1)
Seq Scan on area_v_con  (cost=0.00..152138.54 rows=1422256 width=4) (actual time=0.393..1172.990 rows=1419652 loops=1)
Gather  (cost=1000.00..105967.92 rows=11472 width=3) (actual time=0.654..352.046 rows=19619 loops=1)
Gather  (cost=1000.00..105967.92 rows=11472 width=3) (actual time=0.651..357.667 rows=6613 loops=1)
Seq Scan on area_v_con  (cost=0.00..152138.54 rows=923505 width=4) (actual time=0.375..1170.225 rows=926646 loops=1)
Gather  (cost=1000.00..105967.92 rows=11472 width=3) (actual time=0.602..345.542 rows=9970 loops=1)
Gather  (cost=1000.00..109304.62 rows=44839 width=3) (actual time=0.585..355.120 rows=41350 loops=1)
Seq Scan on area_v_con  (cost=0.00..152138.54 rows=1422256 width=4) (actual time=0.376..1190.767 rows=1419652 loops=1)
Seq Scan on area_v_con  (cost=0.00..152138.54 rows=923505 width=4) (actual time=0.359..1157.158 rows=926646 loops=1)
Gather  (cost=1000.00..105967.92 rows=11472 width=3) (actual time=0.644..348.548 rows=8242 loops=1)
Gather  (cost=1000.00..105967.92 rows=11472 width=3) (actual time=0.666..343.243 rows=4958 loops=1)
Seq Scan on area_v_con  (cost=0.00..152138.54 rows=923505 width=4) (actual time=0.373..1168.783 rows=926646 loops=1)
Gather  (cost=1000.00..147009.12 rows=421884 width=4) (actual time=0.585..486.212 rows=434439 loops=1)
Seq Scan on area_v_con  (cost=0.00..152138.54 rows=602344 width=4) (actual time=0.401..1153.939 rows=595837 loops=1)
Gather  (cost=1000.00..105967.92 rows=11472 width=3) (actual time=0.602..347.666 rows=9970 loops=1)
Gather  (cost=1000.00..109216.22 rows=43955 width=3) (actual time=0.573..352.256 rows=41350 loops=1)
Seq Scan on area_v_con  (cost=0.00..152138.54 rows=923505 width=4) (actual time=0.358..1155.596 rows=926646 loops=1)
Seq Scan on area_v_con  (cost=0.00..152138.54 rows=477987 width=4) (actual time=0.445..1134.841 rows=470990 loops=1)
Seq Scan on area_v_con  (cost=0.00..152138.54 rows=923505 width=4) (actual time=0.371..1167.029 rows=926646 loops=1)
Gather  (cost=1000.00..105967.92 rows=11472 width=3) (actual time=0.581..358.418 rows=8059 loops=1)
Seq Scan on area_v_con  (cost=0.00..152138.54 rows=1422256 width=4) (actual time=0.438..1189.777 rows=1419652 loops=1)
Seq Scan on area_v_con  (cost=0.00..152138.54 rows=923505 width=4) (actual time=0.372..1156.193 rows=926646 loops=1)
Gather  (cost=1000.00..108001.42 rows=31807 width=3) (actual time=0.579..354.365 rows=31459 loops=1)
Seq Scan on area_v_con  (cost=0.00..152138.54 rows=1422256 width=4) (actual time=0.373..1190.219 rows=1419652 loops=1)
Gather  (cost=1000.00..105967.92 rows=11472 width=3) (actual time=0.892..355.392 rows=9962 loops=1)
Gather  (cost=1000.00..149262.02 rows=444413 width=4) (actual time=0.577..487.523 rows=443206 loops=1)
Gather  (cost=1000.00..105967.92 rows=11472 width=3) (actual time=0.727..350.238 rows=6637 loops=1)
Seq Scan on area_v_con  (cost=0.00..152138.54 rows=923505 width=4) (actual time=0.371..1155.525 rows=926646 loops=1)
Seq Scan on area_v_con  (cost=0.00..152138.54 rows=1422256 width=4) (actual time=0.376..1184.055 rows=1419652 loops=1)
Gather  (cost=1000.00..108973.32 rows=41526 width=3) (actual time=0.599..349.664 rows=41350 loops=1)
Gather  (cost=1000.00..107471.32 rows=26506 width=3) (actual time=0.641..348.181 rows=23240 loops=1)
Gather  (cost=1000.00..105967.92 rows=11472 width=3) (actual time=0.599..346.884 rows=9970 loops=1)
Gather  (cost=1000.00..105967.92 rows=11472 width=3) (actual time=0.566..346.453 rows=23173 loops=1)
Gather  (cost=1000.00..105967.92 rows=11472 width=3) (actual time=0.570..339.402 rows=6613 loops=1)
Gather  (cost=1000.00..109370.92 rows=45502 width=3) (actual time=0.583..346.200 rows=41350 loops=1)
Seq Scan on area_v_con  (cost=0.00..152138.54 rows=1422256 width=4) (actual time=0.375..1178.663 rows=1419652 loops=1)
Gather  (cost=1000.00..110585.72 rows=57650 width=3) (actual time=0.579..350.295 rows=59423 loops=1)
Gather  (cost=1000.00..105967.92 rows=11472 width=3) (actual time=0.625..338.097 rows=4920 loops=1)
Seq Scan on area_v_con  (cost=0.00..152138.54 rows=923505 width=4) (actual time=0.366..1145.451 rows=926646 loops=1)
Seq Scan on area_v_con  (cost=0.00..152138.54 rows=490357 width=4) (actual time=0.385..1128.797 rows=495041 loops=1)
Gather  (cost=1000.00..105967.92 rows=11472 width=3) (actual time=0.632..346.733 rows=23173 loops=1)
Seq Scan on area_v_con  (cost=0.00..152138.54 rows=602344 width=4) (actual time=0.369..1126.499 rows=595837 loops=1)
Seq Scan on area_v_con  (cost=0.00..152138.54 rows=504714 width=4) (actual time=0.389..1126.167 rows=516862 loops=1)
Gather  (cost=1000.00..146147.62 rows=413269 width=4) (actual time=0.716..485.689 rows=424881 loops=1)
Gather  (cost=1000.00..105967.92 rows=11472 width=3) (actual time=0.667..355.498 rows=23047 loops=1)
Seq Scan on area_v_con  (cost=0.00..152138.54 rows=477987 width=4) (actual time=0.645..1122.047 rows=470990 loops=1)
Gather  (cost=1000.00..105967.92 rows=11472 width=3) (actual time=0.613..339.952 rows=9970 loops=1)
Seq Scan on area_v_con  (cost=0.00..152138.54 rows=489031 width=4) (actual time=0.567..1116.351 rows=473031 loops=1)
Gather  (cost=1000.00..146147.62 rows=413269 width=4) (actual time=0.611..482.538 rows=424881 loops=1)
Seq Scan on area_v_con  (cost=0.00..152138.54 rows=477987 width=4) (actual time=0.493..1116.922 rows=470990 loops=1)
Gather  (cost=1000.00..105967.92 rows=11472 width=3) (actual time=0.724..341.665 rows=13151 loops=1)
Seq Scan on area_v_con  (cost=0.00..152138.54 rows=504714 width=4) (actual time=0.371..1126.244 rows=516862 loops=1)
Seq Scan on area_v_con  (cost=0.00..152138.54 rows=602344 width=4) (actual time=0.369..1135.120 rows=595837 loops=1)
Gather  (cost=1000.00..105967.92 rows=11472 width=3) (actual time=0.906..342.147 rows=9962 loops=1)
Gather  (cost=1000.00..105967.92 rows=11472 width=3) (actual time=0.681..361.819 rows=9703 loops=1)
Seq Scan on area_v_con  (cost=0.00..152138.54 rows=490357 width=4) (actual time=0.391..1146.360 rows=495041 loops=1)
Gather  (cost=1000.00..105967.92 rows=11472 width=3) (actual time=0.649..347.042 rows=9970 loops=1)
Gather  (cost=1000.00..146147.62 rows=413269 width=4) (actual time=0.661..492.554 rows=424881 loops=1)
Gather  (cost=1000.00..105967.92 rows=11472 width=3) (actual time=0.638..346.423 rows=14875 loops=1)
Gather  (cost=1000.00..105967.92 rows=11472 width=3) (actual time=0.618..355.066 rows=14875 loops=1)
Gather  (cost=1000.00..109216.22 rows=43955 width=3) (actual time=0.584..351.340 rows=41350 loops=1)
Gather  (cost=1000.00..108973.32 rows=41526 width=3) (actual time=0.581..353.920 rows=41350 loops=1)
Gather  (cost=1000.00..105967.92 rows=11472 width=3) (actual time=0.739..348.958 rows=23047 loops=1)
Gather  (cost=1000.00..105967.92 rows=11472 width=3) (actual time=0.588..345.141 rows=14709 loops=1)
Seq Scan on area_v_con  (cost=0.00..152138.54 rows=602344 width=4) (actual time=0.398..1144.683 rows=595837 loops=1)
Gather  (cost=1000.00..105967.92 rows=11472 width=3) (actual time=0.588..349.062 rows=19619 loops=1)
Seq Scan on area_v_con  (cost=0.00..152138.54 rows=504714 width=4) (actual time=0.413..1138.961 rows=516862 loops=1)
Seq Scan on area_v_con  (cost=0.00..152138.54 rows=1422256 width=4) (actual time=0.441..1189.805 rows=1419652 loops=1)
Seq Scan on area_v_con  (cost=0.00..152138.54 rows=490357 width=4) (actual time=0.562..1136.622 rows=495041 loops=1)
Gather  (cost=1000.00..110894.92 rows=60742 width=3) (actual time=0.579..364.852 rows=59423 loops=1)
Seq Scan on area_v_con  (cost=0.00..152138.54 rows=923505 width=4) (actual time=0.402..1164.776 rows=926646 loops=1)
Gather  (cost=1000.00..147009.12 rows=421884 width=4) (actual time=0.749..490.122 rows=434439 loops=1)
Seq Scan on area_v_con  (cost=0.00..152138.54 rows=490357 width=4) (actual time=0.393..1136.804 rows=495041 loops=1)
Gather  (cost=1000.00..108995.42 rows=41747 width=3) (actual time=0.644..347.639 rows=41350 loops=1)
Gather  (cost=1000.00..105967.92 rows=11472 width=3) (actual time=0.575..344.388 rows=19619 loops=1)
Seq Scan on area_v_con  (cost=0.00..152138.54 rows=504714 width=4) (actual time=0.364..1142.270 rows=516862 loops=1)
Gather  (cost=1000.00..105967.92 rows=11472 width=3) (actual time=0.836..348.975 rows=9703 loops=1)
Gather  (cost=1000.00..148489.02 rows=436683 width=4) (actual time=0.634..489.797 rows=425955 loops=1)
Gather  (cost=1000.00..148489.02 rows=436683 width=4) (actual time=0.638..482.497 rows=425955 loops=1)
Seq Scan on area_v_con  (cost=0.00..152138.54 rows=489031 width=4) (actual time=0.118..1138.877 rows=473031 loops=1)
Gather  (cost=1000.00..107272.52 rows=24518 width=3) (actual time=0.717..353.199 rows=23047 loops=1)
Gather  (cost=1000.00..105967.92 rows=11472 width=3) (actual time=0.593..341.912 rows=14709 loops=1)
Gather  (cost=1000.00..107891.02 rows=30703 width=3) (actual time=0.584..348.566 rows=31459 loops=1)
Gather  (cost=1000.00..146147.62 rows=413269 width=4) (actual time=0.616..493.313 rows=424881 loops=1)
Gather  (cost=1000.00..147009.12 rows=421884 width=4) (actual time=0.538..480.547 rows=434439 loops=1)
Seq Scan on area_v_con  (cost=0.00..152138.54 rows=477987 width=4) (actual time=0.456..1140.413 rows=470990 loops=1)
Gather  (cost=1000.00..105967.92 rows=11472 width=3) (actual time=0.619..340.216 rows=8243 loops=1)
Gather  (cost=1000.00..105967.92 rows=11472 width=3) (actual time=0.558..346.163 rows=23173 loops=1)
Gather  (cost=1000.00..109039.52 rows=42188 width=3) (actual time=0.618..348.125 rows=41350 loops=1)
Gather  (cost=1000.00..105967.92 rows=11472 width=3) (actual time=0.614..341.298 rows=8242 loops=1)
Gather  (cost=1000.00..105967.92 rows=11472 width=3) (actual time=0.669..350.019 rows=23047 loops=1)
Gather  (cost=1000.00..105967.92 rows=11472 width=3) (actual time=0.571..348.701 rows=14699 loops=1)
Seq Scan on area_v_con  (cost=0.00..152138.54 rows=490357 width=4) (actual time=0.388..1146.650 rows=495041 loops=1)
Gather  (cost=1000.00..105967.92 rows=11472 width=3) (actual time=0.604..342.890 rows=14709 loops=1)
Seq Scan on area_v_con  (cost=0.00..152138.54 rows=490357 width=4) (actual time=0.387..1125.263 rows=495041 loops=1)
Gather  (cost=1000.00..147009.12 rows=421884 width=4) (actual time=0.621..486.952 rows=434439 loops=1)
Gather  (cost=1000.00..149262.02 rows=444413 width=4) (actual time=0.573..483.470 rows=443206 loops=1)
Gather  (cost=1000.00..148489.02 rows=436683 width=4) (actual time=0.630..480.025 rows=425955 loops=1)
Gather  (cost=1000.00..107228.32 rows=24076 width=3) (actual time=0.662..354.873 rows=23240 loops=1)
Seq Scan on area_v_con  (cost=0.00..152138.54 rows=602344 width=4) (actual time=0.375..1130.672 rows=595837 loops=1)
Gather  (cost=1000.00..105967.92 rows=11472 width=3) (actual time=0.677..348.443 rows=13151 loops=1)
Seq Scan on area_v_con  (cost=0.00..152138.54 rows=477987 width=4) (actual time=0.439..1124.623 rows=470990 loops=1)
Seq Scan on area_v_con  (cost=0.00..152138.54 rows=504714 width=4) (actual time=0.367..1125.109 rows=516862 loops=1)
Seq Scan on area_v_con  (cost=0.00..152138.54 rows=489031 width=4) (actual time=0.450..1122.252 rows=473031 loops=1)
Seq Scan on area_v_con  (cost=0.00..152138.54 rows=477987 width=4) (actual time=0.437..1124.742 rows=470990 loops=1)
Gather  (cost=1000.00..105967.92 rows=11472 width=3) (actual time=0.642..353.969 rows=23240 loops=1)
Gather  (cost=1000.00..105967.92 rows=11472 width=3) (actual time=0.737..347.232 rows=13300 loops=1)
Seq Scan on area_v_con  (cost=0.00..152138.54 rows=489031 width=4) (actual time=0.508..1120.319 rows=473031 loops=1)
Gather  (cost=1000.00..110806.62 rows=59859 width=3) (actual time=0.564..361.475 rows=59423 loops=1)
Gather  (cost=1000.00..105967.92 rows=11472 width=3) (actual time=0.623..345.572 rows=6618 loops=1)
Seq Scan on area_v_con  (cost=0.00..152138.54 rows=477987 width=4) (actual time=0.448..1126.553 rows=470990 loops=1)
Gather  (cost=1000.00..105967.92 rows=11472 width=3) (actual time=0.620..350.049 rows=23173 loops=1)
Seq Scan on area_v_con  (cost=0.00..152138.54 rows=923505 width=4) (actual time=0.373..1145.479 rows=926646 loops=1)
Seq Scan on area_v_con  (cost=0.00..152138.54 rows=489031 width=4) (actual time=0.463..1138.872 rows=473031 loops=1)
Gather  (cost=1000.00..105967.92 rows=11472 width=3) (actual time=0.645..345.498 rows=14875 loops=1)
Gather  (cost=1000.00..108111.82 rows=32911 width=3) (actual time=0.555..363.601 rows=31459 loops=1)
Gather  (cost=1000.00..110409.02 rows=55883 width=3) (actual time=0.564..354.281 rows=59423 loops=1)
Gather  (cost=1000.00..105967.92 rows=11472 width=3) (actual time=0.630..343.979 rows=14875 loops=1)
Gather  (cost=1000.00..105967.92 rows=11472 width=3) (actual time=0.619..340.363 rows=14875 loops=1)
Seq Scan on area_v_con  (cost=0.00..152138.54 rows=1422256 width=4) (actual time=0.389..1175.528 rows=1419652 loops=1)
Gather  (cost=1000.00..149262.02 rows=444413 width=4) (actual time=0.599..493.870 rows=443206 loops=1)
Seq Scan on area_v_con  (cost=0.00..152138.54 rows=602344 width=4) (actual time=0.417..1134.708 rows=595837 loops=1)
Gather  (cost=1000.00..105967.92 rows=11472 width=3) (actual time=0.746..345.756 rows=18152 loops=1)
Gather  (cost=1000.00..107935.12 rows=31144 width=3) (actual time=0.553..344.005 rows=31459 loops=1)
Seq Scan on area_v_con  (cost=0.00..152138.54 rows=477987 width=4) (actual time=0.490..1125.860 rows=470990 loops=1)
Seq Scan on area_v_con  (cost=0.00..152138.54 rows=602344 width=4) (actual time=0.361..1130.510 rows=595837 loops=1)
Gather  (cost=1000.00..107935.12 rows=31144 width=3) (actual time=0.566..356.304 rows=31459 loops=1)
Gather  (cost=1000.00..111248.32 rows=64276 width=3) (actual time=0.569..352.682 rows=59423 loops=1)
Seq Scan on area_v_con  (cost=0.00..152138.54 rows=477987 width=4) (actual time=0.452..1122.216 rows=470990 loops=1)
Seq Scan on area_v_con  (cost=0.00..152138.54 rows=1422256 width=4) (actual time=0.369..1175.611 rows=1419652 loops=1)
Gather  (cost=1000.00..105967.92 rows=11472 width=3) (actual time=0.804..343.832 rows=13307 loops=1)
Gather  (cost=1000.00..105967.92 rows=11472 width=3) (actual time=0.633..346.745 rows=4775 loops=1)
Gather  (cost=1000.00..148489.02 rows=436683 width=4) (actual time=0.632..487.460 rows=425955 loops=1)
Seq Scan on area_v_con  (cost=0.00..152138.54 rows=602344 width=4) (actual time=0.389..1130.233 rows=595837 loops=1)
Gather  (cost=1000.00..149262.02 rows=444413 width=4) (actual time=0.592..484.641 rows=443206 loops=1)
Gather  (cost=1000.00..107935.12 rows=31144 width=3) (actual time=0.562..349.135 rows=31459 loops=1)
Gather  (cost=1000.00..105967.92 rows=11472 width=3) (actual time=0.951..342.046 rows=3312 loops=1)
Seq Scan on area_v_con  (cost=0.00..152138.54 rows=489031 width=4) (actual time=0.477..1125.831 rows=473031 loops=1)
Gather  (cost=1000.00..105967.92 rows=11472 width=3) (actual time=0.772..345.772 rows=6637 loops=1)
Gather  (cost=1000.00..105967.92 rows=11472 width=3) (actual time=0.728..348.888 rows=13300 loops=1)
Gather  (cost=1000.00..110431.12 rows=56104 width=3) (actual time=0.552..359.288 rows=59423 loops=1)
Seq Scan on area_v_con  (cost=0.00..152138.54 rows=1422256 width=4) (actual time=0.371..1178.057 rows=1419652 loops=1)
Gather  (cost=1000.00..105967.92 rows=11472 width=3) (actual time=0.661..343.981 rows=18152 loops=1)
Seq Scan on area_v_con  (cost=0.00..152138.54 rows=489031 width=4) (actual time=0.458..1220.069 rows=473031 loops=1)
Gather  (cost=1000.00..107272.52 rows=24518 width=3) (actual time=0.667..349.289 rows=23240 loops=1)
Gather  (cost=1000.00..107957.22 rows=31365 width=3) (actual time=0.668..356.791 rows=31459 loops=1)
Gather  (cost=1000.00..147009.12 rows=421884 width=4) (actual time=0.641..480.190 rows=434439 loops=1)
Gather  (cost=1000.00..149262.02 rows=444413 width=4) (actual time=0.568..484.049 rows=443206 loops=1)
Seq Scan on area_v_con  (cost=0.00..152138.54 rows=602344 width=4) (actual time=0.373..1137.271 rows=595837 loops=1)
Gather  (cost=1000.00..108951.22 rows=41305 width=3) (actual time=0.599..346.146 rows=41350 loops=1)
Seq Scan on area_v_con  (cost=0.00..152138.54 rows=923505 width=4) (actual time=0.408..1148.832 rows=926646 loops=1)
Seq Scan on area_v_con  (cost=0.00..152138.54 rows=490357 width=4) (actual time=0.390..1126.715 rows=495041 loops=1)
Gather  (cost=1000.00..148489.02 rows=436683 width=4) (actual time=0.652..492.934 rows=425955 loops=1)
Gather  (cost=1000.00..105967.92 rows=11472 width=3) (actual time=0.579..343.008 rows=23173 loops=1)
Gather  (cost=1000.00..105967.92 rows=11472 width=3) (actual time=0.578..348.503 rows=19619 loops=1)
Seq Scan on area_v_con  (cost=0.00..152138.54 rows=602344 width=4) (actual time=0.413..1131.916 rows=595837 loops=1)
Gather  (cost=1000.00..105967.92 rows=11472 width=3) (actual time=0.575..343.012 rows=23173 loops=1)
Seq Scan on area_v_con  (cost=0.00..152138.54 rows=1422256 width=4) (actual time=0.369..1173.845 rows=1419652 loops=1)
Seq Scan on area_v_con  (cost=0.00..152138.54 rows=1422256 width=4) (actual time=0.414..1176.867 rows=1419652 loops=1)
Gather  (cost=1000.00..105967.92 rows=11472 width=3) (actual time=0.637..337.712 rows=6538 loops=1)
Gather  (cost=1000.00..105967.92 rows=11472 width=3) (actual time=0.843..339.633 rows=13300 loops=1)
Gather  (cost=1000.00..105967.92 rows=11472 width=3) (actual time=0.626..348.117 rows=6538 loops=1)
Gather  (cost=1000.00..105967.92 rows=11472 width=3) (actual time=0.612..339.951 rows=14699 loops=1)
Seq Scan on area_v_con  (cost=0.00..152138.54 rows=1422256 width=4) (actual time=0.379..1171.859 rows=1419652 loops=1)
Seq Scan on area_v_con  (cost=0.00..152138.54 rows=477987 width=4) (actual time=0.442..1120.400 rows=470990 loops=1)
Gather  (cost=1000.00..148489.02 rows=436683 width=4) (actual time=0.657..484.562 rows=425955 loops=1)
Seq Scan on area_v_con  (cost=0.00..152138.54 rows=923505 width=4) (actual time=0.434..1144.856 rows=926646 loops=1)
Gather  (cost=1000.00..105967.92 rows=11472 width=3) (actual time=0.583..348.476 rows=4942 loops=1)
Gather  (cost=1000.00..108973.32 rows=41526 width=3) (actual time=0.566..345.701 rows=41350 loops=1)
Gather  (cost=1000.00..105967.92 rows=11472 width=3) (actual time=0.631..341.917 rows=6538 loops=1)
Gather  (cost=1000.00..110276.52 rows=54558 width=3) (actual time=0.547..350.062 rows=59423 loops=1)
Gather  (cost=1000.00..107272.52 rows=24518 width=3) (actual time=0.646..349.867 rows=23240 loops=1)
Gather  (cost=1000.00..147009.12 rows=421884 width=4) (actual time=0.565..486.300 rows=434439 loops=1)
Seq Scan on area_v_con  (cost=0.00..152138.54 rows=1422256 width=4) (actual time=0.397..1175.497 rows=1419652 loops=1)
Gather  (cost=1000.00..105967.92 rows=11472 width=3) (actual time=1.113..338.248 rows=1545 loops=1)
Seq Scan on area_v_con  (cost=0.00..152138.54 rows=1422256 width=4) (actual time=0.369..1171.498 rows=1419652 loops=1)
Seq Scan on area_v_con  (cost=0.00..152138.54 rows=1422256 width=4) (actual time=0.363..1164.244 rows=1419652 loops=1)
Gather  (cost=1000.00..105967.92 rows=11472 width=3) (actual time=0.707..342.524 rows=8242 loops=1)
Gather  (cost=1000.00..110740.32 rows=59196 width=3) (actual time=0.741..362.340 rows=59423 loops=1)
Gather  (cost=1000.00..105967.92 rows=11472 width=3) (actual time=0.561..342.880 rows=23173 loops=1)
Seq Scan on area_v_con  (cost=0.00..152138.54 rows=1422256 width=4) (actual time=0.367..1178.305 rows=1419652 loops=1)
Seq Scan on area_v_con  (cost=0.00..152138.54 rows=1422256 width=4) (actual time=0.360..1171.717 rows=1419652 loops=1)
Seq Scan on area_v_con  (cost=0.00..152138.54 rows=602344 width=4) (actual time=0.405..1128.106 rows=595837 loops=1)
Seq Scan on area_v_con  (cost=0.00..152138.54 rows=923505 width=4) (actual time=0.458..1141.243 rows=926646 loops=1)
Gather  (cost=1000.00..105967.92 rows=11472 width=3) (actual time=0.730..337.535 rows=6538 loops=1)
Gather  (cost=1000.00..105967.92 rows=11472 width=3) (actual time=0.615..346.496 rows=8243 loops=1)
Gather  (cost=1000.00..146147.62 rows=413269 width=4) (actual time=0.603..475.741 rows=424881 loops=1)
Seq Scan on area_v_con  (cost=0.00..152138.54 rows=602344 width=4) (actual time=0.371..1129.541 rows=595837 loops=1)
Gather  (cost=1000.00..149262.02 rows=444413 width=4) (actual time=0.643..489.604 rows=443206 loops=1)
Seq Scan on area_v_con  (cost=0.00..152138.54 rows=1422256 width=4) (actual time=0.379..1169.922 rows=1419652 loops=1)
Gather  (cost=1000.00..146147.62 rows=413269 width=4) (actual time=0.629..484.245 rows=424881 loops=1)
Gather  (cost=1000.00..105967.92 rows=11472 width=3) (actual time=1.283..342.494 rows=4951 loops=1)
Gather  (cost=1000.00..105967.92 rows=11472 width=3) (actual time=0.603..338.928 rows=11597 loops=1)
Gather  (cost=1000.00..105967.92 rows=11472 width=3) (actual time=0.616..347.459 rows=14875 loops=1)
Gather  (cost=1000.00..105967.92 rows=11472 width=3) (actual time=0.626..338.484 rows=8242 loops=1)
Seq Scan on area_v_con  (cost=0.00..152138.54 rows=923505 width=4) (actual time=0.413..1148.465 rows=926646 loops=1)
Gather  (cost=1000.00..104820.82 rows=1 width=4) (actual time=419.447..424.182 rows=0 loops=1)
Seq Scan on area_v_con  (cost=0.00..152138.54 rows=1422256 width=4) (actual time=0.376..1172.834 rows=1419652 loops=1)
Gather  (cost=1000.00..105967.92 rows=11472 width=3) (actual time=0.579..342.834 rows=8059 loops=1)
Gather  (cost=1000.00..147009.12 rows=421884 width=4) (actual time=0.653..482.994 rows=434439 loops=1)
Seq Scan on area_v_con  (cost=0.00..152138.54 rows=477987 width=4) (actual time=0.445..1119.308 rows=470990 loops=1)
Gather  (cost=1000.00..105967.92 rows=11472 width=3) (actual time=0.652..341.864 rows=8243 loops=1)
Gather  (cost=1000.00..107758.42 rows=29377 width=3) (actual time=0.661..343.768 rows=31459 loops=1)
Seq Scan on area_v_con  (cost=0.00..152138.54 rows=923505 width=4) (actual time=0.371..1149.439 rows=926646 loops=1)
Gather  (cost=1000.00..111071.62 rows=62509 width=3) (actual time=0.577..363.004 rows=59423 loops=1)
Gather  (cost=1000.00..105967.92 rows=11472 width=3) (actual time=0.671..338.719 rows=9703 loops=1)
Seq Scan on area_v_con  (cost=0.00..152138.54 rows=602344 width=4) (actual time=0.371..1123.915 rows=595837 loops=1)
Gather  (cost=1000.00..105967.92 rows=11472 width=3) (actual time=0.597..346.762 rows=14709 loops=1)
Gather  (cost=1000.00..108951.22 rows=41305 width=3) (actual time=0.576..356.480 rows=41350 loops=1)
Gather  (cost=1000.00..105967.92 rows=11472 width=3) (actual time=0.739..343.451 rows=1570 loops=1)
Seq Scan on area_v_con  (cost=0.00..152138.54 rows=923505 width=4) (actual time=0.429..1149.586 rows=926646 loops=1)
Gather  (cost=1000.00..148489.02 rows=436683 width=4) (actual time=0.639..483.659 rows=425955 loops=1)
Gather  (cost=1000.00..105967.92 rows=11472 width=3) (actual time=0.631..345.782 rows=18152 loops=1)
Seq Scan on area_v_con  (cost=0.00..152138.54 rows=489031 width=4) (actual time=0.462..1128.243 rows=473031 loops=1)
Gather  (cost=1000.00..105967.92 rows=11472 width=3) (actual time=0.764..340.558 rows=1681 loops=1)
Seq Scan on area_v_con  (cost=0.00..152138.54 rows=1422256 width=4) (actual time=0.420..1179.547 rows=1419652 loops=1)
Gather  (cost=1000.00..107824.72 rows=30040 width=3) (actual time=0.582..344.430 rows=31459 loops=1)
Seq Scan on area_v_con  (cost=0.00..152138.54 rows=477987 width=4) (actual time=0.450..1125.053 rows=470990 loops=1)
Gather  (cost=1000.00..105967.92 rows=11472 width=3) (actual time=0.575..341.236 rows=8059 loops=1)
Seq Scan on area_v_con  (cost=0.00..152138.54 rows=602344 width=4) (actual time=0.446..1124.806 rows=595837 loops=1)
Gather  (cost=1000.00..148489.02 rows=436683 width=4) (actual time=0.695..480.690 rows=425955 loops=1)
Seq Scan on area_v_con  (cost=0.00..152138.54 rows=602344 width=4) (actual time=0.375..1125.762 rows=595837 loops=1)
Gather  (cost=1000.00..105967.92 rows=11472 width=3) (actual time=1.867..337.664 rows=1675 loops=1)
Gather  (cost=1000.00..107228.32 rows=24076 width=3) (actual time=0.697..343.772 rows=23047 loops=1)
Gather  (cost=1000.00..148489.02 rows=436683 width=4) (actual time=0.633..1834.307 rows=425955 loops=1)
Gather  (cost=1000.00..105967.92 rows=11472 width=3) (actual time=1.158..341.245 rows=4864 loops=1)
Gather  (cost=1000.00..105967.92 rows=11472 width=3) (actual time=0.731..341.037 rows=13300 loops=1)
Seq Scan on area_v_con  (cost=0.00..152138.54 rows=923505 width=4) (actual time=0.394..1149.226 rows=926646 loops=1)
Seq Scan on area_v_con  (cost=0.00..152138.54 rows=1422256 width=4) (actual time=0.375..1172.298 rows=1419652 loops=1)
Gather  (cost=1000.00..108332.72 rows=35120 width=3) (actual time=0.578..821.113 rows=31459 loops=1)
Seq Scan on area_v_con  (cost=0.00..152138.54 rows=1422256 width=4) (actual time=0.366..1177.386 rows=1419652 loops=1)
Gather  (cost=1000.00..105967.92 rows=11472 width=3) (actual time=0.647..359.966 rows=11597 loops=1)
Seq Scan on area_v_con  (cost=0.00..152138.54 rows=489031 width=4) (actual time=0.521..1122.916 rows=473031 loops=1)
Gather  (cost=1000.00..110276.52 rows=54558 width=3) (actual time=0.627..353.357 rows=59423 loops=1)
Gather  (cost=1000.00..105967.92 rows=11472 width=3) (actual time=0.644..338.473 rows=6626 loops=1)
Seq Scan on area_v_con  (cost=0.00..152138.54 rows=490357 width=4) (actual time=0.393..1125.286 rows=495041 loops=1)
Gather  (cost=1000.00..105967.92 rows=11472 width=3) (actual time=0.687..342.396 rows=6538 loops=1)
Seq Scan on area_v_con  (cost=0.00..152138.54 rows=504714 width=4) (actual time=0.400..1122.623 rows=516862 loops=1)
Seq Scan on area_v_con  (cost=0.00..152138.54 rows=1422256 width=4) (actual time=0.374..1172.499 rows=1419652 loops=1)
Gather  (cost=1000.00..105967.92 rows=11472 width=3) (actual time=0.637..342.205 rows=18152 loops=1)
Gather  (cost=1000.00..105967.92 rows=11472 width=3) (actual time=0.677..341.824 rows=4958 loops=1)
Seq Scan on area_v_con  (cost=0.00..152138.54 rows=602344 width=4) (actual time=0.400..1126.784 rows=595837 loops=1)
Gather  (cost=1000.00..105967.92 rows=11472 width=3) (actual time=0.635..380.897 rows=19619 loops=1)
Seq Scan on area_v_con  (cost=0.00..152138.54 rows=602344 width=4) (actual time=0.434..1134.506 rows=595837 loops=1)
Seq Scan on area_v_con  (cost=0.00..152138.54 rows=504714 width=4) (actual time=0.355..1122.512 rows=516862 loops=1)
Gather  (cost=1000.00..107935.12 rows=31144 width=3) (actual time=0.716..353.298 rows=31459 loops=1)
Gather  (cost=1000.00..105967.92 rows=11472 width=3) (actual time=0.735..340.989 rows=13300 loops=1)
Gather  (cost=1000.00..105967.92 rows=11472 width=3) (actual time=0.692..344.930 rows=6527 loops=1)
Gather  (cost=1000.00..105967.92 rows=11472 width=3) (actual time=0.981..347.601 rows=6518 loops=1)
Seq Scan on area_v_con  (cost=0.00..152138.54 rows=1422256 width=4) (actual time=0.382..1176.570 rows=1419652 loops=1)
Seq Scan on area_v_con  (cost=0.00..152138.54 rows=1422256 width=4) (actual time=0.368..1170.573 rows=1419652 loops=1)
Gather  (cost=1000.00..146147.62 rows=413269 width=4) (actual time=0.643..478.960 rows=424881 loops=1)
Gather  (cost=1000.00..105967.92 rows=11472 width=3) (actual time=0.572..347.794 rows=19619 loops=1)
Gather  (cost=1000.00..105967.92 rows=11472 width=3) (actual time=0.627..351.963 rows=4775 loops=1)
Gather  (cost=1000.00..105967.92 rows=11472 width=3) (actual time=0.860..352.259 rows=1561 loops=1)
Seq Scan on area_v_con  (cost=0.00..152138.54 rows=477987 width=4) (actual time=0.485..1126.975 rows=470990 loops=1)
Gather  (cost=1000.00..105967.92 rows=11472 width=3) (actual time=0.603..344.903 rows=8243 loops=1)
Seq Scan on area_v_con  (cost=0.00..152138.54 rows=923505 width=4) (actual time=0.376..1146.734 rows=926646 loops=1)
Gather  (cost=1000.00..108973.32 rows=41526 width=3) (actual time=0.594..363.637 rows=41350 loops=1)
Gather  (cost=1000.00..148489.02 rows=436683 width=4) (actual time=0.622..487.749 rows=425955 loops=1)
Gather  (cost=1000.00..110409.02 rows=55883 width=3) (actual time=0.549..354.126 rows=59423 loops=1)
Seq Scan on area_v_con  (cost=0.00..152138.54 rows=923505 width=4) (actual time=0.368..1145.838 rows=926646 loops=1)
Seq Scan on area_v_con  (cost=0.00..152138.54 rows=1422256 width=4) (actual time=0.400..1174.054 rows=1419652 loops=1)
Gather  (cost=1000.00..105967.92 rows=11472 width=3) (actual time=0.743..341.037 rows=1617 loops=1)
Seq Scan on area_v_con  (cost=0.00..152138.54 rows=504714 width=4) (actual time=0.366..1130.816 rows=516862 loops=1)
Gather  (cost=1000.00..147009.12 rows=421884 width=4) (actual time=0.680..489.802 rows=434439 loops=1)
Seq Scan on area_v_con  (cost=0.00..152138.54 rows=490357 width=4) (actual time=0.389..1122.868 rows=495041 loops=1)
Seq Scan on area_v_con  (cost=0.00..152138.54 rows=923505 width=4) (actual time=0.371..1148.481 rows=926646 loops=1)
Gather  (cost=1000.00..105967.92 rows=11472 width=3) (actual time=0.703..358.000 rows=23240 loops=1)
Gather  (cost=1000.00..110939.12 rows=61184 width=3) (actual time=0.559..361.520 rows=59423 loops=1)
Gather  (cost=1000.00..107692.22 rows=28715 width=3) (actual time=0.555..343.503 rows=31459 loops=1)
Gather  (cost=1000.00..105967.92 rows=11472 width=3) (actual time=0.582..340.193 rows=14709 loops=1)
Gather  (cost=1000.00..107272.52 rows=24518 width=3) (actual time=0.634..350.965 rows=23240 loops=1)
Seq Scan on area_v_con  (cost=0.00..152138.54 rows=490357 width=4) (actual time=0.391..1126.543 rows=495041 loops=1)
Gather  (cost=1000.00..111182.12 rows=63614 width=3) (actual time=0.756..364.880 rows=59423 loops=1)
Seq Scan on area_v_con  (cost=0.00..152138.54 rows=489031 width=4) (actual time=0.463..1115.967 rows=473031 loops=1)
Seq Scan on area_v_con  (cost=0.00..152138.54 rows=602344 width=4) (actual time=0.363..1128.908 rows=595837 loops=1)
Seq Scan on area_v_con  (cost=0.00..152138.54 rows=923505 width=4) (actual time=0.370..1151.510 rows=926646 loops=1)
Seq Scan on area_v_con  (cost=0.00..152138.54 rows=504714 width=4) (actual time=0.364..1124.693 rows=516862 loops=1)
Gather  (cost=1000.00..105967.92 rows=11472 width=3) (actual time=0.790..341.662 rows=18152 loops=1)
Gather  (cost=1000.00..105967.92 rows=11472 width=3) (actual time=0.728..337.953 rows=6618 loops=1)
Seq Scan on area_v_con  (cost=0.00..152138.54 rows=504714 width=4) (actual time=0.359..1137.207 rows=516862 loops=1)
Gather  (cost=1000.00..146147.62 rows=413269 width=4) (actual time=0.623..478.110 rows=424881 loops=1)
Gather  (cost=1000.00..148489.02 rows=436683 width=4) (actual time=0.619..487.135 rows=425955 loops=1)
Gather  (cost=1000.00..148489.02 rows=436683 width=4) (actual time=0.645..481.022 rows=425955 loops=1)
Gather  (cost=1000.00..105967.92 rows=11472 width=3) (actual time=0.660..342.490 rows=4958 loops=1)
Gather  (cost=1000.00..105967.92 rows=11472 width=3) (actual time=0.632..338.221 rows=4775 loops=1)
Seq Scan on area_v_con  (cost=0.00..152138.54 rows=504714 width=4) (actual time=0.370..1122.723 rows=516862 loops=1)
Gather  (cost=1000.00..105967.92 rows=11472 width=3) (actual time=0.620..339.885 rows=14709 loops=1)
Gather  (cost=1000.00..107228.32 rows=24076 width=3) (actual time=0.670..363.793 rows=23047 loops=1)
Gather  (cost=1000.00..105967.92 rows=11472 width=3) (actual time=0.575..352.440 rows=6613 loops=1)
Gather  (cost=1000.00..109216.22 rows=43955 width=3) (actual time=0.568..346.568 rows=41350 loops=1)
Gather  (cost=1000.00..105967.92 rows=11472 width=3) (actual time=0.690..346.829 rows=6626 loops=1)
Seq Scan on area_v_con  (cost=0.00..152138.54 rows=602344 width=4) (actual time=0.386..1138.365 rows=595837 loops=1)
Gather  (cost=1000.00..146147.62 rows=413269 width=4) (actual time=0.618..490.864 rows=424881 loops=1)
Gather  (cost=1000.00..105967.92 rows=11472 width=3) (actual time=0.568..342.767 rows=19619 loops=1)
Gather  (cost=1000.00..146147.62 rows=413269 width=4) (actual time=0.597..483.049 rows=424881 loops=1)
Gather  (cost=1000.00..105967.92 rows=11472 width=3) (actual time=1.005..345.363 rows=4864 loops=1)
Seq Scan on area_v_con  (cost=0.00..152138.54 rows=602344 width=4) (actual time=0.378..1133.968 rows=595837 loops=1)
Seq Scan on area_v_con  (cost=0.00..152138.54 rows=1422256 width=4) (actual time=0.353..1175.123 rows=1419652 loops=1)
Seq Scan on area_v_con  (cost=0.00..152138.54 rows=489031 width=4) (actual time=0.458..1118.055 rows=473031 loops=1)
Seq Scan on area_v_con  (cost=0.00..152138.54 rows=1422256 width=4) (actual time=0.032..1170.773 rows=1419652 loops=1)
Gather  (cost=1000.00..108796.62 rows=39759 width=3) (actual time=0.234..352.407 rows=41350 loops=1)
Gather  (cost=1000.00..105967.92 rows=11472 width=3) (actual time=0.217..341.449 rows=8059 loops=1)
Gather  (cost=1000.00..105967.92 rows=11472 width=3) (actual time=0.360..355.043 rows=13307 loops=1)
Seq Scan on area_v_con  (cost=0.00..152138.54 rows=504714 width=4) (actual time=0.373..1128.505 rows=516862 loops=1)
Seq Scan on area_v_con  (cost=0.00..152138.54 rows=1422256 width=4) (actual time=0.364..1166.707 rows=1419652 loops=1)
Gather  (cost=1000.00..148489.02 rows=436683 width=4) (actual time=0.703..482.966 rows=425955 loops=1)
Gather  (cost=1000.00..105967.92 rows=11472 width=3) (actual time=0.555..341.799 rows=23173 loops=1)
Gather  (cost=1000.00..105967.92 rows=11472 width=3) (actual time=0.681..348.262 rows=13307 loops=1)
Gather  (cost=1000.00..146147.62 rows=413269 width=4) (actual time=0.608..488.366 rows=424881 loops=1)
Seq Scan on area_v_con  (cost=0.00..152138.54 rows=923505 width=4) (actual time=0.394..1152.565 rows=926646 loops=1)
Gather  (cost=1000.00..105967.92 rows=11472 width=3) (actual time=1.111..339.241 rows=6518 loops=1)
Gather  (cost=1000.00..105967.92 rows=11472 width=3) (actual time=0.588..348.584 rows=9970 loops=1)
Gather  (cost=1000.00..110497.42 rows=56767 width=3) (actual time=0.557..356.289 rows=59423 loops=1)
Gather  (cost=1000.00..105967.92 rows=11472 width=3) (actual time=0.679..354.919 rows=13307 loops=1)
Gather  (cost=1000.00..147009.12 rows=421884 width=4) (actual time=0.555..486.328 rows=434439 loops=1)
Gather  (cost=1000.00..105967.92 rows=11472 width=3) (actual time=0.549..355.081 rows=8059 loops=1)
Seq Scan on area_v_con  (cost=0.00..152138.54 rows=504714 width=4) (actual time=0.358..1127.326 rows=516862 loops=1)
Seq Scan on area_v_con  (cost=0.00..152138.54 rows=504714 width=4) (actual time=0.374..1126.110 rows=516862 loops=1)
Gather  (cost=1000.00..147009.12 rows=421884 width=4) (actual time=0.595..486.970 rows=434439 loops=1)
Gather  (cost=1000.00..148489.02 rows=436683 width=4) (actual time=0.753..491.074 rows=425955 loops=1)
Gather  (cost=1000.00..105967.92 rows=11472 width=3) (actual time=0.819..343.751 rows=9962 loops=1)
Gather  (cost=1000.00..105967.92 rows=11472 width=3) (actual time=0.647..352.572 rows=4920 loops=1)
Gather  (cost=1000.00..148489.02 rows=436683 width=4) (actual time=0.637..482.303 rows=425955 loops=1)
Seq Scan on area_v_con  (cost=0.00..152138.54 rows=489031 width=4) (actual time=0.470..1120.705 rows=473031 loops=1)
Seq Scan on area_v_con  (cost=0.00..152138.54 rows=923505 width=4) (actual time=0.360..1144.843 rows=926646 loops=1)
Gather  (cost=1000.00..105967.92 rows=11472 width=3) (actual time=0.616..344.508 rows=11597 loops=1)
Gather  (cost=1000.00..110409.02 rows=55883 width=3) (actual time=0.555..350.194 rows=59423 loops=1)
Gather  (cost=1000.00..105967.92 rows=11472 width=3) (actual time=0.586..346.813 rows=14709 loops=1)
Gather  (cost=1000.00..107625.92 rows=28052 width=3) (actual time=0.560..362.123 rows=31459 loops=1)
Gather  (cost=1000.00..107250.42 rows=24297 width=3) (actual time=0.571..342.517 rows=23173 loops=1)
Gather  (cost=1000.00..147009.12 rows=421884 width=4) (actual time=0.554..477.221 rows=434439 loops=1)
Gather  (cost=1000.00..107206.22 rows=23855 width=3) (actual time=0.646..350.689 rows=23240 loops=1)
Seq Scan on area_v_con  (cost=0.00..152138.54 rows=1422256 width=4) (actual time=0.371..1177.846 rows=1419652 loops=1)
Gather  (cost=1000.00..105967.92 rows=11472 width=3) (actual time=0.582..348.332 rows=14699 loops=1)
Gather  (cost=1000.00..146147.62 rows=413269 width=4) (actual time=0.598..501.332 rows=424881 loops=1)
Seq Scan on area_v_con  (cost=0.00..152138.54 rows=477987 width=4) (actual time=0.447..1128.493 rows=470990 loops=1)
Seq Scan on area_v_con  (cost=0.00..152138.54 rows=489031 width=4) (actual time=0.457..1120.373 rows=473031 loops=1)
Gather  (cost=1000.00..107228.32 rows=24076 width=3) (actual time=0.687..345.619 rows=23047 loops=1)
Gather  (cost=1000.00..149262.02 rows=444413 width=4) (actual time=0.600..479.333 rows=443206 loops=1)
Gather  (cost=1000.00..105967.92 rows=11472 width=3) (actual time=1.114..337.617 rows=1677 loops=1)
Gather  (cost=1000.00..108973.32 rows=41526 width=3) (actual time=0.567..354.048 rows=41350 loops=1)
Seq Scan on area_v_con  (cost=0.00..152138.54 rows=490357 width=4) (actual time=0.388..1128.163 rows=495041 loops=1)
Gather  (cost=1000.00..146147.62 rows=413269 width=4) (actual time=0.616..482.997 rows=424881 loops=1)
Seq Scan on area_v_con  (cost=0.00..152138.54 rows=490357 width=4) (actual time=0.388..1136.309 rows=495041 loops=1)
Gather  (cost=1000.00..105967.92 rows=11472 width=3) (actual time=0.535..340.288 rows=14699 loops=1)
Gather  (cost=1000.00..107736.32 rows=29156 width=3) (actual time=0.566..343.997 rows=31459 loops=1)
Gather  (cost=1000.00..105967.92 rows=11472 width=3) (actual time=0.611..348.349 rows=18152 loops=1)
Seq Scan on area_v_con  (cost=0.00..152138.54 rows=1422256 width=4) (actual time=0.379..1170.119 rows=1419652 loops=1)
Seq Scan on area_v_con  (cost=0.00..152138.54 rows=1422256 width=4) (actual time=0.368..1174.851 rows=1419652 loops=1)
Gather  (cost=1000.00..105967.92 rows=11472 width=3) (actual time=0.751..341.028 rows=14875 loops=1)
Gather  (cost=1000.00..111182.12 rows=63614 width=3) (actual time=0.550..350.660 rows=59423 loops=1)
Gather  (cost=1000.00..105967.92 rows=11472 width=3) (actual time=0.725..340.041 rows=1681 loops=1)
Gather  (cost=1000.00..146147.62 rows=413269 width=4) (actual time=0.600..477.616 rows=424881 loops=1)
Seq Scan on area_v_con  (cost=0.00..152138.54 rows=504714 width=4) (actual time=0.364..1120.081 rows=516862 loops=1)
Gather  (cost=1000.00..107935.12 rows=31144 width=3) (actual time=0.572..343.323 rows=31459 loops=1)
Seq Scan on area_v_con  (cost=0.00..152138.54 rows=504714 width=4) (actual time=0.370..1121.285 rows=516862 loops=1)
Gather  (cost=1000.00..149262.02 rows=444413 width=4) (actual time=0.620..479.633 rows=443206 loops=1)
Gather  (cost=1000.00..148489.02 rows=436683 width=4) (actual time=0.629..481.226 rows=425955 loops=1)
Gather  (cost=1000.00..109591.72 rows=47710 width=3) (actual time=0.575..346.042 rows=41350 loops=1)
Gather  (cost=1000.00..105967.92 rows=11472 width=3) (actual time=0.864..347.829 rows=9962 loops=1)
Gather  (cost=1000.00..105967.92 rows=11472 width=3) (actual time=0.617..345.570 rows=1656 loops=1)
Seq Scan on area_v_con  (cost=0.00..152138.54 rows=490357 width=4) (actual time=0.391..1122.489 rows=495041 loops=1)
Gather  (cost=1000.00..105967.92 rows=11472 width=3) (actual time=0.815..345.190 rows=6527 loops=1)
Gather  (cost=1000.00..108178.12 rows=33574 width=3) (actual time=0.562..346.489 rows=31459 loops=1)
Seq Scan on area_v_con  (cost=0.00..152138.54 rows=1422256 width=4) (actual time=0.373..1178.508 rows=1419652 loops=1)
Gather  (cost=1000.00..107692.22 rows=28715 width=3) (actual time=0.589..346.563 rows=31459 loops=1)
Seq Scan on area_v_con  (cost=0.00..152138.54 rows=504714 width=4) (actual time=0.366..1126.327 rows=516862 loops=1)
Gather  (cost=1000.00..149262.02 rows=444413 width=4) (actual time=0.606..482.265 rows=443206 loops=1)
Seq Scan on area_v_con  (cost=0.00..152138.54 rows=489031 width=4) (actual time=0.542..1125.022 rows=473031 loops=1)
Seq Scan on area_v_con  (cost=0.00..152138.54 rows=923505 width=4) (actual time=0.359..1149.059 rows=926646 loops=1)
Seq Scan on area_v_con  (cost=0.00..152138.54 rows=1422256 width=4) (actual time=0.367..1175.219 rows=1419652 loops=1)
Gather  (cost=1000.00..105967.92 rows=11472 width=3) (actual time=0.686..342.474 rows=14875 loops=1)
Gather  (cost=1000.00..109216.22 rows=43955 width=3) (actual time=0.567..346.576 rows=41350 loops=1)
Gather  (cost=1000.00..110386.92 rows=55662 width=3) (actual time=0.551..354.122 rows=59423 loops=1)
Gather  (cost=1000.00..110607.82 rows=57871 width=3) (actual time=0.553..362.466 rows=59423 loops=1)
Seq Scan on area_v_con  (cost=0.00..152138.54 rows=923505 width=4) (actual time=0.375..1149.354 rows=926646 loops=1)
Gather  (cost=1000.00..105967.92 rows=11472 width=3) (actual time=0.590..345.323 rows=23173 loops=1)
Gather  (cost=1000.00..105967.92 rows=11472 width=3) (actual time=0.590..348.817 rows=14709 loops=1)
Seq Scan on area_v_con  (cost=0.00..152138.54 rows=1422256 width=4) (actual time=0.377..1168.895 rows=1419652 loops=1)
Seq Scan on area_v_con  (cost=0.00..152138.54 rows=477987 width=4) (actual time=0.439..1116.986 rows=470990 loops=1)
Seq Scan on area_v_con  (cost=0.00..152138.54 rows=489031 width=4) (actual time=0.490..1122.220 rows=473031 loops=1)
Seq Scan on area_v_con  (cost=0.00..152138.54 rows=602344 width=4) (actual time=0.370..1128.051 rows=595837 loops=1)
Seq Scan on area_v_con  (cost=0.00..152138.54 rows=490357 width=4) (actual time=0.385..1117.764 rows=495041 loops=1)
Gather  (cost=1000.00..148489.02 rows=436683 width=4) (actual time=0.536..478.020 rows=425955 loops=1)
Gather  (cost=1000.00..105967.92 rows=11472 width=3) (actual time=0.732..343.202 rows=8192 loops=1)
Gather  (cost=1000.00..105967.92 rows=11472 width=3) (actual time=0.591..340.832 rows=8243 loops=1)
Gather  (cost=1000.00..105967.92 rows=11472 width=3) (actual time=0.628..345.850 rows=4775 loops=1)
Gather  (cost=1000.00..108752.42 rows=39317 width=3) (actual time=0.568..350.993 rows=41350 loops=1)
Gather  (cost=1000.00..105967.92 rows=11472 width=3) (actual time=0.655..338.996 rows=13151 loops=1)
Gather  (cost=1000.00..147009.12 rows=421884 width=4) (actual time=0.551..486.581 rows=434439 loops=1)
Seq Scan on area_v_con  (cost=0.00..152138.54 rows=602344 width=4) (actual time=0.362..1129.483 rows=595837 loops=1)
Gather  (cost=1000.00..105967.92 rows=11472 width=3) (actual time=0.709..351.419 rows=6618 loops=1)
Seq Scan on area_v_con  (cost=0.00..152138.54 rows=923505 width=4) (actual time=0.363..1143.554 rows=926646 loops=1)
Gather  (cost=1000.00..105967.92 rows=11472 width=3) (actual time=0.634..356.722 rows=6613 loops=1)
Gather  (cost=1000.00..105967.92 rows=11472 width=3) (actual time=0.565..355.493 rows=23173 loops=1)
Gather  (cost=1000.00..107758.42 rows=29377 width=3) (actual time=0.577..343.865 rows=31459 loops=1)
Seq Scan on area_v_con  (cost=0.00..152138.54 rows=1422256 width=4) (actual time=0.371..1174.356 rows=1419652 loops=1)
Seq Scan on area_v_con  (cost=0.00..152138.54 rows=1422256 width=4) (actual time=0.403..1165.072 rows=1419652 loops=1)
Seq Scan on area_v_con  (cost=0.00..152138.54 rows=1422256 width=4) (actual time=0.371..1165.016 rows=1419652 loops=1)
Seq Scan on area_v_con  (cost=0.00..152138.54 rows=1422256 width=4) (actual time=0.384..1168.592 rows=1419652 loops=1)
Gather  (cost=1000.00..105967.92 rows=11472 width=3) (actual time=0.979..338.688 rows=6518 loops=1)
Gather  (cost=1000.00..107692.22 rows=28715 width=3) (actual time=0.562..351.398 rows=31459 loops=1)
Gather  (cost=1000.00..105967.92 rows=11472 width=3) (actual time=0.638..345.561 rows=14875 loops=1)
Gather  (cost=1000.00..107758.42 rows=29377 width=3) (actual time=0.554..344.462 rows=31459 loops=1)
Gather  (cost=1000.00..105967.92 rows=11472 width=3) (actual time=0.978..336.550 rows=1676 loops=1)
Seq Scan on area_v_con  (cost=0.00..152138.54 rows=923505 width=4) (actual time=0.384..1148.462 rows=926646 loops=1)
Seq Scan on area_v_con  (cost=0.00..152138.54 rows=923505 width=4) (actual time=0.371..1153.334 rows=926646 loops=1)
Seq Scan on area_v_con  (cost=0.00..152138.54 rows=602344 width=4) (actual time=0.369..1129.529 rows=595837 loops=1)
Gather  (cost=1000.00..149262.02 rows=444413 width=4) (actual time=0.518..488.259 rows=443206 loops=1)
Seq Scan on area_v_con  (cost=0.00..152138.54 rows=1422256 width=4) (actual time=0.371..1181.104 rows=1419652 loops=1)
Seq Scan on area_v_con  (cost=0.00..152138.54 rows=489031 width=4) (actual time=0.183..1123.270 rows=473031 loops=1)
Gather  (cost=1000.00..107272.52 rows=24518 width=3) (actual time=0.786..344.757 rows=23047 loops=1)
Gather  (cost=1000.00..109370.92 rows=45502 width=3) (actual time=0.588..346.416 rows=41350 loops=1)
Gather  (cost=1000.00..108111.82 rows=32911 width=3) (actual time=0.292..347.882 rows=31459 loops=1)
Seq Scan on area_v_con  (cost=0.00..152138.54 rows=923505 width=4) (actual time=0.105..1148.084 rows=926646 loops=1)
Gather  (cost=1000.00..109591.72 rows=47710 width=3) (actual time=0.695..353.770 rows=41350 loops=1)
Seq Scan on area_v_con  (cost=0.00..152138.54 rows=923505 width=4) (actual time=0.388..1160.014 rows=926646 loops=1)
Seq Scan on area_v_con  (cost=0.00..152138.54 rows=490357 width=4) (actual time=0.380..1122.504 rows=495041 loops=1)
Gather  (cost=1000.00..147009.12 rows=421884 width=4) (actual time=0.658..486.053 rows=434439 loops=1)
Gather  (cost=1000.00..105967.92 rows=11472 width=3) (actual time=0.594..350.581 rows=9970 loops=1)
Gather  (cost=1000.00..111182.12 rows=63614 width=3) (actual time=0.574..360.341 rows=59423 loops=1)
Gather  (cost=1000.00..105967.92 rows=11472 width=3) (actual time=0.677..348.541 rows=6626 loops=1)
Gather  (cost=1000.00..105967.92 rows=11472 width=3) (actual time=0.678..342.143 rows=23240 loops=1)
Gather  (cost=1000.00..105967.92 rows=11472 width=3) (actual time=0.576..344.624 rows=14699 loops=1)
Gather  (cost=1000.00..105967.92 rows=11472 width=3) (actual time=0.840..353.294 rows=9962 loops=1)
Seq Scan on area_v_con  (cost=0.00..152138.54 rows=477987 width=4) (actual time=0.447..1120.836 rows=470990 loops=1)
Seq Scan on area_v_con  (cost=0.00..152138.54 rows=504714 width=4) (actual time=0.419..1130.507 rows=516862 loops=1)
Seq Scan on area_v_con  (cost=0.00..152138.54 rows=504714 width=4) (actual time=0.363..1130.536 rows=516862 loops=1)
Seq Scan on area_v_con  (cost=0.00..152138.54 rows=490357 width=4) (actual time=0.381..1124.100 rows=495041 loops=1)
Seq Scan on area_v_con  (cost=0.00..152138.54 rows=923505 width=4) (actual time=0.367..1149.622 rows=926646 loops=1)
Gather  (cost=1000.00..107228.32 rows=24076 width=3) (actual time=0.718..350.261 rows=23047 loops=1)
Gather  (cost=1000.00..105967.92 rows=11472 width=3) (actual time=0.658..337.997 rows=6626 loops=1)
Gather  (cost=1000.00..109304.62 rows=44839 width=3) (actual time=0.562..351.395 rows=41350 loops=1)
Gather  (cost=1000.00..146147.62 rows=413269 width=4) (actual time=0.587..481.965 rows=424881 loops=1)
Seq Scan on area_v_con  (cost=0.00..152138.54 rows=489031 width=4) (actual time=0.465..1128.322 rows=473031 loops=1)
Gather  (cost=1000.00..108730.32 rows=39096 width=3) (actual time=0.596..346.079 rows=41350 loops=1)
Gather  (cost=1000.00..105967.92 rows=11472 width=3) (actual time=0.732..342.804 rows=6637 loops=1)
Seq Scan on area_v_con  (cost=0.00..152138.54 rows=1422256 width=4) (actual time=0.373..1171.878 rows=1419652 loops=1)
Seq Scan on area_v_con  (cost=0.00..152138.54 rows=602344 width=4) (actual time=0.365..1124.229 rows=595837 loops=1)
Gather  (cost=1000.00..105967.92 rows=11472 width=3) (actual time=0.668..345.586 rows=14699 loops=1)
Seq Scan on area_v_con  (cost=0.00..152138.54 rows=490357 width=4) (actual time=0.385..1120.584 rows=495041 loops=1)
Gather  (cost=1000.00..105967.92 rows=11472 width=3) (actual time=0.658..348.150 rows=14709 loops=1)
Seq Scan on area_v_con  (cost=0.00..152138.54 rows=504714 width=4) (actual time=0.458..1124.764 rows=516862 loops=1)
Seq Scan on area_v_con  (cost=0.00..152138.54 rows=1422256 width=4) (actual time=0.368..1167.624 rows=1419652 loops=1)
Gather  (cost=1000.00..110806.62 rows=59859 width=3) (actual time=0.576..350.242 rows=59423 loops=1)
Gather  (cost=1000.00..105967.92 rows=11472 width=3) (actual time=0.587..349.231 rows=9970 loops=1)
Gather  (cost=1000.00..105967.92 rows=11472 width=3) (actual time=0.557..341.747 rows=23173 loops=1)
Gather  (cost=1000.00..105967.92 rows=11472 width=3) (actual time=0.672..342.366 rows=13307 loops=1)
Gather  (cost=1000.00..105967.92 rows=11472 width=3) (actual time=0.629..339.695 rows=14875 loops=1)
Seq Scan on area_v_con  (cost=0.00..152138.54 rows=477987 width=4) (actual time=0.443..1127.011 rows=470990 loops=1)
Seq Scan on area_v_con  (cost=0.00..152138.54 rows=1422256 width=4) (actual time=0.376..1174.764 rows=1419652 loops=1)
Gather  (cost=1000.00..105967.92 rows=11472 width=3) (actual time=0.658..347.232 rows=23240 loops=1)
Seq Scan on area_v_con  (cost=0.00..152138.54 rows=1422256 width=4) (actual time=0.370..1175.218 rows=1419652 loops=1)
Seq Scan on area_v_con  (cost=0.00..152138.54 rows=923505 width=4) (actual time=0.365..1142.137 rows=926646 loops=1)
Gather  (cost=1000.00..108973.32 rows=41526 width=3) (actual time=0.678..346.508 rows=41350 loops=1)
Seq Scan on area_v_con  (cost=0.00..152138.54 rows=504714 width=4) (actual time=0.354..1125.987 rows=516862 loops=1)
Seq Scan on area_v_con  (cost=0.00..152138.54 rows=1422256 width=4) (actual time=0.360..1171.115 rows=1419652 loops=1)
Gather  (cost=1000.00..105967.92 rows=11472 width=3) (actual time=0.784..338.520 rows=8242 loops=1)
Gather  (cost=1000.00..105967.92 rows=11472 width=3) (actual time=0.673..342.817 rows=13307 loops=1)
Gather  (cost=1000.00..146147.62 rows=413269 width=4) (actual time=0.599..483.250 rows=424881 loops=1)
Seq Scan on area_v_con  (cost=0.00..152138.54 rows=504714 width=4) (actual time=0.378..1118.616 rows=516862 loops=1)
Gather  (cost=1000.00..146147.62 rows=413269 width=4) (actual time=0.621..493.835 rows=424881 loops=1)
Seq Scan on area_v_con  (cost=0.00..152138.54 rows=602344 width=4) (actual time=0.378..1126.503 rows=595837 loops=1)
Seq Scan on area_v_con  (cost=0.00..152138.54 rows=504714 width=4) (actual time=0.356..1123.462 rows=516862 loops=1)
Gather  (cost=1000.00..110917.02 rows=60963 width=3) (actual time=0.586..353.347 rows=59423 loops=1)
Gather  (cost=1000.00..110961.22 rows=61405 width=3) (actual time=0.554..356.904 rows=59423 loops=1)
Gather  (cost=1000.00..105967.92 rows=11472 width=3) (actual time=0.556..350.550 rows=23173 loops=1)
Seq Scan on area_v_con  (cost=0.00..152138.54 rows=490357 width=4) (actual time=0.388..1124.187 rows=495041 loops=1)
Gather  (cost=1000.00..109216.22 rows=43955 width=3) (actual time=0.628..352.072 rows=41350 loops=1)
Gather  (cost=1000.00..107957.22 rows=31365 width=3) (actual time=0.644..355.516 rows=31459 loops=1)
Gather  (cost=1000.00..148489.02 rows=436683 width=4) (actual time=0.714..493.879 rows=425955 loops=1)
Seq Scan on area_v_con  (cost=0.00..152138.54 rows=477987 width=4) (actual time=0.462..1118.898 rows=470990 loops=1)
Gather  (cost=1000.00..105967.92 rows=11472 width=3) (actual time=0.674..343.343 rows=13151 loops=1)
Gather  (cost=1000.00..109216.22 rows=43955 width=3) (actual time=0.568..351.226 rows=41350 loops=1)
Gather  (cost=1000.00..105967.92 rows=11472 width=3) (actual time=0.641..340.483 rows=3444 loops=1)
Gather  (cost=1000.00..105967.92 rows=11472 width=3) (actual time=0.687..354.625 rows=9703 loops=1)
Gather  (cost=1000.00..108509.42 rows=36887 width=3) (actual time=0.571..348.810 rows=41350 loops=1)
Seq Scan on area_v_con  (cost=0.00..152138.54 rows=1422256 width=4) (actual time=0.362..1175.978 rows=1419652 loops=1)
Seq Scan on area_v_con  (cost=0.00..152138.54 rows=504714 width=4) (actual time=0.360..1124.313 rows=516862 loops=1)
Seq Scan on area_v_con  (cost=0.00..152138.54 rows=923505 width=4) (actual time=0.370..1143.638 rows=926646 loops=1)
Gather  (cost=1000.00..147009.12 rows=421884 width=4) (actual time=0.712..488.038 rows=434439 loops=1)
Seq Scan on area_v_con  (cost=0.00..152138.54 rows=1422256 width=4) (actual time=0.376..1166.473 rows=1419652 loops=1)
Gather  (cost=1000.00..109216.22 rows=43955 width=3) (actual time=0.638..348.286 rows=41350 loops=1)
Seq Scan on area_v_con  (cost=0.00..152138.54 rows=923505 width=4) (actual time=0.374..1145.829 rows=926646 loops=1)
Gather  (cost=1000.00..109260.42 rows=44397 width=3) (actual time=0.655..345.603 rows=41350 loops=1)
Seq Scan on area_v_con  (cost=0.00..152138.54 rows=923505 width=4) (actual time=0.372..1148.570 rows=926646 loops=1)
Gather  (cost=1000.00..105967.92 rows=11472 width=3) (actual time=0.594..344.949 rows=23173 loops=1)
Gather  (cost=1000.00..105967.92 rows=11472 width=3) (actual time=0.816..345.967 rows=9703 loops=1)
Seq Scan on area_v_con  (cost=0.00..152138.54 rows=602344 width=4) (actual time=0.374..1129.718 rows=595837 loops=1)
Gather  (cost=1000.00..105967.92 rows=11472 width=3) (actual time=0.623..356.267 rows=8242 loops=1)
Gather  (cost=1000.00..149262.02 rows=444413 width=4) (actual time=0.636..489.215 rows=443206 loops=1)
Gather  (cost=1000.00..107957.22 rows=31365 width=3) (actual time=0.556..352.266 rows=31459 loops=1)
Gather  (cost=1000.00..148489.02 rows=436683 width=4) (actual time=0.647..485.941 rows=425955 loops=1)
Gather  (cost=1000.00..110386.92 rows=55662 width=3) (actual time=0.537..349.081 rows=59423 loops=1)
Seq Scan on area_v_con  (cost=0.00..152138.54 rows=1422256 width=4) (actual time=0.376..1177.113 rows=1419652 loops=1)
Gather  (cost=1000.00..105967.92 rows=11472 width=3) (actual time=0.827..342.839 rows=6618 loops=1)
Gather  (cost=1000.00..105967.92 rows=11472 width=3) (actual time=0.734..351.040 rows=23240 loops=1)
Seq Scan on area_v_con  (cost=0.00..152138.54 rows=490357 width=4) (actual time=0.388..1121.373 rows=495041 loops=1)
Gather  (cost=1000.00..105967.92 rows=11472 width=3) (actual time=0.617..338.397 rows=8243 loops=1)
Gather  (cost=1000.00..146147.62 rows=413269 width=4) (actual time=0.586..483.305 rows=424881 loops=1)
Gather  (cost=1000.00..107427.12 rows=26064 width=3) (actual time=0.647..341.498 rows=23240 loops=1)
Gather  (cost=1000.00..107427.12 rows=26064 width=3) (actual time=0.652..346.098 rows=23240 loops=1)
Seq Scan on area_v_con  (cost=0.00..152138.54 rows=1422256 width=4) (actual time=0.440..1174.261 rows=1419652 loops=1)
Seq Scan on area_v_con  (cost=0.00..152138.54 rows=504714 width=4) (actual time=0.360..1123.124 rows=516862 loops=1)
Gather  (cost=1000.00..105967.92 rows=11472 width=3) (actual time=0.684..339.541 rows=13307 loops=1)
Gather  (cost=1000.00..146147.62 rows=413269 width=4) (actual time=0.590..488.123 rows=424881 loops=1)
Seq Scan on area_v_con  (cost=0.00..152138.54 rows=1422256 width=4) (actual time=0.374..1174.399 rows=1419652 loops=1)
Gather  (cost=1000.00..105967.92 rows=11472 width=3) (actual time=0.616..349.720 rows=14709 loops=1)
Seq Scan on area_v_con  (cost=0.00..152138.54 rows=1422256 width=4) (actual time=0.376..1170.697 rows=1419652 loops=1)
Seq Scan on area_v_con  (cost=0.00..152138.54 rows=489031 width=4) (actual time=0.516..1117.326 rows=473031 loops=1)
Seq Scan on area_v_con  (cost=0.00..152138.54 rows=489031 width=4) (actual time=0.458..1118.060 rows=473031 loops=1)
Gather  (cost=1000.00..105967.92 rows=11472 width=3) (actual time=0.593..343.390 rows=8059 loops=1)
Gather  (cost=1000.00..105967.92 rows=11472 width=3) (actual time=0.573..352.478 rows=23173 loops=1)
Seq Scan on area_v_con  (cost=0.00..152138.54 rows=477987 width=4) (actual time=0.443..1117.564 rows=470990 loops=1)
Gather  (cost=1000.00..105967.92 rows=11472 width=3) (actual time=0.574..342.418 rows=8059 loops=1)
Gather  (cost=1000.00..105967.92 rows=11472 width=3) (actual time=0.688..357.176 rows=6527 loops=1)
Gather  (cost=1000.00..105967.92 rows=11472 width=3) (actual time=0.737..340.845 rows=1681 loops=1)
Seq Scan on area_v_con  (cost=0.00..152138.54 rows=923505 width=4) (actual time=0.372..1152.590 rows=926646 loops=1)
Seq Scan on area_v_con  (cost=0.00..152138.54 rows=504714 width=4) (actual time=0.363..1123.466 rows=516862 loops=1)
Gather  (cost=1000.00..105967.92 rows=11472 width=3) (actual time=0.674..344.291 rows=18152 loops=1)
Gather  (cost=1000.00..105967.92 rows=11472 width=3) (actual time=0.559..347.808 rows=19619 loops=1)
Seq Scan on area_v_con  (cost=0.00..152138.54 rows=1422256 width=4) (actual time=0.368..1358.281 rows=1419652 loops=1)
Gather  (cost=1000.00..105967.92 rows=11472 width=3) (actual time=0.717..352.626 rows=9970 loops=1)
Seq Scan on area_v_con  (cost=0.00..152138.54 rows=923505 width=4) (actual time=0.376..1158.254 rows=926646 loops=1)
Gather  (cost=1000.00..146147.62 rows=413269 width=4) (actual time=0.761..483.755 rows=424881 loops=1)
Gather  (cost=1000.00..105967.92 rows=11472 width=3) (actual time=0.606..339.718 rows=14699 loops=1)
Gather  (cost=1000.00..107471.32 rows=26506 width=3) (actual time=0.671..345.086 rows=23047 loops=1)
Seq Scan on area_v_con  (cost=0.00..152138.54 rows=1422256 width=4) (actual time=0.374..1171.208 rows=1419652 loops=1)
Gather  (cost=1000.00..147009.12 rows=421884 width=4) (actual time=0.787..486.202 rows=434439 loops=1)
Seq Scan on area_v_con  (cost=0.00..152138.54 rows=923505 width=4) (actual time=0.377..1147.194 rows=926646 loops=1)
Gather  (cost=1000.00..110607.82 rows=57871 width=3) (actual time=0.615..348.669 rows=59423 loops=1)
Seq Scan on area_v_con  (cost=0.00..152138.54 rows=490357 width=4) (actual time=0.393..1120.260 rows=495041 loops=1)
Seq Scan on area_v_con  (cost=0.00..152138.54 rows=923505 width=4) (actual time=0.369..1145.860 rows=926646 loops=1)
Gather  (cost=1000.00..105967.92 rows=11472 width=3) (actual time=0.830..341.316 rows=23047 loops=1)
Gather  (cost=1000.00..110939.12 rows=61184 width=3) (actual time=0.553..356.280 rows=59423 loops=1)
Seq Scan on area_v_con  (cost=0.00..152138.54 rows=490357 width=4) (actual time=0.384..1120.182 rows=495041 loops=1)
Seq Scan on area_v_con  (cost=0.00..152138.54 rows=489031 width=4) (actual time=0.442..1117.335 rows=473031 loops=1)
Gather  (cost=1000.00..105967.92 rows=11472 width=3) (actual time=0.633..343.649 rows=8192 loops=1)
Gather  (cost=1000.00..105967.92 rows=11472 width=3) (actual time=0.672..337.939 rows=4958 loops=1)
Gather  (cost=1000.00..105967.92 rows=11472 width=3) (actual time=0.556..336.639 rows=1652 loops=1)
Seq Scan on area_v_con  (cost=0.00..152138.54 rows=923505 width=4) (actual time=0.386..1150.747 rows=926646 loops=1)
Seq Scan on area_v_con  (cost=0.00..152138.54 rows=477987 width=4) (actual time=0.440..1129.853 rows=470990 loops=1)
Gather  (cost=1000.00..105967.92 rows=11472 width=3) (actual time=0.664..352.113 rows=8242 loops=1)
Gather  (cost=1000.00..107272.52 rows=24518 width=3) (actual time=0.631..345.019 rows=23240 loops=1)
Gather  (cost=1000.00..107625.92 rows=28052 width=3) (actual time=0.551..343.235 rows=31459 loops=1)
Gather  (cost=1000.00..105967.92 rows=11472 width=3) (actual time=0.669..338.085 rows=9703 loops=1)
Gather  (cost=1000.00..105967.92 rows=11472 width=3) (actual time=1.148..342.207 rows=6518 loops=1)
Seq Scan on area_v_con  (cost=0.00..152138.54 rows=923505 width=4) (actual time=0.369..1147.056 rows=926646 loops=1)
Seq Scan on area_v_con  (cost=0.00..152138.54 rows=1422256 width=4) (actual time=0.363..1172.965 rows=1419652 loops=1)
Gather  (cost=1000.00..146147.62 rows=413269 width=4) (actual time=0.632..486.315 rows=424881 loops=1)
Seq Scan on area_v_con  (cost=0.00..152138.54 rows=1422256 width=4) (actual time=0.372..1175.571 rows=1419652 loops=1)
Gather  (cost=1000.00..147009.12 rows=421884 width=4) (actual time=0.571..490.136 rows=434439 loops=1)
Gather  (cost=1000.00..105967.92 rows=11472 width=3) (actual time=0.710..341.790 rows=13307 loops=1)
Seq Scan on area_v_con  (cost=0.00..152138.54 rows=923505 width=4) (actual time=0.363..1144.606 rows=926646 loops=1)
Seq Scan on area_v_con  (cost=0.00..152138.54 rows=1422256 width=4) (actual time=0.368..1171.457 rows=1419652 loops=1)
Seq Scan on area_v_con  (cost=0.00..152138.54 rows=489031 width=4) (actual time=0.452..1119.667 rows=473031 loops=1)
Gather  (cost=1000.00..105967.92 rows=11472 width=3) (actual time=0.578..338.066 rows=8059 loops=1)
Gather  (cost=1000.00..147009.12 rows=421884 width=4) (actual time=0.558..478.100 rows=434439 loops=1)
Gather  (cost=1000.00..105967.92 rows=11472 width=3) (actual time=2.341..344.652 rows=1661 loops=1)
Seq Scan on area_v_con  (cost=0.00..152138.54 rows=490357 width=4) (actual time=0.384..1122.271 rows=495041 loops=1)
Gather  (cost=1000.00..149262.02 rows=444413 width=4) (actual time=0.646..480.085 rows=443206 loops=1)
Gather  (cost=1000.00..105967.92 rows=11472 width=3) (actual time=0.555..338.683 rows=14699 loops=1)
Gather  (cost=1000.00..105967.92 rows=11472 width=3) (actual time=0.619..348.557 rows=14875 loops=1)
Gather  (cost=1000.00..105967.92 rows=11472 width=3) (actual time=0.606..343.922 rows=18152 loops=1)
Gather  (cost=1000.00..105967.92 rows=11472 width=3) (actual time=0.556..350.209 rows=23173 loops=1)
Gather  (cost=1000.00..105967.92 rows=11472 width=3) (actual time=0.662..340.286 rows=13151 loops=1)
Seq Scan on area_v_con  (cost=0.00..152138.54 rows=923505 width=4) (actual time=0.368..1145.374 rows=926646 loops=1)
Gather  (cost=1000.00..105967.92 rows=11472 width=3) (actual time=0.661..338.438 rows=14875 loops=1)
Gather  (cost=1000.00..105967.92 rows=11472 width=3) (actual time=0.884..341.072 rows=14699 loops=1)
Gather  (cost=1000.00..105967.92 rows=11472 width=3) (actual time=0.569..351.000 rows=19619 loops=1)
Gather  (cost=1000.00..146147.62 rows=413269 width=4) (actual time=0.656..481.702 rows=424881 loops=1)
Gather  (cost=1000.00..105967.92 rows=11472 width=3) (actual time=0.559..343.928 rows=8059 loops=1)
Gather  (cost=1000.00..105967.92 rows=11472 width=3) (actual time=0.601..343.531 rows=11597 loops=1)
Seq Scan on area_v_con  (cost=0.00..152138.54 rows=1422256 width=4) (actual time=0.372..1175.928 rows=1419652 loops=1)
Gather  (cost=1000.00..149262.02 rows=444413 width=4) (actual time=0.588..495.550 rows=443206 loops=1)
Gather  (cost=1000.00..148489.02 rows=436683 width=4) (actual time=0.646..483.342 rows=425955 loops=1)
Gather  (cost=1000.00..148489.02 rows=436683 width=4) (actual time=0.654..479.425 rows=425955 loops=1)
Seq Scan on area_v_con  (cost=0.00..152138.54 rows=490357 width=4) (actual time=0.395..1125.637 rows=495041 loops=1)
Seq Scan on area_v_con  (cost=0.00..152138.54 rows=1422256 width=4) (actual time=0.367..1173.745 rows=1419652 loops=1)
Gather  (cost=1000.00..109039.52 rows=42188 width=3) (actual time=0.634..350.835 rows=41350 loops=1)
Gather  (cost=1000.00..105967.92 rows=11472 width=3) (actual time=0.633..340.236 rows=14875 loops=1)
Gather  (cost=1000.00..105967.92 rows=11472 width=3) (actual time=0.589..347.088 rows=23173 loops=1)
Seq Scan on area_v_con  (cost=0.00..152138.54 rows=1422256 width=4) (actual time=0.371..1175.775 rows=1419652 loops=1)
Seq Scan on area_v_con  (cost=0.00..152138.54 rows=1422256 width=4) (actual time=0.367..1175.845 rows=1419652 loops=1)
Seq Scan on area_v_con  (cost=0.00..152138.54 rows=504714 width=4) (actual time=0.360..1123.995 rows=516862 loops=1)
Gather  (cost=1000.00..105967.92 rows=11472 width=3) (actual time=0.641..347.485 rows=14699 loops=1)
Seq Scan on area_v_con  (cost=0.00..152138.54 rows=1422256 width=4) (actual time=0.369..1174.281 rows=1419652 loops=1)
Gather  (cost=1000.00..111071.62 rows=62509 width=3) (actual time=0.558..355.816 rows=59423 loops=1)
Gather  (cost=1000.00..105967.92 rows=11472 width=3) (actual time=0.549..353.794 rows=8059 loops=1)
Gather  (cost=1000.00..105967.92 rows=11472 width=3) (actual time=0.647..356.490 rows=11597 loops=1)
Seq Scan on area_v_con  (cost=0.00..152138.54 rows=477987 width=4) (actual time=0.446..1125.695 rows=470990 loops=1)
Gather  (cost=1000.00..105967.92 rows=11472 width=3) (actual time=0.711..341.205 rows=8242 loops=1)
Gather  (cost=1000.00..105967.92 rows=11472 width=3) (actual time=0.647..350.126 rows=23240 loops=1)
Gather  (cost=1000.00..148489.02 rows=436683 width=4) (actual time=0.641..492.426 rows=425955 loops=1)
Gather  (cost=1000.00..110696.12 rows=58754 width=3) (actual time=0.559..353.756 rows=59423 loops=1)
Seq Scan on area_v_con  (cost=0.00..152138.54 rows=504714 width=4) (actual time=0.382..1122.297 rows=516862 loops=1)
Gather  (cost=1000.00..107228.32 rows=24076 width=3) (actual time=0.768..346.264 rows=23240 loops=1)
Seq Scan on area_v_con  (cost=0.00..152138.54 rows=602344 width=4) (actual time=0.370..1126.487 rows=595837 loops=1)
Gather  (cost=1000.00..105967.92 rows=11472 width=3) (actual time=0.692..347.002 rows=13151 loops=1)
Seq Scan on area_v_con  (cost=0.00..152138.54 rows=923505 width=4) (actual time=0.371..1143.372 rows=926646 loops=1)
Gather  (cost=1000.00..108995.42 rows=41747 width=3) (actual time=0.743..347.285 rows=41350 loops=1)
Seq Scan on area_v_con  (cost=0.00..152138.54 rows=1422256 width=4) (actual time=0.375..1176.631 rows=1419652 loops=1)
Seq Scan on area_v_con  (cost=0.00..152138.54 rows=489031 width=4) (actual time=0.457..1117.962 rows=473031 loops=1)
Gather  (cost=1000.00..146147.62 rows=413269 width=4) (actual time=0.621..476.179 rows=424881 loops=1)
Gather  (cost=1000.00..105967.92 rows=11472 width=3) (actual time=0.663..344.542 rows=13151 loops=1)
Gather  (cost=1000.00..107957.22 rows=31365 width=3) (actual time=0.566..343.468 rows=31459 loops=1)
Seq Scan on area_v_con  (cost=0.00..152138.54 rows=602344 width=4) (actual time=0.375..1127.015 rows=595837 loops=1)
Seq Scan on area_v_con  (cost=0.00..152138.54 rows=477987 width=4) (actual time=0.430..1114.752 rows=470990 loops=1)
Gather  (cost=1000.00..105967.92 rows=11472 width=3) (actual time=0.693..343.244 rows=23047 loops=1)
Seq Scan on area_v_con  (cost=0.00..152138.54 rows=1422256 width=4) (actual time=0.364..1173.944 rows=1419652 loops=1)
Seq Scan on area_v_con  (cost=0.00..152138.54 rows=1422256 width=4) (actual time=0.372..1170.903 rows=1419652 loops=1)
Gather  (cost=1000.00..105967.92 rows=11472 width=3) (actual time=0.690..346.051 rows=4920 loops=1)
Gather  (cost=1000.00..105967.92 rows=11472 width=3) (actual time=0.573..336.355 rows=6613 loops=1)
Gather  (cost=1000.00..110894.92 rows=60742 width=3) (actual time=0.559..355.371 rows=59423 loops=1)
Gather  (cost=1000.00..110718.22 rows=58975 width=3) (actual time=0.580..362.188 rows=59423 loops=1)
Gather  (cost=1000.00..105967.92 rows=11472 width=3) (actual time=0.675..341.539 rows=11597 loops=1)
Gather  (cost=1000.00..149262.02 rows=444413 width=4) (actual time=0.620..487.688 rows=443206 loops=1)
Gather  (cost=1000.00..148489.02 rows=436683 width=4) (actual time=0.692..477.566 rows=425955 loops=1)
Seq Scan on area_v_con  (cost=0.00..152138.54 rows=489031 width=4) (actual time=0.462..1125.634 rows=473031 loops=1)
Gather  (cost=1000.00..105967.92 rows=11472 width=3) (actual time=0.619..344.267 rows=14709 loops=1)
Seq Scan on area_v_con  (cost=0.00..152138.54 rows=1422256 width=4) (actual time=0.370..1168.036 rows=1419652 loops=1)
Gather  (cost=1000.00..105967.92 rows=11472 width=3) (actual time=0.619..345.184 rows=23173 loops=1)
Gather  (cost=1000.00..147009.12 rows=421884 width=4) (actual time=0.552..500.117 rows=434439 loops=1)
Gather  (cost=1000.00..105967.92 rows=11472 width=3) (actual time=0.577..342.295 rows=8243 loops=1)
Seq Scan on area_v_con  (cost=0.00..152138.54 rows=602344 width=4) (actual time=0.397..1123.856 rows=595837 loops=1)
Gather  (cost=1000.00..105967.92 rows=11472 width=3) (actual time=0.564..344.454 rows=14699 loops=1)
Seq Scan on area_v_con  (cost=0.00..152138.54 rows=602344 width=4) (actual time=0.371..1130.071 rows=595837 loops=1)
Gather  (cost=1000.00..105967.92 rows=11472 width=3) (actual time=0.595..340.370 rows=19619 loops=1)
Gather  (cost=1000.00..110718.22 rows=58975 width=3) (actual time=0.562..349.596 rows=59423 loops=1)
Gather  (cost=1000.00..147009.12 rows=421884 width=4) (actual time=0.551..482.565 rows=434439 loops=1)
Gather  (cost=1000.00..105967.92 rows=11472 width=3) (actual time=0.680..345.593 rows=23047 loops=1)
Gather  (cost=1000.00..146147.62 rows=413269 width=4) (actual time=0.595..491.448 rows=424881 loops=1)
Seq Scan on area_v_con  (cost=0.00..152138.54 rows=602344 width=4) (actual time=0.365..1126.569 rows=595837 loops=1)
Gather  (cost=1000.00..108001.42 rows=31807 width=3) (actual time=0.670..342.312 rows=31459 loops=1)
Gather  (cost=1000.00..149262.02 rows=444413 width=4) (actual time=0.565..481.093 rows=443206 loops=1)
Gather  (cost=1000.00..111248.32 rows=64276 width=3) (actual time=0.548..351.182 rows=59423 loops=1)
Gather  (cost=1000.00..107935.12 rows=31144 width=3) (actual time=0.558..346.107 rows=31459 loops=1)
Gather  (cost=1000.00..146147.62 rows=413269 width=4) (actual time=0.598..483.550 rows=424881 loops=1)
Gather  (cost=1000.00..105967.92 rows=11472 width=3) (actual time=0.615..351.045 rows=6538 loops=1)
Gather  (cost=1000.00..149262.02 rows=444413 width=4) (actual time=0.577..497.930 rows=443206 loops=1)
Gather  (cost=1000.00..105967.92 rows=11472 width=3) (actual time=0.585..354.373 rows=14709 loops=1)
Gather  (cost=1000.00..108730.32 rows=39096 width=3) (actual time=0.581..367.587 rows=41350 loops=1)
Seq Scan on area_v_con  (cost=0.00..152138.54 rows=489031 width=4) (actual time=0.481..1124.801 rows=473031 loops=1)
Seq Scan on area_v_con  (cost=0.00..152138.54 rows=1422256 width=4) (actual time=0.373..1170.957 rows=1419652 loops=1)
Seq Scan on area_v_con  (cost=0.00..152138.54 rows=477987 width=4) (actual time=0.431..1113.035 rows=470990 loops=1)
Seq Scan on area_v_con  (cost=0.00..152138.54 rows=602344 width=4) (actual time=0.361..1127.251 rows=595837 loops=1)
Gather  (cost=1000.00..110409.02 rows=55883 width=3) (actual time=0.577..351.740 rows=59423 loops=1)
Seq Scan on area_v_con  (cost=0.00..152138.54 rows=490357 width=4) (actual time=0.385..1120.723 rows=495041 loops=1)
Seq Scan on area_v_con  (cost=0.00..152138.54 rows=490357 width=4) (actual time=0.381..1114.458 rows=495041 loops=1)
Gather  (cost=1000.00..105967.92 rows=11472 width=3) (actual time=0.284..341.868 rows=6613 loops=1)
Seq Scan on area_v_con  (cost=0.00..152138.54 rows=602344 width=4) (actual time=0.296..1133.852 rows=595837 loops=1)
Gather  (cost=1000.00..105967.92 rows=11472 width=3) (actual time=0.668..339.770 rows=14709 loops=1)
Gather  (cost=1000.00..107471.32 rows=26506 width=3) (actual time=0.400..344.709 rows=23047 loops=1)
Gather  (cost=1000.00..109591.72 rows=47710 width=3) (actual time=0.289..352.297 rows=41350 loops=1)
Gather  (cost=1000.00..105967.92 rows=11472 width=3) (actual time=0.630..351.898 rows=14875 loops=1)
Gather  (cost=1000.00..105967.92 rows=11472 width=3) (actual time=0.315..338.625 rows=8243 loops=1)
Seq Scan on area_v_con  (cost=0.00..152138.54 rows=602344 width=4) (actual time=0.067..1123.115 rows=595837 loops=1)
Seq Scan on area_v_con  (cost=0.00..152138.54 rows=923505 width=4) (actual time=0.364..1142.749 rows=926646 loops=1)
Gather  (cost=1000.00..149262.02 rows=444413 width=4) (actual time=0.588..487.685 rows=443206 loops=1)
Gather  (cost=1000.00..107537.52 rows=27168 width=3) (actual time=0.546..340.940 rows=23173 loops=1)
Gather  (cost=1000.00..147009.12 rows=421884 width=4) (actual time=0.569..491.407 rows=434439 loops=1)
Gather  (cost=1000.00..105967.92 rows=11472 width=3) (actual time=0.681..342.925 rows=9703 loops=1)
Seq Scan on area_v_con  (cost=0.00..152138.54 rows=1422256 width=4) (actual time=0.386..1179.910 rows=1419652 loops=1)
Gather  (cost=1000.00..105967.92 rows=11472 width=3) (actual time=0.819..342.144 rows=23047 loops=1)
Seq Scan on area_v_con  (cost=0.00..152138.54 rows=602344 width=4) (actual time=0.385..1123.253 rows=595837 loops=1)
Gather  (cost=1000.00..105967.92 rows=11472 width=3) (actual time=0.986..340.782 rows=3312 loops=1)
Seq Scan on area_v_con  (cost=0.00..152138.54 rows=602344 width=4) (actual time=0.371..1131.203 rows=595837 loops=1)
Gather  (cost=1000.00..105967.92 rows=11472 width=3) (actual time=0.736..347.307 rows=9703 loops=1)
Seq Scan on area_v_con  (cost=0.00..152138.54 rows=1422256 width=4) (actual time=0.376..1173.444 rows=1419652 loops=1)
Seq Scan on area_v_con  (cost=0.00..152138.54 rows=923505 width=4) (actual time=0.365..1148.001 rows=926646 loops=1)
Gather  (cost=1000.00..110696.12 rows=58754 width=3) (actual time=0.631..349.795 rows=59423 loops=1)
Gather  (cost=1000.00..105967.92 rows=11472 width=3) (actual time=2.210..337.856 rows=1661 loops=1)
Seq Scan on area_v_con  (cost=0.00..152138.54 rows=1422256 width=4) (actual time=0.376..1168.351 rows=1419652 loops=1)
Seq Scan on area_v_con  (cost=0.00..152138.54 rows=490357 width=4) (actual time=0.387..1120.537 rows=495041 loops=1)
Gather  (cost=1000.00..105967.92 rows=11472 width=3) (actual time=0.833..338.633 rows=13151 loops=1)
Gather  (cost=1000.00..146147.62 rows=413269 width=4) (actual time=0.595..482.322 rows=424881 loops=1)
Gather  (cost=1000.00..105967.92 rows=11472 width=3) (actual time=0.620..348.255 rows=14875 loops=1)
Gather  (cost=1000.00..105967.92 rows=11472 width=3) (actual time=0.560..340.703 rows=19619 loops=1)
Gather  (cost=1000.00..105967.92 rows=11472 width=3) (actual time=0.712..356.223 rows=6637 loops=1)
Gather  (cost=1000.00..105967.92 rows=11472 width=3) (actual time=0.611..341.512 rows=6538 loops=1)
Seq Scan on area_v_con  (cost=0.00..152138.54 rows=489031 width=4) (actual time=0.488..1123.196 rows=473031 loops=1)
Gather  (cost=1000.00..105967.92 rows=11472 width=3) (actual time=0.692..343.823 rows=14875 loops=1)
Seq Scan on area_v_con  (cost=0.00..152138.54 rows=923505 width=4) (actual time=0.375..1142.515 rows=926646 loops=1)
Gather  (cost=1000.00..110894.92 rows=60742 width=3) (actual time=0.619..360.765 rows=59423 loops=1)
Seq Scan on area_v_con  (cost=0.00..152138.54 rows=923505 width=4) (actual time=0.385..1156.386 rows=926646 loops=1)
Seq Scan on area_v_con  (cost=0.00..152138.54 rows=602344 width=4) (actual time=0.405..1127.844 rows=595837 loops=1)
Gather  (cost=1000.00..147009.12 rows=421884 width=4) (actual time=0.613..487.292 rows=434439 loops=1)
Gather  (cost=1000.00..105967.92 rows=11472 width=3) (actual time=0.729..339.783 rows=13300 loops=1)
Seq Scan on area_v_con  (cost=0.00..152138.54 rows=923505 width=4) (actual time=0.372..1144.021 rows=926646 loops=1)
Seq Scan on area_v_con  (cost=0.00..152138.54 rows=504714 width=4) (actual time=0.383..1119.736 rows=516862 loops=1)
Gather  (cost=1000.00..105967.92 rows=11472 width=3) (actual time=0.850..345.815 rows=9962 loops=1)
Gather  (cost=1000.00..107802.62 rows=29819 width=3) (actual time=0.560..363.587 rows=31459 loops=1)
Gather  (cost=1000.00..105967.92 rows=11472 width=3) (actual time=0.766..360.262 rows=13300 loops=1)
Seq Scan on area_v_con  (cost=0.00..152138.54 rows=504714 width=4) (actual time=0.364..1123.304 rows=516862 loops=1)
Seq Scan on area_v_con  (cost=0.00..152138.54 rows=1422256 width=4) (actual time=0.360..1177.079 rows=1419652 loops=1)
Seq Scan on area_v_con  (cost=0.00..152138.54 rows=923505 width=4) (actual time=0.365..1144.559 rows=926646 loops=1)
Gather  (cost=1000.00..148489.02 rows=436683 width=4) (actual time=0.649..476.547 rows=425955 loops=1)
Gather  (cost=1000.00..107272.52 rows=24518 width=3) (actual time=0.642..352.644 rows=23240 loops=1)
Seq Scan on area_v_con  (cost=0.00..152138.54 rows=477987 width=4) (actual time=0.453..1259.278 rows=470990 loops=1)
Gather  (cost=1000.00..108752.42 rows=39317 width=3) (actual time=0.614..355.908 rows=41350 loops=1)
Gather  (cost=1000.00..105967.92 rows=11472 width=3) (actual time=0.595..338.003 rows=8059 loops=1)
Gather  (cost=1000.00..107935.12 rows=31144 width=3) (actual time=0.674..344.490 rows=31459 loops=1)
Gather  (cost=1000.00..109304.62 rows=44839 width=3) (actual time=0.566..348.750 rows=41350 loops=1)
Gather  (cost=1000.00..105967.92 rows=11472 width=3) (actual time=0.590..349.896 rows=19619 loops=1)
Seq Scan on area_v_con  (cost=0.00..152138.54 rows=489031 width=4) (actual time=0.498..1271.723 rows=473031 loops=1)
Gather  (cost=1000.00..107382.92 rows=25622 width=3) (actual time=0.602..358.408 rows=23173 loops=1)
Gather  (cost=1000.00..148489.02 rows=436683 width=4) (actual time=0.636..495.587 rows=425955 loops=1)
Seq Scan on area_v_con  (cost=0.00..152138.54 rows=1422256 width=4) (actual time=0.377..1174.804 rows=1419652 loops=1)
Seq Scan on area_v_con  (cost=0.00..152138.54 rows=489031 width=4) (actual time=0.458..1130.141 rows=473031 loops=1)
Gather  (cost=1000.00..105967.92 rows=11472 width=3) (actual time=1.124..339.185 rows=6518 loops=1)
Seq Scan on area_v_con  (cost=0.00..152138.54 rows=1422256 width=4) (actual time=0.376..1177.284 rows=1419652 loops=1)
Seq Scan on area_v_con  (cost=0.00..152138.54 rows=923505 width=4) (actual time=0.365..1152.655 rows=926646 loops=1)
Gather  (cost=1000.00..105967.92 rows=11472 width=3) (actual time=0.862..347.358 rows=9962 loops=1)
Gather  (cost=1000.00..105967.92 rows=11472 width=3) (actual time=0.609..345.314 rows=14875 loops=1)
Gather  (cost=1000.00..146147.62 rows=413269 width=4) (actual time=0.624..477.179 rows=424881 loops=1)
Seq Scan on area_v_con  (cost=0.00..152138.54 rows=490357 width=4) (actual time=0.383..1119.893 rows=495041 loops=1)
Gather  (cost=1000.00..105967.92 rows=11472 width=3) (actual time=0.644..345.744 rows=23173 loops=1)
Seq Scan on area_v_con  (cost=0.00..152138.54 rows=923505 width=4) (actual time=0.384..1143.510 rows=926646 loops=1)
Gather  (cost=1000.00..107272.52 rows=24518 width=3) (actual time=0.717..348.507 rows=23240 loops=1)
Gather  (cost=1000.00..105967.92 rows=11472 width=3) (actual time=0.576..340.225 rows=14709 loops=1)
Seq Scan on area_v_con  (cost=0.00..152138.54 rows=1422256 width=4) (actual time=0.370..1167.573 rows=1419652 loops=1)
Gather  (cost=1000.00..105967.92 rows=11472 width=3) (actual time=1.254..336.881 rows=4951 loops=1)
Gather  (cost=1000.00..105967.92 rows=11472 width=3) (actual time=0.637..341.052 rows=23240 loops=1)
Seq Scan on area_v_con  (cost=0.00..152138.54 rows=923505 width=4) (actual time=0.416..1147.147 rows=926646 loops=1)
Seq Scan on area_v_con  (cost=0.00..152138.54 rows=489031 width=4) (actual time=0.454..1124.067 rows=473031 loops=1)
Gather  (cost=1000.00..105967.92 rows=11472 width=3) (actual time=0.584..340.027 rows=8059 loops=1)
Gather  (cost=1000.00..105967.92 rows=11472 width=3) (actual time=0.564..346.132 rows=23173 loops=1)
Gather  (cost=1000.00..108951.22 rows=41305 width=3) (actual time=0.724..350.649 rows=41350 loops=1)
Seq Scan on area_v_con  (cost=0.00..152138.54 rows=489031 width=4) (actual time=0.463..1122.852 rows=473031 loops=1)
Seq Scan on area_v_con  (cost=0.00..152138.54 rows=504714 width=4) (actual time=0.365..1122.107 rows=516862 loops=1)
Seq Scan on area_v_con  (cost=0.00..152138.54 rows=1422256 width=4) (actual time=0.374..1170.201 rows=1419652 loops=1)
Gather  (cost=1000.00..105967.92 rows=11472 width=3) (actual time=0.619..343.890 rows=18152 loops=1)
Gather  (cost=1000.00..105967.92 rows=11472 width=3) (actual time=0.663..350.965 rows=13307 loops=1)
Seq Scan on area_v_con  (cost=0.00..152138.54 rows=1422256 width=4) (actual time=0.369..1175.177 rows=1419652 loops=1)
Seq Scan on area_v_con  (cost=0.00..152138.54 rows=490357 width=4) (actual time=0.380..1117.550 rows=495041 loops=1)
Seq Scan on area_v_con  (cost=0.00..152138.54 rows=490357 width=4) (actual time=0.372..1124.791 rows=495041 loops=1)
Gather  (cost=1000.00..105967.92 rows=11472 width=3) (actual time=0.697..339.006 rows=4958 loops=1)
Seq Scan on area_v_con  (cost=0.00..152138.54 rows=1422256 width=4) (actual time=0.032..1170.510 rows=1419652 loops=1)
Gather  (cost=1000.00..110850.82 rows=60301 width=3) (actual time=0.570..351.631 rows=59423 loops=1)
Gather  (cost=1000.00..107692.22 rows=28715 width=3) (actual time=0.561..343.462 rows=31459 loops=1)
Gather  (cost=1000.00..149262.02 rows=444413 width=4) (actual time=0.242..496.435 rows=443206 loops=1)
Seq Scan on area_v_con  (cost=0.00..152138.54 rows=490357 width=4) (actual time=0.399..1123.944 rows=495041 loops=1)
Seq Scan on area_v_con  (cost=0.00..152138.54 rows=489031 width=4) (actual time=0.461..1120.990 rows=473031 loops=1)
Gather  (cost=1000.00..105967.92 rows=11472 width=3) (actual time=0.640..344.498 rows=18152 loops=1)
Gather  (cost=1000.00..105967.92 rows=11472 width=3) (actual time=0.587..344.652 rows=9970 loops=1)
Seq Scan on area_v_con  (cost=0.00..152138.54 rows=504714 width=4) (actual time=0.364..1121.433 rows=516862 loops=1)
Gather  (cost=1000.00..108509.42 rows=36887 width=3) (actual time=0.588..349.646 rows=41350 loops=1)
Gather  (cost=1000.00..109282.52 rows=44618 width=3) (actual time=0.573..348.782 rows=41350 loops=1)
Gather  (cost=1000.00..105967.92 rows=11472 width=3) (actual time=0.560..339.914 rows=1652 loops=1)
Gather  (cost=1000.00..105967.92 rows=11472 width=3) (actual time=0.580..338.776 rows=8243 loops=1)
Gather  (cost=1000.00..105967.92 rows=11472 width=3) (actual time=1.015..342.792 rows=4864 loops=1)
Gather  (cost=1000.00..146147.62 rows=413269 width=4) (actual time=0.588..487.594 rows=424881 loops=1)
Gather  (cost=1000.00..105967.92 rows=11472 width=3) (actual time=0.673..341.368 rows=4958 loops=1)
Seq Scan on area_v_con  (cost=0.00..152138.54 rows=602344 width=4) (actual time=0.376..1132.379 rows=595837 loops=1)
Gather  (cost=1000.00..148489.02 rows=436683 width=4) (actual time=0.659..477.456 rows=425955 loops=1)
Seq Scan on area_v_con  (cost=0.00..152138.54 rows=1422256 width=4) (actual time=0.373..1174.276 rows=1419652 loops=1)
Seq Scan on area_v_con  (cost=0.00..152138.54 rows=504714 width=4) (actual time=0.459..1124.529 rows=516862 loops=1)
Gather  (cost=1000.00..105967.92 rows=11472 width=3) (actual time=0.686..340.642 rows=23047 loops=1)
Seq Scan on area_v_con  (cost=0.00..152138.54 rows=1422256 width=4) (actual time=0.421..1175.677 rows=1419652 loops=1)
Gather  (cost=1000.00..105967.92 rows=11472 width=3) (actual time=0.377..338.129 rows=4775 loops=1)
Gather  (cost=1000.00..149262.02 rows=444413 width=4) (actual time=0.235..483.689 rows=443206 loops=1)
Gather  (cost=1000.00..148489.02 rows=436683 width=4) (actual time=0.679..498.824 rows=425955 loops=1)
Seq Scan on area_v_con  (cost=0.00..152138.54 rows=489031 width=4) (actual time=0.129..1122.656 rows=473031 loops=1)
Gather  (cost=1000.00..107272.52 rows=24518 width=3) (actual time=0.791..346.356 rows=23047 loops=1)
Gather  (cost=1000.00..105967.92 rows=11472 width=3) (actual time=0.634..344.925 rows=4920 loops=1)
Gather  (cost=1000.00..149262.02 rows=444413 width=4) (actual time=0.572..483.255 rows=443206 loops=1)
Gather  (cost=1000.00..105967.92 rows=11472 width=3) (actual time=0.578..354.503 rows=8243 loops=1)
Seq Scan on area_v_con  (cost=0.00..152138.54 rows=477987 width=4) (actual time=0.501..1118.755 rows=470990 loops=1)
Seq Scan on area_v_con  (cost=0.00..152138.54 rows=602344 width=4) (actual time=0.389..1127.900 rows=595837 loops=1)
Gather  (cost=1000.00..107537.52 rows=27168 width=3) (actual time=0.579..348.950 rows=23173 loops=1)
Gather  (cost=1000.00..105967.92 rows=11472 width=3) (actual time=0.586..343.376 rows=11597 loops=1)
Gather  (cost=1000.00..105967.92 rows=11472 width=3) (actual time=1.039..341.952 rows=4864 loops=1)
Seq Scan on area_v_con  (cost=0.00..152138.54 rows=490357 width=4) (actual time=0.389..1121.737 rows=495041 loops=1)
Gather  (cost=1000.00..105967.92 rows=11472 width=3) (actual time=0.878..344.640 rows=9962 loops=1)
Gather  (cost=1000.00..110696.12 rows=58754 width=3) (actual time=0.549..357.693 rows=59423 loops=1)
Gather  (cost=1000.00..105967.92 rows=11472 width=3) (actual time=0.602..338.920 rows=11597 loops=1)
Seq Scan on area_v_con  (cost=0.00..152138.54 rows=1422256 width=4) (actual time=0.364..1167.750 rows=1419652 loops=1)
Gather  (cost=1000.00..105967.92 rows=11472 width=3) (actual time=0.661..349.656 rows=11597 loops=1)
Seq Scan on area_v_con  (cost=0.00..152138.54 rows=477987 width=4) (actual time=0.550..1117.938 rows=470990 loops=1)
Gather  (cost=1000.00..105967.92 rows=11472 width=3) (actual time=0.580..336.789 rows=1652 loops=1)
Gather  (cost=1000.00..149262.02 rows=444413 width=4) (actual time=0.668..479.542 rows=443206 loops=1)
Seq Scan on area_v_con  (cost=0.00..152138.54 rows=489031 width=4) (actual time=0.451..1119.886 rows=473031 loops=1)
Gather  (cost=1000.00..147009.12 rows=421884 width=4) (actual time=0.681..477.030 rows=434439 loops=1)
Gather  (cost=1000.00..110453.22 rows=56325 width=3) (actual time=0.616..353.487 rows=59423 loops=1)
Gather  (cost=1000.00..105967.92 rows=11472 width=3) (actual time=0.647..347.336 rows=4942 loops=1)
Seq Scan on area_v_con  (cost=0.00..152138.54 rows=923505 width=4) (actual time=0.374..1151.432 rows=926646 loops=1)
Seq Scan on area_v_con  (cost=0.00..152138.54 rows=923505 width=4) (actual time=0.359..1145.223 rows=926646 loops=1)
Seq Scan on area_v_con  (cost=0.00..152138.54 rows=490357 width=4) (actual time=0.400..1122.390 rows=495041 loops=1)
Gather  (cost=1000.00..105967.92 rows=11472 width=3) (actual time=0.654..345.565 rows=8242 loops=1)
Gather  (cost=1000.00..105967.92 rows=11472 width=3) (actual time=0.575..347.807 rows=23173 loops=1)
Gather  (cost=1000.00..105967.92 rows=11472 width=3) (actual time=0.551..344.774 rows=8059 loops=1)
Seq Scan on area_v_con  (cost=0.00..152138.54 rows=477987 width=4) (actual time=0.436..1119.409 rows=470990 loops=1)
Gather  (cost=1000.00..105967.92 rows=11472 width=3) (actual time=0.648..341.733 rows=4775 loops=1)
Seq Scan on area_v_con  (cost=0.00..152138.54 rows=923505 width=4) (actual time=0.415..1142.732 rows=926646 loops=1)
Seq Scan on area_v_con  (cost=0.00..152138.54 rows=1422256 width=4) (actual time=0.373..1165.490 rows=1419652 loops=1)
Seq Scan on area_v_con  (cost=0.00..152138.54 rows=489031 width=4) (actual time=0.515..1117.448 rows=473031 loops=1)
Gather  (cost=1000.00..105967.92 rows=11472 width=3) (actual time=0.690..346.430 rows=23047 loops=1)
Gather  (cost=1000.00..105967.92 rows=11472 width=3) (actual time=2.382..340.185 rows=1643 loops=1)
Gather  (cost=1000.00..109039.52 rows=42188 width=3) (actual time=0.567..351.648 rows=41350 loops=1)
Seq Scan on area_v_con  (cost=0.00..152138.54 rows=1422256 width=4) (actual time=0.376..1177.544 rows=1419652 loops=1)
Gather  (cost=1000.00..105967.92 rows=11472 width=3) (actual time=0.843..341.330 rows=23047 loops=1)
Gather  (cost=1000.00..105967.92 rows=11472 width=3) (actual time=0.704..349.321 rows=18152 loops=1)
Seq Scan on area_v_con  (cost=0.00..152138.54 rows=490357 width=4) (actual time=0.385..1121.747 rows=495041 loops=1)
Gather  (cost=1000.00..105967.92 rows=11472 width=3) (actual time=2.400..340.846 rows=1710 loops=1)
Seq Scan on area_v_con  (cost=0.00..152138.54 rows=923505 width=4) (actual time=0.369..1145.915 rows=926646 loops=1)
Seq Scan on area_v_con  (cost=0.00..152138.54 rows=1422256 width=4) (actual time=0.362..1171.476 rows=1419652 loops=1)
Seq Scan on area_v_con  (cost=0.00..152138.54 rows=923505 width=4) (actual time=0.364..1149.311 rows=926646 loops=1)
Seq Scan on area_v_con  (cost=0.00..152138.54 rows=602344 width=4) (actual time=0.364..1125.590 rows=595837 loops=1)
Gather  (cost=1000.00..108001.42 rows=31807 width=3) (actual time=0.580..342.379 rows=31459 loops=1)
Gather  (cost=1000.00..105967.92 rows=11472 width=3) (actual time=0.594..349.529 rows=18152 loops=1)
Gather  (cost=1000.00..109216.22 rows=43955 width=3) (actual time=0.576..356.371 rows=41350 loops=1)
Seq Scan on area_v_con  (cost=0.00..152138.54 rows=504714 width=4) (actual time=0.373..1123.467 rows=516862 loops=1)
Seq Scan on area_v_con  (cost=0.00..152138.54 rows=489031 width=4) (actual time=0.454..1124.451 rows=473031 loops=1)
Gather  (cost=1000.00..105967.92 rows=11472 width=3) (actual time=0.815..345.511 rows=23240 loops=1)
Seq Scan on area_v_con  (cost=0.00..152138.54 rows=1422256 width=4) (actual time=0.369..1177.349 rows=1419652 loops=1)
Gather  (cost=1000.00..148489.02 rows=436683 width=4) (actual time=0.659..500.306 rows=425955 loops=1)
Gather  (cost=1000.00..108752.42 rows=39317 width=3) (actual time=0.682..348.823 rows=41350 loops=1)
Gather  (cost=1000.00..108178.12 rows=33574 width=3) (actual time=0.553..355.235 rows=31459 loops=1)
Seq Scan on area_v_con  (cost=0.00..152138.54 rows=490357 width=4) (actual time=0.395..1125.394 rows=495041 loops=1)
Gather  (cost=1000.00..110917.02 rows=60963 width=3) (actual time=0.576..353.765 rows=59423 loops=1)
Seq Scan on area_v_con  (cost=0.00..152138.54 rows=602344 width=4) (actual time=0.374..1125.552 rows=595837 loops=1)
Gather  (cost=1000.00..110939.12 rows=61184 width=3) (actual time=0.627..354.071 rows=59423 loops=1)
Gather  (cost=1000.00..105967.92 rows=11472 width=3) (actual time=0.589..340.408 rows=14709 loops=1)
Seq Scan on area_v_con  (cost=0.00..152138.54 rows=490357 width=4) (actual time=0.390..1121.613 rows=495041 loops=1)
Seq Scan on area_v_con  (cost=0.00..152138.54 rows=489031 width=4) (actual time=0.446..1121.149 rows=473031 loops=1)
Seq Scan on area_v_con  (cost=0.00..152138.54 rows=923505 width=4) (actual time=0.363..1145.247 rows=926646 loops=1)
Gather  (cost=1000.00..107360.82 rows=25401 width=3) (actual time=0.689..349.554 rows=19619 loops=1)
Gather  (cost=1000.00..105967.92 rows=11472 width=3) (actual time=0.549..342.012 rows=8059 loops=1)
Gather  (cost=1000.00..105967.92 rows=11472 width=3) (actual time=0.563..350.343 rows=19619 loops=1)
Gather  (cost=1000.00..105967.92 rows=11472 width=3) (actual time=0.624..348.834 rows=6538 loops=1)
Seq Scan on area_v_con  (cost=0.00..152138.54 rows=1422256 width=4) (actual time=0.375..1174.710 rows=1419652 loops=1)
Seq Scan on area_v_con  (cost=0.00..152138.54 rows=923505 width=4) (actual time=0.410..1146.924 rows=926646 loops=1)
Gather  (cost=1000.00..105967.92 rows=11472 width=3) (actual time=0.676..348.245 rows=8242 loops=1)
Seq Scan on area_v_con  (cost=0.00..152138.54 rows=489031 width=4) (actual time=0.459..1119.846 rows=473031 loops=1)
Seq Scan on area_v_con  (cost=0.00..152138.54 rows=1422256 width=4) (actual time=0.362..1171.565 rows=1419652 loops=1)
Seq Scan on area_v_con  (cost=0.00..152138.54 rows=477987 width=4) (actual time=0.506..1122.265 rows=470990 loops=1)
Gather  (cost=1000.00..105967.92 rows=11472 width=3) (actual time=0.872..346.169 rows=13300 loops=1)
Gather  (cost=1000.00..105967.92 rows=11472 width=3) (actual time=0.640..350.430 rows=4920 loops=1)
Gather  (cost=1000.00..105967.92 rows=11472 width=3) (actual time=0.559..350.052 rows=14699 loops=1)
Seq Scan on area_v_con  (cost=0.00..152138.54 rows=1422256 width=4) (actual time=0.371..1175.871 rows=1419652 loops=1)
Gather  (cost=1000.00..108884.92 rows=40642 width=3) (actual time=0.661..358.862 rows=41350 loops=1)
Gather  (cost=1000.00..148489.02 rows=436683 width=4) (actual time=0.639..491.009 rows=425955 loops=1)
Gather  (cost=1000.00..105967.92 rows=11472 width=3) (actual time=0.588..339.186 rows=8243 loops=1)
Seq Scan on area_v_con  (cost=0.00..152138.54 rows=1422256 width=4) (actual time=0.395..1173.359 rows=1419652 loops=1)
Gather  (cost=1000.00..105967.92 rows=11472 width=3) (actual time=0.760..342.163 rows=13307 loops=1)
Seq Scan on area_v_con  (cost=0.00..152138.54 rows=1422256 width=4) (actual time=0.371..1170.699 rows=1419652 loops=1)
Gather  (cost=1000.00..105967.92 rows=11472 width=3) (actual time=0.611..339.745 rows=11597 loops=1)
Seq Scan on area_v_con  (cost=0.00..152138.54 rows=923505 width=4) (actual time=0.362..1147.069 rows=926646 loops=1)
Gather  (cost=1000.00..149262.02 rows=444413 width=4) (actual time=0.595..493.881 rows=443206 loops=1)
Gather  (cost=1000.00..105967.92 rows=11472 width=3) (actual time=0.596..343.783 rows=11597 loops=1)
Gather  (cost=1000.00..148489.02 rows=436683 width=4) (actual time=0.629..493.668 rows=425955 loops=1)
Gather  (cost=1000.00..108178.12 rows=33574 width=3) (actual time=0.562..348.741 rows=31459 loops=1)
Seq Scan on area_v_con  (cost=0.00..152138.54 rows=504714 width=4) (actual time=0.365..1120.378 rows=516862 loops=1)
Gather  (cost=1000.00..108973.32 rows=41526 width=3) (actual time=0.602..345.694 rows=41350 loops=1)
Gather  (cost=1000.00..105967.92 rows=11472 width=3) (actual time=0.574..346.373 rows=9970 loops=1)
Seq Scan on area_v_con  (cost=0.00..152138.54 rows=489031 width=4) (actual time=0.464..1123.267 rows=473031 loops=1)
Gather  (cost=1000.00..105967.92 rows=11472 width=3) (actual time=0.812..337.582 rows=6613 loops=1)
Gather  (cost=1000.00..105967.92 rows=11472 width=3) (actual time=0.641..344.951 rows=23173 loops=1)
Gather  (cost=1000.00..148489.02 rows=436683 width=4) (actual time=0.727..477.004 rows=425955 loops=1)
Gather  (cost=1000.00..147009.12 rows=421884 width=4) (actual time=0.636..479.058 rows=434439 loops=1)
Seq Scan on area_v_con  (cost=0.00..152138.54 rows=1422256 width=4) (actual time=0.417..1169.755 rows=1419652 loops=1)
Gather  (cost=1000.00..147009.12 rows=421884 width=4) (actual time=0.679..478.446 rows=434439 loops=1)
Gather  (cost=1000.00..105967.92 rows=11472 width=3) (actual time=0.566..347.898 rows=23173 loops=1)
Gather  (cost=1000.00..148489.02 rows=436683 width=4) (actual time=0.635..498.306 rows=425955 loops=1)
Gather  (cost=1000.00..105967.92 rows=11472 width=3) (actual time=0.588..338.783 rows=11597 loops=1)
Gather  (cost=1000.00..105967.92 rows=11472 width=3) (actual time=0.674..340.217 rows=13151 loops=1)
Gather  (cost=1000.00..105967.92 rows=11472 width=3) (actual time=0.584..351.396 rows=11597 loops=1)
Seq Scan on area_v_con  (cost=0.00..152138.54 rows=923505 width=4) (actual time=0.368..1149.591 rows=926646 loops=1)
Gather  (cost=1000.00..149262.02 rows=444413 width=4) (actual time=0.607..488.426 rows=443206 loops=1)
Gather  (cost=1000.00..107537.52 rows=27168 width=3) (actual time=0.559..341.476 rows=23173 loops=1)
Seq Scan on area_v_con  (cost=0.00..152138.54 rows=1422256 width=4) (actual time=0.373..1176.399 rows=1419652 loops=1)
Gather  (cost=1000.00..148489.02 rows=436683 width=4) (actual time=0.653..480.685 rows=425955 loops=1)
Gather  (cost=1000.00..147009.12 rows=421884 width=4) (actual time=0.556..477.765 rows=434439 loops=1)
Gather  (cost=1000.00..105967.92 rows=11472 width=3) (actual time=0.568..340.703 rows=19619 loops=1)
Gather  (cost=1000.00..105967.92 rows=11472 width=3) (actual time=0.625..337.512 rows=4775 loops=1)
Gather  (cost=1000.00..107250.42 rows=24297 width=3) (actual time=0.592..351.091 rows=23173 loops=1)
Seq Scan on area_v_con  (cost=0.00..152138.54 rows=477987 width=4) (actual time=0.440..1119.871 rows=470990 loops=1)
Gather  (cost=1000.00..105967.92 rows=11472 width=3) (actual time=0.731..343.490 rows=13307 loops=1)
Seq Scan on area_v_con  (cost=0.00..152138.54 rows=490357 width=4) (actual time=0.416..1122.624 rows=495041 loops=1)
Seq Scan on area_v_con  (cost=0.00..152138.54 rows=490357 width=4) (actual time=0.383..1123.024 rows=495041 loops=1)
Gather  (cost=1000.00..105967.92 rows=11472 width=3) (actual time=0.660..339.778 rows=14875 loops=1)
Gather  (cost=1000.00..108332.72 rows=35120 width=3) (actual time=0.570..345.637 rows=41350 loops=1)
Gather  (cost=1000.00..146147.62 rows=413269 width=4) (actual time=0.620..482.795 rows=424881 loops=1)
Gather  (cost=1000.00..105967.92 rows=11472 width=3) (actual time=0.647..358.950 rows=23240 loops=1)
Gather  (cost=1000.00..108995.42 rows=41747 width=3) (actual time=0.568..349.982 rows=41350 loops=1)
Seq Scan on area_v_con  (cost=0.00..152138.54 rows=602344 width=4) (actual time=0.399..1132.478 rows=595837 loops=1)
Gather  (cost=1000.00..105967.92 rows=11472 width=3) (actual time=0.719..354.556 rows=6626 loops=1)
Seq Scan on area_v_con  (cost=0.00..152138.54 rows=1422256 width=4) (actual time=0.380..1175.186 rows=1419652 loops=1)
Gather  (cost=1000.00..105967.92 rows=11472 width=3) (actual time=0.662..343.657 rows=3444 loops=1)
Seq Scan on area_v_con  (cost=0.00..152138.54 rows=602344 width=4) (actual time=0.389..1130.678 rows=595837 loops=1)
Seq Scan on area_v_con  (cost=0.00..152138.54 rows=489031 width=4) (actual time=0.473..1122.415 rows=473031 loops=1)
Gather  (cost=1000.00..105967.92 rows=11472 width=3) (actual time=1.122..336.391 rows=1677 loops=1)
Gather  (cost=1000.00..105967.92 rows=11472 width=3) (actual time=0.678..346.845 rows=13307 loops=1)
Gather  (cost=1000.00..108111.82 rows=32911 width=3) (actual time=0.552..343.787 rows=31459 loops=1)
Gather  (cost=1000.00..147009.12 rows=421884 width=4) (actual time=0.550..490.055 rows=434439 loops=1)
Gather  (cost=1000.00..147009.12 rows=421884 width=4) (actual time=0.657..477.353 rows=434439 loops=1)
Gather  (cost=1000.00..105967.92 rows=11472 width=3) (actual time=0.716..342.000 rows=6637 loops=1)
Seq Scan on area_v_con  (cost=0.00..152138.54 rows=923505 width=4) (actual time=0.372..1146.192 rows=926646 loops=1)
Seq Scan on area_v_con  (cost=0.00..152138.54 rows=489031 width=4) (actual time=0.541..1120.551 rows=473031 loops=1)
Gather  (cost=1000.00..147009.12 rows=421884 width=4) (actual time=0.624..501.821 rows=434439 loops=1)
Seq Scan on area_v_con  (cost=0.00..152138.54 rows=504714 width=4) (actual time=0.363..1121.270 rows=516862 loops=1)
Gather  (cost=1000.00..149262.02 rows=444413 width=4) (actual time=0.598..489.089 rows=443206 loops=1)
Gather  (cost=1000.00..105967.92 rows=11472 width=3) (actual time=0.685..341.970 rows=6527 loops=1)
Gather  (cost=1000.00..107692.22 rows=28715 width=3) (actual time=0.575..347.745 rows=31459 loops=1)
Seq Scan on area_v_con  (cost=0.00..152138.54 rows=923505 width=4) (actual time=0.375..1145.805 rows=926646 loops=1)
Gather  (cost=1000.00..110585.72 rows=57650 width=3) (actual time=0.694..358.854 rows=59423 loops=1)
Gather  (cost=1000.00..107272.52 rows=24518 width=3) (actual time=0.679..353.550 rows=23047 loops=1)
Gather  (cost=1000.00..105967.92 rows=11472 width=3) (actual time=0.674..347.454 rows=23047 loops=1)
Gather  (cost=1000.00..105967.92 rows=11472 width=3) (actual time=0.553..345.936 rows=1652 loops=1)
Gather  (cost=1000.00..105967.92 rows=11472 width=3) (actual time=0.622..337.738 rows=8192 loops=1)
Seq Scan on area_v_con  (cost=0.00..152138.54 rows=923505 width=4) (actual time=0.378..1146.856 rows=926646 loops=1)
Seq Scan on area_v_con  (cost=0.00..152138.54 rows=1422256 width=4) (actual time=0.362..1172.218 rows=1419652 loops=1)
Gather  (cost=1000.00..149262.02 rows=444413 width=4) (actual time=0.650..483.928 rows=443206 loops=1)
Gather  (cost=1000.00..105967.92 rows=11472 width=3) (actual time=0.583..340.793 rows=9970 loops=1)
Gather  (cost=1000.00..107228.32 rows=24076 width=3) (actual time=0.642..347.572 rows=23240 loops=1)
Gather  (cost=1000.00..104820.82 rows=1 width=4) (actual time=413.270..418.049 rows=0 loops=1)
Gather  (cost=1000.00..105967.92 rows=11472 width=3) (actual time=0.671..345.290 rows=23047 loops=1)
Gather  (cost=1000.00..108001.42 rows=31807 width=3) (actual time=0.561..350.114 rows=31459 loops=1)
Gather  (cost=1000.00..148489.02 rows=436683 width=4) (actual time=0.667..478.228 rows=425955 loops=1)
Seq Scan on area_v_con  (cost=0.00..152138.54 rows=477987 width=4) (actual time=0.444..1123.888 rows=470990 loops=1)
Seq Scan on area_v_con  (cost=0.00..152138.54 rows=1422256 width=4) (actual time=0.371..1167.070 rows=1419652 loops=1)
Seq Scan on area_v_con  (cost=0.00..152138.54 rows=1422256 width=4) (actual time=0.359..1166.609 rows=1419652 loops=1)
Gather  (cost=1000.00..105967.92 rows=11472 width=3) (actual time=0.655..340.231 rows=18152 loops=1)
Gather  (cost=1000.00..149262.02 rows=444413 width=4) (actual time=0.569..493.084 rows=443206 loops=1)
Seq Scan on area_v_con  (cost=0.00..152138.54 rows=923505 width=4) (actual time=0.377..1145.762 rows=926646 loops=1)
Seq Scan on area_v_con  (cost=0.00..152138.54 rows=1422256 width=4) (actual time=0.368..1175.325 rows=1419652 loops=1)
Seq Scan on area_v_con  (cost=0.00..152138.54 rows=923505 width=4) (actual time=0.363..1143.636 rows=926646 loops=1)
Gather  (cost=1000.00..105967.92 rows=11472 width=3) (actual time=0.728..337.192 rows=6637 loops=1)
Seq Scan on area_v_con  (cost=0.00..152138.54 rows=1422256 width=4) (actual time=0.367..1172.870 rows=1419652 loops=1)
Gather  (cost=1000.00..105967.92 rows=11472 width=3) (actual time=0.679..346.557 rows=13151 loops=1)
Gather  (cost=1000.00..105967.92 rows=11472 width=3) (actual time=0.593..341.909 rows=9970 loops=1)
Seq Scan on area_v_con  (cost=0.00..152138.54 rows=504714 width=4) (actual time=0.366..1122.182 rows=516862 loops=1)
Gather  (cost=1000.00..105967.92 rows=11472 width=3) (actual time=0.721..342.235 rows=4958 loops=1)
Seq Scan on area_v_con  (cost=0.00..152138.54 rows=923505 width=4) (actual time=0.405..1144.383 rows=926646 loops=1)
Gather  (cost=1000.00..105967.92 rows=11472 width=3) (actual time=0.866..341.594 rows=1561 loops=1)
Gather  (cost=1000.00..107891.02 rows=30703 width=3) (actual time=0.516..344.301 rows=31459 loops=1)
Gather  (cost=1000.00..107802.62 rows=29819 width=3) (actual time=0.571..354.260 rows=31459 loops=1)
Gather  (cost=1000.00..105967.92 rows=11472 width=3) (actual time=0.348..353.482 rows=9703 loops=1)
Seq Scan on area_v_con  (cost=0.00..152138.54 rows=602344 width=4) (actual time=0.036..1127.314 rows=595837 loops=1)
Gather  (cost=1000.00..149262.02 rows=444413 width=4) (actual time=0.652..485.442 rows=443206 loops=1)
Gather  (cost=1000.00..107360.82 rows=25401 width=3) (actual time=0.233..344.144 rows=19619 loops=1)
Gather  (cost=1000.00..105967.92 rows=11472 width=3) (actual time=0.617..341.184 rows=6538 loops=1)
Seq Scan on area_v_con  (cost=0.00..152138.54 rows=923505 width=4) (actual time=0.374..1145.340 rows=926646 loops=1)
Gather  (cost=1000.00..105967.92 rows=11472 width=3) (actual time=1.039..341.969 rows=4864 loops=1)
Gather  (cost=1000.00..105967.92 rows=11472 width=3) (actual time=0.589..338.694 rows=9970 loops=1)
Gather  (cost=1000.00..105967.92 rows=11472 width=3) (actual time=0.579..354.370 rows=23173 loops=1)
Seq Scan on area_v_con  (cost=0.00..152138.54 rows=1422256 width=4) (actual time=0.373..1170.344 rows=1419652 loops=1)
Gather  (cost=1000.00..105967.92 rows=11472 width=3) (actual time=0.714..339.210 rows=6618 loops=1)
Gather  (cost=1000.00..147009.12 rows=421884 width=4) (actual time=0.565..498.588 rows=434439 loops=1)
Seq Scan on area_v_con  (cost=0.00..152138.54 rows=923505 width=4) (actual time=0.429..1153.187 rows=926646 loops=1)
Seq Scan on area_v_con  (cost=0.00..152138.54 rows=1422256 width=4) (actual time=0.370..1172.705 rows=1419652 loops=1)
Seq Scan on area_v_con  (cost=0.00..152138.54 rows=1422256 width=4) (actual time=0.365..1171.864 rows=1419652 loops=1)
Seq Scan on area_v_con  (cost=0.00..152138.54 rows=489031 width=4) (actual time=0.523..1120.516 rows=473031 loops=1)
Gather  (cost=1000.00..110917.02 rows=60963 width=3) (actual time=0.631..348.701 rows=59423 loops=1)
Seq Scan on area_v_con  (cost=0.00..152138.54 rows=477987 width=4) (actual time=0.435..1119.050 rows=470990 loops=1)
Gather  (cost=1000.00..149262.02 rows=444413 width=4) (actual time=0.696..485.349 rows=443206 loops=1)
Seq Scan on area_v_con  (cost=0.00..152138.54 rows=1422256 width=4) (actual time=0.375..1172.998 rows=1419652 loops=1)
Gather  (cost=1000.00..105967.92 rows=11472 width=3) (actual time=0.714..338.735 rows=9970 loops=1)
Gather  (cost=1000.00..105967.92 rows=11472 width=3) (actual time=0.618..347.777 rows=6538 loops=1)
Gather  (cost=1000.00..147009.12 rows=421884 width=4) (actual time=0.570..482.288 rows=434439 loops=1)
Seq Scan on area_v_con  (cost=0.00..152138.54 rows=923505 width=4) (actual time=0.372..1147.160 rows=926646 loops=1)
Gather  (cost=1000.00..107272.52 rows=24518 width=3) (actual time=0.740..343.115 rows=23240 loops=1)
Gather  (cost=1000.00..105967.92 rows=11472 width=3) (actual time=0.670..345.141 rows=6527 loops=1)
Gather  (cost=1000.00..110762.42 rows=59417 width=3) (actual time=0.549..349.493 rows=59423 loops=1)
Gather  (cost=1000.00..105967.92 rows=11472 width=3) (actual time=0.547..354.562 rows=14699 loops=1)
Seq Scan on area_v_con  (cost=0.00..152138.54 rows=489031 width=4) (actual time=0.499..1124.255 rows=473031 loops=1)
Gather  (cost=1000.00..105967.92 rows=11472 width=3) (actual time=0.697..342.647 rows=9703 loops=1)
Gather  (cost=1000.00..105967.92 rows=11472 width=3) (actual time=0.632..344.220 rows=4920 loops=1)
Gather  (cost=1000.00..105967.92 rows=11472 width=3) (actual time=0.629..354.513 rows=14875 loops=1)
Gather  (cost=1000.00..109083.72 rows=42630 width=3) (actual time=0.689..346.162 rows=41350 loops=1)
Seq Scan on area_v_con  (cost=0.00..152138.54 rows=1422256 width=4) (actual time=0.368..1175.890 rows=1419652 loops=1)
Seq Scan on area_v_con  (cost=0.00..152138.54 rows=489031 width=4) (actual time=0.458..1121.718 rows=473031 loops=1)
Gather  (cost=1000.00..110674.12 rows=58534 width=3) (actual time=0.754..356.792 rows=59423 loops=1)
Gather  (cost=1000.00..147009.12 rows=421884 width=4) (actual time=0.573..483.796 rows=434439 loops=1)
Gather  (cost=1000.00..149262.02 rows=444413 width=4) (actual time=0.585..486.268 rows=443206 loops=1)
Gather  (cost=1000.00..110409.02 rows=55883 width=3) (actual time=0.556..350.747 rows=59423 loops=1)
Seq Scan on area_v_con  (cost=0.00..152138.54 rows=504714 width=4) (actual time=0.362..1119.348 rows=516862 loops=1)
Seq Scan on area_v_con  (cost=0.00..152138.54 rows=923505 width=4) (actual time=0.361..1141.106 rows=926646 loops=1)
Seq Scan on area_v_con  (cost=0.00..152138.54 rows=490357 width=4) (actual time=0.441..1117.364 rows=495041 loops=1)
Gather  (cost=1000.00..110607.82 rows=57871 width=3) (actual time=0.765..349.560 rows=59423 loops=1)
Gather  (cost=1000.00..107272.52 rows=24518 width=3) (actual time=0.637..351.999 rows=23240 loops=1)
Seq Scan on area_v_con  (cost=0.00..152138.54 rows=1422256 width=4) (actual time=0.374..1166.890 rows=1419652 loops=1)
Seq Scan on area_v_con  (cost=0.00..152138.54 rows=923505 width=4) (actual time=0.355..1142.075 rows=926646 loops=1)
Gather  (cost=1000.00..149262.02 rows=444413 width=4) (actual time=0.641..493.009 rows=443206 loops=1)
Seq Scan on area_v_con  (cost=0.00..152138.54 rows=1422256 width=4) (actual time=0.368..1170.715 rows=1419652 loops=1)
Gather  (cost=1000.00..105967.92 rows=11472 width=3) (actual time=0.683..343.611 rows=13151 loops=1)
Gather  (cost=1000.00..105967.92 rows=11472 width=3) (actual time=0.618..339.683 rows=18152 loops=1)
Seq Scan on area_v_con  (cost=0.00..152138.54 rows=602344 width=4) (actual time=0.375..1127.931 rows=595837 loops=1)
Gather  (cost=1000.00..105967.92 rows=11472 width=3) (actual time=0.648..341.273 rows=4775 loops=1)
Gather  (cost=1000.00..109304.62 rows=44839 width=3) (actual time=0.571..346.486 rows=41350 loops=1)
Gather  (cost=1000.00..108951.22 rows=41305 width=3) (actual time=0.582..346.081 rows=41350 loops=1)
Gather  (cost=1000.00..105967.92 rows=11472 width=3) (actual time=0.596..356.001 rows=14709 loops=1)
Gather  (cost=1000.00..146147.62 rows=413269 width=4) (actual time=0.594..477.070 rows=424881 loops=1)
Gather  (cost=1000.00..109260.42 rows=44397 width=3) (actual time=0.597..352.955 rows=41350 loops=1)
Gather  (cost=1000.00..105967.92 rows=11472 width=3) (actual time=0.601..348.013 rows=1647 loops=1)
Seq Scan on area_v_con  (cost=0.00..152138.54 rows=923505 width=4) (actual time=0.368..1141.721 rows=926646 loops=1)
Gather  (cost=1000.00..107625.92 rows=28052 width=3) (actual time=0.576..348.939 rows=31459 loops=1)
Gather  (cost=1000.00..146147.62 rows=413269 width=4) (actual time=0.594..488.897 rows=424881 loops=1)
Gather  (cost=1000.00..105967.92 rows=11472 width=3) (actual time=0.807..346.318 rows=13307 loops=1)
Gather  (cost=1000.00..109083.72 rows=42630 width=3) (actual time=0.588..353.845 rows=41350 loops=1)
Seq Scan on area_v_con  (cost=0.00..152138.54 rows=490357 width=4) (actual time=0.381..1116.856 rows=495041 loops=1)
Seq Scan on area_v_con  (cost=0.00..152138.54 rows=1422256 width=4) (actual time=0.363..1171.539 rows=1419652 loops=1)
Seq Scan on area_v_con  (cost=0.00..152138.54 rows=504714 width=4) (actual time=0.353..1119.721 rows=516862 loops=1)
Gather  (cost=1000.00..105967.92 rows=11472 width=3) (actual time=0.708..339.914 rows=18152 loops=1)
Gather  (cost=1000.00..149262.02 rows=444413 width=4) (actual time=0.580..481.853 rows=443206 loops=1)
Gather  (cost=1000.00..149262.02 rows=444413 width=4) (actual time=0.571..480.604 rows=443206 loops=1)
Gather  (cost=1000.00..147009.12 rows=421884 width=4) (actual time=0.566..486.297 rows=434439 loops=1)
Gather  (cost=1000.00..105967.92 rows=11472 width=3) (actual time=1.249..337.240 rows=4951 loops=1)
Seq Scan on area_v_con  (cost=0.00..152138.54 rows=923505 width=4) (actual time=0.360..1148.686 rows=926646 loops=1)
Seq Scan on area_v_con  (cost=0.00..152138.54 rows=923505 width=4) (actual time=0.350..1145.214 rows=926646 loops=1)
Gather  (cost=1000.00..105967.92 rows=11472 width=3) (actual time=0.571..337.416 rows=4942 loops=1)
Gather  (cost=1000.00..105967.92 rows=11472 width=3) (actual time=0.593..344.637 rows=14709 loops=1)
Seq Scan on area_v_con  (cost=0.00..152138.54 rows=490357 width=4) (actual time=0.390..1121.377 rows=495041 loops=1)
Gather  (cost=1000.00..105967.92 rows=11472 width=3) (actual time=0.606..342.715 rows=14709 loops=1)
Gather  (cost=1000.00..105967.92 rows=11472 width=3) (actual time=0.716..350.076 rows=6637 loops=1)
Gather  (cost=1000.00..105967.92 rows=11472 width=3) (actual time=0.602..340.773 rows=18152 loops=1)
Seq Scan on area_v_con  (cost=0.00..152138.54 rows=602344 width=4) (actual time=0.411..1132.302 rows=595837 loops=1)
Seq Scan on area_v_con  (cost=0.00..152138.54 rows=1422256 width=4) (actual time=0.391..1171.919 rows=1419652 loops=1)
Gather  (cost=1000.00..105967.92 rows=11472 width=3) (actual time=0.591..340.904 rows=4942 loops=1)
Gather  (cost=1000.00..105967.92 rows=11472 width=3) (actual time=0.589..344.138 rows=8243 loops=1)
Gather  (cost=1000.00..104820.82 rows=1 width=4) (actual time=418.266..423.037 rows=0 loops=1)
Gather  (cost=1000.00..110607.82 rows=57871 width=3) (actual time=0.542..357.751 rows=59423 loops=1)
Seq Scan on area_v_con  (cost=0.00..152138.54 rows=489031 width=4) (actual time=0.462..1124.721 rows=473031 loops=1)
Gather  (cost=1000.00..147009.12 rows=421884 width=4) (actual time=0.584..495.406 rows=434439 loops=1)
Seq Scan on area_v_con  (cost=0.00..152138.54 rows=489031 width=4) (actual time=0.460..1127.512 rows=473031 loops=1)
Gather  (cost=1000.00..105967.92 rows=11472 width=3) (actual time=0.748..341.798 rows=23047 loops=1)
Seq Scan on area_v_con  (cost=0.00..152138.54 rows=504714 width=4) (actual time=0.364..1128.512 rows=516862 loops=1)
Seq Scan on area_v_con  (cost=0.00..152138.54 rows=477987 width=4) (actual time=0.448..1122.221 rows=470990 loops=1)
Gather  (cost=1000.00..105967.92 rows=11472 width=3) (actual time=0.677..349.553 rows=6626 loops=1)
Gather  (cost=1000.00..147009.12 rows=421884 width=4) (actual time=0.556..480.748 rows=434439 loops=1)
Gather  (cost=1000.00..105967.92 rows=11472 width=3) (actual time=0.584..345.984 rows=8243 loops=1)
Gather  (cost=1000.00..105967.92 rows=11472 width=3) (actual time=0.820..338.619 rows=8242 loops=1)
Gather  (cost=1000.00..105967.92 rows=11472 width=3) (actual time=0.635..341.860 rows=4920 loops=1)
Seq Scan on area_v_con  (cost=0.00..152138.54 rows=923505 width=4) (actual time=0.365..1148.339 rows=926646 loops=1)
Gather  (cost=1000.00..105967.92 rows=11472 width=3) (actual time=0.905..342.118 rows=8242 loops=1)
Seq Scan on area_v_con  (cost=0.00..152138.54 rows=490357 width=4) (actual time=0.395..1119.793 rows=495041 loops=1)
Gather  (cost=1000.00..105967.92 rows=11472 width=3) (actual time=0.839..341.327 rows=23047 loops=1)
Seq Scan on area_v_con  (cost=0.00..152138.54 rows=923505 width=4) (actual time=0.371..1146.536 rows=926646 loops=1)
Seq Scan on area_v_con  (cost=0.00..152138.54 rows=490357 width=4) (actual time=0.381..1126.440 rows=495041 loops=1)
Gather  (cost=1000.00..149262.02 rows=444413 width=4) (actual time=0.591..489.119 rows=443206 loops=1)
Gather  (cost=1000.00..110939.12 rows=61184 width=3) (actual time=0.568..349.737 rows=59423 loops=1)
Gather  (cost=1000.00..105967.92 rows=11472 width=3) (actual time=0.642..341.518 rows=3444 loops=1)
Gather  (cost=1000.00..105967.92 rows=11472 width=3) (actual time=0.590..342.471 rows=9970 loops=1)
Gather  (cost=1000.00..107692.22 rows=28715 width=3) (actual time=0.563..343.801 rows=31459 loops=1)
Gather  (cost=1000.00..105967.92 rows=11472 width=3) (actual time=0.562..350.503 rows=4942 loops=1)
Seq Scan on area_v_con  (cost=0.00..152138.54 rows=923505 width=4) (actual time=0.367..1142.673 rows=926646 loops=1)
Seq Scan on area_v_con  (cost=0.00..152138.54 rows=602344 width=4) (actual time=0.369..1124.682 rows=595837 loops=1)
Gather  (cost=1000.00..146147.62 rows=413269 width=4) (actual time=0.599..477.029 rows=424881 loops=1)
Gather  (cost=1000.00..147009.12 rows=421884 width=4) (actual time=0.553..486.995 rows=434439 loops=1)
Seq Scan on area_v_con  (cost=0.00..152138.54 rows=504714 width=4) (actual time=0.370..1123.455 rows=516862 loops=1)
Gather  (cost=1000.00..104820.82 rows=1 width=4) (actual time=412.826..417.653 rows=0 loops=1)
Gather  (cost=1000.00..105967.92 rows=11472 width=3) (actual time=0.588..350.663 rows=14709 loops=1)
Seq Scan on area_v_con  (cost=0.00..152138.54 rows=1422256 width=4) (actual time=0.368..1173.772 rows=1419652 loops=1)
Gather  (cost=1000.00..105967.92 rows=11472 width=3) (actual time=0.763..349.187 rows=13300 loops=1)
Seq Scan on area_v_con  (cost=0.00..152138.54 rows=602344 width=4) (actual time=0.372..1124.491 rows=595837 loops=1)
Gather  (cost=1000.00..105967.92 rows=11472 width=3) (actual time=0.444..340.627 rows=9970 loops=1)
Gather  (cost=1000.00..105967.92 rows=11472 width=3) (actual time=0.665..338.810 rows=9703 loops=1)
Gather  (cost=1000.00..105967.92 rows=11472 width=3) (actual time=0.609..357.776 rows=14709 loops=1)
Seq Scan on area_v_con  (cost=0.00..152138.54 rows=602344 width=4) (actual time=0.380..1129.592 rows=595837 loops=1)
Gather  (cost=1000.00..147009.12 rows=421884 width=4) (actual time=0.714..488.086 rows=434439 loops=1)
Gather  (cost=1000.00..107625.92 rows=28052 width=3) (actual time=0.547..353.694 rows=31459 loops=1)
Seq Scan on area_v_con  (cost=0.00..152138.54 rows=923505 width=4) (actual time=0.371..1147.463 rows=926646 loops=1)
Gather  (cost=1000.00..107935.12 rows=31144 width=3) (actual time=0.592..363.506 rows=31459 loops=1)
Gather  (cost=1000.00..105967.92 rows=11472 width=3) (actual time=0.557..342.840 rows=8059 loops=1)
Gather  (cost=1000.00..105967.92 rows=11472 width=3) (actual time=0.569..342.321 rows=23173 loops=1)
Seq Scan on area_v_con  (cost=0.00..152138.54 rows=602344 width=4) (actual time=0.367..1126.767 rows=595837 loops=1)
Seq Scan on area_v_con  (cost=0.00..152138.54 rows=923505 width=4) (actual time=0.365..1144.939 rows=926646 loops=1)
Gather  (cost=1000.00..105967.92 rows=11472 width=3) (actual time=0.691..345.105 rows=9703 loops=1)
Seq Scan on area_v_con  (cost=0.00..152138.54 rows=923505 width=4) (actual time=0.374..1153.933 rows=926646 loops=1)
Seq Scan on area_v_con  (cost=0.00..152138.54 rows=923505 width=4) (actual time=0.361..1148.409 rows=926646 loops=1)
Seq Scan on area_v_con  (cost=0.00..152138.54 rows=923505 width=4) (actual time=0.423..1140.066 rows=926646 loops=1)
Gather  (cost=1000.00..147009.12 rows=421884 width=4) (actual time=0.638..484.654 rows=434439 loops=1)
Gather  (cost=1000.00..105967.92 rows=11472 width=3) (actual time=0.611..337.763 rows=8242 loops=1)
Gather  (cost=1000.00..105967.92 rows=11472 width=3) (actual time=0.584..339.798 rows=14709 loops=1)
Gather  (cost=1000.00..110850.82 rows=60301 width=3) (actual time=0.565..349.434 rows=59423 loops=1)
Gather  (cost=1000.00..105967.92 rows=11472 width=3) (actual time=0.658..361.572 rows=23047 loops=1)
Gather  (cost=1000.00..110961.22 rows=61405 width=3) (actual time=0.551..361.471 rows=59423 loops=1)
Seq Scan on area_v_con  (cost=0.00..152138.54 rows=489031 width=4) (actual time=0.484..1123.458 rows=473031 loops=1)
Seq Scan on area_v_con  (cost=0.00..152138.54 rows=1422256 width=4) (actual time=0.361..1177.122 rows=1419652 loops=1)
Gather  (cost=1000.00..105967.92 rows=11472 width=3) (actual time=0.761..337.002 rows=6527 loops=1)
Gather  (cost=1000.00..109260.42 rows=44397 width=3) (actual time=0.573..352.769 rows=41350 loops=1)
Seq Scan on area_v_con  (cost=0.00..152138.54 rows=1422256 width=4) (actual time=0.375..1167.131 rows=1419652 loops=1)
Seq Scan on area_v_con  (cost=0.00..152138.54 rows=1422256 width=4) (actual time=0.435..1165.906 rows=1419652 loops=1)
Gather  (cost=1000.00..105967.92 rows=11472 width=3) (actual time=0.762..335.392 rows=1617 loops=1)
Seq Scan on area_v_con  (cost=0.00..152138.54 rows=490357 width=4) (actual time=0.388..1116.931 rows=495041 loops=1)
Gather  (cost=1000.00..147009.12 rows=421884 width=4) (actual time=0.610..482.727 rows=434439 loops=1)
Gather  (cost=1000.00..146147.62 rows=413269 width=4) (actual time=0.597..477.405 rows=424881 loops=1)
Gather  (cost=1000.00..105967.92 rows=11472 width=3) (actual time=0.546..346.666 rows=8059 loops=1)
Gather  (cost=1000.00..105967.92 rows=11472 width=3) (actual time=0.559..341.256 rows=23173 loops=1)
Seq Scan on area_v_con  (cost=0.00..152138.54 rows=923505 width=4) (actual time=0.366..1146.809 rows=926646 loops=1)
Gather  (cost=1000.00..105967.92 rows=11472 width=3) (actual time=0.573..347.625 rows=8059 loops=1)
Gather  (cost=1000.00..148489.02 rows=436683 width=4) (actual time=0.616..485.595 rows=425955 loops=1)
Gather  (cost=1000.00..105967.92 rows=11472 width=3) (actual time=0.687..356.117 rows=6527 loops=1)
Seq Scan on area_v_con  (cost=0.00..152138.54 rows=477987 width=4) (actual time=0.441..1132.473 rows=470990 loops=1)
Gather  (cost=1000.00..149262.02 rows=444413 width=4) (actual time=0.644..487.619 rows=443206 loops=1)
Gather  (cost=1000.00..105967.92 rows=11472 width=3) (actual time=0.976..345.036 rows=3312 loops=1)
Gather  (cost=1000.00..147009.12 rows=421884 width=4) (actual time=0.558..485.098 rows=434439 loops=1)
Gather  (cost=1000.00..105967.92 rows=11472 width=3) (actual time=0.632..347.300 rows=4775 loops=1)
Gather  (cost=1000.00..105967.92 rows=11472 width=3) (actual time=0.667..353.216 rows=23047 loops=1)
Gather  (cost=1000.00..105967.92 rows=11472 width=3) (actual time=0.627..344.277 rows=18152 loops=1)
Seq Scan on area_v_con  (cost=0.00..152138.54 rows=477987 width=4) (actual time=0.445..1121.445 rows=470990 loops=1)
Gather  (cost=1000.00..109039.52 rows=42188 width=3) (actual time=0.576..351.894 rows=41350 loops=1)
Seq Scan on area_v_con  (cost=0.00..152138.54 rows=923505 width=4) (actual time=0.377..1148.001 rows=926646 loops=1)
Gather  (cost=1000.00..105967.92 rows=11472 width=3) (actual time=0.732..343.678 rows=23047 loops=1)
Gather  (cost=1000.00..105967.92 rows=11472 width=3) (actual time=0.610..341.082 rows=18152 loops=1)
Seq Scan on area_v_con  (cost=0.00..152138.54 rows=1422256 width=4) (actual time=0.369..1170.895 rows=1419652 loops=1)
Gather  (cost=1000.00..110894.92 rows=60742 width=3) (actual time=0.625..369.284 rows=59423 loops=1)
Seq Scan on area_v_con  (cost=0.00..152138.54 rows=489031 width=4) (actual time=0.454..1124.575 rows=473031 loops=1)
Seq Scan on area_v_con  (cost=0.00..152138.54 rows=490357 width=4) (actual time=0.384..1122.926 rows=495041 loops=1)
Gather  (cost=1000.00..105967.92 rows=11472 width=3) (actual time=0.688..351.053 rows=14699 loops=1)
Seq Scan on area_v_con  (cost=0.00..152138.54 rows=1422256 width=4) (actual time=0.371..1175.187 rows=1419652 loops=1)
Seq Scan on area_v_con  (cost=0.00..152138.54 rows=923505 width=4) (actual time=0.367..1146.916 rows=926646 loops=1)
Gather  (cost=1000.00..105967.92 rows=11472 width=3) (actual time=0.702..341.010 rows=18152 loops=1)
Seq Scan on area_v_con  (cost=0.00..152138.54 rows=1422256 width=4) (actual time=0.425..1175.569 rows=1419652 loops=1)
Seq Scan on area_v_con  (cost=0.00..152138.54 rows=489031 width=4) (actual time=0.470..1119.356 rows=473031 loops=1)
Seq Scan on area_v_con  (cost=0.00..152138.54 rows=504714 width=4) (actual time=0.357..1120.226 rows=516862 loops=1)
Gather  (cost=1000.00..110740.32 rows=59196 width=3) (actual time=0.595..349.484 rows=59423 loops=1)
Gather  (cost=1000.00..105967.92 rows=11472 width=3) (actual time=0.640..351.270 rows=23240 loops=1)
Gather  (cost=1000.00..105967.92 rows=11472 width=3) (actual time=0.677..340.320 rows=9703 loops=1)
Seq Scan on area_v_con  (cost=0.00..152138.54 rows=923505 width=4) (actual time=0.420..1141.281 rows=926646 loops=1)
Seq Scan on area_v_con  (cost=0.00..152138.54 rows=490357 width=4) (actual time=0.374..1117.617 rows=495041 loops=1)
Gather  (cost=1000.00..105967.92 rows=11472 width=3) (actual time=0.776..343.850 rows=13151 loops=1)
Gather  (cost=1000.00..147009.12 rows=421884 width=4) (actual time=0.559..485.232 rows=434439 loops=1)
Gather  (cost=1000.00..105967.92 rows=11472 width=3) (actual time=0.632..343.183 rows=14875 loops=1)
Seq Scan on area_v_con  (cost=0.00..152138.54 rows=504714 width=4) (actual time=0.362..1121.045 rows=516862 loops=1)
Gather  (cost=1000.00..105967.92 rows=11472 width=3) (actual time=0.913..351.718 rows=23240 loops=1)
Gather  (cost=1000.00..105967.92 rows=11472 width=3) (actual time=0.682..347.707 rows=13307 loops=1)
Gather  (cost=1000.00..107780.52 rows=29598 width=3) (actual time=0.575..344.844 rows=31459 loops=1)
Gather  (cost=1000.00..105967.92 rows=11472 width=3) (actual time=0.606..341.781 rows=6538 loops=1)
Gather  (cost=1000.00..110740.32 rows=59196 width=3) (actual time=0.556..350.427 rows=59423 loops=1)
Seq Scan on area_v_con  (cost=0.00..152138.54 rows=923505 width=4) (actual time=0.372..1147.566 rows=926646 loops=1)
Seq Scan on area_v_con  (cost=0.00..152138.54 rows=1422256 width=4) (actual time=0.365..1169.713 rows=1419652 loops=1)
Seq Scan on area_v_con  (cost=0.00..152138.54 rows=504714 width=4) (actual time=0.402..1119.134 rows=516862 loops=1)
Gather  (cost=1000.00..148489.02 rows=436683 width=4) (actual time=0.734..479.929 rows=425955 loops=1)
Seq Scan on area_v_con  (cost=0.00..152138.54 rows=490357 width=4) (actual time=0.440..1121.604 rows=495041 loops=1)
Gather  (cost=1000.00..105967.92 rows=11472 width=3) (actual time=0.636..340.523 rows=6618 loops=1)
Gather  (cost=1000.00..105967.92 rows=11472 width=3) (actual time=0.557..346.828 rows=8059 loops=1)
Gather  (cost=1000.00..105967.92 rows=11472 width=3) (actual time=0.784..344.716 rows=6527 loops=1)
Gather  (cost=1000.00..110607.82 rows=57871 width=3) (actual time=0.649..350.438 rows=59423 loops=1)
Gather  (cost=1000.00..105967.92 rows=11472 width=3) (actual time=0.782..343.491 rows=6527 loops=1)
Seq Scan on area_v_con  (cost=0.00..152138.54 rows=489031 width=4) (actual time=0.460..1124.361 rows=473031 loops=1)
Seq Scan on area_v_con  (cost=0.00..152138.54 rows=1422256 width=4) (actual time=0.369..1170.533 rows=1419652 loops=1)
Seq Scan on area_v_con  (cost=0.00..152138.54 rows=504714 width=4) (actual time=0.356..1123.081 rows=516862 loops=1)
Seq Scan on area_v_con  (cost=0.00..152138.54 rows=602344 width=4) (actual time=0.369..1128.094 rows=595837 loops=1)
Gather  (cost=1000.00..105967.92 rows=11472 width=3) (actual time=0.619..345.473 rows=11597 loops=1)
Seq Scan on area_v_con  (cost=0.00..152138.54 rows=489031 width=4) (actual time=0.486..1120.701 rows=473031 loops=1)
Gather  (cost=1000.00..105967.92 rows=11472 width=3) (actual time=0.604..349.910 rows=8243 loops=1)
Seq Scan on area_v_con  (cost=0.00..152138.54 rows=477987 width=4) (actual time=0.444..1123.364 rows=470990 loops=1)
Gather  (cost=1000.00..105967.92 rows=11472 width=3) (actual time=0.647..340.990 rows=8243 loops=1)
Gather  (cost=1000.00..110917.02 rows=60963 width=3) (actual time=0.601..352.106 rows=59423 loops=1)
Gather  (cost=1000.00..105967.92 rows=11472 width=3) (actual time=0.570..340.924 rows=19619 loops=1)
Gather  (cost=1000.00..108951.22 rows=41305 width=3) (actual time=0.586..352.849 rows=41350 loops=1)
Gather  (cost=1000.00..149262.02 rows=444413 width=4) (actual time=0.567..489.166 rows=443206 loops=1)
Seq Scan on area_v_con  (cost=0.00..152138.54 rows=602344 width=4) (actual time=0.405..1127.640 rows=595837 loops=1)
Seq Scan on area_v_con  (cost=0.00..152138.54 rows=1422256 width=4) (actual time=0.370..1173.629 rows=1419652 loops=1)
Seq Scan on area_v_con  (cost=0.00..152138.54 rows=923505 width=4) (actual time=0.368..1145.950 rows=926646 loops=1)
Seq Scan on area_v_con  (cost=0.00..152138.54 rows=504714 width=4) (actual time=0.368..1123.177 rows=516862 loops=1)
Seq Scan on area_v_con  (cost=0.00..152138.54 rows=602344 width=4) (actual time=0.373..1126.796 rows=595837 loops=1)
Seq Scan on area_v_con  (cost=0.00..152138.54 rows=602344 width=4) (actual time=0.093..1130.322 rows=595837 loops=1)
Gather  (cost=1000.00..148489.02 rows=436683 width=4) (actual time=0.336..478.222 rows=425955 loops=1)
Seq Scan on area_v_con  (cost=0.00..152138.54 rows=1422256 width=4) (actual time=0.088..1170.342 rows=1419652 loops=1)
Gather  (cost=1000.00..105967.92 rows=11472 width=3) (actual time=0.610..339.041 rows=11597 loops=1)
Gather  (cost=1000.00..105967.92 rows=11472 width=3) (actual time=0.380..341.905 rows=6626 loops=1)
Gather  (cost=1000.00..105967.92 rows=11472 width=3) (actual time=0.682..341.416 rows=23047 loops=1)
Gather  (cost=1000.00..105967.92 rows=11472 width=3) (actual time=0.587..346.758 rows=8243 loops=1)
Gather  (cost=1000.00..105967.92 rows=11472 width=3) (actual time=0.620..348.887 rows=18152 loops=1)
Gather  (cost=1000.00..105967.92 rows=11472 width=3) (actual time=0.715..345.994 rows=9703 loops=1)
Gather  (cost=1000.00..105967.92 rows=11472 width=3) (actual time=0.758..340.552 rows=14875 loops=1)
Seq Scan on area_v_con  (cost=0.00..152138.54 rows=602344 width=4) (actual time=0.371..1131.535 rows=595837 loops=1)
Gather  (cost=1000.00..105967.92 rows=11472 width=3) (actual time=0.786..351.102 rows=13307 loops=1)
Gather  (cost=1000.00..109282.52 rows=44618 width=3) (actual time=0.568..353.815 rows=41350 loops=1)
Seq Scan on area_v_con  (cost=0.00..152138.54 rows=1422256 width=4) (actual time=0.422..1170.033 rows=1419652 loops=1)
Gather  (cost=1000.00..105967.92 rows=11472 width=3) (actual time=0.898..345.097 rows=9962 loops=1)
Gather  (cost=1000.00..105967.92 rows=11472 width=3) (actual time=0.616..337.706 rows=8192 loops=1)
Seq Scan on area_v_con  (cost=0.00..152138.54 rows=489031 width=4) (actual time=0.517..1120.847 rows=473031 loops=1)
Seq Scan on area_v_con  (cost=0.00..152138.54 rows=489031 width=4) (actual time=0.488..1121.636 rows=473031 loops=1)
Seq Scan on area_v_con  (cost=0.00..152138.54 rows=489031 width=4) (actual time=0.533..1118.135 rows=473031 loops=1)
Seq Scan on area_v_con  (cost=0.00..152138.54 rows=923505 width=4) (actual time=0.361..1144.780 rows=926646 loops=1)
Seq Scan on area_v_con  (cost=0.00..152138.54 rows=477987 width=4) (actual time=0.393..1122.532 rows=470990 loops=1)
Seq Scan on area_v_con  (cost=0.00..152138.54 rows=1422256 width=4) (actual time=0.062..1171.742 rows=1419652 loops=1)
Gather  (cost=1000.00..105967.92 rows=11472 width=3) (actual time=0.384..343.079 rows=6626 loops=1)
Seq Scan on area_v_con  (cost=0.00..152138.54 rows=923505 width=4) (actual time=0.071..1151.055 rows=926646 loops=1)
Seq Scan on area_v_con  (cost=0.00..152138.54 rows=477987 width=4) (actual time=0.437..1113.973 rows=470990 loops=1)
Gather  (cost=1000.00..105967.92 rows=11472 width=3) (actual time=0.410..355.898 rows=23047 loops=1)
Gather  (cost=1000.00..105967.92 rows=11472 width=3) (actual time=0.610..339.943 rows=18152 loops=1)
Seq Scan on area_v_con  (cost=0.00..152138.54 rows=923505 width=4) (actual time=0.401..1145.902 rows=926646 loops=1)
Gather  (cost=1000.00..105967.92 rows=11472 width=3) (actual time=0.839..336.380 rows=9962 loops=1)
Gather  (cost=1000.00..105967.92 rows=11472 width=3) (actual time=0.728..357.884 rows=13300 loops=1)
Gather  (cost=1000.00..111027.52 rows=62068 width=3) (actual time=0.542..349.104 rows=59423 loops=1)
Seq Scan on area_v_con  (cost=0.00..152138.54 rows=923505 width=4) (actual time=0.373..1143.811 rows=926646 loops=1)
Gather  (cost=1000.00..110939.12 rows=61184 width=3) (actual time=0.581..350.347 rows=59423 loops=1)
Gather  (cost=1000.00..105967.92 rows=11472 width=3) (actual time=0.668..355.926 rows=4958 loops=1)
Gather  (cost=1000.00..105967.92 rows=11472 width=3) (actual time=0.744..336.846 rows=1570 loops=1)
Gather  (cost=1000.00..105967.92 rows=11472 width=3) (actual time=0.974..345.274 rows=6518 loops=1)
Seq Scan on area_v_con  (cost=0.00..152138.54 rows=504714 width=4) (actual time=0.366..1123.645 rows=516862 loops=1)
Gather  (cost=1000.00..105967.92 rows=11472 width=3) (actual time=0.576..354.112 rows=14699 loops=1)
Gather  (cost=1000.00..149262.02 rows=444413 width=4) (actual time=0.571..486.256 rows=443206 loops=1)
Seq Scan on area_v_con  (cost=0.00..152138.54 rows=490357 width=4) (actual time=0.389..1120.729 rows=495041 loops=1)
Seq Scan on area_v_con  (cost=0.00..152138.54 rows=923505 width=4) (actual time=0.379..1147.785 rows=926646 loops=1)
Seq Scan on area_v_con  (cost=0.00..152138.54 rows=923505 width=4) (actual time=0.369..1144.965 rows=926646 loops=1)
Seq Scan on area_v_con  (cost=0.00..152138.54 rows=1422256 width=4) (actual time=0.371..1172.787 rows=1419652 loops=1)
Gather  (cost=1000.00..108973.32 rows=41526 width=3) (actual time=0.594..346.757 rows=41350 loops=1)
Seq Scan on area_v_con  (cost=0.00..152138.54 rows=1422256 width=4) (actual time=0.434..1168.855 rows=1419652 loops=1)
Seq Scan on area_v_con  (cost=0.00..152138.54 rows=602344 width=4) (actual time=0.365..1127.885 rows=595837 loops=1)
Gather  (cost=1000.00..108973.32 rows=41526 width=3) (actual time=0.557..352.722 rows=41350 loops=1)
Gather  (cost=1000.00..110939.12 rows=61184 width=3) (actual time=0.553..352.916 rows=59423 loops=1)
Gather  (cost=1000.00..105967.92 rows=11472 width=3) (actual time=0.641..343.793 rows=8192 loops=1)
Seq Scan on area_v_con  (cost=0.00..152138.54 rows=490357 width=4) (actual time=0.441..1119.105 rows=495041 loops=1)
Seq Scan on area_v_con  (cost=0.00..152138.54 rows=1422256 width=4) (actual time=0.411..1172.566 rows=1419652 loops=1)
Seq Scan on area_v_con  (cost=0.00..152138.54 rows=1422256 width=4) (actual time=0.368..1170.538 rows=1419652 loops=1)
Gather  (cost=1000.00..105967.92 rows=11472 width=3) (actual time=0.629..340.107 rows=18152 loops=1)
Gather  (cost=1000.00..105967.92 rows=11472 width=3) (actual time=0.688..336.910 rows=6527 loops=1)
Gather  (cost=1000.00..110409.02 rows=55883 width=3) (actual time=0.548..354.346 rows=59423 loops=1)
Gather  (cost=1000.00..107272.52 rows=24518 width=3) (actual time=0.691..342.992 rows=23047 loops=1)
Gather  (cost=1000.00..149262.02 rows=444413 width=4) (actual time=0.578..486.339 rows=443206 loops=1)
Seq Scan on area_v_con  (cost=0.00..152138.54 rows=490357 width=4) (actual time=0.390..1126.692 rows=495041 loops=1)
Gather  (cost=1000.00..108730.32 rows=39096 width=3) (actual time=0.642..351.562 rows=41350 loops=1)
Seq Scan on area_v_con  (cost=0.00..152138.54 rows=477987 width=4) (actual time=0.442..1122.190 rows=470990 loops=1)
Gather  (cost=1000.00..105967.92 rows=11472 width=3) (actual time=0.655..351.206 rows=14875 loops=1)
Gather  (cost=1000.00..147009.12 rows=421884 width=4) (actual time=0.565..478.524 rows=434439 loops=1)
Seq Scan on area_v_con  (cost=0.00..152138.54 rows=489031 width=4) (actual time=0.465..1121.138 rows=473031 loops=1)
Seq Scan on area_v_con  (cost=0.00..152138.54 rows=923505 width=4) (actual time=0.614..1144.470 rows=926646 loops=1)
Gather  (cost=1000.00..107206.22 rows=23855 width=3) (actual time=0.712..344.861 rows=23240 loops=1)
Gather  (cost=1000.00..105967.92 rows=11472 width=3) (actual time=0.583..339.777 rows=14709 loops=1)
Gather  (cost=1000.00..105967.92 rows=11472 width=3) (actual time=0.599..343.059 rows=8243 loops=1)
Gather  (cost=1000.00..105967.92 rows=11472 width=3) (actual time=0.654..342.789 rows=23240 loops=1)
Gather  (cost=1000.00..105967.92 rows=11472 width=3) (actual time=0.630..342.303 rows=8192 loops=1)
Seq Scan on area_v_con  (cost=0.00..152138.54 rows=504714 width=4) (actual time=0.366..1124.644 rows=516862 loops=1)
Gather  (cost=1000.00..105967.92 rows=11472 width=3) (actual time=0.592..342.077 rows=19619 loops=1)
Seq Scan on area_v_con  (cost=0.00..152138.54 rows=602344 width=4) (actual time=0.394..1125.124 rows=595837 loops=1)
Seq Scan on area_v_con  (cost=0.00..152138.54 rows=923505 width=4) (actual time=0.372..1143.646 rows=926646 loops=1)
Seq Scan on area_v_con  (cost=0.00..152138.54 rows=923505 width=4) (actual time=0.363..1144.199 rows=926646 loops=1)
Seq Scan on area_v_con  (cost=0.00..152138.54 rows=477987 width=4) (actual time=0.436..1123.577 rows=470990 loops=1)
Gather  (cost=1000.00..147009.12 rows=421884 width=4) (actual time=0.703..484.810 rows=434439 loops=1)
Gather  (cost=1000.00..110961.22 rows=61405 width=3) (actual time=0.548..353.554 rows=59423 loops=1)
Gather  (cost=1000.00..105967.92 rows=11472 width=3) (actual time=0.555..349.786 rows=23173 loops=1)
Gather  (cost=1000.00..149262.02 rows=444413 width=4) (actual time=0.579..498.495 rows=443206 loops=1)
Gather  (cost=1000.00..105967.92 rows=11472 width=3) (actual time=0.828..342.079 rows=9962 loops=1)
Gather  (cost=1000.00..108995.42 rows=41747 width=3) (actual time=0.565..350.525 rows=41350 loops=1)
Seq Scan on area_v_con  (cost=0.00..152138.54 rows=1422256 width=4) (actual time=0.367..1184.112 rows=1419652 loops=1)
Gather  (cost=1000.00..105967.92 rows=11472 width=3) (actual time=0.682..339.246 rows=13307 loops=1)
Seq Scan on area_v_con  (cost=0.00..152138.54 rows=602344 width=4) (actual time=0.385..1122.849 rows=595837 loops=1)
Gather  (cost=1000.00..105967.92 rows=11472 width=3) (actual time=0.701..342.828 rows=14709 loops=1)
Seq Scan on area_v_con  (cost=0.00..152138.54 rows=923505 width=4) (actual time=0.030..1145.311 rows=926646 loops=1)
Gather  (cost=1000.00..105967.92 rows=11472 width=3) (actual time=0.657..350.185 rows=14699 loops=1)
Seq Scan on area_v_con  (cost=0.00..152138.54 rows=504714 width=4) (actual time=0.032..1121.757 rows=516862 loops=1)
Gather  (cost=1000.00..105967.92 rows=11472 width=3) (actual time=0.242..348.116 rows=6613 loops=1)
Seq Scan on area_v_con  (cost=0.00..152138.54 rows=490357 width=4) (actual time=0.389..1121.087 rows=495041 loops=1)
Gather  (cost=1000.00..107758.42 rows=29377 width=3) (actual time=0.625..352.530 rows=31459 loops=1)
Gather  (cost=1000.00..105967.92 rows=11472 width=3) (actual time=0.552..338.061 rows=8059 loops=1)
Seq Scan on area_v_con  (cost=0.00..152138.54 rows=504714 width=4) (actual time=0.362..1120.734 rows=516862 loops=1)
Gather  (cost=1000.00..105967.92 rows=11472 width=3) (actual time=0.575..357.242 rows=23173 loops=1)
Gather  (cost=1000.00..149262.02 rows=444413 width=4) (actual time=0.591..486.931 rows=443206 loops=1)
Seq Scan on area_v_con  (cost=0.00..152138.54 rows=923505 width=4) (actual time=0.395..1143.255 rows=926646 loops=1)
Gather  (cost=1000.00..110806.62 rows=59859 width=3) (actual time=0.690..352.969 rows=59423 loops=1)
Gather  (cost=1000.00..109216.22 rows=43955 width=3) (actual time=0.664..346.273 rows=41350 loops=1)
Gather  (cost=1000.00..149262.02 rows=444413 width=4) (actual time=0.570..488.271 rows=443206 loops=1)
Seq Scan on area_v_con  (cost=0.00..152138.54 rows=477987 width=4) (actual time=0.521..1120.479 rows=470990 loops=1)
Seq Scan on area_v_con  (cost=0.00..152138.54 rows=923505 width=4) (actual time=0.367..1143.332 rows=926646 loops=1)
Gather  (cost=1000.00..105967.92 rows=11472 width=3) (actual time=0.681..353.172 rows=4942 loops=1)
Seq Scan on area_v_con  (cost=0.00..152138.54 rows=1422256 width=4) (actual time=0.376..1168.194 rows=1419652 loops=1)
Gather  (cost=1000.00..107382.92 rows=25622 width=3) (actual time=0.582..343.907 rows=23173 loops=1)
Gather  (cost=1000.00..105967.92 rows=11472 width=3) (actual time=0.585..345.387 rows=19619 loops=1)
Seq Scan on area_v_con  (cost=0.00..152138.54 rows=1422256 width=4) (actual time=0.377..1169.712 rows=1419652 loops=1)
Gather  (cost=1000.00..108178.12 rows=33574 width=3) (actual time=0.699..346.692 rows=31459 loops=1)
Gather  (cost=1000.00..107272.52 rows=24518 width=3) (actual time=0.672..345.287 rows=23047 loops=1)
Seq Scan on area_v_con  (cost=0.00..152138.54 rows=1422256 width=4) (actual time=0.362..1173.337 rows=1419652 loops=1)
Seq Scan on area_v_con  (cost=0.00..152138.54 rows=504714 width=4) (actual time=0.358..1120.724 rows=516862 loops=1)
Gather  (cost=1000.00..105967.92 rows=11472 width=3) (actual time=0.992..341.593 rows=6518 loops=1)
Gather  (cost=1000.00..105967.92 rows=11472 width=3) (actual time=0.546..342.053 rows=14699 loops=1)
Gather  (cost=1000.00..105967.92 rows=11472 width=3) (actual time=0.591..342.619 rows=14709 loops=1)
Seq Scan on area_v_con  (cost=0.00..152138.54 rows=923505 width=4) (actual time=0.372..1146.332 rows=926646 loops=1)
Gather  (cost=1000.00..146147.62 rows=413269 width=4) (actual time=0.648..484.653 rows=424881 loops=1)
Seq Scan on area_v_con  (cost=0.00..152138.54 rows=1422256 width=4) (actual time=0.370..1177.913 rows=1419652 loops=1)
Seq Scan on area_v_con  (cost=0.00..152138.54 rows=504714 width=4) (actual time=0.362..1122.403 rows=516862 loops=1)
Gather  (cost=1000.00..105967.92 rows=11472 width=3) (actual time=0.605..337.643 rows=11597 loops=1)
Gather  (cost=1000.00..105967.92 rows=11472 width=3) (actual time=0.579..347.184 rows=19619 loops=1)
Seq Scan on area_v_con  (cost=0.00..152138.54 rows=923505 width=4) (actual time=0.373..1146.695 rows=926646 loops=1)
Gather  (cost=1000.00..108951.22 rows=41305 width=3) (actual time=0.594..346.239 rows=41350 loops=1)
Seq Scan on area_v_con  (cost=0.00..152138.54 rows=490357 width=4) (actual time=0.387..1125.607 rows=495041 loops=1)
Seq Scan on area_v_con  (cost=0.00..152138.54 rows=489031 width=4) (actual time=0.467..1126.182 rows=473031 loops=1)
Seq Scan on area_v_con  (cost=0.00..152138.54 rows=923505 width=4) (actual time=0.362..1147.271 rows=926646 loops=1)
Gather  (cost=1000.00..105967.92 rows=11472 width=3) (actual time=0.632..335.665 rows=4775 loops=1)
Gather  (cost=1000.00..105967.92 rows=11472 width=3) (actual time=0.596..341.629 rows=8059 loops=1)
Gather  (cost=1000.00..110961.22 rows=61405 width=3) (actual time=0.625..355.722 rows=59423 loops=1)
Gather  (cost=1000.00..105967.92 rows=11472 width=3) (actual time=0.954..343.199 rows=6518 loops=1)
Gather  (cost=1000.00..110850.82 rows=60301 width=3) (actual time=0.631..370.171 rows=59423 loops=1)
Seq Scan on area_v_con  (cost=0.00..152138.54 rows=504714 width=4) (actual time=0.352..1126.857 rows=516862 loops=1)
Seq Scan on area_v_con  (cost=0.00..152138.54 rows=923505 width=4) (actual time=0.362..1142.961 rows=926646 loops=1)
Gather  (cost=1000.00..105967.92 rows=11472 width=3) (actual time=0.629..341.455 rows=18152 loops=1)
Gather  (cost=1000.00..105967.92 rows=11472 width=3) (actual time=0.547..343.305 rows=23173 loops=1)
Gather  (cost=1000.00..148489.02 rows=436683 width=4) (actual time=0.713..480.818 rows=425955 loops=1)
Gather  (cost=1000.00..148489.02 rows=436683 width=4) (actual time=0.620..478.179 rows=425955 loops=1)
Seq Scan on area_v_con  (cost=0.00..152138.54 rows=1422256 width=4) (actual time=0.455..1177.082 rows=1419652 loops=1)
Gather  (cost=1000.00..110850.82 rows=60301 width=3) (actual time=0.601..351.378 rows=59423 loops=1)
Seq Scan on area_v_con  (cost=0.00..152138.54 rows=504714 width=4) (actual time=0.363..1130.679 rows=516862 loops=1)
Gather  (cost=1000.00..105967.92 rows=11472 width=3) (actual time=0.783..339.731 rows=3444 loops=1)
Seq Scan on area_v_con  (cost=0.00..152138.54 rows=923505 width=4) (actual time=0.371..1146.447 rows=926646 loops=1)
Gather  (cost=1000.00..105967.92 rows=11472 width=3) (actual time=0.760..338.386 rows=6637 loops=1)
Gather  (cost=1000.00..105967.92 rows=11472 width=3) (actual time=0.644..350.099 rows=6618 loops=1)
Seq Scan on area_v_con  (cost=0.00..152138.54 rows=1422256 width=4) (actual time=0.369..1172.918 rows=1419652 loops=1)
Gather  (cost=1000.00..105967.92 rows=11472 width=3) (actual time=0.606..339.247 rows=14709 loops=1)
Seq Scan on area_v_con  (cost=0.00..152138.54 rows=1422256 width=4) (actual time=0.372..1169.661 rows=1419652 loops=1)
Gather  (cost=1000.00..146147.62 rows=413269 width=4) (actual time=0.616..483.458 rows=424881 loops=1)
Seq Scan on area_v_con  (cost=0.00..152138.54 rows=602344 width=4) (actual time=0.366..1124.863 rows=595837 loops=1)
Gather  (cost=1000.00..105967.92 rows=11472 width=3) (actual time=0.692..346.947 rows=14875 loops=1)
Gather  (cost=1000.00..109105.82 rows=42851 width=3) (actual time=0.235..357.304 rows=41350 loops=1)
Gather  (cost=1000.00..105967.92 rows=11472 width=3) (actual time=0.662..359.820 rows=6626 loops=1)
Gather  (cost=1000.00..105967.92 rows=11472 width=3) (actual time=0.631..350.998 rows=4920 loops=1)
Gather  (cost=1000.00..105967.92 rows=11472 width=3) (actual time=0.643..346.449 rows=4920 loops=1)
Seq Scan on area_v_con  (cost=0.00..152138.54 rows=1422256 width=4) (actual time=0.372..1173.370 rows=1419652 loops=1)
Gather  (cost=1000.00..147009.12 rows=421884 width=4) (actual time=0.593..479.056 rows=434439 loops=1)
Seq Scan on area_v_con  (cost=0.00..152138.54 rows=923505 width=4) (actual time=0.367..1144.631 rows=926646 loops=1)
Gather  (cost=1000.00..105967.92 rows=11472 width=3) (actual time=0.587..358.120 rows=6613 loops=1)
Seq Scan on area_v_con  (cost=0.00..152138.54 rows=602344 width=4) (actual time=0.381..1127.260 rows=595837 loops=1)
Seq Scan on area_v_con  (cost=0.00..152138.54 rows=490357 width=4) (actual time=0.390..1116.020 rows=495041 loops=1)
Seq Scan on area_v_con  (cost=0.00..152138.54 rows=489031 width=4) (actual time=0.445..1114.866 rows=473031 loops=1)
Gather  (cost=1000.00..105967.92 rows=11472 width=3) (actual time=0.721..340.596 rows=19619 loops=1)
Gather  (cost=1000.00..105967.92 rows=11472 width=3) (actual time=0.655..345.516 rows=13151 loops=1)
Gather  (cost=1000.00..105967.92 rows=11472 width=3) (actual time=0.583..341.219 rows=19619 loops=1)
Gather  (cost=1000.00..105967.92 rows=11472 width=3) (actual time=0.611..349.011 rows=18152 loops=1)
Gather  (cost=1000.00..108487.32 rows=36666 width=3) (actual time=0.574..362.126 rows=41350 loops=1)
Gather  (cost=1000.00..147009.12 rows=421884 width=4) (actual time=0.574..479.983 rows=434439 loops=1)
Gather  (cost=1000.00..146147.62 rows=413269 width=4) (actual time=0.589..485.248 rows=424881 loops=1)
Seq Scan on area_v_con  (cost=0.00..152138.54 rows=490357 width=4) (actual time=0.389..1120.120 rows=495041 loops=1)
Gather  (cost=1000.00..147009.12 rows=421884 width=4) (actual time=0.569..479.075 rows=434439 loops=1)
Seq Scan on area_v_con  (cost=0.00..152138.54 rows=923505 width=4) (actual time=0.372..1149.651 rows=926646 loops=1)
Gather  (cost=1000.00..107382.92 rows=25622 width=3) (actual time=0.579..354.635 rows=23173 loops=1)
Gather  (cost=1000.00..105967.92 rows=11472 width=3) (actual time=0.641..337.417 rows=8242 loops=1)
Gather  (cost=1000.00..105967.92 rows=11472 width=3) (actual time=0.572..344.434 rows=6613 loops=1)
Seq Scan on area_v_con  (cost=0.00..152138.54 rows=504714 width=4) (actual time=0.379..1120.194 rows=516862 loops=1)
Gather  (cost=1000.00..110718.22 rows=58975 width=3) (actual time=0.678..358.785 rows=59423 loops=1)
Gather  (cost=1000.00..105967.92 rows=11472 width=3) (actual time=0.645..356.403 rows=6618 loops=1)
Gather  (cost=1000.00..105967.92 rows=11472 width=3) (actual time=0.692..340.917 rows=6527 loops=1)
Seq Scan on area_v_con  (cost=0.00..152138.54 rows=504714 width=4) (actual time=0.363..1125.623 rows=516862 loops=1)
Seq Scan on area_v_con  (cost=0.00..152138.54 rows=490357 width=4) (actual time=0.385..1118.199 rows=495041 loops=1)
Seq Scan on area_v_con  (cost=0.00..152138.54 rows=923505 width=4) (actual time=0.378..1140.893 rows=926646 loops=1)
Seq Scan on area_v_con  (cost=0.00..152138.54 rows=602344 width=4) (actual time=0.374..1122.670 rows=595837 loops=1)
Seq Scan on area_v_con  (cost=0.00..152138.54 rows=1422256 width=4) (actual time=0.371..1175.336 rows=1419652 loops=1)
Gather  (cost=1000.00..147009.12 rows=421884 width=4) (actual time=0.296..485.108 rows=434439 loops=1)
Gather  (cost=1000.00..148489.02 rows=436683 width=4) (actual time=0.611..479.802 rows=425955 loops=1)
Seq Scan on area_v_con  (cost=0.00..152138.54 rows=602344 width=4) (actual time=0.379..1126.427 rows=595837 loops=1)
Gather  (cost=1000.00..108995.42 rows=41747 width=3) (actual time=0.690..349.005 rows=41350 loops=1)
Gather  (cost=1000.00..105967.92 rows=11472 width=3) (actual time=0.563..340.894 rows=6613 loops=1)
Gather  (cost=1000.00..110674.12 rows=58534 width=3) (actual time=0.559..368.367 rows=59423 loops=1)
Seq Scan on area_v_con  (cost=0.00..152138.54 rows=490357 width=4) (actual time=0.447..1124.448 rows=495041 loops=1)
Gather  (cost=1000.00..108111.82 rows=32911 width=3) (actual time=0.576..362.287 rows=31459 loops=1)
Gather  (cost=1000.00..105967.92 rows=11472 width=3) (actual time=0.712..339.065 rows=6637 loops=1)
Gather  (cost=1000.00..105967.92 rows=11472 width=3) (actual time=0.621..348.107 rows=18152 loops=1)
Gather  (cost=1000.00..105967.92 rows=11472 width=3) (actual time=0.620..356.204 rows=14875 loops=1)
Gather  (cost=1000.00..107625.92 rows=28052 width=3) (actual time=0.567..349.952 rows=31459 loops=1)
Gather  (cost=1000.00..110939.12 rows=61184 width=3) (actual time=0.558..358.616 rows=59423 loops=1)
Seq Scan on area_v_con  (cost=0.00..152138.54 rows=923505 width=4) (actual time=0.379..1150.069 rows=926646 loops=1)
Seq Scan on area_v_con  (cost=0.00..152138.54 rows=489031 width=4) (actual time=0.496..1115.835 rows=473031 loops=1)
Seq Scan on area_v_con  (cost=0.00..152138.54 rows=602344 width=4) (actual time=0.380..1132.213 rows=595837 loops=1)
Seq Scan on area_v_con  (cost=0.00..152138.54 rows=1422256 width=4) (actual time=0.361..1166.668 rows=1419652 loops=1)
Gather  (cost=1000.00..105967.92 rows=11472 width=3) (actual time=0.605..355.572 rows=14699 loops=1)
Seq Scan on area_v_con  (cost=0.00..152138.54 rows=1422256 width=4) (actual time=0.366..1168.298 rows=1419652 loops=1)
Gather  (cost=1000.00..110740.32 rows=59196 width=3) (actual time=0.711..353.420 rows=59423 loops=1)
Gather  (cost=1000.00..147009.12 rows=421884 width=4) (actual time=0.559..483.527 rows=434439 loops=1)
Gather  (cost=1000.00..105967.92 rows=11472 width=3) (actual time=0.952..344.615 rows=6518 loops=1)
Gather  (cost=1000.00..105967.92 rows=11472 width=3) (actual time=0.614..351.256 rows=18152 loops=1)
Seq Scan on area_v_con  (cost=0.00..152138.54 rows=602344 width=4) (actual time=0.375..1131.622 rows=595837 loops=1)
Seq Scan on area_v_con  (cost=0.00..152138.54 rows=923505 width=4) (actual time=0.365..1144.958 rows=926646 loops=1)
Seq Scan on area_v_con  (cost=0.00..152138.54 rows=1422256 width=4) (actual time=0.392..1170.365 rows=1419652 loops=1)
Gather  (cost=1000.00..105967.92 rows=11472 width=3) (actual time=1.322..344.248 rows=4864 loops=1)
Gather  (cost=1000.00..105967.92 rows=11472 width=3) (actual time=0.609..337.959 rows=8192 loops=1)
Seq Scan on area_v_con  (cost=0.00..152138.54 rows=923505 width=4) (actual time=0.371..1145.594 rows=926646 loops=1)
Gather  (cost=1000.00..110917.02 rows=60963 width=3) (actual time=0.570..349.060 rows=59423 loops=1)
Seq Scan on area_v_con  (cost=0.00..152138.54 rows=923505 width=4) (actual time=0.369..1151.258 rows=926646 loops=1)
Gather  (cost=1000.00..107427.12 rows=26064 width=3) (actual time=0.645..346.789 rows=23240 loops=1)
Gather  (cost=1000.00..107228.32 rows=24076 width=3) (actual time=0.685..348.473 rows=23047 loops=1)
Gather  (cost=1000.00..107382.92 rows=25622 width=3) (actual time=0.572..342.033 rows=23173 loops=1)
Seq Scan on area_v_con  (cost=0.00..152138.54 rows=1422256 width=4) (actual time=0.370..1173.533 rows=1419652 loops=1)
Seq Scan on area_v_con  (cost=0.00..152138.54 rows=923505 width=4) (actual time=0.400..1147.523 rows=926646 loops=1)
Gather  (cost=1000.00..105967.92 rows=11472 width=3) (actual time=0.604..339.820 rows=14709 loops=1)
Seq Scan on area_v_con  (cost=0.00..152138.54 rows=489031 width=4) (actual time=0.463..1121.450 rows=473031 loops=1)
Gather  (cost=1000.00..105967.92 rows=11472 width=3) (actual time=0.910..346.011 rows=9962 loops=1)
Gather  (cost=1000.00..146147.62 rows=413269 width=4) (actual time=0.718..484.809 rows=424881 loops=1)
Seq Scan on area_v_con  (cost=0.00..152138.54 rows=490357 width=4) (actual time=0.384..1123.434 rows=495041 loops=1)
Gather  (cost=1000.00..105967.92 rows=11472 width=3) (actual time=0.737..343.743 rows=9703 loops=1)
Gather  (cost=1000.00..105967.92 rows=11472 width=3) (actual time=0.655..339.087 rows=9703 loops=1)
Gather  (cost=1000.00..148489.02 rows=436683 width=4) (actual time=0.628..484.721 rows=425955 loops=1)
Gather  (cost=1000.00..146147.62 rows=413269 width=4) (actual time=0.603..494.901 rows=424881 loops=1)
Seq Scan on area_v_con  (cost=0.00..152138.54 rows=923505 width=4) (actual time=0.374..1152.101 rows=926646 loops=1)
Gather  (cost=1000.00..105967.92 rows=11472 width=3) (actual time=0.692..345.853 rows=4942 loops=1)
Gather  (cost=1000.00..149262.02 rows=444413 width=4) (actual time=0.607..481.939 rows=443206 loops=1)
Gather  (cost=1000.00..110894.92 rows=60742 width=3) (actual time=0.540..349.414 rows=59423 loops=1)
Seq Scan on area_v_con  (cost=0.00..152138.54 rows=923505 width=4) (actual time=0.371..1144.648 rows=926646 loops=1)
Gather  (cost=1000.00..105967.92 rows=11472 width=3) (actual time=0.763..356.842 rows=9703 loops=1)
Gather  (cost=1000.00..105967.92 rows=11472 width=3) (actual time=0.626..339.300 rows=14875 loops=1)
Gather  (cost=1000.00..110585.72 rows=57650 width=3) (actual time=0.553..353.838 rows=59423 loops=1)
Gather  (cost=1000.00..147009.12 rows=421884 width=4) (actual time=0.555..487.108 rows=434439 loops=1)
Gather  (cost=1000.00..105967.92 rows=11472 width=3) (actual time=0.612..343.477 rows=14875 loops=1)
Gather  (cost=1000.00..146147.62 rows=413269 width=4) (actual time=0.593..483.008 rows=424881 loops=1)
Gather  (cost=1000.00..105967.92 rows=11472 width=3) (actual time=0.983..344.897 rows=3312 loops=1)
Gather  (cost=1000.00..110939.12 rows=61184 width=3) (actual time=0.548..354.383 rows=59423 loops=1)
Seq Scan on area_v_con  (cost=0.00..152138.54 rows=1422256 width=4) (actual time=0.372..1172.269 rows=1419652 loops=1)
Gather  (cost=1000.00..105967.92 rows=11472 width=3) (actual time=0.723..343.357 rows=14709 loops=1)
Seq Scan on area_v_con  (cost=0.00..152138.54 rows=477987 width=4) (actual time=0.442..1120.400 rows=470990 loops=1)
Seq Scan on area_v_con  (cost=0.00..152138.54 rows=504714 width=4) (actual time=0.364..1123.211 rows=516862 loops=1)
Gather  (cost=1000.00..148489.02 rows=436683 width=4) (actual time=0.651..490.406 rows=425955 loops=1)
Seq Scan on area_v_con  (cost=0.00..152138.54 rows=923505 width=4) (actual time=0.365..1142.808 rows=926646 loops=1)
Seq Scan on area_v_con  (cost=0.00..152138.54 rows=1422256 width=4) (actual time=0.367..1167.351 rows=1419652 loops=1)
Seq Scan on area_v_con  (cost=0.00..152138.54 rows=489031 width=4) (actual time=0.445..1121.705 rows=473031 loops=1)
Gather  (cost=1000.00..105967.92 rows=11472 width=3) (actual time=0.654..357.536 rows=18152 loops=1)
Gather  (cost=1000.00..109282.52 rows=44618 width=3) (actual time=0.579..345.622 rows=41350 loops=1)
Gather  (cost=1000.00..107780.52 rows=29598 width=3) (actual time=0.569..347.533 rows=31459 loops=1)
Seq Scan on area_v_con  (cost=0.00..152138.54 rows=1422256 width=4) (actual time=0.374..1170.266 rows=1419652 loops=1)
Gather  (cost=1000.00..105967.92 rows=11472 width=3) (actual time=0.710..343.785 rows=14875 loops=1)
Gather  (cost=1000.00..108156.02 rows=33353 width=3) (actual time=0.573..351.853 rows=31459 loops=1)
Gather  (cost=1000.00..105967.92 rows=11472 width=3) (actual time=0.976..342.375 rows=6518 loops=1)
Seq Scan on area_v_con  (cost=0.00..152138.54 rows=489031 width=4) (actual time=0.458..1122.625 rows=473031 loops=1)
Gather  (cost=1000.00..108973.32 rows=41526 width=3) (actual time=0.692..345.046 rows=41350 loops=1)
Seq Scan on area_v_con  (cost=0.00..152138.54 rows=602344 width=4) (actual time=0.373..1125.371 rows=595837 loops=1)
Gather  (cost=1000.00..105967.92 rows=11472 width=3) (actual time=0.691..345.902 rows=9970 loops=1)
Gather  (cost=1000.00..105967.92 rows=11472 width=3) (actual time=0.726..339.811 rows=1681 loops=1)
Gather  (cost=1000.00..105967.92 rows=11472 width=3) (actual time=0.614..341.623 rows=8243 loops=1)
Gather  (cost=1000.00..148489.02 rows=436683 width=4) (actual time=0.623..481.643 rows=425955 loops=1)
Seq Scan on area_v_con  (cost=0.00..152138.54 rows=1422256 width=4) (actual time=0.371..1172.093 rows=1419652 loops=1)
Gather  (cost=1000.00..147009.12 rows=421884 width=4) (actual time=0.582..493.527 rows=434439 loops=1)
Seq Scan on area_v_con  (cost=0.00..152138.54 rows=1422256 width=4) (actual time=0.363..1169.882 rows=1419652 loops=1)
Gather  (cost=1000.00..146147.62 rows=413269 width=4) (actual time=0.617..480.613 rows=424881 loops=1)
Gather  (cost=1000.00..110718.22 rows=58975 width=3) (actual time=0.561..356.858 rows=59423 loops=1)
Seq Scan on area_v_con  (cost=0.00..152138.54 rows=1422256 width=4) (actual time=0.372..1173.836 rows=1419652 loops=1)
Seq Scan on area_v_con  (cost=0.00..152138.54 rows=489031 width=4) (actual time=0.448..1117.788 rows=473031 loops=1)
Seq Scan on area_v_con  (cost=0.00..152138.54 rows=490357 width=4) (actual time=0.380..1122.358 rows=495041 loops=1)
Gather  (cost=1000.00..110894.92 rows=60742 width=3) (actual time=0.609..363.346 rows=59423 loops=1)
Gather  (cost=1000.00..105967.92 rows=11472 width=3) (actual time=0.555..340.155 rows=8059 loops=1)
Seq Scan on area_v_con  (cost=0.00..152138.54 rows=477987 width=4) (actual time=0.514..1122.056 rows=470990 loops=1)
Gather  (cost=1000.00..111071.62 rows=62509 width=3) (actual time=0.635..349.289 rows=59423 loops=1)
Gather  (cost=1000.00..105967.92 rows=11472 width=3) (actual time=0.552..342.446 rows=23173 loops=1)
Seq Scan on area_v_con  (cost=0.00..152138.54 rows=1422256 width=4) (actual time=0.367..1172.848 rows=1419652 loops=1)
Gather  (cost=1000.00..105967.92 rows=11472 width=3) (actual time=0.643..349.192 rows=14875 loops=1)
Gather  (cost=1000.00..105967.92 rows=11472 width=3) (actual time=0.721..342.751 rows=13300 loops=1)
Gather  (cost=1000.00..105967.92 rows=11472 width=3) (actual time=0.590..347.318 rows=11597 loops=1)
Seq Scan on area_v_con  (cost=0.00..152138.54 rows=923505 width=4) (actual time=0.431..1144.523 rows=926646 loops=1)
Gather  (cost=1000.00..105967.92 rows=11472 width=3) (actual time=0.705..342.832 rows=14875 loops=1)
Gather  (cost=1000.00..105967.92 rows=11472 width=3) (actual time=0.597..346.321 rows=9970 loops=1)
Gather  (cost=1000.00..148489.02 rows=436683 width=4) (actual time=0.632..478.137 rows=425955 loops=1)
Seq Scan on area_v_con  (cost=0.00..152138.54 rows=504714 width=4) (actual time=0.382..1123.650 rows=516862 loops=1)
Gather  (cost=1000.00..110740.32 rows=59196 width=3) (actual time=0.598..354.388 rows=59423 loops=1)
Seq Scan on area_v_con  (cost=0.00..152138.54 rows=602344 width=4) (actual time=0.366..1126.500 rows=595837 loops=1)
Seq Scan on area_v_con  (cost=0.00..152138.54 rows=504714 width=4) (actual time=0.357..1119.847 rows=516862 loops=1)
Gather  (cost=1000.00..105967.92 rows=11472 width=3) (actual time=2.201..344.172 rows=1661 loops=1)
Seq Scan on area_v_con  (cost=0.00..152138.54 rows=490357 width=4) (actual time=0.390..1124.662 rows=495041 loops=1)
Gather  (cost=1000.00..105967.92 rows=11472 width=3) (actual time=0.987..347.853 rows=6518 loops=1)
Seq Scan on area_v_con  (cost=0.00..152138.54 rows=490357 width=4) (actual time=0.388..1120.888 rows=495041 loops=1)
Gather  (cost=1000.00..109591.72 rows=47710 width=3) (actual time=0.721..357.747 rows=41350 loops=1)
Gather  (cost=1000.00..148489.02 rows=436683 width=4) (actual time=0.635..488.842 rows=425955 loops=1)
Seq Scan on area_v_con  (cost=0.00..152138.54 rows=923505 width=4) (actual time=0.412..1143.796 rows=926646 loops=1)
Gather  (cost=1000.00..105967.92 rows=11472 width=3) (actual time=0.594..338.099 rows=6613 loops=1)
Gather  (cost=1000.00..105967.92 rows=11472 width=3) (actual time=0.551..338.196 rows=4942 loops=1)
Gather  (cost=1000.00..109216.22 rows=43955 width=3) (actual time=0.576..360.387 rows=41350 loops=1)
Seq Scan on area_v_con  (cost=0.00..152138.54 rows=504714 width=4) (actual time=0.371..1126.125 rows=516862 loops=1)
Gather  (cost=1000.00..105967.92 rows=11472 width=3) (actual time=0.615..341.178 rows=9970 loops=1)
Gather  (cost=1000.00..105967.92 rows=11472 width=3) (actual time=0.594..362.441 rows=19619 loops=1)
Gather  (cost=1000.00..110872.92 rows=60522 width=3) (actual time=0.654..362.303 rows=59423 loops=1)
Gather  (cost=1000.00..146147.62 rows=413269 width=4) (actual time=0.606..484.832 rows=424881 loops=1)
Gather  (cost=1000.00..146147.62 rows=413269 width=4) (actual time=0.604..493.208 rows=424881 loops=1)
Seq Scan on area_v_con  (cost=0.00..152138.54 rows=490357 width=4) (actual time=0.481..1126.600 rows=495041 loops=1)
Gather  (cost=1000.00..105967.92 rows=11472 width=3) (actual time=0.596..341.828 rows=19619 loops=1)
Seq Scan on area_v_con  (cost=0.00..152138.54 rows=923505 width=4) (actual time=0.362..1146.035 rows=926646 loops=1)
Seq Scan on area_v_con  (cost=0.00..152138.54 rows=923505 width=4) (actual time=0.367..1145.776 rows=926646 loops=1)
Gather  (cost=1000.00..105967.92 rows=11472 width=3) (actual time=0.378..351.558 rows=23047 loops=1)
Seq Scan on area_v_con  (cost=0.00..152138.54 rows=923505 width=4) (actual time=0.034..1149.623 rows=926646 loops=1)
Seq Scan on area_v_con  (cost=0.00..152138.54 rows=1422256 width=4) (actual time=0.031..1170.025 rows=1419652 loops=1)
Gather  (cost=1000.00..110607.82 rows=57871 width=3) (actual time=0.296..353.868 rows=59423 loops=1)
Gather  (cost=1000.00..105967.92 rows=11472 width=3) (actual time=0.722..339.026 rows=6527 loops=1)
Seq Scan on area_v_con  (cost=0.00..152138.54 rows=490357 width=4) (actual time=0.384..1125.352 rows=495041 loops=1)
Gather  (cost=1000.00..111182.12 rows=63614 width=3) (actual time=0.574..354.904 rows=59423 loops=1)
Gather  (cost=1000.00..110894.92 rows=60742 width=3) (actual time=0.558..358.893 rows=59423 loops=1)
Seq Scan on area_v_con  (cost=0.00..152138.54 rows=923505 width=4) (actual time=0.373..1150.079 rows=926646 loops=1)
Gather  (cost=1000.00..149262.02 rows=444413 width=4) (actual time=0.584..487.789 rows=443206 loops=1)
Gather  (cost=1000.00..105967.92 rows=11472 width=3) (actual time=0.621..340.055 rows=18152 loops=1)
Seq Scan on area_v_con  (cost=0.00..152138.54 rows=923505 width=4) (actual time=0.368..1145.618 rows=926646 loops=1)
Gather  (cost=1000.00..105967.92 rows=11472 width=3) (actual time=0.648..350.028 rows=14875 loops=1)
Gather  (cost=1000.00..105967.92 rows=11472 width=3) (actual time=0.860..347.047 rows=9962 loops=1)
Gather  (cost=1000.00..110917.02 rows=60963 width=3) (actual time=0.552..349.884 rows=59423 loops=1)
Seq Scan on area_v_con  (cost=0.00..152138.54 rows=1422256 width=4) (actual time=0.392..1174.955 rows=1419652 loops=1)
Seq Scan on area_v_con  (cost=0.00..152138.54 rows=1422256 width=4) (actual time=0.433..1171.006 rows=1419652 loops=1)
Gather  (cost=1000.00..111248.32 rows=64276 width=3) (actual time=0.615..360.383 rows=59423 loops=1)
Gather  (cost=1000.00..105967.92 rows=11472 width=3) (actual time=0.670..338.984 rows=13307 loops=1)
Gather  (cost=1000.00..105967.92 rows=11472 width=3) (actual time=0.548..345.838 rows=23173 loops=1)
Seq Scan on area_v_con  (cost=0.00..152138.54 rows=923505 width=4) (actual time=0.367..1148.977 rows=926646 loops=1)
Seq Scan on area_v_con  (cost=0.00..152138.54 rows=504714 width=4) (actual time=0.360..1124.702 rows=516862 loops=1)
Gather  (cost=1000.00..105967.92 rows=11472 width=3) (actual time=0.639..358.364 rows=8192 loops=1)
Seq Scan on area_v_con  (cost=0.00..152138.54 rows=490357 width=4) (actual time=0.445..1126.671 rows=495041 loops=1)
Gather  (cost=1000.00..146147.62 rows=413269 width=4) (actual time=0.607..496.471 rows=424881 loops=1)
Seq Scan on area_v_con  (cost=0.00..152138.54 rows=1422256 width=4) (actual time=0.369..1172.545 rows=1419652 loops=1)
Seq Scan on area_v_con  (cost=0.00..152138.54 rows=1422256 width=4) (actual time=0.361..1169.888 rows=1419652 loops=1)
Gather  (cost=1000.00..105967.92 rows=11472 width=3) (actual time=0.700..340.037 rows=4958 loops=1)
Seq Scan on area_v_con  (cost=0.00..152138.54 rows=1422256 width=4) (actual time=0.377..1179.126 rows=1419652 loops=1)
Gather  (cost=1000.00..105967.92 rows=11472 width=3) (actual time=0.620..344.993 rows=14709 loops=1)
Seq Scan on area_v_con  (cost=0.00..152138.54 rows=923505 width=4) (actual time=0.372..1147.528 rows=926646 loops=1)
Gather  (cost=1000.00..110939.12 rows=61184 width=3) (actual time=0.597..355.005 rows=59423 loops=1)
Gather  (cost=1000.00..111182.12 rows=63614 width=3) (actual time=0.574..353.961 rows=59423 loops=1)
Gather  (cost=1000.00..110917.02 rows=60963 width=3) (actual time=0.558..350.333 rows=59423 loops=1)
Gather  (cost=1000.00..105967.92 rows=11472 width=3) (actual time=0.637..346.335 rows=4920 loops=1)
Gather  (cost=1000.00..148489.02 rows=436683 width=4) (actual time=0.645..477.029 rows=425955 loops=1)
Gather  (cost=1000.00..111491.32 rows=66706 width=3) (actual time=0.549..357.795 rows=59423 loops=1)
Gather  (cost=1000.00..110939.12 rows=61184 width=3) (actual time=0.563..358.660 rows=59423 loops=1)
Seq Scan on area_v_con  (cost=0.00..152138.54 rows=923505 width=4) (actual time=0.370..1144.131 rows=926646 loops=1)
Gather  (cost=1000.00..147009.12 rows=421884 width=4) (actual time=0.651..491.976 rows=434439 loops=1)
Seq Scan on area_v_con  (cost=0.00..152138.54 rows=923505 width=4) (actual time=0.378..1149.887 rows=926646 loops=1)
Gather  (cost=1000.00..105967.92 rows=11472 width=3) (actual time=0.606..350.292 rows=19619 loops=1)
Seq Scan on area_v_con  (cost=0.00..152138.54 rows=1422256 width=4) (actual time=0.376..1174.587 rows=1419652 loops=1)
Gather  (cost=1000.00..105967.92 rows=11472 width=3) (actual time=0.848..355.363 rows=13300 loops=1)
Seq Scan on area_v_con  (cost=0.00..152138.54 rows=504714 width=4) (actual time=0.359..1122.956 rows=516862 loops=1)
Seq Scan on area_v_con  (cost=0.00..152138.54 rows=602344 width=4) (actual time=0.355..1125.801 rows=595837 loops=1)
Gather  (cost=1000.00..105967.92 rows=11472 width=3) (actual time=0.647..349.929 rows=19619 loops=1)
Seq Scan on area_v_con  (cost=0.00..152138.54 rows=1422256 width=4) (actual time=0.367..1168.309 rows=1419652 loops=1)
Gather  (cost=1000.00..108597.82 rows=37771 width=3) (actual time=0.585..355.623 rows=41350 loops=1)
Gather  (cost=1000.00..105967.92 rows=11472 width=3) (actual time=0.577..354.953 rows=14709 loops=1)
Gather  (cost=1000.00..105967.92 rows=11472 width=3) (actual time=0.574..337.038 rows=8243 loops=1)
Seq Scan on area_v_con  (cost=0.00..152138.54 rows=923505 width=4) (actual time=0.369..1142.510 rows=926646 loops=1)
Gather  (cost=1000.00..148489.02 rows=436683 width=4) (actual time=0.751..484.390 rows=425955 loops=1)
Gather  (cost=1000.00..147009.12 rows=421884 width=4) (actual time=0.588..485.757 rows=434439 loops=1)
Seq Scan on area_v_con  (cost=0.00..152138.54 rows=1422256 width=4) (actual time=0.403..1174.030 rows=1419652 loops=1)
Gather  (cost=1000.00..105967.92 rows=11472 width=3) (actual time=1.366..344.342 rows=4864 loops=1)
Gather  (cost=1000.00..107360.82 rows=25401 width=3) (actual time=0.552..341.237 rows=19619 loops=1)
Gather  (cost=1000.00..146147.62 rows=413269 width=4) (actual time=0.704..480.081 rows=424881 loops=1)
Gather  (cost=1000.00..105967.92 rows=11472 width=3) (actual time=0.725..339.915 rows=13300 loops=1)
Gather  (cost=1000.00..105967.92 rows=11472 width=3) (actual time=0.598..348.199 rows=8059 loops=1)
Gather  (cost=1000.00..105967.92 rows=11472 width=3) (actual time=0.758..352.560 rows=1617 loops=1)
Seq Scan on area_v_con  (cost=0.00..152138.54 rows=504714 width=4) (actual time=0.372..1127.605 rows=516862 loops=1)
Gather  (cost=1000.00..110872.92 rows=60522 width=3) (actual time=0.581..350.230 rows=59423 loops=1)
Seq Scan on area_v_con  (cost=0.00..152138.54 rows=923505 width=4) (actual time=0.368..1148.236 rows=926646 loops=1)
Gather  (cost=1000.00..105967.92 rows=11472 width=3) (actual time=0.697..344.067 rows=13307 loops=1)
Seq Scan on area_v_con  (cost=0.00..152138.54 rows=477987 width=4) (actual time=0.442..1122.183 rows=470990 loops=1)
Seq Scan on area_v_con  (cost=0.00..152138.54 rows=489031 width=4) (actual time=0.454..1126.670 rows=473031 loops=1)
Seq Scan on area_v_con  (cost=0.00..152138.54 rows=477987 width=4) (actual time=0.437..1121.207 rows=470990 loops=1)
Seq Scan on area_v_con  (cost=0.00..152138.54 rows=490357 width=4) (actual time=0.386..1124.956 rows=495041 loops=1)
Gather  (cost=1000.00..105967.92 rows=11472 width=3) (actual time=0.660..359.897 rows=14709 loops=1)
Gather  (cost=1000.00..147009.12 rows=421884 width=4) (actual time=0.561..479.817 rows=434439 loops=1)
Gather  (cost=1000.00..105967.92 rows=11472 width=3) (actual time=0.551..349.267 rows=14699 loops=1)
Gather  (cost=1000.00..105967.92 rows=11472 width=3) (actual time=0.637..342.381 rows=4920 loops=1)
Gather  (cost=1000.00..105967.92 rows=11472 width=3) (actual time=0.567..352.293 rows=19619 loops=1)
Seq Scan on area_v_con  (cost=0.00..152138.54 rows=1422256 width=4) (actual time=0.438..1175.857 rows=1419652 loops=1)
Gather  (cost=1000.00..105967.92 rows=11472 width=3) (actual time=0.740..348.745 rows=19619 loops=1)
Gather  (cost=1000.00..146147.62 rows=413269 width=4) (actual time=0.597..484.159 rows=424881 loops=1)
Gather  (cost=1000.00..107537.52 rows=27168 width=3) (actual time=0.647..349.470 rows=23240 loops=1)
Seq Scan on area_v_con  (cost=0.00..152138.54 rows=923505 width=4) (actual time=0.367..1149.394 rows=926646 loops=1)
Seq Scan on area_v_con  (cost=0.00..152138.54 rows=504714 width=4) (actual time=0.355..1125.237 rows=516862 loops=1)
Gather  (cost=1000.00..111491.32 rows=66706 width=3) (actual time=0.628..352.289 rows=59423 loops=1)
Gather  (cost=1000.00..109260.42 rows=44397 width=3) (actual time=0.571..362.677 rows=41350 loops=1)
Gather  (cost=1000.00..105967.92 rows=11472 width=3) (actual time=0.573..344.382 rows=6613 loops=1)
Gather  (cost=1000.00..105967.92 rows=11472 width=3) (actual time=0.559..344.977 rows=23173 loops=1)
Gather  (cost=1000.00..149262.02 rows=444413 width=4) (actual time=0.670..486.292 rows=443206 loops=1)
Gather  (cost=1000.00..147009.12 rows=421884 width=4) (actual time=0.558..495.792 rows=434439 loops=1)
Seq Scan on area_v_con  (cost=0.00..152138.54 rows=1422256 width=4) (actual time=0.423..1174.854 rows=1419652 loops=1)
Seq Scan on area_v_con  (cost=0.00..152138.54 rows=477987 width=4) (actual time=0.435..1152.908 rows=470990 loops=1)
Gather  (cost=1000.00..147009.12 rows=421884 width=4) (actual time=0.577..526.923 rows=434439 loops=1)
Seq Scan on area_v_con  (cost=0.00..152138.54 rows=923505 width=4) (actual time=0.379..1178.097 rows=926646 loops=1)
Gather  (cost=1000.00..108597.82 rows=37771 width=3) (actual time=0.604..356.414 rows=41350 loops=1)
Gather  (cost=1000.00..105967.92 rows=11472 width=3) (actual time=0.663..349.654 rows=4775 loops=1)
Gather  (cost=1000.00..149262.02 rows=444413 width=4) (actual time=0.596..505.507 rows=443206 loops=1)
Gather  (cost=1000.00..110696.12 rows=58754 width=3) (actual time=0.641..369.117 rows=59423 loops=1)
Gather  (cost=1000.00..107272.52 rows=24518 width=3) (actual time=0.704..361.161 rows=23047 loops=1)
Gather  (cost=1000.00..105967.92 rows=11472 width=3) (actual time=0.588..361.060 rows=23173 loops=1)
Seq Scan on area_v_con  (cost=0.00..152138.54 rows=489031 width=4) (actual time=0.479..1406.536 rows=473031 loops=1)
Seq Scan on area_v_con  (cost=0.00..152138.54 rows=602344 width=4) (actual time=0.405..1994969.472 rows=595837 loops=1)
Gather  (cost=1000.00..105967.92 rows=11472 width=3) (actual time=0.592..502.034 rows=8059 loops=1)
Seq Scan on area_v_con  (cost=0.00..152138.54 rows=602344 width=4) (actual time=0.386..2134.289 rows=595837 loops=1)
Gather  (cost=1000.00..105967.92 rows=11472 width=3) (actual time=0.718..1137.306 rows=4920 loops=1)
Gather  (cost=1000.00..149262.02 rows=444413 width=4) (actual time=0.577..846.382 rows=443206 loops=1)
Gather  (cost=1000.00..105967.92 rows=11472 width=3) (actual time=0.751..381.021 rows=23047 loops=1)
Gather  (cost=1000.00..105967.92 rows=11472 width=3) (actual time=0.871..358.910 rows=9962 loops=1)
Gather  (cost=1000.00..105967.92 rows=11472 width=3) (actual time=0.618..370.212 rows=14709 loops=1)
Seq Scan on area_v_con  (cost=0.00..152138.54 rows=1422256 width=4) (actual time=0.429..1325.514 rows=1419652 loops=1)
Gather  (cost=1000.00..105967.92 rows=11472 width=3) (actual time=1.224..456.090 rows=6527 loops=1)
Gather  (cost=1000.00..105967.92 rows=11472 width=3) (actual time=0.598..375.644 rows=14709 loops=1)
Seq Scan on area_v_con  (cost=0.00..152138.54 rows=504714 width=4) (actual time=0.394..1267.578 rows=516862 loops=1)
Seq Scan on area_v_con  (cost=0.00..152138.54 rows=1422256 width=4) (actual time=0.375..1235.226 rows=1419652 loops=1)
Seq Scan on area_v_con  (cost=0.00..152138.54 rows=477987 width=4) (actual time=0.443..1141.280 rows=470990 loops=1)
Gather  (cost=1000.00..146147.62 rows=413269 width=4) (actual time=0.792..483.227 rows=424881 loops=1)
Seq Scan on area_v_con  (cost=0.00..152138.54 rows=504714 width=4) (actual time=0.364..1221.412 rows=516862 loops=1)
Gather  (cost=1000.00..147009.12 rows=421884 width=4) (actual time=0.679..693.046 rows=434439 loops=1)
Seq Scan on area_v_con  (cost=0.00..152138.54 rows=490357 width=4) (actual time=0.455..1164.503 rows=495041 loops=1)
Gather  (cost=1000.00..105967.92 rows=11472 width=3) (actual time=0.688..342.725 rows=19619 loops=1)
Gather  (cost=1000.00..107935.12 rows=31144 width=3) (actual time=0.555..357.615 rows=31459 loops=1)
Seq Scan on area_v_con  (cost=0.00..152138.54 rows=923505 width=4) (actual time=0.377..1166.438 rows=926646 loops=1)
Seq Scan on area_v_con  (cost=0.00..152138.54 rows=923505 width=4) (actual time=0.369..1161.522 rows=926646 loops=1)
Gather  (cost=1000.00..105967.92 rows=11472 width=3) (actual time=0.689..358.015 rows=13151 loops=1)
Gather  (cost=1000.00..110696.12 rows=58754 width=3) (actual time=0.571..355.675 rows=59423 loops=1)
Gather  (cost=1000.00..105967.92 rows=11472 width=3) (actual time=0.632..341.318 rows=8192 loops=1)
Gather  (cost=1000.00..110740.32 rows=59196 width=3) (actual time=0.550..355.313 rows=59423 loops=1)
Seq Scan on area_v_con  (cost=0.00..152138.54 rows=1422256 width=4) (actual time=0.367..1182.876 rows=1419652 loops=1)
Gather  (cost=1000.00..105967.92 rows=11472 width=3) (actual time=0.688..340.478 rows=6527 loops=1)
Seq Scan on area_v_con  (cost=0.00..152138.54 rows=490357 width=4) (actual time=0.430..1132.592 rows=495041 loops=1)
Gather  (cost=1000.00..105967.92 rows=11472 width=3) (actual time=0.610..345.670 rows=8243 loops=1)
Seq Scan on area_v_con  (cost=0.00..152138.54 rows=1422256 width=4) (actual time=0.378..1190.973 rows=1419652 loops=1)
Gather  (cost=1000.00..105967.92 rows=11472 width=3) (actual time=0.738..353.717 rows=18152 loops=1)
Gather  (cost=1000.00..105967.92 rows=11472 width=3) (actual time=0.640..341.142 rows=6618 loops=1)
Gather  (cost=1000.00..105967.92 rows=11472 width=3) (actual time=0.588..352.080 rows=14709 loops=1)
Seq Scan on area_v_con  (cost=0.00..152138.54 rows=1422256 width=4) (actual time=0.389..1191.214 rows=1419652 loops=1)
Seq Scan on area_v_con  (cost=0.00..152138.54 rows=477987 width=4) (actual time=0.443..1134.799 rows=470990 loops=1)
Gather  (cost=1000.00..105967.92 rows=11472 width=3) (actual time=0.648..345.687 rows=14875 loops=1)
Gather  (cost=1000.00..105967.92 rows=11472 width=3) (actual time=0.583..344.316 rows=9970 loops=1)
Gather  (cost=1000.00..111182.12 rows=63614 width=3) (actual time=0.567..351.660 rows=59423 loops=1)
Seq Scan on area_v_con  (cost=0.00..152138.54 rows=477987 width=4) (actual time=0.441..1133.494 rows=470990 loops=1)
Gather  (cost=1000.00..148489.02 rows=436683 width=4) (actual time=0.644..477.503 rows=425955 loops=1)
Seq Scan on area_v_con  (cost=0.00..152138.54 rows=504714 width=4) (actual time=0.359..1132.705 rows=516862 loops=1)
Gather  (cost=1000.00..149262.02 rows=444413 width=4) (actual time=0.605..511.514 rows=443206 loops=1)
Seq Scan on area_v_con  (cost=0.00..152138.54 rows=489031 width=4) (actual time=0.517..1126.656 rows=473031 loops=1)
Gather  (cost=1000.00..147009.12 rows=421884 width=4) (actual time=0.646..490.281 rows=434439 loops=1)
Gather  (cost=1000.00..105967.92 rows=11472 width=3) (actual time=0.630..346.666 rows=8192 loops=1)
Gather  (cost=1000.00..110806.62 rows=59859 width=3) (actual time=0.545..350.593 rows=59423 loops=1)
Seq Scan on area_v_con  (cost=0.00..152138.54 rows=489031 width=4) (actual time=0.454..1131.743 rows=473031 loops=1)
Gather  (cost=1000.00..105967.92 rows=11472 width=3) (actual time=0.642..341.737 rows=8242 loops=1)
Seq Scan on area_v_con  (cost=0.00..152138.54 rows=490357 width=4) (actual time=0.448..1125.512 rows=495041 loops=1)
Gather  (cost=1000.00..110939.12 rows=61184 width=3) (actual time=0.583..354.908 rows=59423 loops=1)
Gather  (cost=1000.00..107780.52 rows=29598 width=3) (actual time=0.556..351.479 rows=31459 loops=1)
Gather  (cost=1000.00..105967.92 rows=11472 width=3) (actual time=0.602..348.584 rows=8243 loops=1)
Seq Scan on area_v_con  (cost=0.00..152138.54 rows=489031 width=4) (actual time=0.456..1133.009 rows=473031 loops=1)
Gather  (cost=1000.00..107935.12 rows=31144 width=3) (actual time=0.656..356.497 rows=31459 loops=1)
Gather  (cost=1000.00..105967.92 rows=11472 width=3) (actual time=0.724..349.950 rows=6527 loops=1)
Gather  (cost=1000.00..105967.92 rows=11472 width=3) (actual time=0.685..348.403 rows=9970 loops=1)
Seq Scan on area_v_con  (cost=0.00..152138.54 rows=477987 width=4) (actual time=0.445..1131.787 rows=470990 loops=1)
Gather  (cost=1000.00..105967.92 rows=11472 width=3) (actual time=0.767..359.521 rows=18152 loops=1)
Gather  (cost=1000.00..149262.02 rows=444413 width=4) (actual time=0.677..502.807 rows=443206 loops=1)
Seq Scan on area_v_con  (cost=0.00..152138.54 rows=489031 width=4) (actual time=0.514..1137.677 rows=473031 loops=1)
Seq Scan on area_v_con  (cost=0.00..152138.54 rows=1422256 width=4) (actual time=0.441..1174.108 rows=1419652 loops=1)
Seq Scan on area_v_con  (cost=0.00..152138.54 rows=477987 width=4) (actual time=0.514..1118.990 rows=470990 loops=1)
Gather  (cost=1000.00..148489.02 rows=436683 width=4) (actual time=0.644..485.373 rows=425955 loops=1)
Seq Scan on area_v_con  (cost=0.00..152138.54 rows=489031 width=4) (actual time=0.562..1124.513 rows=473031 loops=1)
Gather  (cost=1000.00..105967.92 rows=11472 width=3) (actual time=0.695..349.192 rows=13307 loops=1)
Gather  (cost=1000.00..105967.92 rows=11472 width=3) (actual time=0.624..348.403 rows=18152 loops=1)
Seq Scan on area_v_con  (cost=0.00..152138.54 rows=602344 width=4) (actual time=0.375..1129.150 rows=595837 loops=1)
Gather  (cost=1000.00..105967.92 rows=11472 width=3) (actual time=0.689..338.148 rows=6626 loops=1)
Gather  (cost=1000.00..105967.92 rows=11472 width=3) (actual time=0.553..343.351 rows=23173 loops=1)
Gather  (cost=1000.00..105967.92 rows=11472 width=3) (actual time=0.846..337.355 rows=9962 loops=1)
Gather  (cost=1000.00..146147.62 rows=413269 width=4) (actual time=0.607..490.441 rows=424881 loops=1)
Seq Scan on area_v_con  (cost=0.00..152138.54 rows=504714 width=4) (actual time=0.361..1159.210 rows=516862 loops=1)
Gather  (cost=1000.00..105967.92 rows=11472 width=3) (actual time=0.773..345.379 rows=1570 loops=1)
Gather  (cost=1000.00..105967.92 rows=11472 width=3) (actual time=0.666..341.809 rows=6626 loops=1)
Gather  (cost=1000.00..104820.82 rows=1 width=4) (actual time=428.625..433.461 rows=0 loops=1)
Gather  (cost=1000.00..107957.22 rows=31365 width=3) (actual time=0.671..353.849 rows=31459 loops=1)
Gather  (cost=1000.00..105967.92 rows=11472 width=3) (actual time=0.870..346.977 rows=13300 loops=1)
Gather  (cost=1000.00..146147.62 rows=413269 width=4) (actual time=0.707..480.407 rows=424881 loops=1)
Gather  (cost=1000.00..148489.02 rows=436683 width=4) (actual time=0.732..476.620 rows=425955 loops=1)
Gather  (cost=1000.00..146147.62 rows=413269 width=4) (actual time=0.613..478.840 rows=424881 loops=1)
Seq Scan on area_v_con  (cost=0.00..152138.54 rows=923505 width=4) (actual time=0.372..1149.575 rows=926646 loops=1)
Gather  (cost=1000.00..105967.92 rows=11472 width=3) (actual time=0.565..347.339 rows=23173 loops=1)
Seq Scan on area_v_con  (cost=0.00..152138.54 rows=923505 width=4) (actual time=0.374..1144.872 rows=926646 loops=1)
Seq Scan on area_v_con  (cost=0.00..152138.54 rows=1422256 width=4) (actual time=0.496..1181.007 rows=1419652 loops=1)
Gather  (cost=1000.00..105967.92 rows=11472 width=3) (actual time=0.587..341.144 rows=19619 loops=1)
Gather  (cost=1000.00..105967.92 rows=11472 width=3) (actual time=0.558..350.702 rows=23173 loops=1)
Gather  (cost=1000.00..105967.92 rows=11472 width=3) (actual time=0.621..345.989 rows=18152 loops=1)
Gather  (cost=1000.00..105967.92 rows=11472 width=3) (actual time=0.725..352.383 rows=13300 loops=1)
Gather  (cost=1000.00..105967.92 rows=11472 width=3) (actual time=0.699..343.026 rows=13307 loops=1)
Seq Scan on area_v_con  (cost=0.00..152138.54 rows=1422256 width=4) (actual time=0.420..1188.571 rows=1419652 loops=1)
Seq Scan on area_v_con  (cost=0.00..152138.54 rows=923505 width=4) (actual time=0.409..1159.566 rows=926646 loops=1)
Gather  (cost=1000.00..148489.02 rows=436683 width=4) (actual time=0.788..502.184 rows=425955 loops=1)
Gather  (cost=1000.00..105967.92 rows=11472 width=3) (actual time=0.740..358.730 rows=23047 loops=1)
Gather  (cost=1000.00..105967.92 rows=11472 width=3) (actual time=0.734..353.723 rows=14709 loops=1)
Seq Scan on area_v_con  (cost=0.00..152138.54 rows=490357 width=4) (actual time=0.400..1146.168 rows=495041 loops=1)
Gather  (cost=1000.00..105967.92 rows=11472 width=3) (actual time=0.597..351.055 rows=8059 loops=1)
Gather  (cost=1000.00..148489.02 rows=436683 width=4) (actual time=0.650..498.209 rows=425955 loops=1)
Gather  (cost=1000.00..105967.92 rows=11472 width=3) (actual time=2.408..349.567 rows=1661 loops=1)
Seq Scan on area_v_con  (cost=0.00..152138.54 rows=504714 width=4) (actual time=0.402..1153.649 rows=516862 loops=1)
Seq Scan on area_v_con  (cost=0.00..152138.54 rows=504714 width=4) (actual time=0.372..1143.933 rows=516862 loops=1)
Gather  (cost=1000.00..105967.92 rows=11472 width=3) (actual time=0.750..341.385 rows=13300 loops=1)
Seq Scan on area_v_con  (cost=0.00..152138.54 rows=1422256 width=4) (actual time=0.375..1184.852 rows=1419652 loops=1)
Gather  (cost=1000.00..146147.62 rows=413269 width=4) (actual time=0.631..482.386 rows=424881 loops=1)
Gather  (cost=1000.00..149262.02 rows=444413 width=4) (actual time=0.576..483.459 rows=443206 loops=1)
Seq Scan on area_v_con  (cost=0.00..152138.54 rows=504714 width=4) (actual time=0.381..1133.498 rows=516862 loops=1)
Seq Scan on area_v_con  (cost=0.00..152138.54 rows=489031 width=4) (actual time=0.461..1132.456 rows=473031 loops=1)
Gather  (cost=1000.00..105967.92 rows=11472 width=3) (actual time=0.761..346.421 rows=13300 loops=1)
Gather  (cost=1000.00..107802.62 rows=29819 width=3) (actual time=0.645..355.906 rows=31459 loops=1)
Gather  (cost=1000.00..105967.92 rows=11472 width=3) (actual time=0.720..351.448 rows=8242 loops=1)
Gather  (cost=1000.00..149262.02 rows=444413 width=4) (actual time=0.639..484.475 rows=443206 loops=1)
Gather  (cost=1000.00..105967.92 rows=11472 width=3) (actual time=0.664..352.965 rows=13307 loops=1)
Seq Scan on area_v_con  (cost=0.00..152138.54 rows=602344 width=4) (actual time=0.385..1136.653 rows=595837 loops=1)
Gather  (cost=1000.00..110431.12 rows=56104 width=3) (actual time=0.606..355.877 rows=59423 loops=1)
Seq Scan on area_v_con  (cost=0.00..152138.54 rows=489031 width=4) (actual time=0.474..1137.755 rows=473031 loops=1)
Gather  (cost=1000.00..105967.92 rows=11472 width=3) (actual time=0.659..343.106 rows=8243 loops=1)
Gather  (cost=1000.00..107272.52 rows=24518 width=3) (actual time=0.674..359.685 rows=23047 loops=1)
Gather  (cost=1000.00..105967.92 rows=11472 width=3) (actual time=0.575..343.595 rows=14699 loops=1)
Gather  (cost=1000.00..105967.92 rows=11472 width=3) (actual time=0.579..353.836 rows=19619 loops=1)
Gather  (cost=1000.00..105967.92 rows=11472 width=3) (actual time=0.569..346.210 rows=23173 loops=1)
Seq Scan on area_v_con  (cost=0.00..152138.54 rows=923505 width=4) (actual time=0.373..1152.148 rows=926646 loops=1)
Seq Scan on area_v_con  (cost=0.00..152138.54 rows=489031 width=4) (actual time=0.456..1131.853 rows=473031 loops=1)
Gather  (cost=1000.00..105967.92 rows=11472 width=3) (actual time=2.612..352.255 rows=1710 loops=1)
Gather  (cost=1000.00..105967.92 rows=11472 width=3) (actual time=0.548..345.495 rows=23173 loops=1)
Seq Scan on area_v_con  (cost=0.00..152138.54 rows=602344 width=4) (actual time=0.374..1149.983 rows=595837 loops=1)
Seq Scan on area_v_con  (cost=0.00..152138.54 rows=504714 width=4) (actual time=0.351..1137.861 rows=516862 loops=1)
Gather  (cost=1000.00..146147.62 rows=413269 width=4) (actual time=0.638..487.778 rows=424881 loops=1)
Seq Scan on area_v_con  (cost=0.00..152138.54 rows=1422256 width=4) (actual time=0.367..1186.906 rows=1419652 loops=1)
Seq Scan on area_v_con  (cost=0.00..152138.54 rows=490357 width=4) (actual time=0.382..1131.213 rows=495041 loops=1)
Seq Scan on area_v_con  (cost=0.00..152138.54 rows=602344 width=4) (actual time=0.366..1141.359 rows=595837 loops=1)
Gather  (cost=1000.00..105967.92 rows=11472 width=3) (actual time=0.615..349.901 rows=11597 loops=1)
Gather  (cost=1000.00..107780.52 rows=29598 width=3) (actual time=0.587..348.344 rows=31459 loops=1)
Gather  (cost=1000.00..107802.62 rows=29819 width=3) (actual time=0.597..351.828 rows=31459 loops=1)
Gather  (cost=1000.00..107228.32 rows=24076 width=3) (actual time=0.678..343.683 rows=23047 loops=1)
Gather  (cost=1000.00..105967.92 rows=11472 width=3) (actual time=0.736..346.587 rows=9703 loops=1)
Gather  (cost=1000.00..105967.92 rows=11472 width=3) (actual time=0.790..345.139 rows=23047 loops=1)
Seq Scan on area_v_con  (cost=0.00..152138.54 rows=504714 width=4) (actual time=0.365..1140.099 rows=516862 loops=1)
Seq Scan on area_v_con  (cost=0.00..152138.54 rows=1422256 width=4) (actual time=0.370..1184.492 rows=1419652 loops=1)
Seq Scan on area_v_con  (cost=0.00..152138.54 rows=1422256 width=4) (actual time=0.365..1183.591 rows=1419652 loops=1)
Seq Scan on area_v_con  (cost=0.00..152138.54 rows=923505 width=4) (actual time=0.372..1173.266 rows=926646 loops=1)
Seq Scan on area_v_con  (cost=0.00..152138.54 rows=1422256 width=4) (actual time=0.373..1190.727 rows=1419652 loops=1)
Gather  (cost=1000.00..148489.02 rows=436683 width=4) (actual time=0.535..491.416 rows=425955 loops=1)
Seq Scan on area_v_con  (cost=0.00..152138.54 rows=477987 width=4) (actual time=0.485..1137.303 rows=470990 loops=1)
Gather  (cost=1000.00..110762.42 rows=59417 width=3) (actual time=0.561..356.010 rows=59423 loops=1)
Gather  (cost=1000.00..148489.02 rows=436683 width=4) (actual time=0.617..490.797 rows=425955 loops=1)
Gather  (cost=1000.00..105967.92 rows=11472 width=3) (actual time=0.650..345.768 rows=4920 loops=1)
Gather  (cost=1000.00..109260.42 rows=44397 width=3) (actual time=0.703..352.732 rows=41350 loops=1)
Gather  (cost=1000.00..105967.92 rows=11472 width=3) (actual time=0.577..350.380 rows=14699 loops=1)
Gather  (cost=1000.00..149262.02 rows=444413 width=4) (actual time=0.603..491.926 rows=443206 loops=1)
Gather  (cost=1000.00..147009.12 rows=421884 width=4) (actual time=0.577..488.308 rows=434439 loops=1)
Gather  (cost=1000.00..105967.92 rows=11472 width=3) (actual time=0.637..343.814 rows=6618 loops=1)
Gather  (cost=1000.00..105967.92 rows=11472 width=3) (actual time=0.595..348.319 rows=14709 loops=1)
Gather  (cost=1000.00..147009.12 rows=421884 width=4) (actual time=0.692..486.218 rows=434439 loops=1)
Gather  (cost=1000.00..110961.22 rows=61405 width=3) (actual time=0.670..358.866 rows=59423 loops=1)
Gather  (cost=1000.00..105967.92 rows=11472 width=3) (actual time=0.860..344.811 rows=13300 loops=1)
Gather  (cost=1000.00..110939.12 rows=61184 width=3) (actual time=0.559..354.121 rows=59423 loops=1)
Gather  (cost=1000.00..105967.92 rows=11472 width=3) (actual time=0.553..343.917 rows=14699 loops=1)
Gather  (cost=1000.00..108001.42 rows=31807 width=3) (actual time=0.573..347.814 rows=31459 loops=1)
Seq Scan on area_v_con  (cost=0.00..152138.54 rows=504714 width=4) (actual time=0.361..1152.782 rows=516862 loops=1)
Seq Scan on area_v_con  (cost=0.00..152138.54 rows=477987 width=4) (actual time=0.486..1152.910 rows=470990 loops=1)
Seq Scan on area_v_con  (cost=0.00..152138.54 rows=504714 width=4) (actual time=0.431..1139.812 rows=516862 loops=1)
Gather  (cost=1000.00..148489.02 rows=436683 width=4) (actual time=0.652..490.305 rows=425955 loops=1)
Gather  (cost=1000.00..105967.92 rows=11472 width=3) (actual time=0.801..342.862 rows=9703 loops=1)
Gather  (cost=1000.00..147009.12 rows=421884 width=4) (actual time=0.561..489.433 rows=434439 loops=1)
Gather  (cost=1000.00..108973.32 rows=41526 width=3) (actual time=0.688..355.434 rows=41350 loops=1)
Gather  (cost=1000.00..149262.02 rows=444413 width=4) (actual time=0.605..493.640 rows=443206 loops=1)
Gather  (cost=1000.00..105967.92 rows=11472 width=3) (actual time=1.001..369.348 rows=4958 loops=1)
Gather  (cost=1000.00..105967.92 rows=11472 width=3) (actual time=0.635..343.744 rows=8243 loops=1)
Gather  (cost=1000.00..105967.92 rows=11472 width=3) (actual time=0.697..345.000 rows=13307 loops=1)
Seq Scan on area_v_con  (cost=0.00..152138.54 rows=1422256 width=4) (actual time=0.374..1196.598 rows=1419652 loops=1)
Gather  (cost=1000.00..147009.12 rows=421884 width=4) (actual time=0.559..490.008 rows=434439 loops=1)
Gather  (cost=1000.00..148489.02 rows=436683 width=4) (actual time=0.624..489.902 rows=425955 loops=1)
Gather  (cost=1000.00..146147.62 rows=413269 width=4) (actual time=0.764..496.740 rows=424881 loops=1)
Gather  (cost=1000.00..105967.92 rows=11472 width=3) (actual time=0.666..355.716 rows=23047 loops=1)
Gather  (cost=1000.00..105967.92 rows=11472 width=3) (actual time=0.616..377.387 rows=6613 loops=1)
Gather  (cost=1000.00..108995.42 rows=41747 width=3) (actual time=0.585..360.785 rows=41350 loops=1)
Gather  (cost=1000.00..105967.92 rows=11472 width=3) (actual time=0.567..355.718 rows=19619 loops=1)
Gather  (cost=1000.00..105967.92 rows=11472 width=3) (actual time=0.593..345.458 rows=23173 loops=1)
Gather  (cost=1000.00..147009.12 rows=421884 width=4) (actual time=0.659..486.648 rows=434439 loops=1)
Gather  (cost=1000.00..148489.02 rows=436683 width=4) (actual time=0.743..480.329 rows=425955 loops=1)
Gather  (cost=1000.00..105967.92 rows=11472 width=3) (actual time=2.326..356.687 rows=1661 loops=1)
Gather  (cost=1000.00..146147.62 rows=413269 width=4) (actual time=0.596..487.658 rows=424881 loops=1)
Seq Scan on area_v_con  (cost=0.00..152138.54 rows=1422256 width=4) (actual time=0.373..1184.640 rows=1419652 loops=1)
Seq Scan on area_v_con  (cost=0.00..152138.54 rows=1422256 width=4) (actual time=0.362..1194.984 rows=1419652 loops=1)
Gather  (cost=1000.00..110585.72 rows=57650 width=3) (actual time=0.571..357.965 rows=59423 loops=1)
Gather  (cost=1000.00..105967.92 rows=11472 width=3) (actual time=0.576..343.762 rows=8243 loops=1)
Seq Scan on area_v_con  (cost=0.00..152138.54 rows=504714 width=4) (actual time=0.381..1124.107 rows=516862 loops=1)
Gather  (cost=1000.00..105967.92 rows=11472 width=3) (actual time=0.656..347.253 rows=8059 loops=1)
Seq Scan on area_v_con  (cost=0.00..152138.54 rows=504714 width=4) (actual time=0.402..1125.014 rows=516862 loops=1)
Gather  (cost=1000.00..105967.92 rows=11472 width=3) (actual time=0.655..338.488 rows=4775 loops=1)
Seq Scan on area_v_con  (cost=0.00..152138.54 rows=490357 width=4) (actual time=0.382..1124.763 rows=495041 loops=1)
Seq Scan on area_v_con  (cost=0.00..152138.54 rows=490357 width=4) (actual time=0.412..1119.903 rows=495041 loops=1)
Gather  (cost=1000.00..105967.92 rows=11472 width=3) (actual time=0.632..354.302 rows=23173 loops=1)
Gather  (cost=1000.00..105967.92 rows=11472 width=3) (actual time=0.760..350.632 rows=23240 loops=1)
Gather  (cost=1000.00..105967.92 rows=11472 width=3) (actual time=0.620..348.377 rows=6538 loops=1)
Seq Scan on area_v_con  (cost=0.00..152138.54 rows=602344 width=4) (actual time=0.373..1130.178 rows=595837 loops=1)
Gather  (cost=1000.00..105967.92 rows=11472 width=3) (actual time=0.622..338.504 rows=8243 loops=1)
Gather  (cost=1000.00..146147.62 rows=413269 width=4) (actual time=0.635..484.716 rows=424881 loops=1)
Gather  (cost=1000.00..105967.92 rows=11472 width=3) (actual time=0.654..348.596 rows=14875 loops=1)
Seq Scan on area_v_con  (cost=0.00..152138.54 rows=923505 width=4) (actual time=0.368..1146.965 rows=926646 loops=1)
Gather  (cost=1000.00..105967.92 rows=11472 width=3) (actual time=0.730..347.285 rows=13307 loops=1)
Seq Scan on area_v_con  (cost=0.00..152138.54 rows=1422256 width=4) (actual time=0.370..1172.626 rows=1419652 loops=1)
Seq Scan on area_v_con  (cost=0.00..152138.54 rows=602344 width=4) (actual time=0.399..1125.166 rows=595837 loops=1)
Seq Scan on area_v_con  (cost=0.00..152138.54 rows=923505 width=4) (actual time=0.368..1144.765 rows=926646 loops=1)
Seq Scan on area_v_con  (cost=0.00..152138.54 rows=1422256 width=4) (actual time=0.364..1175.102 rows=1419652 loops=1)
Gather  (cost=1000.00..105967.92 rows=11472 width=3) (actual time=0.762..347.898 rows=6618 loops=1)
Gather  (cost=1000.00..105967.92 rows=11472 width=3) (actual time=0.566..356.206 rows=19619 loops=1)
Gather  (cost=1000.00..105967.92 rows=11472 width=3) (actual time=0.682..351.276 rows=23047 loops=1)
Seq Scan on area_v_con  (cost=0.00..152138.54 rows=477987 width=4) (actual time=0.442..1128.801 rows=470990 loops=1)
Gather  (cost=1000.00..146147.62 rows=413269 width=4) (actual time=0.791..481.652 rows=424881 loops=1)
Seq Scan on area_v_con  (cost=0.00..152138.54 rows=602344 width=4) (actual time=0.373..1132.973 rows=595837 loops=1)
Gather  (cost=1000.00..110386.92 rows=55662 width=3) (actual time=0.577..357.180 rows=59423 loops=1)
Gather  (cost=1000.00..149262.02 rows=444413 width=4) (actual time=0.577..487.515 rows=443206 loops=1)
Gather  (cost=1000.00..146147.62 rows=413269 width=4) (actual time=0.617..495.492 rows=424881 loops=1)
Gather  (cost=1000.00..105967.92 rows=11472 width=3) (actual time=0.697..343.004 rows=13307 loops=1)
Gather  (cost=1000.00..110519.42 rows=56987 width=3) (actual time=0.548..357.045 rows=59423 loops=1)
Gather  (cost=1000.00..108111.82 rows=32911 width=3) (actual time=0.554..358.202 rows=31459 loops=1)
Gather  (cost=1000.00..110607.82 rows=57871 width=3) (actual time=0.563..357.450 rows=59423 loops=1)
Gather  (cost=1000.00..105967.92 rows=11472 width=3) (actual time=0.728..347.506 rows=18152 loops=1)
Gather  (cost=1000.00..105967.92 rows=11472 width=3) (actual time=0.960..344.985 rows=6518 loops=1)
Seq Scan on area_v_con  (cost=0.00..152138.54 rows=1422256 width=4) (actual time=0.373..1183.268 rows=1419652 loops=1)
Gather  (cost=1000.00..148489.02 rows=436683 width=4) (actual time=0.648..482.058 rows=425955 loops=1)
Gather  (cost=1000.00..105967.92 rows=11472 width=3) (actual time=0.557..344.335 rows=8059 loops=1)
Gather  (cost=1000.00..146147.62 rows=413269 width=4) (actual time=0.596..480.974 rows=424881 loops=1)
Gather  (cost=1000.00..105967.92 rows=11472 width=3) (actual time=0.662..340.286 rows=13151 loops=1)
Seq Scan on area_v_con  (cost=0.00..152138.54 rows=1422256 width=4) (actual time=0.381..1186.656 rows=1419652 loops=1)
Seq Scan on area_v_con  (cost=0.00..152138.54 rows=489031 width=4) (actual time=0.447..1126.886 rows=473031 loops=1)
Seq Scan on area_v_con  (cost=0.00..152138.54 rows=1422256 width=4) (actual time=0.367..1178.809 rows=1419652 loops=1)
Gather  (cost=1000.00..110276.52 rows=54558 width=3) (actual time=0.573..353.464 rows=59423 loops=1)
Gather  (cost=1000.00..105967.92 rows=11472 width=3) (actual time=0.638..342.743 rows=6618 loops=1)
Gather  (cost=1000.00..146147.62 rows=413269 width=4) (actual time=0.617..479.598 rows=424881 loops=1)
Seq Scan on area_v_con  (cost=0.00..152138.54 rows=477987 width=4) (actual time=0.446..1129.579 rows=470990 loops=1)
Seq Scan on area_v_con  (cost=0.00..152138.54 rows=1422256 width=4) (actual time=0.365..1175.537 rows=1419652 loops=1)
Gather  (cost=1000.00..105967.92 rows=11472 width=3) (actual time=0.588..345.157 rows=19619 loops=1)
Gather  (cost=1000.00..104820.82 rows=1 width=4) (actual time=421.101..426.144 rows=0 loops=1)
Gather  (cost=1000.00..105967.92 rows=11472 width=3) (actual time=0.660..347.665 rows=14709 loops=1)
Seq Scan on area_v_con  (cost=0.00..152138.54 rows=490357 width=4) (actual time=0.422..1130.280 rows=495041 loops=1)
Gather  (cost=1000.00..105967.92 rows=11472 width=3) (actual time=0.632..348.577 rows=18152 loops=1)
Gather  (cost=1000.00..105967.92 rows=11472 width=3) (actual time=0.754..338.924 rows=13307 loops=1)
Gather  (cost=1000.00..105967.92 rows=11472 width=3) (actual time=0.669..345.569 rows=6613 loops=1)
Seq Scan on area_v_con  (cost=0.00..152138.54 rows=504714 width=4) (actual time=0.372..1125.774 rows=516862 loops=1)
Gather  (cost=1000.00..107316.72 rows=24960 width=3) (actual time=0.664..352.387 rows=23240 loops=1)
Gather  (cost=1000.00..147009.12 rows=421884 width=4) (actual time=0.556..481.963 rows=434439 loops=1)
Gather  (cost=1000.00..105967.92 rows=11472 width=3) (actual time=0.600..340.252 rows=11597 loops=1)
Seq Scan on area_v_con  (cost=0.00..152138.54 rows=490357 width=4) (actual time=0.389..1116.388 rows=495041 loops=1)
Seq Scan on area_v_con  (cost=0.00..152138.54 rows=504714 width=4) (actual time=0.358..1121.191 rows=516862 loops=1)
Seq Scan on area_v_con  (cost=0.00..152138.54 rows=477987 width=4) (actual time=0.430..1116.889 rows=470990 loops=1)
Seq Scan on area_v_con  (cost=0.00..152138.54 rows=490357 width=4) (actual time=0.374..1124.608 rows=495041 loops=1)
Gather  (cost=1000.00..105967.92 rows=11472 width=3) (actual time=0.640..345.068 rows=8242 loops=1)
Gather  (cost=1000.00..107692.22 rows=28715 width=3) (actual time=0.560..351.858 rows=31459 loops=1)
Gather  (cost=1000.00..105967.92 rows=11472 width=3) (actual time=0.640..341.898 rows=8192 loops=1)
Seq Scan on area_v_con  (cost=0.00..152138.54 rows=1422256 width=4) (actual time=0.400..1172.961 rows=1419652 loops=1)
Seq Scan on area_v_con  (cost=0.00..152138.54 rows=1422256 width=4) (actual time=0.363..1171.245 rows=1419652 loops=1)
Gather  (cost=1000.00..105967.92 rows=11472 width=3) (actual time=0.743..342.536 rows=14875 loops=1)
Gather  (cost=1000.00..108111.82 rows=32911 width=3) (actual time=0.552..344.031 rows=31459 loops=1)
Gather  (cost=1000.00..105967.92 rows=11472 width=3) (actual time=0.594..338.087 rows=8243 loops=1)
Gather  (cost=1000.00..107272.52 rows=24518 width=3) (actual time=0.675..346.100 rows=23047 loops=1)
Seq Scan on area_v_con  (cost=0.00..152138.54 rows=1422256 width=4) (actual time=0.372..1171.707 rows=1419652 loops=1)
Seq Scan on area_v_con  (cost=0.00..152138.54 rows=1422256 width=4) (actual time=0.397..1170.784 rows=1419652 loops=1)
Seq Scan on area_v_con  (cost=0.00..152138.54 rows=1422256 width=4) (actual time=0.366..1168.781 rows=1419652 loops=1)
Gather  (cost=1000.00..105967.92 rows=11472 width=3) (actual time=0.716..349.530 rows=4775 loops=1)
Gather  (cost=1000.00..105967.92 rows=11472 width=3) (actual time=0.566..350.769 rows=23173 loops=1)
Seq Scan on area_v_con  (cost=0.00..152138.54 rows=923505 width=4) (actual time=0.365..1140.271 rows=926646 loops=1)
Seq Scan on area_v_con  (cost=0.00..152138.54 rows=490357 width=4) (actual time=0.370..1131.195 rows=495041 loops=1)
Gather  (cost=1000.00..148489.02 rows=436683 width=4) (actual time=0.753..483.266 rows=425955 loops=1)
Seq Scan on area_v_con  (cost=0.00..152138.54 rows=489031 width=4) (actual time=0.475..1132.427 rows=473031 loops=1)
Gather  (cost=1000.00..105967.92 rows=11472 width=3) (actual time=0.635..337.307 rows=1647 loops=1)
Gather  (cost=1000.00..105967.92 rows=11472 width=3) (actual time=0.600..343.718 rows=14709 loops=1)
Seq Scan on area_v_con  (cost=0.00..152138.54 rows=1422256 width=4) (actual time=0.365..1172.842 rows=1419652 loops=1)
Gather  (cost=1000.00..105967.92 rows=11472 width=3) (actual time=0.750..338.041 rows=1681 loops=1)
Seq Scan on area_v_con  (cost=0.00..152138.54 rows=1422256 width=4) (actual time=0.369..1178.391 rows=1419652 loops=1)
Gather  (cost=1000.00..105967.92 rows=11472 width=3) (actual time=0.621..355.141 rows=14699 loops=1)
Seq Scan on area_v_con  (cost=0.00..152138.54 rows=504714 width=4) (actual time=0.523..1191.691 rows=516862 loops=1)
Gather  (cost=1000.00..105967.92 rows=11472 width=3) (actual time=0.789..348.400 rows=23047 loops=1)
Gather  (cost=1000.00..108001.42 rows=31807 width=3) (actual time=0.586..345.352 rows=31459 loops=1)
Gather  (cost=1000.00..105967.92 rows=11472 width=3) (actual time=0.671..339.689 rows=9703 loops=1)
Seq Scan on area_v_con  (cost=0.00..152138.54 rows=490357 width=4) (actual time=0.439..1132.399 rows=495041 loops=1)
Seq Scan on area_v_con  (cost=0.00..152138.54 rows=602344 width=4) (actual time=0.373..1131.381 rows=595837 loops=1)
Seq Scan on area_v_con  (cost=0.00..152138.54 rows=923505 width=4) (actual time=0.365..1152.980 rows=926646 loops=1)
Gather  (cost=1000.00..105967.92 rows=11472 width=3) (actual time=0.691..355.222 rows=6613 loops=1)
Seq Scan on area_v_con  (cost=0.00..152138.54 rows=1422256 width=4) (actual time=0.410..1187.075 rows=1419652 loops=1)
Gather  (cost=1000.00..105967.92 rows=11472 width=3) (actual time=0.709..345.680 rows=13307 loops=1)
Gather  (cost=1000.00..105967.92 rows=11472 width=3) (actual time=0.718..342.851 rows=6637 loops=1)
Gather  (cost=1000.00..105967.92 rows=11472 width=3) (actual time=0.588..356.338 rows=19619 loops=1)
Gather  (cost=1000.00..105967.92 rows=11472 width=3) (actual time=0.696..346.911 rows=23047 loops=1)
Seq Scan on area_v_con  (cost=0.00..152138.54 rows=489031 width=4) (actual time=0.467..1145.889 rows=473031 loops=1)
Seq Scan on area_v_con  (cost=0.00..152138.54 rows=1422256 width=4) (actual time=0.387..1182.674 rows=1419652 loops=1)
Seq Scan on area_v_con  (cost=0.00..152138.54 rows=1422256 width=4) (actual time=0.370..1169.149 rows=1419652 loops=1)
Seq Scan on area_v_con  (cost=0.00..152138.54 rows=477987 width=4) (actual time=0.432..1124.726 rows=470990 loops=1)
Gather  (cost=1000.00..149262.02 rows=444413 width=4) (actual time=0.602..483.076 rows=443206 loops=1)
Gather  (cost=1000.00..149262.02 rows=444413 width=4) (actual time=0.592..478.938 rows=443206 loops=1)
Gather  (cost=1000.00..105967.92 rows=11472 width=3) (actual time=0.625..338.643 rows=14875 loops=1)
Gather  (cost=1000.00..107824.72 rows=30040 width=3) (actual time=0.609..350.691 rows=31459 loops=1)
Gather  (cost=1000.00..105967.92 rows=11472 width=3) (actual time=0.651..342.135 rows=14875 loops=1)
Gather  (cost=1000.00..107935.12 rows=31144 width=3) (actual time=0.561..342.631 rows=31459 loops=1)
Gather  (cost=1000.00..107692.22 rows=28715 width=3) (actual time=0.565..343.881 rows=31459 loops=1)
Gather  (cost=1000.00..147009.12 rows=421884 width=4) (actual time=0.558..491.758 rows=434439 loops=1)
Seq Scan on area_v_con  (cost=0.00..152138.54 rows=477987 width=4) (actual time=0.455..1131.960 rows=470990 loops=1)
Gather  (cost=1000.00..109392.92 rows=45722 width=3) (actual time=0.723..355.966 rows=41350 loops=1)
Seq Scan on area_v_con  (cost=0.00..152138.54 rows=490357 width=4) (actual time=0.392..1124.705 rows=495041 loops=1)
Seq Scan on area_v_con  (cost=0.00..152138.54 rows=504714 width=4) (actual time=0.363..1121.451 rows=516862 loops=1)
Gather  (cost=1000.00..105967.92 rows=11472 width=3) (actual time=0.704..344.445 rows=6527 loops=1)
Gather  (cost=1000.00..105967.92 rows=11472 width=3) (actual time=0.658..346.073 rows=13151 loops=1)
Gather  (cost=1000.00..105967.92 rows=11472 width=3) (actual time=0.553..351.604 rows=14699 loops=1)
Gather  (cost=1000.00..105967.92 rows=11472 width=3) (actual time=0.666..340.338 rows=4958 loops=1)
Gather  (cost=1000.00..149262.02 rows=444413 width=4) (actual time=0.562..483.132 rows=443206 loops=1)
Gather  (cost=1000.00..146147.62 rows=413269 width=4) (actual time=0.601..485.109 rows=424881 loops=1)
Gather  (cost=1000.00..105967.92 rows=11472 width=3) (actual time=0.693..339.162 rows=4958 loops=1)
Gather  (cost=1000.00..148489.02 rows=436683 width=4) (actual time=0.623..479.963 rows=425955 loops=1)
Gather  (cost=1000.00..147009.12 rows=421884 width=4) (actual time=0.551..479.632 rows=434439 loops=1)
Gather  (cost=1000.00..105967.92 rows=11472 width=3) (actual time=0.558..352.209 rows=23173 loops=1)
Seq Scan on area_v_con  (cost=0.00..152138.54 rows=504714 width=4) (actual time=0.373..1128.101 rows=516862 loops=1)
Seq Scan on area_v_con  (cost=0.00..152138.54 rows=504714 width=4) (actual time=0.356..1121.725 rows=516862 loops=1)
Gather  (cost=1000.00..148489.02 rows=436683 width=4) (actual time=0.772..488.731 rows=425955 loops=1)
Gather  (cost=1000.00..105967.92 rows=11472 width=3) (actual time=0.585..341.488 rows=19619 loops=1)
Gather  (cost=1000.00..105967.92 rows=11472 width=3) (actual time=0.567..347.192 rows=19619 loops=1)
Gather  (cost=1000.00..105967.92 rows=11472 width=3) (actual time=0.731..338.755 rows=6637 loops=1)
Gather  (cost=1000.00..105967.92 rows=11472 width=3) (actual time=0.564..342.965 rows=14699 loops=1)
Seq Scan on area_v_con  (cost=0.00..152138.54 rows=923505 width=4) (actual time=0.380..1145.855 rows=926646 loops=1)
Seq Scan on area_v_con  (cost=0.00..152138.54 rows=1422256 width=4) (actual time=0.427..1222.559 rows=1419652 loops=1)
Gather  (cost=1000.00..147009.12 rows=421884 width=4) (actual time=0.581..483.249 rows=434439 loops=1)
Gather  (cost=1000.00..105967.92 rows=11472 width=3) (actual time=0.670..341.705 rows=9703 loops=1)
Seq Scan on area_v_con  (cost=0.00..152138.54 rows=1422256 width=4) (actual time=0.370..1184.812 rows=1419652 loops=1)
Gather  (cost=1000.00..105967.92 rows=11472 width=3) (actual time=0.652..354.334 rows=8192 loops=1)
Gather  (cost=1000.00..105967.92 rows=11472 width=3) (actual time=0.684..347.798 rows=23047 loops=1)
Gather  (cost=1000.00..105967.92 rows=11472 width=3) (actual time=0.641..339.125 rows=4920 loops=1)
Gather  (cost=1000.00..110894.92 rows=60742 width=3) (actual time=0.544..352.809 rows=59423 loops=1)
Gather  (cost=1000.00..146147.62 rows=413269 width=4) (actual time=0.603..482.780 rows=424881 loops=1)
Seq Scan on area_v_con  (cost=0.00..152138.54 rows=1422256 width=4) (actual time=0.366..1251.804 rows=1419652 loops=1)
Gather  (cost=1000.00..146147.62 rows=413269 width=4) (actual time=0.596..511.944 rows=424881 loops=1)
Seq Scan on area_v_con  (cost=0.00..152138.54 rows=923505 width=4) (actual time=0.410..1190.949 rows=926646 loops=1)
Seq Scan on area_v_con  (cost=0.00..152138.54 rows=504714 width=4) (actual time=0.365..1142.069 rows=516862 loops=1)
Seq Scan on area_v_con  (cost=0.00..152138.54 rows=1422256 width=4) (actual time=0.374..1181.223 rows=1419652 loops=1)
Gather  (cost=1000.00..146147.62 rows=413269 width=4) (actual time=0.721..478.515 rows=424881 loops=1)
Gather  (cost=1000.00..109392.92 rows=45722 width=3) (actual time=0.565..362.606 rows=41350 loops=1)
Gather  (cost=1000.00..105967.92 rows=11472 width=3) (actual time=0.564..353.683 rows=23173 loops=1)
Gather  (cost=1000.00..105967.92 rows=11472 width=3) (actual time=0.666..347.620 rows=13151 loops=1)
Gather  (cost=1000.00..105967.92 rows=11472 width=3) (actual time=0.636..346.911 rows=6618 loops=1)
Gather  (cost=1000.00..105967.92 rows=11472 width=3) (actual time=0.574..338.221 rows=6613 loops=1)
Gather  (cost=1000.00..105967.92 rows=11472 width=3) (actual time=0.607..347.744 rows=11597 loops=1)
Gather  (cost=1000.00..105967.92 rows=11472 width=3) (actual time=0.661..362.425 rows=13151 loops=1)
Seq Scan on area_v_con  (cost=0.00..152138.54 rows=477987 width=4) (actual time=0.480..1132.524 rows=470990 loops=1)
Gather  (cost=1000.00..149262.02 rows=444413 width=4) (actual time=0.734..480.594 rows=443206 loops=1)
Gather  (cost=1000.00..149262.02 rows=444413 width=4) (actual time=0.614..484.464 rows=443206 loops=1)
Seq Scan on area_v_con  (cost=0.00..152138.54 rows=1422256 width=4) (actual time=0.372..1191.092 rows=1419652 loops=1)
Gather  (cost=1000.00..107360.82 rows=25401 width=3) (actual time=0.608..353.013 rows=19619 loops=1)
Gather  (cost=1000.00..105967.92 rows=11472 width=3) (actual time=0.601..350.126 rows=9970 loops=1)
Gather  (cost=1000.00..110519.42 rows=56987 width=3) (actual time=0.558..351.547 rows=59423 loops=1)
Gather  (cost=1000.00..105967.92 rows=11472 width=3) (actual time=0.685..340.576 rows=13307 loops=1)
Seq Scan on area_v_con  (cost=0.00..152138.54 rows=489031 width=4) (actual time=0.439..1122.585 rows=473031 loops=1)
Gather  (cost=1000.00..146147.62 rows=413269 width=4) (actual time=0.629..476.957 rows=424881 loops=1)
Gather  (cost=1000.00..146147.62 rows=413269 width=4) (actual time=0.307..485.834 rows=424881 loops=1)
Gather  (cost=1000.00..105967.92 rows=11472 width=3) (actual time=0.754..339.790 rows=13307 loops=1)
Seq Scan on area_v_con  (cost=0.00..152138.54 rows=489031 width=4) (actual time=0.541..1127.076 rows=473031 loops=1)
Seq Scan on area_v_con  (cost=0.00..152138.54 rows=504714 width=4) (actual time=0.063..1124.845 rows=516862 loops=1)
Gather  (cost=1000.00..149262.02 rows=444413 width=4) (actual time=0.299..486.917 rows=443206 loops=1)
Seq Scan on area_v_con  (cost=0.00..152138.54 rows=923505 width=4) (actual time=0.374..1146.426 rows=926646 loops=1)
Gather  (cost=1000.00..107758.42 rows=29377 width=3) (actual time=0.679..343.741 rows=31459 loops=1)
Gather  (cost=1000.00..107891.02 rows=30703 width=3) (actual time=0.581..351.983 rows=31459 loops=1)
Gather  (cost=1000.00..105967.92 rows=11472 width=3) (actual time=0.727..351.204 rows=13300 loops=1)
Gather  (cost=1000.00..105967.92 rows=11472 width=3) (actual time=0.624..342.021 rows=11597 loops=1)
Gather  (cost=1000.00..105967.92 rows=11472 width=3) (actual time=0.627..350.315 rows=6618 loops=1)
Gather  (cost=1000.00..105967.92 rows=11472 width=3) (actual time=0.565..343.241 rows=23173 loops=1)
Seq Scan on area_v_con  (cost=0.00..152138.54 rows=1422256 width=4) (actual time=0.434..1175.243 rows=1419652 loops=1)
Seq Scan on area_v_con  (cost=0.00..152138.54 rows=504714 width=4) (actual time=0.361..1121.123 rows=516862 loops=1)
Gather  (cost=1000.00..105967.92 rows=11472 width=3) (actual time=0.708..338.591 rows=6527 loops=1)
Seq Scan on area_v_con  (cost=0.00..152138.54 rows=490357 width=4) (actual time=0.389..1125.776 rows=495041 loops=1)
Gather  (cost=1000.00..146147.62 rows=413269 width=4) (actual time=0.627..483.430 rows=424881 loops=1)
Gather  (cost=1000.00..146147.62 rows=413269 width=4) (actual time=0.598..485.805 rows=424881 loops=1)
Seq Scan on area_v_con  (cost=0.00..152138.54 rows=490357 width=4) (actual time=0.385..1123.329 rows=495041 loops=1)
Seq Scan on area_v_con  (cost=0.00..152138.54 rows=504714 width=4) (actual time=0.362..1125.134 rows=516862 loops=1)
Seq Scan on area_v_con  (cost=0.00..152138.54 rows=489031 width=4) (actual time=0.454..1118.829 rows=473031 loops=1)
Seq Scan on area_v_con  (cost=0.00..152138.54 rows=490357 width=4) (actual time=0.389..1127.778 rows=495041 loops=1)
Gather  (cost=1000.00..105967.92 rows=11472 width=3) (actual time=0.753..353.391 rows=13300 loops=1)
Gather  (cost=1000.00..110939.12 rows=61184 width=3) (actual time=0.552..359.687 rows=59423 loops=1)
Gather  (cost=1000.00..105967.92 rows=11472 width=3) (actual time=0.602..338.956 rows=11597 loops=1)
Seq Scan on area_v_con  (cost=0.00..152138.54 rows=923505 width=4) (actual time=0.374..1142.368 rows=926646 loops=1)
Gather  (cost=1000.00..108178.12 rows=33574 width=3) (actual time=0.573..358.062 rows=31459 loops=1)
Gather  (cost=1000.00..105967.92 rows=11472 width=3) (actual time=0.553..342.023 rows=23173 loops=1)
Gather  (cost=1000.00..108001.42 rows=31807 width=3) (actual time=0.554..346.492 rows=31459 loops=1)
Gather  (cost=1000.00..109392.92 rows=45722 width=3) (actual time=0.675..356.667 rows=41350 loops=1)
Gather  (cost=1000.00..105967.92 rows=11472 width=3) (actual time=0.653..349.381 rows=14699 loops=1)
Gather  (cost=1000.00..107824.72 rows=30040 width=3) (actual time=0.555..344.466 rows=31459 loops=1)
Gather  (cost=1000.00..146147.62 rows=413269 width=4) (actual time=0.580..484.938 rows=424881 loops=1)
Seq Scan on area_v_con  (cost=0.00..152138.54 rows=923505 width=4) (actual time=0.365..1144.967 rows=926646 loops=1)
Gather  (cost=1000.00..110917.02 rows=60963 width=3) (actual time=0.656..349.549 rows=59423 loops=1)
Gather  (cost=1000.00..105967.92 rows=11472 width=3) (actual time=0.557..348.666 rows=1652 loops=1)
Gather  (cost=1000.00..148489.02 rows=436683 width=4) (actual time=0.622..477.409 rows=425955 loops=1)
Seq Scan on area_v_con  (cost=0.00..152138.54 rows=923505 width=4) (actual time=0.365..1139.434 rows=926646 loops=1)
Seq Scan on area_v_con  (cost=0.00..152138.54 rows=489031 width=4) (actual time=0.446..1117.568 rows=473031 loops=1)
Seq Scan on area_v_con  (cost=0.00..152138.54 rows=490357 width=4) (actual time=0.471..1123.813 rows=495041 loops=1)
Seq Scan on area_v_con  (cost=0.00..152138.54 rows=923505 width=4) (actual time=0.362..1142.503 rows=926646 loops=1)
Gather  (cost=1000.00..149262.02 rows=444413 width=4) (actual time=0.594..494.450 rows=443206 loops=1)
Seq Scan on area_v_con  (cost=0.00..152138.54 rows=923505 width=4) (actual time=0.368..1139.898 rows=926646 loops=1)
Gather  (cost=1000.00..109370.92 rows=45502 width=3) (actual time=0.590..349.719 rows=41350 loops=1)
Gather  (cost=1000.00..111248.32 rows=64276 width=3) (actual time=0.538..350.294 rows=59423 loops=1)
Gather  (cost=1000.00..105967.92 rows=11472 width=3) (actual time=0.585..337.301 rows=6613 loops=1)
Gather  (cost=1000.00..105967.92 rows=11472 width=3) (actual time=0.580..341.477 rows=14709 loops=1)
Gather  (cost=1000.00..110917.02 rows=60963 width=3) (actual time=0.555..359.619 rows=59423 loops=1)
Gather  (cost=1000.00..146147.62 rows=413269 width=4) (actual time=0.595..477.896 rows=424881 loops=1)
Gather  (cost=1000.00..108973.32 rows=41526 width=3) (actual time=0.581..347.627 rows=41350 loops=1)
Gather  (cost=1000.00..110917.02 rows=60963 width=3) (actual time=0.554..349.714 rows=59423 loops=1)
Seq Scan on area_v_con  (cost=0.00..152138.54 rows=1422256 width=4) (actual time=0.374..1168.326 rows=1419652 loops=1)
Seq Scan on area_v_con  (cost=0.00..152138.54 rows=923505 width=4) (actual time=0.357..1138.852 rows=926646 loops=1)
Gather  (cost=1000.00..147009.12 rows=421884 width=4) (actual time=0.580..488.251 rows=434439 loops=1)
Gather  (cost=1000.00..146147.62 rows=413269 width=4) (actual time=0.620..482.599 rows=424881 loops=1)
Gather  (cost=1000.00..105967.92 rows=11472 width=3) (actual time=0.680..347.962 rows=1647 loops=1)
Seq Scan on area_v_con  (cost=0.00..152138.54 rows=504714 width=4) (actual time=0.363..1117.610 rows=516862 loops=1)
Gather  (cost=1000.00..109083.72 rows=42630 width=3) (actual time=0.644..345.262 rows=41350 loops=1)
Gather  (cost=1000.00..105967.92 rows=11472 width=3) (actual time=1.866..335.899 rows=1675 loops=1)
Gather  (cost=1000.00..105967.92 rows=11472 width=3) (actual time=0.752..340.561 rows=1570 loops=1)
Gather  (cost=1000.00..110872.92 rows=60522 width=3) (actual time=0.541..355.426 rows=59423 loops=1)
Gather  (cost=1000.00..105967.92 rows=11472 width=3) (actual time=0.980..340.840 rows=3312 loops=1)
Seq Scan on area_v_con  (cost=0.00..152138.54 rows=1422256 width=4) (actual time=0.409..1173.070 rows=1419652 loops=1)
Gather  (cost=1000.00..147009.12 rows=421884 width=4) (actual time=0.612..489.177 rows=434439 loops=1)
Gather  (cost=1000.00..147009.12 rows=421884 width=4) (actual time=0.565..492.915 rows=434439 loops=1)
Gather  (cost=1000.00..149262.02 rows=444413 width=4) (actual time=0.576..477.383 rows=443206 loops=1)
Gather  (cost=1000.00..105967.92 rows=11472 width=3) (actual time=0.620..338.336 rows=8242 loops=1)
Gather  (cost=1000.00..148489.02 rows=436683 width=4) (actual time=0.637..478.686 rows=425955 loops=1)
Gather  (cost=1000.00..105967.92 rows=11472 width=3) (actual time=0.586..339.142 rows=6613 loops=1)
Gather  (cost=1000.00..105967.92 rows=11472 width=3) (actual time=0.634..349.731 rows=23240 loops=1)
Gather  (cost=1000.00..105967.92 rows=11472 width=3) (actual time=0.618..345.547 rows=8192 loops=1)
Gather  (cost=1000.00..111027.52 rows=62068 width=3) (actual time=0.556..353.909 rows=59423 loops=1)
Seq Scan on area_v_con  (cost=0.00..152138.54 rows=923505 width=4) (actual time=0.364..1143.439 rows=926646 loops=1)
Seq Scan on area_v_con  (cost=0.00..152138.54 rows=602344 width=4) (actual time=0.393..1138.095 rows=595837 loops=1)
Gather  (cost=1000.00..146147.62 rows=413269 width=4) (actual time=0.667..476.686 rows=424881 loops=1)
Seq Scan on area_v_con  (cost=0.00..152138.54 rows=504714 width=4) (actual time=0.358..1121.354 rows=516862 loops=1)
Seq Scan on area_v_con  (cost=0.00..152138.54 rows=602344 width=4) (actual time=0.366..1123.506 rows=595837 loops=1)
Seq Scan on area_v_con  (cost=0.00..152138.54 rows=1422256 width=4) (actual time=0.369..1174.721 rows=1419652 loops=1)
Gather  (cost=1000.00..105967.92 rows=11472 width=3) (actual time=0.782..355.094 rows=13300 loops=1)
Seq Scan on area_v_con  (cost=0.00..152138.54 rows=1422256 width=4) (actual time=0.376..1167.022 rows=1419652 loops=1)
Gather  (cost=1000.00..105967.92 rows=11472 width=3) (actual time=0.689..338.413 rows=9703 loops=1)
Gather  (cost=1000.00..105967.92 rows=11472 width=3) (actual time=0.577..340.092 rows=19619 loops=1)
Gather  (cost=1000.00..105967.92 rows=11472 width=3) (actual time=0.568..342.800 rows=19619 loops=1)
Gather  (cost=1000.00..105967.92 rows=11472 width=3) (actual time=0.620..336.360 rows=1656 loops=1)
Gather  (cost=1000.00..105967.92 rows=11472 width=3) (actual time=0.615..343.714 rows=18152 loops=1)
Seq Scan on area_v_con  (cost=0.00..152138.54 rows=923505 width=4) (actual time=0.367..1144.444 rows=926646 loops=1)
Seq Scan on area_v_con  (cost=0.00..152138.54 rows=1422256 width=4) (actual time=0.363..1176.322 rows=1419652 loops=1)
Gather  (cost=1000.00..109039.52 rows=42188 width=3) (actual time=0.743..351.923 rows=41350 loops=1)
Seq Scan on area_v_con  (cost=0.00..152138.54 rows=602344 width=4) (actual time=0.367..1125.481 rows=595837 loops=1)
Gather  (cost=1000.00..108884.92 rows=40642 width=3) (actual time=0.611..353.639 rows=41350 loops=1)
Seq Scan on area_v_con  (cost=0.00..152138.54 rows=923505 width=4) (actual time=0.368..1147.157 rows=926646 loops=1)
Gather  (cost=1000.00..105967.92 rows=11472 width=3) (actual time=0.701..348.081 rows=13307 loops=1)
Gather  (cost=1000.00..105967.92 rows=11472 width=3) (actual time=0.666..339.178 rows=14699 loops=1)
Gather  (cost=1000.00..149262.02 rows=444413 width=4) (actual time=0.577..482.810 rows=443206 loops=1)
Seq Scan on area_v_con  (cost=0.00..152138.54 rows=489031 width=4) (actual time=0.455..1118.955 rows=473031 loops=1)
Seq Scan on area_v_con  (cost=0.00..152138.54 rows=602344 width=4) (actual time=0.358..1119.615 rows=595837 loops=1)
Seq Scan on area_v_con  (cost=0.00..152138.54 rows=1422256 width=4) (actual time=0.358..1167.715 rows=1419652 loops=1)
Gather  (cost=1000.00..110917.02 rows=60963 width=3) (actual time=0.622..363.763 rows=59423 loops=1)
Gather  (cost=1000.00..146147.62 rows=413269 width=4) (actual time=0.606..477.789 rows=424881 loops=1)
Gather  (cost=1000.00..105967.92 rows=11472 width=3) (actual time=0.568..343.075 rows=19619 loops=1)
Gather  (cost=1000.00..105967.92 rows=11472 width=3) (actual time=0.608..344.207 rows=18152 loops=1)
Gather  (cost=1000.00..105967.92 rows=11472 width=3) (actual time=0.593..348.390 rows=14709 loops=1)
Gather  (cost=1000.00..105967.92 rows=11472 width=3) (actual time=1.106..345.476 rows=1545 loops=1)
Gather  (cost=1000.00..110696.12 rows=58754 width=3) (actual time=0.564..366.238 rows=59423 loops=1)
Seq Scan on area_v_con  (cost=0.00..152138.54 rows=923505 width=4) (actual time=0.446..1144.284 rows=926646 loops=1)
Gather  (cost=1000.00..109304.62 rows=44839 width=3) (actual time=0.592..348.860 rows=41350 loops=1)
Seq Scan on area_v_con  (cost=0.00..152138.54 rows=923505 width=4) (actual time=0.369..1144.582 rows=926646 loops=1)
Gather  (cost=1000.00..148489.02 rows=436683 width=4) (actual time=0.649..478.806 rows=425955 loops=1)
Gather  (cost=1000.00..149262.02 rows=444413 width=4) (actual time=0.573..487.056 rows=443206 loops=1)
Seq Scan on area_v_con  (cost=0.00..152138.54 rows=477987 width=4) (actual time=0.454..1127.949 rows=470990 loops=1)
Gather  (cost=1000.00..105967.92 rows=11472 width=3) (actual time=0.632..341.408 rows=18152 loops=1)
Seq Scan on area_v_con  (cost=0.00..152138.54 rows=923505 width=4) (actual time=0.372..1149.888 rows=926646 loops=1)
Gather  (cost=1000.00..105967.92 rows=11472 width=3) (actual time=0.827..341.138 rows=13300 loops=1)
Gather  (cost=1000.00..105967.92 rows=11472 width=3) (actual time=0.708..339.726 rows=6637 loops=1)
Gather  (cost=1000.00..105967.92 rows=11472 width=3) (actual time=0.626..339.499 rows=14875 loops=1)
Seq Scan on area_v_con  (cost=0.00..152138.54 rows=504714 width=4) (actual time=0.359..1121.728 rows=516862 loops=1)
Seq Scan on area_v_con  (cost=0.00..152138.54 rows=490357 width=4) (actual time=0.374..1120.376 rows=495041 loops=1)
Seq Scan on area_v_con  (cost=0.00..152138.54 rows=490357 width=4) (actual time=0.462..1117.866 rows=495041 loops=1)
Seq Scan on area_v_con  (cost=0.00..152138.54 rows=602344 width=4) (actual time=0.360..1123.727 rows=595837 loops=1)
Gather  (cost=1000.00..105967.92 rows=11472 width=3) (actual time=0.599..339.982 rows=14709 loops=1)
Gather  (cost=1000.00..105967.92 rows=11472 width=3) (actual time=0.680..352.810 rows=6527 loops=1)
Gather  (cost=1000.00..105967.92 rows=11472 width=3) (actual time=0.643..351.227 rows=23240 loops=1)
Gather  (cost=1000.00..105967.92 rows=11472 width=3) (actual time=0.604..344.677 rows=11597 loops=1)
Gather  (cost=1000.00..105967.92 rows=11472 width=3) (actual time=0.574..338.876 rows=6613 loops=1)
Gather  (cost=1000.00..147009.12 rows=421884 width=4) (actual time=0.563..484.812 rows=434439 loops=1)
Seq Scan on area_v_con  (cost=0.00..152138.54 rows=490357 width=4) (actual time=0.389..1121.099 rows=495041 loops=1)
Gather  (cost=1000.00..146147.62 rows=413269 width=4) (actual time=0.616..488.369 rows=424881 loops=1)
Seq Scan on area_v_con  (cost=0.00..152138.54 rows=490357 width=4) (actual time=0.393..1124.959 rows=495041 loops=1)
Seq Scan on area_v_con  (cost=0.00..152138.54 rows=602344 width=4) (actual time=0.365..1126.666 rows=595837 loops=1)
Gather  (cost=1000.00..148489.02 rows=436683 width=4) (actual time=0.656..495.391 rows=425955 loops=1)
Seq Scan on area_v_con  (cost=0.00..152138.54 rows=602344 width=4) (actual time=0.377..1129.776 rows=595837 loops=1)
Seq Scan on area_v_con  (cost=0.00..152138.54 rows=1422256 width=4) (actual time=0.370..1172.384 rows=1419652 loops=1)
Seq Scan on area_v_con  (cost=0.00..152138.54 rows=1422256 width=4) (actual time=0.421..1174.485 rows=1419652 loops=1)
Gather  (cost=1000.00..105967.92 rows=11472 width=3) (actual time=0.736..344.977 rows=6538 loops=1)
Gather  (cost=1000.00..105967.92 rows=11472 width=3) (actual time=0.674..349.388 rows=4958 loops=1)
Gather  (cost=1000.00..105967.92 rows=11472 width=3) (actual time=1.264..341.579 rows=4951 loops=1)
Gather  (cost=1000.00..105967.92 rows=11472 width=3) (actual time=0.677..346.205 rows=13307 loops=1)
Gather  (cost=1000.00..107957.22 rows=31365 width=3) (actual time=0.545..347.201 rows=31459 loops=1)
Gather  (cost=1000.00..105967.92 rows=11472 width=3) (actual time=1.250..348.563 rows=4951 loops=1)
Gather  (cost=1000.00..105967.92 rows=11472 width=3) (actual time=0.674..357.005 rows=13307 loops=1)
Gather  (cost=1000.00..110718.22 rows=58975 width=3) (actual time=0.561..349.773 rows=59423 loops=1)
Gather  (cost=1000.00..105967.92 rows=11472 width=3) (actual time=0.669..348.915 rows=4958 loops=1)
Seq Scan on area_v_con  (cost=0.00..152138.54 rows=1422256 width=4) (actual time=0.376..1172.051 rows=1419652 loops=1)
Gather  (cost=1000.00..110607.82 rows=57871 width=3) (actual time=0.584..362.953 rows=59423 loops=1)
Seq Scan on area_v_con  (cost=0.00..152138.54 rows=923505 width=4) (actual time=0.373..1146.088 rows=926646 loops=1)
Seq Scan on area_v_con  (cost=0.00..152138.54 rows=477987 width=4) (actual time=0.440..1121.600 rows=470990 loops=1)
Gather  (cost=1000.00..148489.02 rows=436683 width=4) (actual time=0.652..487.684 rows=425955 loops=1)
Seq Scan on area_v_con  (cost=0.00..152138.54 rows=602344 width=4) (actual time=0.378..1128.699 rows=595837 loops=1)
Gather  (cost=1000.00..105967.92 rows=11472 width=3) (actual time=0.627..343.132 rows=18152 loops=1)
Seq Scan on area_v_con  (cost=0.00..152138.54 rows=1422256 width=4) (actual time=0.373..1165.116 rows=1419652 loops=1)
Gather  (cost=1000.00..110718.22 rows=58975 width=3) (actual time=0.550..352.963 rows=59423 loops=1)
Seq Scan on area_v_con  (cost=0.00..152138.54 rows=1422256 width=4) (actual time=0.373..1174.564 rows=1419652 loops=1)
Gather  (cost=1000.00..105967.92 rows=11472 width=3) (actual time=0.746..342.667 rows=6613 loops=1)
Seq Scan on area_v_con  (cost=0.00..152138.54 rows=923505 width=4) (actual time=0.377..1146.876 rows=926646 loops=1)
Gather  (cost=1000.00..105967.92 rows=11472 width=3) (actual time=1.196..347.627 rows=6518 loops=1)
Gather  (cost=1000.00..105967.92 rows=11472 width=3) (actual time=0.699..340.422 rows=13307 loops=1)
Gather  (cost=1000.00..105967.92 rows=11472 width=3) (actual time=0.648..346.528 rows=4920 loops=1)
Gather  (cost=1000.00..105967.92 rows=11472 width=3) (actual time=1.271..337.038 rows=4951 loops=1)
Seq Scan on area_v_con  (cost=0.00..152138.54 rows=489031 width=4) (actual time=0.525..1120.093 rows=473031 loops=1)
Gather  (cost=1000.00..146147.62 rows=413269 width=4) (actual time=0.633..486.090 rows=424881 loops=1)
Gather  (cost=1000.00..105967.92 rows=11472 width=3) (actual time=0.808..343.212 rows=23047 loops=1)
Seq Scan on area_v_con  (cost=0.00..152138.54 rows=923505 width=4) (actual time=0.402..1145.973 rows=926646 loops=1)
Gather  (cost=1000.00..104820.82 rows=1 width=4) (actual time=412.397..417.247 rows=0 loops=1)
Seq Scan on area_v_con  (cost=0.00..152138.54 rows=504714 width=4) (actual time=0.420..1120.962 rows=516862 loops=1)
Seq Scan on area_v_con  (cost=0.00..152138.54 rows=1422256 width=4) (actual time=0.372..1170.173 rows=1419652 loops=1)
Seq Scan on area_v_con  (cost=0.00..152138.54 rows=1422256 width=4) (actual time=0.371..1174.787 rows=1419652 loops=1)
Seq Scan on area_v_con  (cost=0.00..152138.54 rows=1422256 width=4) (actual time=0.364..1167.867 rows=1419652 loops=1)
Gather  (cost=1000.00..108796.62 rows=39759 width=3) (actual time=0.611..358.437 rows=41350 loops=1)
Gather  (cost=1000.00..105967.92 rows=11472 width=3) (actual time=0.633..338.000 rows=8242 loops=1)
Gather  (cost=1000.00..108597.82 rows=37771 width=3) (actual time=0.585..345.957 rows=41350 loops=1)
Seq Scan on area_v_con  (cost=0.00..152138.54 rows=923505 width=4) (actual time=0.418..1144.294 rows=926646 loops=1)
Seq Scan on area_v_con  (cost=0.00..152138.54 rows=490357 width=4) (actual time=0.385..1127.400 rows=495041 loops=1)
Seq Scan on area_v_con  (cost=0.00..152138.54 rows=923505 width=4) (actual time=0.394..1151.533 rows=926646 loops=1)
Gather  (cost=1000.00..107537.52 rows=27168 width=3) (actual time=0.598..340.566 rows=23173 loops=1)
Gather  (cost=1000.00..105967.92 rows=11472 width=3) (actual time=0.626..340.800 rows=6618 loops=1)
Gather  (cost=1000.00..105967.92 rows=11472 width=3) (actual time=0.679..342.291 rows=9703 loops=1)
Seq Scan on area_v_con  (cost=0.00..152138.54 rows=477987 width=4) (actual time=0.442..1115.484 rows=470990 loops=1)
Gather  (cost=1000.00..105967.92 rows=11472 width=3) (actual time=0.610..347.616 rows=14709 loops=1)
Gather  (cost=1000.00..105967.92 rows=11472 width=3) (actual time=0.643..340.914 rows=4920 loops=1)
Gather  (cost=1000.00..105967.92 rows=11472 width=3) (actual time=0.852..341.003 rows=6527 loops=1)
Gather  (cost=1000.00..109282.52 rows=44618 width=3) (actual time=0.580..357.817 rows=41350 loops=1)
Gather  (cost=1000.00..147009.12 rows=421884 width=4) (actual time=0.550..479.706 rows=434439 loops=1)
Seq Scan on area_v_con  (cost=0.00..152138.54 rows=489031 width=4) (actual time=0.517..1119.615 rows=473031 loops=1)
Seq Scan on area_v_con  (cost=0.00..152138.54 rows=490357 width=4) (actual time=0.377..1118.957 rows=495041 loops=1)
Gather  (cost=1000.00..147009.12 rows=421884 width=4) (actual time=0.575..481.259 rows=434439 loops=1)
Seq Scan on area_v_con  (cost=0.00..152138.54 rows=923505 width=4) (actual time=0.371..1141.670 rows=926646 loops=1)
Seq Scan on area_v_con  (cost=0.00..152138.54 rows=923505 width=4) (actual time=0.373..1143.696 rows=926646 loops=1)
Seq Scan on area_v_con  (cost=0.00..152138.54 rows=1422256 width=4) (actual time=0.367..1189.158 rows=1419652 loops=1)
Gather  (cost=1000.00..107316.72 rows=24960 width=3) (actual time=0.738..342.560 rows=23240 loops=1)
Gather  (cost=1000.00..105967.92 rows=11472 width=3) (actual time=0.990..342.597 rows=6518 loops=1)
Gather  (cost=1000.00..105967.92 rows=11472 width=3) (actual time=0.662..348.268 rows=23047 loops=1)
Gather  (cost=1000.00..105967.92 rows=11472 width=3) (actual time=0.551..341.222 rows=23173 loops=1)
Seq Scan on area_v_con  (cost=0.00..152138.54 rows=1422256 width=4) (actual time=0.369..1173.535 rows=1419652 loops=1)
Gather  (cost=1000.00..110386.92 rows=55662 width=3) (actual time=0.568..357.134 rows=59423 loops=1)
Seq Scan on area_v_con  (cost=0.00..152138.54 rows=923505 width=4) (actual time=0.366..1140.515 rows=926646 loops=1)
Seq Scan on area_v_con  (cost=0.00..152138.54 rows=489031 width=4) (actual time=0.548..1121.490 rows=473031 loops=1)
Gather  (cost=1000.00..105967.92 rows=11472 width=3) (actual time=0.776..356.530 rows=13151 loops=1)
Gather  (cost=1000.00..110696.12 rows=58754 width=3) (actual time=0.546..350.608 rows=59423 loops=1)
Gather  (cost=1000.00..111027.52 rows=62068 width=3) (actual time=0.638..361.465 rows=59423 loops=1)
Gather  (cost=1000.00..109105.82 rows=42851 width=3) (actual time=0.659..345.525 rows=41350 loops=1)
Gather  (cost=1000.00..105967.92 rows=11472 width=3) (actual time=0.602..344.944 rows=18152 loops=1)
Seq Scan on area_v_con  (cost=0.00..152138.54 rows=602344 width=4) (actual time=0.364..1132.764 rows=595837 loops=1)
Gather  (cost=1000.00..146147.62 rows=413269 width=4) (actual time=0.707..487.771 rows=424881 loops=1)
Seq Scan on area_v_con  (cost=0.00..152138.54 rows=1422256 width=4) (actual time=0.372..1175.570 rows=1419652 loops=1)
Gather  (cost=1000.00..108951.22 rows=41305 width=3) (actual time=0.693..353.511 rows=41350 loops=1)
Seq Scan on area_v_con  (cost=0.00..152138.54 rows=477987 width=4) (actual time=0.445..1124.108 rows=470990 loops=1)
Gather  (cost=1000.00..149262.02 rows=444413 width=4) (actual time=0.593..483.378 rows=443206 loops=1)
Gather  (cost=1000.00..105967.92 rows=11472 width=3) (actual time=0.620..341.960 rows=14875 loops=1)
Gather  (cost=1000.00..105967.92 rows=11472 width=3) (actual time=0.610..348.989 rows=18152 loops=1)
Seq Scan on area_v_con  (cost=0.00..152138.54 rows=1422256 width=4) (actual time=0.369..1174.093 rows=1419652 loops=1)
Gather  (cost=1000.00..147009.12 rows=421884 width=4) (actual time=0.582..482.026 rows=434439 loops=1)
Gather  (cost=1000.00..105967.92 rows=11472 width=3) (actual time=0.586..345.774 rows=11597 loops=1)
Gather  (cost=1000.00..149262.02 rows=444413 width=4) (actual time=0.582..489.256 rows=443206 loops=1)
Gather  (cost=1000.00..109392.92 rows=45722 width=3) (actual time=0.578..356.615 rows=41350 loops=1)
Gather  (cost=1000.00..107802.62 rows=29819 width=3) (actual time=0.553..346.328 rows=31459 loops=1)
Gather  (cost=1000.00..149262.02 rows=444413 width=4) (actual time=0.563..480.037 rows=443206 loops=1)
Gather  (cost=1000.00..105967.92 rows=11472 width=3) (actual time=0.721..339.908 rows=1617 loops=1)
Gather  (cost=1000.00..105967.92 rows=11472 width=3) (actual time=0.617..340.175 rows=18152 loops=1)
Seq Scan on area_v_con  (cost=0.00..152138.54 rows=1422256 width=4) (actual time=0.378..1171.674 rows=1419652 loops=1)
Seq Scan on area_v_con  (cost=0.00..152138.54 rows=1422256 width=4) (actual time=0.375..1170.735 rows=1419652 loops=1)
Seq Scan on area_v_con  (cost=0.00..152138.54 rows=1422256 width=4) (actual time=0.362..1169.514 rows=1419652 loops=1)
Gather  (cost=1000.00..105967.92 rows=11472 width=3) (actual time=0.618..346.645 rows=8243 loops=1)
Gather  (cost=1000.00..105967.92 rows=11472 width=3) (actual time=0.585..338.748 rows=9970 loops=1)
Seq Scan on area_v_con  (cost=0.00..152138.54 rows=602344 width=4) (actual time=0.360..1123.180 rows=595837 loops=1)
Seq Scan on area_v_con  (cost=0.00..152138.54 rows=602344 width=4) (actual time=0.361..1119.231 rows=595837 loops=1)
Gather  (cost=1000.00..105967.92 rows=11472 width=3) (actual time=0.645..338.649 rows=14709 loops=1)
Gather  (cost=1000.00..105967.92 rows=11472 width=3) (actual time=0.663..336.864 rows=4920 loops=1)
Gather  (cost=1000.00..146147.62 rows=413269 width=4) (actual time=0.601..476.474 rows=424881 loops=1)
Gather  (cost=1000.00..105967.92 rows=11472 width=3) (actual time=0.653..339.589 rows=14875 loops=1)
Gather  (cost=1000.00..107758.42 rows=29377 width=3) (actual time=0.578..343.098 rows=31459 loops=1)
Seq Scan on area_v_con  (cost=0.00..152138.54 rows=477987 width=4) (actual time=0.455..1118.093 rows=470990 loops=1)
Seq Scan on area_v_con  (cost=0.00..152138.54 rows=1422256 width=4) (actual time=0.370..1170.338 rows=1419652 loops=1)
Seq Scan on area_v_con  (cost=0.00..152138.54 rows=602344 width=4) (actual time=0.363..1129.613 rows=595837 loops=1)
Gather  (cost=1000.00..110872.92 rows=60522 width=3) (actual time=0.575..357.617 rows=59423 loops=1)
Gather  (cost=1000.00..110386.92 rows=55662 width=3) (actual time=0.580..352.252 rows=59423 loops=1)
Gather  (cost=1000.00..105967.92 rows=11472 width=3) (actual time=0.570..342.411 rows=23173 loops=1)
Gather  (cost=1000.00..105967.92 rows=11472 width=3) (actual time=0.581..345.596 rows=8243 loops=1)
Seq Scan on area_v_con  (cost=0.00..152138.54 rows=1422256 width=4) (actual time=0.439..1169.485 rows=1419652 loops=1)
Seq Scan on area_v_con  (cost=0.00..152138.54 rows=489031 width=4) (actual time=0.450..1120.334 rows=473031 loops=1)
Seq Scan on area_v_con  (cost=0.00..152138.54 rows=923505 width=4) (actual time=0.369..1144.532 rows=926646 loops=1)
Seq Scan on area_v_con  (cost=0.00..152138.54 rows=504714 width=4) (actual time=0.363..1119.538 rows=516862 loops=1)
Gather  (cost=1000.00..105967.92 rows=11472 width=3) (actual time=0.709..342.751 rows=13151 loops=1)
Gather  (cost=1000.00..108884.92 rows=40642 width=3) (actual time=0.572..355.581 rows=41350 loops=1)
Seq Scan on area_v_con  (cost=0.00..152138.54 rows=490357 width=4) (actual time=0.385..1117.037 rows=495041 loops=1)
Seq Scan on area_v_con  (cost=0.00..152138.54 rows=1422256 width=4) (actual time=0.361..1174.553 rows=1419652 loops=1)
Gather  (cost=1000.00..105967.92 rows=11472 width=3) (actual time=0.764..350.109 rows=4958 loops=1)
Seq Scan on area_v_con  (cost=0.00..152138.54 rows=489031 width=4) (actual time=0.461..1122.499 rows=473031 loops=1)
Seq Scan on area_v_con  (cost=0.00..152138.54 rows=923505 width=4) (actual time=0.364..1141.733 rows=926646 loops=1)
Seq Scan on area_v_con  (cost=0.00..152138.54 rows=1422256 width=4) (actual time=0.284..1170.259 rows=1419652 loops=1)
Gather  (cost=1000.00..105967.92 rows=11472 width=3) (actual time=0.312..350.826 rows=23173 loops=1)
Gather  (cost=1000.00..149262.02 rows=444413 width=4) (actual time=0.601..491.134 rows=443206 loops=1)
Gather  (cost=1000.00..105967.92 rows=11472 width=3) (actual time=1.283..336.464 rows=4951 loops=1)
Gather  (cost=1000.00..105967.92 rows=11472 width=3) (actual time=0.668..344.616 rows=13307 loops=1)
Gather  (cost=1000.00..105967.92 rows=11472 width=3) (actual time=0.568..351.637 rows=14699 loops=1)
Gather  (cost=1000.00..105967.92 rows=11472 width=3) (actual time=0.563..343.813 rows=14699 loops=1)
Gather  (cost=1000.00..105967.92 rows=11472 width=3) (actual time=0.568..340.959 rows=19619 loops=1)
Gather  (cost=1000.00..107427.12 rows=26064 width=3) (actual time=0.644..340.832 rows=23240 loops=1)
Seq Scan on area_v_con  (cost=0.00..152138.54 rows=923505 width=4) (actual time=0.372..1140.359 rows=926646 loops=1)
Seq Scan on area_v_con  (cost=0.00..152138.54 rows=489031 width=4) (actual time=0.492..1120.780 rows=473031 loops=1)
Seq Scan on area_v_con  (cost=0.00..152138.54 rows=490357 width=4) (actual time=0.452..1125.860 rows=495041 loops=1)
Seq Scan on area_v_con  (cost=0.00..152138.54 rows=1422256 width=4) (actual time=0.401..1172.814 rows=1419652 loops=1)
Seq Scan on area_v_con  (cost=0.00..152138.54 rows=602344 width=4) (actual time=0.393..1124.841 rows=595837 loops=1)
Gather  (cost=1000.00..109392.92 rows=45722 width=3) (actual time=0.580..347.104 rows=41350 loops=1)
Seq Scan on area_v_con  (cost=0.00..152138.54 rows=504714 width=4) (actual time=0.362..1122.004 rows=516862 loops=1)
Gather  (cost=1000.00..111093.72 rows=62730 width=3) (actual time=0.594..353.731 rows=59423 loops=1)
Gather  (cost=1000.00..105967.92 rows=11472 width=3) (actual time=0.628..337.444 rows=8242 loops=1)
Gather  (cost=1000.00..105967.92 rows=11472 width=3) (actual time=0.670..340.068 rows=13307 loops=1)
Seq Scan on area_v_con  (cost=0.00..152138.54 rows=477987 width=4) (actual time=0.530..1119.814 rows=470990 loops=1)
Gather  (cost=1000.00..110762.42 rows=59417 width=3) (actual time=0.579..351.160 rows=59423 loops=1)
Gather  (cost=1000.00..105967.92 rows=11472 width=3) (actual time=0.650..343.605 rows=6626 loops=1)
Gather  (cost=1000.00..109370.92 rows=45502 width=3) (actual time=0.579..353.629 rows=41350 loops=1)
Seq Scan on area_v_con  (cost=0.00..152138.54 rows=923505 width=4) (actual time=0.373..1150.934 rows=926646 loops=1)
Seq Scan on area_v_con  (cost=0.00..152138.54 rows=923505 width=4) (actual time=0.367..1146.119 rows=926646 loops=1)
Gather  (cost=1000.00..149262.02 rows=444413 width=4) (actual time=0.600..493.036 rows=443206 loops=1)
Gather  (cost=1000.00..147009.12 rows=421884 width=4) (actual time=0.549..479.339 rows=434439 loops=1)
Seq Scan on area_v_con  (cost=0.00..152138.54 rows=1422256 width=4) (actual time=0.368..1172.853 rows=1419652 loops=1)
Seq Scan on area_v_con  (cost=0.00..152138.54 rows=504714 width=4) (actual time=0.362..1121.935 rows=516862 loops=1)
Gather  (cost=1000.00..105967.92 rows=11472 width=3) (actual time=0.727..344.952 rows=4958 loops=1)
Gather  (cost=1000.00..108995.42 rows=41747 width=3) (actual time=0.563..348.801 rows=41350 loops=1)
Gather  (cost=1000.00..110961.22 rows=61405 width=3) (actual time=0.557..366.378 rows=59423 loops=1)
Gather  (cost=1000.00..105967.92 rows=11472 width=3) (actual time=0.677..344.711 rows=13307 loops=1)
Gather  (cost=1000.00..105967.92 rows=11472 width=3) (actual time=0.585..338.589 rows=8243 loops=1)
Gather  (cost=1000.00..105967.92 rows=11472 width=3) (actual time=2.177..340.259 rows=1661 loops=1)
Seq Scan on area_v_con  (cost=0.00..152138.54 rows=923505 width=4) (actual time=0.368..1144.762 rows=926646 loops=1)
Seq Scan on area_v_con  (cost=0.00..152138.54 rows=602344 width=4) (actual time=0.358..1127.133 rows=595837 loops=1)
Seq Scan on area_v_con  (cost=0.00..152138.54 rows=1422256 width=4) (actual time=0.358..1167.221 rows=1419652 loops=1)
Seq Scan on area_v_con  (cost=0.00..152138.54 rows=477987 width=4) (actual time=0.437..1120.134 rows=470990 loops=1)
Gather  (cost=1000.00..105967.92 rows=11472 width=3) (actual time=0.604..343.326 rows=8059 loops=1)
Gather  (cost=1000.00..105967.92 rows=11472 width=3) (actual time=0.662..347.990 rows=23047 loops=1)
Gather  (cost=1000.00..107272.52 rows=24518 width=3) (actual time=0.672..357.678 rows=23047 loops=1)
Gather  (cost=1000.00..105967.92 rows=11472 width=3) (actual time=0.678..347.916 rows=4958 loops=1)
Seq Scan on area_v_con  (cost=0.00..152138.54 rows=923505 width=4) (actual time=0.372..1139.844 rows=926646 loops=1)
Seq Scan on area_v_con  (cost=0.00..152138.54 rows=477987 width=4) (actual time=0.423..1115.719 rows=470990 loops=1)
Gather  (cost=1000.00..107206.22 rows=23855 width=3) (actual time=0.675..344.578 rows=23240 loops=1)
Seq Scan on area_v_con  (cost=0.00..152138.54 rows=1422256 width=4) (actual time=0.410..1176.547 rows=1419652 loops=1)
Gather  (cost=1000.00..105967.92 rows=11472 width=3) (actual time=0.645..348.531 rows=19619 loops=1)
Gather  (cost=1000.00..105967.92 rows=11472 width=3) (actual time=0.560..340.667 rows=4942 loops=1)
Seq Scan on area_v_con  (cost=0.00..152138.54 rows=1422256 width=4) (actual time=0.371..1219.525 rows=1419652 loops=1)
Gather  (cost=1000.00..148489.02 rows=436683 width=4) (actual time=0.722..480.014 rows=425955 loops=1)
Gather  (cost=1000.00..148489.02 rows=436683 width=4) (actual time=0.647..489.055 rows=425955 loops=1)
Seq Scan on area_v_con  (cost=0.00..152138.54 rows=1422256 width=4) (actual time=0.427..1174.832 rows=1419652 loops=1)
Seq Scan on area_v_con  (cost=0.00..152138.54 rows=1422256 width=4) (actual time=0.362..1170.178 rows=1419652 loops=1)
Seq Scan on area_v_con  (cost=0.00..152138.54 rows=1422256 width=4) (actual time=0.366..1166.093 rows=1419652 loops=1)
Seq Scan on area_v_con  (cost=0.00..152138.54 rows=1422256 width=4) (actual time=0.367..1172.980 rows=1419652 loops=1)
Gather  (cost=1000.00..105967.92 rows=11472 width=3) (actual time=0.684..346.570 rows=13151 loops=1)
Seq Scan on area_v_con  (cost=0.00..152138.54 rows=504714 width=4) (actual time=0.374..1124.710 rows=516862 loops=1)
Gather  (cost=1000.00..146147.62 rows=413269 width=4) (actual time=0.617..480.495 rows=424881 loops=1)
Gather  (cost=1000.00..105967.92 rows=11472 width=3) (actual time=0.598..339.614 rows=11597 loops=1)
Gather  (cost=1000.00..105967.92 rows=11472 width=3) (actual time=0.545..350.495 rows=14699 loops=1)
Gather  (cost=1000.00..105967.92 rows=11472 width=3) (actual time=0.564..358.289 rows=19619 loops=1)
Gather  (cost=1000.00..105967.92 rows=11472 width=3) (actual time=0.673..357.141 rows=13307 loops=1)
Gather  (cost=1000.00..105967.92 rows=11472 width=3) (actual time=0.558..342.371 rows=23173 loops=1)
Gather  (cost=1000.00..105967.92 rows=11472 width=3) (actual time=1.157..345.102 rows=6518 loops=1)
Gather  (cost=1000.00..105967.92 rows=11472 width=3) (actual time=0.685..349.586 rows=6527 loops=1)
Gather  (cost=1000.00..109304.62 rows=44839 width=3) (actual time=0.575..345.703 rows=41350 loops=1)
Seq Scan on area_v_con  (cost=0.00..152138.54 rows=490357 width=4) (actual time=0.387..1120.195 rows=495041 loops=1)
Gather  (cost=1000.00..107272.52 rows=24518 width=3) (actual time=0.757..344.809 rows=23047 loops=1)
Seq Scan on area_v_con  (cost=0.00..152138.54 rows=1422256 width=4) (actual time=0.374..1171.281 rows=1419652 loops=1)
Gather  (cost=1000.00..146147.62 rows=413269 width=4) (actual time=0.687..479.481 rows=424881 loops=1)
Gather  (cost=1000.00..148489.02 rows=436683 width=4) (actual time=0.610..477.509 rows=425955 loops=1)
Gather  (cost=1000.00..107228.32 rows=24076 width=3) (actual time=0.752..342.692 rows=23240 loops=1)
Gather  (cost=1000.00..148489.02 rows=436683 width=4) (actual time=0.620..476.670 rows=425955 loops=1)
Gather  (cost=1000.00..105967.92 rows=11472 width=3) (actual time=0.619..343.018 rows=14875 loops=1)
Seq Scan on area_v_con  (cost=0.00..152138.54 rows=1422256 width=4) (actual time=0.453..1167.329 rows=1419652 loops=1)
Gather  (cost=1000.00..108487.32 rows=36666 width=3) (actual time=0.583..344.963 rows=41350 loops=1)
Gather  (cost=1000.00..105967.92 rows=11472 width=3) (actual time=0.626..339.564 rows=14875 loops=1)
Gather  (cost=1000.00..111491.32 rows=66706 width=3) (actual time=0.552..350.365 rows=59423 loops=1)
Seq Scan on area_v_con  (cost=0.00..152138.54 rows=1422256 width=4) (actual time=0.369..1167.321 rows=1419652 loops=1)
Gather  (cost=1000.00..148489.02 rows=436683 width=4) (actual time=0.658..490.079 rows=425955 loops=1)
Gather  (cost=1000.00..148489.02 rows=436683 width=4) (actual time=0.634..485.703 rows=425955 loops=1)
Gather  (cost=1000.00..149262.02 rows=444413 width=4) (actual time=0.581..490.285 rows=443206 loops=1)
Seq Scan on area_v_con  (cost=0.00..152138.54 rows=504714 width=4) (actual time=0.362..1131.254 rows=516862 loops=1)
Gather  (cost=1000.00..148489.02 rows=436683 width=4) (actual time=0.770..490.585 rows=425955 loops=1)
Gather  (cost=1000.00..105967.92 rows=11472 width=3) (actual time=0.740..343.721 rows=13300 loops=1)
Gather  (cost=1000.00..111182.12 rows=63614 width=3) (actual time=0.560..350.640 rows=59423 loops=1)
Gather  (cost=1000.00..105967.92 rows=11472 width=3) (actual time=0.557..346.650 rows=4942 loops=1)
Seq Scan on area_v_con  (cost=0.00..152138.54 rows=489031 width=4) (actual time=0.467..1120.932 rows=473031 loops=1)
Gather  (cost=1000.00..105967.92 rows=11472 width=3) (actual time=0.588..343.461 rows=14699 loops=1)
Gather  (cost=1000.00..110453.22 rows=56325 width=3) (actual time=0.552..352.598 rows=59423 loops=1)
Gather  (cost=1000.00..148489.02 rows=436683 width=4) (actual time=0.627..492.295 rows=425955 loops=1)
Gather  (cost=1000.00..105967.92 rows=11472 width=3) (actual time=0.562..337.448 rows=1652 loops=1)
Seq Scan on area_v_con  (cost=0.00..152138.54 rows=1422256 width=4) (actual time=0.408..1171.976 rows=1419652 loops=1)
Gather  (cost=1000.00..105967.92 rows=11472 width=3) (actual time=0.581..351.116 rows=14699 loops=1)
Seq Scan on area_v_con  (cost=0.00..152138.54 rows=477987 width=4) (actual time=0.449..1122.693 rows=470990 loops=1)
Gather  (cost=1000.00..105967.92 rows=11472 width=3) (actual time=0.669..345.733 rows=23173 loops=1)
Gather  (cost=1000.00..105967.92 rows=11472 width=3) (actual time=0.558..348.647 rows=23173 loops=1)
Gather  (cost=1000.00..148489.02 rows=436683 width=4) (actual time=0.629..477.580 rows=425955 loops=1)
Gather  (cost=1000.00..105967.92 rows=11472 width=3) (actual time=0.702..351.029 rows=6626 loops=1)
Gather  (cost=1000.00..105967.92 rows=11472 width=3) (actual time=0.632..339.708 rows=14875 loops=1)
Seq Scan on area_v_con  (cost=0.00..152138.54 rows=1422256 width=4) (actual time=0.387..1172.147 rows=1419652 loops=1)
Seq Scan on area_v_con  (cost=0.00..152138.54 rows=1422256 width=4) (actual time=0.362..1169.014 rows=1419652 loops=1)
Seq Scan on area_v_con  (cost=0.00..152138.54 rows=490357 width=4) (actual time=0.388..1125.188 rows=495041 loops=1)
Seq Scan on area_v_con  (cost=0.00..152138.54 rows=602344 width=4) (actual time=0.369..1134.443 rows=595837 loops=1)
Seq Scan on area_v_con  (cost=0.00..152138.54 rows=923505 width=4) (actual time=0.367..1147.096 rows=926646 loops=1)
Gather  (cost=1000.00..108178.12 rows=33574 width=3) (actual time=0.505..343.581 rows=31459 loops=1)
Seq Scan on area_v_con  (cost=0.00..152138.54 rows=490357 width=4) (actual time=0.393..1118.290 rows=495041 loops=1)
Gather  (cost=1000.00..105967.92 rows=11472 width=3) (actual time=0.665..339.438 rows=13151 loops=1)
Gather  (cost=1000.00..107891.02 rows=30703 width=3) (actual time=0.562..365.509 rows=31459 loops=1)
Gather  (cost=1000.00..105967.92 rows=11472 width=3) (actual time=0.881..342.675 rows=13300 loops=1)
Gather  (cost=1000.00..105967.92 rows=11472 width=3) (actual time=0.551..352.216 rows=23173 loops=1)
Seq Scan on area_v_con  (cost=0.00..152138.54 rows=504714 width=4) (actual time=0.365..1120.605 rows=516862 loops=1)
Gather  (cost=1000.00..107228.32 rows=24076 width=3) (actual time=0.717..341.033 rows=23047 loops=1)
Seq Scan on area_v_con  (cost=0.00..152138.54 rows=489031 width=4) (actual time=0.461..1125.720 rows=473031 loops=1)
Gather  (cost=1000.00..105967.92 rows=11472 width=3) (actual time=0.765..347.851 rows=13300 loops=1)
Gather  (cost=1000.00..105967.92 rows=11472 width=3) (actual time=2.459..346.423 rows=1710 loops=1)
Seq Scan on area_v_con  (cost=0.00..152138.54 rows=490357 width=4) (actual time=0.422..1140.980 rows=495041 loops=1)
Seq Scan on area_v_con  (cost=0.00..152138.54 rows=1422256 width=4) (actual time=0.445..1169.200 rows=1419652 loops=1)
Gather  (cost=1000.00..147009.12 rows=421884 width=4) (actual time=0.620..480.712 rows=434439 loops=1)
Gather  (cost=1000.00..105967.92 rows=11472 width=3) (actual time=0.542..338.848 rows=14699 loops=1)
Seq Scan on area_v_con  (cost=0.00..152138.54 rows=923505 width=4) (actual time=0.374..1150.910 rows=926646 loops=1)
Seq Scan on area_v_con  (cost=0.00..152138.54 rows=923505 width=4) (actual time=0.403..1139.533 rows=926646 loops=1)
Gather  (cost=1000.00..105967.92 rows=11472 width=3) (actual time=0.686..350.267 rows=18152 loops=1)
Gather  (cost=1000.00..109304.62 rows=44839 width=3) (actual time=0.576..344.856 rows=41350 loops=1)
Seq Scan on area_v_con  (cost=0.00..152138.54 rows=477987 width=4) (actual time=0.435..1123.731 rows=470990 loops=1)
Seq Scan on area_v_con  (cost=0.00..152138.54 rows=490357 width=4) (actual time=0.410..1117.458 rows=495041 loops=1)
Gather  (cost=1000.00..105967.92 rows=11472 width=3) (actual time=0.662..347.144 rows=4920 loops=1)
Gather  (cost=1000.00..105967.92 rows=11472 width=3) (actual time=0.593..345.917 rows=14709 loops=1)
Seq Scan on area_v_con  (cost=0.00..152138.54 rows=1422256 width=4) (actual time=0.412..1173.141 rows=1419652 loops=1)
Gather  (cost=1000.00..108884.92 rows=40642 width=3) (actual time=0.652..348.555 rows=41350 loops=1)
Gather  (cost=1000.00..110939.12 rows=61184 width=3) (actual time=0.565..1991.686 rows=59423 loops=1)
Seq Scan on area_v_con  (cost=0.00..152138.54 rows=489031 width=4) (actual time=0.454..1131.266 rows=473031 loops=1)
Gather  (cost=1000.00..147009.12 rows=421884 width=4) (actual time=0.675..482.130 rows=434439 loops=1)
Seq Scan on area_v_con  (cost=0.00..152138.54 rows=1422256 width=4) (actual time=0.378..1271.648 rows=1419652 loops=1)
Gather  (cost=1000.00..105967.92 rows=11472 width=3) (actual time=0.730..341.620 rows=13300 loops=1)
Gather  (cost=1000.00..105967.92 rows=11472 width=3) (actual time=0.650..340.516 rows=19619 loops=1)
Seq Scan on area_v_con  (cost=0.00..152138.54 rows=490357 width=4) (actual time=0.443..1123.615 rows=495041 loops=1)
Gather  (cost=1000.00..105967.92 rows=11472 width=3) (actual time=0.776..422.023 rows=1570 loops=1)
Gather  (cost=1000.00..105967.92 rows=11472 width=3) (actual time=0.653..345.630 rows=8192 loops=1)
Seq Scan on area_v_con  (cost=0.00..152138.54 rows=1422256 width=4) (actual time=0.433..1174.302 rows=1419652 loops=1)
Seq Scan on area_v_con  (cost=0.00..152138.54 rows=504714 width=4) (actual time=0.355..1121.177 rows=516862 loops=1)
Gather  (cost=1000.00..105967.92 rows=11472 width=3) (actual time=0.690..340.773 rows=13307 loops=1)
Gather  (cost=1000.00..105967.92 rows=11472 width=3) (actual time=0.578..338.910 rows=14709 loops=1)
Gather  (cost=1000.00..105967.92 rows=11472 width=3) (actual time=0.728..343.658 rows=4775 loops=1)
Gather  (cost=1000.00..146147.62 rows=413269 width=4) (actual time=0.683..484.155 rows=424881 loops=1)
Gather  (cost=1000.00..147009.12 rows=421884 width=4) (actual time=0.651..479.576 rows=434439 loops=1)
Seq Scan on area_v_con  (cost=0.00..152138.54 rows=923505 width=4) (actual time=0.370..1140.529 rows=926646 loops=1)
Seq Scan on area_v_con  (cost=0.00..152138.54 rows=923505 width=4) (actual time=0.359..1140.802 rows=926646 loops=1)
Seq Scan on area_v_con  (cost=0.00..152138.54 rows=489031 width=4) (actual time=0.451..1119.107 rows=473031 loops=1)
Gather  (cost=1000.00..105967.92 rows=11472 width=3) (actual time=0.649..337.521 rows=3444 loops=1)
Gather  (cost=1000.00..107272.52 rows=24518 width=3) (actual time=0.653..343.705 rows=23240 loops=1)
Gather  (cost=1000.00..105967.92 rows=11472 width=3) (actual time=0.952..341.815 rows=6518 loops=1)
Gather  (cost=1000.00..149262.02 rows=444413 width=4) (actual time=0.689..491.635 rows=443206 loops=1)
Gather  (cost=1000.00..111027.52 rows=62068 width=3) (actual time=0.583..350.313 rows=59423 loops=1)
Gather  (cost=1000.00..105967.92 rows=11472 width=3) (actual time=0.676..349.959 rows=13307 loops=1)
Seq Scan on area_v_con  (cost=0.00..152138.54 rows=602344 width=4) (actual time=0.374..1131.492 rows=595837 loops=1)
Seq Scan on area_v_con  (cost=0.00..152138.54 rows=602344 width=4) (actual time=0.363..1128.168 rows=595837 loops=1)
Seq Scan on area_v_con  (cost=0.00..152138.54 rows=504714 width=4) (actual time=0.362..1121.362 rows=516862 loops=1)
Gather  (cost=1000.00..105967.92 rows=11472 width=3) (actual time=0.708..355.595 rows=13151 loops=1)
Gather  (cost=1000.00..105967.92 rows=11472 width=3) (actual time=0.666..338.286 rows=6626 loops=1)
Gather  (cost=1000.00..105967.92 rows=11472 width=3) (actual time=0.657..338.805 rows=13151 loops=1)
Gather  (cost=1000.00..110497.42 rows=56767 width=3) (actual time=0.544..361.381 rows=59423 loops=1)
Seq Scan on area_v_con  (cost=0.00..152138.54 rows=490357 width=4) (actual time=0.392..1121.113 rows=495041 loops=1)
Gather  (cost=1000.00..105967.92 rows=11472 width=3) (actual time=1.124..344.648 rows=3312 loops=1)
Seq Scan on area_v_con  (cost=0.00..152138.54 rows=490357 width=4) (actual time=0.389..1122.264 rows=495041 loops=1)
Gather  (cost=1000.00..105967.92 rows=11472 width=3) (actual time=1.251..336.845 rows=4951 loops=1)
Gather  (cost=1000.00..146147.62 rows=413269 width=4) (actual time=0.599..487.821 rows=424881 loops=1)
Gather  (cost=1000.00..148489.02 rows=436683 width=4) (actual time=0.633..491.456 rows=425955 loops=1)
Gather  (cost=1000.00..147009.12 rows=421884 width=4) (actual time=0.599..481.809 rows=434439 loops=1)
Gather  (cost=1000.00..147009.12 rows=421884 width=4) (actual time=0.558..486.748 rows=434439 loops=1)
Seq Scan on area_v_con  (cost=0.00..152138.54 rows=602344 width=4) (actual time=0.374..1129.869 rows=595837 loops=1)
Seq Scan on area_v_con  (cost=0.00..152138.54 rows=923505 width=4) (actual time=0.368..1146.504 rows=926646 loops=1)
Gather  (cost=1000.00..149262.02 rows=444413 width=4) (actual time=0.593..479.255 rows=443206 loops=1)
Seq Scan on area_v_con  (cost=0.00..152138.54 rows=1422256 width=4) (actual time=0.366..1169.781 rows=1419652 loops=1)
Gather  (cost=1000.00..105967.92 rows=11472 width=3) (actual time=0.734..347.298 rows=11597 loops=1)
Gather  (cost=1000.00..148489.02 rows=436683 width=4) (actual time=0.624..490.416 rows=425955 loops=1)
Gather  (cost=1000.00..111491.32 rows=66706 width=3) (actual time=0.561..360.496 rows=59423 loops=1)
Gather  (cost=1000.00..105967.92 rows=11472 width=3) (actual time=0.667..345.903 rows=4958 loops=1)
Gather  (cost=1000.00..105967.92 rows=11472 width=3) (actual time=2.427..336.615 rows=1710 loops=1)
Gather  (cost=1000.00..105967.92 rows=11472 width=3) (actual time=0.600..337.407 rows=8243 loops=1)
Gather  (cost=1000.00..105967.92 rows=11472 width=3) (actual time=0.594..340.991 rows=19619 loops=1)
Gather  (cost=1000.00..110939.12 rows=61184 width=3) (actual time=0.552..358.828 rows=59423 loops=1)
Gather  (cost=1000.00..105967.92 rows=11472 width=3) (actual time=0.671..341.048 rows=4958 loops=1)
Gather  (cost=1000.00..105967.92 rows=11472 width=3) (actual time=0.618..341.220 rows=18152 loops=1)
Seq Scan on area_v_con  (cost=0.00..152138.54 rows=490357 width=4) (actual time=0.424..1121.004 rows=495041 loops=1)
Gather  (cost=1000.00..149262.02 rows=444413 width=4) (actual time=0.736..483.740 rows=443206 loops=1)
Seq Scan on area_v_con  (cost=0.00..152138.54 rows=490357 width=4) (actual time=0.390..1119.640 rows=495041 loops=1)
Seq Scan on area_v_con  (cost=0.00..152138.54 rows=490357 width=4) (actual time=0.379..1120.479 rows=495041 loops=1)
Gather  (cost=1000.00..147009.12 rows=421884 width=4) (actual time=0.578..485.665 rows=434439 loops=1)
Seq Scan on area_v_con  (cost=0.00..152138.54 rows=923505 width=4) (actual time=0.378..1146.111 rows=926646 loops=1)
Seq Scan on area_v_con  (cost=0.00..152138.54 rows=489031 width=4) (actual time=0.517..1121.366 rows=473031 loops=1)
Gather  (cost=1000.00..108509.42 rows=36887 width=3) (actual time=0.598..348.680 rows=41350 loops=1)
Gather  (cost=1000.00..105967.92 rows=11472 width=3) (actual time=0.675..343.735 rows=9703 loops=1)
Gather  (cost=1000.00..105967.92 rows=11472 width=3) (actual time=0.554..339.974 rows=14699 loops=1)
Gather  (cost=1000.00..109216.22 rows=43955 width=3) (actual time=0.572..355.312 rows=41350 loops=1)
Seq Scan on area_v_con  (cost=0.00..152138.54 rows=1422256 width=4) (actual time=0.367..1171.069 rows=1419652 loops=1)
Seq Scan on area_v_con  (cost=0.00..152138.54 rows=1422256 width=4) (actual time=0.368..1166.273 rows=1419652 loops=1)
Gather  (cost=1000.00..109216.22 rows=43955 width=3) (actual time=0.578..361.695 rows=41350 loops=1)
Seq Scan on area_v_con  (cost=0.00..152138.54 rows=602344 width=4) (actual time=0.417..1127.516 rows=595837 loops=1)
Gather  (cost=1000.00..105967.92 rows=11472 width=3) (actual time=0.688..344.847 rows=13307 loops=1)
Gather  (cost=1000.00..110740.32 rows=59196 width=3) (actual time=0.565..369.322 rows=59423 loops=1)
Gather  (cost=1000.00..105967.92 rows=11472 width=3) (actual time=0.678..343.145 rows=23047 loops=1)
Gather  (cost=1000.00..107824.72 rows=30040 width=3) (actual time=0.650..348.782 rows=31459 loops=1)
Gather  (cost=1000.00..111071.62 rows=62509 width=3) (actual time=0.548..356.067 rows=59423 loops=1)
Seq Scan on area_v_con  (cost=0.00..152138.54 rows=490357 width=4) (actual time=0.394..1130.121 rows=495041 loops=1)
Seq Scan on area_v_con  (cost=0.00..152138.54 rows=1422256 width=4) (actual time=0.366..1167.493 rows=1419652 loops=1)
Seq Scan on area_v_con  (cost=0.00..152138.54 rows=1422256 width=4) (actual time=0.363..1165.391 rows=1419652 loops=1)
Gather  (cost=1000.00..105967.92 rows=11472 width=3) (actual time=0.619..345.432 rows=14709 loops=1)
Seq Scan on area_v_con  (cost=0.00..152138.54 rows=1422256 width=4) (actual time=0.378..1168.966 rows=1419652 loops=1)
Gather  (cost=1000.00..107736.32 rows=29156 width=3) (actual time=0.587..348.858 rows=31459 loops=1)
Gather  (cost=1000.00..105967.92 rows=11472 width=3) (actual time=0.617..340.854 rows=18152 loops=1)
Gather  (cost=1000.00..107537.52 rows=27168 width=3) (actual time=0.630..341.493 rows=23240 loops=1)
Seq Scan on area_v_con  (cost=0.00..152138.54 rows=489031 width=4) (actual time=0.463..1125.629 rows=473031 loops=1)
Seq Scan on area_v_con  (cost=0.00..152138.54 rows=504714 width=4) (actual time=0.360..1123.775 rows=516862 loops=1)
Seq Scan on area_v_con  (cost=0.00..152138.54 rows=923505 width=4) (actual time=0.370..1145.724 rows=926646 loops=1)
Seq Scan on area_v_con  (cost=0.00..152138.54 rows=1422256 width=4) (actual time=0.380..1171.197 rows=1419652 loops=1)
Gather  (cost=1000.00..105967.92 rows=11472 width=3) (actual time=0.689..340.428 rows=23047 loops=1)
Gather  (cost=1000.00..105967.92 rows=11472 width=3) (actual time=0.617..339.150 rows=14875 loops=1)
Gather  (cost=1000.00..105967.92 rows=11472 width=3) (actual time=0.667..353.430 rows=4958 loops=1)
Gather  (cost=1000.00..105967.92 rows=11472 width=3) (actual time=0.650..338.543 rows=13151 loops=1)
Gather  (cost=1000.00..148489.02 rows=436683 width=4) (actual time=0.734..486.545 rows=425955 loops=1)
Gather  (cost=1000.00..105967.92 rows=11472 width=3) (actual time=0.678..348.932 rows=23047 loops=1)
Seq Scan on area_v_con  (cost=0.00..152138.54 rows=490357 width=4) (actual time=0.385..1119.906 rows=495041 loops=1)
Gather  (cost=1000.00..146147.62 rows=413269 width=4) (actual time=0.618..480.515 rows=424881 loops=1)
Gather  (cost=1000.00..105967.92 rows=11472 width=3) (actual time=0.627..345.908 rows=4775 loops=1)
Gather  (cost=1000.00..105967.92 rows=11472 width=3) (actual time=0.649..343.413 rows=13151 loops=1)
Seq Scan on area_v_con  (cost=0.00..152138.54 rows=923505 width=4) (actual time=0.377..1148.589 rows=926646 loops=1)
Gather  (cost=1000.00..146147.62 rows=413269 width=4) (actual time=0.614..500.559 rows=424881 loops=1)
Gather  (cost=1000.00..105967.92 rows=11472 width=3) (actual time=0.591..341.897 rows=11597 loops=1)
Gather  (cost=1000.00..146147.62 rows=413269 width=4) (actual time=0.598..489.538 rows=424881 loops=1)
Seq Scan on area_v_con  (cost=0.00..152138.54 rows=1422256 width=4) (actual time=0.442..1173.344 rows=1419652 loops=1)
Seq Scan on area_v_con  (cost=0.00..152138.54 rows=1422256 width=4) (actual time=0.368..1173.667 rows=1419652 loops=1)
Gather  (cost=1000.00..105967.92 rows=11472 width=3) (actual time=0.601..358.901 rows=19619 loops=1)
Seq Scan on area_v_con  (cost=0.00..152138.54 rows=504714 width=4) (actual time=0.360..1123.000 rows=516862 loops=1)
Seq Scan on area_v_con  (cost=0.00..152138.54 rows=923505 width=4) (actual time=0.371..1148.583 rows=926646 loops=1)
Seq Scan on area_v_con  (cost=0.00..152138.54 rows=923505 width=4) (actual time=0.369..1147.463 rows=926646 loops=1)
Gather  (cost=1000.00..105967.92 rows=11472 width=3) (actual time=0.586..352.314 rows=14699 loops=1)
Gather  (cost=1000.00..105967.92 rows=11472 width=3) (actual time=0.590..337.910 rows=9970 loops=1)
Gather  (cost=1000.00..107824.72 rows=30040 width=3) (actual time=0.551..343.561 rows=31459 loops=1)
Seq Scan on area_v_con  (cost=0.00..152138.54 rows=1422256 width=4) (actual time=0.424..1173.143 rows=1419652 loops=1)
Gather  (cost=1000.00..105967.92 rows=11472 width=3) (actual time=0.591..353.669 rows=14699 loops=1)
Seq Scan on area_v_con  (cost=0.00..152138.54 rows=923505 width=4) (actual time=0.387..1146.312 rows=926646 loops=1)
Gather  (cost=1000.00..105967.92 rows=11472 width=3) (actual time=0.781..349.626 rows=6626 loops=1)
Seq Scan on area_v_con  (cost=0.00..152138.54 rows=490357 width=4) (actual time=0.388..1122.225 rows=495041 loops=1)
Gather  (cost=1000.00..105967.92 rows=11472 width=3) (actual time=0.711..343.937 rows=14875 loops=1)
Seq Scan on area_v_con  (cost=0.00..152138.54 rows=1422256 width=4) (actual time=0.413..1173.242 rows=1419652 loops=1)
Gather  (cost=1000.00..147009.12 rows=421884 width=4) (actual time=0.574..495.217 rows=434439 loops=1)
Gather  (cost=1000.00..108001.42 rows=31807 width=3) (actual time=0.551..343.297 rows=31459 loops=1)
Gather  (cost=1000.00..107802.62 rows=29819 width=3) (actual time=0.561..347.157 rows=31459 loops=1)
Gather  (cost=1000.00..105967.92 rows=11472 width=3) (actual time=0.728..339.035 rows=6637 loops=1)
Gather  (cost=1000.00..105967.92 rows=11472 width=3) (actual time=0.577..338.762 rows=14709 loops=1)
Gather  (cost=1000.00..105967.92 rows=11472 width=3) (actual time=0.553..339.762 rows=14699 loops=1)
Gather  (cost=1000.00..148489.02 rows=436683 width=4) (actual time=0.626..477.897 rows=425955 loops=1)
Seq Scan on area_v_con  (cost=0.00..152138.54 rows=1422256 width=4) (actual time=0.372..1171.510 rows=1419652 loops=1)
Seq Scan on area_v_con  (cost=0.00..152138.54 rows=490357 width=4) (actual time=0.384..1119.403 rows=495041 loops=1)
Gather  (cost=1000.00..146147.62 rows=413269 width=4) (actual time=0.645..476.546 rows=424881 loops=1)
Gather  (cost=1000.00..146147.62 rows=413269 width=4) (actual time=0.603..501.325 rows=424881 loops=1)
Gather  (cost=1000.00..110939.12 rows=61184 width=3) (actual time=0.567..350.561 rows=59423 loops=1)
Gather  (cost=1000.00..107272.52 rows=24518 width=3) (actual time=0.729..349.790 rows=23047 loops=1)
Gather  (cost=1000.00..107206.22 rows=23855 width=3) (actual time=0.641..349.290 rows=23240 loops=1)
Gather  (cost=1000.00..105967.92 rows=11472 width=3) (actual time=0.566..346.831 rows=8059 loops=1)
Seq Scan on area_v_con  (cost=0.00..152138.54 rows=1422256 width=4) (actual time=0.362..1176.274 rows=1419652 loops=1)
Gather  (cost=1000.00..105967.92 rows=11472 width=3) (actual time=0.628..343.505 rows=8192 loops=1)
Gather  (cost=1000.00..108730.32 rows=39096 width=3) (actual time=0.571..353.068 rows=41350 loops=1)
Gather  (cost=1000.00..149262.02 rows=444413 width=4) (actual time=0.578..485.700 rows=443206 loops=1)
Gather  (cost=1000.00..105967.92 rows=11472 width=3) (actual time=0.617..339.727 rows=14875 loops=1)
Seq Scan on area_v_con  (cost=0.00..152138.54 rows=490357 width=4) (actual time=0.387..1120.415 rows=495041 loops=1)
Gather  (cost=1000.00..148489.02 rows=436683 width=4) (actual time=0.722..477.834 rows=425955 loops=1)
Gather  (cost=1000.00..107228.32 rows=24076 width=3) (actual time=0.682..347.402 rows=23047 loops=1)
Seq Scan on area_v_con  (cost=0.00..152138.54 rows=923505 width=4) (actual time=0.405..1145.146 rows=926646 loops=1)
Gather  (cost=1000.00..107471.32 rows=26506 width=3) (actual time=0.709..341.532 rows=23240 loops=1)
Seq Scan on area_v_con  (cost=0.00..152138.54 rows=490357 width=4) (actual time=0.442..1119.009 rows=495041 loops=1)
Seq Scan on area_v_con  (cost=0.00..152138.54 rows=490357 width=4) (actual time=0.392..1117.394 rows=495041 loops=1)
Gather  (cost=1000.00..146147.62 rows=413269 width=4) (actual time=0.626..480.767 rows=424881 loops=1)
Gather  (cost=1000.00..105967.92 rows=11472 width=3) (actual time=0.616..337.042 rows=8242 loops=1)
Seq Scan on area_v_con  (cost=0.00..152138.54 rows=490357 width=4) (actual time=0.382..1123.826 rows=495041 loops=1)
Gather  (cost=1000.00..105967.92 rows=11472 width=3) (actual time=0.756..337.776 rows=6626 loops=1)
Seq Scan on area_v_con  (cost=0.00..152138.54 rows=923505 width=4) (actual time=0.370..1143.843 rows=926646 loops=1)
Gather  (cost=1000.00..109216.22 rows=43955 width=3) (actual time=0.588..354.227 rows=41350 loops=1)
Gather  (cost=1000.00..111491.32 rows=66706 width=3) (actual time=0.565..359.382 rows=59423 loops=1)
Seq Scan on area_v_con  (cost=0.00..152138.54 rows=477987 width=4) (actual time=0.439..1120.962 rows=470990 loops=1)
Gather  (cost=1000.00..149262.02 rows=444413 width=4) (actual time=0.590..488.341 rows=443206 loops=1)
Gather  (cost=1000.00..107780.52 rows=29598 width=3) (actual time=0.549..343.580 rows=31459 loops=1)
Gather  (cost=1000.00..108597.82 rows=37771 width=3) (actual time=0.574..357.079 rows=41350 loops=1)
Gather  (cost=1000.00..107891.02 rows=30703 width=3) (actual time=0.549..343.391 rows=31459 loops=1)
Seq Scan on area_v_con  (cost=0.00..152138.54 rows=490357 width=4) (actual time=0.389..1121.249 rows=495041 loops=1)
Gather  (cost=1000.00..147009.12 rows=421884 width=4) (actual time=0.593..478.312 rows=434439 loops=1)
Seq Scan on area_v_con  (cost=0.00..152138.54 rows=1422256 width=4) (actual time=0.374..1168.876 rows=1419652 loops=1)
Gather  (cost=1000.00..105967.92 rows=11472 width=3) (actual time=2.482..339.857 rows=1710 loops=1)
Seq Scan on area_v_con  (cost=0.00..152138.54 rows=602344 width=4) (actual time=0.400..1122.948 rows=595837 loops=1)
Gather  (cost=1000.00..105967.92 rows=11472 width=3) (actual time=1.282..337.058 rows=4951 loops=1)
Gather  (cost=1000.00..148489.02 rows=436683 width=4) (actual time=0.639..478.114 rows=425955 loops=1)
Seq Scan on area_v_con  (cost=0.00..152138.54 rows=1422256 width=4) (actual time=0.373..1175.553 rows=1419652 loops=1)
Gather  (cost=1000.00..105967.92 rows=11472 width=3) (actual time=0.751..339.375 rows=8242 loops=1)
Gather  (cost=1000.00..110696.12 rows=58754 width=3) (actual time=0.555..357.379 rows=59423 loops=1)
Gather  (cost=1000.00..107382.92 rows=25622 width=3) (actual time=0.575..347.289 rows=23173 loops=1)
Gather  (cost=1000.00..105967.92 rows=11472 width=3) (actual time=0.628..340.610 rows=14875 loops=1)
Gather  (cost=1000.00..105967.92 rows=11472 width=3) (actual time=0.680..340.999 rows=13307 loops=1)
Gather  (cost=1000.00..149262.02 rows=444413 width=4) (actual time=0.574..487.785 rows=443206 loops=1)
Seq Scan on area_v_con  (cost=0.00..152138.54 rows=1422256 width=4) (actual time=0.374..1178.302 rows=1419652 loops=1)
Gather  (cost=1000.00..105967.92 rows=11472 width=3) (actual time=0.677..341.830 rows=6613 loops=1)
Gather  (cost=1000.00..110696.12 rows=58754 width=3) (actual time=0.562..354.030 rows=59423 loops=1)
Gather  (cost=1000.00..147009.12 rows=421884 width=4) (actual time=0.554..479.175 rows=434439 loops=1)
Gather  (cost=1000.00..146147.62 rows=413269 width=4) (actual time=0.598..480.813 rows=424881 loops=1)
Seq Scan on area_v_con  (cost=0.00..152138.54 rows=1422256 width=4) (actual time=0.373..1174.345 rows=1419652 loops=1)
Gather  (cost=1000.00..110585.72 rows=57650 width=3) (actual time=0.560..361.972 rows=59423 loops=1)
Seq Scan on area_v_con  (cost=0.00..152138.54 rows=490357 width=4) (actual time=0.389..1123.219 rows=495041 loops=1)
Seq Scan on area_v_con  (cost=0.00..152138.54 rows=490357 width=4) (actual time=0.387..1120.981 rows=495041 loops=1)
Seq Scan on area_v_con  (cost=0.00..152138.54 rows=1422256 width=4) (actual time=0.362..1171.095 rows=1419652 loops=1)
Gather  (cost=1000.00..105967.92 rows=11472 width=3) (actual time=2.580..346.565 rows=1643 loops=1)
Seq Scan on area_v_con  (cost=0.00..152138.54 rows=1422256 width=4) (actual time=0.378..1166.321 rows=1419652 loops=1)
Gather  (cost=1000.00..105967.92 rows=11472 width=3) (actual time=0.570..339.928 rows=8059 loops=1)
Gather  (cost=1000.00..107316.72 rows=24960 width=3) (actual time=0.653..352.619 rows=23240 loops=1)
Gather  (cost=1000.00..105967.92 rows=11472 width=3) (actual time=0.568..341.198 rows=23173 loops=1)
Gather  (cost=1000.00..105967.92 rows=11472 width=3) (actual time=0.695..336.859 rows=4958 loops=1)
Seq Scan on area_v_con  (cost=0.00..152138.54 rows=923505 width=4) (actual time=0.371..1143.819 rows=926646 loops=1)
Gather  (cost=1000.00..105967.92 rows=11472 width=3) (actual time=0.683..337.362 rows=8192 loops=1)
Gather  (cost=1000.00..109282.52 rows=44618 width=3) (actual time=0.571..345.894 rows=41350 loops=1)
Gather  (cost=1000.00..149262.02 rows=444413 width=4) (actual time=0.566..493.017 rows=443206 loops=1)
Seq Scan on area_v_con  (cost=0.00..152138.54 rows=923505 width=4) (actual time=0.380..1146.003 rows=926646 loops=1)
Gather  (cost=1000.00..104820.82 rows=1 width=4) (actual time=443.499..448.261 rows=0 loops=1)
Gather  (cost=1000.00..105967.92 rows=11472 width=3) (actual time=0.696..338.107 rows=4958 loops=1)
Seq Scan on area_v_con  (cost=0.00..152138.54 rows=1422256 width=4) (actual time=0.374..1171.016 rows=1419652 loops=1)
Gather  (cost=1000.00..105967.92 rows=11472 width=3) (actual time=0.580..341.231 rows=14699 loops=1)
Seq Scan on area_v_con  (cost=0.00..152138.54 rows=923505 width=4) (actual time=0.365..1146.027 rows=926646 loops=1)
Gather  (cost=1000.00..147009.12 rows=421884 width=4) (actual time=0.629..478.231 rows=434439 loops=1)
Gather  (cost=1000.00..105967.92 rows=11472 width=3) (actual time=0.584..344.268 rows=14709 loops=1)
Gather  (cost=1000.00..105967.92 rows=11472 width=3) (actual time=0.658..342.474 rows=9703 loops=1)
Seq Scan on area_v_con  (cost=0.00..152138.54 rows=1422256 width=4) (actual time=0.372..1170.292 rows=1419652 loops=1)
Seq Scan on area_v_con  (cost=0.00..152138.54 rows=1422256 width=4) (actual time=0.361..1168.693 rows=1419652 loops=1)
Seq Scan on area_v_con  (cost=0.00..152138.54 rows=504714 width=4) (actual time=0.356..1122.253 rows=516862 loops=1)
Gather  (cost=1000.00..146147.62 rows=413269 width=4) (actual time=0.666..489.479 rows=424881 loops=1)
Seq Scan on area_v_con  (cost=0.00..152138.54 rows=477987 width=4) (actual time=0.527..1116.139 rows=470990 loops=1)
Gather  (cost=1000.00..105967.92 rows=11472 width=3) (actual time=0.760..339.031 rows=6618 loops=1)
Gather  (cost=1000.00..105967.92 rows=11472 width=3) (actual time=0.683..341.869 rows=9703 loops=1)
Gather  (cost=1000.00..107935.12 rows=31144 width=3) (actual time=0.558..353.226 rows=31459 loops=1)
Gather  (cost=1000.00..105967.92 rows=11472 width=3) (actual time=0.655..339.865 rows=13151 loops=1)
Gather  (cost=1000.00..105967.92 rows=11472 width=3) (actual time=0.623..337.014 rows=4775 loops=1)
Gather  (cost=1000.00..147009.12 rows=421884 width=4) (actual time=0.551..482.032 rows=434439 loops=1)
Seq Scan on area_v_con  (cost=0.00..152138.54 rows=477987 width=4) (actual time=0.440..1121.576 rows=470990 loops=1)
Seq Scan on area_v_con  (cost=0.00..152138.54 rows=1422256 width=4) (actual time=0.357..1173.427 rows=1419652 loops=1)
Seq Scan on area_v_con  (cost=0.00..152138.54 rows=504714 width=4) (actual time=0.356..1121.646 rows=516862 loops=1)
Gather  (cost=1000.00..105967.92 rows=11472 width=3) (actual time=0.672..344.856 rows=23173 loops=1)
Gather  (cost=1000.00..105967.92 rows=11472 width=3) (actual time=0.632..355.793 rows=14875 loops=1)
Seq Scan on area_v_con  (cost=0.00..152138.54 rows=1422256 width=4) (actual time=0.397..1175.848 rows=1419652 loops=1)
Gather  (cost=1000.00..110740.32 rows=59196 width=3) (actual time=0.576..351.076 rows=59423 loops=1)
Gather  (cost=1000.00..105967.92 rows=11472 width=3) (actual time=0.613..342.307 rows=8192 loops=1)
Seq Scan on area_v_con  (cost=0.00..152138.54 rows=1422256 width=4) (actual time=0.374..1175.306 rows=1419652 loops=1)
Seq Scan on area_v_con  (cost=0.00..152138.54 rows=477987 width=4) (actual time=0.435..1119.979 rows=470990 loops=1)
Seq Scan on area_v_con  (cost=0.00..152138.54 rows=1422256 width=4) (actual time=0.366..1172.628 rows=1419652 loops=1)
Seq Scan on area_v_con  (cost=0.00..152138.54 rows=1422256 width=4) (actual time=0.369..1173.892 rows=1419652 loops=1)
Gather  (cost=1000.00..105967.92 rows=11472 width=3) (actual time=0.634..339.743 rows=19619 loops=1)
Seq Scan on area_v_con  (cost=0.00..152138.54 rows=923505 width=4) (actual time=0.435..1143.584 rows=926646 loops=1)
Gather  (cost=1000.00..110894.92 rows=60742 width=3) (actual time=0.622..351.904 rows=59423 loops=1)
Gather  (cost=1000.00..105967.92 rows=11472 width=3) (actual time=0.620..340.805 rows=8242 loops=1)
Seq Scan on area_v_con  (cost=0.00..152138.54 rows=504714 width=4) (actual time=0.364..1120.812 rows=516862 loops=1)
Gather  (cost=1000.00..105967.92 rows=11472 width=3) (actual time=0.798..342.620 rows=23173 loops=1)
Gather  (cost=1000.00..105967.92 rows=11472 width=3) (actual time=0.678..341.426 rows=23047 loops=1)
Gather  (cost=1000.00..147009.12 rows=421884 width=4) (actual time=0.556..484.178 rows=434439 loops=1)
Gather  (cost=1000.00..105967.92 rows=11472 width=3) (actual time=0.686..338.439 rows=6527 loops=1)
Gather  (cost=1000.00..105967.92 rows=11472 width=3) (actual time=0.620..346.438 rows=14875 loops=1)
Gather  (cost=1000.00..105967.92 rows=11472 width=3) (actual time=0.653..338.912 rows=13151 loops=1)
Gather  (cost=1000.00..105967.92 rows=11472 width=3) (actual time=1.003..342.420 rows=4864 loops=1)
Seq Scan on area_v_con  (cost=0.00..152138.54 rows=490357 width=4) (actual time=0.386..1120.589 rows=495041 loops=1)
Seq Scan on area_v_con  (cost=0.00..152138.54 rows=1422256 width=4) (actual time=0.372..1172.369 rows=1419652 loops=1)
Seq Scan on area_v_con  (cost=0.00..152138.54 rows=490357 width=4) (actual time=0.420..1124.555 rows=495041 loops=1)
Seq Scan on area_v_con  (cost=0.00..152138.54 rows=1422256 width=4) (actual time=0.364..1167.200 rows=1419652 loops=1)
Seq Scan on area_v_con  (cost=0.00..152138.54 rows=1422256 width=4) (actual time=0.364..1171.811 rows=1419652 loops=1)
Seq Scan on area_v_con  (cost=0.00..152138.54 rows=1422256 width=4) (actual time=0.170..1172.391 rows=1419652 loops=1)
Gather  (cost=1000.00..110607.82 rows=57871 width=3) (actual time=0.246..367.531 rows=59423 loops=1)
Seq Scan on area_v_con  (cost=0.00..152138.54 rows=1422256 width=4) (actual time=0.087..1170.357 rows=1419652 loops=1)
Gather  (cost=1000.00..105967.92 rows=11472 width=3) (actual time=0.626..352.555 rows=14709 loops=1)
Gather  (cost=1000.00..105967.92 rows=11472 width=3) (actual time=0.574..348.630 rows=19619 loops=1)
Seq Scan on area_v_con  (cost=0.00..152138.54 rows=477987 width=4) (actual time=0.156..1120.739 rows=470990 loops=1)
Gather  (cost=1000.00..105967.92 rows=11472 width=3) (actual time=0.287..340.591 rows=23173 loops=1)
Gather  (cost=1000.00..105967.92 rows=11472 width=3) (actual time=0.576..338.900 rows=14709 loops=1)
Gather  (cost=1000.00..105967.92 rows=11472 width=3) (actual time=0.573..346.243 rows=23173 loops=1)
Seq Scan on area_v_con  (cost=0.00..152138.54 rows=602344 width=4) (actual time=0.373..1125.050 rows=595837 loops=1)
Gather  (cost=1000.00..107537.52 rows=27168 width=3) (actual time=0.666..344.295 rows=23240 loops=1)
Seq Scan on area_v_con  (cost=0.00..152138.54 rows=490357 width=4) (actual time=0.387..1121.474 rows=495041 loops=1)
Gather  (cost=1000.00..105967.92 rows=11472 width=3) (actual time=0.848..346.892 rows=1561 loops=1)
Gather  (cost=1000.00..146147.62 rows=413269 width=4) (actual time=0.587..485.791 rows=424881 loops=1)
Gather  (cost=1000.00..105967.92 rows=11472 width=3) (actual time=0.791..343.252 rows=8243 loops=1)
Gather  (cost=1000.00..105967.92 rows=11472 width=3) (actual time=1.000..337.556 rows=1676 loops=1)
Gather  (cost=1000.00..107206.22 rows=23855 width=3) (actual time=0.634..351.086 rows=23240 loops=1)
Seq Scan on area_v_con  (cost=0.00..152138.54 rows=504714 width=4) (actual time=0.362..1124.412 rows=516862 loops=1)
Seq Scan on area_v_con  (cost=0.00..152138.54 rows=1422256 width=4) (actual time=0.369..1168.349 rows=1419652 loops=1)
Seq Scan on area_v_con  (cost=0.00..152138.54 rows=1422256 width=4) (actual time=0.387..1170.743 rows=1419652 loops=1)
Seq Scan on area_v_con  (cost=0.00..152138.54 rows=1422256 width=4) (actual time=0.374..1176.954 rows=1419652 loops=1)
Seq Scan on area_v_con  (cost=0.00..152138.54 rows=602344 width=4) (actual time=0.360..1127.063 rows=595837 loops=1)
Seq Scan on area_v_con  (cost=0.00..152138.54 rows=602344 width=4) (actual time=0.376..1130.550 rows=595837 loops=1)
Gather  (cost=1000.00..107824.72 rows=30040 width=3) (actual time=0.556..352.745 rows=31459 loops=1)
Gather  (cost=1000.00..109370.92 rows=45502 width=3) (actual time=0.575..361.021 rows=41350 loops=1)
Gather  (cost=1000.00..105967.92 rows=11472 width=3) (actual time=0.720..342.041 rows=19619 loops=1)
Gather  (cost=1000.00..105967.92 rows=11472 width=3) (actual time=0.615..359.626 rows=18152 loops=1)
Seq Scan on area_v_con  (cost=0.00..152138.54 rows=489031 width=4) (actual time=0.459..1121.442 rows=473031 loops=1)
Gather  (cost=1000.00..146147.62 rows=413269 width=4) (actual time=0.718..503.633 rows=424881 loops=1)
Gather  (cost=1000.00..105967.92 rows=11472 width=3) (actual time=0.559..341.098 rows=14699 loops=1)
Gather  (cost=1000.00..105967.92 rows=11472 width=3) (actual time=0.552..350.040 rows=23173 loops=1)
Seq Scan on area_v_con  (cost=0.00..152138.54 rows=923505 width=4) (actual time=0.402..1150.115 rows=926646 loops=1)
Gather  (cost=1000.00..148489.02 rows=436683 width=4) (actual time=0.678..475.817 rows=425955 loops=1)
Gather  (cost=1000.00..105967.92 rows=11472 width=3) (actual time=0.630..342.154 rows=6618 loops=1)
Gather  (cost=1000.00..105967.92 rows=11472 width=3) (actual time=0.678..344.219 rows=13307 loops=1)
Seq Scan on area_v_con  (cost=0.00..152138.54 rows=490357 width=4) (actual time=0.393..1121.173 rows=495041 loops=1)
Seq Scan on area_v_con  (cost=0.00..152138.54 rows=1422256 width=4) (actual time=0.363..1164.811 rows=1419652 loops=1)
Seq Scan on area_v_con  (cost=0.00..152138.54 rows=490357 width=4) (actual time=0.379..1124.841 rows=495041 loops=1)
Gather  (cost=1000.00..105967.92 rows=11472 width=3) (actual time=0.605..339.077 rows=14709 loops=1)
Gather  (cost=1000.00..105967.92 rows=11472 width=3) (actual time=0.615..342.136 rows=6538 loops=1)
Seq Scan on area_v_con  (cost=0.00..152138.54 rows=477987 width=4) (actual time=0.444..1120.648 rows=470990 loops=1)
Gather  (cost=1000.00..105967.92 rows=11472 width=3) (actual time=0.657..337.024 rows=3444 loops=1)
Gather  (cost=1000.00..107272.52 rows=24518 width=3) (actual time=0.638..341.491 rows=23240 loops=1)
Gather  (cost=1000.00..105967.92 rows=11472 width=3) (actual time=0.710..347.131 rows=13307 loops=1)
Seq Scan on area_v_con  (cost=0.00..152138.54 rows=1422256 width=4) (actual time=0.370..1173.382 rows=1419652 loops=1)
Seq Scan on area_v_con  (cost=0.00..152138.54 rows=490357 width=4) (actual time=0.378..1117.623 rows=495041 loops=1)
Seq Scan on area_v_con  (cost=0.00..152138.54 rows=1422256 width=4) (actual time=0.362..1168.649 rows=1419652 loops=1)
Seq Scan on area_v_con  (cost=0.00..152138.54 rows=489031 width=4) (actual time=0.464..1114.523 rows=473031 loops=1)
Gather  (cost=1000.00..105967.92 rows=11472 width=3) (actual time=0.639..339.812 rows=19619 loops=1)
Gather  (cost=1000.00..105967.92 rows=11472 width=3) (actual time=0.672..340.776 rows=9703 loops=1)
Gather  (cost=1000.00..148489.02 rows=436683 width=4) (actual time=0.631..484.549 rows=425955 loops=1)
Seq Scan on area_v_con  (cost=0.00..152138.54 rows=602344 width=4) (actual time=0.376..1128.214 rows=595837 loops=1)
Gather  (cost=1000.00..107935.12 rows=31144 width=3) (actual time=0.586..353.106 rows=31459 loops=1)
Gather  (cost=1000.00..105967.92 rows=11472 width=3) (actual time=0.731..341.583 rows=23047 loops=1)
Gather  (cost=1000.00..105967.92 rows=11472 width=3) (actual time=1.292..338.592 rows=4951 loops=1)
Gather  (cost=1000.00..109370.92 rows=45502 width=3) (actual time=0.574..345.007 rows=41350 loops=1)
Seq Scan on area_v_con  (cost=0.00..152138.54 rows=1422256 width=4) (actual time=0.421..1167.194 rows=1419652 loops=1)
Gather  (cost=1000.00..148489.02 rows=436683 width=4) (actual time=0.765..490.117 rows=425955 loops=1)
Gather  (cost=1000.00..107206.22 rows=23855 width=3) (actual time=0.648..349.852 rows=23240 loops=1)
Gather  (cost=1000.00..147009.12 rows=421884 width=4) (actual time=0.555..485.385 rows=434439 loops=1)
Gather  (cost=1000.00..149262.02 rows=444413 width=4) (actual time=0.580..486.814 rows=443206 loops=1)
Seq Scan on area_v_con  (cost=0.00..152138.54 rows=923505 width=4) (actual time=0.455..1150.959 rows=926646 loops=1)
Gather  (cost=1000.00..105967.92 rows=11472 width=3) (actual time=0.710..341.820 rows=6527 loops=1)
Gather  (cost=1000.00..105967.92 rows=11472 width=3) (actual time=0.551..340.857 rows=4942 loops=1)
Gather  (cost=1000.00..105967.92 rows=11472 width=3) (actual time=0.587..351.857 rows=9970 loops=1)
Seq Scan on area_v_con  (cost=0.00..152138.54 rows=923505 width=4) (actual time=0.376..1147.871 rows=926646 loops=1)
Gather  (cost=1000.00..105967.92 rows=11472 width=3) (actual time=0.579..340.441 rows=14699 loops=1)
Gather  (cost=1000.00..105967.92 rows=11472 width=3) (actual time=0.737..348.164 rows=13300 loops=1)
Gather  (cost=1000.00..108509.42 rows=36887 width=3) (actual time=0.586..354.112 rows=41350 loops=1)
Seq Scan on area_v_con  (cost=0.00..152138.54 rows=1422256 width=4) (actual time=0.401..1176.041 rows=1419652 loops=1)
Gather  (cost=1000.00..108178.12 rows=33574 width=3) (actual time=0.577..346.079 rows=31459 loops=1)
Seq Scan on area_v_con  (cost=0.00..152138.54 rows=489031 width=4) (actual time=0.461..1120.603 rows=473031 loops=1)
Seq Scan on area_v_con  (cost=0.00..152138.54 rows=602344 width=4) (actual time=0.405..1127.172 rows=595837 loops=1)
Gather  (cost=1000.00..148489.02 rows=436683 width=4) (actual time=0.648..490.353 rows=425955 loops=1)
Seq Scan on area_v_con  (cost=0.00..152138.54 rows=1422256 width=4) (actual time=0.376..1173.552 rows=1419652 loops=1)
Gather  (cost=1000.00..110917.02 rows=60963 width=3) (actual time=0.572..350.235 rows=59423 loops=1)
Seq Scan on area_v_con  (cost=0.00..152138.54 rows=1422256 width=4) (actual time=0.374..1173.113 rows=1419652 loops=1)
Seq Scan on area_v_con  (cost=0.00..152138.54 rows=1422256 width=4) (actual time=0.386..1171.652 rows=1419652 loops=1)
Seq Scan on area_v_con  (cost=0.00..152138.54 rows=1422256 width=4) (actual time=0.365..1164.275 rows=1419652 loops=1)
Gather  (cost=1000.00..110718.22 rows=58975 width=3) (actual time=0.644..352.283 rows=59423 loops=1)
Gather  (cost=1000.00..105967.92 rows=11472 width=3) (actual time=0.629..357.055 rows=6538 loops=1)
Gather  (cost=1000.00..109216.22 rows=43955 width=3) (actual time=0.591..351.395 rows=41350 loops=1)
Gather  (cost=1000.00..146147.62 rows=413269 width=4) (actual time=0.599..480.518 rows=424881 loops=1)
Seq Scan on area_v_con  (cost=0.00..152138.54 rows=489031 width=4) (actual time=0.460..1123.177 rows=473031 loops=1)
Seq Scan on area_v_con  (cost=0.00..152138.54 rows=1422256 width=4) (actual time=0.368..1169.695 rows=1419652 loops=1)
Gather  (cost=1000.00..105967.92 rows=11472 width=3) (actual time=0.650..346.353 rows=6618 loops=1)
Gather  (cost=1000.00..105967.92 rows=11472 width=3) (actual time=1.097..336.907 rows=1677 loops=1)
Gather  (cost=1000.00..109105.82 rows=42851 width=3) (actual time=0.554..345.953 rows=41350 loops=1)
Gather  (cost=1000.00..105967.92 rows=11472 width=3) (actual time=0.616..347.015 rows=18152 loops=1)
Seq Scan on area_v_con  (cost=0.00..152138.54 rows=1422256 width=4) (actual time=0.360..1173.080 rows=1419652 loops=1)
Seq Scan on area_v_con  (cost=0.00..152138.54 rows=477987 width=4) (actual time=0.436..1123.755 rows=470990 loops=1)
Gather  (cost=1000.00..105967.92 rows=11472 width=3) (actual time=1.165..342.451 rows=6518 loops=1)
Gather  (cost=1000.00..105967.92 rows=11472 width=3) (actual time=0.572..342.956 rows=23173 loops=1)
Seq Scan on area_v_con  (cost=0.00..152138.54 rows=477987 width=4) (actual time=0.442..1120.878 rows=470990 loops=1)
Gather  (cost=1000.00..111248.32 rows=64276 width=3) (actual time=0.592..354.884 rows=59423 loops=1)
Gather  (cost=1000.00..108332.72 rows=35120 width=3) (actual time=0.564..342.959 rows=31459 loops=1)
Gather  (cost=1000.00..109039.52 rows=42188 width=3) (actual time=0.584..345.310 rows=41350 loops=1)
Seq Scan on area_v_con  (cost=0.00..152138.54 rows=923505 width=4) (actual time=0.367..1142.475 rows=926646 loops=1)
Gather  (cost=1000.00..148489.02 rows=436683 width=4) (actual time=0.720..480.451 rows=425955 loops=1)
Seq Scan on area_v_con  (cost=0.00..152138.54 rows=477987 width=4) (actual time=0.468..1121.328 rows=470990 loops=1)
Seq Scan on area_v_con  (cost=0.00..152138.54 rows=1422256 width=4) (actual time=0.434..1168.130 rows=1419652 loops=1)
Seq Scan on area_v_con  (cost=0.00..152138.54 rows=923505 width=4) (actual time=0.414..1147.849 rows=926646 loops=1)
Gather  (cost=1000.00..108752.42 rows=39317 width=3) (actual time=0.610..346.930 rows=41350 loops=1)
Seq Scan on area_v_con  (cost=0.00..152138.54 rows=490357 width=4) (actual time=0.421..1134.897 rows=495041 loops=1)
Gather  (cost=1000.00..110585.72 rows=57650 width=3) (actual time=0.660..361.118 rows=59423 loops=1)
Gather  (cost=1000.00..105967.92 rows=11472 width=3) (actual time=0.607..336.994 rows=8242 loops=1)
Seq Scan on area_v_con  (cost=0.00..152138.54 rows=923505 width=4) (actual time=0.367..1147.608 rows=926646 loops=1)
Gather  (cost=1000.00..149262.02 rows=444413 width=4) (actual time=0.617..478.714 rows=443206 loops=1)
Gather  (cost=1000.00..105967.92 rows=11472 width=3) (actual time=0.618..344.575 rows=18152 loops=1)
Gather  (cost=1000.00..105967.92 rows=11472 width=3) (actual time=0.644..338.885 rows=4920 loops=1)
Gather  (cost=1000.00..149262.02 rows=444413 width=4) (actual time=0.578..480.467 rows=443206 loops=1)
Gather  (cost=1000.00..105967.92 rows=11472 width=3) (actual time=0.648..339.654 rows=14875 loops=1)
Gather  (cost=1000.00..110585.72 rows=57650 width=3) (actual time=0.639..358.444 rows=59423 loops=1)
Gather  (cost=1000.00..108001.42 rows=31807 width=3) (actual time=0.661..344.238 rows=31459 loops=1)
Gather  (cost=1000.00..105967.92 rows=11472 width=3) (actual time=0.560..338.280 rows=8059 loops=1)
Seq Scan on area_v_con  (cost=0.00..152138.54 rows=923505 width=4) (actual time=0.451..1150.489 rows=926646 loops=1)
Gather  (cost=1000.00..148489.02 rows=436683 width=4) (actual time=0.809..476.798 rows=425955 loops=1)
Gather  (cost=1000.00..105967.92 rows=11472 width=3) (actual time=1.156..346.167 rows=6518 loops=1)
Seq Scan on area_v_con  (cost=0.00..152138.54 rows=1422256 width=4) (actual time=0.374..1172.996 rows=1419652 loops=1)
Seq Scan on area_v_con  (cost=0.00..152138.54 rows=490357 width=4) (actual time=0.449..1115.011 rows=495041 loops=1)
Gather  (cost=1000.00..107802.62 rows=29819 width=3) (actual time=0.707..346.590 rows=31459 loops=1)
Seq Scan on area_v_con  (cost=0.00..152138.54 rows=923505 width=4) (actual time=0.371..1145.281 rows=926646 loops=1)
Gather  (cost=1000.00..105967.92 rows=11472 width=3) (actual time=0.746..351.727 rows=6527 loops=1)
Gather  (cost=1000.00..105967.92 rows=11472 width=3) (actual time=0.593..340.387 rows=11597 loops=1)
Seq Scan on area_v_con  (cost=0.00..152138.54 rows=477987 width=4) (actual time=0.446..1120.332 rows=470990 loops=1)
Seq Scan on area_v_con  (cost=0.00..152138.54 rows=602344 width=4) (actual time=0.365..1122.449 rows=595837 loops=1)
Seq Scan on area_v_con  (cost=0.00..152138.54 rows=923505 width=4) (actual time=0.360..1140.846 rows=926646 loops=1)
Seq Scan on area_v_con  (cost=0.00..152138.54 rows=504714 width=4) (actual time=0.358..1118.936 rows=516862 loops=1)
Gather  (cost=1000.00..105967.92 rows=11472 width=3) (actual time=0.855..349.057 rows=23047 loops=1)
Gather  (cost=1000.00..146147.62 rows=413269 width=4) (actual time=0.598..481.743 rows=424881 loops=1)
Gather  (cost=1000.00..105967.92 rows=11472 width=3) (actual time=0.675..343.565 rows=13307 loops=1)
Gather  (cost=1000.00..105967.92 rows=11472 width=3) (actual time=0.659..338.755 rows=6626 loops=1)
Gather  (cost=1000.00..105967.92 rows=11472 width=3) (actual time=0.665..338.458 rows=9703 loops=1)
Gather  (cost=1000.00..110674.12 rows=58534 width=3) (actual time=0.549..349.630 rows=59423 loops=1)
Seq Scan on area_v_con  (cost=0.00..152138.54 rows=602344 width=4) (actual time=0.421..1129.096 rows=595837 loops=1)
Gather  (cost=1000.00..149262.02 rows=444413 width=4) (actual time=0.651..483.085 rows=443206 loops=1)
Gather  (cost=1000.00..105967.92 rows=11472 width=3) (actual time=0.607..337.467 rows=8242 loops=1)
Seq Scan on area_v_con  (cost=0.00..152138.54 rows=1422256 width=4) (actual time=0.404..1166.193 rows=1419652 loops=1)
Gather  (cost=1000.00..108796.62 rows=39759 width=3) (actual time=0.581..346.358 rows=41350 loops=1)
Gather  (cost=1000.00..107957.22 rows=31365 width=3) (actual time=0.562..342.873 rows=31459 loops=1)
Seq Scan on area_v_con  (cost=0.00..152138.54 rows=1422256 width=4) (actual time=0.374..1174.460 rows=1419652 loops=1)
Seq Scan on area_v_con  (cost=0.00..152138.54 rows=489031 width=4) (actual time=0.465..1120.226 rows=473031 loops=1)
Seq Scan on area_v_con  (cost=0.00..152138.54 rows=1422256 width=4) (actual time=0.370..1171.541 rows=1419652 loops=1)
Seq Scan on area_v_con  (cost=0.00..152138.54 rows=1422256 width=4) (actual time=0.383..1173.478 rows=1419652 loops=1)
Gather  (cost=1000.00..108973.32 rows=41526 width=3) (actual time=0.591..346.230 rows=41350 loops=1)
Gather  (cost=1000.00..105967.92 rows=11472 width=3) (actual time=0.705..337.660 rows=6637 loops=1)
Gather  (cost=1000.00..107471.32 rows=26506 width=3) (actual time=0.666..341.473 rows=23047 loops=1)
Seq Scan on area_v_con  (cost=0.00..152138.54 rows=923505 width=4) (actual time=0.372..1142.421 rows=926646 loops=1)
Seq Scan on area_v_con  (cost=0.00..152138.54 rows=923505 width=4) (actual time=0.396..1145.826 rows=926646 loops=1)
Gather  (cost=1000.00..105967.92 rows=11472 width=3) (actual time=0.864..338.940 rows=13300 loops=1)
Seq Scan on area_v_con  (cost=0.00..152138.54 rows=1422256 width=4) (actual time=0.374..1169.512 rows=1419652 loops=1)
Gather  (cost=1000.00..110894.92 rows=60742 width=3) (actual time=0.578..353.626 rows=59423 loops=1)
Gather  (cost=1000.00..149262.02 rows=444413 width=4) (actual time=0.562..490.685 rows=443206 loops=1)
Gather  (cost=1000.00..105967.92 rows=11472 width=3) (actual time=0.813..349.276 rows=6626 loops=1)
Gather  (cost=1000.00..146147.62 rows=413269 width=4) (actual time=0.604..490.698 rows=424881 loops=1)
Gather  (cost=1000.00..109282.52 rows=44618 width=3) (actual time=0.563..353.700 rows=41350 loops=1)
Gather  (cost=1000.00..108951.22 rows=41305 width=3) (actual time=0.558..357.533 rows=41350 loops=1)
Gather  (cost=1000.00..105967.92 rows=11472 width=3) (actual time=2.405..341.245 rows=1643 loops=1)
Seq Scan on area_v_con  (cost=0.00..152138.54 rows=1422256 width=4) (actual time=0.407..1169.876 rows=1419652 loops=1)
Seq Scan on area_v_con  (cost=0.00..152138.54 rows=602344 width=4) (actual time=0.369..1124.970 rows=595837 loops=1)
Gather  (cost=1000.00..108111.82 rows=32911 width=3) (actual time=0.579..347.413 rows=31459 loops=1)
Gather  (cost=1000.00..105967.92 rows=11472 width=3) (actual time=0.561..343.404 rows=8059 loops=1)
Gather  (cost=1000.00..110497.42 rows=56767 width=3) (actual time=0.592..358.329 rows=59423 loops=1)
Seq Scan on area_v_con  (cost=0.00..152138.54 rows=923505 width=4) (actual time=0.364..1144.225 rows=926646 loops=1)
Gather  (cost=1000.00..105967.92 rows=11472 width=3) (actual time=0.629..342.176 rows=6538 loops=1)
Gather  (cost=1000.00..148489.02 rows=436683 width=4) (actual time=0.623..475.745 rows=425955 loops=1)
Seq Scan on area_v_con  (cost=0.00..152138.54 rows=1422256 width=4) (actual time=0.374..1172.748 rows=1419652 loops=1)
Gather  (cost=1000.00..105967.92 rows=11472 width=3) (actual time=0.622..348.135 rows=6538 loops=1)
Seq Scan on area_v_con  (cost=0.00..152138.54 rows=489031 width=4) (actual time=0.459..1116.172 rows=473031 loops=1)
Seq Scan on area_v_con  (cost=0.00..152138.54 rows=602344 width=4) (actual time=0.360..1126.696 rows=595837 loops=1)
Seq Scan on area_v_con  (cost=0.00..152138.54 rows=1422256 width=4) (actual time=0.359..1167.826 rows=1419652 loops=1)
Gather  (cost=1000.00..105967.92 rows=11472 width=3) (actual time=0.804..346.792 rows=6527 loops=1)
Seq Scan on area_v_con  (cost=0.00..152138.54 rows=602344 width=4) (actual time=0.368..1129.250 rows=595837 loops=1)
Gather  (cost=1000.00..148489.02 rows=436683 width=4) (actual time=0.645..476.590 rows=425955 loops=1)
Gather  (cost=1000.00..105967.92 rows=11472 width=3) (actual time=0.999..344.037 rows=4864 loops=1)
Gather  (cost=1000.00..105967.92 rows=11472 width=3) (actual time=0.565..341.035 rows=19619 loops=1)
Seq Scan on area_v_con  (cost=0.00..152138.54 rows=602344 width=4) (actual time=0.367..1128.782 rows=595837 loops=1)
Seq Scan on area_v_con  (cost=0.00..152138.54 rows=1422256 width=4) (actual time=0.363..1170.824 rows=1419652 loops=1)
Seq Scan on area_v_con  (cost=0.00..152138.54 rows=1422256 width=4) (actual time=0.351..1165.334 rows=1419652 loops=1)
Gather  (cost=1000.00..107935.12 rows=31144 width=3) (actual time=0.582..354.507 rows=31459 loops=1)
Seq Scan on area_v_con  (cost=0.00..152138.54 rows=602344 width=4) (actual time=0.372..1133.383 rows=595837 loops=1)
Seq Scan on area_v_con  (cost=0.00..152138.54 rows=923505 width=4) (actual time=0.361..1146.447 rows=926646 loops=1)
Seq Scan on area_v_con  (cost=0.00..152138.54 rows=923505 width=4) (actual time=0.390..1144.486 rows=926646 loops=1)
Gather  (cost=1000.00..105967.92 rows=11472 width=3) (actual time=0.331..345.424 rows=23173 loops=1)
Gather  (cost=1000.00..105967.92 rows=11472 width=3) (actual time=0.599..338.250 rows=11597 loops=1)
Gather  (cost=1000.00..105967.92 rows=11472 width=3) (actual time=0.799..353.965 rows=23047 loops=1)
Seq Scan on area_v_con  (cost=0.00..152138.54 rows=602344 width=4) (actual time=0.383..1131.121 rows=595837 loops=1)
Gather  (cost=1000.00..105967.92 rows=11472 width=3) (actual time=0.666..346.299 rows=14875 loops=1)
Gather  (cost=1000.00..107625.92 rows=28052 width=3) (actual time=0.550..344.851 rows=31459 loops=1)
Gather  (cost=1000.00..110696.12 rows=58754 width=3) (actual time=0.561..362.388 rows=59423 loops=1)
Gather  (cost=1000.00..105967.92 rows=11472 width=3) (actual time=0.833..343.023 rows=9962 loops=1)
Gather  (cost=1000.00..105967.92 rows=11472 width=3) (actual time=0.676..343.668 rows=9703 loops=1)
Seq Scan on area_v_con  (cost=0.00..152138.54 rows=490357 width=4) (actual time=0.386..1121.968 rows=495041 loops=1)
Gather  (cost=1000.00..109083.72 rows=42630 width=3) (actual time=0.700..353.698 rows=41350 loops=1)
Gather  (cost=1000.00..105967.92 rows=11472 width=3) (actual time=0.647..338.686 rows=6618 loops=1)
Seq Scan on area_v_con  (cost=0.00..152138.54 rows=1422256 width=4) (actual time=0.372..1167.993 rows=1419652 loops=1)
Gather  (cost=1000.00..104820.82 rows=1 width=4) (actual time=411.874..416.783 rows=0 loops=1)
Seq Scan on area_v_con  (cost=0.00..152138.54 rows=1422256 width=4) (actual time=0.377..1172.067 rows=1419652 loops=1)
Seq Scan on area_v_con  (cost=0.00..152138.54 rows=504714 width=4) (actual time=0.356..1123.495 rows=516862 loops=1)
Gather  (cost=1000.00..105967.92 rows=11472 width=3) (actual time=0.676..338.995 rows=18152 loops=1)
Gather  (cost=1000.00..147009.12 rows=421884 width=4) (actual time=0.559..482.152 rows=434439 loops=1)
Seq Scan on area_v_con  (cost=0.00..152138.54 rows=1422256 width=4) (actual time=0.384..1170.609 rows=1419652 loops=1)
Seq Scan on area_v_con  (cost=0.00..152138.54 rows=489031 width=4) (actual time=0.450..1125.075 rows=473031 loops=1)
Seq Scan on area_v_con  (cost=0.00..152138.54 rows=1422256 width=4) (actual time=0.421..1172.197 rows=1419652 loops=1)
Gather  (cost=1000.00..110696.12 rows=58754 width=3) (actual time=0.616..352.368 rows=59423 loops=1)
Gather  (cost=1000.00..147009.12 rows=421884 width=4) (actual time=0.535..485.412 rows=434439 loops=1)
Gather  (cost=1000.00..147009.12 rows=421884 width=4) (actual time=0.568..477.706 rows=434439 loops=1)
Gather  (cost=1000.00..108973.32 rows=41526 width=3) (actual time=0.578..359.247 rows=41350 loops=1)
Gather  (cost=1000.00..105967.92 rows=11472 width=3) (actual time=0.626..338.521 rows=8242 loops=1)
Gather  (cost=1000.00..105967.92 rows=11472 width=3) (actual time=0.609..342.848 rows=18152 loops=1)
Gather  (cost=1000.00..105967.92 rows=11472 width=3) (actual time=0.568..338.985 rows=14699 loops=1)
Gather  (cost=1000.00..107537.52 rows=27168 width=3) (actual time=0.561..345.452 rows=23173 loops=1)
Gather  (cost=1000.00..105967.92 rows=11472 width=3) (actual time=1.272..341.630 rows=4951 loops=1)
Seq Scan on area_v_con  (cost=0.00..152138.54 rows=490357 width=4) (actual time=0.388..1127.966 rows=495041 loops=1)
Seq Scan on area_v_con  (cost=0.00..152138.54 rows=923505 width=4) (actual time=0.362..1143.993 rows=926646 loops=1)
Seq Scan on area_v_con  (cost=0.00..152138.54 rows=1422256 width=4) (actual time=0.371..1173.420 rows=1419652 loops=1)
Gather  (cost=1000.00..107802.62 rows=29819 width=3) (actual time=0.652..347.362 rows=31459 loops=1)
Seq Scan on area_v_con  (cost=0.00..152138.54 rows=504714 width=4) (actual time=0.361..1126.509 rows=516862 loops=1)
Gather  (cost=1000.00..105967.92 rows=11472 width=3) (actual time=0.622..344.113 rows=4942 loops=1)
Gather  (cost=1000.00..107382.92 rows=25622 width=3) (actual time=0.544..341.324 rows=23173 loops=1)
Seq Scan on area_v_con  (cost=0.00..152138.54 rows=1422256 width=4) (actual time=0.368..1169.852 rows=1419652 loops=1)
Gather  (cost=1000.00..105967.92 rows=11472 width=3) (actual time=0.674..343.793 rows=13151 loops=1)
Gather  (cost=1000.00..105967.92 rows=11472 width=3) (actual time=0.682..341.184 rows=6527 loops=1)
Seq Scan on area_v_con  (cost=0.00..152138.54 rows=602344 width=4) (actual time=0.373..1126.773 rows=595837 loops=1)
Seq Scan on area_v_con  (cost=0.00..152138.54 rows=490357 width=4) (actual time=0.386..1123.178 rows=495041 loops=1)
Gather  (cost=1000.00..105967.92 rows=11472 width=3) (actual time=0.678..346.365 rows=13151 loops=1)
Gather  (cost=1000.00..105967.92 rows=11472 width=3) (actual time=0.576..340.677 rows=19619 loops=1)
Gather  (cost=1000.00..147009.12 rows=421884 width=4) (actual time=0.558..488.183 rows=434439 loops=1)
Seq Scan on area_v_con  (cost=0.00..152138.54 rows=923505 width=4) (actual time=0.387..1144.038 rows=926646 loops=1)
Gather  (cost=1000.00..105967.92 rows=11472 width=3) (actual time=0.682..339.633 rows=14699 loops=1)
Gather  (cost=1000.00..105967.92 rows=11472 width=3) (actual time=0.681..341.454 rows=6527 loops=1)
Gather  (cost=1000.00..108597.82 rows=37771 width=3) (actual time=0.592..351.454 rows=41350 loops=1)
Gather  (cost=1000.00..149262.02 rows=444413 width=4) (actual time=0.574..492.463 rows=443206 loops=1)
Gather  (cost=1000.00..147009.12 rows=421884 width=4) (actual time=0.552..480.445 rows=434439 loops=1)
Gather  (cost=1000.00..107250.42 rows=24297 width=3) (actual time=0.580..349.766 rows=23173 loops=1)
Gather  (cost=1000.00..105967.92 rows=11472 width=3) (actual time=0.726..336.259 rows=4958 loops=1)
Gather  (cost=1000.00..149262.02 rows=444413 width=4) (actual time=0.573..493.505 rows=443206 loops=1)
Gather  (cost=1000.00..146147.62 rows=413269 width=4) (actual time=0.592..479.635 rows=424881 loops=1)
Gather  (cost=1000.00..110696.12 rows=58754 width=3) (actual time=0.561..354.003 rows=59423 loops=1)
Gather  (cost=1000.00..105967.92 rows=11472 width=3) (actual time=0.634..337.883 rows=8192 loops=1)
Gather  (cost=1000.00..148489.02 rows=436683 width=4) (actual time=0.642..485.543 rows=425955 loops=1)
Gather  (cost=1000.00..109282.52 rows=44618 width=3) (actual time=0.575..351.415 rows=41350 loops=1)
Seq Scan on area_v_con  (cost=0.00..152138.54 rows=489031 width=4) (actual time=0.465..1122.250 rows=473031 loops=1)
Seq Scan on area_v_con  (cost=0.00..152138.54 rows=1422256 width=4) (actual time=0.370..1172.028 rows=1419652 loops=1)
Seq Scan on area_v_con  (cost=0.00..152138.54 rows=923505 width=4) (actual time=0.368..1145.007 rows=926646 loops=1)
Gather  (cost=1000.00..148489.02 rows=436683 width=4) (actual time=0.644..476.593 rows=425955 loops=1)
Gather  (cost=1000.00..105967.92 rows=11472 width=3) (actual time=0.621..341.598 rows=18152 loops=1)
Gather  (cost=1000.00..105967.92 rows=11472 width=3) (actual time=0.578..338.631 rows=9970 loops=1)
Seq Scan on area_v_con  (cost=0.00..152138.54 rows=504714 width=4) (actual time=0.357..1117.445 rows=516862 loops=1)
Seq Scan on area_v_con  (cost=0.00..152138.54 rows=1422256 width=4) (actual time=0.419..1167.600 rows=1419652 loops=1)
Gather  (cost=1000.00..105967.92 rows=11472 width=3) (actual time=0.681..338.264 rows=13307 loops=1)
Gather  (cost=1000.00..147009.12 rows=421884 width=4) (actual time=0.561..481.185 rows=434439 loops=1)
Gather  (cost=1000.00..107382.92 rows=25622 width=3) (actual time=0.592..348.266 rows=23173 loops=1)
Gather  (cost=1000.00..107360.82 rows=25401 width=3) (actual time=0.565..343.526 rows=19619 loops=1)
Gather  (cost=1000.00..105967.92 rows=11472 width=3) (actual time=0.627..337.756 rows=8192 loops=1)
Seq Scan on area_v_con  (cost=0.00..152138.54 rows=923505 width=4) (actual time=0.375..1147.497 rows=926646 loops=1)
Seq Scan on area_v_con  (cost=0.00..152138.54 rows=490357 width=4) (actual time=0.380..1120.077 rows=495041 loops=1)
Seq Scan on area_v_con  (cost=0.00..152138.54 rows=1422256 width=4) (actual time=0.368..1170.486 rows=1419652 loops=1)
Seq Scan on area_v_con  (cost=0.00..152138.54 rows=1422256 width=4) (actual time=0.372..1169.487 rows=1419652 loops=1)
Seq Scan on area_v_con  (cost=0.00..152138.54 rows=923505 width=4) (actual time=0.366..1146.065 rows=926646 loops=1)
Gather  (cost=1000.00..105967.92 rows=11472 width=3) (actual time=0.470..344.053 rows=23240 loops=1)
Seq Scan on area_v_con  (cost=0.00..152138.54 rows=490357 width=4) (actual time=0.389..1119.462 rows=495041 loops=1)
Gather  (cost=1000.00..108509.42 rows=36887 width=3) (actual time=0.299..351.980 rows=41350 loops=1)
Seq Scan on area_v_con  (cost=0.00..152138.54 rows=1422256 width=4) (actual time=0.038..1170.124 rows=1419652 loops=1)
Seq Scan on area_v_con  (cost=0.00..152138.54 rows=489031 width=4) (actual time=0.456..1120.186 rows=473031 loops=1)
Gather  (cost=1000.00..105967.92 rows=11472 width=3) (actual time=0.318..341.508 rows=18152 loops=1)
Gather  (cost=1000.00..105967.92 rows=11472 width=3) (actual time=1.257..344.528 rows=4951 loops=1)
Seq Scan on area_v_con  (cost=0.00..152138.54 rows=1422256 width=4) (actual time=0.370..1170.394 rows=1419652 loops=1)
Gather  (cost=1000.00..110917.02 rows=60963 width=3) (actual time=0.576..357.639 rows=59423 loops=1)
Gather  (cost=1000.00..105967.92 rows=11472 width=3) (actual time=0.593..340.874 rows=6613 loops=1)
Gather  (cost=1000.00..105967.92 rows=11472 width=3) (actual time=0.601..344.346 rows=14709 loops=1)
Gather  (cost=1000.00..105967.92 rows=11472 width=3) (actual time=0.981..337.866 rows=6518 loops=1)
Gather  (cost=1000.00..107272.52 rows=24518 width=3) (actual time=0.659..346.355 rows=23240 loops=1)
Gather  (cost=1000.00..105967.92 rows=11472 width=3) (actual time=0.577..350.868 rows=19619 loops=1)
Seq Scan on area_v_con  (cost=0.00..152138.54 rows=477987 width=4) (actual time=0.468..1122.979 rows=470990 loops=1)
Seq Scan on area_v_con  (cost=0.00..152138.54 rows=490357 width=4) (actual time=0.398..1118.469 rows=495041 loops=1)
Seq Scan on area_v_con  (cost=0.00..152138.54 rows=477987 width=4) (actual time=0.446..1114.707 rows=470990 loops=1)
Gather  (cost=1000.00..147009.12 rows=421884 width=4) (actual time=0.577..489.895 rows=434439 loops=1)
Gather  (cost=1000.00..105967.92 rows=11472 width=3) (actual time=0.640..340.403 rows=6618 loops=1)
Gather  (cost=1000.00..105967.92 rows=11472 width=3) (actual time=0.611..338.856 rows=6538 loops=1)
Gather  (cost=1000.00..105967.92 rows=11472 width=3) (actual time=0.691..348.245 rows=13307 loops=1)
Gather  (cost=1000.00..105967.92 rows=11472 width=3) (actual time=0.652..337.625 rows=4920 loops=1)
Seq Scan on area_v_con  (cost=0.00..152138.54 rows=489031 width=4) (actual time=0.463..1115.891 rows=473031 loops=1)
Gather  (cost=1000.00..105967.92 rows=11472 width=3) (actual time=0.645..339.562 rows=14875 loops=1)
Gather  (cost=1000.00..146147.62 rows=413269 width=4) (actual time=0.589..486.019 rows=424881 loops=1)
Seq Scan on area_v_con  (cost=0.00..152138.54 rows=1422256 width=4) (actual time=0.388..1171.877 rows=1419652 loops=1)
Seq Scan on area_v_con  (cost=0.00..152138.54 rows=490357 width=4) (actual time=0.385..1120.354 rows=495041 loops=1)
Seq Scan on area_v_con  (cost=0.00..152138.54 rows=923505 width=4) (actual time=0.366..1140.377 rows=926646 loops=1)
Gather  (cost=1000.00..147009.12 rows=421884 width=4) (actual time=0.592..494.084 rows=434439 loops=1)
Gather  (cost=1000.00..105967.92 rows=11472 width=3) (actual time=1.881..335.868 rows=1675 loops=1)
Gather  (cost=1000.00..105967.92 rows=11472 width=3) (actual time=0.825..346.015 rows=9962 loops=1)
Gather  (cost=1000.00..105967.92 rows=11472 width=3) (actual time=0.670..344.615 rows=23047 loops=1)
Gather  (cost=1000.00..146147.62 rows=413269 width=4) (actual time=0.593..477.404 rows=424881 loops=1)
Seq Scan on area_v_con  (cost=0.00..152138.54 rows=489031 width=4) (actual time=0.456..1122.815 rows=473031 loops=1)
Gather  (cost=1000.00..105967.92 rows=11472 width=3) (actual time=1.030..336.651 rows=6637 loops=1)
Gather  (cost=1000.00..149262.02 rows=444413 width=4) (actual time=0.569..479.193 rows=443206 loops=1)
Gather  (cost=1000.00..107206.22 rows=23855 width=3) (actual time=0.642..357.532 rows=23240 loops=1)
Gather  (cost=1000.00..105967.92 rows=11472 width=3) (actual time=0.730..337.723 rows=6637 loops=1)
Seq Scan on area_v_con  (cost=0.00..152138.54 rows=602344 width=4) (actual time=0.388..1128.890 rows=595837 loops=1)
Gather  (cost=1000.00..146147.62 rows=413269 width=4) (actual time=0.620..480.521 rows=424881 loops=1)
Seq Scan on area_v_con  (cost=0.00..152138.54 rows=923505 width=4) (actual time=0.401..1151.198 rows=926646 loops=1)
Gather  (cost=1000.00..105967.92 rows=11472 width=3) (actual time=0.574..350.747 rows=1652 loops=1)
Seq Scan on area_v_con  (cost=0.00..152138.54 rows=1422256 width=4) (actual time=0.377..1169.405 rows=1419652 loops=1)
Gather  (cost=1000.00..105967.92 rows=11472 width=3) (actual time=0.666..351.630 rows=6626 loops=1)
Seq Scan on area_v_con  (cost=0.00..152138.54 rows=477987 width=4) (actual time=0.445..1119.367 rows=470990 loops=1)
Gather  (cost=1000.00..105967.92 rows=11472 width=3) (actual time=0.847..343.503 rows=9962 loops=1)
Gather  (cost=1000.00..110894.92 rows=60742 width=3) (actual time=0.548..348.651 rows=59423 loops=1)
Seq Scan on area_v_con  (cost=0.00..152138.54 rows=1422256 width=4) (actual time=0.375..1173.052 rows=1419652 loops=1)
Gather  (cost=1000.00..107228.32 rows=24076 width=3) (actual time=0.709..348.309 rows=23047 loops=1)
Seq Scan on area_v_con  (cost=0.00..152138.54 rows=923505 width=4) (actual time=0.366..1144.622 rows=926646 loops=1)
Gather  (cost=1000.00..110453.22 rows=56325 width=3) (actual time=0.589..360.566 rows=59423 loops=1)
Seq Scan on area_v_con  (cost=0.00..152138.54 rows=477987 width=4) (actual time=0.476..1114.690 rows=470990 loops=1)
Seq Scan on area_v_con  (cost=0.00..152138.54 rows=1422256 width=4) (actual time=0.364..1163.458 rows=1419652 loops=1)
Gather  (cost=1000.00..105967.92 rows=11472 width=3) (actual time=0.615..340.837 rows=8243 loops=1)
Gather  (cost=1000.00..108332.72 rows=35120 width=3) (actual time=0.563..342.463 rows=31459 loops=1)
Gather  (cost=1000.00..105967.92 rows=11472 width=3) (actual time=0.564..339.202 rows=6613 loops=1)
Gather  (cost=1000.00..105967.92 rows=11472 width=3) (actual time=1.917..342.860 rows=1675 loops=1)
Gather  (cost=1000.00..110872.92 rows=60522 width=3) (actual time=0.563..357.707 rows=59423 loops=1)
Seq Scan on area_v_con  (cost=0.00..152138.54 rows=490357 width=4) (actual time=0.390..1122.520 rows=495041 loops=1)
Seq Scan on area_v_con  (cost=0.00..152138.54 rows=504714 width=4) (actual time=0.367..1122.682 rows=516862 loops=1)
Seq Scan on area_v_con  (cost=0.00..152138.54 rows=1422256 width=4) (actual time=0.369..1171.262 rows=1419652 loops=1)
Seq Scan on area_v_con  (cost=0.00..152138.54 rows=1422256 width=4) (actual time=0.369..1174.316 rows=1419652 loops=1)
Gather  (cost=1000.00..109216.22 rows=43955 width=3) (actual time=0.625..1461.031 rows=41350 loops=1)
Gather  (cost=1000.00..105967.92 rows=11472 width=3) (actual time=1.167..345.940 rows=4864 loops=1)
Gather  (cost=1000.00..107957.22 rows=31365 width=3) (actual time=0.648..344.701 rows=31459 loops=1)
Gather  (cost=1000.00..105967.92 rows=11472 width=3) (actual time=0.779..344.779 rows=9703 loops=1)
Seq Scan on area_v_con  (cost=0.00..152138.54 rows=602344 width=4) (actual time=0.389..1139.206 rows=595837 loops=1)
Seq Scan on area_v_con  (cost=0.00..152138.54 rows=1422256 width=4) (actual time=0.371..1170.180 rows=1419652 loops=1)
Seq Scan on area_v_con  (cost=0.00..152138.54 rows=923505 width=4) (actual time=0.364..1150.797 rows=926646 loops=1)
Gather  (cost=1000.00..105967.92 rows=11472 width=3) (actual time=0.595..350.814 rows=8243 loops=1)
Gather  (cost=1000.00..148489.02 rows=436683 width=4) (actual time=0.640..478.305 rows=425955 loops=1)
Gather  (cost=1000.00..109216.22 rows=43955 width=3) (actual time=0.557..349.139 rows=41350 loops=1)
Gather  (cost=1000.00..105967.92 rows=11472 width=3) (actual time=0.598..342.643 rows=23173 loops=1)
Gather  (cost=1000.00..105967.92 rows=11472 width=3) (actual time=0.677..337.284 rows=4958 loops=1)
Seq Scan on area_v_con  (cost=0.00..152138.54 rows=923505 width=4) (actual time=0.373..1141.467 rows=926646 loops=1)
Gather  (cost=1000.00..147009.12 rows=421884 width=4) (actual time=0.588..490.303 rows=434439 loops=1)
Seq Scan on area_v_con  (cost=0.00..152138.54 rows=923505 width=4) (actual time=0.384..1144.774 rows=926646 loops=1)
Seq Scan on area_v_con  (cost=0.00..152138.54 rows=489031 width=4) (actual time=0.453..1118.336 rows=473031 loops=1)
Seq Scan on area_v_con  (cost=0.00..152138.54 rows=1422256 width=4) (actual time=0.363..1169.350 rows=1419652 loops=1)
Gather  (cost=1000.00..105967.92 rows=11472 width=3) (actual time=0.699..343.497 rows=13307 loops=1)
Gather  (cost=1000.00..105967.92 rows=11472 width=3) (actual time=0.643..346.283 rows=13151 loops=1)
Gather  (cost=1000.00..105967.92 rows=11472 width=3) (actual time=0.601..343.332 rows=14709 loops=1)
Gather  (cost=1000.00..149262.02 rows=444413 width=4) (actual time=0.579..479.747 rows=443206 loops=1)
Gather  (cost=1000.00..105967.92 rows=11472 width=3) (actual time=0.708..342.397 rows=13300 loops=1)
Gather  (cost=1000.00..104820.82 rows=1 width=4) (actual time=415.234..420.285 rows=0 loops=1)
Gather  (cost=1000.00..147009.12 rows=421884 width=4) (actual time=1.037..486.288 rows=434439 loops=1)
Seq Scan on area_v_con  (cost=0.00..152138.54 rows=504714 width=4) (actual time=0.611..1120.417 rows=516862 loops=1)
Gather  (cost=1000.00..110696.12 rows=58754 width=3) (actual time=0.577..362.239 rows=59423 loops=1)
Gather  (cost=1000.00..105967.92 rows=11472 width=3) (actual time=0.980..340.759 rows=4864 loops=1)
Seq Scan on area_v_con  (cost=0.00..152138.54 rows=602344 width=4) (actual time=0.376..1123.355 rows=595837 loops=1)
Seq Scan on area_v_con  (cost=0.00..152138.54 rows=1422256 width=4) (actual time=0.031..1170.019 rows=1419652 loops=1)
Gather  (cost=1000.00..107537.52 rows=27168 width=3) (actual time=0.596..341.373 rows=23173 loops=1)
Gather  (cost=1000.00..110806.62 rows=59859 width=3) (actual time=0.553..356.830 rows=59423 loops=1)
Seq Scan on area_v_con  (cost=0.00..152138.54 rows=602344 width=4) (actual time=0.067..1125.542 rows=595837 loops=1)
Seq Scan on area_v_con  (cost=0.00..152138.54 rows=490357 width=4) (actual time=0.382..1115.819 rows=495041 loops=1)
Gather  (cost=1000.00..105967.92 rows=11472 width=3) (actual time=0.963..343.756 rows=1561 loops=1)
Gather  (cost=1000.00..148489.02 rows=436683 width=4) (actual time=0.650..489.096 rows=425955 loops=1)
Seq Scan on area_v_con  (cost=0.00..152138.54 rows=477987 width=4) (actual time=0.495..1125.913 rows=470990 loops=1)
Gather  (cost=1000.00..111182.12 rows=63614 width=3) (actual time=0.619..354.110 rows=59423 loops=1)
Gather  (cost=1000.00..105967.92 rows=11472 width=3) (actual time=0.571..341.111 rows=19619 loops=1)
Seq Scan on area_v_con  (cost=0.00..152138.54 rows=602344 width=4) (actual time=0.372..1130.924 rows=595837 loops=1)
Seq Scan on area_v_con  (cost=0.00..152138.54 rows=504714 width=4) (actual time=0.366..1130.314 rows=516862 loops=1)
Gather  (cost=1000.00..105967.92 rows=11472 width=3) (actual time=0.736..342.215 rows=18152 loops=1)
Gather  (cost=1000.00..107272.52 rows=24518 width=3) (actual time=0.669..346.644 rows=23047 loops=1)
Gather  (cost=1000.00..110718.22 rows=58975 width=3) (actual time=0.553..357.484 rows=59423 loops=1)
Gather  (cost=1000.00..146147.62 rows=413269 width=4) (actual time=0.601..487.765 rows=424881 loops=1)
Seq Scan on area_v_con  (cost=0.00..152138.54 rows=602344 width=4) (actual time=0.375..1132.973 rows=595837 loops=1)
Gather  (cost=1000.00..105967.92 rows=11472 width=3) (actual time=0.609..346.037 rows=14709 loops=1)
Gather  (cost=1000.00..109591.72 rows=47710 width=3) (actual time=0.570..346.432 rows=41350 loops=1)
Seq Scan on area_v_con  (cost=0.00..152138.54 rows=923505 width=4) (actual time=0.366..1143.497 rows=926646 loops=1)
Seq Scan on area_v_con  (cost=0.00..152138.54 rows=1422256 width=4) (actual time=0.363..1166.038 rows=1419652 loops=1)
Gather  (cost=1000.00..107206.22 rows=23855 width=3) (actual time=0.669..358.197 rows=23240 loops=1)
Gather  (cost=1000.00..149262.02 rows=444413 width=4) (actual time=0.572..490.918 rows=443206 loops=1)
Gather  (cost=1000.00..105967.92 rows=11472 width=3) (actual time=0.922..349.859 rows=13307 loops=1)
Gather  (cost=1000.00..107802.62 rows=29819 width=3) (actual time=0.574..359.795 rows=31459 loops=1)
Gather  (cost=1000.00..105967.92 rows=11472 width=3) (actual time=0.887..339.250 rows=1561 loops=1)
Seq Scan on area_v_con  (cost=0.00..152138.54 rows=1422256 width=4) (actual time=0.373..1197.375 rows=1419652 loops=1)
Gather  (cost=1000.00..146147.62 rows=413269 width=4) (actual time=0.759..494.605 rows=424881 loops=1)
Seq Scan on area_v_con  (cost=0.00..152138.54 rows=602344 width=4) (actual time=0.379..1282.070 rows=595837 loops=1)
Gather  (cost=1000.00..146147.62 rows=413269 width=4) (actual time=0.849..478.434 rows=424881 loops=1)
Seq Scan on area_v_con  (cost=0.00..152138.54 rows=490357 width=4) (actual time=0.389..1121.681 rows=495041 loops=1)
Gather  (cost=1000.00..148489.02 rows=436683 width=4) (actual time=0.674..477.587 rows=425955 loops=1)
Gather  (cost=1000.00..105967.92 rows=11472 width=3) (actual time=0.838..342.409 rows=9962 loops=1)
Gather  (cost=1000.00..105967.92 rows=11472 width=3) (actual time=0.974..343.036 rows=6518 loops=1)
Gather  (cost=1000.00..105967.92 rows=11472 width=3) (actual time=2.003..340.883 rows=1675 loops=1)
Gather  (cost=1000.00..105967.92 rows=11472 width=3) (actual time=0.681..342.390 rows=23047 loops=1)
Seq Scan on area_v_con  (cost=0.00..152138.54 rows=489031 width=4) (actual time=0.452..1121.382 rows=473031 loops=1)
Gather  (cost=1000.00..108730.32 rows=39096 width=3) (actual time=0.805..346.563 rows=41350 loops=1)
Gather  (cost=1000.00..110740.32 rows=59196 width=3) (actual time=0.557..351.486 rows=59423 loops=1)
Seq Scan on area_v_con  (cost=0.00..152138.54 rows=1422256 width=4) (actual time=0.379..1175.449 rows=1419652 loops=1)
Seq Scan on area_v_con  (cost=0.00..152138.54 rows=1422256 width=4) (actual time=0.421..1172.058 rows=1419652 loops=1)
Gather  (cost=1000.00..105967.92 rows=11472 width=3) (actual time=0.651..351.320 rows=4775 loops=1)
Seq Scan on area_v_con  (cost=0.00..152138.54 rows=1422256 width=4) (actual time=0.430..1175.186 rows=1419652 loops=1)
Gather  (cost=1000.00..105967.92 rows=11472 width=3) (actual time=0.810..344.034 rows=6538 loops=1)
Gather  (cost=1000.00..149262.02 rows=444413 width=4) (actual time=0.591..484.756 rows=443206 loops=1)
Seq Scan on area_v_con  (cost=0.00..152138.54 rows=490357 width=4) (actual time=0.376..1125.046 rows=495041 loops=1)
Gather  (cost=1000.00..105967.92 rows=11472 width=3) (actual time=0.638..342.023 rows=11597 loops=1)
Seq Scan on area_v_con  (cost=0.00..152138.54 rows=1422256 width=4) (actual time=0.364..1174.171 rows=1419652 loops=1)
Gather  (cost=1000.00..107272.52 rows=24518 width=3) (actual time=0.692..354.909 rows=23047 loops=1)
Gather  (cost=1000.00..105967.92 rows=11472 width=3) (actual time=0.575..344.488 rows=4942 loops=1)
Gather  (cost=1000.00..105967.92 rows=11472 width=3) (actual time=0.723..339.980 rows=13300 loops=1)
Gather  (cost=1000.00..108178.12 rows=33574 width=3) (actual time=0.573..356.132 rows=31459 loops=1)
Seq Scan on area_v_con  (cost=0.00..152138.54 rows=477987 width=4) (actual time=0.465..1124.399 rows=470990 loops=1)
Seq Scan on area_v_con  (cost=0.00..152138.54 rows=490357 width=4) (actual time=0.452..1124.966 rows=495041 loops=1)
Gather  (cost=1000.00..105967.92 rows=11472 width=3) (actual time=0.640..348.275 rows=23240 loops=1)
Seq Scan on area_v_con  (cost=0.00..152138.54 rows=477987 width=4) (actual time=0.443..1122.507 rows=470990 loops=1)
Gather  (cost=1000.00..149262.02 rows=444413 width=4) (actual time=0.584..505.366 rows=443206 loops=1)
Seq Scan on area_v_con  (cost=0.00..152138.54 rows=923505 width=4) (actual time=0.375..1147.634 rows=926646 loops=1)
Gather  (cost=1000.00..107891.02 rows=30703 width=3) (actual time=0.564..346.583 rows=31459 loops=1)
Gather  (cost=1000.00..105967.92 rows=11472 width=3) (actual time=0.724..341.176 rows=6527 loops=1)
Gather  (cost=1000.00..147009.12 rows=421884 width=4) (actual time=0.557..478.682 rows=434439 loops=1)
Gather  (cost=1000.00..105967.92 rows=11472 width=3) (actual time=0.669..343.824 rows=9703 loops=1)
Gather  (cost=1000.00..146147.62 rows=413269 width=4) (actual time=0.604..479.962 rows=424881 loops=1)
Gather  (cost=1000.00..105967.92 rows=11472 width=3) (actual time=0.700..337.742 rows=4920 loops=1)
Seq Scan on area_v_con  (cost=0.00..152138.54 rows=923505 width=4) (actual time=0.367..1147.365 rows=926646 loops=1)
Gather  (cost=1000.00..105967.92 rows=11472 width=3) (actual time=0.694..344.083 rows=14875 loops=1)
Seq Scan on area_v_con  (cost=0.00..152138.54 rows=1422256 width=4) (actual time=0.371..1169.930 rows=1419652 loops=1)
Gather  (cost=1000.00..107935.12 rows=31144 width=3) (actual time=0.590..356.151 rows=31459 loops=1)
Gather  (cost=1000.00..105967.92 rows=11472 width=3) (actual time=0.573..354.805 rows=19619 loops=1)
Gather  (cost=1000.00..105967.92 rows=11472 width=3) (actual time=0.626..355.769 rows=14875 loops=1)
Seq Scan on area_v_con  (cost=0.00..152138.54 rows=477987 width=4) (actual time=0.437..1127.313 rows=470990 loops=1)
Gather  (cost=1000.00..146147.62 rows=413269 width=4) (actual time=0.611..492.095 rows=424881 loops=1)
Gather  (cost=1000.00..105967.92 rows=11472 width=3) (actual time=0.592..337.040 rows=9970 loops=1)
Seq Scan on area_v_con  (cost=0.00..152138.54 rows=923505 width=4) (actual time=0.371..1145.030 rows=926646 loops=1)
Seq Scan on area_v_con  (cost=0.00..152138.54 rows=923505 width=4) (actual time=0.368..1145.074 rows=926646 loops=1)
Gather  (cost=1000.00..105967.92 rows=11472 width=3) (actual time=0.760..337.584 rows=6637 loops=1)
Seq Scan on area_v_con  (cost=0.00..152138.54 rows=477987 width=4) (actual time=0.444..1116.938 rows=470990 loops=1)
Gather  (cost=1000.00..105967.92 rows=11472 width=3) (actual time=0.775..346.374 rows=8192 loops=1)
Gather  (cost=1000.00..108730.32 rows=39096 width=3) (actual time=0.568..348.199 rows=41350 loops=1)
Seq Scan on area_v_con  (cost=0.00..152138.54 rows=504714 width=4) (actual time=0.368..1126.070 rows=516862 loops=1)
Gather  (cost=1000.00..107692.22 rows=28715 width=3) (actual time=0.576..343.179 rows=31459 loops=1)
Seq Scan on area_v_con  (cost=0.00..152138.54 rows=1422256 width=4) (actual time=0.440..1172.459 rows=1419652 loops=1)
Seq Scan on area_v_con  (cost=0.00..152138.54 rows=490357 width=4) (actual time=0.388..1118.507 rows=495041 loops=1)
Seq Scan on area_v_con  (cost=0.00..152138.54 rows=477987 width=4) (actual time=0.435..1120.950 rows=470990 loops=1)
Gather  (cost=1000.00..147009.12 rows=421884 width=4) (actual time=0.625..501.643 rows=434439 loops=1)
Seq Scan on area_v_con  (cost=0.00..152138.54 rows=1422256 width=4) (actual time=0.379..1168.442 rows=1419652 loops=1)
Gather  (cost=1000.00..110409.02 rows=55883 width=3) (actual time=0.587..355.178 rows=59423 loops=1)
Gather  (cost=1000.00..105967.92 rows=11472 width=3) (actual time=0.866..336.258 rows=1561 loops=1)
Gather  (cost=1000.00..146147.62 rows=413269 width=4) (actual time=0.605..484.775 rows=424881 loops=1)
Gather  (cost=1000.00..105967.92 rows=11472 width=3) (actual time=0.593..351.488 rows=19619 loops=1)
Gather  (cost=1000.00..105967.92 rows=11472 width=3) (actual time=0.688..345.317 rows=9703 loops=1)
Gather  (cost=1000.00..105967.92 rows=11472 width=3) (actual time=0.578..348.602 rows=19619 loops=1)
Gather  (cost=1000.00..107272.52 rows=24518 width=3) (actual time=0.716..364.060 rows=23047 loops=1)
Gather  (cost=1000.00..105967.92 rows=11472 width=3) (actual time=0.587..347.167 rows=19619 loops=1)
Gather  (cost=1000.00..110917.02 rows=60963 width=3) (actual time=0.544..350.454 rows=59423 loops=1)
Seq Scan on area_v_con  (cost=0.00..152138.54 rows=1422256 width=4) (actual time=0.375..1174.620 rows=1419652 loops=1)
Seq Scan on area_v_con  (cost=0.00..152138.54 rows=489031 width=4) (actual time=0.452..1120.528 rows=473031 loops=1)
Seq Scan on area_v_con  (cost=0.00..152138.54 rows=923505 width=4) (actual time=0.369..1149.242 rows=926646 loops=1)
Seq Scan on area_v_con  (cost=0.00..152138.54 rows=490357 width=4) (actual time=0.477..1116.406 rows=495041 loops=1)
Gather  (cost=1000.00..110431.12 rows=56104 width=3) (actual time=0.591..356.572 rows=59423 loops=1)
Gather  (cost=1000.00..105967.92 rows=11472 width=3) (actual time=0.615..338.848 rows=8192 loops=1)
Gather  (cost=1000.00..105967.92 rows=11472 width=3) (actual time=0.573..352.336 rows=23173 loops=1)
Gather  (cost=1000.00..105967.92 rows=11472 width=3) (actual time=0.855..338.405 rows=9962 loops=1)
Seq Scan on area_v_con  (cost=0.00..152138.54 rows=602344 width=4) (actual time=0.366..1125.068 rows=595837 loops=1)
Seq Scan on area_v_con  (cost=0.00..152138.54 rows=1422256 width=4) (actual time=0.367..1171.753 rows=1419652 loops=1)
Seq Scan on area_v_con  (cost=0.00..152138.54 rows=1422256 width=4) (actual time=0.435..1172.114 rows=1419652 loops=1)
Gather  (cost=1000.00..149262.02 rows=444413 width=4) (actual time=0.596..482.590 rows=443206 loops=1)
Gather  (cost=1000.00..105967.92 rows=11472 width=3) (actual time=0.658..350.278 rows=13151 loops=1)
Gather  (cost=1000.00..110718.22 rows=58975 width=3) (actual time=0.551..355.403 rows=59423 loops=1)
Gather  (cost=1000.00..105967.92 rows=11472 width=3) (actual time=0.720..339.887 rows=1681 loops=1)
Gather  (cost=1000.00..105967.92 rows=11472 width=3) (actual time=0.952..343.045 rows=6518 loops=1)
Gather  (cost=1000.00..148489.02 rows=436683 width=4) (actual time=0.628..499.988 rows=425955 loops=1)
Gather  (cost=1000.00..146147.62 rows=413269 width=4) (actual time=0.592..499.208 rows=424881 loops=1)
Seq Scan on area_v_con  (cost=0.00..152138.54 rows=1422256 width=4) (actual time=0.364..1175.564 rows=1419652 loops=1)
Seq Scan on area_v_con  (cost=0.00..152138.54 rows=1422256 width=4) (actual time=0.367..1169.999 rows=1419652 loops=1)
Seq Scan on area_v_con  (cost=0.00..152138.54 rows=1422256 width=4) (actual time=0.373..1165.876 rows=1419652 loops=1)
Seq Scan on area_v_con  (cost=0.00..152138.54 rows=489031 width=4) (actual time=0.545..1113.260 rows=473031 loops=1)
Gather  (cost=1000.00..105967.92 rows=11472 width=3) (actual time=0.673..336.368 rows=13151 loops=1)
Gather  (cost=1000.00..105967.92 rows=11472 width=3) (actual time=0.655..335.808 rows=4775 loops=1)
Gather  (cost=1000.00..107272.52 rows=24518 width=3) (actual time=0.635..346.357 rows=23240 loops=1)
Gather  (cost=1000.00..108951.22 rows=41305 width=3) (actual time=0.559..345.159 rows=41350 loops=1)
Gather  (cost=1000.00..110718.22 rows=58975 width=3) (actual time=0.550..353.960 rows=59423 loops=1)
Gather  (cost=1000.00..107272.52 rows=24518 width=3) (actual time=0.648..342.125 rows=23240 loops=1)
Seq Scan on area_v_con  (cost=0.00..152138.54 rows=489031 width=4) (actual time=0.460..1123.213 rows=473031 loops=1)
Gather  (cost=1000.00..147009.12 rows=421884 width=4) (actual time=0.633..483.578 rows=434439 loops=1)
Seq Scan on area_v_con  (cost=0.00..152138.54 rows=602344 width=4) (actual time=0.373..1125.430 rows=595837 loops=1)
Seq Scan on area_v_con  (cost=0.00..152138.54 rows=923505 width=4) (actual time=0.370..1149.224 rows=926646 loops=1)
Gather  (cost=1000.00..149262.02 rows=444413 width=4) (actual time=0.671..480.512 rows=443206 loops=1)
Seq Scan on area_v_con  (cost=0.00..152138.54 rows=1422256 width=4) (actual time=0.375..1167.164 rows=1419652 loops=1)
Seq Scan on area_v_con  (cost=0.00..152138.54 rows=489031 width=4) (actual time=0.448..1120.124 rows=473031 loops=1)
Gather  (cost=1000.00..107471.32 rows=26506 width=3) (actual time=0.660..345.647 rows=23240 loops=1)
Gather  (cost=1000.00..105967.92 rows=11472 width=3) (actual time=0.658..342.314 rows=23047 loops=1)
Gather  (cost=1000.00..108951.22 rows=41305 width=3) (actual time=0.564..345.218 rows=41350 loops=1)
Gather  (cost=1000.00..105967.92 rows=11472 width=3) (actual time=1.012..340.388 rows=4864 loops=1)
Gather  (cost=1000.00..105967.92 rows=11472 width=3) (actual time=0.670..341.383 rows=23047 loops=1)
Gather  (cost=1000.00..105967.92 rows=11472 width=3) (actual time=0.572..339.227 rows=4942 loops=1)
Gather  (cost=1000.00..105967.92 rows=11472 width=3) (actual time=0.607..343.106 rows=11597 loops=1)
Gather  (cost=1000.00..146147.62 rows=413269 width=4) (actual time=0.594..484.482 rows=424881 loops=1)
Gather  (cost=1000.00..149262.02 rows=444413 width=4) (actual time=0.573..480.391 rows=443206 loops=1)
Seq Scan on area_v_con  (cost=0.00..152138.54 rows=1422256 width=4) (actual time=0.374..1166.746 rows=1419652 loops=1)
Seq Scan on area_v_con  (cost=0.00..152138.54 rows=602344 width=4) (actual time=0.365..1120.684 rows=595837 loops=1)
Gather  (cost=1000.00..148489.02 rows=436683 width=4) (actual time=0.748..476.391 rows=425955 loops=1)
Gather  (cost=1000.00..105967.92 rows=11472 width=3) (actual time=0.588..345.748 rows=19619 loops=1)
Gather  (cost=1000.00..110939.12 rows=61184 width=3) (actual time=0.625..349.506 rows=59423 loops=1)
Gather  (cost=1000.00..108973.32 rows=41526 width=3) (actual time=0.581..358.299 rows=41350 loops=1)
Gather  (cost=1000.00..105967.92 rows=11472 width=3) (actual time=0.625..341.348 rows=18152 loops=1)
Gather  (cost=1000.00..105967.92 rows=11472 width=3) (actual time=0.794..337.791 rows=6527 loops=1)
Seq Scan on area_v_con  (cost=0.00..152138.54 rows=504714 width=4) (actual time=0.455..1120.725 rows=516862 loops=1)
Seq Scan on area_v_con  (cost=0.00..152138.54 rows=602344 width=4) (actual time=0.366..1123.339 rows=595837 loops=1)
Seq Scan on area_v_con  (cost=0.00..152138.54 rows=923505 width=4) (actual time=0.370..1147.359 rows=926646 loops=1)
Gather  (cost=1000.00..147009.12 rows=421884 width=4) (actual time=0.578..479.192 rows=434439 loops=1)
Seq Scan on area_v_con  (cost=0.00..152138.54 rows=489031 width=4) (actual time=0.456..1125.485 rows=473031 loops=1)
Gather  (cost=1000.00..105967.92 rows=11472 width=3) (actual time=0.640..344.013 rows=19619 loops=1)
Gather  (cost=1000.00..105967.92 rows=11472 width=3) (actual time=0.652..340.470 rows=6626 loops=1)
Gather  (cost=1000.00..108332.72 rows=35120 width=3) (actual time=0.574..353.410 rows=41350 loops=1)
Gather  (cost=1000.00..109105.82 rows=42851 width=3) (actual time=0.574..346.734 rows=41350 loops=1)
Gather  (cost=1000.00..105967.92 rows=11472 width=3) (actual time=0.608..338.106 rows=8192 loops=1)
Seq Scan on area_v_con  (cost=0.00..152138.54 rows=489031 width=4) (actual time=0.461..1118.046 rows=473031 loops=1)
Seq Scan on area_v_con  (cost=0.00..152138.54 rows=490357 width=4) (actual time=0.382..1115.986 rows=495041 loops=1)
Seq Scan on area_v_con  (cost=0.00..152138.54 rows=602344 width=4) (actual time=0.368..1131.458 rows=595837 loops=1)
Seq Scan on area_v_con  (cost=0.00..152138.54 rows=477987 width=4) (actual time=0.541..1119.595 rows=470990 loops=1)
Seq Scan on area_v_con  (cost=0.00..152138.54 rows=923505 width=4) (actual time=0.359..1141.628 rows=926646 loops=1)
Seq Scan on area_v_con  (cost=0.00..152138.54 rows=602344 width=4) (actual time=0.059..1125.247 rows=595837 loops=1)
Seq Scan on area_v_con  (cost=0.00..152138.54 rows=923505 width=4) (actual time=0.029..1143.616 rows=926646 loops=1)
Seq Scan on area_v_con  (cost=0.00..152138.54 rows=1422256 width=4) (actual time=0.365..1172.252 rows=1419652 loops=1)
Seq Scan on area_v_con  (cost=0.00..152138.54 rows=1422256 width=4) (actual time=0.375..1164.955 rows=1419652 loops=1)
Gather  (cost=1000.00..105967.92 rows=11472 width=3) (actual time=0.647..343.195 rows=6613 loops=1)
Gather  (cost=1000.00..105967.92 rows=11472 width=3) (actual time=0.639..341.417 rows=4920 loops=1)
Gather  (cost=1000.00..105967.92 rows=11472 width=3) (actual time=0.665..340.071 rows=18152 loops=1)
Gather  (cost=1000.00..110917.02 rows=60963 width=3) (actual time=0.553..350.312 rows=59423 loops=1)
Gather  (cost=1000.00..108156.02 rows=33353 width=3) (actual time=0.562..345.436 rows=31459 loops=1)
Gather  (cost=1000.00..105967.92 rows=11472 width=3) (actual time=0.673..352.088 rows=13307 loops=1)
Gather  (cost=1000.00..105967.92 rows=11472 width=3) (actual time=0.561..345.283 rows=14699 loops=1)
Gather  (cost=1000.00..149262.02 rows=444413 width=4) (actual time=0.578..489.650 rows=443206 loops=1)
Gather  (cost=1000.00..109282.52 rows=44618 width=3) (actual time=0.592..345.152 rows=41350 loops=1)
Gather  (cost=1000.00..105967.92 rows=11472 width=3) (actual time=0.687..337.842 rows=6527 loops=1)
Gather  (cost=1000.00..110519.42 rows=56987 width=3) (actual time=0.736..354.622 rows=59423 loops=1)
Seq Scan on area_v_con  (cost=0.00..152138.54 rows=489031 width=4) (actual time=0.464..1116.190 rows=473031 loops=1)
Seq Scan on area_v_con  (cost=0.00..152138.54 rows=602344 width=4) (actual time=0.364..1120.918 rows=595837 loops=1)
Seq Scan on area_v_con  (cost=0.00..152138.54 rows=1422256 width=4) (actual time=0.362..1163.157 rows=1419652 loops=1)
Seq Scan on area_v_con  (cost=0.00..152138.54 rows=490357 width=4) (actual time=0.383..1114.495 rows=495041 loops=1)
Seq Scan on area_v_con  (cost=0.00..152138.54 rows=923505 width=4) (actual time=0.444..1137.502 rows=926646 loops=1)
Gather  (cost=1000.00..105967.92 rows=11472 width=3) (actual time=0.918..347.059 rows=9962 loops=1)
Seq Scan on area_v_con  (cost=0.00..152138.54 rows=1422256 width=4) (actual time=0.374..1168.093 rows=1419652 loops=1)
Gather  (cost=1000.00..105967.92 rows=11472 width=3) (actual time=1.100..339.838 rows=3312 loops=1)
Gather  (cost=1000.00..105967.92 rows=11472 width=3) (actual time=0.619..339.135 rows=8192 loops=1)
Seq Scan on area_v_con  (cost=0.00..152138.54 rows=504714 width=4) (actual time=0.469..1124.197 rows=516862 loops=1)
Seq Scan on area_v_con  (cost=0.00..152138.54 rows=489031 width=4) (actual time=0.522..1114.448 rows=473031 loops=1)
Gather  (cost=1000.00..107824.72 rows=30040 width=3) (actual time=0.825..342.575 rows=31459 loops=1)
Gather  (cost=1000.00..105967.92 rows=11472 width=3) (actual time=0.606..338.535 rows=9970 loops=1)
Gather  (cost=1000.00..105967.92 rows=11472 width=3) (actual time=0.578..350.423 rows=14709 loops=1)
Gather  (cost=1000.00..104820.82 rows=1 width=4) (actual time=421.225..426.145 rows=0 loops=1)
Gather  (cost=1000.00..105967.92 rows=11472 width=3) (actual time=0.607..338.523 rows=8243 loops=1)
Seq Scan on area_v_con  (cost=0.00..152138.54 rows=477987 width=4) (actual time=0.530..1123.520 rows=470990 loops=1)
Gather  (cost=1000.00..107272.52 rows=24518 width=3) (actual time=0.716..352.940 rows=23047 loops=1)
Gather  (cost=1000.00..148489.02 rows=436683 width=4) (actual time=0.634..480.027 rows=425955 loops=1)
Gather  (cost=1000.00..105967.92 rows=11472 width=3) (actual time=0.843..348.303 rows=9962 loops=1)
Gather  (cost=1000.00..149262.02 rows=444413 width=4) (actual time=0.592..487.346 rows=443206 loops=1)
Seq Scan on area_v_con  (cost=0.00..152138.54 rows=602344 width=4) (actual time=0.416..1126.367 rows=595837 loops=1)
Gather  (cost=1000.00..147009.12 rows=421884 width=4) (actual time=0.581..489.278 rows=434439 loops=1)
Seq Scan on area_v_con  (cost=0.00..152138.54 rows=1422256 width=4) (actual time=0.471..1171.880 rows=1419652 loops=1)
Gather  (cost=1000.00..147009.12 rows=421884 width=4) (actual time=0.597..485.208 rows=434439 loops=1)
Gather  (cost=1000.00..105967.92 rows=11472 width=3) (actual time=0.694..347.964 rows=6527 loops=1)
Gather  (cost=1000.00..105967.92 rows=11472 width=3) (actual time=0.568..345.960 rows=23173 loops=1)
Gather  (cost=1000.00..105967.92 rows=11472 width=3) (actual time=0.679..347.458 rows=13307 loops=1)
Seq Scan on area_v_con  (cost=0.00..152138.54 rows=489031 width=4) (actual time=0.459..1115.385 rows=473031 loops=1)
Gather  (cost=1000.00..105967.92 rows=11472 width=3) (actual time=0.650..338.892 rows=4920 loops=1)
Gather  (cost=1000.00..105967.92 rows=11472 width=3) (actual time=0.682..341.645 rows=23047 loops=1)
Gather  (cost=1000.00..149262.02 rows=444413 width=4) (actual time=0.581..489.419 rows=443206 loops=1)
Seq Scan on area_v_con  (cost=0.00..152138.54 rows=477987 width=4) (actual time=0.443..1118.456 rows=470990 loops=1)
Gather  (cost=1000.00..105967.92 rows=11472 width=3) (actual time=1.048..348.259 rows=4864 loops=1)
Gather  (cost=1000.00..105967.92 rows=11472 width=3) (actual time=0.602..355.982 rows=9970 loops=1)
Gather  (cost=1000.00..109083.72 rows=42630 width=3) (actual time=0.591..345.946 rows=41350 loops=1)
Seq Scan on area_v_con  (cost=0.00..152138.54 rows=923505 width=4) (actual time=0.367..1144.466 rows=926646 loops=1)
Seq Scan on area_v_con  (cost=0.00..152138.54 rows=1422256 width=4) (actual time=0.363..1167.412 rows=1419652 loops=1)
Gather  (cost=1000.00..105967.92 rows=11472 width=3) (actual time=0.713..342.909 rows=23173 loops=1)
Seq Scan on area_v_con  (cost=0.00..152138.54 rows=504714 width=4) (actual time=0.366..1119.988 rows=516862 loops=1)
Seq Scan on area_v_con  (cost=0.00..152138.54 rows=923505 width=4) (actual time=0.358..1144.298 rows=926646 loops=1)
Seq Scan on area_v_con  (cost=0.00..152138.54 rows=489031 width=4) (actual time=0.451..1117.437 rows=473031 loops=1)
Gather  (cost=1000.00..105967.92 rows=11472 width=3) (actual time=0.571..342.500 rows=8059 loops=1)
Gather  (cost=1000.00..149262.02 rows=444413 width=4) (actual time=0.572..491.353 rows=443206 loops=1)
Gather  (cost=1000.00..105967.92 rows=11472 width=3) (actual time=0.658..350.285 rows=6538 loops=1)
Gather  (cost=1000.00..109216.22 rows=43955 width=3) (actual time=0.581..345.881 rows=41350 loops=1)
Gather  (cost=1000.00..105967.92 rows=11472 width=3) (actual time=0.619..343.355 rows=14875 loops=1)
Gather  (cost=1000.00..105967.92 rows=11472 width=3) (actual time=0.597..340.322 rows=11597 loops=1)
Gather  (cost=1000.00..149262.02 rows=444413 width=4) (actual time=0.567..495.279 rows=443206 loops=1)
Seq Scan on area_v_con  (cost=0.00..152138.54 rows=923505 width=4) (actual time=0.379..1143.174 rows=926646 loops=1)
Seq Scan on area_v_con  (cost=0.00..152138.54 rows=489031 width=4) (actual time=0.456..1119.572 rows=473031 loops=1)
Gather  (cost=1000.00..105967.92 rows=11472 width=3) (actual time=1.432..345.306 rows=4951 loops=1)
Seq Scan on area_v_con  (cost=0.00..152138.54 rows=923505 width=4) (actual time=0.372..1143.075 rows=926646 loops=1)
Gather  (cost=1000.00..105967.92 rows=11472 width=3) (actual time=0.762..338.575 rows=9703 loops=1)
Gather  (cost=1000.00..109216.22 rows=43955 width=3) (actual time=0.579..345.683 rows=41350 loops=1)
Gather  (cost=1000.00..105967.92 rows=11472 width=3) (actual time=0.685..345.298 rows=23047 loops=1)
Gather  (cost=1000.00..146147.62 rows=413269 width=4) (actual time=0.598..483.356 rows=424881 loops=1)
Gather  (cost=1000.00..105967.92 rows=11472 width=3) (actual time=0.972..365.769 rows=6518 loops=1)
Seq Scan on area_v_con  (cost=0.00..152138.54 rows=1422256 width=4) (actual time=0.372..1171.674 rows=1419652 loops=1)
Seq Scan on area_v_con  (cost=0.00..152138.54 rows=504714 width=4) (actual time=0.361..1122.456 rows=516862 loops=1)
Seq Scan on area_v_con  (cost=0.00..152138.54 rows=489031 width=4) (actual time=0.454..1120.286 rows=473031 loops=1)
Gather  (cost=1000.00..146147.62 rows=413269 width=4) (actual time=0.615..490.137 rows=424881 loops=1)
Gather  (cost=1000.00..108995.42 rows=41747 width=3) (actual time=0.574..350.981 rows=41350 loops=1)
Gather  (cost=1000.00..105967.92 rows=11472 width=3) (actual time=0.617..340.555 rows=1647 loops=1)
Gather  (cost=1000.00..105967.92 rows=11472 width=3) (actual time=0.572..344.514 rows=19619 loops=1)
Gather  (cost=1000.00..107891.02 rows=30703 width=3) (actual time=0.559..353.666 rows=31459 loops=1)
Gather  (cost=1000.00..105967.92 rows=11472 width=3) (actual time=0.689..344.588 rows=9703 loops=1)
Seq Scan on area_v_con  (cost=0.00..152138.54 rows=923505 width=4) (actual time=0.375..1141.237 rows=926646 loops=1)
Gather  (cost=1000.00..105967.92 rows=11472 width=3) (actual time=0.933..352.933 rows=9962 loops=1)
Seq Scan on area_v_con  (cost=0.00..152138.54 rows=602344 width=4) (actual time=0.377..1130.510 rows=595837 loops=1)
Seq Scan on area_v_con  (cost=0.00..152138.54 rows=923505 width=4) (actual time=0.362..1145.989 rows=926646 loops=1)
Gather  (cost=1000.00..105967.92 rows=11472 width=3) (actual time=0.995..336.455 rows=3312 loops=1)
Seq Scan on area_v_con  (cost=0.00..152138.54 rows=489031 width=4) (actual time=0.564..1122.370 rows=473031 loops=1)
Seq Scan on area_v_con  (cost=0.00..152138.54 rows=923505 width=4) (actual time=0.366..1142.907 rows=926646 loops=1)
Gather  (cost=1000.00..149262.02 rows=444413 width=4) (actual time=0.601..486.243 rows=443206 loops=1)
Gather  (cost=1000.00..105967.92 rows=11472 width=3) (actual time=0.569..345.715 rows=19619 loops=1)
Seq Scan on area_v_con  (cost=0.00..152138.54 rows=1422256 width=4) (actual time=0.376..1185.684 rows=1419652 loops=1)
Seq Scan on area_v_con  (cost=0.00..152138.54 rows=489031 width=4) (actual time=0.454..1188.012 rows=473031 loops=1)
Gather  (cost=1000.00..147009.12 rows=421884 width=4) (actual time=0.577..495.378 rows=434439 loops=1)
Seq Scan on area_v_con  (cost=0.00..152138.54 rows=489031 width=4) (actual time=0.458..1130.232 rows=473031 loops=1)
Gather  (cost=1000.00..107537.52 rows=27168 width=3) (actual time=0.600..348.125 rows=23173 loops=1)
Gather  (cost=1000.00..105967.92 rows=11472 width=3) (actual time=0.573..347.788 rows=19619 loops=1)
Gather  (cost=1000.00..110607.82 rows=57871 width=3) (actual time=0.558..353.672 rows=59423 loops=1)
Gather  (cost=1000.00..107692.22 rows=28715 width=3) (actual time=0.583..357.168 rows=31459 loops=1)
Gather  (cost=1000.00..105967.92 rows=11472 width=3) (actual time=0.663..341.469 rows=8242 loops=1)
Gather  (cost=1000.00..149262.02 rows=444413 width=4) (actual time=0.570..491.023 rows=443206 loops=1)
Gather  (cost=1000.00..105967.92 rows=11472 width=3) (actual time=0.668..348.735 rows=3444 loops=1)
Gather  (cost=1000.00..146147.62 rows=413269 width=4) (actual time=0.606..483.728 rows=424881 loops=1)
Gather  (cost=1000.00..105967.92 rows=11472 width=3) (actual time=0.555..344.855 rows=23173 loops=1)
Gather  (cost=1000.00..107206.22 rows=23855 width=3) (actual time=0.651..346.015 rows=23240 loops=1)
Seq Scan on area_v_con  (cost=0.00..152138.54 rows=504714 width=4) (actual time=0.366..1131.944 rows=516862 loops=1)
Gather  (cost=1000.00..110519.42 rows=56987 width=3) (actual time=0.593..350.722 rows=59423 loops=1)
Seq Scan on area_v_con  (cost=0.00..152138.54 rows=923505 width=4) (actual time=0.369..1155.663 rows=926646 loops=1)
Seq Scan on area_v_con  (cost=0.00..152138.54 rows=1422256 width=4) (actual time=0.367..1203.360 rows=1419652 loops=1)
Seq Scan on area_v_con  (cost=0.00..152138.54 rows=923505 width=4) (actual time=0.365..1171.267 rows=926646 loops=1)
Gather  (cost=1000.00..109260.42 rows=44397 width=3) (actual time=0.663..351.645 rows=41350 loops=1)
Gather  (cost=1000.00..105967.92 rows=11472 width=3) (actual time=0.842..349.668 rows=13151 loops=1)
Seq Scan on area_v_con  (cost=0.00..152138.54 rows=490357 width=4) (actual time=0.389..1147.582 rows=495041 loops=1)
Gather  (cost=1000.00..105967.92 rows=11472 width=3) (actual time=0.648..347.221 rows=18152 loops=1)
Gather  (cost=1000.00..105967.92 rows=11472 width=3) (actual time=1.296..350.773 rows=4951 loops=1)
Seq Scan on area_v_con  (cost=0.00..152138.54 rows=602344 width=4) (actual time=0.430..1160.055 rows=595837 loops=1)
Seq Scan on area_v_con  (cost=0.00..152138.54 rows=489031 width=4) (actual time=0.464..1136.480 rows=473031 loops=1)
Gather  (cost=1000.00..105967.92 rows=11472 width=3) (actual time=0.838..343.196 rows=9962 loops=1)
Gather  (cost=1000.00..111248.32 rows=64276 width=3) (actual time=0.548..361.785 rows=59423 loops=1)
Gather  (cost=1000.00..146147.62 rows=413269 width=4) (actual time=0.745..481.472 rows=424881 loops=1)
Gather  (cost=1000.00..147009.12 rows=421884 width=4) (actual time=0.580..492.153 rows=434439 loops=1)
Seq Scan on area_v_con  (cost=0.00..152138.54 rows=923505 width=4) (actual time=0.386..1150.331 rows=926646 loops=1)
Gather  (cost=1000.00..105967.92 rows=11472 width=3) (actual time=0.701..340.715 rows=8242 loops=1)
Seq Scan on area_v_con  (cost=0.00..152138.54 rows=923505 width=4) (actual time=0.373..1153.754 rows=926646 loops=1)
Seq Scan on area_v_con  (cost=0.00..152138.54 rows=1422256 width=4) (actual time=0.367..1174.690 rows=1419652 loops=1)
Seq Scan on area_v_con  (cost=0.00..152138.54 rows=504714 width=4) (actual time=0.351..1126.671 rows=516862 loops=1)
Seq Scan on area_v_con  (cost=0.00..152138.54 rows=489031 width=4) (actual time=0.443..1122.338 rows=473031 loops=1)
Seq Scan on area_v_con  (cost=0.00..152138.54 rows=477987 width=4) (actual time=0.435..1124.761 rows=470990 loops=1)
Gather  (cost=1000.00..105967.92 rows=11472 width=3) (actual time=0.418..340.811 rows=19619 loops=1)
Gather  (cost=1000.00..110939.12 rows=61184 width=3) (actual time=0.553..349.620 rows=59423 loops=1)
Gather  (cost=1000.00..110961.22 rows=61405 width=3) (actual time=0.563..349.843 rows=59423 loops=1)
Gather  (cost=1000.00..105967.92 rows=11472 width=3) (actual time=1.014..343.365 rows=4864 loops=1)
Gather  (cost=1000.00..105967.92 rows=11472 width=3) (actual time=0.826..339.628 rows=9962 loops=1)
Gather  (cost=1000.00..105967.92 rows=11472 width=3) (actual time=0.983..337.946 rows=3312 loops=1)
Gather  (cost=1000.00..146147.62 rows=413269 width=4) (actual time=0.599..480.625 rows=424881 loops=1)
Gather  (cost=1000.00..105967.92 rows=11472 width=3) (actual time=0.855..340.662 rows=9962 loops=1)
Gather  (cost=1000.00..149262.02 rows=444413 width=4) (actual time=0.666..487.709 rows=443206 loops=1)
Gather  (cost=1000.00..104820.82 rows=1 width=4) (actual time=413.827..418.641 rows=0 loops=1)
Gather  (cost=1000.00..105967.92 rows=11472 width=3) (actual time=2.389..339.079 rows=1661 loops=1)
Gather  (cost=1000.00..110696.12 rows=58754 width=3) (actual time=0.624..354.992 rows=59423 loops=1)
Seq Scan on area_v_con  (cost=0.00..152138.54 rows=1422256 width=4) (actual time=0.378..1186.586 rows=1419652 loops=1)
Gather  (cost=1000.00..105967.92 rows=11472 width=3) (actual time=0.626..348.539 rows=1647 loops=1)
Seq Scan on area_v_con  (cost=0.00..152138.54 rows=1422256 width=4) (actual time=0.374..1185.197 rows=1419652 loops=1)
Seq Scan on area_v_con  (cost=0.00..152138.54 rows=602344 width=4) (actual time=0.373..1140.403 rows=595837 loops=1)
Gather  (cost=1000.00..107360.82 rows=25401 width=3) (actual time=0.581..345.922 rows=19619 loops=1)
Seq Scan on area_v_con  (cost=0.00..152138.54 rows=602344 width=4) (actual time=0.382..1139.925 rows=595837 loops=1)
Seq Scan on area_v_con  (cost=0.00..152138.54 rows=489031 width=4) (actual time=0.459..1132.128 rows=473031 loops=1)
Gather  (cost=1000.00..110674.12 rows=58534 width=3) (actual time=0.578..353.986 rows=59423 loops=1)
Gather  (cost=1000.00..149262.02 rows=444413 width=4) (actual time=0.570..480.964 rows=443206 loops=1)
Gather  (cost=1000.00..107935.12 rows=31144 width=3) (actual time=0.551..343.061 rows=31459 loops=1)
Gather  (cost=1000.00..105967.92 rows=11472 width=3) (actual time=0.617..339.380 rows=1656 loops=1)
Seq Scan on area_v_con  (cost=0.00..152138.54 rows=602344 width=4) (actual time=0.361..1126.647 rows=595837 loops=1)
Gather  (cost=1000.00..107625.92 rows=28052 width=3) (actual time=0.657..351.430 rows=31459 loops=1)
Gather  (cost=1000.00..105967.92 rows=11472 width=3) (actual time=0.830..340.167 rows=14699 loops=1)
Gather  (cost=1000.00..105967.92 rows=11472 width=3) (actual time=0.539..340.490 rows=23173 loops=1)
Gather  (cost=1000.00..147009.12 rows=421884 width=4) (actual time=0.552..491.892 rows=434439 loops=1)
Gather  (cost=1000.00..105967.92 rows=11472 width=3) (actual time=0.569..338.360 rows=8059 loops=1)
Seq Scan on area_v_con  (cost=0.00..152138.54 rows=489031 width=4) (actual time=0.461..1118.876 rows=473031 loops=1)
Seq Scan on area_v_con  (cost=0.00..152138.54 rows=1422256 width=4) (actual time=0.369..1184.625 rows=1419652 loops=1)
Seq Scan on area_v_con  (cost=0.00..152138.54 rows=923505 width=4) (actual time=0.372..1159.309 rows=926646 loops=1)
Gather  (cost=1000.00..105967.92 rows=11472 width=3) (actual time=0.572..343.472 rows=14699 loops=1)
Seq Scan on area_v_con  (cost=0.00..152138.54 rows=923505 width=4) (actual time=0.401..1156.658 rows=926646 loops=1)
Seq Scan on area_v_con  (cost=0.00..152138.54 rows=1422256 width=4) (actual time=0.364..1183.252 rows=1419652 loops=1)
Gather  (cost=1000.00..110585.72 rows=57650 width=3) (actual time=0.552..353.903 rows=59423 loops=1)
Gather  (cost=1000.00..105967.92 rows=11472 width=3) (actual time=0.634..345.901 rows=1647 loops=1)
Gather  (cost=1000.00..148489.02 rows=436683 width=4) (actual time=0.642..486.020 rows=425955 loops=1)
Gather  (cost=1000.00..105967.92 rows=11472 width=3) (actual time=0.702..341.639 rows=9970 loops=1)
Gather  (cost=1000.00..105967.92 rows=11472 width=3) (actual time=0.661..344.553 rows=13151 loops=1)
Seq Scan on area_v_con  (cost=0.00..152138.54 rows=923505 width=4) (actual time=0.371..1152.416 rows=926646 loops=1)
Gather  (cost=1000.00..105967.92 rows=11472 width=3) (actual time=0.696..351.689 rows=6626 loops=1)
Gather  (cost=1000.00..110762.42 rows=59417 width=3) (actual time=0.559..354.738 rows=59423 loops=1)
Seq Scan on area_v_con  (cost=0.00..152138.54 rows=504714 width=4) (actual time=0.365..1127.498 rows=516862 loops=1)
Gather  (cost=1000.00..148489.02 rows=436683 width=4) (actual time=0.817..479.213 rows=425955 loops=1)
Gather  (cost=1000.00..149262.02 rows=444413 width=4) (actual time=0.648..483.068 rows=443206 loops=1)
Gather  (cost=1000.00..149262.02 rows=444413 width=4) (actual time=0.652..493.770 rows=443206 loops=1)
Gather  (cost=1000.00..105967.92 rows=11472 width=3) (actual time=0.699..340.307 rows=13300 loops=1)
Seq Scan on area_v_con  (cost=0.00..152138.54 rows=490357 width=4) (actual time=0.371..1128.918 rows=495041 loops=1)
Seq Scan on area_v_con  (cost=0.00..152138.54 rows=602344 width=4) (actual time=0.365..1138.192 rows=595837 loops=1)
Gather  (cost=1000.00..108597.82 rows=37771 width=3) (actual time=0.679..346.279 rows=41350 loops=1)
Gather  (cost=1000.00..109105.82 rows=42851 width=3) (actual time=0.577..346.916 rows=41350 loops=1)
Seq Scan on area_v_con  (cost=0.00..152138.54 rows=490357 width=4) (actual time=0.418..1139.373 rows=495041 loops=1)
Gather  (cost=1000.00..105967.92 rows=11472 width=3) (actual time=0.602..339.655 rows=9970 loops=1)
Gather  (cost=1000.00..105967.92 rows=11472 width=3) (actual time=0.554..338.488 rows=4942 loops=1)
Gather  (cost=1000.00..105967.92 rows=11472 width=3) (actual time=0.938..342.090 rows=9962 loops=1)
Seq Scan on area_v_con  (cost=0.00..152138.54 rows=602344 width=4) (actual time=0.378..1140.851 rows=595837 loops=1)
Seq Scan on area_v_con  (cost=0.00..152138.54 rows=1422256 width=4) (actual time=0.366..1201.201 rows=1419652 loops=1)
Gather  (cost=1000.00..147009.12 rows=421884 width=4) (actual time=0.623..495.929 rows=434439 loops=1)
Gather  (cost=1000.00..105967.92 rows=11472 width=3) (actual time=2.189..339.871 rows=1661 loops=1)
Gather  (cost=1000.00..105967.92 rows=11472 width=3) (actual time=0.556..351.084 rows=14699 loops=1)
Gather  (cost=1000.00..105967.92 rows=11472 width=3) (actual time=0.574..344.831 rows=8243 loops=1)
Seq Scan on area_v_con  (cost=0.00..152138.54 rows=489031 width=4) (actual time=0.468..1154.326 rows=473031 loops=1)
Seq Scan on area_v_con  (cost=0.00..152138.54 rows=504714 width=4) (actual time=0.364..1160.624 rows=516862 loops=1)
Gather  (cost=1000.00..148489.02 rows=436683 width=4) (actual time=0.791..497.597 rows=425955 loops=1)
Seq Scan on area_v_con  (cost=0.00..152138.54 rows=489031 width=4) (actual time=0.472..1144.694 rows=473031 loops=1)
Gather  (cost=1000.00..110917.02 rows=60963 width=3) (actual time=0.668..353.963 rows=59423 loops=1)
Gather  (cost=1000.00..107471.32 rows=26506 width=3) (actual time=0.651..356.053 rows=23240 loops=1)
Seq Scan on area_v_con  (cost=0.00..152138.54 rows=1422256 width=4) (actual time=0.467..1195.833 rows=1419652 loops=1)
Gather  (cost=1000.00..105967.92 rows=11472 width=3) (actual time=0.594..355.270 rows=23173 loops=1)
Seq Scan on area_v_con  (cost=0.00..152138.54 rows=477987 width=4) (actual time=0.452..1154.311 rows=470990 loops=1)
Gather  (cost=1000.00..147009.12 rows=421884 width=4) (actual time=0.687..494.697 rows=434439 loops=1)
Gather  (cost=1000.00..105967.92 rows=11472 width=3) (actual time=0.633..355.956 rows=18152 loops=1)
Gather  (cost=1000.00..107692.22 rows=28715 width=3) (actual time=0.583..351.914 rows=31459 loops=1)
Seq Scan on area_v_con  (cost=0.00..152138.54 rows=923505 width=4) (actual time=0.571..1186.472 rows=926646 loops=1)
Gather  (cost=1000.00..105967.92 rows=11472 width=3) (actual time=0.746..349.108 rows=13300 loops=1)
Gather  (cost=1000.00..148489.02 rows=436683 width=4) (actual time=0.621..487.340 rows=425955 loops=1)
Gather  (cost=1000.00..107736.32 rows=29156 width=3) (actual time=0.581..352.174 rows=31459 loops=1)
Seq Scan on area_v_con  (cost=0.00..152138.54 rows=1422256 width=4) (actual time=0.381..1204.038 rows=1419652 loops=1)
Seq Scan on area_v_con  (cost=0.00..152138.54 rows=923505 width=4) (actual time=0.434..1169.939 rows=926646 loops=1)
Gather  (cost=1000.00..105967.92 rows=11472 width=3) (actual time=0.616..355.530 rows=23173 loops=1)
Seq Scan on area_v_con  (cost=0.00..152138.54 rows=602344 width=4) (actual time=0.376..1151.448 rows=595837 loops=1)
Gather  (cost=1000.00..107537.52 rows=27168 width=3) (actual time=0.673..348.920 rows=23240 loops=1)
Seq Scan on area_v_con  (cost=0.00..152138.54 rows=477987 width=4) (actual time=0.448..1122.475 rows=470990 loops=1)
Gather  (cost=1000.00..109282.52 rows=44618 width=3) (actual time=0.615..351.587 rows=41350 loops=1)
Gather  (cost=1000.00..105967.92 rows=11472 width=3) (actual time=2.492..352.459 rows=1643 loops=1)
Seq Scan on area_v_con  (cost=0.00..152138.54 rows=1422256 width=4) (actual time=0.408..1197.265 rows=1419652 loops=1)
Gather  (cost=1000.00..105967.92 rows=11472 width=3) (actual time=1.021..345.172 rows=1676 loops=1)
Gather  (cost=1000.00..105967.92 rows=11472 width=3) (actual time=1.040..347.135 rows=4864 loops=1)
Gather  (cost=1000.00..105967.92 rows=11472 width=3) (actual time=0.663..342.049 rows=13151 loops=1)
Gather  (cost=1000.00..105967.92 rows=11472 width=3) (actual time=0.675..362.030 rows=14875 loops=1)
Gather  (cost=1000.00..148489.02 rows=436683 width=4) (actual time=0.749..484.988 rows=425955 loops=1)
Seq Scan on area_v_con  (cost=0.00..152138.54 rows=504714 width=4) (actual time=0.426..1133.915 rows=516862 loops=1)
Gather  (cost=1000.00..146147.62 rows=413269 width=4) (actual time=0.618..487.187 rows=424881 loops=1)
Gather  (cost=1000.00..148489.02 rows=436683 width=4) (actual time=0.757..495.004 rows=425955 loops=1)
Gather  (cost=1000.00..105967.92 rows=11472 width=3) (actual time=0.575..341.764 rows=14699 loops=1)
Seq Scan on area_v_con  (cost=0.00..152138.54 rows=923505 width=4) (actual time=0.371..1155.289 rows=926646 loops=1)
Gather  (cost=1000.00..149262.02 rows=444413 width=4) (actual time=0.642..489.728 rows=443206 loops=1)
Gather  (cost=1000.00..105967.92 rows=11472 width=3) (actual time=0.627..342.713 rows=8192 loops=1)
Seq Scan on area_v_con  (cost=0.00..152138.54 rows=602344 width=4) (actual time=0.374..1130.078 rows=595837 loops=1)
Gather  (cost=1000.00..108973.32 rows=41526 width=3) (actual time=0.613..350.977 rows=41350 loops=1)
Gather  (cost=1000.00..105967.92 rows=11472 width=3) (actual time=0.973..341.101 rows=6518 loops=1)
Seq Scan on area_v_con  (cost=0.00..152138.54 rows=477987 width=4) (actual time=0.457..1122.260 rows=470990 loops=1)
Gather  (cost=1000.00..105967.92 rows=11472 width=3) (actual time=1.197..347.903 rows=4864 loops=1)
Gather  (cost=1000.00..107957.22 rows=31365 width=3) (actual time=0.567..349.566 rows=31459 loops=1)
Gather  (cost=1000.00..105967.92 rows=11472 width=3) (actual time=0.676..339.358 rows=9703 loops=1)
Seq Scan on area_v_con  (cost=0.00..152138.54 rows=489031 width=4) (actual time=0.461..1131.021 rows=473031 loops=1)
Gather  (cost=1000.00..149262.02 rows=444413 width=4) (actual time=0.739..482.495 rows=443206 loops=1)
Gather  (cost=1000.00..105967.92 rows=11472 width=3) (actual time=0.615..348.078 rows=11597 loops=1)
Seq Scan on area_v_con  (cost=0.00..152138.54 rows=489031 width=4) (actual time=0.465..1132.202 rows=473031 loops=1)
Gather  (cost=1000.00..105967.92 rows=11472 width=3) (actual time=0.272..343.590 rows=9970 loops=1)
Seq Scan on area_v_con  (cost=0.00..152138.54 rows=923505 width=4) (actual time=0.372..1147.116 rows=926646 loops=1)
Seq Scan on area_v_con  (cost=0.00..152138.54 rows=923505 width=4) (actual time=0.362..1147.246 rows=926646 loops=1)
Gather  (cost=1000.00..147009.12 rows=421884 width=4) (actual time=0.612..487.496 rows=434439 loops=1)
Seq Scan on area_v_con  (cost=0.00..152138.54 rows=1422256 width=4) (actual time=0.368..1176.244 rows=1419652 loops=1)
Gather  (cost=1000.00..105967.92 rows=11472 width=3) (actual time=0.925..341.182 rows=13300 loops=1)
Gather  (cost=1000.00..107780.52 rows=29598 width=3) (actual time=0.567..351.077 rows=31459 loops=1)
Gather  (cost=1000.00..105967.92 rows=11472 width=3) (actual time=0.721..343.026 rows=13300 loops=1)
Seq Scan on area_v_con  (cost=0.00..152138.54 rows=504714 width=4) (actual time=0.398..1126.859 rows=516862 loops=1)
Gather  (cost=1000.00..147009.12 rows=421884 width=4) (actual time=0.679..494.173 rows=434439 loops=1)
Gather  (cost=1000.00..105967.92 rows=11472 width=3) (actual time=0.589..347.450 rows=9970 loops=1)
Gather  (cost=1000.00..105967.92 rows=11472 width=3) (actual time=0.578..356.380 rows=14699 loops=1)
Seq Scan on area_v_con  (cost=0.00..152138.54 rows=923505 width=4) (actual time=0.378..1163.005 rows=926646 loops=1)
Gather  (cost=1000.00..105967.92 rows=11472 width=3) (actual time=0.691..351.623 rows=13151 loops=1)
Gather  (cost=1000.00..107228.32 rows=24076 width=3) (actual time=0.807..342.499 rows=23047 loops=1)
Gather  (cost=1000.00..110718.22 rows=58975 width=3) (actual time=0.554..353.932 rows=59423 loops=1)
Gather  (cost=1000.00..105967.92 rows=11472 width=3) (actual time=0.877..351.027 rows=6637 loops=1)
Seq Scan on area_v_con  (cost=0.00..152138.54 rows=1422256 width=4) (actual time=0.464..1179.579 rows=1419652 loops=1)
Seq Scan on area_v_con  (cost=0.00..152138.54 rows=602344 width=4) (actual time=0.363..1127.681 rows=595837 loops=1)
Gather  (cost=1000.00..107228.32 rows=24076 width=3) (actual time=0.888..351.807 rows=23047 loops=1)
Gather  (cost=1000.00..105967.92 rows=11472 width=3) (actual time=0.565..344.210 rows=23173 loops=1)
Gather  (cost=1000.00..146147.62 rows=413269 width=4) (actual time=0.615..485.419 rows=424881 loops=1)
Seq Scan on area_v_con  (cost=0.00..152138.54 rows=1422256 width=4) (actual time=0.372..1172.438 rows=1419652 loops=1)
Gather  (cost=1000.00..146147.62 rows=413269 width=4) (actual time=0.612..485.872 rows=424881 loops=1)
Seq Scan on area_v_con  (cost=0.00..152138.54 rows=477987 width=4) (actual time=0.460..1126.016 rows=470990 loops=1)
Seq Scan on area_v_con  (cost=0.00..152138.54 rows=477987 width=4) (actual time=0.488..1120.036 rows=470990 loops=1)
Gather  (cost=1000.00..149262.02 rows=444413 width=4) (actual time=0.587..480.754 rows=443206 loops=1)
Seq Scan on area_v_con  (cost=0.00..152138.54 rows=504714 width=4) (actual time=0.363..1133.739 rows=516862 loops=1)
Gather  (cost=1000.00..107537.52 rows=27168 width=3) (actual time=0.763..350.278 rows=23240 loops=1)
Gather  (cost=1000.00..107382.92 rows=25622 width=3) (actual time=0.559..344.273 rows=23173 loops=1)
Gather  (cost=1000.00..148489.02 rows=436683 width=4) (actual time=0.638..480.854 rows=425955 loops=1)
Gather  (cost=1000.00..107935.12 rows=31144 width=3) (actual time=0.564..358.982 rows=31459 loops=1)
Gather  (cost=1000.00..107382.92 rows=25622 width=3) (actual time=0.563..348.014 rows=23173 loops=1)
Gather  (cost=1000.00..108487.32 rows=36666 width=3) (actual time=0.579..351.591 rows=41350 loops=1)
Gather  (cost=1000.00..105967.92 rows=11472 width=3) (actual time=0.968..338.062 rows=6518 loops=1)
Gather  (cost=1000.00..105967.92 rows=11472 width=3) (actual time=0.663..342.826 rows=13151 loops=1)
Seq Scan on area_v_con  (cost=0.00..152138.54 rows=602344 width=4) (actual time=0.376..1144.128 rows=595837 loops=1)
Seq Scan on area_v_con  (cost=0.00..152138.54 rows=602344 width=4) (actual time=0.440..1150.711 rows=595837 loops=1)
Gather  (cost=1000.00..105967.92 rows=11472 width=3) (actual time=0.745..355.061 rows=9970 loops=1)
Gather  (cost=1000.00..105967.92 rows=11472 width=3) (actual time=0.700..361.094 rows=13307 loops=1)
Gather  (cost=1000.00..107471.32 rows=26506 width=3) (actual time=0.678..364.176 rows=23240 loops=1)
Seq Scan on area_v_con  (cost=0.00..152138.54 rows=1422256 width=4) (actual time=0.387..1220.482 rows=1419652 loops=1)
Seq Scan on area_v_con  (cost=0.00..152138.54 rows=923505 width=4) (actual time=0.376..1186.620 rows=926646 loops=1)
Gather  (cost=1000.00..146147.62 rows=413269 width=4) (actual time=0.684..493.305 rows=424881 loops=1)
Gather  (cost=1000.00..105967.92 rows=11472 width=3) (actual time=1.002..347.016 rows=6518 loops=1)
Gather  (cost=1000.00..105967.92 rows=11472 width=3) (actual time=0.592..379.465 rows=14699 loops=1)
Gather  (cost=1000.00..105967.92 rows=11472 width=3) (actual time=0.712..367.587 rows=13307 loops=1)
Seq Scan on area_v_con  (cost=0.00..152138.54 rows=489031 width=4) (actual time=0.492..1158.283 rows=473031 loops=1)
Seq Scan on area_v_con  (cost=0.00..152138.54 rows=923505 width=4) (actual time=0.386..1162.553 rows=926646 loops=1)
Gather  (cost=1000.00..107272.52 rows=24518 width=3) (actual time=0.699..358.362 rows=23047 loops=1)
Gather  (cost=1000.00..107272.52 rows=24518 width=3) (actual time=0.686..344.540 rows=23047 loops=1)
Seq Scan on area_v_con  (cost=0.00..152138.54 rows=489031 width=4) (actual time=0.476..1209.333 rows=473031 loops=1)
Gather  (cost=1000.00..105967.92 rows=11472 width=3) (actual time=0.792..359.879 rows=6618 loops=1)
Gather  (cost=1000.00..148489.02 rows=436683 width=4) (actual time=0.638..496.105 rows=425955 loops=1)
Seq Scan on area_v_con  (cost=0.00..152138.54 rows=923505 width=4) (actual time=0.416..1167.431 rows=926646 loops=1)
Gather  (cost=1000.00..149262.02 rows=444413 width=4) (actual time=0.664..497.734 rows=443206 loops=1)
Gather  (cost=1000.00..149262.02 rows=444413 width=4) (actual time=0.585..496.251 rows=443206 loops=1)
Seq Scan on area_v_con  (cost=0.00..152138.54 rows=1422256 width=4) (actual time=0.389..1224.858 rows=1419652 loops=1)
Seq Scan on area_v_con  (cost=0.00..152138.54 rows=489031 width=4) (actual time=0.462..1142.329 rows=473031 loops=1)
Seq Scan on area_v_con  (cost=0.00..152138.54 rows=923505 width=4) (actual time=0.459..1171.039 rows=926646 loops=1)
Seq Scan on area_v_con  (cost=0.00..152138.54 rows=1422256 width=4) (actual time=0.458..1184.390 rows=1419652 loops=1)
Gather  (cost=1000.00..111027.52 rows=62068 width=3) (actual time=0.590..356.670 rows=59423 loops=1)
Gather  (cost=1000.00..105967.92 rows=11472 width=3) (actual time=0.978..354.639 rows=3312 loops=1)
Gather  (cost=1000.00..105967.92 rows=11472 width=3) (actual time=0.617..351.120 rows=11597 loops=1)
Seq Scan on area_v_con  (cost=0.00..152138.54 rows=1422256 width=4) (actual time=0.376..1190.421 rows=1419652 loops=1)
Gather  (cost=1000.00..110740.32 rows=59196 width=3) (actual time=0.639..366.351 rows=59423 loops=1)
Gather  (cost=1000.00..105967.92 rows=11472 width=3) (actual time=0.706..340.687 rows=14709 loops=1)
Gather  (cost=1000.00..105967.92 rows=11472 width=3) (actual time=0.705..355.906 rows=14709 loops=1)
Gather  (cost=1000.00..149262.02 rows=444413 width=4) (actual time=0.586..484.472 rows=443206 loops=1)
Seq Scan on area_v_con  (cost=0.00..152138.54 rows=923505 width=4) (actual time=0.376..1163.876 rows=926646 loops=1)
Seq Scan on area_v_con  (cost=0.00..152138.54 rows=489031 width=4) (actual time=0.467..1137.993 rows=473031 loops=1)
Gather  (cost=1000.00..105967.92 rows=11472 width=3) (actual time=0.709..352.275 rows=14709 loops=1)
Gather  (cost=1000.00..105967.92 rows=11472 width=3) (actual time=0.722..347.551 rows=6637 loops=1)
Seq Scan on area_v_con  (cost=0.00..152138.54 rows=504714 width=4) (actual time=0.369..1142.341 rows=516862 loops=1)
Gather  (cost=1000.00..108951.22 rows=41305 width=3) (actual time=0.679..347.461 rows=41350 loops=1)
Gather  (cost=1000.00..105967.92 rows=11472 width=3) (actual time=0.652..347.645 rows=4920 loops=1)
Gather  (cost=1000.00..105967.92 rows=11472 width=3) (actual time=0.695..348.389 rows=14709 loops=1)
Gather  (cost=1000.00..147009.12 rows=421884 width=4) (actual time=0.570..487.703 rows=434439 loops=1)
Gather  (cost=1000.00..105967.92 rows=11472 width=3) (actual time=0.600..339.203 rows=9970 loops=1)
Gather  (cost=1000.00..105967.92 rows=11472 width=3) (actual time=0.646..355.464 rows=14875 loops=1)
Seq Scan on area_v_con  (cost=0.00..152138.54 rows=1422256 width=4) (actual time=0.375..1183.816 rows=1419652 loops=1)
Seq Scan on area_v_con  (cost=0.00..152138.54 rows=489031 width=4) (actual time=0.493..1128.153 rows=473031 loops=1)
Seq Scan on area_v_con  (cost=0.00..152138.54 rows=1422256 width=4) (actual time=0.372..1180.087 rows=1419652 loops=1)
Gather  (cost=1000.00..146147.62 rows=413269 width=4) (actual time=0.627..497.488 rows=424881 loops=1)
Gather  (cost=1000.00..105967.92 rows=11472 width=3) (actual time=0.686..343.132 rows=13307 loops=1)
Gather  (cost=1000.00..146147.62 rows=413269 width=4) (actual time=0.650..499.831 rows=424881 loops=1)
Gather  (cost=1000.00..105967.92 rows=11472 width=3) (actual time=0.574..340.467 rows=14699 loops=1)
Gather  (cost=1000.00..105967.92 rows=11472 width=3) (actual time=0.713..346.574 rows=6527 loops=1)
Gather  (cost=1000.00..107206.22 rows=23855 width=3) (actual time=0.639..344.546 rows=23240 loops=1)
Gather  (cost=1000.00..105967.92 rows=11472 width=3) (actual time=0.628..350.745 rows=14875 loops=1)
Seq Scan on area_v_con  (cost=0.00..152138.54 rows=602344 width=4) (actual time=0.419..1135.197 rows=595837 loops=1)
Gather  (cost=1000.00..105967.92 rows=11472 width=3) (actual time=0.675..346.334 rows=8192 loops=1)
Seq Scan on area_v_con  (cost=0.00..152138.54 rows=489031 width=4) (actual time=0.469..1129.731 rows=473031 loops=1)
Gather  (cost=1000.00..108178.12 rows=33574 width=3) (actual time=0.561..343.644 rows=31459 loops=1)
Gather  (cost=1000.00..105967.92 rows=11472 width=3) (actual time=0.590..351.909 rows=9970 loops=1)
Seq Scan on area_v_con  (cost=0.00..152138.54 rows=1422256 width=4) (actual time=0.368..1185.224 rows=1419652 loops=1)
Gather  (cost=1000.00..105967.92 rows=11472 width=3) (actual time=0.698..346.602 rows=13307 loops=1)
Seq Scan on area_v_con  (cost=0.00..152138.54 rows=1422256 width=4) (actual time=0.372..1175.059 rows=1419652 loops=1)
Gather  (cost=1000.00..105967.92 rows=11472 width=3) (actual time=0.754..363.636 rows=23047 loops=1)
Seq Scan on area_v_con  (cost=0.00..152138.54 rows=1422256 width=4) (actual time=0.376..1185.352 rows=1419652 loops=1)
Gather  (cost=1000.00..147009.12 rows=421884 width=4) (actual time=0.683..478.383 rows=434439 loops=1)
Seq Scan on area_v_con  (cost=0.00..152138.54 rows=602344 width=4) (actual time=0.404..1147.802 rows=595837 loops=1)
Gather  (cost=1000.00..148489.02 rows=436683 width=4) (actual time=0.623..479.648 rows=425955 loops=1)
Seq Scan on area_v_con  (cost=0.00..152138.54 rows=477987 width=4) (actual time=0.444..1151.933 rows=470990 loops=1)
Gather  (cost=1000.00..105967.92 rows=11472 width=3) (actual time=0.647..347.940 rows=18152 loops=1)
Gather  (cost=1000.00..105967.92 rows=11472 width=3) (actual time=0.725..343.606 rows=13151 loops=1)
Gather  (cost=1000.00..105967.92 rows=11472 width=3) (actual time=0.829..338.915 rows=13300 loops=1)
Gather  (cost=1000.00..107935.12 rows=31144 width=3) (actual time=0.644..359.396 rows=31459 loops=1)
Seq Scan on area_v_con  (cost=0.00..152138.54 rows=489031 width=4) (actual time=0.523..1129.688 rows=473031 loops=1)
Seq Scan on area_v_con  (cost=0.00..152138.54 rows=923505 width=4) (actual time=0.359..1163.375 rows=926646 loops=1)
Seq Scan on area_v_con  (cost=0.00..152138.54 rows=602344 width=4) (actual time=0.356..1139.344 rows=595837 loops=1)
Seq Scan on area_v_con  (cost=0.00..152138.54 rows=602344 width=4) (actual time=0.372..1133.641 rows=595837 loops=1)
Seq Scan on area_v_con  (cost=0.00..152138.54 rows=1422256 width=4) (actual time=0.369..1187.558 rows=1419652 loops=1)
Gather  (cost=1000.00..105967.92 rows=11472 width=3) (actual time=0.246..344.111 rows=14699 loops=1)
Gather  (cost=1000.00..105967.92 rows=11472 width=3) (actual time=0.552..341.639 rows=14699 loops=1)
Seq Scan on area_v_con  (cost=0.00..152138.54 rows=602344 width=4) (actual time=0.384..1139.588 rows=595837 loops=1)
Gather  (cost=1000.00..105967.92 rows=11472 width=3) (actual time=0.693..347.683 rows=23173 loops=1)
Seq Scan on area_v_con  (cost=0.00..152138.54 rows=1422256 width=4) (actual time=0.377..1187.260 rows=1419652 loops=1)
Seq Scan on area_v_con  (cost=0.00..152138.54 rows=1422256 width=4) (actual time=0.356..1176.547 rows=1419652 loops=1)
Seq Scan on area_v_con  (cost=0.00..152138.54 rows=489031 width=4) (actual time=0.493..1132.210 rows=473031 loops=1)
Gather  (cost=1000.00..110276.52 rows=54558 width=3) (actual time=0.400..354.488 rows=59423 loops=1)
Gather  (cost=1000.00..110939.12 rows=61184 width=3) (actual time=0.543..360.098 rows=59423 loops=1)
Gather  (cost=1000.00..105967.92 rows=11472 width=3) (actual time=0.679..349.153 rows=6626 loops=1)
Gather  (cost=1000.00..109304.62 rows=44839 width=3) (actual time=0.591..356.617 rows=41350 loops=1)
Gather  (cost=1000.00..105967.92 rows=11472 width=3) (actual time=0.562..355.371 rows=14699 loops=1)
Gather  (cost=1000.00..105967.92 rows=11472 width=3) (actual time=0.730..347.809 rows=6637 loops=1)
Gather  (cost=1000.00..108951.22 rows=41305 width=3) (actual time=0.607..352.823 rows=41350 loops=1)
Seq Scan on area_v_con  (cost=0.00..152138.54 rows=477987 width=4) (actual time=0.448..1142.269 rows=470990 loops=1)
Seq Scan on area_v_con  (cost=0.00..152138.54 rows=602344 width=4) (actual time=0.401..1129.854 rows=595837 loops=1)
Seq Scan on area_v_con  (cost=0.00..152138.54 rows=504714 width=4) (actual time=0.426..1124.951 rows=516862 loops=1)
Seq Scan on area_v_con  (cost=0.00..152138.54 rows=490357 width=4) (actual time=0.441..1124.754 rows=495041 loops=1)
Gather  (cost=1000.00..105967.92 rows=11472 width=3) (actual time=0.709..345.758 rows=9703 loops=1)
Seq Scan on area_v_con  (cost=0.00..152138.54 rows=602344 width=4) (actual time=0.371..1136.527 rows=595837 loops=1)
Gather  (cost=1000.00..105967.92 rows=11472 width=3) (actual time=0.753..345.842 rows=13300 loops=1)
Seq Scan on area_v_con  (cost=0.00..152138.54 rows=1422256 width=4) (actual time=0.390..1179.626 rows=1419652 loops=1)
Gather  (cost=1000.00..110917.02 rows=60963 width=3) (actual time=0.604..349.882 rows=59423 loops=1)
Seq Scan on area_v_con  (cost=0.00..152138.54 rows=489031 width=4) (actual time=0.462..1136.927 rows=473031 loops=1)
Seq Scan on area_v_con  (cost=0.00..152138.54 rows=477987 width=4) (actual time=0.441..1125.902 rows=470990 loops=1)
Seq Scan on area_v_con  (cost=0.00..152138.54 rows=923505 width=4) (actual time=0.329..1150.554 rows=926646 loops=1)
Gather  (cost=1000.00..105967.92 rows=11472 width=3) (actual time=0.567..338.728 rows=8059 loops=1)
Gather  (cost=1000.00..105967.92 rows=11472 width=3) (actual time=0.555..343.459 rows=14699 loops=1)
Seq Scan on area_v_con  (cost=0.00..152138.54 rows=1422256 width=4) (actual time=0.465..1184.135 rows=1419652 loops=1)
Gather  (cost=1000.00..107228.32 rows=24076 width=3) (actual time=0.673..343.471 rows=23047 loops=1)
Gather  (cost=1000.00..108730.32 rows=39096 width=3) (actual time=0.593..347.780 rows=41350 loops=1)
Gather  (cost=1000.00..110806.62 rows=59859 width=3) (actual time=0.637..355.152 rows=59423 loops=1)
Gather  (cost=1000.00..105967.92 rows=11472 width=3) (actual time=0.749..348.946 rows=23240 loops=1)
Gather  (cost=1000.00..105967.92 rows=11472 width=3) (actual time=0.616..351.127 rows=8243 loops=1)
Seq Scan on area_v_con  (cost=0.00..152138.54 rows=490357 width=4) (actual time=0.393..1136.035 rows=495041 loops=1)
Gather  (cost=1000.00..147009.12 rows=421884 width=4) (actual time=0.727..495.229 rows=434439 loops=1)
Seq Scan on area_v_con  (cost=0.00..152138.54 rows=923505 width=4) (actual time=0.426..1164.668 rows=926646 loops=1)
Seq Scan on area_v_con  (cost=0.00..152138.54 rows=477987 width=4) (actual time=0.443..1148.174 rows=470990 loops=1)
Seq Scan on area_v_con  (cost=0.00..152138.54 rows=602344 width=4) (actual time=0.433..1133.007 rows=595837 loops=1)
Seq Scan on area_v_con  (cost=0.00..152138.54 rows=1422256 width=4) (actual time=0.369..1183.666 rows=1419652 loops=1)
Seq Scan on area_v_con  (cost=0.00..152138.54 rows=1422256 width=4) (actual time=0.476..1184.497 rows=1419652 loops=1)
Gather  (cost=1000.00..109216.22 rows=43955 width=3) (actual time=0.413..354.148 rows=41350 loops=1)
Gather  (cost=1000.00..105967.92 rows=11472 width=3) (actual time=0.606..343.514 rows=11597 loops=1)
Seq Scan on area_v_con  (cost=0.00..152138.54 rows=923505 width=4) (actual time=0.374..1150.732 rows=926646 loops=1)
Gather  (cost=1000.00..105967.92 rows=11472 width=3) (actual time=0.598..341.960 rows=8243 loops=1)
Gather  (cost=1000.00..110607.82 rows=57871 width=3) (actual time=0.561..360.684 rows=59423 loops=1)
Gather  (cost=1000.00..105967.92 rows=11472 width=3) (actual time=0.666..351.302 rows=6626 loops=1)
Gather  (cost=1000.00..105967.92 rows=11472 width=3) (actual time=0.673..339.864 rows=13307 loops=1)
Gather  (cost=1000.00..105967.92 rows=11472 width=3) (actual time=0.586..347.074 rows=14709 loops=1)
Seq Scan on area_v_con  (cost=0.00..152138.54 rows=490357 width=4) (actual time=0.387..1129.924 rows=495041 loops=1)
Gather  (cost=1000.00..109083.72 rows=42630 width=3) (actual time=0.594..351.094 rows=41350 loops=1)
Gather  (cost=1000.00..110386.92 rows=55662 width=3) (actual time=0.563..356.836 rows=59423 loops=1)
Seq Scan on area_v_con  (cost=0.00..152138.54 rows=477987 width=4) (actual time=0.440..1131.437 rows=470990 loops=1)
Seq Scan on area_v_con  (cost=0.00..152138.54 rows=504714 width=4) (actual time=0.423..1131.843 rows=516862 loops=1)
Seq Scan on area_v_con  (cost=0.00..152138.54 rows=489031 width=4) (actual time=0.456..1129.174 rows=473031 loops=1)
Seq Scan on area_v_con  (cost=0.00..152138.54 rows=923505 width=4) (actual time=0.369..1157.423 rows=926646 loops=1)
Seq Scan on area_v_con  (cost=0.00..152138.54 rows=1422256 width=4) (actual time=0.363..1176.133 rows=1419652 loops=1)
Gather  (cost=1000.00..147009.12 rows=421884 width=4) (actual time=0.564..480.989 rows=434439 loops=1)
Gather  (cost=1000.00..105967.92 rows=11472 width=3) (actual time=0.609..341.562 rows=14709 loops=1)
Seq Scan on area_v_con  (cost=0.00..152138.54 rows=602344 width=4) (actual time=0.402..1142.152 rows=595837 loops=1)
Gather  (cost=1000.00..149262.02 rows=444413 width=4) (actual time=0.679..495.274 rows=443206 loops=1)
Gather  (cost=1000.00..105967.92 rows=11472 width=3) (actual time=0.651..346.066 rows=23173 loops=1)
Gather  (cost=1000.00..110872.92 rows=60522 width=3) (actual time=0.573..350.185 rows=59423 loops=1)
Gather  (cost=1000.00..107471.32 rows=26506 width=3) (actual time=0.795..342.151 rows=23047 loops=1)
Gather  (cost=1000.00..105967.92 rows=11472 width=3) (actual time=0.674..338.641 rows=8243 loops=1)
Gather  (cost=1000.00..105967.92 rows=11472 width=3) (actual time=0.757..340.092 rows=13151 loops=1)
Seq Scan on area_v_con  (cost=0.00..152138.54 rows=489031 width=4) (actual time=0.466..1129.065 rows=473031 loops=1)
Gather  (cost=1000.00..110497.42 rows=56767 width=3) (actual time=0.553..354.783 rows=59423 loops=1)
Gather  (cost=1000.00..105967.92 rows=11472 width=3) (actual time=0.569..345.288 rows=19619 loops=1)
Seq Scan on area_v_con  (cost=0.00..152138.54 rows=477987 width=4) (actual time=0.442..1145.393 rows=470990 loops=1)
Seq Scan on area_v_con  (cost=0.00..152138.54 rows=923505 width=4) (actual time=0.407..1160.208 rows=926646 loops=1)
Seq Scan on area_v_con  (cost=0.00..152138.54 rows=923505 width=4) (actual time=0.363..1146.882 rows=926646 loops=1)
Seq Scan on area_v_con  (cost=0.00..152138.54 rows=1422256 width=4) (actual time=0.375..1183.060 rows=1419652 loops=1)
Seq Scan on area_v_con  (cost=0.00..152138.54 rows=477987 width=4) (actual time=0.438..1135.522 rows=470990 loops=1)
Seq Scan on area_v_con  (cost=0.00..152138.54 rows=602344 width=4) (actual time=0.104..1134.256 rows=595837 loops=1)
Gather  (cost=1000.00..105967.92 rows=11472 width=3) (actual time=0.262..345.985 rows=23173 loops=1)
Gather  (cost=1000.00..146147.62 rows=413269 width=4) (actual time=0.601..481.497 rows=424881 loops=1)
Seq Scan on area_v_con  (cost=0.00..152138.54 rows=923505 width=4) (actual time=0.377..1151.742 rows=926646 loops=1)
Gather  (cost=1000.00..110585.72 rows=57650 width=3) (actual time=0.708..362.157 rows=59423 loops=1)
Gather  (cost=1000.00..105967.92 rows=11472 width=3) (actual time=0.656..344.749 rows=14875 loops=1)
Gather  (cost=1000.00..105967.92 rows=11472 width=3) (actual time=0.575..342.153 rows=14699 loops=1)
Gather  (cost=1000.00..108973.32 rows=41526 width=3) (actual time=0.570..345.548 rows=41350 loops=1)
Gather  (cost=1000.00..105967.92 rows=11472 width=3) (actual time=0.585..343.987 rows=11597 loops=1)
Gather  (cost=1000.00..105967.92 rows=11472 width=3) (actual time=0.607..352.170 rows=11597 loops=1)
Gather  (cost=1000.00..110674.12 rows=58534 width=3) (actual time=0.660..368.123 rows=59423 loops=1)
Gather  (cost=1000.00..105967.92 rows=11472 width=3) (actual time=0.838..386.705 rows=23047 loops=1)
Seq Scan on area_v_con  (cost=0.00..152138.54 rows=923505 width=4) (actual time=0.372..1159.621 rows=926646 loops=1)
Gather  (cost=1000.00..105967.92 rows=11472 width=3) (actual time=0.700..344.788 rows=13151 loops=1)
Seq Scan on area_v_con  (cost=0.00..152138.54 rows=489031 width=4) (actual time=0.467..1131.625 rows=473031 loops=1)
Gather  (cost=1000.00..108730.32 rows=39096 width=3) (actual time=0.582..356.034 rows=41350 loops=1)
Seq Scan on area_v_con  (cost=0.00..152138.54 rows=490357 width=4) (actual time=0.402..1134.356 rows=495041 loops=1)
Seq Scan on area_v_con  (cost=0.00..152138.54 rows=504714 width=4) (actual time=0.359..1136.879 rows=516862 loops=1)
Seq Scan on area_v_con  (cost=0.00..152138.54 rows=489031 width=4) (actual time=0.458..1131.945 rows=473031 loops=1)
Seq Scan on area_v_con  (cost=0.00..152138.54 rows=923505 width=4) (actual time=0.360..1157.581 rows=926646 loops=1)
Gather  (cost=1000.00..105967.92 rows=11472 width=3) (actual time=0.608..345.154 rows=14699 loops=1)
Seq Scan on area_v_con  (cost=0.00..152138.54 rows=504714 width=4) (actual time=0.461..1132.069 rows=516862 loops=1)
Seq Scan on area_v_con  (cost=0.00..152138.54 rows=1422256 width=4) (actual time=0.377..1188.278 rows=1419652 loops=1)
Gather  (cost=1000.00..105967.92 rows=11472 width=3) (actual time=0.640..342.481 rows=4775 loops=1)
Seq Scan on area_v_con  (cost=0.00..152138.54 rows=1422256 width=4) (actual time=0.374..1176.152 rows=1419652 loops=1)
Gather  (cost=1000.00..105967.92 rows=11472 width=3) (actual time=0.638..346.553 rows=18152 loops=1)
Gather  (cost=1000.00..105967.92 rows=11472 width=3) (actual time=0.697..349.182 rows=6527 loops=1)
Gather  (cost=1000.00..105967.92 rows=11472 width=3) (actual time=0.726..352.212 rows=13300 loops=1)
Gather  (cost=1000.00..110762.42 rows=59417 width=3) (actual time=0.562..350.524 rows=59423 loops=1)
Gather  (cost=1000.00..147009.12 rows=421884 width=4) (actual time=0.552..499.673 rows=434439 loops=1)
Seq Scan on area_v_con  (cost=0.00..152138.54 rows=490357 width=4) (actual time=0.383..1131.796 rows=495041 loops=1)
Gather  (cost=1000.00..149262.02 rows=444413 width=4) (actual time=0.648..483.798 rows=443206 loops=1)
Gather  (cost=1000.00..105967.92 rows=11472 width=3) (actual time=0.695..344.103 rows=13307 loops=1)
Gather  (cost=1000.00..111093.72 rows=62730 width=3) (actual time=0.567..351.677 rows=59423 loops=1)
Gather  (cost=1000.00..147009.12 rows=421884 width=4) (actual time=0.570..490.271 rows=434439 loops=1)
Gather  (cost=1000.00..105967.92 rows=11472 width=3) (actual time=0.554..346.169 rows=8059 loops=1)
Gather  (cost=1000.00..109105.82 rows=42851 width=3) (actual time=0.594..354.376 rows=41350 loops=1)
Seq Scan on area_v_con  (cost=0.00..152138.54 rows=1422256 width=4) (actual time=0.411..1180.321 rows=1419652 loops=1)
Seq Scan on area_v_con  (cost=0.00..152138.54 rows=477987 width=4) (actual time=0.439..1132.036 rows=470990 loops=1)
Gather  (cost=1000.00..149262.02 rows=444413 width=4) (actual time=0.611..486.812 rows=443206 loops=1)
Seq Scan on area_v_con  (cost=0.00..152138.54 rows=490357 width=4) (actual time=0.393..1131.204 rows=495041 loops=1)
Gather  (cost=1000.00..146147.62 rows=413269 width=4) (actual time=0.607..481.885 rows=424881 loops=1)
Gather  (cost=1000.00..105967.92 rows=11472 width=3) (actual time=0.598..342.269 rows=14709 loops=1)
Gather  (cost=1000.00..108156.02 rows=33353 width=3) (actual time=0.562..344.688 rows=31459 loops=1)
Gather  (cost=1000.00..110431.12 rows=56104 width=3) (actual time=0.596..353.206 rows=59423 loops=1)
Gather  (cost=1000.00..105967.92 rows=11472 width=3) (actual time=0.848..341.490 rows=9962 loops=1)
Seq Scan on area_v_con  (cost=0.00..152138.54 rows=1422256 width=4) (actual time=0.373..1178.855 rows=1419652 loops=1)
Gather  (cost=1000.00..105967.92 rows=11472 width=3) (actual time=0.671..349.899 rows=14709 loops=1)
Gather  (cost=1000.00..105967.92 rows=11472 width=3) (actual time=0.851..354.662 rows=9962 loops=1)
Seq Scan on area_v_con  (cost=0.00..152138.54 rows=504714 width=4) (actual time=0.372..1133.814 rows=516862 loops=1)
Gather  (cost=1000.00..148489.02 rows=436683 width=4) (actual time=0.645..503.242 rows=425955 loops=1)
Seq Scan on area_v_con  (cost=0.00..152138.54 rows=923505 width=4) (actual time=0.385..1157.246 rows=926646 loops=1)
Gather  (cost=1000.00..105967.92 rows=11472 width=3) (actual time=0.649..348.596 rows=23240 loops=1)
Gather  (cost=1000.00..105967.92 rows=11472 width=3) (actual time=0.689..339.425 rows=6527 loops=1)
Gather  (cost=1000.00..105967.92 rows=11472 width=3) (actual time=0.642..343.560 rows=4775 loops=1)
Seq Scan on area_v_con  (cost=0.00..152138.54 rows=489031 width=4) (actual time=0.463..1132.090 rows=473031 loops=1)
Gather  (cost=1000.00..110607.82 rows=57871 width=3) (actual time=0.615..353.827 rows=59423 loops=1)
Gather  (cost=1000.00..149262.02 rows=444413 width=4) (actual time=0.583..490.084 rows=443206 loops=1)
Gather  (cost=1000.00..149262.02 rows=444413 width=4) (actual time=0.583..497.276 rows=443206 loops=1)
Seq Scan on area_v_con  (cost=0.00..152138.54 rows=923505 width=4) (actual time=0.371..1158.710 rows=926646 loops=1)
Seq Scan on area_v_con  (cost=0.00..152138.54 rows=477987 width=4) (actual time=0.437..1131.166 rows=470990 loops=1)
Gather  (cost=1000.00..146147.62 rows=413269 width=4) (actual time=0.668..495.324 rows=424881 loops=1)
Gather  (cost=1000.00..105967.92 rows=11472 width=3) (actual time=0.641..338.668 rows=4920 loops=1)
Gather  (cost=1000.00..105967.92 rows=11472 width=3) (actual time=0.614..353.794 rows=18152 loops=1)
Seq Scan on area_v_con  (cost=0.00..152138.54 rows=923505 width=4) (actual time=0.395..1157.972 rows=926646 loops=1)
Gather  (cost=1000.00..105967.92 rows=11472 width=3) (actual time=0.762..345.797 rows=18152 loops=1)
Gather  (cost=1000.00..105967.92 rows=11472 width=3) (actual time=0.593..341.338 rows=19619 loops=1)
Gather  (cost=1000.00..107427.12 rows=26064 width=3) (actual time=0.670..346.227 rows=23240 loops=1)
Seq Scan on area_v_con  (cost=0.00..152138.54 rows=504714 width=4) (actual time=0.370..1129.992 rows=516862 loops=1)
Gather  (cost=1000.00..105967.92 rows=11472 width=3) (actual time=0.600..341.349 rows=19619 loops=1)
Seq Scan on area_v_con  (cost=0.00..152138.54 rows=1422256 width=4) (actual time=0.374..1180.857 rows=1419652 loops=1)
Gather  (cost=1000.00..105967.92 rows=11472 width=3) (actual time=1.294..348.484 rows=4951 loops=1)
Seq Scan on area_v_con  (cost=0.00..152138.54 rows=1422256 width=4) (actual time=0.376..1175.377 rows=1419652 loops=1)
Gather  (cost=1000.00..105967.92 rows=11472 width=3) (actual time=0.595..344.186 rows=8243 loops=1)
Gather  (cost=1000.00..105967.92 rows=11472 width=3) (actual time=2.226..337.424 rows=1661 loops=1)
Seq Scan on area_v_con  (cost=0.00..152138.54 rows=923505 width=4) (actual time=0.375..1155.095 rows=926646 loops=1)
Gather  (cost=1000.00..105967.92 rows=11472 width=3) (actual time=0.654..344.957 rows=14709 loops=1)
Gather  (cost=1000.00..149262.02 rows=444413 width=4) (actual time=0.609..487.688 rows=443206 loops=1)
Seq Scan on area_v_con  (cost=0.00..152138.54 rows=923505 width=4) (actual time=0.365..1149.883 rows=926646 loops=1)
Seq Scan on area_v_con  (cost=0.00..152138.54 rows=490357 width=4) (actual time=0.377..1122.695 rows=495041 loops=1)
Seq Scan on area_v_con  (cost=0.00..152138.54 rows=602344 width=4) (actual time=0.424..1131.893 rows=595837 loops=1)
Seq Scan on area_v_con  (cost=0.00..152138.54 rows=504714 width=4) (actual time=0.356..1124.104 rows=516862 loops=1)
Gather  (cost=1000.00..105967.92 rows=11472 width=3) (actual time=0.569..349.575 rows=4942 loops=1)
Seq Scan on area_v_con  (cost=0.00..152138.54 rows=1422256 width=4) (actual time=0.372..1175.905 rows=1419652 loops=1)
Gather  (cost=1000.00..105967.92 rows=11472 width=3) (actual time=0.644..340.584 rows=6613 loops=1)
Gather  (cost=1000.00..105967.92 rows=11472 width=3) (actual time=1.278..339.254 rows=4951 loops=1)
Gather  (cost=1000.00..105967.92 rows=11472 width=3) (actual time=0.589..358.929 rows=8243 loops=1)
Gather  (cost=1000.00..107228.32 rows=24076 width=3) (actual time=0.807..351.767 rows=23240 loops=1)
Gather  (cost=1000.00..105967.92 rows=11472 width=3) (actual time=0.665..346.218 rows=13151 loops=1)
Gather  (cost=1000.00..108487.32 rows=36666 width=3) (actual time=0.583..358.834 rows=41350 loops=1)
Seq Scan on area_v_con  (cost=0.00..152138.54 rows=1422256 width=4) (actual time=0.371..1178.188 rows=1419652 loops=1)
Seq Scan on area_v_con  (cost=0.00..152138.54 rows=602344 width=4) (actual time=0.361..1134.547 rows=595837 loops=1)
Seq Scan on area_v_con  (cost=0.00..152138.54 rows=504714 width=4) (actual time=0.359..1126.279 rows=516862 loops=1)
Gather  (cost=1000.00..105967.92 rows=11472 width=3) (actual time=0.629..356.483 rows=14709 loops=1)
Gather  (cost=1000.00..110409.02 rows=55883 width=3) (actual time=0.551..354.416 rows=59423 loops=1)
Gather  (cost=1000.00..108730.32 rows=39096 width=3) (actual time=0.568..347.040 rows=41350 loops=1)
Seq Scan on area_v_con  (cost=0.00..152138.54 rows=489031 width=4) (actual time=0.466..1141.542 rows=473031 loops=1)
Gather  (cost=1000.00..148489.02 rows=436683 width=4) (actual time=0.651..489.759 rows=425955 loops=1)
Seq Scan on area_v_con  (cost=0.00..152138.54 rows=504714 width=4) (actual time=0.355..1128.480 rows=516862 loops=1)
Seq Scan on area_v_con  (cost=0.00..152138.54 rows=1422256 width=4) (actual time=0.367..1180.144 rows=1419652 loops=1)
Seq Scan on area_v_con  (cost=0.00..152138.54 rows=490357 width=4) (actual time=0.389..1131.733 rows=495041 loops=1)
Gather  (cost=1000.00..148489.02 rows=436683 width=4) (actual time=0.669..486.984 rows=425955 loops=1)
Seq Scan on area_v_con  (cost=0.00..152138.54 rows=490357 width=4) (actual time=0.393..1122.834 rows=495041 loops=1)
Gather  (cost=1000.00..105967.92 rows=11472 width=3) (actual time=0.717..339.368 rows=6527 loops=1)
Gather  (cost=1000.00..105967.92 rows=11472 width=3) (actual time=0.620..341.837 rows=18152 loops=1)
Gather  (cost=1000.00..107471.32 rows=26506 width=3) (actual time=0.643..342.231 rows=23240 loops=1)
Gather  (cost=1000.00..105967.92 rows=11472 width=3) (actual time=0.561..339.832 rows=14699 loops=1)
Gather  (cost=1000.00..108951.22 rows=41305 width=3) (actual time=0.580..346.769 rows=41350 loops=1)
Gather  (cost=1000.00..110718.22 rows=58975 width=3) (actual time=0.674..356.466 rows=59423 loops=1)
Gather  (cost=1000.00..107736.32 rows=29156 width=3) (actual time=0.691..361.046 rows=31459 loops=1)
Gather  (cost=1000.00..148489.02 rows=436683 width=4) (actual time=0.650..496.616 rows=425955 loops=1)
Seq Scan on area_v_con  (cost=0.00..152138.54 rows=504714 width=4) (actual time=0.375..1143.537 rows=516862 loops=1)
Gather  (cost=1000.00..146147.62 rows=413269 width=4) (actual time=0.636..484.545 rows=424881 loops=1)
Gather  (cost=1000.00..148489.02 rows=436683 width=4) (actual time=0.625..487.293 rows=425955 loops=1)
Gather  (cost=1000.00..146147.62 rows=413269 width=4) (actual time=0.620..478.998 rows=424881 loops=1)
Seq Scan on area_v_con  (cost=0.00..152138.54 rows=504714 width=4) (actual time=0.433..1130.856 rows=516862 loops=1)
Gather  (cost=1000.00..110806.62 rows=59859 width=3) (actual time=0.661..356.190 rows=59423 loops=1)
Seq Scan on area_v_con  (cost=0.00..152138.54 rows=1422256 width=4) (actual time=0.400..1180.762 rows=1419652 loops=1)
Seq Scan on area_v_con  (cost=0.00..152138.54 rows=602344 width=4) (actual time=0.362..1132.221 rows=595837 loops=1)
Gather  (cost=1000.00..105967.92 rows=11472 width=3) (actual time=0.626..340.277 rows=6538 loops=1)
Seq Scan on area_v_con  (cost=0.00..152138.54 rows=504714 width=4) (actual time=0.361..1134.642 rows=516862 loops=1)
Gather  (cost=1000.00..105967.92 rows=11472 width=3) (actual time=0.717..340.759 rows=3444 loops=1)
Gather  (cost=1000.00..105967.92 rows=11472 width=3) (actual time=0.584..348.855 rows=9970 loops=1)
Gather  (cost=1000.00..107272.52 rows=24518 width=3) (actual time=0.685..349.158 rows=23047 loops=1)
Seq Scan on area_v_con  (cost=0.00..152138.54 rows=489031 width=4) (actual time=0.468..1129.639 rows=473031 loops=1)
Gather  (cost=1000.00..105967.92 rows=11472 width=3) (actual time=0.731..342.818 rows=13151 loops=1)
Gather  (cost=1000.00..108178.12 rows=33574 width=3) (actual time=0.573..343.628 rows=31459 loops=1)
Gather  (cost=1000.00..110409.02 rows=55883 width=3) (actual time=0.561..363.453 rows=59423 loops=1)
Gather  (cost=1000.00..105967.92 rows=11472 width=3) (actual time=0.592..348.097 rows=8243 loops=1)
Gather  (cost=1000.00..105967.92 rows=11472 width=3) (actual time=0.822..344.214 rows=9962 loops=1)
Seq Scan on area_v_con  (cost=0.00..152138.54 rows=489031 width=4) (actual time=0.468..1134.042 rows=473031 loops=1)
Gather  (cost=1000.00..149262.02 rows=444413 width=4) (actual time=0.600..482.084 rows=443206 loops=1)
Seq Scan on area_v_con  (cost=0.00..152138.54 rows=504714 width=4) (actual time=0.367..1126.788 rows=516862 loops=1)
Seq Scan on area_v_con  (cost=0.00..152138.54 rows=504714 width=4) (actual time=0.356..1134.856 rows=516862 loops=1)
Seq Scan on area_v_con  (cost=0.00..152138.54 rows=1422256 width=4) (actual time=0.366..1172.524 rows=1419652 loops=1)
Seq Scan on area_v_con  (cost=0.00..152138.54 rows=477987 width=4) (actual time=0.433..1125.141 rows=470990 loops=1)
Gather  (cost=1000.00..105967.92 rows=11472 width=3) (actual time=1.003..337.194 rows=3312 loops=1)
Gather  (cost=1000.00..107780.52 rows=29598 width=3) (actual time=0.555..352.313 rows=31459 loops=1)
Gather  (cost=1000.00..107272.52 rows=24518 width=3) (actual time=0.644..341.809 rows=23240 loops=1)
Gather  (cost=1000.00..105967.92 rows=11472 width=3) (actual time=0.678..341.579 rows=23047 loops=1)
Gather  (cost=1000.00..105967.92 rows=11472 width=3) (actual time=0.725..336.593 rows=1681 loops=1)
Seq Scan on area_v_con  (cost=0.00..152138.54 rows=923505 width=4) (actual time=0.367..1149.546 rows=926646 loops=1)
Seq Scan on area_v_con  (cost=0.00..152138.54 rows=1422256 width=4) (actual time=0.367..1183.149 rows=1419652 loops=1)
Gather  (cost=1000.00..110917.02 rows=60963 width=3) (actual time=0.575..349.970 rows=59423 loops=1)
Gather  (cost=1000.00..105967.92 rows=11472 width=3) (actual time=0.675..356.053 rows=9703 loops=1)
Seq Scan on area_v_con  (cost=0.00..152138.54 rows=923505 width=4) (actual time=0.385..1159.285 rows=926646 loops=1)
Gather  (cost=1000.00..148489.02 rows=436683 width=4) (actual time=0.679..486.123 rows=425955 loops=1)
Gather  (cost=1000.00..105967.92 rows=11472 width=3) (actual time=0.591..358.704 rows=8243 loops=1)
Gather  (cost=1000.00..107382.92 rows=25622 width=3) (actual time=0.565..351.567 rows=23173 loops=1)
Seq Scan on area_v_con  (cost=0.00..152138.54 rows=1422256 width=4) (actual time=0.374..1183.502 rows=1419652 loops=1)
Gather  (cost=1000.00..105967.92 rows=11472 width=3) (actual time=0.741..348.524 rows=14875 loops=1)
Seq Scan on area_v_con  (cost=0.00..152138.54 rows=602344 width=4) (actual time=0.379..1130.244 rows=595837 loops=1)
Gather  (cost=1000.00..105967.92 rows=11472 width=3) (actual time=0.706..347.928 rows=14709 loops=1)
Gather  (cost=1000.00..149262.02 rows=444413 width=4) (actual time=0.578..485.934 rows=443206 loops=1)
Seq Scan on area_v_con  (cost=0.00..152138.54 rows=923505 width=4) (actual time=0.373..1154.945 rows=926646 loops=1)
Seq Scan on area_v_con  (cost=0.00..152138.54 rows=504714 width=4) (actual time=0.444..1162.475 rows=516862 loops=1)
Seq Scan on area_v_con  (cost=0.00..152138.54 rows=602344 width=4) (actual time=0.369..1135.133 rows=595837 loops=1)
Gather  (cost=1000.00..149262.02 rows=444413 width=4) (actual time=0.579..480.593 rows=443206 loops=1)
Gather  (cost=1000.00..110607.82 rows=57871 width=3) (actual time=0.558..352.585 rows=59423 loops=1)
Seq Scan on area_v_con  (cost=0.00..152138.54 rows=1422256 width=4) (actual time=0.379..1188.262 rows=1419652 loops=1)
Gather  (cost=1000.00..105967.92 rows=11472 width=3) (actual time=0.692..349.492 rows=23047 loops=1)
Gather  (cost=1000.00..105967.92 rows=11472 width=3) (actual time=0.607..345.001 rows=8059 loops=1)
Gather  (cost=1000.00..105967.92 rows=11472 width=3) (actual time=0.683..347.958 rows=6527 loops=1)
Gather  (cost=1000.00..105967.92 rows=11472 width=3) (actual time=1.157..345.637 rows=3312 loops=1)
Seq Scan on area_v_con  (cost=0.00..152138.54 rows=923505 width=4) (actual time=0.363..1148.831 rows=926646 loops=1)
Gather  (cost=1000.00..105967.92 rows=11472 width=3) (actual time=0.701..348.060 rows=18152 loops=1)
Gather  (cost=1000.00..110276.52 rows=54558 width=3) (actual time=0.563..351.380 rows=59423 loops=1)
Gather  (cost=1000.00..105967.92 rows=11472 width=3) (actual time=0.736..339.108 rows=13300 loops=1)
Gather  (cost=1000.00..147009.12 rows=421884 width=4) (actual time=0.553..482.349 rows=434439 loops=1)
Seq Scan on area_v_con  (cost=0.00..152138.54 rows=602344 width=4) (actual time=0.373..1133.459 rows=595837 loops=1)
Gather  (cost=1000.00..148489.02 rows=436683 width=4) (actual time=0.648..476.808 rows=425955 loops=1)
Gather  (cost=1000.00..146147.62 rows=413269 width=4) (actual time=0.596..486.243 rows=424881 loops=1)
Gather  (cost=1000.00..105967.92 rows=11472 width=3) (actual time=0.558..341.687 rows=4942 loops=1)
Seq Scan on area_v_con  (cost=0.00..152138.54 rows=923505 width=4) (actual time=0.368..1166.994 rows=926646 loops=1)
Seq Scan on area_v_con  (cost=0.00..152138.54 rows=923505 width=4) (actual time=0.369..1155.564 rows=926646 loops=1)
Seq Scan on area_v_con  (cost=0.00..152138.54 rows=490357 width=4) (actual time=0.385..1129.668 rows=495041 loops=1)
Gather  (cost=1000.00..105967.92 rows=11472 width=3) (actual time=0.644..353.852 rows=6538 loops=1)
Gather  (cost=1000.00..108796.62 rows=39759 width=3) (actual time=0.575..361.158 rows=41350 loops=1)
Seq Scan on area_v_con  (cost=0.00..152138.54 rows=489031 width=4) (actual time=0.457..1122.670 rows=473031 loops=1)
Seq Scan on area_v_con  (cost=0.00..152138.54 rows=602344 width=4) (actual time=0.364..1128.881 rows=595837 loops=1)
Gather  (cost=1000.00..105967.92 rows=11472 width=3) (actual time=0.800..339.903 rows=13300 loops=1)
Gather  (cost=1000.00..105967.92 rows=11472 width=3) (actual time=0.959..337.487 rows=6518 loops=1)
Gather  (cost=1000.00..149262.02 rows=444413 width=4) (actual time=0.703..488.210 rows=443206 loops=1)
Gather  (cost=1000.00..105967.92 rows=11472 width=3) (actual time=0.672..369.398 rows=4958 loops=1)
Gather  (cost=1000.00..107206.22 rows=23855 width=3) (actual time=0.783..342.936 rows=23240 loops=1)
Gather  (cost=1000.00..105967.92 rows=11472 width=3) (actual time=0.603..337.264 rows=8192 loops=1)
Gather  (cost=1000.00..107272.52 rows=24518 width=3) (actual time=0.665..350.646 rows=23047 loops=1)
Seq Scan on area_v_con  (cost=0.00..152138.54 rows=1422256 width=4) (actual time=0.366..1175.977 rows=1419652 loops=1)
Seq Scan on area_v_con  (cost=0.00..152138.54 rows=504714 width=4) (actual time=0.434..1125.555 rows=516862 loops=1)
Gather  (cost=1000.00..107824.72 rows=30040 width=3) (actual time=0.575..357.720 rows=31459 loops=1)
Gather  (cost=1000.00..108973.32 rows=41526 width=3) (actual time=0.570..344.303 rows=41350 loops=1)
Seq Scan on area_v_con  (cost=0.00..152138.54 rows=1422256 width=4) (actual time=0.372..1173.296 rows=1419652 loops=1)
Gather  (cost=1000.00..148489.02 rows=436683 width=4) (actual time=0.711..494.031 rows=425955 loops=1)
Gather  (cost=1000.00..105967.92 rows=11472 width=3) (actual time=0.554..349.408 rows=8059 loops=1)
Gather  (cost=1000.00..105967.92 rows=11472 width=3) (actual time=0.639..337.630 rows=6538 loops=1)
Seq Scan on area_v_con  (cost=0.00..152138.54 rows=923505 width=4) (actual time=0.369..1152.850 rows=926646 loops=1)
Gather  (cost=1000.00..105967.92 rows=11472 width=3) (actual time=0.737..344.759 rows=13300 loops=1)
Gather  (cost=1000.00..105967.92 rows=11472 width=3) (actual time=0.578..339.272 rows=6613 loops=1)
Gather  (cost=1000.00..104820.82 rows=1 width=4) (actual time=410.978..415.862 rows=0 loops=1)
Seq Scan on area_v_con  (cost=0.00..152138.54 rows=1422256 width=4) (actual time=0.379..1180.041 rows=1419652 loops=1)
Seq Scan on area_v_con  (cost=0.00..152138.54 rows=1422256 width=4) (actual time=0.367..1183.631 rows=1419652 loops=1)
Seq Scan on area_v_con  (cost=0.00..152138.54 rows=1422256 width=4) (actual time=0.417..1180.904 rows=1419652 loops=1)
Seq Scan on area_v_con  (cost=0.00..152138.54 rows=489031 width=4) (actual time=0.454..1126.357 rows=473031 loops=1)
Gather  (cost=1000.00..105967.92 rows=11472 width=3) (actual time=0.811..340.871 rows=23240 loops=1)
Gather  (cost=1000.00..105967.92 rows=11472 width=3) (actual time=0.585..356.400 rows=19619 loops=1)
Gather  (cost=1000.00..149262.02 rows=444413 width=4) (actual time=0.683..497.583 rows=443206 loops=1)
Seq Scan on area_v_con  (cost=0.00..152138.54 rows=1422256 width=4) (actual time=0.374..1179.032 rows=1419652 loops=1)
Seq Scan on area_v_con  (cost=0.00..152138.54 rows=923505 width=4) (actual time=0.387..1151.453 rows=926646 loops=1)
Gather  (cost=1000.00..105967.92 rows=11472 width=3) (actual time=0.608..340.253 rows=14709 loops=1)
Gather  (cost=1000.00..105967.92 rows=11472 width=3) (actual time=0.566..349.066 rows=19619 loops=1)
Gather  (cost=1000.00..146147.62 rows=413269 width=4) (actual time=0.601..478.945 rows=424881 loops=1)
Seq Scan on area_v_con  (cost=0.00..152138.54 rows=1422256 width=4) (actual time=0.375..1176.621 rows=1419652 loops=1)
Seq Scan on area_v_con  (cost=0.00..152138.54 rows=477987 width=4) (actual time=0.428..1120.196 rows=470990 loops=1)
Gather  (cost=1000.00..105967.92 rows=11472 width=3) (actual time=0.653..341.761 rows=3444 loops=1)
Gather  (cost=1000.00..105967.92 rows=11472 width=3) (actual time=0.623..342.732 rows=9970 loops=1)
Gather  (cost=1000.00..105967.92 rows=11472 width=3) (actual time=0.629..341.102 rows=19619 loops=1)
Gather  (cost=1000.00..105967.92 rows=11472 width=3) (actual time=0.552..353.116 rows=23173 loops=1)
Gather  (cost=1000.00..105967.92 rows=11472 width=3) (actual time=0.581..342.308 rows=6613 loops=1)
Gather  (cost=1000.00..105967.92 rows=11472 width=3) (actual time=0.676..356.114 rows=9703 loops=1)
Seq Scan on area_v_con  (cost=0.00..152138.54 rows=1422256 width=4) (actual time=0.377..1175.679 rows=1419652 loops=1)
Gather  (cost=1000.00..146147.62 rows=413269 width=4) (actual time=0.621..483.237 rows=424881 loops=1)
Gather  (cost=1000.00..147009.12 rows=421884 width=4) (actual time=0.556..486.835 rows=434439 loops=1)
Seq Scan on area_v_con  (cost=0.00..152138.54 rows=504714 width=4) (actual time=0.374..1129.800 rows=516862 loops=1)
Seq Scan on area_v_con  (cost=0.00..152138.54 rows=923505 width=4) (actual time=0.366..1150.772 rows=926646 loops=1)
Gather  (cost=1000.00..105967.92 rows=11472 width=3) (actual time=0.977..338.351 rows=9962 loops=1)
Gather  (cost=1000.00..105967.92 rows=11472 width=3) (actual time=0.681..344.732 rows=13307 loops=1)
Seq Scan on area_v_con  (cost=0.00..152138.54 rows=923505 width=4) (actual time=0.372..1152.596 rows=926646 loops=1)
Seq Scan on area_v_con  (cost=0.00..152138.54 rows=504714 width=4) (actual time=0.362..1126.411 rows=516862 loops=1)
Gather  (cost=1000.00..105967.92 rows=11472 width=3) (actual time=0.855..340.897 rows=9962 loops=1)
Gather  (cost=1000.00..107272.52 rows=24518 width=3) (actual time=0.669..353.773 rows=23047 loops=1)
Gather  (cost=1000.00..105967.92 rows=11472 width=3) (actual time=0.599..359.405 rows=9970 loops=1)
Gather  (cost=1000.00..105967.92 rows=11472 width=3) (actual time=0.556..352.327 rows=23173 loops=1)
Seq Scan on area_v_con  (cost=0.00..152138.54 rows=1422256 width=4) (actual time=0.381..1185.860 rows=1419652 loops=1)
Gather  (cost=1000.00..105967.92 rows=11472 width=3) (actual time=1.087..340.818 rows=4864 loops=1)
Seq Scan on area_v_con  (cost=0.00..152138.54 rows=490357 width=4) (actual time=0.495..1133.618 rows=495041 loops=1)
Gather  (cost=1000.00..147009.12 rows=421884 width=4) (actual time=0.607..479.748 rows=434439 loops=1)
Gather  (cost=1000.00..104820.82 rows=1 width=4) (actual time=418.983..423.800 rows=0 loops=1)
Gather  (cost=1000.00..105967.92 rows=11472 width=3) (actual time=1.271..351.184 rows=4951 loops=1)
Seq Scan on area_v_con  (cost=0.00..152138.54 rows=477987 width=4) (actual time=0.447..1132.769 rows=470990 loops=1)
Gather  (cost=1000.00..105967.92 rows=11472 width=3) (actual time=0.734..351.421 rows=11597 loops=1)
Seq Scan on area_v_con  (cost=0.00..152138.54 rows=602344 width=4) (actual time=0.382..1136.945 rows=595837 loops=1)
Gather  (cost=1000.00..110917.02 rows=60963 width=3) (actual time=0.627..357.100 rows=59423 loops=1)
Gather  (cost=1000.00..147009.12 rows=421884 width=4) (actual time=0.679..487.070 rows=434439 loops=1)
Seq Scan on area_v_con  (cost=0.00..152138.54 rows=602344 width=4) (actual time=0.372..1141.676 rows=595837 loops=1)
Seq Scan on area_v_con  (cost=0.00..152138.54 rows=1422256 width=4) (actual time=0.371..1192.861 rows=1419652 loops=1)
Gather  (cost=1000.00..146147.62 rows=413269 width=4) (actual time=0.680..490.045 rows=424881 loops=1)
Gather  (cost=1000.00..105967.92 rows=11472 width=3) (actual time=0.628..348.564 rows=18152 loops=1)
Gather  (cost=1000.00..105967.92 rows=11472 width=3) (actual time=0.785..348.760 rows=23047 loops=1)
Gather  (cost=1000.00..110762.42 rows=59417 width=3) (actual time=0.553..359.406 rows=59423 loops=1)
Seq Scan on area_v_con  (cost=0.00..152138.54 rows=1422256 width=4) (actual time=0.381..1187.129 rows=1419652 loops=1)
Gather  (cost=1000.00..105967.92 rows=11472 width=3) (actual time=0.713..340.059 rows=8059 loops=1)
Seq Scan on area_v_con  (cost=0.00..152138.54 rows=1422256 width=4) (actual time=0.370..1180.298 rows=1419652 loops=1)
Gather  (cost=1000.00..108796.62 rows=39759 width=3) (actual time=0.606..347.394 rows=41350 loops=1)
Gather  (cost=1000.00..105967.92 rows=11472 width=3) (actual time=2.067..342.555 rows=1675 loops=1)
Gather  (cost=1000.00..105967.92 rows=11472 width=3) (actual time=0.669..348.624 rows=23047 loops=1)
Gather  (cost=1000.00..105967.92 rows=11472 width=3) (actual time=0.733..339.881 rows=9703 loops=1)
Seq Scan on area_v_con  (cost=0.00..152138.54 rows=923505 width=4) (actual time=0.374..1152.205 rows=926646 loops=1)
Gather  (cost=1000.00..105967.92 rows=11472 width=3) (actual time=0.569..351.893 rows=23173 loops=1)
Seq Scan on area_v_con  (cost=0.00..152138.54 rows=1422256 width=4) (actual time=0.373..1176.770 rows=1419652 loops=1)
Seq Scan on area_v_con  (cost=0.00..152138.54 rows=1422256 width=4) (actual time=0.363..1175.926 rows=1419652 loops=1)
Seq Scan on area_v_con  (cost=0.00..152138.54 rows=923505 width=4) (actual time=0.442..1156.124 rows=926646 loops=1)
Seq Scan on area_v_con  (cost=0.00..152138.54 rows=490357 width=4) (actual time=0.403..1134.059 rows=495041 loops=1)
Seq Scan on area_v_con  (cost=0.00..152138.54 rows=1422256 width=4) (actual time=0.398..1175.892 rows=1419652 loops=1)
Seq Scan on area_v_con  (cost=0.00..152138.54 rows=490357 width=4) (actual time=0.412..1118.058 rows=495041 loops=1)
Seq Scan on area_v_con  (cost=0.00..152138.54 rows=602344 width=4) (actual time=0.035..1133.725 rows=595837 loops=1)
Gather  (cost=1000.00..105967.92 rows=11472 width=3) (actual time=0.788..358.034 rows=13307 loops=1)
Gather  (cost=1000.00..109216.22 rows=43955 width=3) (actual time=0.590..359.850 rows=41350 loops=1)
Gather  (cost=1000.00..109282.52 rows=44618 width=3) (actual time=0.584..354.350 rows=41350 loops=1)
Gather  (cost=1000.00..149262.02 rows=444413 width=4) (actual time=0.594..482.333 rows=443206 loops=1)
Gather  (cost=1000.00..105967.92 rows=11472 width=3) (actual time=0.558..350.997 rows=4942 loops=1)
Gather  (cost=1000.00..108995.42 rows=41747 width=3) (actual time=0.576..355.806 rows=41350 loops=1)
Gather  (cost=1000.00..105967.92 rows=11472 width=3) (actual time=0.706..339.609 rows=13151 loops=1)
Gather  (cost=1000.00..105967.92 rows=11472 width=3) (actual time=0.601..340.326 rows=11597 loops=1)
Gather  (cost=1000.00..111027.52 rows=62068 width=3) (actual time=0.558..358.831 rows=59423 loops=1)
Seq Scan on area_v_con  (cost=0.00..152138.54 rows=477987 width=4) (actual time=0.474..1129.660 rows=470990 loops=1)
Seq Scan on area_v_con  (cost=0.00..152138.54 rows=489031 width=4) (actual time=0.456..1124.181 rows=473031 loops=1)
Gather  (cost=1000.00..146147.62 rows=413269 width=4) (actual time=0.605..481.309 rows=424881 loops=1)
Gather  (cost=1000.00..110409.02 rows=55883 width=3) (actual time=0.549..355.659 rows=59423 loops=1)
Gather  (cost=1000.00..149262.02 rows=444413 width=4) (actual time=0.578..493.561 rows=443206 loops=1)
Gather  (cost=1000.00..104820.82 rows=1 width=4) (actual time=412.377..417.345 rows=0 loops=1)
Gather  (cost=1000.00..148489.02 rows=436683 width=4) (actual time=0.627..478.980 rows=425955 loops=1)
Gather  (cost=1000.00..110386.92 rows=55662 width=3) (actual time=0.552..352.161 rows=59423 loops=1)
Seq Scan on area_v_con  (cost=0.00..152138.54 rows=490357 width=4) (actual time=0.425..1123.642 rows=495041 loops=1)
Seq Scan on area_v_con  (cost=0.00..152138.54 rows=477987 width=4) (actual time=0.422..1119.952 rows=470990 loops=1)
Seq Scan on area_v_con  (cost=0.00..152138.54 rows=602344 width=4) (actual time=0.368..1129.439 rows=595837 loops=1)
Gather  (cost=1000.00..105967.92 rows=11472 width=3) (actual time=0.736..338.003 rows=9703 loops=1)
Gather  (cost=1000.00..110519.42 rows=56987 width=3) (actual time=0.547..352.918 rows=59423 loops=1)
Gather  (cost=1000.00..148489.02 rows=436683 width=4) (actual time=0.639..485.697 rows=425955 loops=1)
Gather  (cost=1000.00..107692.22 rows=28715 width=3) (actual time=0.583..353.536 rows=31459 loops=1)
Gather  (cost=1000.00..105967.92 rows=11472 width=3) (actual time=0.629..346.145 rows=23240 loops=1)
Seq Scan on area_v_con  (cost=0.00..152138.54 rows=923505 width=4) (actual time=0.377..1149.483 rows=926646 loops=1)
Gather  (cost=1000.00..110917.02 rows=60963 width=3) (actual time=0.706..355.904 rows=59423 loops=1)
Gather  (cost=1000.00..148489.02 rows=436683 width=4) (actual time=0.638..481.193 rows=425955 loops=1)
Gather  (cost=1000.00..105967.92 rows=11472 width=3) (actual time=0.573..341.407 rows=8059 loops=1)
Gather  (cost=1000.00..105967.92 rows=11472 width=3) (actual time=0.233..343.928 rows=9970 loops=1)
Gather  (cost=1000.00..105967.92 rows=11472 width=3) (actual time=0.616..349.303 rows=18152 loops=1)
Gather  (cost=1000.00..107471.32 rows=26506 width=3) (actual time=0.658..344.209 rows=23240 loops=1)
Seq Scan on area_v_con  (cost=0.00..152138.54 rows=923505 width=4) (actual time=0.366..1152.577 rows=926646 loops=1)
Seq Scan on area_v_con  (cost=0.00..152138.54 rows=602344 width=4) (actual time=0.395..1132.892 rows=595837 loops=1)
Gather  (cost=1000.00..148489.02 rows=436683 width=4) (actual time=0.731..479.632 rows=425955 loops=1)
Gather  (cost=1000.00..147009.12 rows=421884 width=4) (actual time=0.565..487.095 rows=434439 loops=1)
Gather  (cost=1000.00..146147.62 rows=413269 width=4) (actual time=0.611..480.976 rows=424881 loops=1)
Seq Scan on area_v_con  (cost=0.00..152138.54 rows=923505 width=4) (actual time=0.405..1152.594 rows=926646 loops=1)
Gather  (cost=1000.00..107935.12 rows=31144 width=3) (actual time=0.648..346.850 rows=31459 loops=1)
Seq Scan on area_v_con  (cost=0.00..152138.54 rows=923505 width=4) (actual time=0.378..1157.361 rows=926646 loops=1)
Gather  (cost=1000.00..107935.12 rows=31144 width=3) (actual time=0.628..344.189 rows=31459 loops=1)
Gather  (cost=1000.00..105967.92 rows=11472 width=3) (actual time=0.615..348.306 rows=6538 loops=1)
Gather  (cost=1000.00..146147.62 rows=413269 width=4) (actual time=0.596..485.890 rows=424881 loops=1)
Gather  (cost=1000.00..107736.32 rows=29156 width=3) (actual time=0.571..346.712 rows=31459 loops=1)
Gather  (cost=1000.00..105967.92 rows=11472 width=3) (actual time=1.028..338.654 rows=4864 loops=1)
Gather  (cost=1000.00..105967.92 rows=11472 width=3) (actual time=0.560..341.807 rows=23173 loops=1)
Gather  (cost=1000.00..105967.92 rows=11472 width=3) (actual time=0.971..341.651 rows=6518 loops=1)
Seq Scan on area_v_con  (cost=0.00..152138.54 rows=489031 width=4) (actual time=0.465..1124.097 rows=473031 loops=1)
Gather  (cost=1000.00..110718.22 rows=58975 width=3) (actual time=0.646..356.708 rows=59423 loops=1)
Seq Scan on area_v_con  (cost=0.00..152138.54 rows=489031 width=4) (actual time=0.461..1131.654 rows=473031 loops=1)
Seq Scan on area_v_con  (cost=0.00..152138.54 rows=489031 width=4) (actual time=0.456..1128.978 rows=473031 loops=1)
Gather  (cost=1000.00..105967.92 rows=11472 width=3) (actual time=0.618..346.363 rows=19619 loops=1)
Gather  (cost=1000.00..108995.42 rows=41747 width=3) (actual time=0.580..352.506 rows=41350 loops=1)
Seq Scan on area_v_con  (cost=0.00..152138.54 rows=1422256 width=4) (actual time=0.370..1176.685 rows=1419652 loops=1)
Seq Scan on area_v_con  (cost=0.00..152138.54 rows=1422256 width=4) (actual time=0.375..1180.537 rows=1419652 loops=1)
Seq Scan on area_v_con  (cost=0.00..152138.54 rows=602344 width=4) (actual time=0.365..1136.554 rows=595837 loops=1)
Seq Scan on area_v_con  (cost=0.00..152138.54 rows=477987 width=4) (actual time=0.429..1115.023 rows=470990 loops=1)
Seq Scan on area_v_con  (cost=0.00..152138.54 rows=1422256 width=4) (actual time=0.371..1170.129 rows=1419652 loops=1)
Seq Scan on area_v_con  (cost=0.00..152138.54 rows=1422256 width=4) (actual time=0.347..1168.814 rows=1419652 loops=1)
Gather  (cost=1000.00..105967.92 rows=11472 width=3) (actual time=0.568..348.014 rows=14699 loops=1)
Gather  (cost=1000.00..105967.92 rows=11472 width=3) (actual time=0.650..338.157 rows=6626 loops=1)
Gather  (cost=1000.00..105967.92 rows=11472 width=3) (actual time=0.676..345.133 rows=23047 loops=1)
Gather  (cost=1000.00..105967.92 rows=11472 width=3) (actual time=0.785..354.333 rows=23240 loops=1)
Seq Scan on area_v_con  (cost=0.00..152138.54 rows=923505 width=4) (actual time=0.376..1148.061 rows=926646 loops=1)
Seq Scan on area_v_con  (cost=0.00..152138.54 rows=504714 width=4) (actual time=0.354..1123.318 rows=516862 loops=1)
Seq Scan on area_v_con  (cost=0.00..152138.54 rows=490357 width=4) (actual time=0.398..1123.587 rows=495041 loops=1)
Gather  (cost=1000.00..110850.82 rows=60301 width=3) (actual time=0.580..359.823 rows=59423 loops=1)
Gather  (cost=1000.00..105967.92 rows=11472 width=3) (actual time=0.608..344.068 rows=8243 loops=1)
Gather  (cost=1000.00..107935.12 rows=31144 width=3) (actual time=0.561..345.084 rows=31459 loops=1)
Gather  (cost=1000.00..148489.02 rows=436683 width=4) (actual time=0.654..487.053 rows=425955 loops=1)
Gather  (cost=1000.00..105967.92 rows=11472 width=3) (actual time=0.677..337.083 rows=4958 loops=1)
Gather  (cost=1000.00..105967.92 rows=11472 width=3) (actual time=0.561..346.902 rows=14699 loops=1)
Gather  (cost=1000.00..105967.92 rows=11472 width=3) (actual time=0.628..351.973 rows=6618 loops=1)
Gather  (cost=1000.00..105967.92 rows=11472 width=3) (actual time=0.730..351.435 rows=13300 loops=1)
Seq Scan on area_v_con  (cost=0.00..152138.54 rows=923505 width=4) (actual time=0.372..1149.535 rows=926646 loops=1)
Seq Scan on area_v_con  (cost=0.00..152138.54 rows=1422256 width=4) (actual time=0.368..1173.301 rows=1419652 loops=1)
Seq Scan on area_v_con  (cost=0.00..152138.54 rows=504714 width=4) (actual time=0.350..1123.769 rows=516862 loops=1)
Seq Scan on area_v_con  (cost=0.00..152138.54 rows=602344 width=4) (actual time=0.373..1128.204 rows=595837 loops=1)
Seq Scan on area_v_con  (cost=0.00..152138.54 rows=1422256 width=4) (actual time=0.374..1173.420 rows=1419652 loops=1)
Seq Scan on area_v_con  (cost=0.00..152138.54 rows=504714 width=4) (actual time=0.239..1129.306 rows=516862 loops=1)
Gather  (cost=1000.00..107272.52 rows=24518 width=3) (actual time=0.387..343.303 rows=23047 loops=1)
Gather  (cost=1000.00..107471.32 rows=26506 width=3) (actual time=0.669..342.299 rows=23047 loops=1)
Gather  (cost=1000.00..108332.72 rows=35120 width=3) (actual time=0.548..344.182 rows=31459 loops=1)
Gather  (cost=1000.00..110674.12 rows=58534 width=3) (actual time=0.561..354.515 rows=59423 loops=1)
Gather  (cost=1000.00..105967.92 rows=11472 width=3) (actual time=0.662..337.890 rows=6626 loops=1)
Gather  (cost=1000.00..105967.92 rows=11472 width=3) (actual time=0.621..341.692 rows=18152 loops=1)
Seq Scan on area_v_con  (cost=0.00..152138.54 rows=504714 width=4) (actual time=0.366..1125.838 rows=516862 loops=1)
Seq Scan on area_v_con  (cost=0.00..152138.54 rows=923505 width=4) (actual time=0.365..1143.471 rows=926646 loops=1)
Seq Scan on area_v_con  (cost=0.00..152138.54 rows=1422256 width=4) (actual time=0.427..1170.392 rows=1419652 loops=1)
Gather  (cost=1000.00..147009.12 rows=421884 width=4) (actual time=0.571..484.651 rows=434439 loops=1)
Gather  (cost=1000.00..105967.92 rows=11472 width=3) (actual time=0.609..343.970 rows=8242 loops=1)
Gather  (cost=1000.00..111093.72 rows=62730 width=3) (actual time=0.553..357.369 rows=59423 loops=1)
Seq Scan on area_v_con  (cost=0.00..152138.54 rows=923505 width=4) (actual time=0.374..1151.113 rows=926646 loops=1)
Seq Scan on area_v_con  (cost=0.00..152138.54 rows=1422256 width=4) (actual time=0.445..1172.603 rows=1419652 loops=1)
Seq Scan on area_v_con  (cost=0.00..152138.54 rows=923505 width=4) (actual time=0.362..1145.001 rows=926646 loops=1)
Seq Scan on area_v_con  (cost=0.00..152138.54 rows=602344 width=4) (actual time=0.368..1131.438 rows=595837 loops=1)
Gather  (cost=1000.00..105967.92 rows=11472 width=3) (actual time=0.602..349.094 rows=8059 loops=1)
Gather  (cost=1000.00..105967.92 rows=11472 width=3) (actual time=0.591..341.685 rows=8243 loops=1)
Gather  (cost=1000.00..105967.92 rows=11472 width=3) (actual time=0.552..355.207 rows=23173 loops=1)
Gather  (cost=1000.00..105967.92 rows=11472 width=3) (actual time=0.610..348.663 rows=18152 loops=1)
Gather  (cost=1000.00..105967.92 rows=11472 width=3) (actual time=0.667..339.767 rows=13307 loops=1)
Gather  (cost=1000.00..105967.92 rows=11472 width=3) (actual time=0.689..339.264 rows=13151 loops=1)
Seq Scan on area_v_con  (cost=0.00..152138.54 rows=923505 width=4) (actual time=0.386..1146.163 rows=926646 loops=1)
Seq Scan on area_v_con  (cost=0.00..152138.54 rows=1422256 width=4) (actual time=0.362..1167.659 rows=1419652 loops=1)
Seq Scan on area_v_con  (cost=0.00..152138.54 rows=504714 width=4) (actual time=0.359..1121.044 rows=516862 loops=1)
Gather  (cost=1000.00..105967.92 rows=11472 width=3) (actual time=0.825..348.878 rows=23047 loops=1)
Gather  (cost=1000.00..111248.32 rows=64276 width=3) (actual time=0.684..350.658 rows=59423 loops=1)
Gather  (cost=1000.00..107537.52 rows=27168 width=3) (actual time=0.572..343.434 rows=23173 loops=1)
Gather  (cost=1000.00..149262.02 rows=444413 width=4) (actual time=0.581..480.875 rows=443206 loops=1)
Seq Scan on area_v_con  (cost=0.00..152138.54 rows=504714 width=4) (actual time=0.457..1126.735 rows=516862 loops=1)
Gather  (cost=1000.00..104820.82 rows=1 width=4) (actual time=417.819..422.728 rows=0 loops=1)
Gather  (cost=1000.00..105967.92 rows=11472 width=3) (actual time=0.556..343.157 rows=8059 loops=1)
Gather  (cost=1000.00..105967.92 rows=11472 width=3) (actual time=0.590..356.400 rows=8243 loops=1)
Seq Scan on area_v_con  (cost=0.00..152138.54 rows=602344 width=4) (actual time=0.400..1131.992 rows=595837 loops=1)
Gather  (cost=1000.00..105967.92 rows=11472 width=3) (actual time=2.457..339.145 rows=1643 loops=1)
Gather  (cost=1000.00..148489.02 rows=436683 width=4) (actual time=0.633..480.561 rows=425955 loops=1)
Gather  (cost=1000.00..105967.92 rows=11472 width=3) (actual time=0.650..342.420 rows=23047 loops=1)
Seq Scan on area_v_con  (cost=0.00..152138.54 rows=923505 width=4) (actual time=0.371..1149.167 rows=926646 loops=1)
Seq Scan on area_v_con  (cost=0.00..152138.54 rows=490357 width=4) (actual time=0.050..1124.817 rows=495041 loops=1)
Seq Scan on area_v_con  (cost=0.00..152138.54 rows=477987 width=4) (actual time=0.479..1121.565 rows=470990 loops=1)
Seq Scan on area_v_con  (cost=0.00..152138.54 rows=923505 width=4) (actual time=0.032..1143.127 rows=926646 loops=1)
Gather  (cost=1000.00..105967.92 rows=11472 width=3) (actual time=1.052..341.694 rows=9962 loops=1)
Seq Scan on area_v_con  (cost=0.00..152138.54 rows=602344 width=4) (actual time=0.033..1129.057 rows=595837 loops=1)
Gather  (cost=1000.00..110409.02 rows=55883 width=3) (actual time=0.607..358.411 rows=59423 loops=1)
Seq Scan on area_v_con  (cost=0.00..152138.54 rows=1422256 width=4) (actual time=0.375..1170.445 rows=1419652 loops=1)
Gather  (cost=1000.00..111027.52 rows=62068 width=3) (actual time=0.568..362.056 rows=59423 loops=1)
Gather  (cost=1000.00..105967.92 rows=11472 width=3) (actual time=0.548..344.550 rows=8059 loops=1)
Gather  (cost=1000.00..107272.52 rows=24518 width=3) (actual time=0.661..348.959 rows=23240 loops=1)
Gather  (cost=1000.00..109304.62 rows=44839 width=3) (actual time=0.594..345.457 rows=41350 loops=1)
Seq Scan on area_v_con  (cost=0.00..152138.54 rows=1422256 width=4) (actual time=0.415..1172.903 rows=1419652 loops=1)
Seq Scan on area_v_con  (cost=0.00..152138.54 rows=923505 width=4) (actual time=0.358..1142.144 rows=926646 loops=1)
Gather  (cost=1000.00..110894.92 rows=60742 width=3) (actual time=0.666..351.204 rows=59423 loops=1)
Gather  (cost=1000.00..105967.92 rows=11472 width=3) (actual time=0.750..344.692 rows=1617 loops=1)
Seq Scan on area_v_con  (cost=0.00..152138.54 rows=477987 width=4) (actual time=0.443..1119.822 rows=470990 loops=1)
Gather  (cost=1000.00..146147.62 rows=413269 width=4) (actual time=0.739..488.417 rows=424881 loops=1)
Gather  (cost=1000.00..105967.92 rows=11472 width=3) (actual time=0.733..353.071 rows=8243 loops=1)
Seq Scan on area_v_con  (cost=0.00..152138.54 rows=923505 width=4) (actual time=0.377..1147.837 rows=926646 loops=1)
Seq Scan on area_v_con  (cost=0.00..152138.54 rows=490357 width=4) (actual time=0.374..1121.795 rows=495041 loops=1)
Gather  (cost=1000.00..146147.62 rows=413269 width=4) (actual time=0.606..479.203 rows=424881 loops=1)
Seq Scan on area_v_con  (cost=0.00..152138.54 rows=1422256 width=4) (actual time=0.363..1179.014 rows=1419652 loops=1)
Seq Scan on area_v_con  (cost=0.00..152138.54 rows=489031 width=4) (actual time=0.453..1119.322 rows=473031 loops=1)
Gather  (cost=1000.00..105967.92 rows=11472 width=3) (actual time=0.741..335.884 rows=1681 loops=1)
Gather  (cost=1000.00..105967.92 rows=11472 width=3) (actual time=0.599..341.434 rows=14709 loops=1)
Gather  (cost=1000.00..147009.12 rows=421884 width=4) (actual time=0.555..478.898 rows=434439 loops=1)
Seq Scan on area_v_con  (cost=0.00..152138.54 rows=489031 width=4) (actual time=0.456..1119.898 rows=473031 loops=1)
Gather  (cost=1000.00..105967.92 rows=11472 width=3) (actual time=1.308..342.294 rows=4951 loops=1)
Seq Scan on area_v_con  (cost=0.00..152138.54 rows=923505 width=4) (actual time=0.376..1143.604 rows=926646 loops=1)
Seq Scan on area_v_con  (cost=0.00..152138.54 rows=477987 width=4) (actual time=0.426..1115.966 rows=470990 loops=1)
Gather  (cost=1000.00..105967.92 rows=11472 width=3) (actual time=0.582..340.330 rows=19619 loops=1)
Gather  (cost=1000.00..105967.92 rows=11472 width=3) (actual time=0.615..346.507 rows=8192 loops=1)
Gather  (cost=1000.00..107891.02 rows=30703 width=3) (actual time=0.553..355.899 rows=31459 loops=1)
Gather  (cost=1000.00..109260.42 rows=44397 width=3) (actual time=0.581..350.944 rows=41350 loops=1)
Seq Scan on area_v_con  (cost=0.00..152138.54 rows=1422256 width=4) (actual time=0.435..1174.986 rows=1419652 loops=1)
Gather  (cost=1000.00..105967.92 rows=11472 width=3) (actual time=0.716..340.961 rows=13151 loops=1)
Seq Scan on area_v_con  (cost=0.00..152138.54 rows=490357 width=4) (actual time=0.389..1121.377 rows=495041 loops=1)
Gather  (cost=1000.00..107382.92 rows=25622 width=3) (actual time=0.628..348.455 rows=23173 loops=1)
Gather  (cost=1000.00..108332.72 rows=35120 width=3) (actual time=0.571..345.416 rows=41350 loops=1)
Gather  (cost=1000.00..146147.62 rows=413269 width=4) (actual time=0.595..482.452 rows=424881 loops=1)
Gather  (cost=1000.00..105967.92 rows=11472 width=3) (actual time=0.674..342.498 rows=13307 loops=1)
Gather  (cost=1000.00..105967.92 rows=11472 width=3) (actual time=0.558..341.946 rows=23173 loops=1)
Gather  (cost=1000.00..105967.92 rows=11472 width=3) (actual time=0.721..336.179 rows=6637 loops=1)
Gather  (cost=1000.00..147009.12 rows=421884 width=4) (actual time=0.551..479.012 rows=434439 loops=1)
Gather  (cost=1000.00..147009.12 rows=421884 width=4) (actual time=0.554..478.403 rows=434439 loops=1)
Gather  (cost=1000.00..105967.92 rows=11472 width=3) (actual time=0.532..346.180 rows=8059 loops=1)
Seq Scan on area_v_con  (cost=0.00..152138.54 rows=477987 width=4) (actual time=0.490..1123.963 rows=470990 loops=1)
Seq Scan on area_v_con  (cost=0.00..152138.54 rows=1422256 width=4) (actual time=0.371..1173.188 rows=1419652 loops=1)
Gather  (cost=1000.00..105967.92 rows=11472 width=3) (actual time=0.680..338.069 rows=8242 loops=1)
Seq Scan on area_v_con  (cost=0.00..152138.54 rows=1422256 width=4) (actual time=0.374..1169.794 rows=1419652 loops=1)
Seq Scan on area_v_con  (cost=0.00..152138.54 rows=923505 width=4) (actual time=0.373..1144.894 rows=926646 loops=1)
Seq Scan on area_v_con  (cost=0.00..152138.54 rows=1422256 width=4) (actual time=0.434..1171.178 rows=1419652 loops=1)
Gather  (cost=1000.00..105967.92 rows=11472 width=3) (actual time=0.656..337.184 rows=6618 loops=1)
Seq Scan on area_v_con  (cost=0.00..152138.54 rows=477987 width=4) (actual time=0.444..1118.207 rows=470990 loops=1)
Gather  (cost=1000.00..105967.92 rows=11472 width=3) (actual time=0.648..354.049 rows=14875 loops=1)
Gather  (cost=1000.00..105967.92 rows=11472 width=3) (actual time=0.618..346.824 rows=8192 loops=1)
Gather  (cost=1000.00..105967.92 rows=11472 width=3) (actual time=0.566..338.099 rows=6613 loops=1)
Gather  (cost=1000.00..105967.92 rows=11472 width=3) (actual time=0.668..345.813 rows=9703 loops=1)
Seq Scan on area_v_con  (cost=0.00..152138.54 rows=602344 width=4) (actual time=0.387..1130.833 rows=595837 loops=1)
Gather  (cost=1000.00..148489.02 rows=436683 width=4) (actual time=0.647..489.597 rows=425955 loops=1)
Seq Scan on area_v_con  (cost=0.00..152138.54 rows=923505 width=4) (actual time=0.374..1144.825 rows=926646 loops=1)
Gather  (cost=1000.00..148489.02 rows=436683 width=4) (actual time=0.642..478.603 rows=425955 loops=1)
Gather  (cost=1000.00..105967.92 rows=11472 width=3) (actual time=0.659..347.202 rows=13151 loops=1)
Seq Scan on area_v_con  (cost=0.00..152138.54 rows=489031 width=4) (actual time=0.522..1123.514 rows=473031 loops=1)
Gather  (cost=1000.00..110497.42 rows=56767 width=3) (actual time=0.629..357.117 rows=59423 loops=1)
Gather  (cost=1000.00..146147.62 rows=413269 width=4) (actual time=0.605..484.525 rows=424881 loops=1)
Seq Scan on area_v_con  (cost=0.00..152138.54 rows=602344 width=4) (actual time=0.366..1137.178 rows=595837 loops=1)
Gather  (cost=1000.00..110961.22 rows=61405 width=3) (actual time=0.563..353.083 rows=59423 loops=1)
Gather  (cost=1000.00..105967.92 rows=11472 width=3) (actual time=0.584..337.719 rows=8243 loops=1)
Gather  (cost=1000.00..105967.92 rows=11472 width=3) (actual time=0.607..348.213 rows=14709 loops=1)
Gather  (cost=1000.00..109105.82 rows=42851 width=3) (actual time=0.578..347.492 rows=41350 loops=1)
Gather  (cost=1000.00..105967.92 rows=11472 width=3) (actual time=0.667..349.287 rows=13307 loops=1)
Seq Scan on area_v_con  (cost=0.00..152138.54 rows=602344 width=4) (actual time=0.370..1131.898 rows=595837 loops=1)
Seq Scan on area_v_con  (cost=0.00..152138.54 rows=602344 width=4) (actual time=0.420..1131.126 rows=595837 loops=1)
Gather  (cost=1000.00..148489.02 rows=436683 width=4) (actual time=0.821..497.030 rows=425955 loops=1)
Gather  (cost=1000.00..107802.62 rows=29819 width=3) (actual time=0.550..342.033 rows=31459 loops=1)
Seq Scan on area_v_con  (cost=0.00..152138.54 rows=1422256 width=4) (actual time=0.435..1175.837 rows=1419652 loops=1)
Gather  (cost=1000.00..104820.82 rows=1 width=4) (actual time=416.145..421.024 rows=0 loops=1)
Gather  (cost=1000.00..105967.92 rows=11472 width=3) (actual time=0.570..340.669 rows=19619 loops=1)
Gather  (cost=1000.00..105967.92 rows=11472 width=3) (actual time=0.956..336.751 rows=3312 loops=1)
Seq Scan on area_v_con  (cost=0.00..152138.54 rows=489031 width=4) (actual time=0.456..1128.985 rows=473031 loops=1)
Gather  (cost=1000.00..105967.92 rows=11472 width=3) (actual time=0.931..342.440 rows=23047 loops=1)
Seq Scan on area_v_con  (cost=0.00..152138.54 rows=489031 width=4) (actual time=0.488..1127.143 rows=473031 loops=1)
Gather  (cost=1000.00..149262.02 rows=444413 width=4) (actual time=0.596..485.890 rows=443206 loops=1)
Gather  (cost=1000.00..105967.92 rows=11472 width=3) (actual time=1.004..336.111 rows=4864 loops=1)
Gather  (cost=1000.00..108178.12 rows=33574 width=3) (actual time=0.583..362.002 rows=31459 loops=1)
Gather  (cost=1000.00..105967.92 rows=11472 width=3) (actual time=0.614..339.427 rows=9970 loops=1)
Seq Scan on area_v_con  (cost=0.00..152138.54 rows=477987 width=4) (actual time=0.445..1121.610 rows=470990 loops=1)
Seq Scan on area_v_con  (cost=0.00..152138.54 rows=1422256 width=4) (actual time=0.359..1171.334 rows=1419652 loops=1)
Seq Scan on area_v_con  (cost=0.00..152138.54 rows=490357 width=4) (actual time=0.375..1120.607 rows=495041 loops=1)
Gather  (cost=1000.00..109105.82 rows=42851 width=3) (actual time=0.599..367.480 rows=41350 loops=1)
Gather  (cost=1000.00..110453.22 rows=56325 width=3) (actual time=0.573..349.657 rows=59423 loops=1)
Seq Scan on area_v_con  (cost=0.00..152138.54 rows=490357 width=4) (actual time=0.381..1122.005 rows=495041 loops=1)
Gather  (cost=1000.00..108730.32 rows=39096 width=3) (actual time=0.595..348.710 rows=41350 loops=1)
Gather  (cost=1000.00..107692.22 rows=28715 width=3) (actual time=0.552..351.826 rows=31459 loops=1)
Gather  (cost=1000.00..107316.72 rows=24960 width=3) (actual time=0.644..349.547 rows=23240 loops=1)
Seq Scan on area_v_con  (cost=0.00..152138.54 rows=923505 width=4) (actual time=0.373..1146.814 rows=926646 loops=1)
Gather  (cost=1000.00..105967.92 rows=11472 width=3) (actual time=0.712..352.299 rows=18152 loops=1)
Seq Scan on area_v_con  (cost=0.00..152138.54 rows=504714 width=4) (actual time=0.376..1127.734 rows=516862 loops=1)
Gather  (cost=1000.00..105967.92 rows=11472 width=3) (actual time=0.630..347.527 rows=18152 loops=1)
Seq Scan on area_v_con  (cost=0.00..152138.54 rows=602344 width=4) (actual time=0.375..1127.364 rows=595837 loops=1)
Seq Scan on area_v_con  (cost=0.00..152138.54 rows=602344 width=4) (actual time=0.360..1128.192 rows=595837 loops=1)
Seq Scan on area_v_con  (cost=0.00..152138.54 rows=490357 width=4) (actual time=0.386..1121.303 rows=495041 loops=1)
Seq Scan on area_v_con  (cost=0.00..152138.54 rows=1422256 width=4) (actual time=0.365..1172.198 rows=1419652 loops=1)
Seq Scan on area_v_con  (cost=0.00..152138.54 rows=477987 width=4) (actual time=0.528..1117.171 rows=470990 loops=1)
Gather  (cost=1000.00..107692.22 rows=28715 width=3) (actual time=0.462..353.852 rows=31459 loops=1)
Seq Scan on area_v_con  (cost=0.00..152138.54 rows=1422256 width=4) (actual time=0.375..1171.820 rows=1419652 loops=1)
Gather  (cost=1000.00..105967.92 rows=11472 width=3) (actual time=0.623..339.470 rows=11597 loops=1)
Seq Scan on area_v_con  (cost=0.00..152138.54 rows=1422256 width=4) (actual time=0.376..1177.181 rows=1419652 loops=1)
Seq Scan on area_v_con  (cost=0.00..152138.54 rows=477987 width=4) (actual time=0.465..1122.529 rows=470990 loops=1)
Gather  (cost=1000.00..107537.52 rows=27168 width=3) (actual time=0.429..341.840 rows=23240 loops=1)
Gather  (cost=1000.00..107360.82 rows=25401 width=3) (actual time=0.573..347.098 rows=19619 loops=1)
Seq Scan on area_v_con  (cost=0.00..152138.54 rows=490357 width=4) (actual time=0.389..1123.081 rows=495041 loops=1)
Gather  (cost=1000.00..107272.52 rows=24518 width=3) (actual time=0.818..347.851 rows=23240 loops=1)
Gather  (cost=1000.00..105967.92 rows=11472 width=3) (actual time=0.576..340.409 rows=19619 loops=1)
Gather  (cost=1000.00..105967.92 rows=11472 width=3) (actual time=0.665..350.074 rows=23047 loops=1)
Gather  (cost=1000.00..105967.92 rows=11472 width=3) (actual time=0.610..342.841 rows=18152 loops=1)
Gather  (cost=1000.00..105967.92 rows=11472 width=3) (actual time=0.619..340.442 rows=18152 loops=1)
Seq Scan on area_v_con  (cost=0.00..152138.54 rows=1422256 width=4) (actual time=0.377..1175.891 rows=1419652 loops=1)
Seq Scan on area_v_con  (cost=0.00..152138.54 rows=602344 width=4) (actual time=0.371..1125.070 rows=595837 loops=1)
Seq Scan on area_v_con  (cost=0.00..152138.54 rows=504714 width=4) (actual time=0.356..1123.161 rows=516862 loops=1)
Seq Scan on area_v_con  (cost=0.00..152138.54 rows=602344 width=4) (actual time=0.364..1128.066 rows=595837 loops=1)
Gather  (cost=1000.00..148489.02 rows=436683 width=4) (actual time=0.730..489.892 rows=425955 loops=1)
Gather  (cost=1000.00..105967.92 rows=11472 width=3) (actual time=0.723..349.350 rows=6637 loops=1)
Gather  (cost=1000.00..105967.92 rows=11472 width=3) (actual time=0.700..344.900 rows=4958 loops=1)
Gather  (cost=1000.00..105967.92 rows=11472 width=3) (actual time=0.561..342.568 rows=23173 loops=1)
Gather  (cost=1000.00..149262.02 rows=444413 width=4) (actual time=0.569..484.122 rows=443206 loops=1)
Gather  (cost=1000.00..105967.92 rows=11472 width=3) (actual time=0.683..342.157 rows=23047 loops=1)
Seq Scan on area_v_con  (cost=0.00..152138.54 rows=923505 width=4) (actual time=0.370..1148.493 rows=926646 loops=1)
Gather  (cost=1000.00..110386.92 rows=55662 width=3) (actual time=0.605..361.447 rows=59423 loops=1)
Gather  (cost=1000.00..105967.92 rows=11472 width=3) (actual time=0.670..341.613 rows=23173 loops=1)
Gather  (cost=1000.00..105967.92 rows=11472 width=3) (actual time=0.820..353.944 rows=9962 loops=1)
Seq Scan on area_v_con  (cost=0.00..152138.54 rows=923505 width=4) (actual time=0.376..1145.471 rows=926646 loops=1)
Seq Scan on area_v_con  (cost=0.00..152138.54 rows=489031 width=4) (actual time=0.449..1116.730 rows=473031 loops=1)
Gather  (cost=1000.00..105967.92 rows=11472 width=3) (actual time=0.601..346.004 rows=19619 loops=1)
Seq Scan on area_v_con  (cost=0.00..152138.54 rows=490357 width=4) (actual time=0.401..1124.833 rows=495041 loops=1)
Gather  (cost=1000.00..105967.92 rows=11472 width=3) (actual time=0.625..343.043 rows=23173 loops=1)
Gather  (cost=1000.00..149262.02 rows=444413 width=4) (actual time=0.576..487.815 rows=443206 loops=1)
Seq Scan on area_v_con  (cost=0.00..152138.54 rows=1422256 width=4) (actual time=0.419..1175.435 rows=1419652 loops=1)
Gather  (cost=1000.00..110939.12 rows=61184 width=3) (actual time=0.573..350.638 rows=59423 loops=1)
Gather  (cost=1000.00..109392.92 rows=45722 width=3) (actual time=0.568..345.346 rows=41350 loops=1)
Seq Scan on area_v_con  (cost=0.00..152138.54 rows=1422256 width=4) (actual time=0.373..1175.589 rows=1419652 loops=1)
Seq Scan on area_v_con  (cost=0.00..152138.54 rows=1422256 width=4) (actual time=0.369..1175.978 rows=1419652 loops=1)
Seq Scan on area_v_con  (cost=0.00..152138.54 rows=602344 width=4) (actual time=0.358..1131.522 rows=595837 loops=1)
Gather  (cost=1000.00..146147.62 rows=413269 width=4) (actual time=0.668..487.841 rows=424881 loops=1)
Gather  (cost=1000.00..105967.92 rows=11472 width=3) (actual time=0.646..348.051 rows=14875 loops=1)
Seq Scan on area_v_con  (cost=0.00..152138.54 rows=602344 width=4) (actual time=0.376..1127.000 rows=595837 loops=1)
Gather  (cost=1000.00..148489.02 rows=436683 width=4) (actual time=0.647..481.316 rows=425955 loops=1)
Gather  (cost=1000.00..110674.12 rows=58534 width=3) (actual time=0.558..356.524 rows=59423 loops=1)
Gather  (cost=1000.00..105967.92 rows=11472 width=3) (actual time=0.554..346.338 rows=8059 loops=1)
Gather  (cost=1000.00..105967.92 rows=11472 width=3) (actual time=0.783..339.212 rows=13151 loops=1)
Gather  (cost=1000.00..105967.92 rows=11472 width=3) (actual time=0.709..342.037 rows=6637 loops=1)
Seq Scan on area_v_con  (cost=0.00..152138.54 rows=602344 width=4) (actual time=0.373..1127.964 rows=595837 loops=1)
Seq Scan on area_v_con  (cost=0.00..152138.54 rows=602344 width=4) (actual time=0.384..1137.713 rows=595837 loops=1)
Gather  (cost=1000.00..105967.92 rows=11472 width=3) (actual time=0.919..338.818 rows=1676 loops=1)
Seq Scan on area_v_con  (cost=0.00..152138.54 rows=490357 width=4) (actual time=0.387..1124.481 rows=495041 loops=1)
Gather  (cost=1000.00..105967.92 rows=11472 width=3) (actual time=0.613..350.656 rows=9970 loops=1)
Gather  (cost=1000.00..105967.92 rows=11472 width=3) (actual time=0.719..337.855 rows=8192 loops=1)
Gather  (cost=1000.00..105967.92 rows=11472 width=3) (actual time=2.718..343.989 rows=1643 loops=1)
Seq Scan on area_v_con  (cost=0.00..152138.54 rows=923505 width=4) (actual time=0.366..1146.301 rows=926646 loops=1)
Gather  (cost=1000.00..148489.02 rows=436683 width=4) (actual time=0.702..484.152 rows=425955 loops=1)
Gather  (cost=1000.00..105967.92 rows=11472 width=3) (actual time=0.596..338.373 rows=11597 loops=1)
Seq Scan on area_v_con  (cost=0.00..152138.54 rows=1422256 width=4) (actual time=0.398..1174.079 rows=1419652 loops=1)
Seq Scan on area_v_con  (cost=0.00..152138.54 rows=923505 width=4) (actual time=0.356..1144.348 rows=926646 loops=1)
Gather  (cost=1000.00..105967.92 rows=11472 width=3) (actual time=0.580..349.739 rows=19619 loops=1)
Gather  (cost=1000.00..105967.92 rows=11472 width=3) (actual time=1.018..337.160 rows=4864 loops=1)
Seq Scan on area_v_con  (cost=0.00..152138.54 rows=489031 width=4) (actual time=0.471..1120.890 rows=473031 loops=1)
Gather  (cost=1000.00..147009.12 rows=421884 width=4) (actual time=0.581..480.371 rows=434439 loops=1)
Gather  (cost=1000.00..105967.92 rows=11472 width=3) (actual time=0.615..343.622 rows=18152 loops=1)
Gather  (cost=1000.00..110386.92 rows=55662 width=3) (actual time=0.551..350.762 rows=59423 loops=1)
Gather  (cost=1000.00..146147.62 rows=413269 width=4) (actual time=0.602..481.595 rows=424881 loops=1)
Seq Scan on area_v_con  (cost=0.00..152138.54 rows=1422256 width=4) (actual time=0.375..1176.532 rows=1419652 loops=1)
Seq Scan on area_v_con  (cost=0.00..152138.54 rows=477987 width=4) (actual time=0.439..1120.055 rows=470990 loops=1)
Gather  (cost=1000.00..105967.92 rows=11472 width=3) (actual time=0.871..352.562 rows=6637 loops=1)
Gather  (cost=1000.00..110740.32 rows=59196 width=3) (actual time=0.604..349.620 rows=59423 loops=1)
Gather  (cost=1000.00..147009.12 rows=421884 width=4) (actual time=0.641..492.195 rows=434439 loops=1)
Gather  (cost=1000.00..105967.92 rows=11472 width=3) (actual time=0.711..343.784 rows=14875 loops=1)
Gather  (cost=1000.00..105967.92 rows=11472 width=3) (actual time=0.759..349.722 rows=6626 loops=1)
Gather  (cost=1000.00..105967.92 rows=11472 width=3) (actual time=0.708..346.849 rows=18152 loops=1)
Gather  (cost=1000.00..148489.02 rows=436683 width=4) (actual time=0.624..482.301 rows=425955 loops=1)
Seq Scan on area_v_con  (cost=0.00..152138.54 rows=1422256 width=4) (actual time=0.382..1176.570 rows=1419652 loops=1)
Gather  (cost=1000.00..105967.92 rows=11472 width=3) (actual time=0.866..346.120 rows=6637 loops=1)
Gather  (cost=1000.00..105967.92 rows=11472 width=3) (actual time=0.700..346.044 rows=6527 loops=1)
Seq Scan on area_v_con  (cost=0.00..152138.54 rows=477987 width=4) (actual time=0.443..1129.135 rows=470990 loops=1)
Seq Scan on area_v_con  (cost=0.00..152138.54 rows=602344 width=4) (actual time=0.367..1132.988 rows=595837 loops=1)
Gather  (cost=1000.00..105967.92 rows=11472 width=3) (actual time=0.584..341.838 rows=23173 loops=1)
Seq Scan on area_v_con  (cost=0.00..152138.54 rows=489031 width=4) (actual time=0.458..1124.289 rows=473031 loops=1)
Seq Scan on area_v_con  (cost=0.00..152138.54 rows=489031 width=4) (actual time=0.484..1120.543 rows=473031 loops=1)
Gather  (cost=1000.00..105967.92 rows=11472 width=3) (actual time=0.625..344.031 rows=18152 loops=1)
Gather  (cost=1000.00..105967.92 rows=11472 width=3) (actual time=0.572..344.996 rows=8059 loops=1)
Gather  (cost=1000.00..111071.62 rows=62509 width=3) (actual time=0.558..351.508 rows=59423 loops=1)
Seq Scan on area_v_con  (cost=0.00..152138.54 rows=923505 width=4) (actual time=0.374..1149.987 rows=926646 loops=1)
Seq Scan on area_v_con  (cost=0.00..152138.54 rows=602344 width=4) (actual time=0.412..1132.337 rows=595837 loops=1)
Gather  (cost=1000.00..105967.92 rows=11472 width=3) (actual time=0.571..348.711 rows=19619 loops=1)
Gather  (cost=1000.00..105967.92 rows=11472 width=3) (actual time=1.874..339.964 rows=1675 loops=1)
Seq Scan on area_v_con  (cost=0.00..152138.54 rows=477987 width=4) (actual time=0.456..1123.738 rows=470990 loops=1)
Seq Scan on area_v_con  (cost=0.00..152138.54 rows=923505 width=4) (actual time=0.364..1142.885 rows=926646 loops=1)
Seq Scan on area_v_con  (cost=0.00..152138.54 rows=504714 width=4) (actual time=0.359..1123.407 rows=516862 loops=1)
Gather  (cost=1000.00..149262.02 rows=444413 width=4) (actual time=0.623..483.021 rows=443206 loops=1)
Seq Scan on area_v_con  (cost=0.00..152138.54 rows=504714 width=4) (actual time=0.364..1124.019 rows=516862 loops=1)
Gather  (cost=1000.00..149262.02 rows=444413 width=4) (actual time=0.641..488.783 rows=443206 loops=1)
Gather  (cost=1000.00..105967.92 rows=11472 width=3) (actual time=0.558..341.514 rows=23173 loops=1)
Gather  (cost=1000.00..107471.32 rows=26506 width=3) (actual time=0.640..349.970 rows=23240 loops=1)
Gather  (cost=1000.00..105967.92 rows=11472 width=3) (actual time=0.586..346.312 rows=6613 loops=1)
Seq Scan on area_v_con  (cost=0.00..152138.54 rows=489031 width=4) (actual time=0.465..1124.991 rows=473031 loops=1)
Gather  (cost=1000.00..105967.92 rows=11472 width=3) (actual time=0.734..344.148 rows=13300 loops=1)
Gather  (cost=1000.00..110585.72 rows=57650 width=3) (actual time=0.549..350.451 rows=59423 loops=1)
Gather  (cost=1000.00..105967.92 rows=11472 width=3) (actual time=0.610..349.064 rows=18152 loops=1)
Seq Scan on area_v_con  (cost=0.00..152138.54 rows=1422256 width=4) (actual time=0.372..1173.268 rows=1419652 loops=1)
Gather  (cost=1000.00..105967.92 rows=11472 width=3) (actual time=0.615..340.745 rows=14709 loops=1)
Gather  (cost=1000.00..105967.92 rows=11472 width=3) (actual time=0.631..339.501 rows=18152 loops=1)
Seq Scan on area_v_con  (cost=0.00..152138.54 rows=602344 width=4) (actual time=0.374..1128.024 rows=595837 loops=1)
Gather  (cost=1000.00..105967.92 rows=11472 width=3) (actual time=0.686..347.855 rows=23047 loops=1)
Gather  (cost=1000.00..149262.02 rows=444413 width=4) (actual time=0.611..480.476 rows=443206 loops=1)
Gather  (cost=1000.00..110409.02 rows=55883 width=3) (actual time=0.540..358.096 rows=59423 loops=1)
Seq Scan on area_v_con  (cost=0.00..152138.54 rows=489031 width=4) (actual time=0.466..1121.025 rows=473031 loops=1)
Gather  (cost=1000.00..147009.12 rows=421884 width=4) (actual time=0.572..484.430 rows=434439 loops=1)
Seq Scan on area_v_con  (cost=0.00..152138.54 rows=504714 width=4) (actual time=0.377..1122.371 rows=516862 loops=1)
Seq Scan on area_v_con  (cost=0.00..152138.54 rows=1422256 width=4) (actual time=0.380..1176.376 rows=1419652 loops=1)
Gather  (cost=1000.00..105967.92 rows=11472 width=3) (actual time=0.599..341.328 rows=19619 loops=1)
Gather  (cost=1000.00..146147.62 rows=413269 width=4) (actual time=0.596..488.249 rows=424881 loops=1)
Gather  (cost=1000.00..147009.12 rows=421884 width=4) (actual time=0.564..485.293 rows=434439 loops=1)
Gather  (cost=1000.00..105967.92 rows=11472 width=3) (actual time=0.758..343.142 rows=14875 loops=1)
Seq Scan on area_v_con  (cost=0.00..152138.54 rows=504714 width=4) (actual time=0.372..1121.301 rows=516862 loops=1)
Gather  (cost=1000.00..105967.92 rows=11472 width=3) (actual time=0.743..345.469 rows=13307 loops=1)
Gather  (cost=1000.00..105967.92 rows=11472 width=3) (actual time=0.611..353.728 rows=14709 loops=1)
Gather  (cost=1000.00..105967.92 rows=11472 width=3) (actual time=0.558..337.925 rows=8059 loops=1)
Gather  (cost=1000.00..146147.62 rows=413269 width=4) (actual time=0.599..495.708 rows=424881 loops=1)
Gather  (cost=1000.00..105967.92 rows=11472 width=3) (actual time=0.675..340.174 rows=14699 loops=1)
Gather  (cost=1000.00..110939.12 rows=61184 width=3) (actual time=0.558..351.218 rows=59423 loops=1)
Gather  (cost=1000.00..146147.62 rows=413269 width=4) (actual time=0.662..477.564 rows=424881 loops=1)
Gather  (cost=1000.00..105967.92 rows=11472 width=3) (actual time=0.613..346.566 rows=9970 loops=1)
Gather  (cost=1000.00..107206.22 rows=23855 width=3) (actual time=0.649..342.392 rows=23240 loops=1)
Gather  (cost=1000.00..105967.92 rows=11472 width=3) (actual time=1.017..340.970 rows=4864 loops=1)
Seq Scan on area_v_con  (cost=0.00..152138.54 rows=602344 width=4) (actual time=0.369..1129.838 rows=595837 loops=1)
Seq Scan on area_v_con  (cost=0.00..152138.54 rows=1422256 width=4) (actual time=0.410..1176.124 rows=1419652 loops=1)
Gather  (cost=1000.00..147009.12 rows=421884 width=4) (actual time=0.653..478.088 rows=434439 loops=1)
Gather  (cost=1000.00..105967.92 rows=11472 width=3) (actual time=0.783..346.189 rows=13151 loops=1)
Seq Scan on area_v_con  (cost=0.00..152138.54 rows=923505 width=4) (actual time=0.378..1145.205 rows=926646 loops=1)
Gather  (cost=1000.00..148489.02 rows=436683 width=4) (actual time=0.629..484.894 rows=425955 loops=1)
Seq Scan on area_v_con  (cost=0.00..152138.54 rows=923505 width=4) (actual time=0.372..1152.735 rows=926646 loops=1)
Gather  (cost=1000.00..148489.02 rows=436683 width=4) (actual time=0.765..478.732 rows=425955 loops=1)
Seq Scan on area_v_con  (cost=0.00..152138.54 rows=923505 width=4) (actual time=0.369..1145.448 rows=926646 loops=1)
Seq Scan on area_v_con  (cost=0.00..152138.54 rows=489031 width=4) (actual time=0.448..1137.673 rows=473031 loops=1)
Gather  (cost=1000.00..105967.92 rows=11472 width=3) (actual time=0.736..341.019 rows=13307 loops=1)
Gather  (cost=1000.00..105967.92 rows=11472 width=3) (actual time=0.711..377.378 rows=6637 loops=1)
Gather  (cost=1000.00..105967.92 rows=11472 width=3) (actual time=0.579..370.582 rows=14699 loops=1)
Seq Scan on area_v_con  (cost=0.00..152138.54 rows=489031 width=4) (actual time=0.489..1137.741 rows=473031 loops=1)
Gather  (cost=1000.00..107891.02 rows=30703 width=3) (actual time=0.671..358.447 rows=31459 loops=1)
Gather  (cost=1000.00..105967.92 rows=11472 width=3) (actual time=0.650..340.117 rows=4920 loops=1)
Gather  (cost=1000.00..107537.52 rows=27168 width=3) (actual time=0.637..347.117 rows=23240 loops=1)
Gather  (cost=1000.00..147009.12 rows=421884 width=4) (actual time=0.574..482.305 rows=434439 loops=1)
Seq Scan on area_v_con  (cost=0.00..152138.54 rows=602344 width=4) (actual time=0.373..1134.762 rows=595837 loops=1)
Gather  (cost=1000.00..147009.12 rows=421884 width=4) (actual time=0.556..482.498 rows=434439 loops=1)
Gather  (cost=1000.00..105967.92 rows=11472 width=3) (actual time=0.754..352.542 rows=8192 loops=1)
Gather  (cost=1000.00..105967.92 rows=11472 width=3) (actual time=0.583..340.892 rows=14709 loops=1)
Gather  (cost=1000.00..105967.92 rows=11472 width=3) (actual time=0.675..345.736 rows=8059 loops=1)
Gather  (cost=1000.00..105967.92 rows=11472 width=3) (actual time=0.646..338.942 rows=8192 loops=1)
Gather  (cost=1000.00..107272.52 rows=24518 width=3) (actual time=0.642..347.021 rows=23240 loops=1)
Gather  (cost=1000.00..111071.62 rows=62509 width=3) (actual time=0.590..355.078 rows=59423 loops=1)
Seq Scan on area_v_con  (cost=0.00..152138.54 rows=602344 width=4) (actual time=0.403..1138.908 rows=595837 loops=1)
Gather  (cost=1000.00..110696.12 rows=58754 width=3) (actual time=0.691..353.814 rows=59423 loops=1)
Seq Scan on area_v_con  (cost=0.00..152138.54 rows=923505 width=4) (actual time=0.377..1149.626 rows=926646 loops=1)
Seq Scan on area_v_con  (cost=0.00..152138.54 rows=1422256 width=4) (actual time=0.372..1173.718 rows=1419652 loops=1)
Seq Scan on area_v_con  (cost=0.00..152138.54 rows=1422256 width=4) (actual time=0.336..1174.016 rows=1419652 loops=1)
Gather  (cost=1000.00..146147.62 rows=413269 width=4) (actual time=0.724..497.702 rows=424881 loops=1)
Seq Scan on area_v_con  (cost=0.00..152138.54 rows=923505 width=4) (actual time=0.053..1146.587 rows=926646 loops=1)
Seq Scan on area_v_con  (cost=0.00..152138.54 rows=489031 width=4) (actual time=0.454..1123.632 rows=473031 loops=1)
Gather  (cost=1000.00..105967.92 rows=11472 width=3) (actual time=0.875..340.063 rows=13300 loops=1)
Gather  (cost=1000.00..105967.92 rows=11472 width=3) (actual time=0.250..340.956 rows=6613 loops=1)
Gather  (cost=1000.00..105967.92 rows=11472 width=3) (actual time=0.263..351.019 rows=19619 loops=1)
Gather  (cost=1000.00..149262.02 rows=444413 width=4) (actual time=0.572..489.431 rows=443206 loops=1)
Gather  (cost=1000.00..105967.92 rows=11472 width=3) (actual time=0.551..341.540 rows=23173 loops=1)
Gather  (cost=1000.00..149262.02 rows=444413 width=4) (actual time=0.594..483.662 rows=443206 loops=1)
Seq Scan on area_v_con  (cost=0.00..152138.54 rows=477987 width=4) (actual time=0.438..1119.201 rows=470990 loops=1)
Gather  (cost=1000.00..108951.22 rows=41305 width=3) (actual time=0.689..358.226 rows=41350 loops=1)
Gather  (cost=1000.00..105967.92 rows=11472 width=3) (actual time=0.638..348.318 rows=14875 loops=1)
Gather  (cost=1000.00..107802.62 rows=29819 width=3) (actual time=0.569..356.914 rows=31459 loops=1)
Seq Scan on area_v_con  (cost=0.00..152138.54 rows=504714 width=4) (actual time=0.366..1124.385 rows=516862 loops=1)
Gather  (cost=1000.00..109105.82 rows=42851 width=3) (actual time=0.631..363.345 rows=41350 loops=1)
Gather  (cost=1000.00..108509.42 rows=36887 width=3) (actual time=0.597..346.618 rows=41350 loops=1)
Gather  (cost=1000.00..110939.12 rows=61184 width=3) (actual time=0.553..350.598 rows=59423 loops=1)
Gather  (cost=1000.00..146147.62 rows=413269 width=4) (actual time=0.593..480.208 rows=424881 loops=1)
Gather  (cost=1000.00..105967.92 rows=11472 width=3) (actual time=0.668..342.425 rows=14699 loops=1)
Gather  (cost=1000.00..148489.02 rows=436683 width=4) (actual time=0.635..477.540 rows=425955 loops=1)
Seq Scan on area_v_con  (cost=0.00..152138.54 rows=602344 width=4) (actual time=0.366..1129.844 rows=595837 loops=1)
Seq Scan on area_v_con  (cost=0.00..152138.54 rows=1422256 width=4) (actual time=0.411..1172.395 rows=1419652 loops=1)
Gather  (cost=1000.00..148489.02 rows=436683 width=4) (actual time=0.752..487.485 rows=425955 loops=1)
Seq Scan on area_v_con  (cost=0.00..152138.54 rows=490357 width=4) (actual time=0.392..1126.289 rows=495041 loops=1)
Gather  (cost=1000.00..147009.12 rows=421884 width=4) (actual time=0.722..483.901 rows=434439 loops=1)
Seq Scan on area_v_con  (cost=0.00..152138.54 rows=923505 width=4) (actual time=0.371..1152.915 rows=926646 loops=1)
Seq Scan on area_v_con  (cost=0.00..152138.54 rows=602344 width=4) (actual time=0.413..1128.955 rows=595837 loops=1)
Gather  (cost=1000.00..105967.92 rows=11472 width=3) (actual time=0.698..338.755 rows=13307 loops=1)
Gather  (cost=1000.00..105967.92 rows=11472 width=3) (actual time=0.678..345.915 rows=4958 loops=1)
Gather  (cost=1000.00..105967.92 rows=11472 width=3) (actual time=0.632..345.491 rows=6618 loops=1)
Gather  (cost=1000.00..105967.92 rows=11472 width=3) (actual time=0.631..355.246 rows=14875 loops=1)
Gather  (cost=1000.00..105967.92 rows=11472 width=3) (actual time=0.605..339.267 rows=11597 loops=1)
Gather  (cost=1000.00..105967.92 rows=11472 width=3) (actual time=0.606..345.241 rows=9970 loops=1)
Gather  (cost=1000.00..105967.92 rows=11472 width=3) (actual time=0.555..338.608 rows=8059 loops=1)
Gather  (cost=1000.00..105967.92 rows=11472 width=3) (actual time=0.614..344.927 rows=18152 loops=1)
Seq Scan on area_v_con  (cost=0.00..152138.54 rows=602344 width=4) (actual time=0.418..1127.375 rows=595837 loops=1)
Gather  (cost=1000.00..105967.92 rows=11472 width=3) (actual time=0.682..338.899 rows=14875 loops=1)
Seq Scan on area_v_con  (cost=0.00..152138.54 rows=1422256 width=4) (actual time=0.372..1172.025 rows=1419652 loops=1)
Seq Scan on area_v_con  (cost=0.00..152138.54 rows=490357 width=4) (actual time=0.416..1116.787 rows=495041 loops=1)
Seq Scan on area_v_con  (cost=0.00..152138.54 rows=923505 width=4) (actual time=0.360..1146.841 rows=926646 loops=1)
Seq Scan on area_v_con  (cost=0.00..152138.54 rows=477987 width=4) (actual time=0.429..1144.409 rows=470990 loops=1)
Seq Scan on area_v_con  (cost=0.00..152138.54 rows=923505 width=4) (actual time=0.363..1220.993 rows=926646 loops=1)
Gather  (cost=1000.00..105967.92 rows=11472 width=3) (actual time=0.334..338.662 rows=6538 loops=1)
Seq Scan on area_v_con  (cost=0.00..152138.54 rows=602344 width=4) (actual time=0.371..1141.360 rows=595837 loops=1)
Seq Scan on area_v_con  (cost=0.00..152138.54 rows=1422256 width=4) (actual time=0.364..1173.978 rows=1419652 loops=1)
Seq Scan on area_v_con  (cost=0.00..152138.54 rows=1422256 width=4) (actual time=0.067..1172.408 rows=1419652 loops=1)
Gather  (cost=1000.00..110276.52 rows=54558 width=3) (actual time=0.294..353.784 rows=59423 loops=1)
Gather  (cost=1000.00..105967.92 rows=11472 width=3) (actual time=0.643..339.622 rows=14875 loops=1)
Gather  (cost=1000.00..105967.92 rows=11472 width=3) (actual time=0.606..353.496 rows=18152 loops=1)
Seq Scan on area_v_con  (cost=0.00..152138.54 rows=1422256 width=4) (actual time=0.392..1173.033 rows=1419652 loops=1)
Gather  (cost=1000.00..105967.92 rows=11472 width=3) (actual time=0.579..340.826 rows=23173 loops=1)
Seq Scan on area_v_con  (cost=0.00..152138.54 rows=489031 width=4) (actual time=0.460..1121.229 rows=473031 loops=1)
Gather  (cost=1000.00..105967.92 rows=11472 width=3) (actual time=0.671..340.880 rows=23047 loops=1)
Gather  (cost=1000.00..105967.92 rows=11472 width=3) (actual time=0.672..344.737 rows=23047 loops=1)
Seq Scan on area_v_con  (cost=0.00..152138.54 rows=489031 width=4) (actual time=0.502..1120.518 rows=473031 loops=1)
Gather  (cost=1000.00..105967.92 rows=11472 width=3) (actual time=0.652..349.617 rows=14709 loops=1)
Seq Scan on area_v_con  (cost=0.00..152138.54 rows=1422256 width=4) (actual time=0.379..1172.002 rows=1419652 loops=1)
Gather  (cost=1000.00..105967.92 rows=11472 width=3) (actual time=0.618..345.463 rows=11597 loops=1)
Gather  (cost=1000.00..105967.92 rows=11472 width=3) (actual time=0.621..349.747 rows=8192 loops=1)
Gather  (cost=1000.00..105967.92 rows=11472 width=3) (actual time=0.560..342.648 rows=14699 loops=1)
Seq Scan on area_v_con  (cost=0.00..152138.54 rows=489031 width=4) (actual time=0.461..1124.958 rows=473031 loops=1)
Gather  (cost=1000.00..105967.92 rows=11472 width=3) (actual time=0.686..346.631 rows=8192 loops=1)
Seq Scan on area_v_con  (cost=0.00..152138.54 rows=923505 width=4) (actual time=0.365..1159.128 rows=926646 loops=1)
Gather  (cost=1000.00..105967.92 rows=11472 width=3) (actual time=1.112..1344.890 rows=1545 loops=1)
Seq Scan on area_v_con  (cost=0.00..152138.54 rows=477987 width=4) (actual time=0.100..1125.110 rows=470990 loops=1)
Seq Scan on area_v_con  (cost=0.00..152138.54 rows=923505 width=4) (actual time=0.358..1152.206 rows=926646 loops=1)
Seq Scan on area_v_con  (cost=0.00..152138.54 rows=504714 width=4) (actual time=0.388..1119.597 rows=516862 loops=1)
Seq Scan on area_v_con  (cost=0.00..152138.54 rows=489031 width=4) (actual time=0.460..1143.932 rows=473031 loops=1)
Gather  (cost=1000.00..105967.92 rows=11472 width=3) (actual time=0.734..340.812 rows=1681 loops=1)
Gather  (cost=1000.00..105967.92 rows=11472 width=3) (actual time=0.668..341.421 rows=23047 loops=1)
Gather  (cost=1000.00..107935.12 rows=31144 width=3) (actual time=0.548..355.994 rows=31459 loops=1)
Seq Scan on area_v_con  (cost=0.00..152138.54 rows=1422256 width=4) (actual time=0.376..1180.638 rows=1419652 loops=1)
Gather  (cost=1000.00..105967.92 rows=11472 width=3) (actual time=0.857..346.930 rows=6527 loops=1)
Gather  (cost=1000.00..105967.92 rows=11472 width=3) (actual time=0.850..344.589 rows=9962 loops=1)
Gather  (cost=1000.00..147009.12 rows=421884 width=4) (actual time=0.560..506.142 rows=434439 loops=1)
Seq Scan on area_v_con  (cost=0.00..152138.54 rows=1422256 width=4) (actual time=0.378..1176.893 rows=1419652 loops=1)
Seq Scan on area_v_con  (cost=0.00..152138.54 rows=923505 width=4) (actual time=0.369..1151.864 rows=926646 loops=1)
Gather  (cost=1000.00..105967.92 rows=11472 width=3) (actual time=0.669..342.509 rows=23173 loops=1)
Gather  (cost=1000.00..107957.22 rows=31365 width=3) (actual time=0.558..350.221 rows=31459 loops=1)
Seq Scan on area_v_con  (cost=0.00..152138.54 rows=504714 width=4) (actual time=0.395..1129.056 rows=516862 loops=1)
Gather  (cost=1000.00..147009.12 rows=421884 width=4) (actual time=0.571..483.389 rows=434439 loops=1)
Gather  (cost=1000.00..105967.92 rows=11472 width=3) (actual time=0.627..338.052 rows=4775 loops=1)
Seq Scan on area_v_con  (cost=0.00..152138.54 rows=1422256 width=4) (actual time=0.367..1178.937 rows=1419652 loops=1)
Gather  (cost=1000.00..110872.92 rows=60522 width=3) (actual time=0.577..352.989 rows=59423 loops=1)
Gather  (cost=1000.00..105967.92 rows=11472 width=3) (actual time=0.573..343.364 rows=19619 loops=1)
Gather  (cost=1000.00..149262.02 rows=444413 width=4) (actual time=0.562..486.866 rows=443206 loops=1)
Gather  (cost=1000.00..105967.92 rows=11472 width=3) (actual time=0.552..341.492 rows=14699 loops=1)
Gather  (cost=1000.00..109105.82 rows=42851 width=3) (actual time=0.566..350.379 rows=41350 loops=1)
Gather  (cost=1000.00..107824.72 rows=30040 width=3) (actual time=0.550..357.946 rows=31459 loops=1)
Seq Scan on area_v_con  (cost=0.00..152138.54 rows=602344 width=4) (actual time=0.385..1129.752 rows=595837 loops=1)
Seq Scan on area_v_con  (cost=0.00..152138.54 rows=477987 width=4) (actual time=0.521..1123.718 rows=470990 loops=1)
Seq Scan on area_v_con  (cost=0.00..152138.54 rows=1422256 width=4) (actual time=0.362..1172.034 rows=1419652 loops=1)
Seq Scan on area_v_con  (cost=0.00..152138.54 rows=923505 width=4) (actual time=0.370..1152.424 rows=926646 loops=1)
Gather  (cost=1000.00..108332.72 rows=35120 width=3) (actual time=0.584..344.565 rows=31459 loops=1)
Gather  (cost=1000.00..108487.32 rows=36666 width=3) (actual time=0.575..357.333 rows=41350 loops=1)
Gather  (cost=1000.00..110409.02 rows=55883 width=3) (actual time=0.555..352.770 rows=59423 loops=1)
Gather  (cost=1000.00..105967.92 rows=11472 width=3) (actual time=0.723..339.585 rows=8242 loops=1)
Seq Scan on area_v_con  (cost=0.00..152138.54 rows=489031 width=4) (actual time=0.557..1138.266 rows=473031 loops=1)
Seq Scan on area_v_con  (cost=0.00..152138.54 rows=490357 width=4) (actual time=0.379..1127.543 rows=495041 loops=1)
Seq Scan on area_v_con  (cost=0.00..152138.54 rows=1422256 width=4) (actual time=0.395..1180.651 rows=1419652 loops=1)
Seq Scan on area_v_con  (cost=0.00..152138.54 rows=602344 width=4) (actual time=0.369..1135.160 rows=595837 loops=1)
Seq Scan on area_v_con  (cost=0.00..152138.54 rows=1422256 width=4) (actual time=0.440..1177.268 rows=1419652 loops=1)
Seq Scan on area_v_con  (cost=0.00..152138.54 rows=504714 width=4) (actual time=0.098..1133.232 rows=516862 loops=1)
Gather  (cost=1000.00..105967.92 rows=11472 width=3) (actual time=0.617..344.434 rows=18152 loops=1)
Gather  (cost=1000.00..105967.92 rows=11472 width=3) (actual time=0.561..363.632 rows=4942 loops=1)
Gather  (cost=1000.00..107935.12 rows=31144 width=3) (actual time=0.571..348.582 rows=31459 loops=1)
Seq Scan on area_v_con  (cost=0.00..152138.54 rows=504714 width=4) (actual time=0.430..1126.007 rows=516862 loops=1)
Gather  (cost=1000.00..105967.92 rows=11472 width=3) (actual time=0.584..342.976 rows=6613 loops=1)
Seq Scan on area_v_con  (cost=0.00..152138.54 rows=1422256 width=4) (actual time=0.458..1172.329 rows=1419652 loops=1)
Gather  (cost=1000.00..105967.92 rows=11472 width=3) (actual time=0.725..343.369 rows=18152 loops=1)
Gather  (cost=1000.00..105967.92 rows=11472 width=3) (actual time=0.704..345.222 rows=23047 loops=1)
Seq Scan on area_v_con  (cost=0.00..152138.54 rows=1422256 width=4) (actual time=0.370..1173.500 rows=1419652 loops=1)
Seq Scan on area_v_con  (cost=0.00..152138.54 rows=602344 width=4) (actual time=0.360..1130.600 rows=595837 loops=1)
Gather  (cost=1000.00..105967.92 rows=11472 width=3) (actual time=0.778..341.118 rows=6637 loops=1)
Gather  (cost=1000.00..105967.92 rows=11472 width=3) (actual time=0.556..344.684 rows=23173 loops=1)
Gather  (cost=1000.00..105967.92 rows=11472 width=3) (actual time=0.971..344.568 rows=3312 loops=1)
Seq Scan on area_v_con  (cost=0.00..152138.54 rows=504714 width=4) (actual time=0.368..1127.651 rows=516862 loops=1)
Seq Scan on area_v_con  (cost=0.00..152138.54 rows=490357 width=4) (actual time=0.374..1122.390 rows=495041 loops=1)
Gather  (cost=1000.00..105967.92 rows=11472 width=3) (actual time=0.591..339.347 rows=14699 loops=1)
Gather  (cost=1000.00..105967.92 rows=11472 width=3) (actual time=0.656..339.195 rows=13151 loops=1)
Seq Scan on area_v_con  (cost=0.00..152138.54 rows=489031 width=4) (actual time=0.510..1121.604 rows=473031 loops=1)
Seq Scan on area_v_con  (cost=0.00..152138.54 rows=477987 width=4) (actual time=0.429..1127.426 rows=470990 loops=1)
Seq Scan on area_v_con  (cost=0.00..152138.54 rows=477987 width=4) (actual time=0.535..1138.676 rows=470990 loops=1)
Gather  (cost=1000.00..107272.52 rows=24518 width=3) (actual time=0.703..345.891 rows=23240 loops=1)
Gather  (cost=1000.00..110409.02 rows=55883 width=3) (actual time=0.555..358.641 rows=59423 loops=1)
Gather  (cost=1000.00..110431.12 rows=56104 width=3) (actual time=0.553..355.496 rows=59423 loops=1)
Seq Scan on area_v_con  (cost=0.00..152138.54 rows=602344 width=4) (actual time=0.371..1142.301 rows=595837 loops=1)
Seq Scan on area_v_con  (cost=0.00..152138.54 rows=1422256 width=4) (actual time=0.358..1184.092 rows=1419652 loops=1)
Gather  (cost=1000.00..147009.12 rows=421884 width=4) (actual time=0.631..500.312 rows=434439 loops=1)
Seq Scan on area_v_con  (cost=0.00..152138.54 rows=504714 width=4) (actual time=0.391..1142.217 rows=516862 loops=1)
Seq Scan on area_v_con  (cost=0.00..152138.54 rows=490357 width=4) (actual time=0.383..1139.271 rows=495041 loops=1)
Gather  (cost=1000.00..108487.32 rows=36666 width=3) (actual time=0.655..351.033 rows=41350 loops=1)
Gather  (cost=1000.00..148489.02 rows=436683 width=4) (actual time=0.625..487.329 rows=425955 loops=1)
Seq Scan on area_v_con  (cost=0.00..152138.54 rows=1422256 width=4) (actual time=0.377..1169.716 rows=1419652 loops=1)
Gather  (cost=1000.00..105967.92 rows=11472 width=3) (actual time=0.669..342.692 rows=13151 loops=1)
Gather  (cost=1000.00..111491.32 rows=66706 width=3) (actual time=0.551..349.778 rows=59423 loops=1)
Gather  (cost=1000.00..147009.12 rows=421884 width=4) (actual time=0.550..488.335 rows=434439 loops=1)
Gather  (cost=1000.00..105967.92 rows=11472 width=3) (actual time=1.863..340.946 rows=1675 loops=1)
Gather  (cost=1000.00..149262.02 rows=444413 width=4) (actual time=0.574..490.440 rows=443206 loops=1)
Gather  (cost=1000.00..108796.62 rows=39759 width=3) (actual time=0.570..350.293 rows=41350 loops=1)
Seq Scan on area_v_con  (cost=0.00..152138.54 rows=1422256 width=4) (actual time=0.374..1188.209 rows=1419652 loops=1)
Gather  (cost=1000.00..105967.92 rows=11472 width=3) (actual time=0.674..352.699 rows=23047 loops=1)
Gather  (cost=1000.00..105967.92 rows=11472 width=3) (actual time=0.992..361.476 rows=6518 loops=1)
Gather  (cost=1000.00..107272.52 rows=24518 width=3) (actual time=0.645..347.506 rows=23240 loops=1)
Gather  (cost=1000.00..105967.92 rows=11472 width=3) (actual time=1.089..346.265 rows=4864 loops=1)
Gather  (cost=1000.00..105967.92 rows=11472 width=3) (actual time=0.696..344.673 rows=9970 loops=1)
Gather  (cost=1000.00..149262.02 rows=444413 width=4) (actual time=0.685..504.112 rows=443206 loops=1)
Gather  (cost=1000.00..148489.02 rows=436683 width=4) (actual time=0.640..482.634 rows=425955 loops=1)
Seq Scan on area_v_con  (cost=0.00..152138.54 rows=1422256 width=4) (actual time=0.378..1179.664 rows=1419652 loops=1)
Gather  (cost=1000.00..105967.92 rows=11472 width=3) (actual time=0.655..346.962 rows=4775 loops=1)
Seq Scan on area_v_con  (cost=0.00..152138.54 rows=490357 width=4) (actual time=0.388..1131.094 rows=495041 loops=1)
Seq Scan on area_v_con  (cost=0.00..152138.54 rows=490357 width=4) (actual time=0.413..1137.377 rows=495041 loops=1)
Seq Scan on area_v_con  (cost=0.00..152138.54 rows=923505 width=4) (actual time=0.360..1150.403 rows=926646 loops=1)
Seq Scan on area_v_con  (cost=0.00..152138.54 rows=504714 width=4) (actual time=0.348..1133.861 rows=516862 loops=1)
Gather  (cost=1000.00..105967.92 rows=11472 width=3) (actual time=0.603..346.105 rows=9970 loops=1)
Gather  (cost=1000.00..105967.92 rows=11472 width=3) (actual time=0.633..346.293 rows=6618 loops=1)
Gather  (cost=1000.00..110872.92 rows=60522 width=3) (actual time=0.565..353.826 rows=59423 loops=1)
Seq Scan on area_v_con  (cost=0.00..152138.54 rows=602344 width=4) (actual time=0.381..1142.117 rows=595837 loops=1)
Gather  (cost=1000.00..105967.92 rows=11472 width=3) (actual time=1.090..346.757 rows=6518 loops=1)
Gather  (cost=1000.00..148489.02 rows=436683 width=4) (actual time=0.650..482.772 rows=425955 loops=1)
Gather  (cost=1000.00..105967.92 rows=11472 width=3) (actual time=0.695..341.479 rows=13307 loops=1)
Seq Scan on area_v_con  (cost=0.00..152138.54 rows=1422256 width=4) (actual time=0.374..1184.187 rows=1419652 loops=1)
Gather  (cost=1000.00..110961.22 rows=61405 width=3) (actual time=0.683..361.021 rows=59423 loops=1)
Gather  (cost=1000.00..105967.92 rows=11472 width=3) (actual time=0.705..343.616 rows=23047 loops=1)
Gather  (cost=1000.00..105967.92 rows=11472 width=3) (actual time=0.615..342.914 rows=11597 loops=1)
Seq Scan on area_v_con  (cost=0.00..152138.54 rows=923505 width=4) (actual time=0.377..1162.920 rows=926646 loops=1)
Gather  (cost=1000.00..105967.92 rows=11472 width=3) (actual time=0.729..354.208 rows=14875 loops=1)
Gather  (cost=1000.00..105967.92 rows=11472 width=3) (actual time=0.622..348.607 rows=18152 loops=1)
Seq Scan on area_v_con  (cost=0.00..152138.54 rows=490357 width=4) (actual time=0.393..1126.402 rows=495041 loops=1)
Gather  (cost=1000.00..146147.62 rows=413269 width=4) (actual time=0.614..492.666 rows=424881 loops=1)
Gather  (cost=1000.00..147009.12 rows=421884 width=4) (actual time=0.561..486.458 rows=434439 loops=1)
Gather  (cost=1000.00..146147.62 rows=413269 width=4) (actual time=0.598..481.360 rows=424881 loops=1)
Seq Scan on area_v_con  (cost=0.00..152138.54 rows=602344 width=4) (actual time=0.369..1137.877 rows=595837 loops=1)
Gather  (cost=1000.00..146147.62 rows=413269 width=4) (actual time=0.621..487.838 rows=424881 loops=1)
Gather  (cost=1000.00..148489.02 rows=436683 width=4) (actual time=0.650..480.056 rows=425955 loops=1)
Gather  (cost=1000.00..105967.92 rows=11472 width=3) (actual time=0.617..338.945 rows=14875 loops=1)
Gather  (cost=1000.00..110607.82 rows=57871 width=3) (actual time=0.562..362.513 rows=59423 loops=1)
Gather  (cost=1000.00..107935.12 rows=31144 width=3) (actual time=0.561..347.678 rows=31459 loops=1)
Seq Scan on area_v_con  (cost=0.00..152138.54 rows=1422256 width=4) (actual time=0.365..1176.927 rows=1419652 loops=1)
Gather  (cost=1000.00..149262.02 rows=444413 width=4) (actual time=0.666..488.099 rows=443206 loops=1)
Gather  (cost=1000.00..107802.62 rows=29819 width=3) (actual time=0.565..344.281 rows=31459 loops=1)
Gather  (cost=1000.00..105967.92 rows=11472 width=3) (actual time=0.669..349.653 rows=23047 loops=1)
Gather  (cost=1000.00..105967.92 rows=11472 width=3) (actual time=1.014..346.565 rows=3312 loops=1)
Gather  (cost=1000.00..105967.92 rows=11472 width=3) (actual time=0.675..343.041 rows=23047 loops=1)
Gather  (cost=1000.00..109216.22 rows=43955 width=3) (actual time=0.588..359.613 rows=41350 loops=1)
Gather  (cost=1000.00..105967.92 rows=11472 width=3) (actual time=2.393..343.861 rows=1710 loops=1)
Gather  (cost=1000.00..109591.72 rows=47710 width=3) (actual time=0.571..350.958 rows=41350 loops=1)
Seq Scan on area_v_con  (cost=0.00..152138.54 rows=1422256 width=4) (actual time=0.380..1181.473 rows=1419652 loops=1)
Gather  (cost=1000.00..148489.02 rows=436683 width=4) (actual time=0.680..479.355 rows=425955 loops=1)
Gather  (cost=1000.00..146147.62 rows=413269 width=4) (actual time=0.607..486.509 rows=424881 loops=1)
Seq Scan on area_v_con  (cost=0.00..152138.54 rows=923505 width=4) (actual time=0.378..1167.873 rows=926646 loops=1)
Seq Scan on area_v_con  (cost=0.00..152138.54 rows=1422256 width=4) (actual time=0.427..1177.783 rows=1419652 loops=1)
Seq Scan on area_v_con  (cost=0.00..152138.54 rows=1422256 width=4) (actual time=0.370..1199.145 rows=1419652 loops=1)
Gather  (cost=1000.00..111071.62 rows=62509 width=3) (actual time=0.541..359.411 rows=59423 loops=1)
Gather  (cost=1000.00..147009.12 rows=421884 width=4) (actual time=0.562..489.758 rows=434439 loops=1)
Gather  (cost=1000.00..105967.92 rows=11472 width=3) (actual time=0.973..343.189 rows=6518 loops=1)
Gather  (cost=1000.00..105967.92 rows=11472 width=3) (actual time=0.673..341.795 rows=13307 loops=1)
Seq Scan on area_v_con  (cost=0.00..152138.54 rows=602344 width=4) (actual time=0.377..1136.692 rows=595837 loops=1)
Gather  (cost=1000.00..105967.92 rows=11472 width=3) (actual time=2.454..339.748 rows=1643 loops=1)
Gather  (cost=1000.00..105967.92 rows=11472 width=3) (actual time=1.004..344.972 rows=6518 loops=1)
Gather  (cost=1000.00..105967.92 rows=11472 width=3) (actual time=0.593..343.232 rows=14699 loops=1)
Seq Scan on area_v_con  (cost=0.00..152138.54 rows=477987 width=4) (actual time=0.479..1137.782 rows=470990 loops=1)
Gather  (cost=1000.00..109260.42 rows=44397 width=3) (actual time=0.641..363.200 rows=41350 loops=1)
Gather  (cost=1000.00..105967.92 rows=11472 width=3) (actual time=0.588..339.166 rows=8243 loops=1)
Gather  (cost=1000.00..105967.92 rows=11472 width=3) (actual time=0.632..344.348 rows=8242 loops=1)
Seq Scan on area_v_con  (cost=0.00..152138.54 rows=1422256 width=4) (actual time=0.375..1186.754 rows=1419652 loops=1)
Seq Scan on area_v_con  (cost=0.00..152138.54 rows=1422256 width=4) (actual time=0.369..1188.357 rows=1419652 loops=1)
Gather  (cost=1000.00..146147.62 rows=413269 width=4) (actual time=0.637..499.673 rows=424881 loops=1)
Seq Scan on area_v_con  (cost=0.00..152138.54 rows=1422256 width=4) (actual time=0.379..1178.017 rows=1419652 loops=1)
Gather  (cost=1000.00..105967.92 rows=11472 width=3) (actual time=2.464..340.241 rows=1643 loops=1)
Seq Scan on area_v_con  (cost=0.00..152138.54 rows=504714 width=4) (actual time=0.365..1137.473 rows=516862 loops=1)
Seq Scan on area_v_con  (cost=0.00..152138.54 rows=602344 width=4) (actual time=0.449..1136.908 rows=595837 loops=1)
Seq Scan on area_v_con  (cost=0.00..152138.54 rows=1422256 width=4) (actual time=0.363..1182.234 rows=1419652 loops=1)
Seq Scan on area_v_con  (cost=0.00..152138.54 rows=1422256 width=4) (actual time=0.364..1190.057 rows=1419652 loops=1)
Seq Scan on area_v_con  (cost=0.00..152138.54 rows=504714 width=4) (actual time=0.109..1131.923 rows=516862 loops=1)
Gather  (cost=1000.00..148489.02 rows=436683 width=4) (actual time=0.627..482.981 rows=425955 loops=1)
Gather  (cost=1000.00..105967.92 rows=11472 width=3) (actual time=0.425..343.409 rows=14709 loops=1)
Gather  (cost=1000.00..108332.72 rows=35120 width=3) (actual time=0.399..344.168 rows=31459 loops=1)
Gather  (cost=1000.00..105967.92 rows=11472 width=3) (actual time=1.023..338.333 rows=4864 loops=1)
Gather  (cost=1000.00..108951.22 rows=41305 width=3) (actual time=0.396..349.768 rows=41350 loops=1)
Gather  (cost=1000.00..105967.92 rows=11472 width=3) (actual time=0.658..344.433 rows=13307 loops=1)
Gather  (cost=1000.00..105967.92 rows=11472 width=3) (actual time=0.600..341.684 rows=18152 loops=1)
Gather  (cost=1000.00..110806.62 rows=59859 width=3) (actual time=0.558..357.220 rows=59423 loops=1)
Gather  (cost=1000.00..105967.92 rows=11472 width=3) (actual time=0.861..338.737 rows=1561 loops=1)
Gather  (cost=1000.00..105967.92 rows=11472 width=3) (actual time=0.588..339.397 rows=9970 loops=1)
Seq Scan on area_v_con  (cost=0.00..152138.54 rows=1422256 width=4) (actual time=0.369..1171.351 rows=1419652 loops=1)
Seq Scan on area_v_con  (cost=0.00..152138.54 rows=477987 width=4) (actual time=0.434..1122.769 rows=470990 loops=1)
Gather  (cost=1000.00..149262.02 rows=444413 width=4) (actual time=0.593..480.499 rows=443206 loops=1)
Gather  (cost=1000.00..146147.62 rows=413269 width=4) (actual time=0.611..487.709 rows=424881 loops=1)
Seq Scan on area_v_con  (cost=0.00..152138.54 rows=602344 width=4) (actual time=0.382..1137.692 rows=595837 loops=1)
Gather  (cost=1000.00..105967.92 rows=11472 width=3) (actual time=0.764..342.825 rows=13300 loops=1)
Gather  (cost=1000.00..148489.02 rows=436683 width=4) (actual time=0.634..485.765 rows=425955 loops=1)
Gather  (cost=1000.00..105967.92 rows=11472 width=3) (actual time=0.614..349.910 rows=11597 loops=1)
Gather  (cost=1000.00..105967.92 rows=11472 width=3) (actual time=0.625..352.242 rows=4775 loops=1)
Gather  (cost=1000.00..146147.62 rows=413269 width=4) (actual time=0.634..500.534 rows=424881 loops=1)
Gather  (cost=1000.00..105967.92 rows=11472 width=3) (actual time=0.579..355.333 rows=23173 loops=1)
Gather  (cost=1000.00..105967.92 rows=11472 width=3) (actual time=0.987..354.185 rows=13300 loops=1)
Gather  (cost=1000.00..108730.32 rows=39096 width=3) (actual time=0.693..357.804 rows=41350 loops=1)
Gather  (cost=1000.00..105967.92 rows=11472 width=3) (actual time=2.669..353.393 rows=1643 loops=1)
Seq Scan on area_v_con  (cost=0.00..152138.54 rows=923505 width=4) (actual time=0.439..1173.605 rows=926646 loops=1)
Seq Scan on area_v_con  (cost=0.00..152138.54 rows=490357 width=4) (actual time=0.384..1139.358 rows=495041 loops=1)
Gather  (cost=1000.00..110917.02 rows=60963 width=3) (actual time=0.561..357.917 rows=59423 loops=1)
Seq Scan on area_v_con  (cost=0.00..152138.54 rows=923505 width=4) (actual time=0.376..1159.201 rows=926646 loops=1)
Gather  (cost=1000.00..104820.82 rows=1 width=4) (actual time=423.807..428.587 rows=0 loops=1)
Seq Scan on area_v_con  (cost=0.00..152138.54 rows=923505 width=4) (actual time=0.396..1157.107 rows=926646 loops=1)
Seq Scan on area_v_con  (cost=0.00..152138.54 rows=490357 width=4) (actual time=0.381..1134.194 rows=495041 loops=1)
Gather  (cost=1000.00..149262.02 rows=444413 width=4) (actual time=0.609..495.091 rows=443206 loops=1)
Gather  (cost=1000.00..105967.92 rows=11472 width=3) (actual time=0.642..362.181 rows=23240 loops=1)
Gather  (cost=1000.00..149262.02 rows=444413 width=4) (actual time=0.578..482.525 rows=443206 loops=1)
Gather  (cost=1000.00..105967.92 rows=11472 width=3) (actual time=0.736..336.388 rows=1617 loops=1)
Gather  (cost=1000.00..107471.32 rows=26506 width=3) (actual time=0.653..342.836 rows=23240 loops=1)
Gather  (cost=1000.00..105967.92 rows=11472 width=3) (actual time=0.566..351.031 rows=4942 loops=1)
Seq Scan on area_v_con  (cost=0.00..152138.54 rows=504714 width=4) (actual time=0.371..1130.834 rows=516862 loops=1)
Seq Scan on area_v_con  (cost=0.00..152138.54 rows=602344 width=4) (actual time=0.364..1128.797 rows=595837 loops=1)
Gather  (cost=1000.00..147009.12 rows=421884 width=4) (actual time=0.581..487.908 rows=434439 loops=1)
Seq Scan on area_v_con  (cost=0.00..152138.54 rows=602344 width=4) (actual time=0.386..1136.711 rows=595837 loops=1)
Gather  (cost=1000.00..107272.52 rows=24518 width=3) (actual time=0.696..353.796 rows=23047 loops=1)
Gather  (cost=1000.00..105967.92 rows=11472 width=3) (actual time=2.167..341.209 rows=1661 loops=1)
Seq Scan on area_v_con  (cost=0.00..152138.54 rows=477987 width=4) (actual time=0.441..1125.516 rows=470990 loops=1)
Gather  (cost=1000.00..107228.32 rows=24076 width=3) (actual time=0.672..340.722 rows=23240 loops=1)
Gather  (cost=1000.00..105967.92 rows=11472 width=3) (actual time=0.709..344.028 rows=13307 loops=1)
Gather  (cost=1000.00..109105.82 rows=42851 width=3) (actual time=0.650..346.905 rows=41350 loops=1)
Gather  (cost=1000.00..105967.92 rows=11472 width=3) (actual time=0.570..342.588 rows=14699 loops=1)
Seq Scan on area_v_con  (cost=0.00..152138.54 rows=923505 width=4) (actual time=0.382..1150.360 rows=926646 loops=1)
Gather  (cost=1000.00..105967.92 rows=11472 width=3) (actual time=0.665..340.290 rows=13151 loops=1)
Seq Scan on area_v_con  (cost=0.00..152138.54 rows=489031 width=4) (actual time=0.452..1125.811 rows=473031 loops=1)
Seq Scan on area_v_con  (cost=0.00..152138.54 rows=923505 width=4) (actual time=0.417..1147.529 rows=926646 loops=1)
Gather  (cost=1000.00..105967.92 rows=11472 width=3) (actual time=0.700..348.409 rows=11597 loops=1)
Seq Scan on area_v_con  (cost=0.00..152138.54 rows=923505 width=4) (actual time=0.366..1155.890 rows=926646 loops=1)
Seq Scan on area_v_con  (cost=0.00..152138.54 rows=504714 width=4) (actual time=0.441..1123.251 rows=516862 loops=1)
Seq Scan on area_v_con  (cost=0.00..152138.54 rows=602344 width=4) (actual time=0.374..1136.311 rows=595837 loops=1)
Gather  (cost=1000.00..148489.02 rows=436683 width=4) (actual time=0.700..483.379 rows=425955 loops=1)
Gather  (cost=1000.00..147009.12 rows=421884 width=4) (actual time=0.560..496.965 rows=434439 loops=1)
Gather  (cost=1000.00..105967.92 rows=11472 width=3) (actual time=0.733..341.824 rows=6637 loops=1)
Gather  (cost=1000.00..110850.82 rows=60301 width=3) (actual time=0.567..365.677 rows=59423 loops=1)
Seq Scan on area_v_con  (cost=0.00..152138.54 rows=489031 width=4) (actual time=0.511..1131.979 rows=473031 loops=1)
Seq Scan on area_v_con  (cost=0.00..152138.54 rows=489031 width=4) (actual time=0.445..1132.484 rows=473031 loops=1)
Gather  (cost=1000.00..107228.32 rows=24076 width=3) (actual time=0.786..341.199 rows=23047 loops=1)
Gather  (cost=1000.00..105967.92 rows=11472 width=3) (actual time=0.711..340.669 rows=8243 loops=1)
Gather  (cost=1000.00..105967.92 rows=11472 width=3) (actual time=0.744..342.347 rows=13300 loops=1)
Gather  (cost=1000.00..109304.62 rows=44839 width=3) (actual time=0.574..352.557 rows=41350 loops=1)
Gather  (cost=1000.00..105967.92 rows=11472 width=3) (actual time=0.559..345.355 rows=4942 loops=1)
Seq Scan on area_v_con  (cost=0.00..152138.54 rows=504714 width=4) (actual time=0.376..1138.014 rows=516862 loops=1)
Gather  (cost=1000.00..105967.92 rows=11472 width=3) (actual time=0.578..353.554 rows=23173 loops=1)
Gather  (cost=1000.00..105967.92 rows=11472 width=3) (actual time=0.571..347.496 rows=23173 loops=1)
Gather  (cost=1000.00..105967.92 rows=11472 width=3) (actual time=1.120..343.734 rows=1677 loops=1)
Seq Scan on area_v_con  (cost=0.00..152138.54 rows=1422256 width=4) (actual time=0.376..1191.392 rows=1419652 loops=1)
Seq Scan on area_v_con  (cost=0.00..152138.54 rows=1422256 width=4) (actual time=0.449..1190.144 rows=1419652 loops=1)
Seq Scan on area_v_con  (cost=0.00..152138.54 rows=923505 width=4) (actual time=0.376..1163.243 rows=926646 loops=1)
Gather  (cost=1000.00..105967.92 rows=11472 width=3) (actual time=0.822..341.948 rows=18152 loops=1)
Gather  (cost=1000.00..105967.92 rows=11472 width=3) (actual time=0.660..344.572 rows=13151 loops=1)
Gather  (cost=1000.00..148489.02 rows=436683 width=4) (actual time=0.628..477.798 rows=425955 loops=1)
Gather  (cost=1000.00..105967.92 rows=11472 width=3) (actual time=0.560..350.666 rows=14699 loops=1)
Seq Scan on area_v_con  (cost=0.00..152138.54 rows=490357 width=4) (actual time=0.416..1141.095 rows=495041 loops=1)
Gather  (cost=1000.00..105967.92 rows=11472 width=3) (actual time=0.695..344.037 rows=9703 loops=1)
Gather  (cost=1000.00..146147.62 rows=413269 width=4) (actual time=0.608..505.745 rows=424881 loops=1)
Gather  (cost=1000.00..105967.92 rows=11472 width=3) (actual time=0.679..343.925 rows=4958 loops=1)
Seq Scan on area_v_con  (cost=0.00..152138.54 rows=504714 width=4) (actual time=0.367..1130.542 rows=516862 loops=1)
Gather  (cost=1000.00..105967.92 rows=11472 width=3) (actual time=0.764..343.651 rows=11597 loops=1)
Gather  (cost=1000.00..105967.92 rows=11472 width=3) (actual time=0.609..347.853 rows=11597 loops=1)
Seq Scan on area_v_con  (cost=0.00..152138.54 rows=1422256 width=4) (actual time=0.379..1177.341 rows=1419652 loops=1)
Seq Scan on area_v_con  (cost=0.00..152138.54 rows=602344 width=4) (actual time=0.364..1135.520 rows=595837 loops=1)
Seq Scan on area_v_con  (cost=0.00..152138.54 rows=602344 width=4) (actual time=0.376..1131.475 rows=595837 loops=1)
Seq Scan on area_v_con  (cost=0.00..152138.54 rows=923505 width=4) (actual time=0.365..1145.508 rows=926646 loops=1)
Seq Scan on area_v_con  (cost=0.00..152138.54 rows=923505 width=4) (actual time=0.368..1156.180 rows=926646 loops=1)
Gather  (cost=1000.00..105967.92 rows=11472 width=3) (actual time=0.518..343.199 rows=14875 loops=1)
Gather  (cost=1000.00..105967.92 rows=11472 width=3) (actual time=2.155..341.297 rows=1661 loops=1)
Gather  (cost=1000.00..105967.92 rows=11472 width=3) (actual time=0.987..342.562 rows=3312 loops=1)
Gather  (cost=1000.00..105967.92 rows=11472 width=3) (actual time=0.629..341.539 rows=18152 loops=1)
Gather  (cost=1000.00..107272.52 rows=24518 width=3) (actual time=0.635..357.921 rows=23240 loops=1)
Seq Scan on area_v_con  (cost=0.00..152138.54 rows=490357 width=4) (actual time=0.381..1126.549 rows=495041 loops=1)
Gather  (cost=1000.00..105967.92 rows=11472 width=3) (actual time=0.746..343.524 rows=6538 loops=1)
Seq Scan on area_v_con  (cost=0.00..152138.54 rows=923505 width=4) (actual time=0.373..1149.354 rows=926646 loops=1)
Gather  (cost=1000.00..146147.62 rows=413269 width=4) (actual time=0.624..478.631 rows=424881 loops=1)
Seq Scan on area_v_con  (cost=0.00..152138.54 rows=923505 width=4) (actual time=0.376..1150.986 rows=926646 loops=1)
Gather  (cost=1000.00..105967.92 rows=11472 width=3) (actual time=0.725..346.334 rows=3444 loops=1)
Seq Scan on area_v_con  (cost=0.00..152138.54 rows=1422256 width=4) (actual time=0.420..1176.543 rows=1419652 loops=1)
Seq Scan on area_v_con  (cost=0.00..152138.54 rows=477987 width=4) (actual time=0.439..1127.904 rows=470990 loops=1)
Seq Scan on area_v_con  (cost=0.00..152138.54 rows=490357 width=4) (actual time=0.375..1132.725 rows=495041 loops=1)
Seq Scan on area_v_con  (cost=0.00..152138.54 rows=489031 width=4) (actual time=0.558..1124.148 rows=473031 loops=1)
Gather  (cost=1000.00..107758.42 rows=29377 width=3) (actual time=0.579..342.630 rows=31459 loops=1)
Gather  (cost=1000.00..107891.02 rows=30703 width=3) (actual time=0.562..354.565 rows=31459 loops=1)
Gather  (cost=1000.00..105967.92 rows=11472 width=3) (actual time=0.604..340.041 rows=11597 loops=1)
Gather  (cost=1000.00..105967.92 rows=11472 width=3) (actual time=0.673..339.331 rows=6626 loops=1)
Gather  (cost=1000.00..105967.92 rows=11472 width=3) (actual time=0.648..347.325 rows=23240 loops=1)
Seq Scan on area_v_con  (cost=0.00..152138.54 rows=602344 width=4) (actual time=0.370..1138.456 rows=595837 loops=1)
Gather  (cost=1000.00..148489.02 rows=436683 width=4) (actual time=0.713..486.788 rows=425955 loops=1)
Gather  (cost=1000.00..105967.92 rows=11472 width=3) (actual time=0.819..340.155 rows=9962 loops=1)
Gather  (cost=1000.00..107625.92 rows=28052 width=3) (actual time=0.578..345.854 rows=31459 loops=1)
Gather  (cost=1000.00..146147.62 rows=413269 width=4) (actual time=0.264..492.600 rows=424881 loops=1)
Seq Scan on area_v_con  (cost=0.00..152138.54 rows=490357 width=4) (actual time=0.483..1134.593 rows=495041 loops=1)
Gather  (cost=1000.00..105967.92 rows=11472 width=3) (actual time=0.692..340.957 rows=9703 loops=1)
Seq Scan on area_v_con  (cost=0.00..152138.54 rows=504714 width=4) (actual time=0.038..1128.445 rows=516862 loops=1)
Seq Scan on area_v_con  (cost=0.00..152138.54 rows=1422256 width=4) (actual time=0.360..1174.120 rows=1419652 loops=1)
Seq Scan on area_v_con  (cost=0.00..152138.54 rows=1422256 width=4) (actual time=0.361..1177.619 rows=1419652 loops=1)
Seq Scan on area_v_con  (cost=0.00..152138.54 rows=490357 width=4) (actual time=0.425..1123.957 rows=495041 loops=1)
Gather  (cost=1000.00..105967.92 rows=11472 width=3) (actual time=0.877..351.894 rows=9703 loops=1)
Seq Scan on area_v_con  (cost=0.00..152138.54 rows=602344 width=4) (actual time=0.440..1148.314 rows=595837 loops=1)
Gather  (cost=1000.00..105967.92 rows=11472 width=3) (actual time=0.699..354.575 rows=6613 loops=1)
Seq Scan on area_v_con  (cost=0.00..152138.54 rows=1422256 width=4) (actual time=0.470..1180.341 rows=1419652 loops=1)
Gather  (cost=1000.00..147009.12 rows=421884 width=4) (actual time=0.588..490.318 rows=434439 loops=1)
Gather  (cost=1000.00..110585.72 rows=57650 width=3) (actual time=0.554..359.270 rows=59423 loops=1)
Gather  (cost=1000.00..110674.12 rows=58534 width=3) (actual time=0.558..351.786 rows=59423 loops=1)
Gather  (cost=1000.00..108752.42 rows=39317 width=3) (actual time=0.568..348.338 rows=41350 loops=1)
Seq Scan on area_v_con  (cost=0.00..152138.54 rows=923505 width=4) (actual time=0.403..1155.773 rows=926646 loops=1)
Gather  (cost=1000.00..107736.32 rows=29156 width=3) (actual time=0.674..347.021 rows=31459 loops=1)
Gather  (cost=1000.00..105967.92 rows=11472 width=3) (actual time=0.563..343.701 rows=23173 loops=1)
Seq Scan on area_v_con  (cost=0.00..152138.54 rows=504714 width=4) (actual time=0.374..1136.718 rows=516862 loops=1)
Gather  (cost=1000.00..105967.92 rows=11472 width=3) (actual time=0.795..351.796 rows=19619 loops=1)
Gather  (cost=1000.00..107625.92 rows=28052 width=3) (actual time=0.561..349.157 rows=31459 loops=1)
Gather  (cost=1000.00..105967.92 rows=11472 width=3) (actual time=0.595..351.942 rows=9970 loops=1)
Seq Scan on area_v_con  (cost=0.00..152138.54 rows=490357 width=4) (actual time=0.387..1121.597 rows=495041 loops=1)
Gather  (cost=1000.00..107957.22 rows=31365 width=3) (actual time=0.605..349.241 rows=31459 loops=1)
Gather  (cost=1000.00..148489.02 rows=436683 width=4) (actual time=0.632..491.747 rows=425955 loops=1)
Gather  (cost=1000.00..107360.82 rows=25401 width=3) (actual time=0.581..341.192 rows=19619 loops=1)
Seq Scan on area_v_con  (cost=0.00..152138.54 rows=1422256 width=4) (actual time=0.410..1174.875 rows=1419652 loops=1)
Gather  (cost=1000.00..111182.12 rows=63614 width=3) (actual time=0.654..349.741 rows=59423 loops=1)
Gather  (cost=1000.00..105967.92 rows=11472 width=3) (actual time=0.598..340.416 rows=11597 loops=1)
Seq Scan on area_v_con  (cost=0.00..152138.54 rows=1422256 width=4) (actual time=0.378..1171.327 rows=1419652 loops=1)
Seq Scan on area_v_con  (cost=0.00..152138.54 rows=504714 width=4) (actual time=0.355..1127.635 rows=516862 loops=1)
Seq Scan on area_v_con  (cost=0.00..152138.54 rows=1422256 width=4) (actual time=0.368..1179.568 rows=1419652 loops=1)
Gather  (cost=1000.00..107272.52 rows=24518 width=3) (actual time=0.670..353.705 rows=23047 loops=1)
Seq Scan on area_v_con  (cost=0.00..152138.54 rows=1422256 width=4) (actual time=0.381..1190.394 rows=1419652 loops=1)
Gather  (cost=1000.00..111248.32 rows=64276 width=3) (actual time=0.676..361.843 rows=59423 loops=1)
Gather  (cost=1000.00..105967.92 rows=11472 width=3) (actual time=0.736..349.078 rows=13300 loops=1)
Gather  (cost=1000.00..111182.12 rows=63614 width=3) (actual time=0.550..350.776 rows=59423 loops=1)
Seq Scan on area_v_con  (cost=0.00..152138.54 rows=1422256 width=4) (actual time=0.378..1182.558 rows=1419652 loops=1)
Seq Scan on area_v_con  (cost=0.00..152138.54 rows=602344 width=4) (actual time=0.363..1130.743 rows=595837 loops=1)
Seq Scan on area_v_con  (cost=0.00..152138.54 rows=923505 width=4) (actual time=0.367..1154.033 rows=926646 loops=1)
Gather  (cost=1000.00..148489.02 rows=436683 width=4) (actual time=0.651..486.136 rows=425955 loops=1)
Seq Scan on area_v_con  (cost=0.00..152138.54 rows=1422256 width=4) (actual time=0.376..1177.269 rows=1419652 loops=1)
Seq Scan on area_v_con  (cost=0.00..152138.54 rows=1422256 width=4) (actual time=0.433..1181.944 rows=1419652 loops=1)
Gather  (cost=1000.00..105967.92 rows=11472 width=3) (actual time=0.836..346.801 rows=9962 loops=1)
Gather  (cost=1000.00..105967.92 rows=11472 width=3) (actual time=0.607..356.661 rows=18152 loops=1)
Gather  (cost=1000.00..146147.62 rows=413269 width=4) (actual time=0.601..493.312 rows=424881 loops=1)
Gather  (cost=1000.00..110872.92 rows=60522 width=3) (actual time=0.545..352.539 rows=59423 loops=1)
Gather  (cost=1000.00..105967.92 rows=11472 width=3) (actual time=0.633..341.877 rows=4920 loops=1)
Gather  (cost=1000.00..109083.72 rows=42630 width=3) (actual time=0.571..352.490 rows=41350 loops=1)
Gather  (cost=1000.00..105967.92 rows=11472 width=3) (actual time=0.620..338.004 rows=8242 loops=1)
Gather  (cost=1000.00..105967.92 rows=11472 width=3) (actual time=0.626..350.746 rows=14875 loops=1)
Seq Scan on area_v_con  (cost=0.00..152138.54 rows=504714 width=4) (actual time=0.371..1129.974 rows=516862 loops=1)
Gather  (cost=1000.00..148489.02 rows=436683 width=4) (actual time=0.694..482.065 rows=425955 loops=1)
Seq Scan on area_v_con  (cost=0.00..152138.54 rows=504714 width=4) (actual time=0.371..1123.234 rows=516862 loops=1)
Seq Scan on area_v_con  (cost=0.00..152138.54 rows=1422256 width=4) (actual time=0.417..1179.099 rows=1419652 loops=1)
Gather  (cost=1000.00..105967.92 rows=11472 width=3) (actual time=0.801..339.584 rows=13300 loops=1)
Gather  (cost=1000.00..105967.92 rows=11472 width=3) (actual time=0.601..352.254 rows=11597 loops=1)
Seq Scan on area_v_con  (cost=0.00..152138.54 rows=477987 width=4) (actual time=0.443..1131.393 rows=470990 loops=1)
Gather  (cost=1000.00..105967.92 rows=11472 width=3) (actual time=0.667..350.387 rows=14699 loops=1)
Seq Scan on area_v_con  (cost=0.00..152138.54 rows=504714 width=4) (actual time=0.369..1123.159 rows=516862 loops=1)
Seq Scan on area_v_con  (cost=0.00..152138.54 rows=490357 width=4) (actual time=0.423..1122.672 rows=495041 loops=1)
Gather  (cost=1000.00..149262.02 rows=444413 width=4) (actual time=0.617..490.922 rows=443206 loops=1)
Seq Scan on area_v_con  (cost=0.00..152138.54 rows=602344 width=4) (actual time=0.372..1126.402 rows=595837 loops=1)
Seq Scan on area_v_con  (cost=0.00..152138.54 rows=490357 width=4) (actual time=0.371..1120.934 rows=495041 loops=1)
Gather  (cost=1000.00..105967.92 rows=11472 width=3) (actual time=0.842..347.048 rows=9962 loops=1)
Gather  (cost=1000.00..105967.92 rows=11472 width=3) (actual time=0.599..338.368 rows=11597 loops=1)
Gather  (cost=1000.00..105967.92 rows=11472 width=3) (actual time=0.667..339.357 rows=13151 loops=1)
Gather  (cost=1000.00..105967.92 rows=11472 width=3) (actual time=0.578..336.819 rows=6613 loops=1)
Gather  (cost=1000.00..105967.92 rows=11472 width=3) (actual time=0.591..345.529 rows=14709 loops=1)
Gather  (cost=1000.00..105967.92 rows=11472 width=3) (actual time=0.672..342.161 rows=23240 loops=1)
Gather  (cost=1000.00..105967.92 rows=11472 width=3) (actual time=0.702..342.525 rows=6527 loops=1)
Gather  (cost=1000.00..146147.62 rows=413269 width=4) (actual time=0.595..477.492 rows=424881 loops=1)
Seq Scan on area_v_con  (cost=0.00..152138.54 rows=923505 width=4) (actual time=0.461..1148.891 rows=926646 loops=1)
Gather  (cost=1000.00..105967.92 rows=11472 width=3) (actual time=0.581..348.639 rows=23173 loops=1)
Seq Scan on area_v_con  (cost=0.00..152138.54 rows=923505 width=4) (actual time=0.365..1146.550 rows=926646 loops=1)
Gather  (cost=1000.00..105967.92 rows=11472 width=3) (actual time=0.678..338.886 rows=6626 loops=1)
Gather  (cost=1000.00..149262.02 rows=444413 width=4) (actual time=0.567..482.704 rows=443206 loops=1)
Seq Scan on area_v_con  (cost=0.00..152138.54 rows=489031 width=4) (actual time=0.466..1121.806 rows=473031 loops=1)
Seq Scan on area_v_con  (cost=0.00..152138.54 rows=923505 width=4) (actual time=0.362..1150.392 rows=926646 loops=1)
Seq Scan on area_v_con  (cost=0.00..152138.54 rows=1422256 width=4) (actual time=0.362..1196.800 rows=1419652 loops=1)
Gather  (cost=1000.00..110519.42 rows=56987 width=3) (actual time=0.568..361.811 rows=59423 loops=1)
Gather  (cost=1000.00..105967.92 rows=11472 width=3) (actual time=0.552..338.753 rows=8059 loops=1)
Gather  (cost=1000.00..105967.92 rows=11472 width=3) (actual time=0.554..347.405 rows=14699 loops=1)
Seq Scan on area_v_con  (cost=0.00..152138.54 rows=477987 width=4) (actual time=0.454..1130.350 rows=470990 loops=1)
Gather  (cost=1000.00..107471.32 rows=26506 width=3) (actual time=0.814..342.005 rows=23047 loops=1)
Gather  (cost=1000.00..105967.92 rows=11472 width=3) (actual time=0.674..347.728 rows=13307 loops=1)
Seq Scan on area_v_con  (cost=0.00..152138.54 rows=489031 width=4) (actual time=0.505..1134.623 rows=473031 loops=1)
Seq Scan on area_v_con  (cost=0.00..152138.54 rows=490357 width=4) (actual time=0.429..1131.485 rows=495041 loops=1)
Gather  (cost=1000.00..105967.92 rows=11472 width=3) (actual time=0.629..353.342 rows=14709 loops=1)
Seq Scan on area_v_con  (cost=0.00..152138.54 rows=490357 width=4) (actual time=0.384..1127.623 rows=495041 loops=1)
Gather  (cost=1000.00..105967.92 rows=11472 width=3) (actual time=1.004..348.460 rows=9962 loops=1)
Seq Scan on area_v_con  (cost=0.00..152138.54 rows=923505 width=4) (actual time=0.369..1155.851 rows=926646 loops=1)
Gather  (cost=1000.00..105967.92 rows=11472 width=3) (actual time=0.745..338.614 rows=9703 loops=1)
Seq Scan on area_v_con  (cost=0.00..152138.54 rows=602344 width=4) (actual time=0.379..1136.397 rows=595837 loops=1)
Seq Scan on area_v_con  (cost=0.00..152138.54 rows=1422256 width=4) (actual time=0.370..1181.621 rows=1419652 loops=1)
Gather  (cost=1000.00..105967.92 rows=11472 width=3) (actual time=2.294..336.481 rows=1661 loops=1)
Gather  (cost=1000.00..105967.92 rows=11472 width=3) (actual time=0.689..357.791 rows=9703 loops=1)
Gather  (cost=1000.00..105967.92 rows=11472 width=3) (actual time=0.715..343.934 rows=11597 loops=1)
Gather  (cost=1000.00..105967.92 rows=11472 width=3) (actual time=0.582..358.411 rows=19619 loops=1)
Seq Scan on area_v_con  (cost=0.00..152138.54 rows=504714 width=4) (actual time=0.385..1131.993 rows=516862 loops=1)
Seq Scan on area_v_con  (cost=0.00..152138.54 rows=504714 width=4) (actual time=0.359..1131.574 rows=516862 loops=1)
Gather  (cost=1000.00..105967.92 rows=11472 width=3) (actual time=0.752..337.211 rows=4958 loops=1)
Gather  (cost=1000.00..147009.12 rows=421884 width=4) (actual time=0.553..478.333 rows=434439 loops=1)
Seq Scan on area_v_con  (cost=0.00..152138.54 rows=1422256 width=4) (actual time=0.375..1183.366 rows=1419652 loops=1)
Gather  (cost=1000.00..107427.12 rows=26064 width=3) (actual time=0.777..341.944 rows=23240 loops=1)
Seq Scan on area_v_con  (cost=0.00..152138.54 rows=1422256 width=4) (actual time=0.390..1178.737 rows=1419652 loops=1)
Seq Scan on area_v_con  (cost=0.00..152138.54 rows=1422256 width=4) (actual time=0.361..1175.046 rows=1419652 loops=1)
Gather  (cost=1000.00..110718.22 rows=58975 width=3) (actual time=0.600..358.039 rows=59423 loops=1)
Gather  (cost=1000.00..111071.62 rows=62509 width=3) (actual time=0.598..352.088 rows=59423 loops=1)
Gather  (cost=1000.00..105967.92 rows=11472 width=3) (actual time=0.585..339.699 rows=8243 loops=1)
Gather  (cost=1000.00..107250.42 rows=24297 width=3) (actual time=0.544..345.166 rows=23173 loops=1)
Seq Scan on area_v_con  (cost=0.00..152138.54 rows=490357 width=4) (actual time=0.389..1128.272 rows=495041 loops=1)
Seq Scan on area_v_con  (cost=0.00..152138.54 rows=1422256 width=4) (actual time=0.360..1171.339 rows=1419652 loops=1)
Seq Scan on area_v_con  (cost=0.00..152138.54 rows=602344 width=4) (actual time=0.364..1134.792 rows=595837 loops=1)
Gather  (cost=1000.00..105967.92 rows=11472 width=3) (actual time=0.637..356.400 rows=8242 loops=1)
Gather  (cost=1000.00..147009.12 rows=421884 width=4) (actual time=0.572..484.240 rows=434439 loops=1)
Gather  (cost=1000.00..148489.02 rows=436683 width=4) (actual time=0.625..481.174 rows=425955 loops=1)
Seq Scan on area_v_con  (cost=0.00..152138.54 rows=1422256 width=4) (actual time=0.390..1181.391 rows=1419652 loops=1)
Gather  (cost=1000.00..107758.42 rows=29377 width=3) (actual time=0.579..347.228 rows=31459 loops=1)
Gather  (cost=1000.00..105967.92 rows=11472 width=3) (actual time=0.734..340.301 rows=13300 loops=1)
Gather  (cost=1000.00..105967.92 rows=11472 width=3) (actual time=0.614..342.834 rows=8242 loops=1)
Seq Scan on area_v_con  (cost=0.00..152138.54 rows=602344 width=4) (actual time=0.388..1142.512 rows=595837 loops=1)
Gather  (cost=1000.00..105967.92 rows=11472 width=3) (actual time=0.745..341.931 rows=3444 loops=1)
Seq Scan on area_v_con  (cost=0.00..152138.54 rows=489031 width=4) (actual time=0.466..1139.261 rows=473031 loops=1)
Gather  (cost=1000.00..105967.92 rows=11472 width=3) (actual time=0.646..345.149 rows=23173 loops=1)
Gather  (cost=1000.00..105967.92 rows=11472 width=3) (actual time=1.000..339.374 rows=3312 loops=1)
Seq Scan on area_v_con  (cost=0.00..152138.54 rows=1422256 width=4) (actual time=0.375..1180.880 rows=1419652 loops=1)
Gather  (cost=1000.00..105967.92 rows=11472 width=3) (actual time=0.661..349.004 rows=18152 loops=1)
Seq Scan on area_v_con  (cost=0.00..152138.54 rows=477987 width=4) (actual time=0.451..1131.496 rows=470990 loops=1)
Seq Scan on area_v_con  (cost=0.00..152138.54 rows=923505 width=4) (actual time=0.358..1146.568 rows=926646 loops=1)
Seq Scan on area_v_con  (cost=0.00..152138.54 rows=923505 width=4) (actual time=0.365..1160.435 rows=926646 loops=1)
Gather  (cost=1000.00..105967.92 rows=11472 width=3) (actual time=0.592..343.933 rows=23173 loops=1)
Seq Scan on area_v_con  (cost=0.00..152138.54 rows=1422256 width=4) (actual time=0.381..1180.552 rows=1419652 loops=1)
Seq Scan on area_v_con  (cost=0.00..152138.54 rows=490357 width=4) (actual time=0.440..1134.654 rows=495041 loops=1)
Gather  (cost=1000.00..105967.92 rows=11472 width=3) (actual time=0.641..362.914 rows=19619 loops=1)
Gather  (cost=1000.00..105967.92 rows=11472 width=3) (actual time=0.641..345.455 rows=6538 loops=1)
Seq Scan on area_v_con  (cost=0.00..152138.54 rows=477987 width=4) (actual time=0.449..1132.947 rows=470990 loops=1)
Gather  (cost=1000.00..105967.92 rows=11472 width=3) (actual time=0.700..343.039 rows=23047 loops=1)
Gather  (cost=1000.00..107272.52 rows=24518 width=3) (actual time=0.627..342.255 rows=23240 loops=1)
Gather  (cost=1000.00..109039.52 rows=42188 width=3) (actual time=0.601..347.301 rows=41350 loops=1)
Seq Scan on area_v_con  (cost=0.00..152138.54 rows=477987 width=4) (actual time=0.444..1136.043 rows=470990 loops=1)
Gather  (cost=1000.00..107316.72 rows=24960 width=3) (actual time=0.714..350.286 rows=23240 loops=1)
Seq Scan on area_v_con  (cost=0.00..152138.54 rows=490357 width=4) (actual time=0.416..1136.857 rows=495041 loops=1)
Seq Scan on area_v_con  (cost=0.00..152138.54 rows=1422256 width=4) (actual time=0.372..1187.280 rows=1419652 loops=1)
Seq Scan on area_v_con  (cost=0.00..152138.54 rows=477987 width=4) (actual time=0.431..1130.707 rows=470990 loops=1)
Seq Scan on area_v_con  (cost=0.00..152138.54 rows=1422256 width=4) (actual time=0.455..1173.398 rows=1419652 loops=1)
Seq Scan on area_v_con  (cost=0.00..152138.54 rows=1422256 width=4) (actual time=0.416..1178.528 rows=1419652 loops=1)
Gather  (cost=1000.00..105967.92 rows=11472 width=3) (actual time=0.450..344.293 rows=13151 loops=1)
Gather  (cost=1000.00..110431.12 rows=56104 width=3) (actual time=0.548..350.459 rows=59423 loops=1)
Gather  (cost=1000.00..105967.92 rows=11472 width=3) (actual time=0.582..346.213 rows=19619 loops=1)
Gather  (cost=1000.00..105967.92 rows=11472 width=3) (actual time=0.608..342.711 rows=14709 loops=1)
Gather  (cost=1000.00..105967.92 rows=11472 width=3) (actual time=1.046..339.486 rows=4864 loops=1)
Gather  (cost=1000.00..107692.22 rows=28715 width=3) (actual time=0.567..344.432 rows=31459 loops=1)
Seq Scan on area_v_con  (cost=0.00..152138.54 rows=477987 width=4) (actual time=0.497..1132.989 rows=470990 loops=1)
Seq Scan on area_v_con  (cost=0.00..152138.54 rows=1422256 width=4) (actual time=0.491..1186.051 rows=1419652 loops=1)
Seq Scan on area_v_con  (cost=0.00..152138.54 rows=1422256 width=4) (actual time=0.368..1184.576 rows=1419652 loops=1)
Seq Scan on area_v_con  (cost=0.00..152138.54 rows=1422256 width=4) (actual time=0.366..1186.168 rows=1419652 loops=1)
Gather  (cost=1000.00..107780.52 rows=29598 width=3) (actual time=0.619..345.695 rows=31459 loops=1)
Seq Scan on area_v_con  (cost=0.00..152138.54 rows=1422256 width=4) (actual time=0.380..1182.384 rows=1419652 loops=1)
Gather  (cost=1000.00..108178.12 rows=33574 width=3) (actual time=0.561..346.803 rows=31459 loops=1)
Seq Scan on area_v_con  (cost=0.00..152138.54 rows=504714 width=4) (actual time=0.370..1134.497 rows=516862 loops=1)
Seq Scan on area_v_con  (cost=0.00..152138.54 rows=1422256 width=4) (actual time=0.367..1178.898 rows=1419652 loops=1)
Seq Scan on area_v_con  (cost=0.00..152138.54 rows=1422256 width=4) (actual time=0.316..1177.717 rows=1419652 loops=1)
Seq Scan on area_v_con  (cost=0.00..152138.54 rows=1422256 width=4) (actual time=0.367..1183.294 rows=1419652 loops=1)
Gather  (cost=1000.00..146147.62 rows=413269 width=4) (actual time=0.595..500.531 rows=424881 loops=1)
Gather  (cost=1000.00..105967.92 rows=11472 width=3) (actual time=0.647..345.666 rows=13151 loops=1)
Gather  (cost=1000.00..105967.92 rows=11472 width=3) (actual time=0.906..354.327 rows=1561 loops=1)
Gather  (cost=1000.00..105967.92 rows=11472 width=3) (actual time=0.623..346.585 rows=18152 loops=1)
Gather  (cost=1000.00..105967.92 rows=11472 width=3) (actual time=0.597..344.912 rows=9970 loops=1)
Gather  (cost=1000.00..105967.92 rows=11472 width=3) (actual time=0.686..341.795 rows=13307 loops=1)
Gather  (cost=1000.00..107427.12 rows=26064 width=3) (actual time=0.745..348.170 rows=23240 loops=1)
Gather  (cost=1000.00..105967.92 rows=11472 width=3) (actual time=0.721..342.550 rows=1656 loops=1)
Gather  (cost=1000.00..108597.82 rows=37771 width=3) (actual time=0.670..348.258 rows=41350 loops=1)
Seq Scan on area_v_con  (cost=0.00..152138.54 rows=1422256 width=4) (actual time=0.379..1184.623 rows=1419652 loops=1)
Seq Scan on area_v_con  (cost=0.00..152138.54 rows=923505 width=4) (actual time=0.370..1160.770 rows=926646 loops=1)
Gather  (cost=1000.00..105967.92 rows=11472 width=3) (actual time=0.795..342.559 rows=9703 loops=1)
Seq Scan on area_v_con  (cost=0.00..152138.54 rows=1422256 width=4) (actual time=0.379..1173.995 rows=1419652 loops=1)
Seq Scan on area_v_con  (cost=0.00..152138.54 rows=504714 width=4) (actual time=0.360..1137.263 rows=516862 loops=1)
Gather  (cost=1000.00..105967.92 rows=11472 width=3) (actual time=0.809..357.481 rows=13307 loops=1)
Gather  (cost=1000.00..146147.62 rows=413269 width=4) (actual time=0.593..481.552 rows=424881 loops=1)
Seq Scan on area_v_con  (cost=0.00..152138.54 rows=923505 width=4) (actual time=0.380..1162.101 rows=926646 loops=1)
Gather  (cost=1000.00..149262.02 rows=444413 width=4) (actual time=0.601..489.529 rows=443206 loops=1)
Gather  (cost=1000.00..110585.72 rows=57650 width=3) (actual time=0.645..362.380 rows=59423 loops=1)
Gather  (cost=1000.00..105967.92 rows=11472 width=3) (actual time=0.561..343.380 rows=23173 loops=1)
Seq Scan on area_v_con  (cost=0.00..152138.54 rows=1422256 width=4) (actual time=0.375..1195.549 rows=1419652 loops=1)
Seq Scan on area_v_con  (cost=0.00..152138.54 rows=489031 width=4) (actual time=0.481..1131.616 rows=473031 loops=1)
Gather  (cost=1000.00..105967.92 rows=11472 width=3) (actual time=0.658..341.935 rows=4920 loops=1)
Gather  (cost=1000.00..107272.52 rows=24518 width=3) (actual time=0.623..340.748 rows=23240 loops=1)
Seq Scan on area_v_con  (cost=0.00..152138.54 rows=1422256 width=4) (actual time=0.373..1186.954 rows=1419652 loops=1)
Gather  (cost=1000.00..105967.92 rows=11472 width=3) (actual time=0.689..342.351 rows=8242 loops=1)
Gather  (cost=1000.00..105967.92 rows=11472 width=3) (actual time=0.671..343.303 rows=9703 loops=1)
Gather  (cost=1000.00..105967.92 rows=11472 width=3) (actual time=0.845..351.941 rows=1676 loops=1)
Gather  (cost=1000.00..147009.12 rows=421884 width=4) (actual time=0.590..493.958 rows=434439 loops=1)
Seq Scan on area_v_con  (cost=0.00..152138.54 rows=477987 width=4) (actual time=0.462..1140.935 rows=470990 loops=1)
Gather  (cost=1000.00..105967.92 rows=11472 width=3) (actual time=0.726..339.864 rows=14709 loops=1)
Seq Scan on area_v_con  (cost=0.00..152138.54 rows=1422256 width=4) (actual time=0.377..1187.721 rows=1419652 loops=1)
Seq Scan on area_v_con  (cost=0.00..152138.54 rows=490357 width=4) (actual time=0.388..1144.007 rows=495041 loops=1)
Seq Scan on area_v_con  (cost=0.00..152138.54 rows=602344 width=4) (actual time=0.461..1183.288 rows=595837 loops=1)
Gather  (cost=1000.00..107471.32 rows=26506 width=3) (actual time=0.711..354.304 rows=23240 loops=1)
Seq Scan on area_v_con  (cost=0.00..152138.54 rows=1422256 width=4) (actual time=0.469..1210.766 rows=1419652 loops=1)
Gather  (cost=1000.00..105967.92 rows=11472 width=3) (actual time=0.858..355.017 rows=9962 loops=1)
Seq Scan on area_v_con  (cost=0.00..152138.54 rows=923505 width=4) (actual time=0.613..1164.601 rows=926646 loops=1)
Gather  (cost=1000.00..110453.22 rows=56325 width=3) (actual time=0.629..356.875 rows=59423 loops=1)
Gather  (cost=1000.00..110409.02 rows=55883 width=3) (actual time=0.552..376.810 rows=59423 loops=1)
Seq Scan on area_v_con  (cost=0.00..152138.54 rows=1422256 width=4) (actual time=0.379..1187.135 rows=1419652 loops=1)
Gather  (cost=1000.00..107692.22 rows=28715 width=3) (actual time=0.666..365.149 rows=31459 loops=1)
Gather  (cost=1000.00..149262.02 rows=444413 width=4) (actual time=0.604..489.234 rows=443206 loops=1)
Gather  (cost=1000.00..110674.12 rows=58534 width=3) (actual time=0.550..356.064 rows=59423 loops=1)
Gather  (cost=1000.00..147009.12 rows=421884 width=4) (actual time=0.813..503.128 rows=434439 loops=1)
Gather  (cost=1000.00..105967.92 rows=11472 width=3) (actual time=0.836..373.717 rows=23047 loops=1)
Gather  (cost=1000.00..107802.62 rows=29819 width=3) (actual time=0.664..350.448 rows=31459 loops=1)
Seq Scan on area_v_con  (cost=0.00..152138.54 rows=477987 width=4) (actual time=0.443..1144.688 rows=470990 loops=1)
Gather  (cost=1000.00..105967.92 rows=11472 width=3) (actual time=1.282..369.572 rows=9970 loops=1)
Seq Scan on area_v_con  (cost=0.00..152138.54 rows=1422256 width=4) (actual time=0.384..1202.586 rows=1419652 loops=1)
Gather  (cost=1000.00..105967.92 rows=11472 width=3) (actual time=0.730..349.528 rows=19619 loops=1)
Seq Scan on area_v_con  (cost=0.00..152138.54 rows=490357 width=4) (actual time=0.391..1142.400 rows=495041 loops=1)
Gather  (cost=1000.00..105967.92 rows=11472 width=3) (actual time=0.649..349.875 rows=14875 loops=1)
Seq Scan on area_v_con  (cost=0.00..152138.54 rows=504714 width=4) (actual time=0.459..1135.469 rows=516862 loops=1)
Gather  (cost=1000.00..105967.92 rows=11472 width=3) (actual time=0.592..340.244 rows=6613 loops=1)
Gather  (cost=1000.00..105967.92 rows=11472 width=3) (actual time=0.632..344.156 rows=14875 loops=1)
Gather  (cost=1000.00..148489.02 rows=436683 width=4) (actual time=0.649..479.635 rows=425955 loops=1)
Gather  (cost=1000.00..105967.92 rows=11472 width=3) (actual time=0.658..340.760 rows=3444 loops=1)
Seq Scan on area_v_con  (cost=0.00..152138.54 rows=1422256 width=4) (actual time=0.385..1191.136 rows=1419652 loops=1)
Gather  (cost=1000.00..105967.92 rows=11472 width=3) (actual time=1.308..341.443 rows=4951 loops=1)
Seq Scan on area_v_con  (cost=0.00..152138.54 rows=1422256 width=4) (actual time=0.376..1184.716 rows=1419652 loops=1)
Seq Scan on area_v_con  (cost=0.00..152138.54 rows=504714 width=4) (actual time=0.361..1138.419 rows=516862 loops=1)
Gather  (cost=1000.00..148489.02 rows=436683 width=4) (actual time=0.775..482.180 rows=425955 loops=1)
Seq Scan on area_v_con  (cost=0.00..152138.54 rows=1422256 width=4) (actual time=0.374..1172.623 rows=1419652 loops=1)
Gather  (cost=1000.00..105967.92 rows=11472 width=3) (actual time=0.616..344.801 rows=11597 loops=1)
Gather  (cost=1000.00..107272.52 rows=24518 width=3) (actual time=0.654..358.603 rows=23240 loops=1)
Seq Scan on area_v_con  (cost=0.00..152138.54 rows=504714 width=4) (actual time=0.363..1134.353 rows=516862 loops=1)
Gather  (cost=1000.00..105967.92 rows=11472 width=3) (actual time=0.574..342.090 rows=4942 loops=1)
Gather  (cost=1000.00..105967.92 rows=11472 width=3) (actual time=0.605..348.622 rows=18152 loops=1)
Seq Scan on area_v_con  (cost=0.00..152138.54 rows=490357 width=4) (actual time=0.414..1127.232 rows=495041 loops=1)
Gather  (cost=1000.00..149262.02 rows=444413 width=4) (actual time=0.639..493.697 rows=443206 loops=1)
Seq Scan on area_v_con  (cost=0.00..152138.54 rows=489031 width=4) (actual time=0.499..1125.194 rows=473031 loops=1)
Seq Scan on area_v_con  (cost=0.00..152138.54 rows=490357 width=4) (actual time=0.383..1132.201 rows=495041 loops=1)
Gather  (cost=1000.00..105967.92 rows=11472 width=3) (actual time=1.039..338.245 rows=6518 loops=1)
Gather  (cost=1000.00..105967.92 rows=11472 width=3) (actual time=0.648..341.746 rows=6618 loops=1)
Gather  (cost=1000.00..108178.12 rows=33574 width=3) (actual time=0.582..349.462 rows=31459 loops=1)
Seq Scan on area_v_con  (cost=0.00..152138.54 rows=490357 width=4) (actual time=0.392..1142.405 rows=495041 loops=1)
Gather  (cost=1000.00..105967.92 rows=11472 width=3) (actual time=0.638..352.240 rows=14875 loops=1)
Gather  (cost=1000.00..107471.32 rows=26506 width=3) (actual time=0.647..341.437 rows=23240 loops=1)
Gather  (cost=1000.00..147009.12 rows=421884 width=4) (actual time=0.565..481.464 rows=434439 loops=1)
Gather  (cost=1000.00..105967.92 rows=11472 width=3) (actual time=0.570..344.410 rows=19619 loops=1)
Gather  (cost=1000.00..105967.92 rows=11472 width=3) (actual time=0.651..345.708 rows=11597 loops=1)
Gather  (cost=1000.00..149262.02 rows=444413 width=4) (actual time=0.663..484.639 rows=443206 loops=1)
Seq Scan on area_v_con  (cost=0.00..152138.54 rows=1422256 width=4) (actual time=0.381..1178.377 rows=1419652 loops=1)
Gather  (cost=1000.00..105967.92 rows=11472 width=3) (actual time=0.752..343.299 rows=8192 loops=1)
Seq Scan on area_v_con  (cost=0.00..152138.54 rows=923505 width=4) (actual time=0.374..1156.570 rows=926646 loops=1)
Gather  (cost=1000.00..147009.12 rows=421884 width=4) (actual time=0.631..488.564 rows=434439 loops=1)
Seq Scan on area_v_con  (cost=0.00..152138.54 rows=923505 width=4) (actual time=0.378..1162.195 rows=926646 loops=1)
Gather  (cost=1000.00..105967.92 rows=11472 width=3) (actual time=0.683..340.756 rows=14709 loops=1)
Gather  (cost=1000.00..107250.42 rows=24297 width=3) (actual time=0.562..353.657 rows=23173 loops=1)
Gather  (cost=1000.00..105967.92 rows=11472 width=3) (actual time=0.560..343.873 rows=23173 loops=1)
Gather  (cost=1000.00..105967.92 rows=11472 width=3) (actual time=0.687..344.939 rows=19619 loops=1)
Seq Scan on area_v_con  (cost=0.00..152138.54 rows=477987 width=4) (actual time=0.448..1140.105 rows=470990 loops=1)
Gather  (cost=1000.00..148489.02 rows=436683 width=4) (actual time=0.827..479.554 rows=425955 loops=1)
Gather  (cost=1000.00..146147.62 rows=413269 width=4) (actual time=0.596..478.743 rows=424881 loops=1)
Gather  (cost=1000.00..105967.92 rows=11472 width=3) (actual time=0.740..348.742 rows=13300 loops=1)
Gather  (cost=1000.00..105967.92 rows=11472 width=3) (actual time=2.420..342.061 rows=1710 loops=1)
Seq Scan on area_v_con  (cost=0.00..152138.54 rows=923505 width=4) (actual time=0.376..1158.445 rows=926646 loops=1)
Seq Scan on area_v_con  (cost=0.00..152138.54 rows=602344 width=4) (actual time=0.414..1136.440 rows=595837 loops=1)
Gather  (cost=1000.00..105967.92 rows=11472 width=3) (actual time=0.647..343.666 rows=18152 loops=1)
Seq Scan on area_v_con  (cost=0.00..152138.54 rows=490357 width=4) (actual time=0.396..1135.433 rows=495041 loops=1)
Gather  (cost=1000.00..109105.82 rows=42851 width=3) (actual time=0.594..347.459 rows=41350 loops=1)
Seq Scan on area_v_con  (cost=0.00..152138.54 rows=1422256 width=4) (actual time=0.386..1184.034 rows=1419652 loops=1)
Gather  (cost=1000.00..105967.92 rows=11472 width=3) (actual time=0.692..357.311 rows=23047 loops=1)
Seq Scan on area_v_con  (cost=0.00..152138.54 rows=504714 width=4) (actual time=0.369..1129.983 rows=516862 loops=1)
Gather  (cost=1000.00..146147.62 rows=413269 width=4) (actual time=0.615..499.777 rows=424881 loops=1)
Gather  (cost=1000.00..105967.92 rows=11472 width=3) (actual time=0.608..342.632 rows=6538 loops=1)
Seq Scan on area_v_con  (cost=0.00..152138.54 rows=504714 width=4) (actual time=0.384..1131.134 rows=516862 loops=1)
Seq Scan on area_v_con  (cost=0.00..152138.54 rows=602344 width=4) (actual time=0.419..1139.346 rows=595837 loops=1)
Gather  (cost=1000.00..107206.22 rows=23855 width=3) (actual time=0.770..356.510 rows=23240 loops=1)
Gather  (cost=1000.00..107471.32 rows=26506 width=3) (actual time=0.631..344.141 rows=23240 loops=1)
Gather  (cost=1000.00..107625.92 rows=28052 width=3) (actual time=0.600..350.101 rows=31459 loops=1)
Seq Scan on area_v_con  (cost=0.00..152138.54 rows=1422256 width=4) (actual time=0.366..1186.949 rows=1419652 loops=1)
Gather  (cost=1000.00..105967.92 rows=11472 width=3) (actual time=0.634..354.003 rows=14875 loops=1)
Gather  (cost=1000.00..108178.12 rows=33574 width=3) (actual time=0.597..351.925 rows=31459 loops=1)
Gather  (cost=1000.00..105967.92 rows=11472 width=3) (actual time=0.836..343.300 rows=6637 loops=1)
Seq Scan on area_v_con  (cost=0.00..152138.54 rows=602344 width=4) (actual time=0.374..1135.338 rows=595837 loops=1)
Seq Scan on area_v_con  (cost=0.00..152138.54 rows=1422256 width=4) (actual time=0.470..1190.386 rows=1419652 loops=1)
Gather  (cost=1000.00..107802.62 rows=29819 width=3) (actual time=0.579..345.374 rows=31459 loops=1)
Gather  (cost=1000.00..146147.62 rows=413269 width=4) (actual time=0.602..498.014 rows=424881 loops=1)
Gather  (cost=1000.00..147009.12 rows=421884 width=4) (actual time=0.564..484.053 rows=434439 loops=1)
Gather  (cost=1000.00..105967.92 rows=11472 width=3) (actual time=2.384..343.297 rows=1643 loops=1)
Gather  (cost=1000.00..105967.92 rows=11472 width=3) (actual time=0.676..340.612 rows=13307 loops=1)
Gather  (cost=1000.00..148489.02 rows=436683 width=4) (actual time=0.642..483.062 rows=425955 loops=1)
Gather  (cost=1000.00..105967.92 rows=11472 width=3) (actual time=0.858..339.350 rows=9962 loops=1)
Gather  (cost=1000.00..105967.92 rows=11472 width=3) (actual time=0.639..349.155 rows=14699 loops=1)
Seq Scan on area_v_con  (cost=0.00..152138.54 rows=489031 width=4) (actual time=0.462..1128.640 rows=473031 loops=1)
Seq Scan on area_v_con  (cost=0.00..152138.54 rows=923505 width=4) (actual time=0.363..1149.606 rows=926646 loops=1)
Seq Scan on area_v_con  (cost=0.00..152138.54 rows=602344 width=4) (actual time=0.360..1138.395 rows=595837 loops=1)
Gather  (cost=1000.00..105967.92 rows=11472 width=3) (actual time=0.910..354.451 rows=9962 loops=1)
Seq Scan on area_v_con  (cost=0.00..152138.54 rows=1422256 width=4) (actual time=0.470..1195.952 rows=1419652 loops=1)
Seq Scan on area_v_con  (cost=0.00..152138.54 rows=489031 width=4) (actual time=0.460..1135.040 rows=473031 loops=1)
Seq Scan on area_v_con  (cost=0.00..152138.54 rows=490357 width=4) (actual time=0.387..1137.052 rows=495041 loops=1)
Gather  (cost=1000.00..105967.92 rows=11472 width=3) (actual time=2.170..363.339 rows=1661 loops=1)
Gather  (cost=1000.00..105967.92 rows=11472 width=3) (actual time=0.643..344.651 rows=8192 loops=1)
Gather  (cost=1000.00..107692.22 rows=28715 width=3) (actual time=0.550..354.051 rows=31459 loops=1)
Gather  (cost=1000.00..110674.12 rows=58534 width=3) (actual time=0.604..358.348 rows=59423 loops=1)
Gather  (cost=1000.00..107758.42 rows=29377 width=3) (actual time=0.680..353.594 rows=31459 loops=1)
Gather  (cost=1000.00..105967.92 rows=11472 width=3) (actual time=1.003..340.938 rows=9962 loops=1)
Gather  (cost=1000.00..147009.12 rows=421884 width=4) (actual time=0.556..486.803 rows=434439 loops=1)
Gather  (cost=1000.00..105967.92 rows=11472 width=3) (actual time=0.742..341.829 rows=13300 loops=1)
Gather  (cost=1000.00..147009.12 rows=421884 width=4) (actual time=0.553..486.373 rows=434439 loops=1)
Gather  (cost=1000.00..105967.92 rows=11472 width=3) (actual time=0.653..348.887 rows=14699 loops=1)
Seq Scan on area_v_con  (cost=0.00..152138.54 rows=504714 width=4) (actual time=0.386..1134.617 rows=516862 loops=1)
Seq Scan on area_v_con  (cost=0.00..152138.54 rows=1422256 width=4) (actual time=0.408..1194.126 rows=1419652 loops=1)
Seq Scan on area_v_con  (cost=0.00..152138.54 rows=602344 width=4) (actual time=0.375..1140.484 rows=595837 loops=1)
Seq Scan on area_v_con  (cost=0.00..152138.54 rows=489031 width=4) (actual time=0.483..1127.696 rows=473031 loops=1)
Seq Scan on area_v_con  (cost=0.00..152138.54 rows=490357 width=4) (actual time=0.383..1125.683 rows=495041 loops=1)
Seq Scan on area_v_con  (cost=0.00..152138.54 rows=602344 width=4) (actual time=0.036..1132.523 rows=595837 loops=1)
Seq Scan on area_v_con  (cost=0.00..152138.54 rows=602344 width=4) (actual time=0.032..1122.871 rows=595837 loops=1)
Gather  (cost=1000.00..105967.92 rows=11472 width=3) (actual time=0.665..341.453 rows=13151 loops=1)
Gather  (cost=1000.00..105967.92 rows=11472 width=3) (actual time=0.579..349.044 rows=9970 loops=1)
Seq Scan on area_v_con  (cost=0.00..152138.54 rows=489031 width=4) (actual time=0.461..1126.308 rows=473031 loops=1)
Gather  (cost=1000.00..148489.02 rows=436683 width=4) (actual time=0.639..483.843 rows=425955 loops=1)
Gather  (cost=1000.00..149262.02 rows=444413 width=4) (actual time=0.574..488.520 rows=443206 loops=1)
Gather  (cost=1000.00..110806.62 rows=59859 width=3) (actual time=0.542..352.204 rows=59423 loops=1)
Gather  (cost=1000.00..105967.92 rows=11472 width=3) (actual time=1.095..336.148 rows=1677 loops=1)
Seq Scan on area_v_con  (cost=0.00..152138.54 rows=504714 width=4) (actual time=0.376..1135.062 rows=516862 loops=1)
Gather  (cost=1000.00..110409.02 rows=55883 width=3) (actual time=0.636..354.689 rows=59423 loops=1)
Gather  (cost=1000.00..111027.52 rows=62068 width=3) (actual time=0.554..353.863 rows=59423 loops=1)
Gather  (cost=1000.00..108509.42 rows=36887 width=3) (actual time=0.578..346.191 rows=41350 loops=1)
Gather  (cost=1000.00..105967.92 rows=11472 width=3) (actual time=0.573..349.691 rows=19619 loops=1)
Gather  (cost=1000.00..105967.92 rows=11472 width=3) (actual time=0.683..352.874 rows=23047 loops=1)
Gather  (cost=1000.00..109216.22 rows=43955 width=3) (actual time=0.578..358.718 rows=41350 loops=1)
Gather  (cost=1000.00..146147.62 rows=413269 width=4) (actual time=0.615..478.983 rows=424881 loops=1)
Gather  (cost=1000.00..105967.92 rows=11472 width=3) (actual time=0.755..351.857 rows=1570 loops=1)
Seq Scan on area_v_con  (cost=0.00..152138.54 rows=923505 width=4) (actual time=0.377..1156.601 rows=926646 loops=1)
Gather  (cost=1000.00..110409.02 rows=55883 width=3) (actual time=0.579..355.921 rows=59423 loops=1)
Gather  (cost=1000.00..105967.92 rows=11472 width=3) (actual time=0.611..337.220 rows=6538 loops=1)
Seq Scan on area_v_con  (cost=0.00..152138.54 rows=489031 width=4) (actual time=0.477..1121.077 rows=473031 loops=1)
Gather  (cost=1000.00..149262.02 rows=444413 width=4) (actual time=0.651..487.178 rows=443206 loops=1)
Seq Scan on area_v_con  (cost=0.00..152138.54 rows=477987 width=4) (actual time=0.450..1120.765 rows=470990 loops=1)
Gather  (cost=1000.00..146147.62 rows=413269 width=4) (actual time=0.605..476.914 rows=424881 loops=1)
Gather  (cost=1000.00..105967.92 rows=11472 width=3) (actual time=0.588..341.062 rows=9970 loops=1)
Seq Scan on area_v_con  (cost=0.00..152138.54 rows=923505 width=4) (actual time=0.423..1148.079 rows=926646 loops=1)
Seq Scan on area_v_con  (cost=0.00..152138.54 rows=1422256 width=4) (actual time=0.368..1174.638 rows=1419652 loops=1)
Gather  (cost=1000.00..148489.02 rows=436683 width=4) (actual time=0.766..476.336 rows=425955 loops=1)
Seq Scan on area_v_con  (cost=0.00..152138.54 rows=1422256 width=4) (actual time=0.373..1184.905 rows=1419652 loops=1)
Gather  (cost=1000.00..105967.92 rows=11472 width=3) (actual time=0.685..342.549 rows=8243 loops=1)
Gather  (cost=1000.00..105967.92 rows=11472 width=3) (actual time=0.676..344.483 rows=6626 loops=1)
Gather  (cost=1000.00..105967.92 rows=11472 width=3) (actual time=0.689..343.748 rows=13151 loops=1)
Seq Scan on area_v_con  (cost=0.00..152138.54 rows=1422256 width=4) (actual time=0.370..1192.617 rows=1419652 loops=1)
Gather  (cost=1000.00..107736.32 rows=29156 width=3) (actual time=0.630..347.733 rows=31459 loops=1)
Gather  (cost=1000.00..105967.92 rows=11472 width=3) (actual time=0.650..342.309 rows=13151 loops=1)
Gather  (cost=1000.00..105967.92 rows=11472 width=3) (actual time=0.570..345.064 rows=14699 loops=1)
Seq Scan on area_v_con  (cost=0.00..152138.54 rows=490357 width=4) (actual time=0.391..1134.122 rows=495041 loops=1)
Seq Scan on area_v_con  (cost=0.00..152138.54 rows=490357 width=4) (actual time=0.382..1138.133 rows=495041 loops=1)
Seq Scan on area_v_con  (cost=0.00..152138.54 rows=489031 width=4) (actual time=0.460..1132.367 rows=473031 loops=1)
Gather  (cost=1000.00..105967.92 rows=11472 width=3) (actual time=0.667..343.652 rows=4920 loops=1)
Seq Scan on area_v_con  (cost=0.00..152138.54 rows=1422256 width=4) (actual time=0.463..1181.664 rows=1419652 loops=1)
Gather  (cost=1000.00..107692.22 rows=28715 width=3) (actual time=0.602..351.505 rows=31459 loops=1)
Gather  (cost=1000.00..108156.02 rows=33353 width=3) (actual time=0.646..358.926 rows=31459 loops=1)
Gather  (cost=1000.00..105967.92 rows=11472 width=3) (actual time=0.653..341.634 rows=6618 loops=1)
Gather  (cost=1000.00..105967.92 rows=11472 width=3) (actual time=0.663..349.798 rows=8242 loops=1)
Gather  (cost=1000.00..107537.52 rows=27168 width=3) (actual time=0.589..348.838 rows=23173 loops=1)
Seq Scan on area_v_con  (cost=0.00..152138.54 rows=477987 width=4) (actual time=0.481..1147.970 rows=470990 loops=1)
Seq Scan on area_v_con  (cost=0.00..152138.54 rows=504714 width=4) (actual time=0.410..1142.554 rows=516862 loops=1)
Seq Scan on area_v_con  (cost=0.00..152138.54 rows=477987 width=4) (actual time=0.472..1137.135 rows=470990 loops=1)
Seq Scan on area_v_con  (cost=0.00..152138.54 rows=490357 width=4) (actual time=0.465..1136.906 rows=495041 loops=1)
Gather  (cost=1000.00..104820.82 rows=1 width=4) (actual time=419.683..424.849 rows=0 loops=1)
Seq Scan on area_v_con  (cost=0.00..152138.54 rows=490357 width=4) (actual time=0.383..1137.849 rows=495041 loops=1)
Seq Scan on area_v_con  (cost=0.00..152138.54 rows=602344 width=4) (actual time=0.369..1152.495 rows=595837 loops=1)
Gather  (cost=1000.00..105967.92 rows=11472 width=3) (actual time=0.714..345.160 rows=13307 loops=1)
Gather  (cost=1000.00..105967.92 rows=11472 width=3) (actual time=0.693..346.646 rows=6527 loops=1)
Gather  (cost=1000.00..110740.32 rows=59196 width=3) (actual time=0.555..351.023 rows=59423 loops=1)
Gather  (cost=1000.00..149262.02 rows=444413 width=4) (actual time=0.583..483.487 rows=443206 loops=1)
Seq Scan on area_v_con  (cost=0.00..152138.54 rows=1422256 width=4) (actual time=0.376..1190.401 rows=1419652 loops=1)
Seq Scan on area_v_con  (cost=0.00..152138.54 rows=490357 width=4) (actual time=0.524..1134.959 rows=495041 loops=1)
Gather  (cost=1000.00..105967.92 rows=11472 width=3) (actual time=0.700..343.656 rows=23047 loops=1)
Gather  (cost=1000.00..110718.22 rows=58975 width=3) (actual time=0.688..355.471 rows=59423 loops=1)
Gather  (cost=1000.00..105967.92 rows=11472 width=3) (actual time=0.675..346.274 rows=13307 loops=1)
Seq Scan on area_v_con  (cost=0.00..152138.54 rows=490357 width=4) (actual time=0.420..1145.758 rows=495041 loops=1)
Gather  (cost=1000.00..111248.32 rows=64276 width=3) (actual time=0.796..357.360 rows=59423 loops=1)
Gather  (cost=1000.00..111093.72 rows=62730 width=3) (actual time=0.558..355.484 rows=59423 loops=1)
Gather  (cost=1000.00..105967.92 rows=11472 width=3) (actual time=0.617..348.716 rows=1647 loops=1)
Seq Scan on area_v_con  (cost=0.00..152138.54 rows=1422256 width=4) (actual time=0.403..1174.589 rows=1419652 loops=1)
Seq Scan on area_v_con  (cost=0.00..152138.54 rows=477987 width=4) (actual time=0.427..1135.411 rows=470990 loops=1)
Gather  (cost=1000.00..146147.62 rows=413269 width=4) (actual time=0.667..487.582 rows=424881 loops=1)
Gather  (cost=1000.00..108973.32 rows=41526 width=3) (actual time=0.650..358.076 rows=41350 loops=1)
Gather  (cost=1000.00..148489.02 rows=436683 width=4) (actual time=0.720..488.439 rows=425955 loops=1)
Gather  (cost=1000.00..109039.52 rows=42188 width=3) (actual time=0.587..360.634 rows=41350 loops=1)
Seq Scan on area_v_con  (cost=0.00..152138.54 rows=923505 width=4) (actual time=0.376..1165.447 rows=926646 loops=1)
Gather  (cost=1000.00..105967.92 rows=11472 width=3) (actual time=0.671..342.413 rows=13151 loops=1)
Gather  (cost=1000.00..105967.92 rows=11472 width=3) (actual time=0.865..346.959 rows=1676 loops=1)
Seq Scan on area_v_con  (cost=0.00..152138.54 rows=602344 width=4) (actual time=0.377..1143.801 rows=595837 loops=1)
Gather  (cost=1000.00..147009.12 rows=421884 width=4) (actual time=0.272..490.761 rows=434439 loops=1)
Seq Scan on area_v_con  (cost=0.00..152138.54 rows=504714 width=4) (actual time=0.421..1141.881 rows=516862 loops=1)
Gather  (cost=1000.00..105967.92 rows=11472 width=3) (actual time=2.419..348.343 rows=1643 loops=1)
Gather  (cost=1000.00..105967.92 rows=11472 width=3) (actual time=0.593..353.002 rows=14709 loops=1)
Gather  (cost=1000.00..105967.92 rows=11472 width=3) (actual time=0.604..341.541 rows=8243 loops=1)
Gather  (cost=1000.00..146147.62 rows=413269 width=4) (actual time=0.617..491.676 rows=424881 loops=1)
Gather  (cost=1000.00..147009.12 rows=421884 width=4) (actual time=0.577..480.058 rows=434439 loops=1)
Gather  (cost=1000.00..146147.62 rows=413269 width=4) (actual time=0.616..485.731 rows=424881 loops=1)
Gather  (cost=1000.00..105967.92 rows=11472 width=3) (actual time=0.613..341.427 rows=11597 loops=1)
Gather  (cost=1000.00..149262.02 rows=444413 width=4) (actual time=0.592..501.627 rows=443206 loops=1)
Gather  (cost=1000.00..105967.92 rows=11472 width=3) (actual time=0.688..342.520 rows=13307 loops=1)
Seq Scan on area_v_con  (cost=0.00..152138.54 rows=923505 width=4) (actual time=0.374..1161.510 rows=926646 loops=1)
Gather  (cost=1000.00..105967.92 rows=11472 width=3) (actual time=0.649..339.414 rows=8242 loops=1)
Gather  (cost=1000.00..105967.92 rows=11472 width=3) (actual time=2.414..344.587 rows=1643 loops=1)
Gather  (cost=1000.00..105967.92 rows=11472 width=3) (actual time=0.597..355.115 rows=19619 loops=1)
Gather  (cost=1000.00..105967.92 rows=11472 width=3) (actual time=0.780..352.035 rows=4920 loops=1)
Gather  (cost=1000.00..105967.92 rows=11472 width=3) (actual time=0.666..344.677 rows=6613 loops=1)
Seq Scan on area_v_con  (cost=0.00..152138.54 rows=1422256 width=4) (actual time=0.377..1183.752 rows=1419652 loops=1)
Gather  (cost=1000.00..110386.92 rows=55662 width=3) (actual time=0.701..369.756 rows=59423 loops=1)
Seq Scan on area_v_con  (cost=0.00..152138.54 rows=1422256 width=4) (actual time=0.378..1184.112 rows=1419652 loops=1)
Seq Scan on area_v_con  (cost=0.00..152138.54 rows=1422256 width=4) (actual time=0.389..1174.605 rows=1419652 loops=1)
Seq Scan on area_v_con  (cost=0.00..152138.54 rows=923505 width=4) (actual time=0.371..1156.273 rows=926646 loops=1)
Gather  (cost=1000.00..148489.02 rows=436683 width=4) (actual time=0.680..497.015 rows=425955 loops=1)
Gather  (cost=1000.00..149262.02 rows=444413 width=4) (actual time=0.587..492.851 rows=443206 loops=1)
Seq Scan on area_v_con  (cost=0.00..152138.54 rows=504714 width=4) (actual time=0.399..1140.125 rows=516862 loops=1)
Gather  (cost=1000.00..105967.92 rows=11472 width=3) (actual time=1.035..351.375 rows=4864 loops=1)
Gather  (cost=1000.00..147009.12 rows=421884 width=4) (actual time=0.561..483.898 rows=434439 loops=1)
Gather  (cost=1000.00..107935.12 rows=31144 width=3) (actual time=0.570..358.792 rows=31459 loops=1)
Seq Scan on area_v_con  (cost=0.00..152138.54 rows=504714 width=4) (actual time=0.368..1133.555 rows=516862 loops=1)
Gather  (cost=1000.00..110939.12 rows=61184 width=3) (actual time=0.611..360.363 rows=59423 loops=1)
Gather  (cost=1000.00..105967.92 rows=11472 width=3) (actual time=0.668..343.135 rows=9703 loops=1)
Gather  (cost=1000.00..109105.82 rows=42851 width=3) (actual time=0.573..346.332 rows=41350 loops=1)
Gather  (cost=1000.00..105967.92 rows=11472 width=3) (actual time=0.568..350.981 rows=19619 loops=1)
Gather  (cost=1000.00..107471.32 rows=26506 width=3) (actual time=0.634..357.418 rows=23240 loops=1)
Gather  (cost=1000.00..146147.62 rows=413269 width=4) (actual time=0.620..476.697 rows=424881 loops=1)
Gather  (cost=1000.00..107824.72 rows=30040 width=3) (actual time=0.552..351.278 rows=31459 loops=1)
Seq Scan on area_v_con  (cost=0.00..152138.54 rows=1422256 width=4) (actual time=0.474..1174.676 rows=1419652 loops=1)
Seq Scan on area_v_con  (cost=0.00..152138.54 rows=602344 width=4) (actual time=0.361..1135.312 rows=595837 loops=1)
Gather  (cost=1000.00..105967.92 rows=11472 width=3) (actual time=0.766..339.881 rows=13300 loops=1)
Seq Scan on area_v_con  (cost=0.00..152138.54 rows=489031 width=4) (actual time=0.470..1123.479 rows=473031 loops=1)
Gather  (cost=1000.00..110497.42 rows=56767 width=3) (actual time=0.711..354.461 rows=59423 loops=1)
Gather  (cost=1000.00..105967.92 rows=11472 width=3) (actual time=0.562..342.029 rows=23173 loops=1)
Seq Scan on area_v_con  (cost=0.00..152138.54 rows=1422256 width=4) (actual time=0.375..1175.910 rows=1419652 loops=1)
Gather  (cost=1000.00..104820.82 rows=1 width=4) (actual time=419.626..424.351 rows=0 loops=1)
Gather  (cost=1000.00..105967.92 rows=11472 width=3) (actual time=0.635..340.475 rows=4775 loops=1)
Seq Scan on area_v_con  (cost=0.00..152138.54 rows=1422256 width=4) (actual time=0.371..1180.106 rows=1419652 loops=1)
Gather  (cost=1000.00..147009.12 rows=421884 width=4) (actual time=0.613..481.884 rows=434439 loops=1)
Gather  (cost=1000.00..147009.12 rows=421884 width=4) (actual time=0.547..505.670 rows=434439 loops=1)
Seq Scan on area_v_con  (cost=0.00..152138.54 rows=602344 width=4) (actual time=0.368..1130.486 rows=595837 loops=1)
Seq Scan on area_v_con  (cost=0.00..152138.54 rows=602344 width=4) (actual time=0.442..1138.009 rows=595837 loops=1)
Seq Scan on area_v_con  (cost=0.00..152138.54 rows=477987 width=4) (actual time=0.422..1122.923 rows=470990 loops=1)
Gather  (cost=1000.00..149262.02 rows=444413 width=4) (actual time=0.593..483.046 rows=443206 loops=1)
Seq Scan on area_v_con  (cost=0.00..152138.54 rows=477987 width=4) (actual time=0.444..1125.568 rows=470990 loops=1)
Gather  (cost=1000.00..107272.52 rows=24518 width=3) (actual time=0.669..355.448 rows=23240 loops=1)
Gather  (cost=1000.00..110696.12 rows=58754 width=3) (actual time=0.562..354.881 rows=59423 loops=1)
Gather  (cost=1000.00..108001.42 rows=31807 width=3) (actual time=0.580..351.798 rows=31459 loops=1)
Gather  (cost=1000.00..146147.62 rows=413269 width=4) (actual time=0.611..492.285 rows=424881 loops=1)
Gather  (cost=1000.00..110696.12 rows=58754 width=3) (actual time=0.716..355.012 rows=59423 loops=1)
Gather  (cost=1000.00..105967.92 rows=11472 width=3) (actual time=0.654..342.837 rows=23173 loops=1)
Gather  (cost=1000.00..105967.92 rows=11472 width=3) (actual time=0.770..355.804 rows=6527 loops=1)
Gather  (cost=1000.00..105967.92 rows=11472 width=3) (actual time=0.611..346.515 rows=8243 loops=1)
Gather  (cost=1000.00..105967.92 rows=11472 width=3) (actual time=0.646..351.697 rows=23173 loops=1)
Gather  (cost=1000.00..105967.92 rows=11472 width=3) (actual time=0.755..347.399 rows=4920 loops=1)
Gather  (cost=1000.00..105967.92 rows=11472 width=3) (actual time=0.740..339.505 rows=6527 loops=1)
Seq Scan on area_v_con  (cost=0.00..152138.54 rows=1422256 width=4) (actual time=0.372..1187.466 rows=1419652 loops=1)
Seq Scan on area_v_con  (cost=0.00..152138.54 rows=504714 width=4) (actual time=0.363..1129.595 rows=516862 loops=1)
Seq Scan on area_v_con  (cost=0.00..152138.54 rows=602344 width=4) (actual time=0.367..1130.874 rows=595837 loops=1)
Seq Scan on area_v_con  (cost=0.00..152138.54 rows=1422256 width=4) (actual time=0.364..1176.724 rows=1419652 loops=1)
Gather  (cost=1000.00..105967.92 rows=11472 width=3) (actual time=0.830..342.663 rows=23047 loops=1)
Seq Scan on area_v_con  (cost=0.00..152138.54 rows=477987 width=4) (actual time=0.465..1121.799 rows=470990 loops=1)
Gather  (cost=1000.00..108951.22 rows=41305 width=3) (actual time=0.656..346.159 rows=41350 loops=1)
Seq Scan on area_v_con  (cost=0.00..152138.54 rows=923505 width=4) (actual time=0.365..1147.302 rows=926646 loops=1)
Seq Scan on area_v_con  (cost=0.00..152138.54 rows=504714 width=4) (actual time=0.351..1124.741 rows=516862 loops=1)
Gather  (cost=1000.00..105967.92 rows=11472 width=3) (actual time=0.976..350.379 rows=6518 loops=1)
Gather  (cost=1000.00..105967.92 rows=11472 width=3) (actual time=0.605..345.564 rows=9970 loops=1)
Gather  (cost=1000.00..105967.92 rows=11472 width=3) (actual time=0.545..346.419 rows=8059 loops=1)
Gather  (cost=1000.00..146147.62 rows=413269 width=4) (actual time=0.610..483.472 rows=424881 loops=1)
Gather  (cost=1000.00..105967.92 rows=11472 width=3) (actual time=0.590..343.605 rows=8243 loops=1)
Gather  (cost=1000.00..149262.02 rows=444413 width=4) (actual time=0.584..481.308 rows=443206 loops=1)
Gather  (cost=1000.00..110894.92 rows=60742 width=3) (actual time=0.556..350.427 rows=59423 loops=1)
Seq Scan on area_v_con  (cost=0.00..152138.54 rows=1422256 width=4) (actual time=0.374..1177.263 rows=1419652 loops=1)
Gather  (cost=1000.00..149262.02 rows=444413 width=4) (actual time=0.601..490.748 rows=443206 loops=1)
Seq Scan on area_v_con  (cost=0.00..152138.54 rows=1422256 width=4) (actual time=0.374..1179.325 rows=1419652 loops=1)
Gather  (cost=1000.00..105967.92 rows=11472 width=3) (actual time=0.711..341.787 rows=23173 loops=1)
Gather  (cost=1000.00..105967.92 rows=11472 width=3) (actual time=0.654..347.882 rows=6618 loops=1)
Gather  (cost=1000.00..105967.92 rows=11472 width=3) (actual time=0.639..345.842 rows=6618 loops=1)
Gather  (cost=1000.00..110386.92 rows=55662 width=3) (actual time=0.593..354.039 rows=59423 loops=1)
Seq Scan on area_v_con  (cost=0.00..152138.54 rows=1422256 width=4) (actual time=0.375..1175.085 rows=1419652 loops=1)
Gather  (cost=1000.00..146147.62 rows=413269 width=4) (actual time=0.620..477.470 rows=424881 loops=1)
Seq Scan on area_v_con  (cost=0.00..152138.54 rows=923505 width=4) (actual time=0.373..1146.336 rows=926646 loops=1)
Gather  (cost=1000.00..105967.92 rows=11472 width=3) (actual time=1.101..340.868 rows=1545 loops=1)
Seq Scan on area_v_con  (cost=0.00..152138.54 rows=489031 width=4) (actual time=0.492..1141.732 rows=473031 loops=1)
Gather  (cost=1000.00..105967.92 rows=11472 width=3) (actual time=0.643..355.818 rows=3444 loops=1)
Gather  (cost=1000.00..105967.92 rows=11472 width=3) (actual time=0.722..342.949 rows=6527 loops=1)
Gather  (cost=1000.00..148489.02 rows=436683 width=4) (actual time=0.639..483.245 rows=425955 loops=1)
Seq Scan on area_v_con  (cost=0.00..152138.54 rows=1422256 width=4) (actual time=0.395..1185.403 rows=1419652 loops=1)
Gather  (cost=1000.00..105967.92 rows=11472 width=3) (actual time=0.567..346.708 rows=23173 loops=1)
Seq Scan on area_v_con  (cost=0.00..152138.54 rows=1422256 width=4) (actual time=0.378..1192.679 rows=1419652 loops=1)
Gather  (cost=1000.00..105967.92 rows=11472 width=3) (actual time=1.058..343.400 rows=4864 loops=1)
Gather  (cost=1000.00..105967.92 rows=11472 width=3) (actual time=0.742..357.718 rows=13300 loops=1)
Seq Scan on area_v_con  (cost=0.00..152138.54 rows=1422256 width=4) (actual time=0.385..1196.955 rows=1419652 loops=1)
Seq Scan on area_v_con  (cost=0.00..152138.54 rows=923505 width=4) (actual time=0.432..1162.025 rows=926646 loops=1)
Gather  (cost=1000.00..105967.92 rows=11472 width=3) (actual time=1.490..338.591 rows=4951 loops=1)
Gather  (cost=1000.00..149262.02 rows=444413 width=4) (actual time=0.690..496.522 rows=443206 loops=1)
Gather  (cost=1000.00..111071.62 rows=62509 width=3) (actual time=0.559..359.241 rows=59423 loops=1)
Gather  (cost=1000.00..149262.02 rows=444413 width=4) (actual time=0.587..482.287 rows=443206 loops=1)
Seq Scan on area_v_con  (cost=0.00..152138.54 rows=1422256 width=4) (actual time=0.508..1191.057 rows=1419652 loops=1)
Gather  (cost=1000.00..105967.92 rows=11472 width=3) (actual time=0.718..340.706 rows=9970 loops=1)
Gather  (cost=1000.00..110519.42 rows=56987 width=3) (actual time=0.553..377.906 rows=59423 loops=1)
Gather  (cost=1000.00..146147.62 rows=413269 width=4) (actual time=0.622..481.413 rows=424881 loops=1)
Gather  (cost=1000.00..105967.92 rows=11472 width=3) (actual time=0.634..346.146 rows=14709 loops=1)
Gather  (cost=1000.00..105967.92 rows=11472 width=3) (actual time=0.591..350.782 rows=6613 loops=1)
Gather  (cost=1000.00..105967.92 rows=11472 width=3) (actual time=0.656..354.373 rows=14875 loops=1)
Seq Scan on area_v_con  (cost=0.00..152138.54 rows=602344 width=4) (actual time=0.372..1154.839 rows=595837 loops=1)
Seq Scan on area_v_con  (cost=0.00..152138.54 rows=489031 width=4) (actual time=0.517..1138.385 rows=473031 loops=1)
Gather  (cost=1000.00..105967.92 rows=11472 width=3) (actual time=0.646..351.114 rows=14709 loops=1)
Gather  (cost=1000.00..105967.92 rows=11472 width=3) (actual time=0.562..349.059 rows=8059 loops=1)
Gather  (cost=1000.00..149262.02 rows=444413 width=4) (actual time=0.577..493.858 rows=443206 loops=1)
Seq Scan on area_v_con  (cost=0.00..152138.54 rows=1422256 width=4) (actual time=0.383..1188.529 rows=1419652 loops=1)
Gather  (cost=1000.00..110497.42 rows=56767 width=3) (actual time=0.656..354.803 rows=59423 loops=1)
Seq Scan on area_v_con  (cost=0.00..152138.54 rows=489031 width=4) (actual time=0.463..1131.761 rows=473031 loops=1)
Gather  (cost=1000.00..105967.92 rows=11472 width=3) (actual time=0.656..347.416 rows=1647 loops=1)
Seq Scan on area_v_con  (cost=0.00..152138.54 rows=504714 width=4) (actual time=0.384..1145.017 rows=516862 loops=1)
Gather  (cost=1000.00..105967.92 rows=11472 width=3) (actual time=1.011..354.212 rows=9962 loops=1)
Gather  (cost=1000.00..105967.92 rows=11472 width=3) (actual time=0.588..357.260 rows=23173 loops=1)
Gather  (cost=1000.00..107692.22 rows=28715 width=3) (actual time=0.661..347.915 rows=31459 loops=1)
Seq Scan on area_v_con  (cost=0.00..152138.54 rows=602344 width=4) (actual time=0.414..1140.690 rows=595837 loops=1)
Seq Scan on area_v_con  (cost=0.00..152138.54 rows=477987 width=4) (actual time=0.432..1133.984 rows=470990 loops=1)
Seq Scan on area_v_con  (cost=0.00..152138.54 rows=923505 width=4) (actual time=0.444..1158.218 rows=926646 loops=1)
Gather  (cost=1000.00..149262.02 rows=444413 width=4) (actual time=0.664..483.767 rows=443206 loops=1)
Gather  (cost=1000.00..104820.82 rows=1 width=4) (actual time=422.229..427.103 rows=0 loops=1)
Seq Scan on area_v_con  (cost=0.00..152138.54 rows=504714 width=4) (actual time=0.400..1136.280 rows=516862 loops=1)
Gather  (cost=1000.00..105967.92 rows=11472 width=3) (actual time=0.674..354.634 rows=8059 loops=1)
Seq Scan on area_v_con  (cost=0.00..152138.54 rows=1422256 width=4) (actual time=0.376..1186.471 rows=1419652 loops=1)
Gather  (cost=1000.00..109591.72 rows=47710 width=3) (actual time=0.591..354.432 rows=41350 loops=1)
Gather  (cost=1000.00..105967.92 rows=11472 width=3) (actual time=0.568..352.386 rows=19619 loops=1)
Gather  (cost=1000.00..147009.12 rows=421884 width=4) (actual time=0.685..490.281 rows=434439 loops=1)
Seq Scan on area_v_con  (cost=0.00..152138.54 rows=923505 width=4) (actual time=0.373..1172.648 rows=926646 loops=1)
Gather  (cost=1000.00..105967.92 rows=11472 width=3) (actual time=0.725..341.879 rows=9703 loops=1)
Seq Scan on area_v_con  (cost=0.00..152138.54 rows=490357 width=4) (actual time=0.429..1129.783 rows=495041 loops=1)
Seq Scan on area_v_con  (cost=0.00..152138.54 rows=1422256 width=4) (actual time=0.365..1183.277 rows=1419652 loops=1)
Seq Scan on area_v_con  (cost=0.00..152138.54 rows=477987 width=4) (actual time=0.430..1122.654 rows=470990 loops=1)
Gather  (cost=1000.00..107891.02 rows=30703 width=3) (actual time=0.633..352.666 rows=31459 loops=1)
Gather  (cost=1000.00..105967.92 rows=11472 width=3) (actual time=0.596..344.017 rows=11597 loops=1)
Seq Scan on area_v_con  (cost=0.00..152138.54 rows=923505 width=4) (actual time=0.460..1162.526 rows=926646 loops=1)
Gather  (cost=1000.00..105967.92 rows=11472 width=3) (actual time=0.662..345.663 rows=3444 loops=1)
Gather  (cost=1000.00..107537.52 rows=27168 width=3) (actual time=0.570..347.596 rows=23173 loops=1)
Gather  (cost=1000.00..107692.22 rows=28715 width=3) (actual time=0.571..344.568 rows=31459 loops=1)
Gather  (cost=1000.00..105967.92 rows=11472 width=3) (actual time=0.997..343.000 rows=3312 loops=1)
Seq Scan on area_v_con  (cost=0.00..152138.54 rows=1422256 width=4) (actual time=0.380..1181.466 rows=1419652 loops=1)
Gather  (cost=1000.00..105967.92 rows=11472 width=3) (actual time=0.689..340.793 rows=13307 loops=1)
Gather  (cost=1000.00..147009.12 rows=421884 width=4) (actual time=0.571..489.952 rows=434439 loops=1)
Gather  (cost=1000.00..109282.52 rows=44618 width=3) (actual time=0.588..366.254 rows=41350 loops=1)
Seq Scan on area_v_con  (cost=0.00..152138.54 rows=1422256 width=4) (actual time=0.387..1184.993 rows=1419652 loops=1)
Seq Scan on area_v_con  (cost=0.00..152138.54 rows=490357 width=4) (actual time=0.376..1126.351 rows=495041 loops=1)
Gather  (cost=1000.00..105967.92 rows=11472 width=3) (actual time=1.061..341.864 rows=4864 loops=1)
Gather  (cost=1000.00..107780.52 rows=29598 width=3) (actual time=0.581..345.164 rows=31459 loops=1)
Gather  (cost=1000.00..105967.92 rows=11472 width=3) (actual time=0.630..345.440 rows=14875 loops=1)
Seq Scan on area_v_con  (cost=0.00..152138.54 rows=923505 width=4) (actual time=0.393..1160.750 rows=926646 loops=1)
Gather  (cost=1000.00..105967.92 rows=11472 width=3) (actual time=0.665..349.882 rows=6618 loops=1)
Seq Scan on area_v_con  (cost=0.00..152138.54 rows=1422256 width=4) (actual time=0.367..1186.449 rows=1419652 loops=1)
Gather  (cost=1000.00..146147.62 rows=413269 width=4) (actual time=0.701..487.890 rows=424881 loops=1)
Gather  (cost=1000.00..147009.12 rows=421884 width=4) (actual time=0.650..487.088 rows=434439 loops=1)
Gather  (cost=1000.00..105967.92 rows=11472 width=3) (actual time=0.718..342.347 rows=6618 loops=1)
Seq Scan on area_v_con  (cost=0.00..152138.54 rows=1422256 width=4) (actual time=0.382..1191.239 rows=1419652 loops=1)
Gather  (cost=1000.00..149262.02 rows=444413 width=4) (actual time=0.703..487.385 rows=443206 loops=1)
Seq Scan on area_v_con  (cost=0.00..152138.54 rows=490357 width=4) (actual time=0.447..1130.576 rows=495041 loops=1)
Gather  (cost=1000.00..107957.22 rows=31365 width=3) (actual time=0.635..343.876 rows=31459 loops=1)
Gather  (cost=1000.00..107758.42 rows=29377 width=3) (actual time=0.562..347.178 rows=31459 loops=1)
Gather  (cost=1000.00..147009.12 rows=421884 width=4) (actual time=0.570..500.768 rows=434439 loops=1)
Seq Scan on area_v_con  (cost=0.00..152138.54 rows=923505 width=4) (actual time=0.372..1159.486 rows=926646 loops=1)
Gather  (cost=1000.00..105967.92 rows=11472 width=3) (actual time=0.582..345.410 rows=23173 loops=1)
Gather  (cost=1000.00..105967.92 rows=11472 width=3) (actual time=0.694..347.816 rows=23047 loops=1)
Gather  (cost=1000.00..105967.92 rows=11472 width=3) (actual time=0.718..341.195 rows=9703 loops=1)
Gather  (cost=1000.00..105967.92 rows=11472 width=3) (actual time=0.600..341.578 rows=11597 loops=1)
Seq Scan on area_v_con  (cost=0.00..152138.54 rows=923505 width=4) (actual time=0.367..1158.220 rows=926646 loops=1)
Gather  (cost=1000.00..107935.12 rows=31144 width=3) (actual time=0.686..348.753 rows=31459 loops=1)
Gather  (cost=1000.00..107382.92 rows=25622 width=3) (actual time=0.556..351.363 rows=23173 loops=1)
Seq Scan on area_v_con  (cost=0.00..152138.54 rows=1422256 width=4) (actual time=0.380..1174.175 rows=1419652 loops=1)
Seq Scan on area_v_con  (cost=0.00..152138.54 rows=489031 width=4) (actual time=0.464..1125.607 rows=473031 loops=1)
Seq Scan on area_v_con  (cost=0.00..152138.54 rows=1422256 width=4) (actual time=0.386..1173.699 rows=1419652 loops=1)
Seq Scan on area_v_con  (cost=0.00..152138.54 rows=1422256 width=4) (actual time=0.367..1177.279 rows=1419652 loops=1)
Seq Scan on area_v_con  (cost=0.00..152138.54 rows=1422256 width=4) (actual time=0.369..1179.359 rows=1419652 loops=1)
Gather  (cost=1000.00..105967.92 rows=11472 width=3) (actual time=0.491..345.013 rows=14875 loops=1)
Gather  (cost=1000.00..105967.92 rows=11472 width=3) (actual time=0.675..342.947 rows=23047 loops=1)
Seq Scan on area_v_con  (cost=0.00..152138.54 rows=477987 width=4) (actual time=0.441..1122.305 rows=470990 loops=1)
Gather  (cost=1000.00..105967.92 rows=11472 width=3) (actual time=1.156..335.937 rows=1677 loops=1)
Gather  (cost=1000.00..109260.42 rows=44397 width=3) (actual time=0.572..351.862 rows=41350 loops=1)
Gather  (cost=1000.00..105967.92 rows=11472 width=3) (actual time=0.562..344.029 rows=8059 loops=1)
Gather  (cost=1000.00..107206.22 rows=23855 width=3) (actual time=0.641..345.567 rows=23240 loops=1)
Gather  (cost=1000.00..105967.92 rows=11472 width=3) (actual time=0.591..341.944 rows=11597 loops=1)
Seq Scan on area_v_con  (cost=0.00..152138.54 rows=923505 width=4) (actual time=0.370..1149.456 rows=926646 loops=1)
Seq Scan on area_v_con  (cost=0.00..152138.54 rows=504714 width=4) (actual time=0.362..1125.474 rows=516862 loops=1)
Seq Scan on area_v_con  (cost=0.00..152138.54 rows=504714 width=4) (actual time=0.356..1125.352 rows=516862 loops=1)
Gather  (cost=1000.00..111027.52 rows=62068 width=3) (actual time=0.570..361.207 rows=59423 loops=1)
Gather  (cost=1000.00..105967.92 rows=11472 width=3) (actual time=0.638..342.695 rows=8192 loops=1)
Gather  (cost=1000.00..149262.02 rows=444413 width=4) (actual time=0.571..489.353 rows=443206 loops=1)
Seq Scan on area_v_con  (cost=0.00..152138.54 rows=1422256 width=4) (actual time=0.374..1179.402 rows=1419652 loops=1)
Gather  (cost=1000.00..147009.12 rows=421884 width=4) (actual time=0.680..488.589 rows=434439 loops=1)
Seq Scan on area_v_con  (cost=0.00..152138.54 rows=1422256 width=4) (actual time=0.378..1174.885 rows=1419652 loops=1)
Gather  (cost=1000.00..146147.62 rows=413269 width=4) (actual time=0.733..494.560 rows=424881 loops=1)
Gather  (cost=1000.00..109216.22 rows=43955 width=3) (actual time=0.584..346.869 rows=41350 loops=1)
Seq Scan on area_v_con  (cost=0.00..152138.54 rows=1422256 width=4) (actual time=0.370..1177.946 rows=1419652 loops=1)
Gather  (cost=1000.00..148489.02 rows=436683 width=4) (actual time=0.718..477.097 rows=425955 loops=1)
Seq Scan on area_v_con  (cost=0.00..152138.54 rows=504714 width=4) (actual time=0.409..1127.266 rows=516862 loops=1)
Seq Scan on area_v_con  (cost=0.00..152138.54 rows=490357 width=4) (actual time=0.386..1130.706 rows=495041 loops=1)
Gather  (cost=1000.00..105967.92 rows=11472 width=3) (actual time=0.702..341.340 rows=14709 loops=1)
Gather  (cost=1000.00..109370.92 rows=45502 width=3) (actual time=0.584..362.536 rows=41350 loops=1)
Gather  (cost=1000.00..105967.92 rows=11472 width=3) (actual time=1.278..341.460 rows=4951 loops=1)
Gather  (cost=1000.00..105967.92 rows=11472 width=3) (actual time=0.579..348.287 rows=19619 loops=1)
Gather  (cost=1000.00..105967.92 rows=11472 width=3) (actual time=0.592..346.924 rows=14709 loops=1)
Gather  (cost=1000.00..105967.92 rows=11472 width=3) (actual time=0.718..341.669 rows=6637 loops=1)
Gather  (cost=1000.00..148489.02 rows=436683 width=4) (actual time=0.627..497.833 rows=425955 loops=1)
Gather  (cost=1000.00..105967.92 rows=11472 width=3) (actual time=0.627..338.512 rows=8192 loops=1)
Gather  (cost=1000.00..149262.02 rows=444413 width=4) (actual time=0.563..502.040 rows=443206 loops=1)
Gather  (cost=1000.00..105967.92 rows=11472 width=3) (actual time=0.635..345.547 rows=23240 loops=1)
Gather  (cost=1000.00..105967.92 rows=11472 width=3) (actual time=1.030..340.505 rows=4864 loops=1)
Gather  (cost=1000.00..105967.92 rows=11472 width=3) (actual time=0.671..352.076 rows=13151 loops=1)
Gather  (cost=1000.00..105967.92 rows=11472 width=3) (actual time=0.589..351.734 rows=6613 loops=1)
Seq Scan on area_v_con  (cost=0.00..152138.54 rows=923505 width=4) (actual time=0.383..1156.250 rows=926646 loops=1)
Seq Scan on area_v_con  (cost=0.00..152138.54 rows=477987 width=4) (actual time=0.442..1124.413 rows=470990 loops=1)
Seq Scan on area_v_con  (cost=0.00..152138.54 rows=1422256 width=4) (actual time=0.430..1176.351 rows=1419652 loops=1)
Gather  (cost=1000.00..147009.12 rows=421884 width=4) (actual time=0.708..484.333 rows=434439 loops=1)
Gather  (cost=1000.00..105967.92 rows=11472 width=3) (actual time=0.653..345.062 rows=23173 loops=1)
Seq Scan on area_v_con  (cost=0.00..152138.54 rows=602344 width=4) (actual time=0.371..1140.462 rows=595837 loops=1)
Gather  (cost=1000.00..149262.02 rows=444413 width=4) (actual time=0.650..488.846 rows=443206 loops=1)
Gather  (cost=1000.00..105967.92 rows=11472 width=3) (actual time=0.546..342.227 rows=4942 loops=1)
Gather  (cost=1000.00..105967.92 rows=11472 width=3) (actual time=0.639..338.742 rows=4920 loops=1)
Gather  (cost=1000.00..105967.92 rows=11472 width=3) (actual time=0.737..342.185 rows=6637 loops=1)
Gather  (cost=1000.00..104820.82 rows=1 width=4) (actual time=419.965..424.789 rows=0 loops=1)
Seq Scan on area_v_con  (cost=0.00..152138.54 rows=602344 width=4) (actual time=0.376..1142.810 rows=595837 loops=1)
Seq Scan on area_v_con  (cost=0.00..152138.54 rows=1422256 width=4) (actual time=0.369..1184.187 rows=1419652 loops=1)
Gather  (cost=1000.00..105967.92 rows=11472 width=3) (actual time=0.794..341.726 rows=8242 loops=1)
Gather  (cost=1000.00..149262.02 rows=444413 width=4) (actual time=0.583..480.944 rows=443206 loops=1)
Gather  (cost=1000.00..105967.92 rows=11472 width=3) (actual time=0.665..345.509 rows=9703 loops=1)
Seq Scan on area_v_con  (cost=0.00..152138.54 rows=1422256 width=4) (actual time=0.470..1180.033 rows=1419652 loops=1)
Gather  (cost=1000.00..105967.92 rows=11472 width=3) (actual time=0.730..339.619 rows=6618 loops=1)
Gather  (cost=1000.00..105967.92 rows=11472 width=3) (actual time=0.579..354.006 rows=8243 loops=1)
Seq Scan on area_v_con  (cost=0.00..152138.54 rows=1422256 width=4) (actual time=0.382..1184.022 rows=1419652 loops=1)
Seq Scan on area_v_con  (cost=0.00..152138.54 rows=923505 width=4) (actual time=0.362..1149.697 rows=926646 loops=1)
Seq Scan on area_v_con  (cost=0.00..152138.54 rows=923505 width=4) (actual time=0.366..1160.883 rows=926646 loops=1)
Seq Scan on area_v_con  (cost=0.00..152138.54 rows=477987 width=4) (actual time=0.438..1131.103 rows=470990 loops=1)
Gather  (cost=1000.00..110850.82 rows=60301 width=3) (actual time=0.608..352.662 rows=59423 loops=1)
Gather  (cost=1000.00..105967.92 rows=11472 width=3) (actual time=0.260..345.796 rows=14709 loops=1)
Gather  (cost=1000.00..110917.02 rows=60963 width=3) (actual time=0.570..352.889 rows=59423 loops=1)
Gather  (cost=1000.00..105967.92 rows=11472 width=3) (actual time=0.234..348.644 rows=19619 loops=1)
Gather  (cost=1000.00..105967.92 rows=11472 width=3) (actual time=2.467..352.118 rows=1643 loops=1)
Gather  (cost=1000.00..110740.32 rows=59196 width=3) (actual time=0.561..358.479 rows=59423 loops=1)
Seq Scan on area_v_con  (cost=0.00..152138.54 rows=602344 width=4) (actual time=0.366..1138.624 rows=595837 loops=1)
Seq Scan on area_v_con  (cost=0.00..152138.54 rows=504714 width=4) (actual time=0.368..1135.444 rows=516862 loops=1)
Seq Scan on area_v_con  (cost=0.00..152138.54 rows=923505 width=4) (actual time=0.378..1158.792 rows=926646 loops=1)
Gather  (cost=1000.00..148489.02 rows=436683 width=4) (actual time=0.808..477.815 rows=425955 loops=1)
Seq Scan on area_v_con  (cost=0.00..152138.54 rows=477987 width=4) (actual time=0.489..1133.816 rows=470990 loops=1)
Gather  (cost=1000.00..110585.72 rows=57650 width=3) (actual time=0.561..368.561 rows=59423 loops=1)
Gather  (cost=1000.00..146147.62 rows=413269 width=4) (actual time=0.583..482.725 rows=424881 loops=1)
Gather  (cost=1000.00..105967.92 rows=11472 width=3) (actual time=0.757..347.995 rows=6618 loops=1)
Gather  (cost=1000.00..105967.92 rows=11472 width=3) (actual time=0.685..347.113 rows=13307 loops=1)
Gather  (cost=1000.00..105967.92 rows=11472 width=3) (actual time=0.592..351.850 rows=19619 loops=1)
Seq Scan on area_v_con  (cost=0.00..152138.54 rows=490357 width=4) (actual time=0.393..1144.863 rows=495041 loops=1)
Seq Scan on area_v_con  (cost=0.00..152138.54 rows=1422256 width=4) (actual time=0.369..1182.133 rows=1419652 loops=1)
Seq Scan on area_v_con  (cost=0.00..152138.54 rows=1422256 width=4) (actual time=0.377..1190.414 rows=1419652 loops=1)
Gather  (cost=1000.00..148489.02 rows=436683 width=4) (actual time=0.664..482.627 rows=425955 loops=1)
Gather  (cost=1000.00..110872.92 rows=60522 width=3) (actual time=0.580..355.368 rows=59423 loops=1)
Gather  (cost=1000.00..105967.92 rows=11472 width=3) (actual time=0.764..341.175 rows=13151 loops=1)
Gather  (cost=1000.00..110497.42 rows=56767 width=3) (actual time=0.562..360.252 rows=59423 loops=1)
Seq Scan on area_v_con  (cost=0.00..152138.54 rows=1422256 width=4) (actual time=0.376..1185.685 rows=1419652 loops=1)
Gather  (cost=1000.00..105967.92 rows=11472 width=3) (actual time=0.688..350.668 rows=19619 loops=1)
Gather  (cost=1000.00..105967.92 rows=11472 width=3) (actual time=0.777..340.518 rows=13151 loops=1)
Gather  (cost=1000.00..105967.92 rows=11472 width=3) (actual time=0.633..347.855 rows=14699 loops=1)
Gather  (cost=1000.00..105967.92 rows=11472 width=3) (actual time=0.719..345.432 rows=18152 loops=1)
Seq Scan on area_v_con  (cost=0.00..152138.54 rows=489031 width=4) (actual time=0.461..1130.555 rows=473031 loops=1)
Seq Scan on area_v_con  (cost=0.00..152138.54 rows=489031 width=4) (actual time=0.519..1131.767 rows=473031 loops=1)
Seq Scan on area_v_con  (cost=0.00..152138.54 rows=490357 width=4) (actual time=0.382..1124.595 rows=495041 loops=1)
Gather  (cost=1000.00..105967.92 rows=11472 width=3) (actual time=1.086..336.408 rows=1545 loops=1)
Gather  (cost=1000.00..109216.22 rows=43955 width=3) (actual time=0.630..347.054 rows=41350 loops=1)
Gather  (cost=1000.00..105967.92 rows=11472 width=3) (actual time=0.621..344.076 rows=6538 loops=1)
Seq Scan on area_v_con  (cost=0.00..152138.54 rows=1422256 width=4) (actual time=0.374..1183.269 rows=1419652 loops=1)
Seq Scan on area_v_con  (cost=0.00..152138.54 rows=489031 width=4) (actual time=0.454..1123.288 rows=473031 loops=1)
Seq Scan on area_v_con  (cost=0.00..152138.54 rows=504714 width=4) (actual time=0.358..1124.133 rows=516862 loops=1)
Seq Scan on area_v_con  (cost=0.00..152138.54 rows=923505 width=4) (actual time=0.366..1149.332 rows=926646 loops=1)
Gather  (cost=1000.00..146147.62 rows=413269 width=4) (actual time=0.672..476.276 rows=424881 loops=1)
Seq Scan on area_v_con  (cost=0.00..152138.54 rows=602344 width=4) (actual time=0.418..1134.734 rows=595837 loops=1)
Gather  (cost=1000.00..148489.02 rows=436683 width=4) (actual time=0.638..483.043 rows=425955 loops=1)
Gather  (cost=1000.00..105967.92 rows=11472 width=3) (actual time=0.978..341.355 rows=9962 loops=1)
Gather  (cost=1000.00..110740.32 rows=59196 width=3) (actual time=0.586..358.595 rows=59423 loops=1)
Gather  (cost=1000.00..110718.22 rows=58975 width=3) (actual time=0.651..366.910 rows=59423 loops=1)
Gather  (cost=1000.00..149262.02 rows=444413 width=4) (actual time=0.622..486.222 rows=443206 loops=1)
Gather  (cost=1000.00..109370.92 rows=45502 width=3) (actual time=0.689..346.473 rows=41350 loops=1)
Gather  (cost=1000.00..108752.42 rows=39317 width=3) (actual time=0.567..353.140 rows=41350 loops=1)
Gather  (cost=1000.00..105967.92 rows=11472 width=3) (actual time=1.241..337.039 rows=1677 loops=1)
Seq Scan on area_v_con  (cost=0.00..152138.54 rows=1422256 width=4) (actual time=0.395..1179.908 rows=1419652 loops=1)
Seq Scan on area_v_con  (cost=0.00..152138.54 rows=1422256 width=4) (actual time=0.382..1174.516 rows=1419652 loops=1)
Gather  (cost=1000.00..105967.92 rows=11472 width=3) (actual time=0.793..340.177 rows=1570 loops=1)
Gather  (cost=1000.00..110762.42 rows=59417 width=3) (actual time=0.541..358.388 rows=59423 loops=1)
Gather  (cost=1000.00..105967.92 rows=11472 width=3) (actual time=0.644..339.189 rows=6538 loops=1)
Gather  (cost=1000.00..105967.92 rows=11472 width=3) (actual time=0.647..346.230 rows=4920 loops=1)
Seq Scan on area_v_con  (cost=0.00..152138.54 rows=923505 width=4) (actual time=0.404..1150.186 rows=926646 loops=1)
Gather  (cost=1000.00..149262.02 rows=444413 width=4) (actual time=0.746..481.673 rows=443206 loops=1)
Seq Scan on area_v_con  (cost=0.00..152138.54 rows=602344 width=4) (actual time=0.374..1134.252 rows=595837 loops=1)
Gather  (cost=1000.00..109105.82 rows=42851 width=3) (actual time=0.648..347.033 rows=41350 loops=1)
Gather  (cost=1000.00..107891.02 rows=30703 width=3) (actual time=0.562..354.462 rows=31459 loops=1)
Gather  (cost=1000.00..146147.62 rows=413269 width=4) (actual time=0.626..485.032 rows=424881 loops=1)
Seq Scan on area_v_con  (cost=0.00..152138.54 rows=504714 width=4) (actual time=0.366..1128.420 rows=516862 loops=1)
Gather  (cost=1000.00..105967.92 rows=11472 width=3) (actual time=0.986..348.489 rows=6518 loops=1)
Seq Scan on area_v_con  (cost=0.00..152138.54 rows=923505 width=4) (actual time=0.396..1152.942 rows=926646 loops=1)
Gather  (cost=1000.00..105967.92 rows=11472 width=3) (actual time=0.709..340.749 rows=8242 loops=1)
Seq Scan on area_v_con  (cost=0.00..152138.54 rows=490357 width=4) (actual time=0.396..1129.725 rows=495041 loops=1)
Gather  (cost=1000.00..148489.02 rows=436683 width=4) (actual time=0.657..482.636 rows=425955 loops=1)
Gather  (cost=1000.00..105967.92 rows=11472 width=3) (actual time=0.648..346.032 rows=14875 loops=1)
Seq Scan on area_v_con  (cost=0.00..152138.54 rows=923505 width=4) (actual time=0.377..1157.345 rows=926646 loops=1)
Gather  (cost=1000.00..105967.92 rows=11472 width=3) (actual time=0.640..345.726 rows=14709 loops=1)
Gather  (cost=1000.00..109083.72 rows=42630 width=3) (actual time=0.571..347.654 rows=41350 loops=1)
Gather  (cost=1000.00..105967.92 rows=11472 width=3) (actual time=0.676..344.449 rows=9703 loops=1)
Seq Scan on area_v_con  (cost=0.00..152138.54 rows=504714 width=4) (actual time=0.359..1137.224 rows=516862 loops=1)
Seq Scan on area_v_con  (cost=0.00..152138.54 rows=1422256 width=4) (actual time=0.398..1177.326 rows=1419652 loops=1)
Gather  (cost=1000.00..105967.92 rows=11472 width=3) (actual time=0.688..339.379 rows=8192 loops=1)
Seq Scan on area_v_con  (cost=0.00..152138.54 rows=923505 width=4) (actual time=0.374..1151.932 rows=926646 loops=1)
Seq Scan on area_v_con  (cost=0.00..152138.54 rows=923505 width=4) (actual time=0.365..1148.255 rows=926646 loops=1)
Gather  (cost=1000.00..105967.92 rows=11472 width=3) (actual time=0.763..338.185 rows=6626 loops=1)
Gather  (cost=1000.00..105967.92 rows=11472 width=3) (actual time=0.632..354.948 rows=14875 loops=1)
Seq Scan on area_v_con  (cost=0.00..152138.54 rows=1422256 width=4) (actual time=0.377..1175.673 rows=1419652 loops=1)
Seq Scan on area_v_con  (cost=0.00..152138.54 rows=602344 width=4) (actual time=0.363..1128.475 rows=595837 loops=1)
Gather  (cost=1000.00..107537.52 rows=27168 width=3) (actual time=0.646..342.128 rows=23240 loops=1)
Gather  (cost=1000.00..108597.82 rows=37771 width=3) (actual time=0.588..348.581 rows=41350 loops=1)
Gather  (cost=1000.00..105967.92 rows=11472 width=3) (actual time=0.591..337.500 rows=8243 loops=1)
Seq Scan on area_v_con  (cost=0.00..152138.54 rows=923505 width=4) (actual time=0.371..1151.707 rows=926646 loops=1)
Gather  (cost=1000.00..146147.62 rows=413269 width=4) (actual time=0.718..480.488 rows=424881 loops=1)
Gather  (cost=1000.00..105967.92 rows=11472 width=3) (actual time=0.604..357.327 rows=18152 loops=1)
Gather  (cost=1000.00..149262.02 rows=444413 width=4) (actual time=0.584..496.780 rows=443206 loops=1)
Seq Scan on area_v_con  (cost=0.00..152138.54 rows=1422256 width=4) (actual time=0.371..1177.624 rows=1419652 loops=1)
Seq Scan on area_v_con  (cost=0.00..152138.54 rows=490357 width=4) (actual time=0.375..1125.819 rows=495041 loops=1)
Gather  (cost=1000.00..105967.92 rows=11472 width=3) (actual time=0.791..348.957 rows=13307 loops=1)
Seq Scan on area_v_con  (cost=0.00..152138.54 rows=490357 width=4) (actual time=0.385..1126.440 rows=495041 loops=1)
Gather  (cost=1000.00..105967.92 rows=11472 width=3) (actual time=0.785..341.969 rows=23240 loops=1)
Gather  (cost=1000.00..105967.92 rows=11472 width=3) (actual time=0.551..338.584 rows=8059 loops=1)
Seq Scan on area_v_con  (cost=0.00..152138.54 rows=1422256 width=4) (actual time=0.372..1177.918 rows=1419652 loops=1)
Gather  (cost=1000.00..105967.92 rows=11472 width=3) (actual time=0.562..343.377 rows=14699 loops=1)
Seq Scan on area_v_con  (cost=0.00..152138.54 rows=489031 width=4) (actual time=0.490..1124.772 rows=473031 loops=1)
Gather  (cost=1000.00..110409.02 rows=55883 width=3) (actual time=0.670..355.548 rows=59423 loops=1)
Seq Scan on area_v_con  (cost=0.00..152138.54 rows=489031 width=4) (actual time=0.462..1126.286 rows=473031 loops=1)
Gather  (cost=1000.00..105967.92 rows=11472 width=3) (actual time=0.793..348.542 rows=4920 loops=1)
Seq Scan on area_v_con  (cost=0.00..152138.54 rows=923505 width=4) (actual time=0.396..1149.885 rows=926646 loops=1)
Gather  (cost=1000.00..110607.82 rows=57871 width=3) (actual time=0.801..364.806 rows=59423 loops=1)
Gather  (cost=1000.00..105967.92 rows=11472 width=3) (actual time=0.694..352.016 rows=13307 loops=1)
Seq Scan on area_v_con  (cost=0.00..152138.54 rows=490357 width=4) (actual time=0.386..1125.071 rows=495041 loops=1)
Gather  (cost=1000.00..146147.62 rows=413269 width=4) (actual time=0.675..477.781 rows=424881 loops=1)
Gather  (cost=1000.00..105967.92 rows=11472 width=3) (actual time=0.673..364.353 rows=9703 loops=1)
Gather  (cost=1000.00..105967.92 rows=11472 width=3) (actual time=0.633..341.653 rows=18152 loops=1)
Gather  (cost=1000.00..105967.92 rows=11472 width=3) (actual time=0.725..339.139 rows=8192 loops=1)
Seq Scan on area_v_con  (cost=0.00..152138.54 rows=477987 width=4) (actual time=0.441..1127.151 rows=470990 loops=1)
Seq Scan on area_v_con  (cost=0.00..152138.54 rows=923505 width=4) (actual time=0.365..1148.500 rows=926646 loops=1)
Seq Scan on area_v_con  (cost=0.00..152138.54 rows=504714 width=4) (actual time=0.353..1129.268 rows=516862 loops=1)
Seq Scan on area_v_con  (cost=0.00..152138.54 rows=1422256 width=4) (actual time=0.371..1172.086 rows=1419652 loops=1)
Gather  (cost=1000.00..105967.92 rows=11472 width=3) (actual time=0.742..352.723 rows=23240 loops=1)
Gather  (cost=1000.00..105967.92 rows=11472 width=3) (actual time=0.609..337.287 rows=8243 loops=1)
Gather  (cost=1000.00..105967.92 rows=11472 width=3) (actual time=0.551..345.198 rows=23173 loops=1)
Gather  (cost=1000.00..105967.92 rows=11472 width=3) (actual time=0.827..351.080 rows=9962 loops=1)
Gather  (cost=1000.00..149262.02 rows=444413 width=4) (actual time=0.584..484.174 rows=443206 loops=1)
Gather  (cost=1000.00..149262.02 rows=444413 width=4) (actual time=0.561..484.692 rows=443206 loops=1)
Gather  (cost=1000.00..147009.12 rows=421884 width=4) (actual time=0.563..474.663 rows=434439 loops=1)
Gather  (cost=1000.00..105967.92 rows=11472 width=3) (actual time=0.729..348.813 rows=1681 loops=1)
Gather  (cost=1000.00..105967.92 rows=11472 width=3) (actual time=0.655..338.279 rows=13151 loops=1)
Seq Scan on area_v_con  (cost=0.00..152138.54 rows=923505 width=4) (actual time=0.404..1144.850 rows=926646 loops=1)
Gather  (cost=1000.00..111248.32 rows=64276 width=3) (actual time=0.568..349.420 rows=59423 loops=1)
Gather  (cost=1000.00..147009.12 rows=421884 width=4) (actual time=0.558..485.987 rows=434439 loops=1)
Gather  (cost=1000.00..105967.92 rows=11472 width=3) (actual time=0.563..337.980 rows=8059 loops=1)
Seq Scan on area_v_con  (cost=0.00..152138.54 rows=1422256 width=4) (actual time=0.373..1172.543 rows=1419652 loops=1)
Gather  (cost=1000.00..110386.92 rows=55662 width=3) (actual time=0.623..350.625 rows=59423 loops=1)
Seq Scan on area_v_con  (cost=0.00..152138.54 rows=490357 width=4) (actual time=0.390..1120.860 rows=495041 loops=1)
Gather  (cost=1000.00..105967.92 rows=11472 width=3) (actual time=0.598..355.623 rows=6613 loops=1)
Gather  (cost=1000.00..105967.92 rows=11472 width=3) (actual time=0.633..350.770 rows=18152 loops=1)
Gather  (cost=1000.00..107471.32 rows=26506 width=3) (actual time=0.677..355.565 rows=23047 loops=1)
Seq Scan on area_v_con  (cost=0.00..152138.54 rows=1422256 width=4) (actual time=0.371..1176.280 rows=1419652 loops=1)
Seq Scan on area_v_con  (cost=0.00..152138.54 rows=1422256 width=4) (actual time=0.418..1173.040 rows=1419652 loops=1)
Gather  (cost=1000.00..146147.62 rows=413269 width=4) (actual time=0.623..477.024 rows=424881 loops=1)
Gather  (cost=1000.00..105967.92 rows=11472 width=3) (actual time=0.668..345.944 rows=13307 loops=1)
Gather  (cost=1000.00..105967.92 rows=11472 width=3) (actual time=0.632..357.654 rows=6618 loops=1)
Seq Scan on area_v_con  (cost=0.00..152138.54 rows=504714 width=4) (actual time=0.401..1128.780 rows=516862 loops=1)
Seq Scan on area_v_con  (cost=0.00..152138.54 rows=1422256 width=4) (actual time=0.370..1176.457 rows=1419652 loops=1)
Seq Scan on area_v_con  (cost=0.00..152138.54 rows=923505 width=4) (actual time=0.358..1144.146 rows=926646 loops=1)
Seq Scan on area_v_con  (cost=0.00..152138.54 rows=1422256 width=4) (actual time=0.365..1179.776 rows=1419652 loops=1)
Gather  (cost=1000.00..111027.52 rows=62068 width=3) (actual time=0.565..355.073 rows=59423 loops=1)
Gather  (cost=1000.00..105967.92 rows=11472 width=3) (actual time=0.579..351.387 rows=19619 loops=1)
Gather  (cost=1000.00..105967.92 rows=11472 width=3) (actual time=0.834..342.088 rows=9962 loops=1)
Seq Scan on area_v_con  (cost=0.00..152138.54 rows=1422256 width=4) (actual time=0.374..1174.348 rows=1419652 loops=1)
Gather  (cost=1000.00..105967.92 rows=11472 width=3) (actual time=0.890..341.744 rows=9962 loops=1)
Gather  (cost=1000.00..105967.92 rows=11472 width=3) (actual time=0.703..342.676 rows=6527 loops=1)
Gather  (cost=1000.00..146147.62 rows=413269 width=4) (actual time=0.602..483.465 rows=424881 loops=1)
Gather  (cost=1000.00..105967.92 rows=11472 width=3) (actual time=0.725..343.423 rows=13300 loops=1)
Gather  (cost=1000.00..148489.02 rows=436683 width=4) (actual time=0.656..478.376 rows=425955 loops=1)
Gather  (cost=1000.00..108752.42 rows=39317 width=3) (actual time=0.574..360.436 rows=41350 loops=1)
Gather  (cost=1000.00..105967.92 rows=11472 width=3) (actual time=0.622..349.791 rows=18152 loops=1)
Seq Scan on area_v_con  (cost=0.00..152138.54 rows=1422256 width=4) (actual time=0.386..1172.831 rows=1419652 loops=1)
Seq Scan on area_v_con  (cost=0.00..152138.54 rows=602344 width=4) (actual time=0.363..1125.883 rows=595837 loops=1)
Gather  (cost=1000.00..148489.02 rows=436683 width=4) (actual time=0.648..485.117 rows=425955 loops=1)
Seq Scan on area_v_con  (cost=0.00..152138.54 rows=504714 width=4) (actual time=0.368..1124.551 rows=516862 loops=1)
Gather  (cost=1000.00..110872.92 rows=60522 width=3) (actual time=0.601..351.349 rows=59423 loops=1)
Gather  (cost=1000.00..108156.02 rows=33353 width=3) (actual time=0.560..360.827 rows=31459 loops=1)
Seq Scan on area_v_con  (cost=0.00..152138.54 rows=504714 width=4) (actual time=0.366..1130.186 rows=516862 loops=1)
Gather  (cost=1000.00..107537.52 rows=27168 width=3) (actual time=0.663..351.878 rows=23240 loops=1)
Gather  (cost=1000.00..105967.92 rows=11472 width=3) (actual time=0.659..344.054 rows=13307 loops=1)
Seq Scan on area_v_con  (cost=0.00..152138.54 rows=504714 width=4) (actual time=0.359..1127.339 rows=516862 loops=1)
Gather  (cost=1000.00..107780.52 rows=29598 width=3) (actual time=0.606..345.166 rows=31459 loops=1)
Gather  (cost=1000.00..146147.62 rows=413269 width=4) (actual time=0.593..477.426 rows=424881 loops=1)
Seq Scan on area_v_con  (cost=0.00..152138.54 rows=504714 width=4) (actual time=0.362..1124.115 rows=516862 loops=1)
Gather  (cost=1000.00..148489.02 rows=436683 width=4) (actual time=0.686..483.594 rows=425955 loops=1)
Seq Scan on area_v_con  (cost=0.00..152138.54 rows=1422256 width=4) (actual time=0.373..1172.306 rows=1419652 loops=1)
Gather  (cost=1000.00..105967.92 rows=11472 width=3) (actual time=0.637..343.138 rows=14875 loops=1)
Gather  (cost=1000.00..110696.12 rows=58754 width=3) (actual time=0.580..358.028 rows=59423 loops=1)
Gather  (cost=1000.00..105967.92 rows=11472 width=3) (actual time=0.615..340.270 rows=18152 loops=1)
Seq Scan on area_v_con  (cost=0.00..152138.54 rows=923505 width=4) (actual time=0.376..1148.437 rows=926646 loops=1)
Seq Scan on area_v_con  (cost=0.00..152138.54 rows=923505 width=4) (actual time=0.443..1146.610 rows=926646 loops=1)
Gather  (cost=1000.00..105967.92 rows=11472 width=3) (actual time=0.714..345.617 rows=14709 loops=1)
Gather  (cost=1000.00..105967.92 rows=11472 width=3) (actual time=0.830..340.046 rows=9962 loops=1)
Gather  (cost=1000.00..108597.82 rows=37771 width=3) (actual time=0.563..364.555 rows=41350 loops=1)
Seq Scan on area_v_con  (cost=0.00..152138.54 rows=1422256 width=4) (actual time=0.442..1171.272 rows=1419652 loops=1)
Gather  (cost=1000.00..147009.12 rows=421884 width=4) (actual time=0.644..489.936 rows=434439 loops=1)
Gather  (cost=1000.00..105967.92 rows=11472 width=3) (actual time=0.618..347.633 rows=18152 loops=1)
Seq Scan on area_v_con  (cost=0.00..152138.54 rows=490357 width=4) (actual time=0.395..1125.966 rows=495041 loops=1)
Gather  (cost=1000.00..107360.82 rows=25401 width=3) (actual time=0.601..344.679 rows=19619 loops=1)
Gather  (cost=1000.00..108752.42 rows=39317 width=3) (actual time=0.570..353.413 rows=41350 loops=1)
Seq Scan on area_v_con  (cost=0.00..152138.54 rows=602344 width=4) (actual time=0.373..1129.876 rows=595837 loops=1)
Gather  (cost=1000.00..105967.92 rows=11472 width=3) (actual time=0.691..343.652 rows=13307 loops=1)
Seq Scan on area_v_con  (cost=0.00..152138.54 rows=504714 width=4) (actual time=0.362..1126.238 rows=516862 loops=1)
Gather  (cost=1000.00..105967.92 rows=11472 width=3) (actual time=0.613..339.405 rows=9970 loops=1)
Gather  (cost=1000.00..149262.02 rows=444413 width=4) (actual time=0.580..488.933 rows=443206 loops=1)
Seq Scan on area_v_con  (cost=0.00..152138.54 rows=602344 width=4) (actual time=0.378..1123.543 rows=595837 loops=1)
Seq Scan on area_v_con  (cost=0.00..152138.54 rows=489031 width=4) (actual time=0.449..1116.455 rows=473031 loops=1)
Gather  (cost=1000.00..105967.92 rows=11472 width=3) (actual time=0.633..337.478 rows=8192 loops=1)
Gather  (cost=1000.00..105967.92 rows=11472 width=3) (actual time=1.112..338.315 rows=1677 loops=1)
Gather  (cost=1000.00..105967.92 rows=11472 width=3) (actual time=0.719..343.205 rows=13300 loops=1)
Gather  (cost=1000.00..147009.12 rows=421884 width=4) (actual time=0.564..486.719 rows=434439 loops=1)
Seq Scan on area_v_con  (cost=0.00..152138.54 rows=1422256 width=4) (actual time=0.367..1178.681 rows=1419652 loops=1)
Seq Scan on area_v_con  (cost=0.00..152138.54 rows=1422256 width=4) (actual time=0.413..1176.267 rows=1419652 loops=1)
Gather  (cost=1000.00..107272.52 rows=24518 width=3) (actual time=0.698..351.098 rows=23047 loops=1)
Gather  (cost=1000.00..105967.92 rows=11472 width=3) (actual time=0.636..344.580 rows=4775 loops=1)
Seq Scan on area_v_con  (cost=0.00..152138.54 rows=602344 width=4) (actual time=0.389..1126.103 rows=595837 loops=1)
Seq Scan on area_v_con  (cost=0.00..152138.54 rows=1422256 width=4) (actual time=0.360..1180.467 rows=1419652 loops=1)
Gather  (cost=1000.00..105967.92 rows=11472 width=3) (actual time=0.695..348.715 rows=13307 loops=1)
Seq Scan on area_v_con  (cost=0.00..152138.54 rows=504714 width=4) (actual time=0.363..1122.155 rows=516862 loops=1)
Seq Scan on area_v_con  (cost=0.00..152138.54 rows=602344 width=4) (actual time=0.387..1125.676 rows=595837 loops=1)
Gather  (cost=1000.00..105967.92 rows=11472 width=3) (actual time=0.722..338.233 rows=6538 loops=1)
Gather  (cost=1000.00..105967.92 rows=11472 width=3) (actual time=0.641..351.593 rows=14875 loops=1)
Seq Scan on area_v_con  (cost=0.00..152138.54 rows=602344 width=4) (actual time=0.380..1135.313 rows=595837 loops=1)
Gather  (cost=1000.00..105967.92 rows=11472 width=3) (actual time=0.645..338.375 rows=8242 loops=1)
Gather  (cost=1000.00..108001.42 rows=31807 width=3) (actual time=0.546..343.233 rows=31459 loops=1)
Gather  (cost=1000.00..105967.92 rows=11472 width=3) (actual time=0.676..338.111 rows=9703 loops=1)
Gather  (cost=1000.00..105967.92 rows=11472 width=3) (actual time=0.610..353.708 rows=18152 loops=1)
Seq Scan on area_v_con  (cost=0.00..152138.54 rows=1422256 width=4) (actual time=0.384..1175.180 rows=1419652 loops=1)
Seq Scan on area_v_con  (cost=0.00..152138.54 rows=923505 width=4) (actual time=0.370..1153.090 rows=926646 loops=1)
Gather  (cost=1000.00..148489.02 rows=436683 width=4) (actual time=0.712..482.291 rows=425955 loops=1)
Seq Scan on area_v_con  (cost=0.00..152138.54 rows=602344 width=4) (actual time=0.375..1130.900 rows=595837 loops=1)
Seq Scan on area_v_con  (cost=0.00..152138.54 rows=602344 width=4) (actual time=0.411..1128.811 rows=595837 loops=1)
Seq Scan on area_v_con  (cost=0.00..152138.54 rows=923505 width=4) (actual time=0.397..1146.592 rows=926646 loops=1)
Gather  (cost=1000.00..146147.62 rows=413269 width=4) (actual time=0.621..475.434 rows=424881 loops=1)
Gather  (cost=1000.00..146147.62 rows=413269 width=4) (actual time=0.719..489.422 rows=424881 loops=1)
Gather  (cost=1000.00..110917.02 rows=60963 width=3) (actual time=0.558..349.628 rows=59423 loops=1)
Gather  (cost=1000.00..107758.42 rows=29377 width=3) (actual time=0.556..348.234 rows=31459 loops=1)
Seq Scan on area_v_con  (cost=0.00..152138.54 rows=1422256 width=4) (actual time=0.377..1172.391 rows=1419652 loops=1)
Gather  (cost=1000.00..110718.22 rows=58975 width=3) (actual time=0.757..355.726 rows=59423 loops=1)
Gather  (cost=1000.00..105967.92 rows=11472 width=3) (actual time=0.564..344.817 rows=1652 loops=1)
Gather  (cost=1000.00..105967.92 rows=11472 width=3) (actual time=0.560..336.631 rows=1652 loops=1)
Gather  (cost=1000.00..108730.32 rows=39096 width=3) (actual time=0.583..358.138 rows=41350 loops=1)
Gather  (cost=1000.00..105967.92 rows=11472 width=3) (actual time=0.598..344.651 rows=9970 loops=1)
Gather  (cost=1000.00..109392.92 rows=45722 width=3) (actual time=0.577..364.219 rows=41350 loops=1)
Gather  (cost=1000.00..110718.22 rows=58975 width=3) (actual time=0.568..355.735 rows=59423 loops=1)
Gather  (cost=1000.00..148489.02 rows=436683 width=4) (actual time=0.642..477.623 rows=425955 loops=1)
Seq Scan on area_v_con  (cost=0.00..152138.54 rows=602344 width=4) (actual time=0.379..1132.847 rows=595837 loops=1)
Gather  (cost=1000.00..146147.62 rows=413269 width=4) (actual time=0.709..478.613 rows=424881 loops=1)
Gather  (cost=1000.00..147009.12 rows=421884 width=4) (actual time=0.562..483.471 rows=434439 loops=1)
Seq Scan on area_v_con  (cost=0.00..152138.54 rows=489031 width=4) (actual time=0.462..1123.317 rows=473031 loops=1)
Gather  (cost=1000.00..105967.92 rows=11472 width=3) (actual time=0.740..341.955 rows=23047 loops=1)
Gather  (cost=1000.00..105967.92 rows=11472 width=3) (actual time=0.565..341.677 rows=4942 loops=1)
Gather  (cost=1000.00..105967.92 rows=11472 width=3) (actual time=0.625..340.693 rows=14875 loops=1)
Seq Scan on area_v_con  (cost=0.00..152138.54 rows=489031 width=4) (actual time=0.460..1123.939 rows=473031 loops=1)
Gather  (cost=1000.00..105967.92 rows=11472 width=3) (actual time=1.045..349.144 rows=4864 loops=1)
Seq Scan on area_v_con  (cost=0.00..152138.54 rows=923505 width=4) (actual time=0.372..1155.477 rows=926646 loops=1)
Gather  (cost=1000.00..149262.02 rows=444413 width=4) (actual time=0.691..486.092 rows=443206 loops=1)
Seq Scan on area_v_con  (cost=0.00..152138.54 rows=490357 width=4) (actual time=0.448..1125.075 rows=495041 loops=1)
Gather  (cost=1000.00..105967.92 rows=11472 width=3) (actual time=0.666..344.058 rows=4775 loops=1)
Gather  (cost=1000.00..105967.92 rows=11472 width=3) (actual time=0.619..340.786 rows=8192 loops=1)
Gather  (cost=1000.00..109105.82 rows=42851 width=3) (actual time=0.574..345.969 rows=41350 loops=1)
Gather  (cost=1000.00..105967.92 rows=11472 width=3) (actual time=0.571..341.165 rows=19619 loops=1)
Gather  (cost=1000.00..105967.92 rows=11472 width=3) (actual time=0.574..348.053 rows=19619 loops=1)
Gather  (cost=1000.00..147009.12 rows=421884 width=4) (actual time=0.568..484.376 rows=434439 loops=1)
Gather  (cost=1000.00..148489.02 rows=436683 width=4) (actual time=0.643..481.246 rows=425955 loops=1)
Seq Scan on area_v_con  (cost=0.00..152138.54 rows=1422256 width=4) (actual time=0.376..1171.260 rows=1419652 loops=1)
Seq Scan on area_v_con  (cost=0.00..152138.54 rows=504714 width=4) (actual time=0.352..1121.379 rows=516862 loops=1)
Seq Scan on area_v_con  (cost=0.00..152138.54 rows=490357 width=4) (actual time=0.373..1124.556 rows=495041 loops=1)
Seq Scan on area_v_con  (cost=0.00..152138.54 rows=1422256 width=4) (actual time=0.408..1177.334 rows=1419652 loops=1)
Gather  (cost=1000.00..148489.02 rows=436683 width=4) (actual time=0.654..491.811 rows=425955 loops=1)
Gather  (cost=1000.00..105967.92 rows=11472 width=3) (actual time=0.648..346.806 rows=4920 loops=1)
Gather  (cost=1000.00..105967.92 rows=11472 width=3) (actual time=0.598..351.391 rows=11597 loops=1)
Gather  (cost=1000.00..149262.02 rows=444413 width=4) (actual time=0.561..484.651 rows=443206 loops=1)
Seq Scan on area_v_con  (cost=0.00..152138.54 rows=504714 width=4) (actual time=0.357..1136.550 rows=516862 loops=1)
Gather  (cost=1000.00..105967.92 rows=11472 width=3) (actual time=0.755..341.128 rows=6618 loops=1)
Gather  (cost=1000.00..107228.32 rows=24076 width=3) (actual time=0.666..357.568 rows=23047 loops=1)
Gather  (cost=1000.00..105967.92 rows=11472 width=3) (actual time=0.696..351.204 rows=23047 loops=1)
Gather  (cost=1000.00..105967.92 rows=11472 width=3) (actual time=0.589..347.439 rows=14709 loops=1)
Gather  (cost=1000.00..110431.12 rows=56104 width=3) (actual time=0.546..354.060 rows=59423 loops=1)
Gather  (cost=1000.00..147009.12 rows=421884 width=4) (actual time=0.552..484.671 rows=434439 loops=1)
Gather  (cost=1000.00..105967.92 rows=11472 width=3) (actual time=0.762..338.741 rows=6637 loops=1)
Gather  (cost=1000.00..105967.92 rows=11472 width=3) (actual time=0.655..347.137 rows=6626 loops=1)
Seq Scan on area_v_con  (cost=0.00..152138.54 rows=923505 width=4) (actual time=0.404..1144.775 rows=926646 loops=1)
Seq Scan on area_v_con  (cost=0.00..152138.54 rows=1422256 width=4) (actual time=0.363..1173.758 rows=1419652 loops=1)
Seq Scan on area_v_con  (cost=0.00..152138.54 rows=923505 width=4) (actual time=0.362..1147.220 rows=926646 loops=1)
Seq Scan on area_v_con  (cost=0.00..152138.54 rows=1422256 width=4) (actual time=0.360..1176.729 rows=1419652 loops=1)
Gather  (cost=1000.00..105967.92 rows=11472 width=3) (actual time=0.783..345.425 rows=8192 loops=1)
Gather  (cost=1000.00..149262.02 rows=444413 width=4) (actual time=0.581..478.587 rows=443206 loops=1)
Gather  (cost=1000.00..107228.32 rows=24076 width=3) (actual time=0.721..347.061 rows=23047 loops=1)
Gather  (cost=1000.00..105967.92 rows=11472 width=3) (actual time=0.724..349.712 rows=6527 loops=1)
Seq Scan on area_v_con  (cost=0.00..152138.54 rows=489031 width=4) (actual time=0.463..1122.134 rows=473031 loops=1)
Seq Scan on area_v_con  (cost=0.00..152138.54 rows=1422256 width=4) (actual time=0.370..1177.282 rows=1419652 loops=1)
Gather  (cost=1000.00..105967.92 rows=11472 width=3) (actual time=0.972..345.032 rows=9962 loops=1)
Gather  (cost=1000.00..105967.92 rows=11472 width=3) (actual time=0.675..349.944 rows=13307 loops=1)
Gather  (cost=1000.00..110917.02 rows=60963 width=3) (actual time=0.560..349.493 rows=59423 loops=1)
Seq Scan on area_v_con  (cost=0.00..152138.54 rows=923505 width=4) (actual time=0.363..1147.268 rows=926646 loops=1)
Gather  (cost=1000.00..149262.02 rows=444413 width=4) (actual time=0.573..478.175 rows=443206 loops=1)
Gather  (cost=1000.00..105967.92 rows=11472 width=3) (actual time=0.642..344.776 rows=4920 loops=1)
Gather  (cost=1000.00..149262.02 rows=444413 width=4) (actual time=0.578..495.401 rows=443206 loops=1)
Seq Scan on area_v_con  (cost=0.00..152138.54 rows=923505 width=4) (actual time=0.377..1145.834 rows=926646 loops=1)
Gather  (cost=1000.00..105967.92 rows=11472 width=3) (actual time=0.845..338.071 rows=9962 loops=1)
Gather  (cost=1000.00..105967.92 rows=11472 width=3) (actual time=0.747..341.818 rows=13300 loops=1)
Seq Scan on area_v_con  (cost=0.00..152138.54 rows=923505 width=4) (actual time=0.374..1149.293 rows=926646 loops=1)
Gather  (cost=1000.00..105967.92 rows=11472 width=3) (actual time=0.559..340.458 rows=1652 loops=1)
Gather  (cost=1000.00..105967.92 rows=11472 width=3) (actual time=0.733..337.538 rows=6637 loops=1)
Gather  (cost=1000.00..149262.02 rows=444413 width=4) (actual time=0.584..481.788 rows=443206 loops=1)
Seq Scan on area_v_con  (cost=0.00..152138.54 rows=923505 width=4) (actual time=0.371..1148.746 rows=926646 loops=1)
Seq Scan on area_v_con  (cost=0.00..152138.54 rows=923505 width=4) (actual time=0.428..1144.882 rows=926646 loops=1)
Gather  (cost=1000.00..110740.32 rows=59196 width=3) (actual time=0.630..363.998 rows=59423 loops=1)
Gather  (cost=1000.00..105967.92 rows=11472 width=3) (actual time=2.183..339.932 rows=1661 loops=1)
Gather  (cost=1000.00..105967.92 rows=11472 width=3) (actual time=0.629..340.251 rows=14875 loops=1)
Seq Scan on area_v_con  (cost=0.00..152138.54 rows=602344 width=4) (actual time=0.373..1129.753 rows=595837 loops=1)
Seq Scan on area_v_con  (cost=0.00..152138.54 rows=477987 width=4) (actual time=0.438..1125.450 rows=470990 loops=1)
Seq Scan on area_v_con  (cost=0.00..152138.54 rows=602344 width=4) (actual time=0.365..1128.149 rows=595837 loops=1)
Gather  (cost=1000.00..110939.12 rows=61184 width=3) (actual time=0.575..358.551 rows=59423 loops=1)
Gather  (cost=1000.00..105967.92 rows=11472 width=3) (actual time=0.558..350.026 rows=14699 loops=1)
Gather  (cost=1000.00..105967.92 rows=11472 width=3) (actual time=0.664..337.554 rows=6626 loops=1)
Gather  (cost=1000.00..110917.02 rows=60963 width=3) (actual time=0.544..364.478 rows=59423 loops=1)
Gather  (cost=1000.00..147009.12 rows=421884 width=4) (actual time=0.562..480.616 rows=434439 loops=1)
Gather  (cost=1000.00..111248.32 rows=64276 width=3) (actual time=0.557..357.121 rows=59423 loops=1)
Seq Scan on area_v_con  (cost=0.00..152138.54 rows=923505 width=4) (actual time=0.416..1144.582 rows=926646 loops=1)
Gather  (cost=1000.00..148489.02 rows=436683 width=4) (actual time=0.692..483.838 rows=425955 loops=1)
Seq Scan on area_v_con  (cost=0.00..152138.54 rows=477987 width=4) (actual time=0.449..1119.511 rows=470990 loops=1)
Seq Scan on area_v_con  (cost=0.00..152138.54 rows=504714 width=4) (actual time=0.361..1123.545 rows=516862 loops=1)
Gather  (cost=1000.00..108111.82 rows=32911 width=3) (actual time=0.687..347.482 rows=31459 loops=1)
Gather  (cost=1000.00..105967.92 rows=11472 width=3) (actual time=0.577..338.679 rows=8243 loops=1)
Seq Scan on area_v_con  (cost=0.00..152138.54 rows=923505 width=4) (actual time=0.375..1154.391 rows=926646 loops=1)
Gather  (cost=1000.00..105967.92 rows=11472 width=3) (actual time=1.003..339.331 rows=3312 loops=1)
Gather  (cost=1000.00..105967.92 rows=11472 width=3) (actual time=0.619..340.356 rows=18152 loops=1)
Gather  (cost=1000.00..148489.02 rows=436683 width=4) (actual time=0.637..483.915 rows=425955 loops=1)
Seq Scan on area_v_con  (cost=0.00..152138.54 rows=504714 width=4) (actual time=0.359..1123.924 rows=516862 loops=1)
Gather  (cost=1000.00..109591.72 rows=47710 width=3) (actual time=0.584..345.874 rows=41350 loops=1)
Gather  (cost=1000.00..146147.62 rows=413269 width=4) (actual time=0.586..485.018 rows=424881 loops=1)
Seq Scan on area_v_con  (cost=0.00..152138.54 rows=602344 width=4) (actual time=0.420..1130.211 rows=595837 loops=1)
Gather  (cost=1000.00..105967.92 rows=11472 width=3) (actual time=0.573..345.254 rows=23173 loops=1)
Seq Scan on area_v_con  (cost=0.00..152138.54 rows=1422256 width=4) (actual time=0.374..1171.622 rows=1419652 loops=1)
Seq Scan on area_v_con  (cost=0.00..152138.54 rows=504714 width=4) (actual time=0.391..1121.164 rows=516862 loops=1)
Seq Scan on area_v_con  (cost=0.00..152138.54 rows=490357 width=4) (actual time=0.432..1124.835 rows=495041 loops=1)
Gather  (cost=1000.00..107316.72 rows=24960 width=3) (actual time=0.682..354.321 rows=23240 loops=1)
Gather  (cost=1000.00..105967.92 rows=11472 width=3) (actual time=0.582..344.817 rows=14709 loops=1)
Gather  (cost=1000.00..107250.42 rows=24297 width=3) (actual time=0.570..345.057 rows=23173 loops=1)
Gather  (cost=1000.00..105967.92 rows=11472 width=3) (actual time=0.675..344.705 rows=13307 loops=1)
Gather  (cost=1000.00..105967.92 rows=11472 width=3) (actual time=0.650..341.635 rows=23240 loops=1)
Gather  (cost=1000.00..105967.92 rows=11472 width=3) (actual time=0.615..337.539 rows=6538 loops=1)
Gather  (cost=1000.00..107228.32 rows=24076 width=3) (actual time=0.676..342.826 rows=23047 loops=1)
Seq Scan on area_v_con  (cost=0.00..152138.54 rows=923505 width=4) (actual time=0.369..1147.497 rows=926646 loops=1)
Gather  (cost=1000.00..147009.12 rows=421884 width=4) (actual time=0.585..486.437 rows=434439 loops=1)
Seq Scan on area_v_con  (cost=0.00..152138.54 rows=923505 width=4) (actual time=0.372..1148.821 rows=926646 loops=1)
Gather  (cost=1000.00..146147.62 rows=413269 width=4) (actual time=0.723..482.441 rows=424881 loops=1)
Gather  (cost=1000.00..111027.52 rows=62068 width=3) (actual time=0.561..353.559 rows=59423 loops=1)
Gather  (cost=1000.00..148489.02 rows=436683 width=4) (actual time=0.633..483.488 rows=425955 loops=1)
Gather  (cost=1000.00..108178.12 rows=33574 width=3) (actual time=0.560..347.602 rows=31459 loops=1)
Gather  (cost=1000.00..105967.92 rows=11472 width=3) (actual time=0.558..344.663 rows=8059 loops=1)
Gather  (cost=1000.00..105967.92 rows=11472 width=3) (actual time=0.675..337.946 rows=3444 loops=1)
Gather  (cost=1000.00..105967.92 rows=11472 width=3) (actual time=2.146..344.067 rows=1661 loops=1)
Gather  (cost=1000.00..146147.62 rows=413269 width=4) (actual time=0.595..499.451 rows=424881 loops=1)
Seq Scan on area_v_con  (cost=0.00..152138.54 rows=1422256 width=4) (actual time=0.371..1173.012 rows=1419652 loops=1)
Gather  (cost=1000.00..105967.92 rows=11472 width=3) (actual time=0.828..341.497 rows=9962 loops=1)
Gather  (cost=1000.00..105967.92 rows=11472 width=3) (actual time=0.590..338.617 rows=9970 loops=1)
Seq Scan on area_v_con  (cost=0.00..152138.54 rows=504714 width=4) (actual time=0.364..1122.154 rows=516862 loops=1)
Seq Scan on area_v_con  (cost=0.00..152138.54 rows=1422256 width=4) (actual time=0.387..1168.439 rows=1419652 loops=1)
Seq Scan on area_v_con  (cost=0.00..152138.54 rows=602344 width=4) (actual time=0.389..1140.555 rows=595837 loops=1)
Seq Scan on area_v_con  (cost=0.00..152138.54 rows=923505 width=4) (actual time=0.444..1146.113 rows=926646 loops=1)
Gather  (cost=1000.00..105967.92 rows=11472 width=3) (actual time=0.741..340.836 rows=13151 loops=1)
Seq Scan on area_v_con  (cost=0.00..152138.54 rows=1422256 width=4) (actual time=0.371..1175.090 rows=1419652 loops=1)
Gather  (cost=1000.00..105967.92 rows=11472 width=3) (actual time=0.656..344.216 rows=18152 loops=1)
Gather  (cost=1000.00..105967.92 rows=11472 width=3) (actual time=0.674..340.465 rows=13307 loops=1)
Gather  (cost=1000.00..107891.02 rows=30703 width=3) (actual time=0.559..348.988 rows=31459 loops=1)
Gather  (cost=1000.00..146147.62 rows=413269 width=4) (actual time=0.593..490.577 rows=424881 loops=1)
Seq Scan on area_v_con  (cost=0.00..152138.54 rows=489031 width=4) (actual time=0.465..1123.330 rows=473031 loops=1)
Gather  (cost=1000.00..109282.52 rows=44618 width=3) (actual time=0.628..353.848 rows=41350 loops=1)
Seq Scan on area_v_con  (cost=0.00..152138.54 rows=1422256 width=4) (actual time=0.382..1183.026 rows=1419652 loops=1)
Gather  (cost=1000.00..109370.92 rows=45502 width=3) (actual time=0.595..353.100 rows=41350 loops=1)
Seq Scan on area_v_con  (cost=0.00..152138.54 rows=1422256 width=4) (actual time=0.383..1170.779 rows=1419652 loops=1)
Gather  (cost=1000.00..105967.92 rows=11472 width=3) (actual time=0.675..346.779 rows=18152 loops=1)
Gather  (cost=1000.00..109105.82 rows=42851 width=3) (actual time=0.569..350.249 rows=41350 loops=1)
Seq Scan on area_v_con  (cost=0.00..152138.54 rows=477987 width=4) (actual time=0.468..1149.730 rows=470990 loops=1)
Gather  (cost=1000.00..105967.92 rows=11472 width=3) (actual time=2.445..346.467 rows=1710 loops=1)
Seq Scan on area_v_con  (cost=0.00..152138.54 rows=923505 width=4) (actual time=0.378..1156.773 rows=926646 loops=1)
Seq Scan on area_v_con  (cost=0.00..152138.54 rows=1422256 width=4) (actual time=0.358..1177.922 rows=1419652 loops=1)
Gather  (cost=1000.00..147009.12 rows=421884 width=4) (actual time=0.584..479.147 rows=434439 loops=1)
Gather  (cost=1000.00..107891.02 rows=30703 width=3) (actual time=0.546..366.210 rows=31459 loops=1)
Gather  (cost=1000.00..105967.92 rows=11472 width=3) (actual time=0.781..343.651 rows=13307 loops=1)
Gather  (cost=1000.00..110939.12 rows=61184 width=3) (actual time=0.558..351.885 rows=59423 loops=1)
Seq Scan on area_v_con  (cost=0.00..152138.54 rows=923505 width=4) (actual time=0.458..1149.806 rows=926646 loops=1)
Seq Scan on area_v_con  (cost=0.00..152138.54 rows=602344 width=4) (actual time=0.357..1129.729 rows=595837 loops=1)
Gather  (cost=1000.00..105967.92 rows=11472 width=3) (actual time=0.988..343.515 rows=3312 loops=1)
Gather  (cost=1000.00..105967.92 rows=11472 width=3) (actual time=0.575..342.725 rows=23173 loops=1)
Gather  (cost=1000.00..105967.92 rows=11472 width=3) (actual time=0.724..342.550 rows=6637 loops=1)
Seq Scan on area_v_con  (cost=0.00..152138.54 rows=923505 width=4) (actual time=0.379..1157.986 rows=926646 loops=1)
Gather  (cost=1000.00..147009.12 rows=421884 width=4) (actual time=0.567..485.390 rows=434439 loops=1)
Seq Scan on area_v_con  (cost=0.00..152138.54 rows=602344 width=4) (actual time=0.375..1137.905 rows=595837 loops=1)
Gather  (cost=1000.00..105967.92 rows=11472 width=3) (actual time=0.614..339.175 rows=8059 loops=1)
Gather  (cost=1000.00..146147.62 rows=413269 width=4) (actual time=0.737..489.608 rows=424881 loops=1)
Seq Scan on area_v_con  (cost=0.00..152138.54 rows=1422256 width=4) (actual time=0.385..1179.071 rows=1419652 loops=1)
Gather  (cost=1000.00..110917.02 rows=60963 width=3) (actual time=0.578..357.185 rows=59423 loops=1)
Gather  (cost=1000.00..105967.92 rows=11472 width=3) (actual time=0.624..366.488 rows=18152 loops=1)
Gather  (cost=1000.00..110740.32 rows=59196 width=3) (actual time=0.553..351.531 rows=59423 loops=1)
Seq Scan on area_v_con  (cost=0.00..152138.54 rows=490357 width=4) (actual time=0.405..1145.769 rows=495041 loops=1)
Gather  (cost=1000.00..148489.02 rows=436683 width=4) (actual time=0.947..489.837 rows=425955 loops=1)
Seq Scan on area_v_con  (cost=0.00..152138.54 rows=504714 width=4) (actual time=0.456..1135.564 rows=516862 loops=1)
Gather  (cost=1000.00..110894.92 rows=60742 width=3) (actual time=0.682..356.604 rows=59423 loops=1)
Gather  (cost=1000.00..107228.32 rows=24076 width=3) (actual time=0.675..351.010 rows=23047 loops=1)
Gather  (cost=1000.00..105967.92 rows=11472 width=3) (actual time=0.835..352.183 rows=4958 loops=1)
Seq Scan on area_v_con  (cost=0.00..152138.54 rows=602344 width=4) (actual time=0.366..1140.727 rows=595837 loops=1)
Seq Scan on area_v_con  (cost=0.00..152138.54 rows=1422256 width=4) (actual time=0.365..1186.315 rows=1419652 loops=1)
Seq Scan on area_v_con  (cost=0.00..152138.54 rows=1422256 width=4) (actual time=0.364..1185.516 rows=1419652 loops=1)
Seq Scan on area_v_con  (cost=0.00..152138.54 rows=489031 width=4) (actual time=0.452..1123.654 rows=473031 loops=1)
